<?xml version="1.0" encoding="UTF-8"?>
<!-- Generated by org.testng.reporters.JUnitReportReporter -->
<testsuite skipped="0" hostname="InesHPLaptop" name="testcases.ManageBookTest" tests="1" failures="0" timestamp="2022-04-09T00:16:16 EDT" time="8.149" errors="0">
  <testcase name="viewBookInfo_107" time="8.149" classname="testcases.ManageBookTest"/>
  <system-out/>
</testsuite> <!-- testcases.ManageBookTest -->
