<?xml version="1.0" encoding="UTF-8"?>
<!-- Generated by org.testng.reporters.JUnitReportReporter -->
<testsuite skipped="0" hostname="InesHPLaptop" name="testcases.ManageBook" tests="2" failures="0" timestamp="2022-04-08T23:30:44 EDT" time="15.802" errors="0">
  <testcase name="addBookToCollection_108" time="6.717" classname="testcases.ManageBook"/>
  <system-out/>
  <testcase name="viewBookInfo_107" time="9.085" classname="testcases.ManageBook"/>
  <system-out/>
</testsuite> <!-- testcases.ManageBook -->
