<?xml version="1.0" encoding="UTF-8"?>
<!-- Generated by org.testng.reporters.JUnitReportReporter -->
<testsuite skipped="0" hostname="InesHPLaptop" name="testcases.LoginTest" tests="3" failures="0" timestamp="2022-04-09T00:16:16 EDT" time="23.286" errors="0">
  <testcase name="logoutSuccessful_104" time="7.553" classname="testcases.LoginTest"/>
  <system-out/>
  <testcase name="loginUnsuccessful_102" time="8.325" classname="testcases.LoginTest"/>
  <system-out/>
  <testcase name="loginSuccessful_103" time="7.408" classname="testcases.LoginTest"/>
  <system-out/>
</testsuite> <!-- testcases.LoginTest -->
