<?xml version="1.0" encoding="UTF-8"?>
<!-- Generated by org.testng.reporters.JUnitReportReporter -->
<testsuite skipped="0" hostname="InesHPLaptop" name="testcases.MainBookstoreTest" tests="2" failures="0" timestamp="2022-04-09T00:27:59 EDT" time="16.604" errors="1">
  <testcase name="viewBookstorePageElements_105" time="8.380" classname="testcases.MainBookstoreTest">
    <error type="junit.framework.AssertionFailedError" message="expected:&lt;[Image
Title
Author
Publisher]&gt; but was:&lt;[Image, Title, Author, Publisher]&gt;">
      <![CDATA[junit.framework.AssertionFailedError: expected:<[Image
Title
Author
Publisher]> but was:<[Image, Title, Author, Publisher]>
at junit.framework.Assert.fail(Assert.java:47)
at junit.framework.Assert.failNotEquals(Assert.java:282)
at junit.framework.Assert.assertEquals(Assert.java:64)
at junit.framework.Assert.assertEquals(Assert.java:71)
at testcases.MainBookstoreTest.viewBookstorePageElements_105(MainBookstoreTest.java:51)
at sun.reflect.NativeMethodAccessorImpl.invoke0(Native Method)
at sun.reflect.NativeMethodAccessorImpl.invoke(NativeMethodAccessorImpl.java:62)
at sun.reflect.DelegatingMethodAccessorImpl.invoke(DelegatingMethodAccessorImpl.java:43)
at java.lang.reflect.Method.invoke(Method.java:498)
at org.testng.internal.MethodInvocationHelper.invokeMethod(MethodInvocationHelper.java:133)
at org.testng.internal.TestInvoker.invokeMethod(TestInvoker.java:598)
at org.testng.internal.TestInvoker.invokeTestMethod(TestInvoker.java:173)
at org.testng.internal.MethodRunner.runInSequence(MethodRunner.java:46)
at org.testng.internal.TestInvoker$MethodInvocationAgent.invoke(TestInvoker.java:824)
at org.testng.internal.TestInvoker.invokeTestMethods(TestInvoker.java:146)
at org.testng.internal.TestMethodWorker.invokeTestMethods(TestMethodWorker.java:146)
at org.testng.internal.TestMethodWorker.run(TestMethodWorker.java:128)
at java.util.ArrayList.forEach(ArrayList.java:1259)
at org.testng.TestRunner.privateRun(TestRunner.java:794)
at org.testng.TestRunner.run(TestRunner.java:596)
at org.testng.SuiteRunner.runTest(SuiteRunner.java:377)
at org.testng.SuiteRunner.runSequentially(SuiteRunner.java:371)
at org.testng.SuiteRunner.privateRun(SuiteRunner.java:332)
at org.testng.SuiteRunner.run(SuiteRunner.java:276)
at org.testng.SuiteRunnerWorker.runSuite(SuiteRunnerWorker.java:53)
at org.testng.SuiteRunnerWorker.run(SuiteRunnerWorker.java:96)
at org.testng.TestNG.runSuitesSequentially(TestNG.java:1212)
at org.testng.TestNG.runSuitesLocally(TestNG.java:1134)
at org.testng.TestNG.runSuites(TestNG.java:1063)
at org.testng.TestNG.run(TestNG.java:1031)
at org.apache.maven.surefire.testng.TestNGExecutor.run(TestNGExecutor.java:284)
at org.apache.maven.surefire.testng.TestNGXmlTestSuite.execute(TestNGXmlTestSuite.java:75)
at org.apache.maven.surefire.testng.TestNGProvider.invoke(TestNGProvider.java:119)
at org.apache.maven.surefire.booter.ForkedBooter.runSuitesInProcess(ForkedBooter.java:428)
at org.apache.maven.surefire.booter.ForkedBooter.execute(ForkedBooter.java:162)
at org.apache.maven.surefire.booter.ForkedBooter.run(ForkedBooter.java:562)
at org.apache.maven.surefire.booter.ForkedBooter.main(ForkedBooter.java:548)
]]>
    </error>
  </testcase> <!-- viewBookstorePageElements_105 -->
  <system-out>
    <![CDATA[<img src="data:image/png;base64,iVBORw0KGgoAAAANSUhEUgAAB4AAAANuCAYAAAD3oxQnAAAAAXNSR0IArs4c6QAAIABJREFUeJzsvduTXdV5t/u8Y8x16FbriJCMJBACCSQBDsbGQBw7qS+f92enapedqlSqYl/mIn9UbpLc5HQTE29vx3Ziyt5gYwwI0BkdkNARHVrq81prjvHuizHnXHPNXi21QAKB38fVqHuteRhjzLlUbj3z976iqophGIZhGIZhGIZhGIZhGIZhGIZhGIbxqTIzM3PXj+nu+hENwzAMwzAMwzAMwzAMwzAMwzAMwzCMzwQTwIZhGIZhGIZhGIZhGIZhGIZhGIZhGF8QTAAbhmEYhmEYhmEYhmEYhmEYhmEYhmF8QTABbBiGYRiGYRiGYRiGYRiGYRiGYRiG8QXBBLBhGIZhGIZhGIZhGIZhGIZhGIZhGMYXBBPAhmEYhmEYhmEYhmEYhmEYhmEYhmEYXxBMABuGYRiGYRiGYRiGYRiGYRiGYRiGYXxBMAFsGIZhGIZhGIZhGIZhGIZhGIZhGIbxBcEEsGEYhmEYhmEYhmEYhmEYhmEYhmEYxn3Myy+/vOptTQAbhmEYhmEYhmEYhmEYhmEYhmEYhmHcp5Tyd7US2ASwYRiGYRiGYRiGYRiGYRiGYRiGYRjGfUhT+q5GApsANgzDMAzDMAzDMAzDMAzDMAzDMAzDuM9YSfbeTgKbADYMwzAMwzAMwzAMwzAMwzAMwzAMw7iPuJ3kvdX7oqp6twdkGIZhGIZhGIZhGIZhGIZhGIZhGIZh3JqZmZm7fkxLABuGYRiGYRiGYRiGYRiGYRiGYRiGYXxBMAFsGIZhGIZhGIZhGIZhGIZhGIZhGIbxBcEEsGEYhmEYhmEYhmEYhmEYhmEYhmEYxheE7LMegGEYhmEYhmEYhmEYn29UddXbisg9HIlhGIZhGIZhGIZhAtgwDMMwDMMwPlVi42d32/cioIzKFc/9LlCac7mzPevzFeQuly5a+Wh1iZUk1e3mMTxWc9/mPIbXbPl1Dnc034+ztqtdwTj26O4Wx1hJ/H1eJF99vuX1crUpfZbzaK6tiIzcK3B3Ph/lee5krncifOv7iMjYed3JOevHaB7v83LfGYZhGIZhGIZh3EusBLRhGIZhGIZhGPeQOObr80YEcj7u+Ferye5cpxnG3SHGj/e5VNU7FsHl9h9n33HHWelnwzAMwzAMwzCMP2QsAWwYhmEYhmEYn0s+DyJ1pTFG7p9nUZtjHKYHk1BSECWiQEDwK4w85X2bxykTpbpsr/oaxNr2IKu+tvfTOt6vjFuj+3vd7sXoxsnWelL2TlOz5fHyPOfs2bO89tprnD9/nn6/X73nnKvSueXPnU6H7du389RTT/HUU0/RarU+9pzKMZfy2pK/hmEYhmEYhmF83jlw4MAnPsazzz4LmAA2DMMwDMMwjPuEOxG6Q2H4+aJeLrk+/jiyTXpLa6/cPSqpu+y8JYVUGlleN+b7Ox1VJFArLSxKLIRy+X5Nx932WPcOt8Lx719hOo5Y/HdYRN01XltOs8z6Z0lV5rm4FdxdGlopSZsy2DlXidrVitSFhQXOnDnDf/zHf/DOO+8wPT1Nnudjy0mXr7XbbTZs2MDp06fp9Xp89atfJcuyW+4zjo9bQtowDMMwDMMwDOMPBRPAhmEYhmEYhvG54vOQ/G0yTqBq47Xluce73/u3zsrp5CSThKApj4ukdK+vZO0KSP2Y0vhz3Db1cWhtZT5rmbWSBP5kfLq9gmPtv6PfDX++/d11v4jF+jiaMlhXOcRm4vfj9P2t7z83N8eBAwf48Y9/zGAwIMuyWwpcVWV+fp4rV65w8+ZNOp0Ozz77LN77ZWNaDaWsbo7/k8zLMAzDMAzDMAzji4IJYMMwDMMwDMP4VLkTpVmXVvdPOvFWjAqcJGCk7PlZS/ZGAYmlqKkncl1NcKVMZhI5d0sFayPdO36bprh16lAU/wmkUkpYClIzeEPtG4bn+thnGCXe4qfxOFx1/s9X4hduN0OHFmtcrrRU76Q9071bZIaluc39y2rHtlLP3FKU3qmAnZub49y5c6gqWZbhXD3hr3jvl50jxohzjqWlJT744APyPKfdbt+xrB0nsMufY4xjxbBhGIZhGIZhGMYfEvfz77GGYRiGYRiGYXzhiKgGVAORJO2WC9mIKBA1fd3Ns6/SCTXPmoSSQjXqO0NIyU0ZOfC4ZLTxSUlFvocauym160XAP5+J+k+GiOCcq3r0iggxxqqX7mrJ85z5+XlCCNVxsyyr+vo2JWy/38c5VyV++/1+td2djr/+Z1m6ul7C2uSvYRiGYRiGYRh/6FgC2DAMwzAMwzDuOaVYGSf5ViNd6v1hP0+isDnWRibVpZ89QpSyJG/xWiFLV1vedrUIsuper64UTcXq+0YqeLRz8crnSwzPKbHocyzDPYWIFiWmhznUT5tYK4zslr1ex9XeX41sWymteW8p7icdzihKLaXKaM47ja0Y58hW5d6fFnFMEfDa/VO8WSVekZHrsRL11GwIoRKld9r7t560HQwGVfJXVavjNtPAMUZarVb1fQihSgPfCXXR29y3FNkmfw3DMAzDMAzDMEwAG4ZhGIZhGMbnjNX1Lr0/SUKuLtrSfKR4J1bJzeCGAvZuk6TsrUVwErJpzIJHVFGGcmmsttdRuahCdQ6hEIxSU4rq7rrgvhX1+cpn1Ge4Ln7vlahrlnZGA+CqN1bozvyZ8HH61VZdoxvzWe25xp37TiR++X2/32dubq6Su865SvCW35fHr//pnCOEwMzMDHNzc2RZtqx/8O0Yt+2n81CBYRiGYRiGYRjG54PP678cGYZhGIZhGMYXmnrSbTn3b9naUibVv4DaXIa/gjiNtX6/iYASClUZpfi6V2NdhTpLIriMIg+LCUOzlPCtKecDjFzX0SPee2IMn7ooW+l8K9/fnxy37K5JPztN1/2zEuAlt5u7a3yN4+PMo0z8igizs7NcvHiR69ev3/Y6NOXvzZs3OXfuHBcvXqzSuM1Ebj2p65wb6c0bY2R6epq33nqLmZmZamzNvzfGjb/X63Hp0iWOHj3KxYsXWVpauuMUs2EYhmEYhmEYxhcdSwAbhmEYhmEYxmdAU09JJViKLOyIx1DAE6p8bF08ulKXknK1o6V7PyuEWspXhFiINzQiziWxqmmuSd4ATqo5lEVwywLJoXbs1ZZwHj+u+ncpfdw8nuDQYu3KMsFRwGm5raASiu9cEsE6nG8py6qMs6Ty0RI1rYWQ0sIyetZIxAGCH5nv3SJoUWZaGdYRTiMsRpDmp4AbEYICokS0yE6nexGSwI+1UtbjH1cYvupF0KiIUySWwk64GxrcMVz7UDRbdsUFVFUoBGH9emt1petHGX3lbl6P6tyN9K7TdAatJcybn+Tl9+lwLrcqsd1M4OZ5zszMDAcPHuTs2bM8+OCDfPnLX2bz5s202+0VZXCMkTzP6fV6HDx4kNdee40zZ85UPX/LHsKlZC5TwHUxW5aJLsfxj//4j6xfv559+/bR7XarJPHImtXmtrS0xKlTp3j99dc5cuQITz/9NF/72tfYtWsX3W63ShffCfdKGn+ShxtMZBuGYRiGYRiG8UkRtTpJhmEYhmEYhnGPafYAXt5TVWrp2Lr8VU09NeOIhFI8MlJE+f4p7VOWPJZqlh5HqGRfrMSIT8YOiEiMSSq6TjqMSLVGzd67n0QAw+haKVLIzOXvjb6WosiqoeglG4pXM3wlayJIROPyLr4iAlEZxBzn2wRXSGNJ5/fl/oBbNuNPRn21ksRtisRIoajpDXq0fHpOWGLEZ8X3aCVyBc8gDMicDAWw+Op6RU13pNSuYSTgENo4gka8JAEMFMLv7tzBVX9aSWcO6DBlrg5xQgyRQMQ5X5TpHu2w3fxs3s2rUabGYwhkvjhyjHhXCOBbyHCtukM3hL0qTt3YxH3ztcFgwKVLl/iHf/gHXnvtNaanp+l0Ojz99NP83d/9Hfv37yfLhs+Jl8copfHZs2d54403+PWvf83777+Pqo4I4PJ8ZeK3LoXL90sxHELAOceWLVt4/vnneeGFF9i7dy/btm0bEaB1AfyLX/yC//iP/+DNN9+s3n/uuef43ve+x7e//e2PJU7vpQCur8nttq2PxQSwYRiGYRiGYfxhUVZGOnDgwCc+1rPPPgtYAtgwDMMwDMMwPgXuUG4VzT1jDIhLwigvvgJJEg3F2vDo4+TVp49U/3VDdYqKIAJSJF8FpaUgDPC41D5XHIojaJpnmuu4VGlTYa4eBxThULQoLx1rx3NQyNjhz+X6Zg68elRL+ZaPiPvkiGMhNBW0TEBGiB4QvGuhLhUo7kt5TctCvr46592krpKGGd76e7Uz+g7OJSnsnEfjsFSxuqHods5T3m1BMvqkuQBEqa8gxYMLnlbxvReHxoCvDexePMBQT2ADSFQ0KCIexNEDctVCwo+uU/1zVM7mbj457bzHkX4hz0bC4NrQzfVP9egnvXp+gvQgQVM4Vv2qi9f6/T4XLlzgn/7pn3jzzTeZmZkhhMD8/Dxvv/02//qv/8p3vvMdvvKVrzA1NQVAr9fjzJkzHDp0iGPHjnHq1CkuX77M9PQ0IYQqsVuKXmBZgrcuhZuEELh69Sq//vWvOXr0KI888giPP/44e/bs4cknn+TBBx+stvvJT37Cz372Mw4fPpxWqpDIBw8eJMsyOp0O3/zmN5f1Hy7lc/nzvaSZeC7nPC6ZfStCCLcth20YhmEYhmEYhnErTAAbhmEYhmEYxn1AKv2aZGL6bigKAkIPmF5ULtyYZdCeYpAliail3BrjFT7LWj8ikOlwXAFwAi5C2ykPdOBLXaGjAs4hePpFqedFgXlgJsBCP33dTmzfyVxLoRcYrh8Mx5pEdfqa6MCGDkx6mAAmBVqSUs2CIwYqHS+S+gUHVTy+JqFcLa3tGABLpDnOArMDmO9DLwcijPFkH3u+TkFcee40X1Eq+VqmYyc8rF8DXQeTQBeXfll0INooklwIqRCFKJ4rffhwrk9PWvRFCI17UlKlbbphwBqUhza2Wes8XWKRnr73gsspRCepB7Lz9BDmgUWEmwFuLkE+AIr1Sg8GFOMv1uxufJ5c8URDKwZa2mfzVJcHuo51AllZzhktHglIF64q+66RWFxMp+OT8ONkYSl/T5w4wY9//GNee+01ZmdnAeh0OsQYGQwG/P73v2dxcZHjx4+zefNmAK5evcq5c+c4e/YsFy5cqKSxiIzI37rYrMvges/huogFRkTtzZs3mZmZ4cKFCxw+fJiHH36YXbt2sXnzZpxzLC4u8pvf/IbTp0+zuLhY9RX23rO4uMiRI0d4+eWXAfjKV77C2rVrlwnwcXxacnVubo7Lly9z7tw5zp8/z9LSEp1Oh02bNrFlyxYee+wxpqamqvS1SV/DMAzDMAzDMD4pJoANwzAMwzAM4z5gKHNGpU4gEkkJyws3ZvnvA8fpTT3AXDZFKBKzFRJTb9kacht1qnfZM8RC6GQxCS0fIUcYiOJEacc+Gyc8T21ew6ad62ipIxbSuwfMKpyfGXBupsf5+cD1hZyZfiTcxV9dRF1K/0osevuSug4rVOV1o4IG1nVbPDjpeWiqxbY1HbatabGhDW2BNmn9nCoiw16yqpHoPFHLpCxoTEIvV2U+hxt55Mx8nw9uzvHRYuTmkjI/cEXv1NvPdbVJQqfpHkhpZ0dwRbFnHZ33upaydcMUD021eGgqY+sErPVFIrpMbgNOIyJUZa5z4NxMj/8+do4Z2iyJp+8zRB0OD1FxcUCGMtGf48G28s0v7yGbgu5qTPfHRJCUvJah5HaiDBwEVa7nwvmFPhcWcs7P5lyaz+ktDZAoqM+IMuxdLJKh8e5k6z05Lg5oDRZYE3v80WPbefpLG5joOERjuh41+VdfIZGUO5cVPrRNaVj24V1aWuLkyZP84he/4Ec/+lElcJ1LZaO993jvmZmZ4be//S3vvvsumzZtQlW5evUqvV6vSra2Wq2x5Znr92M9AdscV73EcSmHy3ECzM/PMz09zYULF3jrrbdot9tkWcb8/Dx5nlfit95juNVqMTMzw+uvv87S0hIxRv7oj/6omkNzPM01upeyNc9zLl++zJEjR3j33Xc5efIkJ0+eZG5ujsnJSbZu3crDDz/M1772NZ588kl27NjB+vXrR+S4YRiGYRiGYRjGx8EEsGEYhmEYhmHcc8bLo/G9bGMlJZyHEJTolQHC+Ztz/M/vD3Bzcgs3W2MEMMNyt6X0GpcMHhnDPXAf6gSJShYjmabZh6KscDcssX3DGrK9O/jqznW0nGcA9IFrOZycDrx+9BTvnrrEB9PzLEVPbHXQxq8u46TNqoVJITOji+CkSHeGtGZF71iiInmk45QsX2D7A+v58q5tPLdrO09sneTBLqwnI5NU4rnlUm67TNmWVyUUC5yLYyCwgHBmFg5/NMvbp87y6uFjzGmL6CbIXYfVFkPWuHo5JEUf6SBu5P6QUgATycKArlP279zGH+36Enu3b2b3BseXMpgoinm3YorHxhCIAuIcqvDh9Zv84s13uRTa9Ftt+q6dMr3q8ApZjLg4YCqfY+dUxhOP7WTzZJv1Reljv/LQPzYOimcpUmpWgR6eRfFcVThydYnfnTzHkXNXOHNlhvmQoU5weEL52IQTxEkh7+/g/lqRiBOlRaC1NMcDWY/JiQ47Nq5jS8dVJclvtx7poYXhfZLGtVxkhhAIIXD69GlefvllfvrTn7K0tMTExATee0III4ncLMtQVRYWFqr+U2XKtkz6OufI81Tsuyl260K3fM17XyWEm/2Iy23K98vXut0uWZYRQmBxcbFK8GZZVo3Xe0+e59Uxvff0+31+85vfsLCwwA9/+EP+5E/+hE6ns6wk9L2kKZynp6f5r//6L3784x9z+PBhJicn6XRSn/MbN25w7do1Dhw4wCuvvMK3vvUt/uIv/oIXXniBdru9bM0MwzAMwzAMwzDuBBPAhmEYhmEYhnEfEmPAOY94TySlYxfImJEWi911LLbXE8WNSL3RjsBDCbyq891Fx6CqaFS8go+gmhNQvARiLoTOFG5yij6pDPM88OEC/O70NP/PGwf4aCDMh4zemoeI3hNUio6nQ9wKUiTeRtKlNSmPlWRSdLFWSjvJKB+TZBughNBnZgDnT3zEb06e58U9O/g/zzzO0xuFKRGc9wx1vlbHdc6TF0nZnoObwPHr8P++dYTXP/yIq73I0uRD5K7DUj+iZPgsS7Wy7zKlnIs4kLJkb0Rijtc0b6cwe6XHe5eOsXPTOf73vu38389sRUhp51btWKDkquQq9HzG0sR6FqXLIhmLzoF6vAgaAq0YyVSRpZw5gX67TX+VsvNjzVUhhhxx6XoHgUDGPHABeOXoVX59+DTHri7RzybodTbTV5fuKe/IY0r/Rhyywofo40o5FwKiOWtcxgSLLHWH5dzHUf9E17cpk+vNsTRTtZcuXeLf/u3feO211+j1ekxMTFQCty5ngaqHMECr1SLGiPe+Oqb3nsFgMFZKjksfN39eKW3b7A9c9vYt59Bqtaoxl6nl+jHLfZ1zrF27liNHjvCjH/0IEeHP//zPl43pXgrV6nNWlNX+53/+Z371q19x+fJlNm3aVEn0uhxvt9vEGPnVr35FjJG1a9fy7LPPju2ZbBiGYRiGYRiGsVpMABuGYRiGYRjGZ8byf+DXIq0p4gmFUoxFb9yB7xC761jwXeazSfJCAFepVYpEr7oq+bsahXB3itvWzk8SsVksu7tGxCmtmONFWfJtetKiR5K/J2bh1aOX+OWxM5zud5nJJlhynuC6OJetKnnZlFK32qfp9KJEAopKrNYtU8jUA47QTsJtNi4wHRYIH16j5QW/exv7tk6QARrBO0dKYrrq2uEygsKNAO/fhH/51e959/oiZ+MEi94TswmCZNBO19x7yO9SueHh/IZiqvzZiaT7Jga8RhRHJCMLgTZtZmci/th5Wprzfz29nc0OOpR9qgURhwhEIn2XsdjqcDNkLLkOvaxTJHAd+CSAO0Bbl+i1IwMP6iFp1rvXAzjWjiTi0JiDcwQy5oCLAX78zhleOXGR0zcjN7KNDKSN+jK9mpLNtIrP322k5e1Ydg9KxBU9lUUcE1HpuTYDufVnsPle6g9clOKupOaozB0MBly4cIG///u/5+2332ZmZqb6jJRJ37IUdDnWpogtt6sL4maitz7Xpoj23o+sw7j0b/3PcWumqlXp5/o46seo9xmG1PP3vffeA6DX6/Htb3+76q1bP9+tegN/EkSEa9eu8eqrr/KrX/2KCxcuVGvnvR8R1+12u0pihxB45513mJycZM+ePaxZs8YksGEYhmEYhmEYHxsTwIZhGIZhGIbxKaOqhSgdIx/UgWjRwzRpRJVAjqdPYIAycI5cHFp8Jc1bpFkp6upKea5PZUoVKUkcQYQcqaUUFe88kYygnj4tloCFCG+cvsSvT57jxPQCi90N5NkkiqDqq7K4t6dRDPsWXic03ovV9XCVwB6oEoh4hFgkcgcuY1FbnF9Y5DenrtDJJuismWDvFEwW+tHjiQQg9T6OwFyA96dz/vPgKd64fJNroctSd5LgfbWN8wLqCHWL+QkpU90KRSljrQ4dFFCPIMTaAwSh5chjm5kw4Pj0HHLsAhPr1vPCtil2tiBDql8iy/UWSX1ziW1wLVJhaUBcKh4tkRBTwjmS39W0+ThUABGCOlSS/D3bg1eOnOU3x87zwYwy6zqErEuIjiABqUpal72cNX22VhirrCKlvaxMd/HZ8JpS8WUSu5LWpBLUzTveUeu1K756bdmYaoL18uXL/PSnP+X1119nfn6+kruliCwTtvUyw/X08Eol1m/1XpPYeJBh3L7laytJ4vI15xwhhGVzre9bytIsy1hYWODgwYOICPv372fbtm20Wq2RY98r+Qup9PPLL7/MpUuXRlLK9TWoJ51LYT49Pc3Bgwf57W9/y0svvcSaNWusBLRhGIZhGIZhGB8LE8CGYRiGYRiGcR+iRZI0xkAQJQA5Sg8liCvEoaA61EeQ0sJ1aRWWHfmeD5yUEBVUtKZlIw4hqhDJGLiMBeDcpXnePHOJQzcWU2nrrIu6diqDrEoedVm555X6365GLDZlsmO5EC7fiDESxaecqgiQEV2XGIX3Z2bJztxk49pJdu7fQLdR0jhqRMWzCHw03+Otc9f5+fFzXMnW02tN0nddolMCg2JODlRS/2B39wojRwEtBK84X/Q7HiaBIaVHlSJ57oWlPMN5x+VeoHejR/u9M2yZ2s+Dm4QpVzxuUB4nKrgMfIcYfCEoXXryQBzik3RUQuqH7FrFvtw10d2cL6THAWLxEMIN4P0bS/z07SN80Otys72J4Dr0aRE8BFXwoUjWFkKxFJDFfbiM1Yx9maV1iEa8RFRDJYTHblqeRrXWK9zdcltIAnIwGHD+/HleeeUVFhYWKrlYT84CI+K0fK+5TZ3yvXHJ4GYZ6ZWOUY6lKTXLNG4zkVxP645L/TYFdlliud1uMzs7y9GjRzl37hwPPPDAWAF8t+WqqjI3N8cHH3zAO++8Q7vdrtLHzfE216lcmxs3bvDf//3fPPnkk1W/ZsMwDMMwDMMwjDvFBLBhGIZhGIZhfIqo6rKevU5rMs4Jqqk3q/MerclA5zxZ5kBzHHF5MrZMcupo19DlbUzT+x83iVk/3u2OESXiSMIrzd0hvkOeTTANvHrsA05fm6OfdQitLpEWISgel0RhGBCztEZDWVLrF0oglcP1JKN265KpUpT5FZHqmCk/XduvsJPikwgVVUKIRHH4dpd+VLL2Wt6/OssbR5b43/u/woR4JoAWCniiRPo4ZoHj00scPP8RM7FFL5sg14wgGVFTiWKKe8L71IdW9RbaXmIlwEVuI4akeYfEMWvo0CJx7kSKXquOGB1LkjGjgXc+OMep3dvYvW4jrXa6/hmgIlDcr1EjUcty3YUAJq2bE0n3iRPUCVHLBxPukQUm3fmKow98tATHr85z6uaAucn19KTFIAq5i8XzCil9ncaeg7RSwldlxYcNVjPqZQ5U4kia15Uic1nK3QGStm28k4QwwOjB6xJ2aWmJ2dlZ8jwfSdjWxWOZzh1XDrlZUrkuius9bkdGXLxXLyPd7C/clJ3195rb1EtI53le9SNevsbD9GxZRrleNrk+3qZUru+/Gm6XUi5fO3PmDG+88cbIucv366Ws69TXfDAYcOzYMc6dO8fGjRuZmppatmbj9jcMwzAMwzAMw6hjAtgwDMMwDMMw7jlDIbuSMB2VtJLKO6uClGVhIeoACT28RIQcR1ZLryYh42vHcUVDWwGkJrKipC8fhyWPo4DT5cWWY9oZNEnY5vBbyDB1GctkqUM1FgIygoLzEAcBjUpQmA/wwQIcvTzLtb7Sb7XJkaKHMYRSUPlsZFyqisZQpWSlOI8Xl9LPrCyoXSEeJSreu5R6Va1S0967lFKOsSqXHELEuUKcAb2gZK5FrsKCd1zt9Tj84QJrtk2Seci0lD2eAcK1AAevzvLe+Wv0snXk2iKXWhFl8Tjv0NwV6xfLAsoj13W4AKlzbtr7NvW9C78aAUIkcxDIQR2+1UVjLATucF29CDFq0b+3xZJG5vEcOXeRvRsz1n1pLW1JSWetra9oGB2r1K5F7Rqo5niX3pbif/eKAAyA4xem+cXbx+hNbmbQWkPuWiAufcWIF0GjS+sqHUpR7slBVhB2qxi3Nq6PxLQePkImrUJPp/7R6conbqn1VUiNqodl35usWbOGHTt2sHv3bs6fPz9MfBfpWFjef7cuJss+weOSvGXZ4vSgAHS7XTZs2MDOnTvZu3cvjz32GA899BAbNmyg0+ngvaff7zM7O8v169f54IMPOHz4MCdOnODKlSsMBgP6/T7OuWX9buvnb77XlNLla6WYjjGyfv16nnnmGZ555pm7Vkp5XO/j+jr2ej1OnTrFW2+9Vb1eT1jX962L8nLbUgBfuHCB119/na1bt1YCuHm+e1nK2jAMwzAMwzCPxHVnAAAgAElEQVSMzz8mgA3DMAzDMAzjU8NRL8qcen5Kw6pGlEIiqqYSz4VwywhkQCvmdDUwEGVQ/l96iYWgrZWvJQlYiZqcUVVCVojqCIUpjVDIwjhGnsbCIwYcrjhODaWSyKl/qsMXwjbIAIh4UXwUnOZkTsgyxwC4dBOu5hnzquQuI5dC8ogyTDgWyTiNVWtjSRaUzKUercqAmEdaLkuzK3bV2tKW83JaqLY8EFVxTnEuIwKhP0CBlnOoeAYxyV+iIjGll9O8MvoO1AnXlxY58P4ZntiyjykPkyKEQv0F4OoinFvMuZELYc0k6tuUPjtJHEfM0zVz4siIaa7VRssln2oAdbftQ6uAi0pUxTuHJ4CLBIWQ93A4Ih6KRLRHCKFIFotLEt61ybMux85d4MPt69jzpbWUqrdQh9X5nKav+rhEyoF8OpKqFLOxOO1ihOmecq3vWfAT9FybQSk7NQBKDJBJhpdIUCXGQKaQuXSkdP81zvMx59MSpSWCyweIy5Goqcp0MXqFQsynn0tGHxxJErieiheBEAJZluG95+GHH+av//qvuXHjBkePHmVhYaEq3VynmWItZeJgMKjEZT0lPBgM6Ha77Nq1i71797J792527drFunXrWLduHWvWrGFycpIsy0YSw4PBgIcffpg9e/bw4osvMj09zfXr1zl69CgHDx7k7NmzzMzMkOc53vsRIV3vnzuyCjXxW6adsywjz3PWrVvH888/z/e//32mpqaqMszl9ncqTceVzq6PoUz5njx5koMHD3LlypWq5HT5nnOukvD1ZHC9pHWZZs7znN/+9rd85StfYfv27bTb7bHJ5Xp62kSwYRiGYRiGYRh1TAAbhmEYhmEYxn3AUCqkmK1GLT0PmQhtoBtyuoMlBr15gmYMJCNICyRJ5ZSUdYiWGcJQHXtEHpSJ4kY6dhkSliWWXRzNJ0ohPEsCsSpBrQwQp3iSrHIxMBGVTr9LWOgxnXVYyh25ZKjzODxBKfrHFmJEA14jPkayOMDHVEZXtEjXkaOaF+N0oL6aS+p/W4yz8slDAa9RESd4aZErqfS0S/1JBy4Dl5HjavKynnCNRBeZH/T48NI8vbCveleKUtQBuDGfM7s0IGiRLF4eiQUiXqGlSiv0yMIAr/mydVbyYpda8k9v3x80CohTJOapB7A4Ii36OHqtJHidE0JUimLQgEPEJ/Gftbkxc5Ubi/2iY/H9jVaPLMBiT1lYyhnkEFwq9ZzKMEOUgMNXSd10nwVczGmrkvUHKck+BhE39vXbkUnAhZxuf46O69Me9MjCMPVb3qf122SkZLwMqwmMzFl1pETy1NQU+/fv5y//8i/50Y9+xNGjR1lcXBybIB1X7rnZj7dM4z766KM8/fTTPPXUU+zZs4eHHnqITZs2LROsdcqevO12m7Vr17J161ZijCwuLvL444+zf/9+jh07xnvvvcexY8eYm5uj3W6PiN/m32GlUA0hLJtTjJHnnnuO7373uzzzzDMjY/skjBtHfb6qyqlTpzhx4gQLCwuVtG3uVy+fXZfA9e2yLOPDDz/k+PHjPP7442zfvn1ZOe/6+U3+GoZhGIZhGIbRxASwYRiGYRiGYdynJJEpeIW2wHrv2b5uivmJSWazCYJkhIYQEq2JqSI9qqTE4kif25pASglhNyZtmqG118qEbylYRaQ4bnnEYdI4SRGP8+BF0ahkIdBWZcuko+0Cs3MD+njwGUiLWNZ/riGF/J3yGWs7njUS8aTyzKoBp4K4NgChJp7Kvsoq9WOVcypSrnEoTkIEyVJib9DvMx1y8qA46aSSyGkBqgNFIk4iA3Jm+0v0I+QMewmXGebFpR4LvUD0Pq2fhpTqpuh36iJelUxzWiqs87BxoounP7LO6fTjZO/tRWQUaHlPPuhDjIhvodJiuh+YjjCvEKOkcTkpuhiXsdSUhs4ReoWCHq9E7w/qHXIjsNQbsLjUp6+pJ3BFUZ7ceU8MklLSGpggsmnNBJNEWrlP97TIsjl/nASw04iLA1xUJruTbKDFxlaHDqNXUYaRYJaXem70BK7uDUaSpZDKM//pn/4p169fZ25ujvfff39ZH9ymBC739cX9Wr6/du1adu3axYsvvsjzzz/PI488wtTU1Irljcf1262fT0SYnJxk9+7dlQR+7LHHePXVVzlw4AAzMzMjonSc5GyWiC6TwBs3buTrX/86zz//PJ1Op9p23Hg+DiuVYb527RrHjx/n3Llz1bbe+0pSNwXuuFRxfT5LS0u888477Nmzh+3bt3/icRuGYRiGYRiG8YeFCWDDMAzDMAzD+BRxNUFblxHDPrqpyHHZ39WR+ttOAg9vnOJ/fflJet2N9LMJBsio1CKuLIDFJyE6Uh66kMzxFj1Fi2NEoUr2jsynkMB1+QquOGYsSiyn0qdEpRUj6yba9KcmeevDG5VEToKkFKiKL8pAd2JON/TZ9cBGdj+wlu2Tjq73xDwHDYXUAdWI1BKQpQAu08nNhLOIr0r7qoCKJ2u16fcHTM/c4Mj0Iu9cniV3DocnF60SmVoTs4JHWi1ySXnrSu4UqzkISkAQSWVtfdE8N61XSAfTiMsHTLVaPPHgGp7bsZlu6CNEXNmrtSprHYnVWt9e/qomSdbtdskHSd+q8wwCnJpe4K2LM3zYT+XERXwq7Vz8qSiqgUE+QJ0nOl8rYH5/U65QLw8sDXICmu5h5xE8WsxEMhBVJB+wJvbYscbz5Z0PsLmdsUbyVAL8rhEhpkR7VwdMkrPvS+t4oJsSwK54bEBjupeyW8rKmO5HHe3pW/boBciyjG63y3PPPceJEyc4depUtc241G8zuZvnOSLCmjVreP755/nbv/1bHn300ZT6D6EqZ1x+vstjlj+HEKpyziN/140Ruzt27GDHjh288MIL/Nu//RuvvPIK58+fJ8/zqpx0CKGSuOX5yuOX44kxsn//fnbs2EG73R45RzP1XF+329GUvs0eynme8+6773LgwAGuXr3K5ORkdS2ayWXvfSWk6zK47LsMVOv69ttv88QTT/DHf/zHVUnp+jzqpbINwzAMwzAMwzDqmAA2DMMwDMMwjPsEBXINZCKoE5ymf9x3IdB1nkc3reWB558mZkJehATrQm655CyOq6PlnsvXUw/R9LM0KxOXLWgLx6gCMbWercrVlvtCOn7UkUNU59LiPGg6nlM4sQDvnl5IujePhFQ1Ge8dIU+JOY8wQWS99PnGnm18/ZEWu7opDZ0xHEf9/IxOo9ZJeHTMIsP5h3J9HES6LIW1vHoxcvw//z/6WZsoLURckSZ2OFFEk4QJKEGFQTOtWxRTLtPNCsSYShEjWRKRAs6BG0Q6Eti5ZSt/uncL39oJG3QCLyuU5r5DoqTrKa7oFSuQR7gQ13PlP2c5v9CjlbVQ7xiEgMtSIlZEyHwGTujnkZAP07XLs9qrK0X7acmqcnxBXErJiwdXpFpR1AmIY9Dv4RQyIlun4KVdD/Cdr65nI7CW4h67iw7YafqstR34AF0Pk270F/Mo4Kt1HN+Xu1L/Uiu5XisfXP95zZo1TE1N0el06Pf7lSD23i9L7ZZllweDVOz7wQcf5Dvf+Q7f/e532blzZ7XtuJLPTdFZ9hweV/64Lp/rUnZqaoof/vCH7Nmzh3//93/n7bffroTzuHurnngumZiYoNPpjJSQ/qQlk5tp3+ZxQgj8z//8D5cvX6bVao3c502pm+f5SF/gcpt6ojnLMrIsYzAYcPLkSd566y1eeOGFZeLZMAzDMAzDMAxjJUwAG4ZhGIZhGMY9JpZpW9yyf7iPVepWiAi4jIjiNBJjQBSceHwMTIljbUeqrRU3ktlt5kGTBItFweTyNRnZQJdpvPrB4tAEAxTSR2pW1RVpV2UomQulMZyjuEJWl71ZI1e9oxXLgsKlqS5mIIW+i4rL+3TjIpvdgB2tFrs8dFBagENGBG8YOT8jo6i/pgQcyYaqKlqU+C2F+lKmnMj6ZPkCLq4hF4c6X61nVVdaU6/cPBYCunYOKcamsSy97fDek4lHM08oxFdUxWnAxT5TWeShCdjp4AHKVOhwflBK18jyqz2e6vo6qvsgAH0HLQdT9MhwqIN+rPVHLh4wcM6R+SzNr7iO928J6DK3DOCrTx0uPVABRfJa0mcqaCFCXRLA66XP1qzPIz6t/zrSQwi377K8esrROQR1IZXaJn2eHX74REU1n1GaLaQh3XvNBwXqAnJ+fp75+fmqFHE9kVvfri5pnXNs2LCB73//+3zzm99k27ZtiEiVCi77DZf7lCKzeawm485bf6/dbtPpdHjuuedYWlrCe89vf/vbKlHbTL6WKeN6eefjx4/z0UcfVZK1PF9TUN/pwwjjylmrKoPBgIsXL3L8+HFmZ2ertSjFdVlOO4RQrX35Z5lmLl+rC+3yvfPnz3Po0CG+9rWvjUj7cdfOMAzDMAzDMAyjxASwYRiGYRiGYdwXxCQla1o3qqYSyyL44vtSAUqt1+xQctZSZyTJRHHM5WcbHqmmYBs4VNKZylyrr4lHJ8OkZflFta2rtiy1Yl5IUcHhXBKKQYUoblg2uezLq4XgcKkktvgMzzD56xpiTmCVok6LvdO8SvlbjtMBA7RYOwgqOCkK9Bbx4SipL7O6ogR3rUywaABxI6JdinixalowjUUUGsVFJROHC0pblU4xx3Yxp3INy6sdq9nqqMxfcbYy8p2SehVTnMdpLKpQK8EpIo6oIZ1CIiHkVRr4/pa/Q2JV4JkRMVjK3yjFekqqxy3F0wteoSPpGqSvtN/d/KU5UKSrUby46rOVbq2iZHt5nyHVa83y65XcXoG64Dxz5gwXL16k1+uNiMdxArSUmuvXr+ev/uqv+LM/+zN27NgxUn64Ljjr+zVfuxXNfespWaDq4xtCYHFxkffff39sH9+meHbOcf78eS5evMjc3BxTU1PLzleK7HqK+U5o9je+efMmv/zlL7l27RohBFqt1rKkbrl9Waq6LttXSjY752i1Wly7do3Dhw/z4YcfVteiXO9S1huGYRiGYRiGYTQxAWwYhmEYhmEY9w2xkKpJziT5m/5xP3NJGIai722pMSEpY23ouXpHXw94hilXjUIUJWqskp0wqomlpnYVyFK3WzxJELliG5UkYofZ0aGidCl2ipdhZjWvnSd5t1Ra2YkQSukrETSV6RUtE7QpeewBr+AkjgxYClFd9v6t1qHYZvjaaGbaK6CKFBI3Irii7K7G1Ls3iAPN0ohjErwKqIQ0xlLyFGOMosWqDfVtjElyKRkqUshgRTWV+m6hZCHgYimf44jkLudRuPHqGt+OciTl9ZQgRKdkku4JL4pKJBCAlJTVKuIdCXGAao53EF38XAjgknRptUh5k+6r8jpXvbZ96pM8yHEhkMVIC2gBXlMPZrcK0b7qMWlEY3F3eA8xFg8vDNPsgVgIYTc+662uCqHDyhWqy3Tq4cOHOXv2bFVG+VbCUFVZt24dzz77LN///vfZsGHDSJniegL1TlK0KyV+6yKzfK38c8uWLbz00kvEGPmnf/onPvroo5Htx6VmnXMsLS1x+vRpzp49y/79+8eOoVma+uPS6/X48MMP+fnPf14llldKGpcCeN26dWzatImlpaWROdXHWPY3zrKMpaUlTp06xe9+9zs2b95cyfjmPpYCNgzDMAzDMAyjjglgwzAMwzAMw/iUuFXhXqkU3fAf88UXvTxRRIfiNdIoZ1o7xugx44iIdCRRGxzMqzAbPfM5LAIDSSHDUT3qaEVoCawTZUtL6JKSaa7QyYIWqrIc+7BPrGpKV5ZVa4UiAUvZF1jRmFYlFslZipRsSgEXSegYyUNACwGcCajmIC6VzS2OPyyDO5yFSHrfF8W2ZcRDxaHMVkFHEpk1zVoKN00/V8Kl2CSEWv9jCTgycg04cTgdSmDnMpx3hCjgypRwIOY5RCVDcMUcpRLuoxdZGBV+t5LATVmrURFRHI6BBpz4qjSySvGlWi1kWepXoqt6Mt/trKFWd8e9obwHRQF1xf2o6QZEcD5DYup3m4LaUpUCj0VK+66OTgR8us+iAjGkhzwkvaBFOjmly4vP7hjHmm5Hlw7iRkdYys0YI1euXOHo0aNcuXKlSqbWSyk3k7itVosnn3ySv/mbv2Ht2rVVYrgpKe8k6buSJK737s2yjBjjSElnVWXLli1861vf4uzZs/zkJz/h5s2b1XulAM7zfOQYWZZx9OhRDh48yL59+3DOjSRtRaRK0dbXYVyP3+acm/O5cuUK7777biXY67K83oO4JM9znnnmGb7+9a9z/vx5fv7zn3PlyhWyLBspD62q1bwApqen+eUvf8mf/MmfsGbNGkv9GoZhGIZhGIZxW0wAG4ZhGIZhGMY9Z/iP9XGkeKsbSeoOtx2+UirVKEPh6AuLGiubqSN7w7CzbhLLkbInqgJ94KOe8taZK7x68ARzdFlqTRC9EqoDaEqlDvpsmujy3PYN/J+ntuFFaC8b8wpzlVsIb02pX3EOCbWjSWEiyVMJ4pjjil6sKahcZlpHKdeo2Qs1jnwXi+MPRyVOl5XXrc9FpPYrkwjispQC1iRnnIKr0sND2e2lNRSHOkxYK8Ny15CuZZnyrtKN6WTFVbsbFOLLSbqHBKS8H8QRizLDsen0ZLQ8rShFN+NPMJK6cLzH8hfAOfDO4fF4hUEA50Gk6GscQsreZkL0nr4qA2BA+pyUyfnVzHk16ehyxmVhdud8Ku1ePOwgWjwDEcu+xbco81wcI4ZR2VhKxH6/z+9+9zs++ugjQghkWbYs+VoXlYPBgJ07d/Liiy+yf//+qs9vve/u3aQpkevlqeusW7eOH/zgB7z99tvMzMyM7Fv2NYYkV0uBfOPGDc6ePcvVq1d58MEHlx2zPv9xY4HRZO04mQtJAB87dozFxcWRMtl1OV2uuXOOBx54gO985zs8++yznDhxggsXLvDKK69U4y7HVB6j/Or1ehw6dIhTp06xbt061q5deydLbRiGYRiGYRjGHyAmgA3DMAzDMAzjHjOUsk1F1OzkWX4ntXdr5XtHSoum/qWj56kfKQnPMkWYSiv7Kt14MwofLgQOXe9zNWYstCK5dwx8Kn+MRtoK7X7OlskBG6b6zAMbGSaZpTpXQnW5RIwSaynYYS9bVUGj4rRcg0hYdZ41VtK0mateJjEbaIoX1/Yt+qyOkcClXxenxTn9svdguTwq09xSe0+L3rNRUt/hoegGp25kjdI4x3OnCm6kFzFSlQ5ORaYTUVx6wECG5Z9F44hMl9qf92+hWYfGWAa101hd6rkbY0Ql4n2aQVAtSnwP9+4pzGuLG8XPZU/ou/lLc1nW25FKo3tS7+FM0y1RCVAt+kvrsEd1jIpqxDkhk/SZVqA+ibqgXFpa4he/+AXT09OVnCxFpIhUojHLMvI8Z82aNTz77LO8+OKLI31mmwK4fo7VJIFXs81K6duyFPKGDRv48z//cxYXFzl9+jSdTmdE3ta/VJUbN25w/Phx3n33Xf7sz/5sWb/fMiFd36c5r/q4m+eC1Pv3yJEjHDhwgHa7vaz8c73kdgiBTqfDM888w+7du9mwYQOPP/44L730Em+99RZLS0uVjC8TwPW1KBPBP/vZz9i8eTN79+69o/U1DMMwDMMwDOMPDxPAhmEYhmEYhvEpUEqcMr2aenyu9A/3ZaFnTRIIUqnlMQnXW1PkDDXlNrUoZ6tFqnEpwlwemY0w79JrA0jliKOQa2CQw3wQlvKqOnOt1PPtxEOs/TlUl2WVYa+xkF9JNpZbJYmbSt86dVXq9M7mfjtqKlW16MlblqeWIu0acaUIlbIva+0Id3U8o9w6+3nnx2pSH7oryiOnN9yYDT8/5WarlDNFOlYV1UCMA6Q1CU6rXs2i5faeIBnXB3BwOrD2Akw5mNRIq/i03Opa3+6hgzptESZbGRsn4EuTMCVCV6CrDiehksNJ7obhQwdaiseiF3gIOKTqXV0vUQxJTr755pucOHGCfr9fpUvrKd56irbf7/P444/z1FNPsWPHjhUl773uN7tSKeZWq8VLL73EiRMnuHTpEoPBYGx56vLnPM85d+4cv/nNb3j00UfZsWMHnU5n2bluVfq5KWBLSol+4sQJ3nvvPa5cuUKn08F7P1LWuhS65bXZtGkTL774Ihs3bqyk9u7du3n00Uc5duxYekihdp562epyrr///e954YUXePjhh5mamqrGYxLYMAzDMAzDMIwmJoANwzAMwzAM41MhMq508a2pSVMcglYJztsdSbWs9TtM0qk6AqmObw70szY9n9H3bXpZh+AiwYFITNtJBlEY+C4haxfnDbUxDY89lE/lyIqSy7V5qA7fLXv2+hjxEbymZGwOy9KwrpB1Toels5VYE5txhe60rvF9bLxevpakWqwMd02S1eeRmvziKPsGN3sKw7Boc6WzQWpSSG5/7e6lbh137lK+o25oi3V879nPA64hLFUVcSCiiEai6vBxiKiI8yAtrg3gwNVFrh2+QgelqwEnKaV+u2sS9fafbgE6TlnX6fLw+hZPbm7zyLqMhyZbPOCEVnGfpY/uyCclfVf0KCYqxHTP53nO0qDP4uIiIkK/32dhYYGTJ0/ys5/9jPn5+dExFMnf8vtSli4tLfH000+ze/fuKi1c751bblsvGX2vqYtYEWHnzp08+eSTHDp0iA8++ICJiQm891WZ5TpZljEzM8Nbb73F5s2beeaZZ9i4cWM19larxYMPPsjk5GRVGvtWontcGvjQoUMcPXq0ej2E4d+NzSRwt9tl27ZtfPWrX2ViYqIa45e+9CW+8Y1vcPz48aqHcCmYm6ljVeXy5cscOXKEJ598kj179nzCFTYMwzAMwzAM44uMCWDDMAzDMAzDuOespjtoE4dTJcjoa7fK3aYetGXd4kLMUi/RHEBceq3ojSquxSAqfU0aNQBeU//RXJVMIJCSaUN9msTmyqnIemnrWElVp1TzUS3LVI/Zu0o6LxdNkbpkrqbK6ta4zBLX5Gy1r9ReL44ripOUABXNRsRiJLk4leV9QcfMaGR8ZZ/Xe83wumvV5zeN1Ffvi1LML0nOWMnvYV9glfQAgoqrst/3J8V1jIp36ZGAlot0vNL2gUxz+ipEcSAe7yAPA6JL4ntRHYP5yPXZC+kXZe2nhxREx4j+UZop0XGUqfcMZYPvs3N9xnO7t/LVnQ+zZ/MEG1ybCc2ZJEcklQVPYpJKCCd5Dc63WFxY4tr1K1y4dJHLly8TY+TmzZucOXOGo0ePcuLEiWVliUvROa7P7Je//GUeeeSRquwyUEnJUpze66RpOb76epY/Z1nGo48+yqOPPsoHH3xQjW2lXsIxRi5evMi//Mu/8Otf/5oHH3ywkq/dbpdvfOMbPPXUU2zZsqWSwM051h9uiTFWvXpnZmY4efIkly9fptPpkGUZ/X4fAO99tV4hBEIIrF+/nr1797Jr166RuW3evJnvfe97/Pu//zuLi4vV+Mvj1CVwnud47zl06BD79u1j165dy66vYRiGYRiGYRhGiQlgwzAMwzAMw/gMWO0/2i/XneOLL9d7vWoso6lx2JdXBNXUd7Qk5jmDvIf6LriULhaRYcqQouyzOMSXpaibvYeXp3XThoW4KH8uA8nFhERAnRTb1aSrE9ChLFWNREmyuj5XV8x3das4PJ4bea3oylwYWSe+6Bur4AtRJsN5RR1eDScQHCkpXaNKDJYjk1ExXaVtP2Vc1Z+56HtcrKHXHB9Tf1lfenBoLKwj4hgUDwh8FuNfLU5T0t4jdBAemOrywNouXSKevLh/i2vsgAAhRnDgs4yIJwZP9KChEOVj+kOP43aSGMDFQBYhugFzN+c49fuTHPzgKt/ct4f/9fSDbJWMDqk0ejp3SjRHioSpRnCePAR+9+Yb/PjHL/PGG2+Q53navkiO1gXvyBgLmVoK3lIw7t27l61bt9Ltdkf2KbcbVxb5XonHpkivn+uhhx7i8ccf5+2332ZmZqYaY7MUNAxFcL/f58yZM5w5c6ZaE+ccP/vZz/jBD37A97//fR5++OGxAr9+7rJfsqryk5/8hKNHj5LnOZ1OhzzPqz7DZaraOYf3ntnZWXbv3s33vve9scecmpriu9/9Lv/1X//F5cuXabfb1XvN+QCcO3eOY8eO8eyzz7J9+3YrAW0YhmEYhmEYxlhMABuGYRiGYRjGZ4TWYqBaCFsYSkoRd0vBKavQn1WfTwJl5lYBDWUiOCIuJURF/FBnOiHkcbwUKc4cpUiq1caRzlfWOa6rwphK7ULqp1v2NnW3mkOjdLIbzlsas3fL9khbjlIXeY0tXbn+w2SwVvLW0RTdSapHVKjStcOzNrV9LEpJ17bRoSyPUnyVx11xlHdOY9QrbBPxCFEpilvHkXHUx3Vfy1+K5wxE0BjxzjOZCZsm2qzrwLXZBVy7VT3MoBrIMkeUSBQhqiNEh+JTkt6XIs4v74085ty3HZ+ChlQSfImMLPO0tE242ad/7ENwwrf3bqYjGR2ETAANxJgjInjRqo/3tRvXeeN3b3Do0CFmZ2/iXDaShi0lZ71kc/lZ9t4TQhgp6bxv3z7WrVu3rNRzUyzeqx7A4wTuuP6+DzzwANu2bWPt2rVVeevmfs3SyWVZ5eZ7i4uLHD58mL1797J9+/aROdXPXf9zMBhw9epV3nnnHW7evFmtZXOty+/zPGfr1q3s3r2bLVu2jP37tNVq8eKLL3Lo0CGuX7++rE9zeT2897RaLebm5jh27BhHjhxZ1q/ZMAzDMAzDMAyj5NNp3mMYhmEYhmEYxgjLUm71/2n5FVbdN7iuKMUNy7pW/4dfUwnfsqutuiQXPJJkJLX0Lo44YiJjksXLuIUO1HJEzcztUCgGcUQyoqSEqUrtiFKWmE4p3VDrPnznvZRHR5y+GgWoq/EWRbOLn6MUHX8b83Fa9iYuxrmiDxv2AC73uW0/2cafn4ThfZZKCguOiKBFmldxBHHkSCjgsUAAACAASURBVLoWuKH8leFKOeKqeuF+1lQPPISUiG0DX1o7xb6tm5mMPdoMEBfQos91mmu6rkEldeoWByEUdbrdbeUvNIt8r7CNQHSCZh7NMvJWm76b4HpocXJ6wKtHz/HehQUu5Y5FEfJqfFQPaohAiD1m525y4eJZZmZv0Gq16HQ6tFqtSniW8rYUk6XwFZGR78t+s0888QRTU1PVGo7rh/tZUO9/q6pMTEywYcMGJicnxyacy32aP5dlmetr0+12uXr1KpcvX152jHGiW0To9XqcOHGC06dPMzc3NyLcy/Uu/wTo9Xrs27ePffv2jZSZHv4dn67DE088wWOPPcbatWurMtNNSnkNcPbsWd58882q//FqSpAbhmEYhmEYhvGHxf3++7thGIZhGIZhfEFxd+0f7mWF40gVmx2Ky7qoSgHeQuzVdi2lk2rqe6nk1XtaHGG4+Qrayw0ju1rI3froFCq5GkrJWv564sqetEUfWgLBFalcLW3r3fhVpjjGioIvyb9YiOBK/pISvH4VMjeR1iz12l15q3pf4LulcuoeX4rUtRYyPUAq6yyOXNJ1iNVXcadIRMgL+RtXWXL7s6X6HMQBHuWh9R2+snMbmztCR/J0PxGIhQQOKmis3VNS+36V5Z9L6g85BNVlX6UEDllG7jKWfJuFbB1XZJKDH83w6vEPOTuTMwv0q89z+jwImtL6MWdhYYbFxXlizPGZX5byrYvJ+uvOuVRKGqr3W60WjzzyCN1ud+T1kbW8T8iyjMnJSTZs2DAyj5UYJ4PLP51zzM7OMjMzMyKZm6njElVlZub/Z+/dmuQ4zjv9582q7p4zBqfBGeABB55PEmUpRFqiTNqWV2bIF7bXFxu76ytv7JfwV9iIvfTNOsIba1+sNxQO/ylKuyuJlmhJWIniGSRFEiIOBAYYAoM59VRl5v8iK6uzqnsGQxIQD3gfRmNmuquzMrNqFB4//XvfRX76059y6dIlyrJsSOj2uay1TE5O8tBDD3Hs2LF6jFFz3LZtG/fccw+HDx/GWlvL3vb1tNaS5zkLCwu88sornD59mqIorrsPiqIoiqIoiqLceqgAVhRFURRFUZRPOTLisfnxw+m9WGnZx0fdatfUpZyd90F4+SBk2+WIB+rien9GBFkapG/au3fwungwLhxnvEFS0Rb9XZ06jnMilOpNxvEI4oO8sUmKemtz3HwtoT9wW3CHudRpaz94hCLSbqgvcOMcVbI5JIE3zozeHNGani9R+GIwtbxy+Lq0dTy06v880gW6DV6rhHl9XUNZ6ca4tD+W8HEfsb9qRq/TBefpepgbg3v3buOh/dvZyQpT/auMlav0rKNnhK5UaW5nq3U4EIMYU5UGb+K9R5zHexl6pMckPyDO1x+y8N5TlI7SAXkP3+mxSs4HBfy/t97jrctLLDpwkmFxWKpS7Img7Pf7LK0u0y/WsVXP2VgmOJY8ds7VvWjzPEdE6p+jUDTGMDk5yezsLJ1OpyFA0z7CaVr1ZvSb3aj/bipA42Nqaoq5ublalMb5OOfqdcdHJP0+JoKLomBxcZGlpaUh6dsWwd571tbWeO+99/je977H2tpavafpOeKcrLWUZckDDzzAfffdx9zcHDDo45uuJ47/yCOP8PDDDzMxMUG/3x/am06n09if+fl5/umf/onV1dXGOO15azpYURRFURRFUW5NVAAriqIoiqIoyidEWwLcCFJfJSJ4I1B1/pXqEYuLepOUXq5kbZRYLiZ2jUEIoiMWBIaPIihTESxkQCZC5sCQhX3wBnGjE3JmgySmaXi2jUSHaf1kRnT1HUGUv4kEjvK2PYd6T4eKAZukzPBwcWcZMd6NxlV9imOeupa27QPT9ZqqD7BkVelwUyeIoZlQjmuQSuQbn2O8qa9Z3eNYHL66vmHPbo7m9t7jrCMTTy6WaeCOGfi333iYh+am2cMK0/0lxmwJ/RIpHZmv9sM5KEJB7FTUx0deJb8Fwr074toZwjEdhA4CtggFtg10JX7gIfy+la4qhW4yinyM+XXPrxdWuHANSkCkQ/1hChkkQQvrKEtLDMGmojbKzlT8puR5TlhqkKcTExMjSw63e9HeDPG7GRuds9vtsm3btjrNnPb1hdDjOM/zuvx1LHOdStKyLMmyLHxwZIMkcVuezs/P86tf/Yrz588P9QdOzx8Fc57n3HfffezZs2doz9vyV0TYs2cPR44cYdeuXfXeZ1n438YolSOdTofl5WWee+45rly50hDcQ+0FVP4qiqIoiqIoyi1J/klPQFEURVEURVE+/5hh2djyGhnZyNeGtcwI2mVO478yGCrI34G8rfJ/4cWqzHE6XxGHVLFhL8mx9XjZdQVqEIaufm/M5dbvc2k/zCQf3PIVUpWxFn/94s9OqGc2yJ5uRJCy7aTzKLy4Sm5W++ep09LpjEaqFj8QePV+iKsObiZY03m3JfWodWy6Fxs8EwS81OObKr1sPDgzkNRxLamsap8vvVZBmIY92sqexrlEbX4j8FKV5xYPZHhb0suEHWS4MXj6d+5n4sV3+H/vXuLs2iJZZ5JCcmye0fFVGl7AOoepEujeDD6AIL5K41b3jqW6J5Pew3nVVztsitQS1toSRx52XrIqqe6xCJgM1x1jrV/wzsIK719dodw2gcXTMRk4KCsBKJJhXUgG1/uYyM8wjyBGU4kbiVIUggzudrthqokkbY97s9nsPG2BmWVZnVaOe9sW4GnJ6yzL6r7H6bnaSd92v9/2/N555x3+5V/+hV6vt6GcTmX0xMQEX/jCF9i7d29jfu11xXHyPOeOO+7goYce4vXXX2dqaqoWxjHVnR5fliWXLl3i+eefp9frNc5jrR157RVFURRFURRFuXVQAawoiqIoiqIoyk0iyBCLJZRrjp1wm6nQoNAcXqT6OSQowYDz5B46ziVC1NdycuCNTaXjtjKrjXTjQFZHPDQkr6vKBQ+E7igMtXqPSVgfy2JvVvh5MItwbk/0RR9VxA0ErcFLLABuGq+HBK/DUWIgiMVYhlsGj+v1w43XszSDVZi6x7Qjd5UsTeZ0MxAJfaKjqDUeOuKZRnhgd5fsnv3smezy6vkPOHt1mUt9x+p6TukNJR2s94ix9QcgMAZxpkoDV6XSoS6TboUqPR2ka9fkQYI7Gz5Y0eliJcc7gxOLyQWXCZQOqcqvewGfd1kve7w3v8jFKzMUhyfCObwLqfVqOmWVpM5MRmYG5bvT9G/Yh2Hp2Jacn9Zev5uRpnZHidp2Ijjdk/Z70j2K37ffLyKcO3eOV199lXfffZdOp7OpzLXWMjU1xVNPPcXtt9/O2NjYllO5Bw8e5Itf/CLf//73WVtbq9PLUWK337u+vs7PfvYzjh8/zs6dO+l2uxuOHdeoKIqiKIqiKMqtgQpgRVEURVEURVFuAm3N6UK5aUJu0pss9Jo1Qfz6SgSLSK13jYSkauYduffkjFaGgiR51a3hh753SYlrV4toqESvN3gZqGPxIXg9LIE3zmzHQsJbEZ83UsfFNKoXU+1tc9KZDxncqNDFu3pdUXRvLrwHid9wXJVoFhduA3GD9LZvnj0od4NcV4tvHe+DvPXO48jIvWAQpsTTBWb2TXN42zjH5yZ57fwHnP5gjflCWOoLqzZco04e7lQvJpRR94Y89nuukutR/loT+lV7CR9v6Er44ILzPZwTynyMVZ9xeWU99KbFAVmd3HeA90LhM0w2xsXlJRaW14aKiUdZjDdgqt+VbLjfazhWRiZAR4nLoig+UwK4LEvW1taG5HUqbEe9NkrC5nle99aNgrQ9nveeU6dO8dprr7G2tlanrNtjp+fduXMnTz/9NNu2bWscm0rYUXOcmZnh+PHjPProo/zrv/4rZVkOlYqO38dU8KlTp3jnnXfq8tGjxLSiKIqiKIqiKLceKoAVRVEURVEURbnpeO/x4vGV/vOOgWSVShZSlYwWE0riWo8TM0igMrr3cJ0HjglVGaRnB4m3KsHbSgmHbsS2UVraX0/SVuWbxW8kLQezHAiYMGaj1LZUP8mNk5+jSMVte//qUsXtMuAehCBucR6cb0jaULi5zXA57ZiYZsTxDleVgL5eYe+tkkh7V5UFJkMEjISevBmQ4zk8kbPzjjnuv2OO91fgzGLJB4trrBSQ5TmGUHrXeo8Xk/Q5DuPHjs7WJKW9xeGqxDrOh96+5Kx1xriwZvn5G+9y5uoaKxisC+lkL+FYj1B46JgO61ZYt9UHEpL7py5rLFKXbXbWYc3gwxNpWeO2lByVBC7LktXV1UaJ5E876+vrLC4uNtYWy12n5ZI3k78Q9qPT6dDr9RrvSVOy3nvW1tZ44403OH369FB6uC2LrbX0ej0OHDjA0aNH696/8VhrbS2c4/gxuW2MwRjDzp07eeqpp3jllVfq/r5pKjk9p3OOS5cu8corr3D06NG6f3Aqjttr1hSwoiiKoiiKotwaqABWFEVRFEVRFOW3isPjWkINCEJUpFa0TgyeLKRKvW8IxCGRCWTXERuVPsNW32WVfgzPgsUgCN5XsswbxAf5V1d0FofzkCXyOkicTdY7Sj5JEIiZeLyRhsxKCkh/bFxD/jqC3g5nEKo+zd7gfIYnDwq1ktu5LxFKMufIvKvTu51N5md8O7daJVzjuo0MvqdkcBVuTDno0M+46tcrGXjwvpK1ZUmnk9f72wPGgW0TcGQ8p9g7has+f5Del7GvcLs3NdD4OEE8LicI5wJYc3A1g7NlxrmzJfML1yiyDqWPe11tqgjOGyzg8xyRLLbIDuepyv9mWYYYIcszpqenmZichNJjC1uXCk574WZZ1pB+sadsKiSXlpZYWlqiKArGxsZuyHW4mSwvLzM/P18ncdvCNtIW4pHYIzjLMsbHx2shG4Vqu6fwO++8w69//WsuX75MlmW11B0llfv9PrfddhuPP/543ac4Huu9H1miud17eWJigrvuuovDhw+zurpKv99vpLnT/62Ic/zlL3/J3XffzUMPPbRhyW9FURRFURRFUW4tVAAriqIoiqIoinIDGS793C76axAyaR8TE8DpUT6kf73BZZWYZZDlNb4tOKuk4wg96at5udZrHh969FJX5AXA+KBJTexFnL4nJiyxocywpF2FNxKZg7LIPjmmkZitBHi6no/nb9wGSd3kCO+rBGuVevZVtrV6Lva9DfvgRqzOJOWiXZLmpi6bHZPZ6VrbSeEbk/81gG/t2aCvs8kyxEMmMOYcVkrGJKfEU2Krm6uD4LDOkRuDqXo2myqoLFX/58G9lohFH2aQSRB668CagcuAy2HaL9GxK+CnEQxisnCvVhJYRPBOQql0UyWXkSCsTSw7HdLnU5NTtay1ztHpdCjLEmttLSnj95ule733lGXJ6dOnOXr0KNPT0zfgStw8iqJgeXmZq1evbtjLN/4MNJKzaRLae0+/32dycpLZ2dmRx8TnfvKTn/DWW29RliW9Xq8WyG3RWpYls7Oz3H///Tz88MNDJaWjxB1VBjpdS57n7Nixg69+9atcvnyZM2fOkOd5Xa47FcbGGLrdLhcuXODVV1/lnXfe4fbbb298ECCOr+lfRVEURVEURbm1uDEfs1YURVEURVEURRnC1V9FhAxfZWwD3gfhBQbrBecqo+uCIpVEHNpKBm+Gr/4bxSDp68gQ8mQeTkLp4lrMVj1svatKwjqPsVUZ5NbwYpqTimWSYxFp8RA0X+ixm3s31O/WV+cclTC9eSTlt2k/GJTTjvjhstge6vLcjTLTSbJbnKnXZZIx6+eSf28EcT5p2XBweG8x3uG9Q5xHqusqODp4esCYGMaBHsKYQFeEHE8HqR9dCQnoDlSvDb7vipAbQbwLCWqgK9AlPDpQ3UcWYwQT750o87wDX2BcQe5LcgYfiTAYREyYv3h2bt/Ozu3bGev0sLaspWBM/kbxGZPDMDqxKiJYa3nllVe4du3aDbsON4tr164xPz/P4uJio9R1pC1x22nn+CjLkqIoOHDgAIcOHRopYoui4OLFi/ziF79gYWGh3qtRCds4/v79+zl69Cj79u37SLI1znliYoIvfelLHDlyhG63S1EUdTo5HpeK5aIoeOuttzh58mR97bUXsKIoiqIoiqLc2qgAVhRFURRFURTlJtDMxJoke2toyk5bJ3lDH07jTOiLGsunyugyyhvKS2J6dljACFTljCvJ6wdCZ9DltilopeqHa6oywFmUTEYG522cKplrlYg13iGUSDy3uFDaeoPduxn46jFcoNlVCdNKHFVCN16TgQw2rXcNxnNE6TpcAnqgwxkWyzf7T9I6lWxBbHI2S4Ynd47cOXoidPF0ExncqUpf53iqYuRk3pFVMj98mKB6VGI/fMjBIr7E4OgwEMC5c+Bsfd9a60CyIIB9NZ5zZD7cJyG9bcHbxr1uTMbMzAx33303R47cRpblLC8v45yjLEvW19cpiqKWwaNoJ0Nfeuklrl69elMvxY0gJmKjAG7/jqcll4GGtO10OoyNjTExMcH27ds5duwYjzzyCLfddtuQSAZYWVnh5MmTvPvuu/T7/UaaelQZZmMMt912G3feeSfdbndIKsfrcT0xHMe//fbbOXHiBLOzs/T7fbz35Hk+cs2dTofz58/zwgsvcOXKFcqyrM89Sm4riqIoiqIoivL5R0tAK4qiKIqiKIpyw0i1r2mJQOODM5VEBtq2AXUesCBVCVMxWCe4LGNdYL1KEWeYQa/g5IwRodWfNfaFBXwVT3WAFwtJLjkotgxnqMrwZogJZZJD/9pK9ghDaeABoY9xGB+sjwnPxm7UM3cCVgylhL6wJUGs1mO0NHEsaixIY43DmBGJ6PCeotq/Qbq6SkEbF55syaIod1PxOyyTB6WzQwnvkPJ23iXFvcNYpQQFWxD+KN18HVunvVoviWCWHEt09R1CN+omQbr6qhFws5y4AE6ysF/VysMdIUHkEvYSk9ffl1iErLFP3glkpjLtJshd73HeY+KnDCTMzXqHE4/BVXtafUjCdPj6409Q9EvWVlZ4953f0O1269LPRVGQZVktAutzt6SpMWG8d999l4WFBYqiqHviDu1tS5DeaKF4vZSq956FhQUuXrzI6uoqvV6vUVYZmj2OI1mWsWPHDubm5pienibLMmZnZ3nkkUd4+OGH2bt3b6Ncc+wFfPnyZb773e+yvLxcC+IogeO+RZxzTE5Ocv/993PnnXfWY0TaPZivt/4ode+++25efvll3nvvvaGS0nGcOJ/V1VXee+89Tp06xcMPP1yXjR71HkVRFEVRFEVRPv+oAFYURVEURVEUBePBymhB4P3oFOEWRo0D1L1TgUqfZZCZJGk6Gm8E6w0lOYWBfqVqQwnnrHFsKhFHDZkUbq1Vsa/+JEqyvJQYnHi8lyB6YgLZE8SdI4i7qixyLXcIaeYgDn2QxU4wUolkyTAeCkM0jVWy2YB0sVmHwoR1rBP+WAuHDa9mIDI3xyelrtN1BgkcxPMg8RvVsgMRjAurcgKSGTBCSRTUHofUPZljn+Bwp+QDCexcJVQr8evLcK5qjVFy3zgtJQ2pO1i/GZQer44z1f3j6mekfj3eH+m8bP1VsNV7DaFMc3wtS84fJXlRjWMr51sLSu+q/r8GMQbv4ocBbNVnGHLJ8RThd6TVj3p2dgdP//G3+YM/+AOKdVuPe/78eX7+85/zzDPPcO7cuTqdGtOwUUym8jTLMp5//nn27t3L/fffP3JnUznalqw3iraITZ8DmJub49ChQ0xPT7O+vt5IOce+t8aYuk/vrl27+PM//3O+8pWvMDs7W7+W5zndbpder9cQpJErV67w+uuv88ILL9SCFcK16/V6lGVZ74G1lqWlJb761a9y/PhxZmZmhhLW7T7Ao2j3NAb40pe+xBtvvMFPfvKT+lxxT9pJZICLFy/yzDPPcOLECXq9Xn1sXLOiKIqiKIqiKLcO+heAoiiKoiiKoihAKG3sogfZQAZfn2aZ4NAHtylXMkyoeivgjanLNceSyEGaAOKwYihMzuWVPpfXJ/gghx5BurXFZlPwDX8fNXaqjQ3Bw0HwuX1gCbjqwOY5hbNYMZBVqdA4lg+ZYmMMYgSphJ2RrJqLDHrkxh7HFkpxeDPo7Oq9p3SeNS98sLzO+4uOK3sMlUeuc8IftVByFJTOh1BvlMsWWAT6WQ6Zr3ogV+lTfNhfCdLbiFDaAucGadLGRwK8qfr+mtC3WaqUqyeIby9YW1AiuLzL1RIWgAmygTxuzfvjqsXNPwAwOMbX37Wf23gOaZFrw/B9mJ7HAleByxZWfYbLMsCE/ZGBVMSH+8hayyCfHr76eHeLIEjdS9lnnsnJSSYnJxsJ06mpKWZnZ9mzZw//9b/+V65evVpL4LRXcD1nEbIs49VXX+XBBx/k+PHjdQp4lJTcTGJ+VFKhmQpf5xzWWrrdLs455ubmePzxx+n3+/z3//7f6/mkZZhjj989e/bw1a9+lW984xvs3Llz5JraxGTv+fPnOXnyZF36OaUtYaMQf/zxxxv9hOMxm/2cMiqp2+v1uPfee3nsscf44Q9/yMTERJ1CjselSePl5WVeeukl3nzzTe69914mJydrwb/ZuRVFURRFURRF+fyhAlhRFEVRFEVRbnHq8qm+yq3eaElgBsnKmEBFwNe9TSUc49tyxlCaHkve8f/OfMBKf4WXx0PPVuc9mcnxNqYZcwYa0eElJAAlyrJ6WFd3+k1LMnsnuEwoxbDqLG9e9ax0JimMoazkG8ZXtrgSLlWfYu98CHJC6PFaCV6J53CxALVBTIeMDOsNVTAWk41hneHCUp8fv3OBa/0ZJvwqhmY/04+09UnP4tJVZZ4FCvFclQneWxas6VZ9aKv5+7BDxktVwtljROpC2VFMx9Sr94PstXe+Kjs9SCZ6MZCNUTDLZUp++NY1To1ZZk2fDCH7qAFzhmVeuM6VWPWuIZbjaXyVum6+d3gSDc0ZexeLw3pf30+DMuAGkSxcMal6KfvQv3dVelz2Oe8udVnJt1FKN5QFr/r/hoS9bxdMr78O0simlr+j1h6l4NjYGPv37yfLMo4dO8bLL7/M2tpa/Z52GWIRodvtcv78eV555RWOHz/O8ePHR4rijc59IxjZs7uS01FeTkxMcOeddwJw/vx5fvGLX7CyslLL7ShDO50Ohw4d4nd+53fYu3fvpudol15eW1vjzJkzvPHGG/XzUTLDoORy3Ms8z7nrrrs4ceIE27ZtaySXX3rpJd577z2Wl5cbY23EqFLN8/PzFEXRkOLp8VFae+8py5L5+XlefPFFDhw4UH84YFTKWVEURVEURVGUzzcqgBVFURRFURRFCXLgJoTDLH4gWqVZnhdxeF8CWZVArcSHDaVxRaA0OYUf56X3r/GbywtM0w+pQC9keRZkiBWyzIAPf96EfrYu+FrfknwSBG6ckyFITusFyQzWGApbsuQ7LOdj+DwPY3hbRZY9Ih5xFpwDZxHvyaIQrFKdrio+nBlDJlVSEIPJDD7KVkJi2Oc51hkur1hOvvcBr15cIPNl1UN5dP7Xu63LHCNhHv2yBJNhDBTOUkiXa2VOKV0QS610nceTh9LI3uOcDWOI1GldqcpoG++RKPiTUuFiQm619IDPEZPTN4Z52+cHb82Tu2V6UiIe8tZSPsza4rkjDoMj9NUV5zHeVceEfbS1BBvIVFcJ2yDYwgcHzIgppAnzWLY8HudNhtCh9GXV6NphrAVf4EyHdTPGcpGzkm3DSgcnSRK3+t0zJtj5LM8xdUo86nYYdR/Ue+Y91to6rZplGTMzM/zu7/4u58+f58yZMyPLEcefjTGsrKzw0ksvcfDgQfbv38/U1NSm5ZhvFm1Z6Zzj0qVLXLx4kZ07d7J7925OnDjBX/zFXwDw4osvcu3atfpYYwwzMzPcdttt3H333SNLJafiNMV7z7lz5zh16hTnzp2rRW/cV2vtkDCemZnhG9/4Brt27apTxs45lpaW+P73v8/Jkyf54IMP6jl8mAR13Iv19XXGxsYaSel0HVFGO+coioKf/vSnPPjgg+zZs4dOp6PpX0VRFEVRFEW5BVEBrCiKoiiKoijKSG5UYizKMp+kHDvAdEeYMCVL1pP7IHXxBudd3aXXesGLoS/CB2XJkg9Jy9IZbOkwhL66YvM6pemk+tY58LFkrgNC4lJkkNDNCPLXecB1Qp9b16UErDHkmUG84K2F0kJuMC6kiDtAzwgTuaEj0KXq7wp1WnYyh8nMktkCW/QxvV7o31ttrfUADpdl9L1nzQnXVkO5aVP1fJURwsi7rcVmxRgyPNZZCiuYPCPPDc7neAw274XErw3bEyx8VWDbW8Q5cjwd5+jhG+W3DUEuGw/GmyC/jeBNFP22EuIe68og/Mm4sraOEUNu8iDpbXPOW13bKJwYkBxHWc1Lqv1zQVD78GGDNEkbP4AQJbEZkQaO91a7xHOd9pUcEUNhDZIH0dfBhD7VLmO173Amw5m87gNsRLC26hRsIPOOnrNsH8uZ7OV1eWkTFlb1Um4lnpPEaJSPkampKZ566imee+65uhcwDCdQY3K00+lw+vRpfvSjH3H8+HEeeOABOp1O3Vs3nie+50YLxXQtUXxaa7ly5Qo/+tGP+O53v8sTTzzBH/3RHzE7O8vDDz9MlmX8wz/8Az/5yU/o9/t1Cejdu3dz9OhR9uzZQ7/fb/TDbcvg+H1RFHUp7F/+8pdcvXqVqampum9yu5duURQYYzhw4ABPPvkk09PT9Zirq6u8+eab/PCHP+Ts2bMNiRzf1y4tHYkSG5rXKiac0zRy3Kf2WD/96U/5+te/zp133smOHTsaa1cURVEURVEU5dZABbCiKIqiKIqiKEEksFEZ1o/f89PT7Js6nsGR7dNM+Xe5YjtkfhznM7xAlnVr2WFtiWR5SK3anMIVZFkX6XQrvytY53E2yFwAZ6rkrDEYV+k8GZRuFgkJTfEG50NqtERwYoKUE6nKGpfYSvwEVll6vAAAIABJREFUa1cJY1vSw9MxjinT4dDcNqaz8MdVXYTae3IRdk532T3uGWedlQz6vuqJnOyzrbRi1jFkTFDaAuPDbGVEArjywrVY3xRxZFQpz16O9RJyvhLSs+uFR7Kqd6pzZHmGrcpq58bQyzLGnWH7xBgznazunxzXYKrev8ZDRsZ6Uh4ZCbLKlyU4cN7hcaHad9Zl3RchJ51ngxLL0GzS/KEx1b70MDGRLBsI5eScg5S6o6yPD3tf95dNyj23sT6oWtfpkGdC4UsKHMZ6vDe43OBMlqR9QznxzMSErafjSrK1JW7fs5v9O2aTP9bD/THqtzAtCzwq0bpt2zYeeOABzpw5w3vvvUe32yXP87qMcEykrq+v179zb775Jn/3d3/HsWPHGBsbG5KlN7uUcJo6vnLlCs8//zx/+7d/y8WLF7l69SrWWv7sz/6MbrfLXXfdxbe+9S2KouCZZ55henqalZUV7rjjDu6++25EpJa/o0ilc7fbZWVlhZdffpm33nqLbrdby990r1JmZ2c5fvw4R44cqcWwc46LFy/yT//0TywsLGCModvt1gK5vaft+aTCPc5vVPI33a+Y/o2J4G63y/PPP8+hQ4f42te+9lEug6IoiqIoiqIon3FUACuKoiiKoijKLU6UCkZkVPbx443dqCtdyRZgqgO3793Grq7nwsoamZ1Csg6rzpJ1QvnhWK7Xu5LCGDAG6GLJEToQhZd4yMBHASwu+FoPJsrrRABHgRcTlh5DEft7YkIPX1+Ec0fRYjziwNuSnJDWpN9nclJ48OgdTOch1Rxw5CJkwO5pOLytx46JnCvlOt6WgIQ2wZKFBLARrHPYKCxNHk/ZmC/J+AA+KX88qndofL7AkeUGW/oqAZ2Uj83M4P2t9xpr6TgHayucOH6QQztm6FIlgJNy3ll7fjFN6z3OFuBCiW4RQVwQzUYynJhQels+lvFtYYLYFVftUvuOHtwD8R4J++uax1T3UL0kN9gn46vS00niHEI5b+cc61LtpffYjCB9TZbsr8M5j1RiMRMPriAvVhm3KxzdPcPBHZONDxRkIxKrlmEJOKrU8YkTJ3jllVc4f/58eJ+1DZGbpoejDH711Vf5b//tv/Enf/InHDlypH5flJw3klH3rveehYUFfvzjH/M//sf/4OLFi4gIFy5c4Lvf/S5ra2v8x//4H+n1etx3332srKywtLTE888/T6fT4Y477uDQoUNDa43p2VSoRjFrjOG1117jvffeo9/v16WT29I33eeDBw/yyCOP0Ol0GqJ4eXmZf/3Xf62T1XFt3W6XsiyH1tumnfCNieHY5znOP89zyrIcGqvT6fDOO+/w9ttv88UvfpGJiYkPVXpaURRFURRFUZTPPiqAFUVRFEVRFEX5rRD1gyBMCtw2Ldw1t51La1dZKgsK0w0FeF2VwPW+kr6V1KOSwGmP2HgcQqOSsAfvk0RkJYqdJK2OJc7JIZKmJyX0cfVBDwtZkDA4xDp6Al1bMp17Dm2f5NjeaWYy6vLIcR4ZMJvB0bkJ7twzzdn3llktVsiqssslVELW4I0HZ2t52ZS+6c8DUTkqiTk6nRn2FHxdeth5C3i8EcRJ0u+3OgZLbgs65Ro7u8IDRw5w2/ZJJogloD0ewQlY4yiNw2ZlKME84mME3oUyx14I4hvBVfr9xiZKq17GGw4Ze12HvfZQ3z+QlDiu/6neVcviuJ4w9+pLELDeV+eP8exB12Ch2f/ae4+P5bNdgXEF43aNY9snuGf3BHumYkVuV4+TJkDbOzwqmRt/PnLkCIcPH+all15idXV16LgoP6PYBFhcXOT//J//Q6fT4fHHH+fo0aOMj4835nEjSwqnEth7z+XLl/m///f/8uyzz3L69Ola3BZFwenTp3n22WeZmpriscceY+/evTz44IOUZcnq6ir9fr/uYZxK2fYetveuKAp+9KMf8Zvf/KbxfLq38au1lsnJSY4dO8Z9993XGPf8+fO88MILXLx4kV6v1xDOo2TtVvYlft9OI0fBna4Fgui+cuUKp06d4o033uChhx7a8jkVRVEURVEURfl8oAJYURRFURRFUZSbTuydagj+dlxgVw5fuuMw7117l7PzZejBmfcoqIScoepH206YenwlZ4O8c0HYQlLW14C0RFnl5HzsUOuqt0MlXSs5KIKIx4sP/X9dPXMyD13nGLPrHN41zf237WHfGEzT/OPK48kRJoA7d0xw35G9vDz/NkvlOpBhJUO8x5uYG7ZV5Ld6OFq9aj9iNjuKK6gTqM5bvCkBg7dBRIYtN3g8GUFG567PlBTcfWAvJ/bOsn8i9DnOK8UdimQbCimxpsSarCq/PTgviXiLSwiy+aMtZ3PaezQi8dhwb8PltQG8jN7zeMu5pD9z/Zp34KtkZ1xeS95FUexbcxBKcr/OdFbwxTsOcmJHj+1ARkytS3W/b8yo8sDxuR07drB7924mJydZWVkZSpfGhGlbLp4/f55//ud/5tq1a/ze7/0e99xzD5OTk42xN0qeb4VRwtpay/LyMj/72c945pln+NWvfsXY2BhZllGWZS09T58+zd/+7d9ireWxxx7j4MGDfOUrX6EsS+bn5zlw4ABAXRa7LXHbIrgoCs6cOcPJkyeZn5+vyzDHY1OMMaytrXHXXXdxzz33sGfPnnq8fr/Pm2++yU9+8pOhNDYMUtRb3a92Sjl9DoK8z7JsqH9ylOVvv/02v/jFL7jnnnvodrsj56QoiqIoiqIoyucTFcCKoiiKoiiK8plnROIyyo7k/9cfxaevzKjxsQyyw+DwXiqPGkrUGh9K4ablk001jmfgt/wWhEKSrcV46EqQpg/fvo1T87Oc/uA9zqwuk8ssy76DMxlOOuAd3sVzJwJHgmwz4kO1XecG6VMfvsYSygJ4ceAdjsExBlcLQUOIBlvvKhnq61a0nvDcmLfkboXxcpXdpuChfft49NiOkIqtpIzzVa5VwOAYx7B/cowHD+7itTPzrJ9dYKEo8H4SY3pYYygtgK3W4qt0aTNxOorsOq/7eq9AJAdb4r1DzKAasVRlp4PzdEhZkrk1clsw61e5Y2aS33vgGAemYNx7MvGNgslRkAXBG/r7WjfIYtclwAUgQ4wgNoj7gYi6QYXH271+R+yPG3mMq0W7ILgN5mOoguT1625I0IekeDgw/g5mxmBdldQUwVsP3tJhncyXTBRLzLDObZOGrxw7zOGpXp20jn2tY7nv690TwJAITqVfWZZ1P9r0tZgCjnQ6HYwxXLhwgWeffZaFhQX+9E//lOPHjzM1NTVUCvrjprij5FxeXuaFF17g7//+73n77bfrksnOubpMdTzXxYsX+Z//838iIjz11FPMzc3xzW9+k8uXLzM+Pj4kxUf1z40/X716le9973tcvny5LrccpXh8r4iQZVWZ7/V1HnjgAR544IGGQL969Spvv/0277zzTmOfY4L5wxL7Ncd0dtz32Ju4LbijEDbGkOc5ly9f5tSpU1y8eJG5ublN+yEriqIoiqIoivL5QgWwoiiKoiiKonyuiHJKaCYULZYC5wVjOuEV58gIolcoQ1nfSj4aHB3jMN6CC7I1lKSN5XK3Lnzika4awwC5hzGB7cCT9x3BZZ7/7+RrzBcg2QR906PIBv06a6SStol4EwTvq7688UzeNN9TDZGlEpgoyAdldsPOhBLC3rp6J0UcXbfOeLnMtmKRJx+5i2/ce5DbxmAcyOs08oCw1pAEvmtHl3/7tQdZ/ecf8fqVFd4vhFVT4PwkmckweERCWWJxqSiKidq0l3H1ylZ8kolJxhJX9aY1InW/ZBEfrm91L2QUdO0aY8Uqx3ZO8K0vHOXhfYbdOXS9xTtHVsnIjAxTpWGN9XTJ8KXHZWCMx3mPweMk9sstCRLYh/7MXqhFfVvMfhR82JNkhxJBG+RvtuFp4ocMZNB7uZpTo/RzvJFGJbOre1NcUzKKd2Riq+8liGS7xrhxdN0a0+sfcGznJP/+qcc5vsuwnaqceGwlXH30Yav6MArBKCsvXLjA2bNnWVxcrPvIRtk7qhw0DCRyt9tlbW2Nn/3sZ5w+fZrHHnuMP/7jP+bIkSP1GFEgp+ePXK/vbPr7vbS0xIsvvsh/+S//hQsXLtSCM8/zWm7G8/R6PZxzvP/++/zd3/0di4uL/NVf/RUAO3fuxFo7smdxO7EcyzIvLi7y8ssvs7KyUp8r7lOaBLbWUpYlhw4d4p577uHAgQON/sunT5/mjTfe4NKlS3X557ZE/jAiuH090n1Ox4nPp0JYRLh27RrvvvsuL7zwAt/4xjdUACuKoiiKoijKLYQKYEVRFEVRFEX53NCUg9558IZMfChRK6GHbnSeuXf0xNGlYMz3Q09Ul4UXxZE7S+7X6JCTY0Na2A+qLUcBOchx+vr7mPyMaeG2d8t9kHPj3nFwwvB7J/YxM9Hj+y/9hl9/sMLVcp21jkOy1p8sbe+8FQ89dEwQagNZmAhikbq8r7OVtMPhfcm4XebQOHzz8a/wpQOznJgWdgBjEPYYU/WBjclNV3d+3U7GsUn48999mB+cep+fn1/k3OI6S8UKpTHknQxvLeIEkawhsIckXdz364gkL+DcelXdOZayBpEM8Uka0luMLcAWTPiSnR3HvUf289ide3n04Ay7DYy7WJI43FfOVLIUR46nB3RsgRiDsSW+tGQZlQ2tOi2LwbkCCNI4c7HfscPcAP8b+/FuWC35I90rga0kbwfvLTYcMySlPblbYaxYYW4q54u3HeGrRw9wzw7DTmCCII07hD7UVoDqTvKSfrRjICbbH5SIEnNhYYFnnnmGkydP0u/3EZE6SWutHbq3NkoPxxLJzzzzDK+//jqPPPIIDz74IAcOHGBubo4sy+oxUrncFq5RlFprKYqCsbGx+hxnzpzh2Wef5cyZM3UJ5vjeVITGtUXZeeXKFX7wgx9gjOHpp59m586ddXK2KIpNSy6LCAsLC/ziF7/gV7/6VZ2gjaI8TbjHc6+vr/O1r32NO+64oyFc19bWeOmllzh16lR9Pmtt41zXK5vdvo5xL1PBm/ZqTq93On48zhjD/Pw8zz77LF/+8pfrEt6KoiiKoiiKonz+UQGsKIqiKIqiKJ9jpE64hj6lmYQEYtcWdNevMra2wDbp0jVVMswHKee9RyjpOMdMtkZvzdDzh0PZZMygtC9R8lYNdivbFXK0icgYMTeDo2uEbcAdUz0m7tjHjMl49ewCZ66ucGF5lcW1da72+0lf1huAN7VEHchCh/ggSo0PZaq9dfQ6OdsnO+yYmeLw9C6OzW3jy8e2s7cb0ssdBqWpwWEa8xwkjbuE4x/cM03P9Diy/QpvXljgnUuLXO2vsdRfZ6VchyiAN5t+JffFbC6AHSBR+ppQuNjX8jicQ3DkzjHRMeyc7LF3apxj+3Zx14FdHNs1wb4ejPsq/W0rAVmtMfQLFnpln/GVS8wWHWzepfQZ3lt81hSSeFN9esBUCeDqRXFbE6zXIa7tBhWUbnCj7r6OCJOdnF3THQ7M7ODY3lnuP7iHY7vGmJUof8MHEeJtJdCsod5ilCi11nLt2jWeeeYZnnvuOc6ePRvWUQnFVP6mwrYtFtOfrbXMz8+zsLDAxYsXeeONNzh8+DBHjhxh165dzM7Osm3bNqampuj1erUUjiJ2dXWVxcVFrly5wqVLl1hcXGT//v3cd999zMzMMD09zbFjx3jttdd4//33sdbWQjNdYyQVpWfPnuW73/0u3nv+4A/+gP3799eie6iKQLJW7z3vvvsu//t//2/m5+fpdru1MN6o/+/09DQPPfQQu3fvbszt9ddf5+TJk7z77rt1sjhNEY8qRz2KUetNpfGoctujRH6c/+rqKidPnuRXv/oVjz76KLOzsxueW1EURVEURVGUzw8qgBVFURRFURTlc0pIfbogaH3sd5thgPHMsW+6y737Z1nJu/Sl03iv95ZMPLmF6bEeB2d69KrytkhSCpdWaNILSCVOYgq5mgtUYhWImq4jgiB0ESZ6wp4Tc9y9a4rffHCN0wvXOHdlicsrq6xX/WNhMOZHxY2QyaYqH21E6p+Nh5mxDvu2jXN4bpY7d+3g9tkeUwTx26lKHJu6fLEJ/YIZlsBdgkTNgendXY7NzvGbuQneOHOJC6t9zi9e40pRVsJna7rRbqHvqqnEdmYMFo+VKqVshAwh8yHBu7ObcWTXLAe3T3N0/y52jWWMEcpbdwUy5/ESUpkOiDWJBceu8ZwHDuziijVYyXEmw2Ox2Govk72v1paWZr7RynZLpbFvMGYLt6QAExlsnxznyLYpjs1t547ds+wag64HU5T0OjlZy4YbT/1L1k43p6IvlYrLy8u89NJLfOc73+HMmTM452qxGcsjiwjGmDotCk0x2k6s5nlOlmV47/nNb37D2bNnmZmZYffu3ezbt4+9e/eye/duZmdnmZiYYGxsDGMMRVGwtrbG1atXuXz5MufOneP8+fMsLi5y4MABrLXcf//97Nu3jz/8wz+kKAqeffZZzp49i7W2TgO315lK0VgO+jvf+Q6dTocnnniCw4cP1xJ61Hoi1lrGxsZ47LHHGuWx25LWWku32+XAgQMcPXqUiYmJxlwWFxfZtm0b9957L+Pj43Xp53YierOy2Julg6/HqPtARCjLsi5z3e/3P/S4iqIoiqIoiqJ8NhE/6uOjiqIoiqIoiqJ8hhgWaLGjqbUWT0mGhyzDY1gHrpFxFVhysC5QyCC/G/uNZgyk5fbqMUlZlTcO4wPgZZAs9YNErGsJ4CjJwp8gg5KuFo/DYMXQByywDKxUX9cI3WM348P8UbOZWjEM9sEQkrsTyWOSsB/eWjLvyHJTl3mGUPR5MFJyrqp27zphfSVhXSvVY8nDmoye20Zr26oiimuK503DpDlBZo8B09UaO4Ryz7l35JKRI1UqNbzTO0/pLZJlWDwLZFwCFi1INlrnDrLQzedu5F+jn4T4TdmKuu8S9neaINfHPXTx5L6kk3zIYYjU/IpvCOfYmzbtd3vq1Cn+5m/+hn/5l3+p+wFvVu45LTEMNJKrkTh+2o+3KIpaLmdZhjGmLqGcHl8UBUVR1D104/n7/T5PPvkk3/72t/niF7/I+Pg4RVHwN3/zN3zve9/j3LlzdDqdeo3pvNP5xudjyee//Mu/5Omnn2ZmZoZOp9NYq/e+7o8M0O/3WV5eptvtNvYhTVTH8xtjGBsbo9vtNsSutZa1tbV6jmmp5rT8dbxOGwnejyOANxoj7nmv12N8fLxORiuKoiiKoiiK8ulhcXERgBdeeOFjj/XQQw8BmgBWFEVRFEVRlM81JjN4n+ErNRmkn2e8SopNmyAG2x4uHgtBao0BPe+D4KpeqCWUT+Se+MZgo4RWEBODEqcmRIXxzjNhMgrnMeIZE8MsQVrG8a/nC7eSnU1nlMrQKL4dzbV3CH84dQmyzrgq/ywG7yRZo0NGas4gOsV6coHMCGMSxovidacMdY5t8FE9aVpM2iXj2OT1jIGY7BCFsanKWYd3eWHQ4VlclZD2iMA0GTmwK2vubclAPg+Kg9PMSMtHX9tG3IwS0Ndj1H3Xvs/ihyriBws6QCaQeV8lz124T1olwH01mKv6G2cE2S3O1zK2LXijbEx75m6UgE2TqVF4pn1wY5K1nV41xtRyNp4vfr++vk5ZlrUQjsnjKInjWJ1Ohx//+Me1HP76179Onuf8u3/37+j1evyv//W/agmcStVutzuUZo09b8uy5B//8R+5evUqf/Znf8bBgwcb0rqdeO52u0PyN13jqORxW+pmWVb31017FLeJ12ozrlci+nqMkveRjzOuoiiKoiiKoiifLVQAK4qiKIqiKMpniq3pLY/HV0IDaUol42FMLB0M3ktLCgwLzCCtfKj/PMLWiUlFY4yxuqGEaivESJUBDT+L0PEe8ZYcTw+wvsR5jzfNP1tkg+zrVvu0CqEPsmuLsLqHrAuy0xs8JblkCJaMIN3EG7yEcsYGqn9dPXrQwy70vK10p8eBF3Lx4IJ+7WVCnqSnByM01+c3UKQfZr2D8aOiDqXBxRsyEaQqeR3HjOWlnbGIZDgPJUFgAxgjoby0c4wJjEm3WmkoOZ1e6wwZ7HV9r8VrkK7849Euj/zb5np9jOtkpgkJXucsxkjo91vhWlc1lebpfZJVXxHBdHLEU8tRgJ07d/LlL3+ZX/7ylywvL9flntN5RNGYysL0a5S/7fe2E6axjHS6ThFpJJJjCjl+H0W0MaFKwYsvvkin02F8fJwvfOELTE1N8dRTTyEi/OM//iPnz5+n0+nUY5RlOTTndOyFhQWee+45nHP8xV/8Bbt3764l8tD1qN4T5eyoPsipOG9/nyZ6R609PV86/igZm5aq/jCk1769hhuRKlYURVEURVEU5bNH9td//dd//UlPQlEURVEURVGUrbK1vKSHxIil+csg5IIM8BiEXEBiP1sgF48Qfs4bOtJXAq/KdUo4hSEVWFXP4evMT+p/BR8TwWJwPkhBqcb13tMxeehXmzxyTOPnIGJlyw9BwjlEBo8q4xoFsZFq/Go/8B6HC6WGJR5JvZdxn+sdk8FzcX0igpUo7zxePOKlLh9sgEyk/t5U12vUY+trHaRR49qo9iuL1z762fiaCJhwf4gE+S8S9seJB++C+RdTic+suisGYxkxjb00ks6ruvpSScgb8JAPsSc35XG9+Xmq6+GTeyb8FiLx7hut9T1Sp4fj/YskUi8Rh1FATk9Ps76+zsLCAisrK+H6JseEt40uCw00UsOj+u62j0/H2OjRfk+Uy2tra1y7do1r166xY8cOZmZm2LlzJ9u3b2dsbIxz586xsrLSSCqn/Yp9a/3OOZaXl5mfn+fatWvs3buXycnJofLL7bRvez1pGrc975h4bqevRwnjUfu7mZD9OLJ2o2ubzk1RFEVRFEVRlE8XscLR+++//7HH2rt3L6ACWFEURVEURVE+Y2xdAEslHOsasgiZGLx3ta6Uquuv4EMpWnyVBvXhEWONPohPVx9N1FBVz9/waM8u7ambIsm/0VN7wApYHBlZLaSNyaOyrd8Vf5LGz1v7L52D8SETK7HAsQzGzAAj4L2t3+PE4yuRiQTZm8q8OtFcSzpfid4s7JsB68GFE1d75MFXPYUxtSC93kPkeisdXFupxLQgoe+uBLlvgCxOxUidYhUJ8tcTxW+86mFE5x3GVIlO8vDZAA+5NxiTCMJkn0Mb5KZ8MtdZwafhv63cXYbRUl58sgf1PgIiOBGQ+FGL6gpJc4fi9/FjBRI/g9HCxPdWjyzLmJqa4sCBA1y7do0rV640JHBM7aYiNb4GNEpBQzP5G0Vp2lu4LUDbjBKk6c9ZlrG2tsb58+dZW1tj+/btzMzMMDc3x6FDh+j3+1y4cIGVlZVGaetYojkdN004Ly4u8sYbbzA9Pc3MzAxTU1PkeT5yzaNKPLfXFM+RJqI3OvZ6P99IAdzez7YUT19TAawoiqIoiqIonz5UACuKoiiKoijKLU9VmhcS7Qrt/5d+EE9VwlQGwkbiGL4qAVzJgAxJ0nChJ6mYKj/qBslevIl2uU6XGpKysjH8yiBpOmrWUmuxZunekEo1tYAUMRhJhK+PMm0wwod5jBbRg2d9IoDjOnxaoliETKIUc4jJ6qMGIyayCwmlpEWqBLFUiVpBfJTIlQQT07xW15E1198DX+9XlK/io9R19TFZFNiNzZH6Ovn653A9BMFIkPLeewRDlhmMqe4vaZX7jvvZksLpygybreOTeaRX9HoPkq8bMyjoLL76CIUI4TMagzsx3B6C8S78/jKQwkYkGWlwRpNIv4iIsHPnTg4ePMj6+jpnzpxhdXUVa23jmPhVWmOkP29Umjg9tl1iOoritH9wfC2K5bR0sfeeoij49a9/TVmW7Nq1iz179jA9Pc0XvvAFzp8/z/nz51laWiLP80Yv4XQdadlqEaEsS1599VXyPGdubo5t27bV4nqrSeZ0vfG8UVy3j20L6Y3G3YyPKmnba4rfW2uH0s+KoiiKoiiKonx6UAGsKIqiKIqiKLc8tdqjKRpH4wWMb0okEfCmJRtJZVDQcfErAMZgJG+U8q2lVP1vLOfcPB/1TFtiNEovic/FJK7H4Ijp2UHB4GQXPqLIaMu6VKe5oSHjPkQRnVEnaaUpRKVhT4f1oJeB7BMZlAyWRKx5YZAu3sparrsHnuZ1CdORqj9zeH/sOiuN+yGMH+4RJPQUdSJVPlnq1HCQwaaWu178UC/eVEBvuJYtrfi3y9ay9gO2IoBFJFTOFqmuRfUhCjGDUtHVdalFdJLADp2XW2WbodF/uJ34nJycZP/+/XS7XU6ePEmWZUPSNEpLay39fp+yLPHes7q6SlEUeO/rvrab9dGNY8Z0cfw+itg0UZyWa45iNc7hlVdeodPpsH//fnbt2oUxhiNHjlCWJe+//z5XrlwZWkcsx5zugXOOTqeDtZZz586xtrbG4cOH2bFjR0OWtpO8G/1ujUrUXu+YUc/fLAG80blHlbdWFEVRFEVRFOXTw80QwPnHHklRFEVRFEVRlE+IKGJc49k0BRiUpa+OqVSfDKu4IHtrj9d6LZRD3piBjA79X0OCd9RMIRaKHoiQwdjx5E3F1VhdIwE5evzrYaoxBcGLG8ylMT/TeIdU6g2yKsfcLv26Qe9Wn6x1SIp7RLL6tVhAe3ClAh9d3Jj6emb1XAbrjTsb5jGQ7EMpQoImjnPKCPY3HJdVZwop8VSDSvu+rNY5eqc+zBX87XAjZtS8ds2PHWSN59J7rtrHao+NTz+cEFP06ajxwwijPyTR6XTYt28fTzzxBMYY/v7v/54rV64A1ElagLIs2b17Nw888ABf/vKXmZmZ4fLly7z11lu8/PLLvPXWWzjn6oRtFLDW2joVG0VufA4GKd9er1enj9tlir33dWnnffv2ce+99/KVr3yFubm5ej1zc3N885vfpNfr8Z3vfIfzNYaVAAAgAElEQVT5+fmhPsD1LiUlrLMsw1rL1atXee6551hdXeU//+f/zLZt2+h2uw1ZnArUzRLCW5HFH4WPM9bNmpOiKIqiKIqiKJ9NNAGsKIqiKIqiKJ9BfOunjf7f/UEEtBO0gh8StDdWwI32D1Wm0Q9EWCoqXCVBJRHKQYUNJ4DbjCqDPZqob2Px7DbD5xq06x0U3h2kXAedYjed33UTsNL4/mbom5hAHjyRrN/HxPdwmjMthWzqftKxz+pg7MGeDvY27l1aGnyDbOXHWttnA9/6Cu3fy+HXq2c22J6Ywr7eHRN7Au/duxcRYXFxkeXlZYqiAKAoCu644w6+/vWv84d/+Ic8+uijHD16lEOHDrF//34OHDjAoUOH2LFjB8YYiqJgfX29lq/tVPBW0q7e+zqhu3PnTk6cOMFjjz3G448/zuOPP85dd93F9u3bG6nimZkZduzYwdjYGG+//TZra2uNks/xfKPSzSLC6uoqly5dYmlpienpaSYnJxsSuD3frSZ2FUVRFEVRFEVRPg5aAlpRFEVRFEVRFGBjAZym4CCKi6a8CGnCgcSD35YATuc3kDX1a9W/sUtwTOKm5aI3Y2sSeFCMenQ/YBkIX2mrtVbJbRnkWdvnbV+HT4MArmYy2HNpi8hmMjt9RXwiwqt/0iUOBPAAk75OumejuBUE240VwOnduZU7JssyJicnuf322ymKgqWlJfr9Pr1ej7179/L7v//7/P7v/z733nsv3W4XgF6vx65du7jzzju599572bt3Lzt37kREWFlZYWVlpSF/RwnTdqI2FbIAJ06c4NFHH+VrX/saTz31FI888ggHDx5kYmJiZF/h7du3c/DgQebn5/nggw9YW1urBXDaU7ixVzLoCby6usprr71GnufMzs4yMzMzUgJvlvpVFEVRFEVRFEW5kagAVhRFURRFURQFiAJzUNpZ6gRnLAdb9W8doUUHMmnQI9YgG8jjj0Y6l9GP9vGxi24qplO5df25bE1h+7owcVqQd5CTHpzHNGSlQ3wloyupbsRscWafLgEMsbSzqW6GYQk5JL82cpbxqRECOIpjSd5jNrynbgW5lt7X7X1vFP0eeqSJ/cGzzXtmM1IJOzU1xYEDB2rBeuDAAf7Nv/k3PPnkkxw8eLB+T1mWjfRtt9tl//793H///ezfv59+v8/p06cBGn188zyvyzk3SoknaeH4/OzsLH/5l3/J008/zd13383ExARZlo0s65yWZB4bG+O+++7j4sWLfPDBB6yurjbKSKflpWN56nQvvPe89dZbZFnG3Nwcu3btauyTCmBFURRFURRFUX6baA9gRVEURVEURbnlSfuqjiphfL33fDrx3lelgm+2ZGlqYqmfiXuU9ljdOJF5I4jSri1OP2uMEmPms72km8gn1+tYRMjzHO89u3fv5o/+6I948sknAeh2u3Q6nUY6N/05CtWyLOl0Ohw/fpz19XXm5+f5wQ9+QKfTodPp4JyjKIpGT+A4HtDoNzw2Nsa3vvUt7rnnHqanp+vj4nvTtHBb4BpjmJ2d5T/8h//A5OQkzz77LJcvX6bX69X9f2OJ6TzPKcuyfj72L+73+zzzzDOMjY1x7733Dp3HOTckjxVFURRFURRFUT4rqABWFEVRFEVRlM8RUbS4RPoaETy2dWQsXdyWnRsxSiKb+rVhB+hHHLeVcTcqqnyjJLYZ/qkVkg576HD44bk0+uimc2qJ5XZ6cJMZ3by874fbszDnUWWKSZZnNpytIfQEdskB7dLFjk9SgX6yOAyyJZlYCUyR+sbZasIXhsuPN0auSiTneY4xhl6vN1RmuT1uFLmxXy9Anuds376dI0eO1M9ZO/jfmDStG9+bSuGyLMmyjEceeYTt27c35mCtbfTzjc+npaZjinjXrl08/fTT9Ho9/uEf/oHV1dWhFG/8JH2a6o3nWFlZqd/TnrOiKIqiKIqiKMpnmVv1b29FURRFURRFuWVwLRFoCAlN40P69JNIoAZJ6EY8d9PPjMFV53Zhb2RYlNp6Z3zjvaO//3zjkoet/vPestkeOAkCsy79Wz1udZy073M39Bg+5uOTlkSOP7fLHEt6vVrll2Pqti1h8zxv9M9NE7/t8s3t+cQUbxTI8X3t40fNNR6b5zlHjhyp+wfHJHE6j43eG9fT3pv0fYqiKIqiKIqiKJ9VNAGsKIqiKIqiKJ9TggJxVVddSdK+IBLkpvGV0PkEXMdvR/gOnRUIEnxQ9Pk6n4sVV/X+Td91a5Hmghsdg4ck2WAvPW4od34zuxt/lnCSlhzfiEGB8htFW8ymorNddjk+lx7Xfi/Q6OkbnzfGYK2tE8ej5GpMBbfP0y4fHc8xKpUbx7j99tv59re/TVEU/PznP2dhYaGWzFmW1T2K2+fYTPK216soiqIoiqIoivJZQhPAiqIoiqIoivK5ZpP/k9/rnwNb/5Po4+2V2eIIxv82/0jb6qwG0ndzfdsey3yIx63KZmsf/ZoZ8d/1SCVsFKAwOpmbHj8qkRuf73a7bNu2DWMMzrmG7E378EYRG59L5zA2NlYL5FTGpvPbrCxzlmWICGNjYxw7doz/9J/+E48++ihTU1OUZQmEcs+xPHUqddPzbiSCr/e6oiiKoiiKoijKp5Vb+S9tRVEURVEURflcI0RhV0k2nzxu2T8FtioeW3umaHb3pvHJSPGtis2NjpuamuLo0aNMTU3hnKMsS5xzjV7AUbJaa+vev6urq+R5ztGjR9m+fTt5ProwWSqq48+bkWUZs7Oz/NVf/RVPPPEE4+PjrKysNJLGqYSOqWCVu4qiKIqiKIqifB7REtCKoiiKoiiK8pnCJP8mSPuoEQKpdUzbe2wuQj58UnEU8RxZ8u8nxZZmfYPd0ObnlBt8vq0lQ693HUaOssE8ReQTvqqfXv5/9s6sN44kO9tvLdxXUQupfd+6tXRrZnrBzOcewIAB3/jGV4b/gAHf+NcZhmHDAwymZ9QttaSWWmq1qKUliqLEVdxZrKr8LoiTPHkqIjOrWCSzyPcFiCIzYzkRcZ4TJCMycqMfpeO2r5fSLmi63otbj7q6unDu3Dn867/+K/7nf/4HL1++xOLiIkqlEkqlUmRxtVAooLOzEwMDAzh48CCuXLmCb775Bt3d3ZEnk5Ps008oA9EnhOWdwIODg/iHf/gHBEGA//3f/8Xc3ByKxWL4tLBd9HUdfc1FYYqiKIqiKIqiWl1cAKYoiqIoiqIoiqIoKrVk0XRgYADffPMNDh06hHfv3mFlZQXlchnr6+sAEFmcbW9vR1dXFwYHB3HixAmcPXs28oRvI3ItEre1teHixYsIggDFYhH/+Z//iZWVlRrb5XuKoiiKoiiKoqi9KC4AUxRFURRFURRFURSVWrJwWiwWMTw8jCNHjkSezpVFVvle7sn7gO0Tt82wRb+vt7e3F59++il6enqwtLSE27dvY35+PlKntokLwRRFURRFURRF7TXxZVYURVEURVEURVEURaVWPp/3Pr1rF1n1e4Eljz3KOa3sYq3Ob7/v6OjAhQsX8B//8R+4du0aOjo6Iu8DBqLvBLa2UxRFURRFURRFtbK4AExRFEVRFEVRFEVRVF2SxVi9KGsXdOVJ4EKhUJMvl8uhUqnULMLGSZ7wTbqm1dvbi3/5l3/BF198gfb2dpRKpci7ie2iNEVRFEVRFEVR1F4QF4ApiqIoiqIoiqIoikotvYgL1C7C6iOe9VHQ8jMAVCoV5HK5ut4DXO8CcKFQQLFYxMWLF/HP//zP+Md//Ef09vaGC8920ZfHQVMURVEURVEUtVfEdwBTFEVRFEVRFEVRFNUUuRZ77WKxvbZddoj6+vrwySefAABKpRL+67/+CwCci8AURVEURVEURVF7QVwApiiKoiiKoiiKoiiqbulFXLugq68DG+//1U/YFgqFmieJm22btqW7uxuffPIJCoUC3r59i2fPnmFxcdH5NDNFURRFURRFUVSri0dAUxRFURRFURRFURSVWvbYZVlslYVUvdirj3l2HbGc9A7fRuR7ArmnpwdXr17Fv//7v+PKlSvo7u6O2JHP5yN5+HQwRVEURVEURVGtKi4AUxRFURRFURRFURRVt+w7gO0TwPW8r7eZkoVc/fSxqKurC5cvX8a//du/4auvvkJHR0d4j0dCUxRFURRFURS1V8QjoCmKoiiKoiiKoiiKqktJC7mu+64F4Z2QPM0rTwJ3dHTg3Llz+Kd/+ie0tbUhl8uFi788ApqiKIqiKIqiqL0gLgBTFEVRFEVRFEVRFLXn5HsnsRwHfe3atcT0FEVRFEVRFEVRrSguAFMURVEURVEURVEUtWfkOsbZ9fRxX1+f91hq+x5hiqIoiqIoiqKoVhLfAUxRFEVRFEVRFEVR1J6TXtyVJ3/lfcD6WGhg4/2/kofvAaYoiqIoiqIoqtXFJ4ApiqIoiqIoiqIoitoX0ou7shgsi7/2vv6ZTwJTFEVRFEVRFNVK4hPAFEVRFEVRFEVRFEXtGclibbVajSzo6u/lSV+7wKt/5tPAFEVRFEVRFEW1qrgATFEURVEURVEURVHUnlWap3ddi71ybDRFURRFURRFUVSriQvAFEVRFEVRFEVRFEXtWSU9xeta5OWTvxRFURRFURRFtbK4AExRFEVRFEVRFEVR1J6RLN7m83nvE7yu63Lss+8+RVEURVEURVFUq6i42wZQFEVRFEVRFEVRFEXttLjIS1EURVEURVHUXhUXgCmKoiiKoiiKoiiK2jOyC7v1PAVcz32KoiiKoiiKoqisikdAUxRFURRFURRFURRFURRFURRFURRF7RFxAZiiKIqiKIqiKIqiKIqiKIqiKIqiKGqPiAvAFEVRFEVRFEVRFEVRFEVRFEVRFEVRe0SZfQdwpVJBEAQIgiC8Vs/7d4IgQC6XC/Pn83nkcjlUq9WG7NF2WHvkU9LIZy6XC22oVCrhz3KtWq2iUqmgXC6jWq0iCALk83nk8/mw7XJd8kk7bN9odXV1IZ/Ph3l9die11bbD2q9tyOVyKBQK3j522WGvpR1fl13SV/WUFddOuS7f676UMdLXdH0y3pVKJbRJl2sV5z86TVtbGwBgfX0d1Wo1to16HGzdtt8LhULoVzZvPp9HoVDwtlWXSVbJqi8fWSWrvvKsyCpZJaubZZJVsurLR1bJqq88K7JKVsnqZplklaz68pFVsuorz4qsklWyulkmWSWrvnytwGpPT0+qNu0FZXYBOC5QZUE6kAhAGi5xRHE6CdRyDUD4mcvlwklCBxBdvnwfF0TS2Guv6bJ8cOtJQdJJm0QSAOW+BtH2V1IbbHButsQG3X4bSEQ6aNr2uQKqBJqkttQzMbrsT5r0dTu1zbatYq8Nmr62uurQIqtktZkiq2SVrJJVskpW5XuyunWRVbJKVskqWSWr8j1Z3brIKlklq2SVrJJV+Z6sbl07yep+UmYXgO0g73RAcdVng53LqZLsDIKNnQZSTi6XQ7FYRKFQCHcgyH2dRtenbWhGG11B3QYxm04CiQ0aFjrJ7wournFt9ji7JivbXgu/q19cgdYGRuuzhUIhsmsqaRJNqyQmbNm6PpkYZEeXrw2+Poirl6yS1Wa00dcOgKySVX+5ZJWsktXmiaySVbJKVskqWSWrzRNZJatklaySVbJKVpsnskpWm8HqflJLLADrT33P9XMzIHNJw2XrjnM4nTeXy9XsFNGBWF+TI7BddjSiOEh9gcT2uet4Al+/pLHBN6b62IlmKm58dBq9S8Y3BjqQ6KBodw25Jh7djzYApQmmaSYtn836mA+xzbbXjqedDHx2ktVaOxoRWSWrZJWsklWyKtf1p26f62ey6hZZJatklaySVbIq1/Wnbp/rZ7LqFlklq2SVrJJVsirX9adun+tnsuoWWd0dVveTMrsALPIFIrm3lXJ1WVb6uk2jg4c4ng8ql+02gOqz5ovFIvL5PNbX1yPvD5B+8NnSiOyk44ILQM07DPSnnYTsBGbHSrfD5ttKWxqVbYcOJGnSx42LBBbJpydQexxDPW23x1P4JGXKEQey20vbZ+207fT5hK5D9wlZJavbJbJKVn15ySpZJav1iaySVWsfWa1tJ1klq2SVrKYVWSWr1j6yWttOskpWySpZTSuySlatfdvB6n5SSywA+wZsJ6TrFOfQYCRJO50OjLpcew9AeCyD7CyR3SVJQbARSd/K7gdtr939Ip/WljSB1NVeV9CuJ7A00g96l0faIGLT1zP2Uqed/OUXAF9Zvn7QYxUnPeHbXWh2XH1Bsp4AT1bJapLt9YqsklWXyGqtyCpZ3Q6RVbKqRVaT20tWyarP9npFVsmqS2S1VmSVrG6HyCpZ1SKrye0lq2TVZ3u92klW95MyvQCsB8PlgNaRGhk8C3FaO+op1+a3sOh0EjgkmNigInA3w1GlL/WEBGy+AF4+7SRjgXIFkzSQ2za4xnar7YyzyxUwXXnkmsvefD7vHA+Xb9rJRCZjO+HU2yZdvtzXviPpte+4WEqqO66PyCpZJavJbdLly32ySlZ1H5BVsuq6R1bJaiMiq2S1nnLJqltklazWI7JKVskqWSWr8SKrZLUekVWyuhOs7gdlegFYK26wmj1wury4nTmuul1pG7FPH+0gQSWfz6NardYElXrL18C6Jp40k5ArANldGrouW7fc1+l8eeqVL7/YZyfAtJODLlv3W5LNus16QrS7d3zvEHDZ4us3KVcmIUnvC5hJQdTWl0ZklazW2z4rskpWtcjqhshqrT1klaySVXf7rMgqWdUiqxsiq7X2kFWySlbd7bMiq2RVi6xuiKzW2kNWySpZdbfPardY3S/K9AKwHiA94Gkd1aekYGfrcjlSUrm6fB/wGiBbvji8Dij6+AgJKPox+CCo3fmh7+mydP06IOh2+CYHX5/VE/BdQUVfSwOnyz90O1335DPNDpK09Vq/8Pmf9JGMkc1nfxHQZWk/Evtt/4qPyJcvYKbhJG6S9PmyKy1ZJau2TLJKVskqWU2ql6ySVbIaL7JKVskqWa2nXrJKVslqvMgqWSWrZLWeeskqWSWr8Wo1Vve6Mr0ArKWDonxqp3eB7rsv0GmYbbmNOlo9ipsgbDt0WySwA0CpVIrsGJKAL99XKpVIOyQ/gJoz6nU6l3zB3dX3afssLjDb4Oey1eaRL1dAcfVFWlk/cZXhm+RENtDriQDYeIdAsViMvEjetk2PvS5XdhvpsuuZrG1bXb9UpBVZJatklay6yiWrtSKrZDWNyCpZJatk1VUuWa0VWSWraURWySpZJauucslqrcgqWU0jskpWW53Vva6WWQCuRzLI2rHi5ApQWZZuU3t7O4IgQLlcRqVSqQk2wMYkUCwWw7x6Usmy47vGzhW45Gdps54oZMeNPp4h6xL79W4hGVNppw60ul32mImst5esklWySlazILJKVskqWc2SyCpZtSKr2RRZJatWZDWbIqtk1YqsZlNklaxakdVsar+y2qraMwvAOiBoh7GBUQca/fh8qwUSu7ukra0NxWIx3AWk0+gdJtJOe3REFqVt1gHCjqVITyA6kLTCuAKoCfB6stdfxWIx0ibd5lbwY7JKVslqa/gxWSWrZLU1/JisklWy2hp+TFbJKlltDT8mq2SVrLaGH5NVskpWW8OPySpZbXVWW10ttwCsIXFJ37Ow6Lw6eLRKIBHZoC8BRU8Uck/u6x1BQLZ3kWjZ4GmDif7UbbQTRCu0V0/8sjNGT4b6GlA74Yuy0laySlbJKlltFZFVsgqQ1VYQWSWrAFltBZFVsgqQ1VYQWSWrAFltBZFVsgqQ1VYQWd2brLa6Wm4BGEh2DOt4Fi59pIJO30hdOyFrn7ZJ7unH5e19abMGKwvtSitXsJcAI5+udrZae3UbXbt97OTnmvRFWWkvWSWrZJWs1lvXToisklV9n6w2VtdOiKySVX2frDZW106IrJJVfZ+sNlbXToisklV9n6w2VtdOiKySVX2frDZW106IrO4PVltdLbkAHCcdOORTnA7YgE6/WDqujFaQ2CovB69Wq2hrawt3Ccm1VgTKjqVIBwn52XV0gCvoZrkPCoUCANRM6HqHkATPuHc8tMqYk1WyavO78mRRZJWstsK4uURWySpZbQ2RVbJKVltDZJWsktXWEFklq2S1NURWySpZbQ3tN1ZbXXtuAXi/SoKFnCUPuHdh7DW5Jr69KD3xy5eeMHUaKtsiq3vbT8nq3hFZ3dt+Slb3jsjq3vZTsrp3RFb3tp+S1b0jsrq3/ZSs7h2R1b3tp2R174is0k93W3tuAdjCY51MXq6t07Vy4BSYCoVC5Dx53aZ8Ph+706KVpCdALRnXVj5OwDU+Mp5695fsFAKiZ+hrtVp7AbJKVslqVkVWySpZbY3xJatklay2xviSVbJKVltjfMkqWSWrrTG+ZJWsktXWGF+ySlZbldVW155bAAZqncc6UqFQCM+TdwUVV55m25ck3y4QF0SuycHuLpEA4woqWd1x4poY9NjqXTNAdEJ0tTXrkokBQGQ8XcFQ7ks+VztbIYCSVbJKVslqs+xLElklq2SVrJLVbIqsklWy2hoiq2SVrLaGyCpZJautIbJKVskqtRNquQXgpADnC5SuHQa+8l1pkuD2AerK1wwHlzbaXUA+4GwAjbPPJ5vWF3y3Y3dO3Jjq76U/qtVqZOdQUjvTjHU9aqQ+PXa2vbat8kuCnfxdYxvXNtcvFHE+W8+YktXNOsgqWSWrZNUlsppeZJWs6jrIKlklq2TVJbKaXmSVrOo6yCpZJatk1SWyml5klazqOshq67K6F5XpBWCfs7pk4dHBUT5zuVz44m0BUT6DoHb3QRqHkLJ89tTTprQOKDtI9DEBGphisYggCMK2Agh3lUhbAUTaW09fu9qk+9led6WPq8eOpZUERRlT3XZXQPUdj1GPTTZt2nTa93zK5XKoVqsoFouRtHZc43w4jS/ZPkiyKSmNrz6yuimySlbJKlmNs90nsupPR1aTyyarZJWsuu3R9cbZlJTGVx9Z3RRZJatklazG2e4TWfWnI6vJZZNVskpW3fboeuNsSkrjq4+sboqstg6r+0mZXgDWcg2gz1G148j3epeB5JXv5edcbuPxe8mn7yfZVm874gKJAKKlA5+kr1QqqeuVtHaySConLTg7JTsR2nv60wYl3a++MbN5bTrfdXs/boLRviXj0dbW5rTDZ58tR8rSviXjqvO4jlywv2zoT11mWj8nq2QVIKtklawm2ZsVkVWySlbj7c2KyCpZJavx9mZFZJWsktV4e7MiskpWyWq8vVkRWSWrZDXe3qyolVnd62qZBWBR0mDZYKLT2aCp0+sdGjqfLqsZ0sHA1R5XMHYFAGBz54RtW5IsUBJAXbsuXCDqe660cXXaa2kmCJfNPjtcNtrg7TpWQad1yTdx+dLqtrlsk7pc45oU8HT9rj4UHysUCqE/6TKtb6WpS6dN+0sAWSWrVmSVrOr7zRJZjV4jq2SVrPpFVskqWU0WWY1eI6tklaz6RVbJKllNFlmNXiOrZJWs+kVWd5bV/aKWWwAG/A5uAU0LmC9w2HrinEfX5wpkNq2uz5dOBzZro6vdadpp8+oglcvlnLuF6qljK0oKJPpnC6zLF1xpXPW4/CZp0oqzPSnAuiaHtDuXkqTLkjrkust3kibxpEkgyS/IKlklq26RVbJKVtPbTlY3RVbJKll1i6ySVbKa3nayuimySlbJqltklayS1fS2k9VNkVWy2iqs7idlegE4DYz2U9/XDuFzDgtqpVKJTW8dJcnZ4gKrK+hJ3RpySaO/6g2YVho2W68NWK760kIWFyxd5SRNNHHXXEHd1f+uSSIpQPvaYO2Im4zkZzu2tj2uupNY0O20k4Ud07hJzCXdN3E2xtlHVsmqq0yySlbT2mjvk1WySlbJKlmtLZOsktW0Ntr7ZJWsklWySlZryySrZDWtjfY+WSWrZJWsktXaMrPG6n5Ryy0A20GOAzUJNBes8r3eNaNtcTlsPe2wu3L0o+0Csz7TXj7ty8615LrsPvFJO762qVKpoFKpRI5UkDp9u0vStl3kA99VVly5afrfB7F9Ebmkk77Vfeyzz/ZfGj8D4t8H4JvYbf1xaVz9Ie3RdYufa7+zEnvixjxpPF1lk1WymlSXiKyS1SSRVbJKVsmqTkdW3WWLyCpZTRJZJatklazqdGTVXbaIrJLVJJFVskpWyapOR1bdZYt2k9X9oEwvACfJ5+B2gCVQJAWnOAe3DihlNupI9mXmhULB6eBx9mklTRz12KSPMZD3B9QTPJPsSjOB1VNu3IRif9btsPn0pBwXuOvta3sER5zNW5XLh2WHlN6hpN8L4bKn2faRVaS6V69NZJWsktVNkVW3yOrWRFbJKlndrIus1i+yilT36rWJrJJVsropsuoWWd2ayCpZJaubdZHV+kVWkepevTaR1eayul+U2QXgJPDjpJ3BN/A2EPvqlZd2ixO5HLQe+6QsSSu7R1w7gqxT690iaYNMGjvtPalf7yzR9mxlUogL2Gnksj2uL3wBxfqInSjk09deX3B1+YiMW7Vadb6XQZfjyl+PfNzI5KTbKpOFntjiJt609Uk5aURW3fX67CSrZFWnJaub6cnqpshqtDyy6q+DrJJVskpWffWS1U2R1Wh5ZNVfB1klq2SVrPrqJaubIqvR8siqvw6ySla3m9X9okwvAKdx3LiBi3OyeoKbLkd20Yh0ELBpfWWJw+mdONpxfXY3AvFW8lvYZAJxpUlrQ1JeGxyS7ErKE1eWzm+v6/baMtL4pC7T7hxKkm6P9YWkyTGuTFueLdPW6Qv8ut90XrJKVuPsSspDVqP3ySpZTWtDUl6ySlbJKln12UVWyaqvLLLqz0tWySpZJas+u8gqWfWVRVb9eckqWSWrZNVn13azul+U2QVg3wDqQUob7OLS1TPoOmBYh3FB6ypbBxK7I0iX6ypDB5q0gEqZSYHV2qgDm5xvr+23tq+lr84AACAASURBVMS1Na4ul3yTVFKeeoKQy16fj+kdNfa+vqa/6qnXlqknumZNpva69jXbXn3NxZBNQ1bJKlklq640aURWyaq9r6+R1Wi9ZJWs+vKQVXd7XNfJqt9WnY6sxousktW4NGlEVsmqva+vkdVovWSVrPrykFV3e1zXyarfVp2OrMZrr7G6X9QSC8CNDI7OY0FtljRQciSAfSm11Cf3isViBBbXufHWfn0tDk5XOTaNr9y4a64Xcesg5ZokLJi6ra6JxWWrTzaPDW71tNMlOUJCBxJdtt4FJBOCfb+DnVwbVSP9k1baRqlLjrfQfSD3XGOWpt+TRFbdachqssgqWSWrZLVekdXmiKySVbJKVsmqX2S1OSKrZJWsktV6RFbdachqssgqWSWr+49VvXi+15X5BWDtmFmWHDNgA6X8XCgUUCwWI47mCjr2elak7dIwuQJD3Bn0WWpTklwBStvvOt/fdfxA1uWyVwdJVxo7rgBZzYrIKlm1echqNv2arJJVm4esZtOvySpZtXnIajb9mqySVZuHrGbTr8kqWbV5yGo2/ZqsklWbh6xm06/J6t5ltVnK7AJwq8nldK4gERdMsu6EOkCIbCBx5bG7UVxlurRbfaLHTF+z9tt09qz93VbawK3HVXbS2Px6LKSdWfdXn8gqWSWrrSGySlbJamuIrJJVstoaIqtklay2hsgqWSWrrSGySlbJamuIrJLVrLG60+ICcILigqd1dA2b3jEjQOkAYsu297ImV1CU6/pRekljX3jva5u9nmay0nVvp6zdrrGTtuojCGxf7YStW5Fup7ZZdgXZoJlVPyWrGyKrZJWsIpIuqyKrZJWsIpIuqyKrZJWsIpIuqyKrZJWsIpIuqyKrZJWsIpIuqyKrZJWsIpIuqyKrjbG6n5TZBeAsB0rAHUjE+fT3+poFzFWWOGMWHVHbptvpCop6wnC11ddGnc/mdcmmb7Z8tsvPEkhc7c3iGCbJBk/bv40E/90WWSWrZJWsklWyulsiq2RV35drZDV7IqtkVd+Xa2Q1eyKrZFXfl2tkNXsiq2RV35drZDV7IqtkVd+Xa2R1bymzC8B24LKgJOewQRPY3G0hP7vSZF12LHSgtF+utK0oHRziApxuu87bSnLZ62qXayztRJgVkVWyCpBVX94sjTVZJasAWfXlzdJYk1WyCpBVX94sjTVZJasAWfXlzdJYk1WyCpBVX94sjTVZJasAWfXlzdJYk1WyCuw9VpulzC4At5qsU9lH7HO5HIrFYmT3gc0vyqozaqgKhYJ3ctDBU/K1ouyk5mqrvia7S2Q3jfWBVpBrgrD3pH2tKrK6IbJKVrMusrohskpWsy6yuiGySlazLrK6IbJKVrMusrohskpWsy6yuiGySlazLrK6IbIaZXU/KfMLwHYlf7dscMnnWHrniP6SdPl83hlQbH273W6fNCS2Dba9IukX22dxQXU3lcaOuLa2omxglE97TdK6xn63205WoyKrGyKrZJWs7r7IKlklq2Q1qyKrZBUgq60gskpWAbLaCiKrZBUgq60gskpWAbK6H5TZBWALZRYGyAY+16cOErKjJAg2z5IXEF1HDPiCS1aUz+cjL0rX56jncjkUCgUEQYBKpRLpg7hdFVsZ1+30C2uzDhzS3mq16myryxd2w3/T+pOrrfKC9CDY3BVTqVTC9HbyJKvZElklq5KerJLVekRW40VWN0RWySpZJatZFVklq5KerJLVekRW40VWN0RWySpZJatZFVmtn9X9pEwvALvkciAbXJOCrb5vAU7KI2nkS9+XL+1EGj4AYUB15U9qa7ODja+f7HVrr7TRBk7ZJSOA2fxxNrjsqKcdzewbV3/oOmRMbTCRvLrdronC19/6fiPtSev3Oo3Lh/X46U+Z+IMgQKFQqGmvqz6y2hyRVbfIKlkFyKrPBpcd9bSDrJJVXzvJKlklq2TV11ay6m8HWSWrvnaSVbJKVsmqr61k1d8OskpWfe0kq2Q1Dav7SZldAK5Wq5EdJnrQfI4TB6RrYH3ptSSvBkzb5QLLVZYGUdskEOpAJMHIFUiSAmWSNOSuwOyS2CnBX+zzBR19TfpF+kzvtkgbBGxg0nZZOxuVDZY2gPjs0pK+kXYWCgUUCoXY9wdsZVytb6aRrqdQKCCfz2N9fT0cU5etkkZPiDqwWibIKlnV5drvXT/XI7JKVnU5co2sklWySlaTRFb9bSSrZFXyyTWySlbJKllNEln1t5GsklXJJ9fIKlklq2Q1SWTV38btYHU/KbMLwAKWfuzeBsutlq/L9EnAEefQAUTvhBGltVE7q3Zkgc0CK/dsXl2vDji2Xa72usrTAU4HBGmr3ilTj7S9tr2+SSJuUtPBJa0/uMbJ2uOytx5JHpn8pC+lryWN9KfUL0cxpKlTdu2IH2ofsu2y/V4sFsM0lUolnNBtP7r6w9XX+pcBskpWXSKrZNWKrJLVekRWyarcs3l1vWQ12Qab39rjsrcekVWyKvdsXl0vWU22wea39rjsrUdklazKPZtX10tWk22w+a09LnvrEVklq3LP5tX1ktVkG2x+a4/L3npEVsmq3LN5db1kNdkGm9/a47K3HllWi8XMLos2XZltqQVGnNsXgLQz+JwgyTFd98XRBDzZ7aF3j2jH9tmkr+l2aYB1fTIR6Hpkp4Ity/7s6gtf0LTBSu+Ukft6colrXxyAOjhKe/Vk5RtXl9Kmt33tur8d0m2tVqvhDivdXh1EdZ40Nmk27GTkmlDsLwV6MqxUKjV+4wuu2j7XLwBklaxakVWySlbJajNEVskqWa1tJ1klq/oeWSWr9YisklWyWttOskpW9T2ySlbrEVklq2S1tp1ZZ3U/KdMLwPoTiAYk7YQ2XZpypQxfXrmnd+zoIKKDrkvazrjyrV06eLp2e9gAnVSuveeCS8Ot2ypp9Q6StMEp6b7epWPb4xojVxlJ0rb4Ar/ukzSByZbvG1t9T/pSB2s9OelxjZvQXO2K6x/XhC+7XPQEkeRT1hZdh7aXrJJVXxlJIqtklaySVSmfrJJVsupvD1klqy6byCpZtWXo8skqWSWr/vaQVbLqsomsklVbhi6frJJVsupvT6uxul+U2QVgIOo0spPCOr4OXPUMXpogoMu3gcQGVZ0nyY44QFxOr23wlZ/Uft8925+2rXItaUKoRxo0KdvuYnHZ7guevgnFNz6uPGngT9MHrolUxq1arYaThBxNUU+/2rSuXwbkum/Sl4lf97ur/1x1Wd/XIqtkVdtOVsmq6zpZJauuupJEVskqWSWrZNV9naySVVddSSKrZJWsklWy6r5OVsmqq64kkVWySlZbk9X9pEwvAGvZwOLahaCDUyOyUEmwlO+lXFe6eoOZbZP9WY5ksLuFBHSd3geU/d4G7aQgIkozQdmx8N23ttnxiptQ7ISqA22SbXFByn4fZ7er3LhyXP0rvwzYsbV+5ipT1+mbsPVOJKnTjq3Up3cKxdUZ1y9x9pJVskpWySpZJatxdrvKJatklaySVVsmWUVoP1klq3F2u8olq2SVrJJVWyZZRWg/WSWrcXa7yiWrZJWstj6r+0mZXgB2OYoP7Dhntg7oGnAdLKV8DVaa8pslHRTFBhtYXEHbFVCsja5dG74govPaQK/BbqRtrvLkpeU6ePomCPlZ+kAHxSRtZcJJU7aWa2INggDlcjmyC0x8D3C3xWWvvqYnBrlXqVQik4+kiyuzUZFVskpW3eXaa2SVrEpesppOZDVqH1klq1lldW5uDh8+fAAAHDlyBIODg876ySpZ1Z8uG8kq59W4MhsVWSWrZNVdrr1GVsmq5CWr6URWo/aRVbLaKqzuJ2V6AVjL58yyk8Y6vM3jCiI2QOhAFQekrl++0oId52y+oCdtDIIgEuALhYK3XluuK+BKANHttf0sn0mBIy6QxbVXytb5XGPqqj8p0Lsmj7iA6SvfV19a+fpWTxY6yOv2xE341l8kveyAkuAM+Cf8NG1J+qXDiqySVV+dZJWs+mwgq7Uiq36RVbJKVrPH6vT0NEZHRwFsjM/g4CBZJatkNYOsukRWySpZJavySVbdNpDVWpFVv8gqWSWrrcHqflFmF4A1rHFpdFqgdgeMSxZaKUPg0jsUXGW5gNPf6zJ97fKVYwOgzWtB0ztgbL58Pl/Tjzp4SDtdwULbo4OnzzZfe+19W64tzxfc9LjqvLZtvgmkniAX10ZXPTaPb9JyXdNjIbuF9M4mV1ut/0ga2RUkE7/PdpcNaQOkz7fJKlklq2TVlk9WyaoVWXW3z5ajbfOJrJLVrLGatpxWYHVhYQEfPnzA/Pw8SqUSlpaWEAQBenp6kM/n0dfXh0OHDmFoaAjt7e1k1eQlq9lmlfOqW2SVrJJVshpXP1klq2SVrJLVvcfqflFmF4DjFOfIroHUTiiA6Xz2q141ks+2IS4AukC3QUm+bGBN09a4QOIC0gbBtJOGlSuYyKdMYrpsPRnq7312bCWQbEVxQch1X67b3T2uozJ8PqwnfZcdaQJ9mom7XpFVskpWySpZJatbFVndFFmNsvrnP/8Z09PTddVfLBbR3t6O4eFhnDlzBr29vZHypV6y2jy1AquVSgXPnz/H69evUSqVnGnX1tYAAFNTU3j58iVyuRw6Ojpw4cIFnD17NpKWrHJezTKrnFc3RVbJKlklq2SVrG5VZHVTZJWstiKre12ZXQBudED0i7ir1SqKxWIkeBYKhTCdOKzdPaIBatReXaeWPoIhjeLssNDncjkUCoVIG/SkYIOeyz4XkEkTmc7ra7er7Lgxtv0UBEFkbG1+/b3eJZPUhnpkA56+HjdOaXcn6SAvO8HkvRA6r0wSlUol9GNdj8vGNO2qJ00z+pOsklWySlbrbQtZjS+brEbLJat7n9VGVC6XUS6X8fLlS7x69QoHDhzA9evXMTAwUFMHWY3WsVdZHR8fx+PHj70Lvz4FQYDV1VXMzc3VlW8/ssp5lazqelw2pmlXPWk4r9aKrG7WRVbJKln1t4Os1tpLVsmqS2R1s65WZXW/KLMLwI1KBlrvRigWN5sZBBsvXteDr3ddCHDNcL7dkLbdNTnEwZ416WApknHN5/ORcZX0NmDKdcmzG21vtE6ZAOQXAJkIZYeXfLoCWSsEOLJKVskqWW0FkVWyKnWS1Wyrv78fHR0dAFDTJgAolUpYW1uL9EEQBJiZmcG3336L69ev4/jx47tjvBFZ3RlWgyDA6Ogonj9/Hsb0QqGAoaEhnDlzBiMjIzV5lpeXMTMzg3fv3mF6ehrr6+t1t2+/s8p5laxKnZxXsy2ySlalTrKabZFVsip1ktVsi6xmj9X9opZfAHY5hzhPtVpFuVwGsLmLRIKJ3RnQCoHSJx0AJTDKl0wOApKFzfaDDqpaOwGhzz67MwqIBhXJpycQbbPsLNotJfWdz4f1xCD9kM/nIxOEnfjk5yz6Mlklq2SVrLaKyCpZ1fmy6stkNcrVyZMnceXKlfC6POmrfRrY8PWpqSk8f/4cMzMzCIIA6+vr+PHHHxEEQc0iMFltXFlndXR0FKOjo2HegwcP4vr16+jq6kKhUEB7e3vNU8Hd3d3o7u7GiRMnAACzs7NYXV2tq53lchmvX7/GysoKLl26tG9Y5bxKViVfVn2Z8ypZJatktVVEVsmqzpdVXyarZDXrrO4XteQCsA10vjTWCa2TufJnLaikscd3X67bQGADR1wZ26F6+jguwLjKcE2CQP3HOKRRs/rMVY4r4FtpH8+qyGpUZDWaXkRWd19kNSqyGk0vIqu7L7KaTnGsFgoFHDlyBMPDw5iYmMCDBw9QKpVQLpfxyy+/4MCBA+ju7t6y/S6R1eRydorV6elpvHz5MuyrM2fO4MqVK3WXe+DAAa+NIt2miYkJ3Lt3D+VyGUNDQ/uGVc6r0fQisrr74rwaFVmNpheR1d0XWY2KrEbTi8jq7ousRkVWo+lFrcLqXlFLLQC7ILA/iwPlcpvHCOiz8+W67JrRjuoKNj47dho+ID5wyqe2PZfbPHvdAimKCzhZgMWOj/0S6Ws6j/aH3WpP0vjZMdA/y7sf9FEIemeU+HHWRFbJKlklq7p8skpWmymyuqn9zmpcvjSsDg8P49NPP8XDhw9RLpextLSEN2/e4PLly1s3fosiq9vHaqVSwbNnz8KnDo4ePdrQ4q9LSazaY+32C6ucV8lq1sR5laySVbKqyyerZLWZIqubIqtkNcus7he11AIwkO4fQAKRDSIieem2Dpza+WxZjdiwU9ITgg4e+r4cF2EDaJqguR1KmgD1zzoYALXtdQVaOT5AX9Pn6e+UXBO5yBXcbdCUdz5oPwaiYwrA+f6HLARPshoVWSWrZHWzrEZs2CmRVbJKVjfLasSGnZJ9T5Bta1pWT5w4gcnJSYyNjQEA3r9/j/Pnz6Otra3pNu8nVjUzWWN1enoaHz9+BAB0dHTg/PnzTe2ftJzIP/n2E6ucVxGmyQqr2rassbrd4rwaFVklq2R1s6xGbNgpkVWySlY3y2rEhp0SWc0+q/tFLbcAnKRisYh8Ph8GCjlLXa5rJ5M/uiWtvZdV2X92aQl80h5JIxOI9EmaYLLb0hOgKAiCcMLL5XJob29HEGy8I0DGWv8jRefLuvQkqIOmBFX7j07bL/Klz9XP8hiTVbJKVslqVkRWySpAVludVVEjrB49ehQTExMol8tYWVnB0tISBgcHt68hCSKr28vq7Oxs2Jd9fX3o6+vbppYlaz+yynmVrHJezY7IKlkFyCpZzY7IKlklq2SVar5aagHY5xDacXK5XOhw1WoV6+vrIVzFYrFmh4Lkk6CqA+huy7WzRbfTppPJwQZH3dZcbvOYBQk2WWurHRcAYVtsu2QyKJfL4YviZeKwO4p2wvZ689iAqW12+aJMCDqvPQoEQBhwd0tklaySVbJKVndXZJWs7gdWbR7x53pZ7evrQ1tbG8rlMqrV6o4uAJPVnWdVnv4FgIGBgbrbEKckVu1cUy6X9wWrnFfJqpTJeXV3RFbJKlklqwBZ3Q7b681DVskqWc02q3tRLbUA7JINCnq3hHwvgVGkB1/Dph1X78bYDekAASASRFyBxErS6MAobbS7ilyfrrKaLQnevnvaRj2u8nM+v3n8hWu8CoUCCoUCisVibF3bobg+s4FTdsDofBIw7fjr/HZi0SzovsmKyCpZBciqfJLVnRdZJatklaz6WBXf1mVL/2yH9jKrccoKq/q+/JNlO2XtE8k/wMgq51XOq9kQ51WyCpBV+SSrOy+ySlbJKlklq9uv7eqzLKvlFoA1/EBtoJSd+yL9R7Y4lAVJ33f9Yd6IfUn5XHXHXdc2JeXT9ev+kc8g2Nx1ovtRQNV500KRlC5uArO2y5feQSK7g1xl2p9tgJH2utqz1eDpC/pJaXVgt8HdNQ7aNtdEoMdRjo6w5fnsSftLSr0iq3DeJ6tkVe6T1frsI6tRkVWySlZr+7lRVn1lpRFZTfaTrLFaT/sazetj1TWW+4VVzqvZYJXzajQv59X4fGSVrJLV9PaR1ajIKlklq2TV/pxVVve6WmYB2DqcfvxfHiWXx8kFFEkr+X2Aa4h0QCkUClhfX08VUDTA1lZ9zedsPqfWk4Kk01DZScEXLG0/VKvVyOSj7U+zY8gVAFz2uyYeV7DVQUTur6+ve22xaQF3wJVd9blcDh0dHZGXydu2pB0rSePzKV2OtlG+xLdklwvg/odQUvDzfS9qa2tDEGwerVHv7qhGJ32yupmOrJLVuO9FZNUtskpWtW2ShqySVVt+UplpWLW+7vsj3lW2j9VKpYLp6Wm8f/8e8/PzWFtbw9raGgqFAnp6etDV1YVDhw5hZGQE7e3t28ZqtVrF/Pw8JicnsbCwgOXlZZTLZRSLRXR1daG/vx/Dw8M4dOhQ+DRso6zaPsoqq/pJg4WFBa/99SoNq6VSqcb+ZrJarVYxMzMT+t3q6qrT74aHh9HW1hbaqu1vFqvLy8sYGxvD1NQUqtUq2tvbMTw8jBMnTqC9vd3ZZ7qt8g+lDx8+YGJiAqurq1haWkIQBGFbjh8/jsOHDzsZ4LzKeTVNPs6r/B2YrJJVskpWyaq/zHrzkVWy2iqs7idlfgFYwLGOX61WQ2eTNPbYgHqlg4E4qpSpdyZoZ4tzOClLO5VArPO6nNIXSJrpoBJUZDKS9hYKhbC98pJu204NpC5DytWfwCboFmQ9rlJWqVRCuVxuWjtF8s+PYrEYefG8DdBWtt9lZ5WrT1zjpSd7+7JzCZbbGXj0y+StD7vkCoZ6kvKJrJLVZomsktWkMskqWSWrZHUrsqyurq6iVCoB2DgSuK+vr2FWFxcX8eTJE0xNTTn/KF5fX8fq6ioAYGxsDLlcDgcPHsTly5cxMDDQNFZnZ2cxOjqKubk5Z9+VSiUsLy9jenoaL1++RKFQwOHDh3Ht2jX09fWF7WmEVSDaN0msBkGAx48f48WLFwiCAO3t7bh16xaGh4e31Ac+Vvv7+zE1NQVgYwF4fX0dbW1tTWf1zp07ePPmjTff7Ows/vu//9t7/8SJE7h161bkmo/VxcVFPHz4EJOTk6n9bmhoCFeuXMGRI0fqZnV1dRXffvstFhcX0dfXhz/84Q/o6upCEARYXl7GvXv3MDk5WeN74+PjKJVKuHLlirfdADA/Px9y5PLftbU1AMDbt29RLBZx5swZXL582fkkibSJ8yrnVc6r/B24WSKrZDWpTLJKVskqWd2KyOr2s7qflNkFYBkIGTTtqLJDQAeSJKjrrVc+JVC7QLGBPckOe88FnSvQ2PTNkq5DdlzY9sp9DVTatvpsl2AtQUSPqQQxm78ZknokeOigoHcgJU2K0hcyTr700j/STpn8pQ7d1kaU1Ed20pMvPSnaNmtbXD4YN65klaw2S2SVrJJVd9lklayS1ebIsjoxMREuAA8MDKC/v7+mnUA8q+VyGQ8ePMDbt29r/kjVu/1F6+vroQ1TU1OYnp7GoUOHcP369S29l3ZtbQ2PHj3CzMxMTb+JHWJLtVoN/4CXfvjw4QNOnTqFmzdv1vhvWlYlfRpWgyDA06dPI4u/N27ciF383SqrBw8exK+//opKpYKlpSW8e/cOp06dipSvy3HVmYbVuH9WbEWan3K5jJ9++glv3ryp2++mp6fx7bffYnh4GLdu3XKm97Hqm9PevXuHe/fuhQu0AMInjcvlciLLQRDg559/xsuXLyPtyeVyNU/NiO+Wy2WMjo5iYmICn3/+Ofr7+zmvcl6tqUPayXkVNd83Q/wdmKySVbfI6ub3ZJWsblVklaw2m9X9oswuAAOocTjZ3eALIq7gtVXpwGyDiji+ljiZhs8le88G5zRBpJ52utLqP6DFbiAaLAqFQthWsUWn1bbbiUbKtnXrR/plLOXTllFPQHHZpQOE3BMfyufzkZ0lvv70TYa2Prku0oFKt8cGZ2urq7w0ttn6dblSv/Ckd0e5fNhVT1KQJatkNa3IKlklq2TVfk9Wa++T1Z1hdWVlBWNjYwA2fOzEiRM1bZXvfawuLi7iu+++w9zcXHivu7sbJ0+exJkzZ8KnS8V3g2Dj2KyxsTG8fPkSi4uLCIIAk5OT+O677/D555+jq6srdRvFrrm5Ofz444/hk565XA49PT04ffo0jh49GrZLs1oul/HixQv8+uuvWFpaQrVaxatXr7C0tIQvvvjCeUxwEqsS69Kw+uzZMzx79gxBEKBYLOLatWs4duzYtrJ6+PBh9PX1YW5uDtVqFS9fvsShQ4fQ3d3trKdRVo8cOYLOzs5I+pWVFUxMTKBaraK7uxtHjx4N78k/CaW+wcFBb70AsLS0hLt379b43ZkzZ3D27Fm0tbVFYlM+n0e5XMbbt2/x6tUrLCwsIAgCTExM4M9//jO++OIL9Pb2xvap/rKamprC/fv3sba2hmKxiNOnT+PSpUthH6yvr+PFixde365UKvjhhx/w/v37sL7BwUFcuHABhw8frhnLxcVFPH36FO/evUO5XMbi4iLu3LmDW7du4cCBA5xXOa/W3Oe8yt+B04qsklWySlbt92S19j5ZJatplUVW95MyuwCsjwYQaPVuAx3MAP/gxikurTiFwKDrkrzigHb3QxoANDR6YnClqcfuemSDrwQN6Udtl7TTN2npMuTTptHtlUAiXz7bGpWuz5YltumJz3UsR1wbrJ3a93RQ1kHKTvoun/K1u9H+sPbZLztJ6Dwu2/Qkrn1ERFbT212PyCpZJatklaySVbLafFYB4OnTp1hcXAQADA0NhQtyaVldWVkJj8IFNp52vHz5Mk6dOhUZT8tqEAQYGRnByMgIPnz4gCdPnmBtbQ2Li4v44YcfcOvWrboWgWdnZ/Hjjz+GT152dnbi6tWr4cIZgAijmtVLly7h0qVLePHiBR4/foxyuYzJyUncvn0bX331Vc0isO5Dl+/lcps71CWNi9WnT59GFn9v3LiBEydOeMeqHiWxev78eTx48ADlchlLS0u4c+cOfvOb36C7u7tprB46dCjS/0Gw8YTsxMQEAKCjowPnz58Py2hrawvf3eaKG1rLy8u4fft26Hft7e24cuUKzp49G/mHhmW1WCzi1KlTOHXqFCYmJvDw4UOsra1hYWEBt2/fxtdffx36XRpWReVyGQ8fPsTq6ip6enrw5ZdfYmBgIJKmWCzi8uXL3vF6+PBhuPjb0dGBGzduYGRkJJJG+293dzd+85vfYH5+Hrdv38bS0hJWVlbw6NEjfP3115En6Tmvcl4VcV5Nb3c94u/AZJWsklWySlbJKllNo6ywup+U6QXganXjaCfrcDLgrkBUD2hxwccFtoZPBz59/nocZNbh9M4gnSYJJJeDNyIb0PQ1gT2Xi+7gl/7WO2nEZv1Ug7ZRJkCpS+8gkaO7dF9JP24FRtfYStB37QiqVCphQNHt1e1wTZ62H3X5tj9sn+hy7ZjbsrciPaZ6HLT/6YnCBncfJ+L7AMhqjN0+O+sRWSWrT3fbWAAAIABJREFUZDVqp85PVsmq3NPlktXkNux3VqvVKh49eoS3b98C2FhwkneIpmV1fX0dd+/eDRfhenp6cOvWLfT39wNIz+rw8DD6+vrwww8/YGlpCUtLS3j06BFu3bqV6n1ZKysrePz4cbj4Ozg4iM8++wzt7e2hzWlYPXfuHAYGBvD9999jdXUVU1NTePDgAW7dulXzTwY9Htb/tJ/6WH3x4gWeP3+OarUaWfzdKVZPnTqFpaUlPH36FEGw8e7mv/71r7h69SqOHz8e5ms2q/ozbRts+nK5jB9++CHid7/97W8xMDAQmWuSWB0ZGcHg4CBu376NhYWFcPPBl19+GR63nJbVsbExfPz4EV1dXfjqq6/Q19cX8Y8kPXv2LGSxt7cXX3zxBXp6elLNq729vfjDH/6Ab7/9FgsLC/j48SNGR0dx9epVzqucVzmv8ndgskpWU9kg5dm0ZJWsktVNkVWyupdY3U/K7AKwflm4hlQ7SLOCYr1AumDWsNjAYSVw2UDjC/62zp2QKyAIKD7QLWgWLr17RMqW8oDNl8dLWc1oQ5L0pCQB1AYVKcs1PpJfTyx6XHXQbUabGpHPz/SYyuTvmhBF2sfluj0OgqyS1UbbkCSySlbJKlklq2S1WZqensZPP/2E+fl5ABtPy37++ecYGhqqi9XHjx9jeno6LOOzzz7D4OBgQ6x2dnbi5s2b+OGHH7C6uoq5uTm8ffs28m5al4IgwJMnT7C0tARgYzHw+vXr4eKvTz5WBwcH8fnnn+POnTtYX1/Hu3fv8P79+8hRxS5WbQyLY/X169d48uQJyuWy98nfZiiJ1U8++QTVahWjo6OoVqsolUr48ccfMTU1hevXr4dPPmeNVe13HR0d+Pzzz2uetk3Lam9vL7766iv85S9/wfLyMmZmZvD69WtcuHAhFavAxliPj48jn8/jk08+QV9fX13tm5qawvPnzxEEATo6OnDz5k309PSk6hexp6OjA5cuXcL9+/dRqVQwPj6Os2fP1hzBzXmV8yrnVf4O3GgbkkRWySpZJatklazuhMhqc1jdT8rsAvDa2lo4SHrQALfT+YJVI0rrBOJ8ACLBQQMnAVXvMNAg6h03Yru2Xztrs51T96u1Qdetg7m0UwcJ+V6u2ycVpIz19XWUy+Wwf6Rc+48juVfvOMal1/1q/UfnE5vk076/TEuChx5vO0HourRcu6B8/1QR1RMc9c+S19pvr7nGTo+LtlnaJru9yCpZrbc9SW0FyKouj6ySVdtPZDUqshq91qj2IqvlchnLy8tYXl7G5OQk3r9/j5WVlbCOQ4cO4caNG5HjltOwOjMzg/HxcQAbJxddu3YNhw8frumneljt7e3F2bNn8fTpU1SrVbx58wbDw8Po6Ojwtu/du3eYnZ0FsHEM8KefflrTlnpZPXjwIE6fPo3R0VGUy2WMjo5ieHg4MpY+VnV5Lr1+/RoPHz6MLP6ePHlyV1jN5XK4du0auru78fjxY5RKJQRBgLdv32Jqago3b97E8ePHm87qVvx5ZmYmfFK2UCjg008/xdDQkDd9GlYHBgZw+fJlPHjwANXqxjugT506FfqRi1WtUqmE1dVVHD58uO6F/CAI8Pz5c5TLZeRyOZw5cybSnnrm1aNHj+L169eYnJzEysoK3r17Fx6xzXmV8yrnVf4OXG97ktoKkFVdHlklq7afyGpUZDV6rVGRVbLaLFb3kzK7AKylg4oOVlsdrHqc1cLs+gPeQqavW0eTT9cf0q4gvRXb4+QLwr6+FshdX5JPvmTniN6pocvSeaxsHzZLLp9x+VMQBOFT6Hp3iW6rjKkeRx2Y4yY4O94uP2hUaX1H6tXpJTDaMdWTv97lZX+xIatbsz1OZJWsktVoXrJKVl116jyudI2IrLYGqz/99BN++umn1G06cOAALl68iCNHjtTcS8PqmzdvwiOXDx8+jFOnToX5tsLq8ePHMT4+jo8fP2J5eRkTExM4ffq0sx1BsLFYKX4jR/r60rr6wd4TVk+cOIHx8XEsLy9jbm4OU1NT4VPAPlZddek2jo2NRRZ/r1+/jhMnTqQa9zRqlNWzZ89ieHgYt2/fxtzcHICNzcjff/89Xr58ievXr6Ovry8TrL558walUgkAcPDgwfC4aknbKKunT5/Gq1evMDs7i6WlJYyNjeHChQup4qmM59mzZ2vmvSS9f/8eMzMzADY3QFilnVcB4NixY5ienka1Wg0XgO0/hjivcl7lvNq47XHi78BklaxG85JVsuqqU+dxpWtEZJWsAmS1UVb3gzK7AKyDh3Y+DbV1fnutmbZYWUdxBRq7wwTY3Mlg87sCjQ1gLrus09bjwLZfbX4b4Hzlu/pHzoovl8uRyUEmFvleynSNs7UxqS/i2unK78qj65ZJrlKpoFgsIgiCMKjotHpM9c4b215f3a4JOK4t9co14fl8xo6Btkn3h24nWSWr1kaySlaTRFbJKlklq7aORlhtVEEQYHZ2Fg8ePMDQ0BDOnz8fWThNYnV5eRkfPnwAABSLRZw7dy60aausFgoFjIyMYH5+HkEQYGpqyrsAPDMzg48fPwLYOALXPn25FVaLxSKGhoawvLyMcrmMd+/ehQvALlZtHZbV9+/f49GjR+Fi4dWrV8Mnf7PAak9PD7755hs8ffo0fPI5CAJMTk7iT3/6E44dO4YrV66gUCjsGqvW786cORNbZj2sFotFnDx5EnNzcwiCABMTEzh37lwkv2teE3V3d+PgwYM115Pm1Xfv3oXvFxsZGQmP3bZp086rQ0ND6OjowMrKCpaXl7G0tITe3l7Oq5xXOa/yd2Cy6mhLvSKrZNWVTkRWa9vrq5usNk9klaw2yup+UmYXgLXSBAibxgWC63ufQ/mCYVL94nw6kIj0EQlxtifV4WqL63o9ALqOaIirWx8DASAELAg2/vFVKpXC3SO2HFcQdLXNTjy+MY2zW9K5jidwjYVvkiyVSiiXy2hra0NHR0cYCPUuKFc+n1z1uGTbn1SuK7/rlwxX2RIMAYRHYGi/ljGN+yWFrLrTkdV4G3U6srpZL1klq1I3WSWrSTb5ft5PrPb19YVHJfvGdGVlJfS9IAiwurqK8fFxjI+Po7+/Hzdv3qx5gtbF6tTUVPj0b09PDw4dOtRUVg8dOoRXr15hbW0NS0tLWFlZQXd3d03bpqensb6+DmDj6Un97tVmsHr48GG8e/cOlUolrEsW6Fys+jQ1NYX79++jVCqhUCjg0qVL4dOiWWI1l8vhypUrOHPmDO7du4cPHz6E98bGxvDhwwdcvnw58j5kl71pbdL50rA6MzMT+l13d3fkqORmsDo8PIxffvkFq6urWFhYwNLSUvgu3qT2DQ4OOt87HTevrqyshE9ct7W11RyhbutNM6/29PSgs7MTKysrWF9fx/z8fHiUNedVzqu2zDibfD/vp3nV2svfgckqWXXXT1bJKllNtsn3M1lNLo+s1pa7nazuRbXEAjCQDuQsDKC2RSQBdbdta6Z0X0v7ZEe8BNQg2DyPXdJUKpXUwTNugtmK7C4WGxj1kQm6TZJWJkVXAJEydN+0ilyTqPSF3vHl8nFbTlwdrrp2Q2SVrErZ+rMVRFbJKlltDZHVnWX15MmTuHLlSsS/fFpfX8ebN2/w5s0bLCwsIAgCzM/P469//Stu3LgROVbXKpfLYWFhIfyjeWBgAO3t7eGYNoPVrq4udHR0YG1tDevr61haWgoXgLXk6V8Ase+BFdXLal9fH9ra2lCpVLC6uorFxUUcOHAgllWR9P/MzAzu3r2LtbU1FAoFXL58GRcuXEjVDzsly09XVxd+//vf4/3797h37x6Wl5cBbLzr9tGjR5icnMQnn3xS87RqWlYb1fz8fI3fNSIfq11dXejs7MTq6irW19exsLAQLgAnlec7ejxOS0tL4YJ2V1cX+vv76y7DZUtPTw9mZ2dRqVSwtLQEgPOq5OW8itjr+h7n1Z0Tfwcmq2S1NURWySpZbQ2R1XSs7idldgHYwlhP+p2QdRrtkK5/guRyOe8xEHLNlW+n5KrXjoF86YBp2yvtLBQKYQDVu0o0yNupen1Gp9djq8c1n8+jWCyGbZCA4irH1u/qX1faZo+/9i35tPXKmNqJUF+TtktQ9fksWd1+kVWySlY305NVsuqykaxur/YCq21tbTh37hzOnTuH9+/f4+HDh1hZWUG5XMaPP/4IAOFxyi5WZeE1l9tc+Gomq/l8Hj09PeGC3+LiYs3TkaVSKVzcksXatOWnZbWzszNcECyXy+ECsItVl2ZmZnDnzh2sra0hn8/j4sWLuHjxYsuwOjIygr//+7/H48eP8erVq5DXiYkJLCws4ObNm+Gi5U6wKk/Lar9LU19aVovFIvr6+jA3N4dyuYyFhQWMjIxEyvDlGxgYqLs9Hz9+DI9/7u7urllQ97XHd0041U/Ll8tlzqucVzmv7rD4OzBZJaub6ckqWXXZSFa3V2SVrNbD6n5QZheAXYOhg5YvrXb2NGVu1SZtm3zaoKDv6R0IWXe4pPbKkQn5fD4ELJfbeIdULpcLz5LXxyhIQK13jOwEVq+9celkvGwdEkzkDPlisRi+VFxPlnZiSTPpy/Wd8oE09diAaif+trY25PP5cLdQXLlkdWdFVskqWW2OPdstskpWyWpz7GmmhoeH0dfXh9u3b2NxcRHlchnPnj3DwYMH0dnZ6cwj45XP58PFpmazquuWY561pHxgYwG4s7MzsV8bYVXsCIIA6+vrsaxqffz4Effu3cPq6ipyuRwuXbqEy5cvh/W0CqvFYhHXrl3D8ePHcf/+fczPzwPYeHr1zp07uHbtWmRxPolV/Q+0euzV/6DJ5/Ne39wqq/pJc5ffuZTP5xt6Gnl1dTW0t1wu4+nTp3WX4ZJ+Mn55eTmcUzmvcl7V4ry6s+LvwGSVrDbHnu0WWSWrZLU59my3yGpzWN0vyvQCsB4wueaTfSS8mUoK0L7g4UsLuINe2glju2Xt0JBJ4NAB0ubJ5XIhdLKrW8anXtAaDRBa2lb7Txc7dva6BEcJKPYoAluWy54sBBdfANU/u9LrvpNxly/ZLURWyWo96clqvMjq5n2ySlbJKlndKXV3d+PmzZvh06oLCwt49eoVLl26FNojrK6traFUKgHYWHjt6emJjG+zWC0WN/9Mk2NytbQdbW1tzqcnm8GqlFutVsP64lgFNp5Ovnv3LpaWlpDLbSz+Xrp0aVfYbRarQ0ND+H//7//hp59+wuvXr8P++Omnn3Djxo3wCO4kVhvtA5ff2XY1g1XtR7J4r+Wqw+d/SVpdXQ2/n5qawtTUVN1lpBHnVc6rnFf5O3A96clqvMjq5n2ySlbJKlndaZHV5rK6X5TZBWAXwD5HiHP+ZsjnGNoRrZNZSZDUTpqmjp1SUv0SSOz58BIkJMjIdWlrW1sbisViuKtEgout1xWMm90nrvJ81+ToAAkkIj1p6ffLSf9IfumHNNqtSUOkJwcd9HXb9JhKYLXvutMiq9snshq9RlbJKlklq1ZklazWI6n/wIEDGB4exuvXrwEAExMTOHv2LNrb2yOsyiKczb9XWXX9sexiVad78eJFeP/EiRPhk79WrcZqW1sbPvvsMwwODuLhw4eoVCpYW1vD06dP8cUXX4TvoUrDarPVLFZtnN0L/yzhvMp5lfPqzoq/A0evkVWySlbJqhVZJav1iKxGr+0kq3tFmV0A7ujoiASWONXjfM36A1wHBF2/BkmcS+7J9VaTHA+gg7cO+PooAblXrVYjwUd/yTEDWs2eAFzyjbsNCGK3PjveToS6rQAifSCSa60SVHQAtJO2ZlDaL78AyERBVndfZJWsktXWEFklq2Q1mzp+/DjGx8dRLpexurqK1dVVdHd3R3zUHg2md8LvRVatfKxqHTp0CLOzsyiXyxgfH0dfXx8uXLjQpNY0X/WyeubMGRQKBdy/fx+VSgULCwt48+YNTp065a2jnvHdTVZ3S+fPnw/fu+1TnH32CRVgY6NCsVhEuVzmvArOq5xXsyH+DkxWyWpriKySVbLaGiKrW2N1vyizC8DihDZQ6EG1so5o0zUjkOggouuxxyDIzgodcJLq3o1A47LJBkkZB4FH2qsDgst26RPJL6DKPdtnzWhLmj60aWRMxT4dRMRO2yc6rx5/YDOI+Px3N6Xt17bJV9KYShrpL33MAlndXpFVskpWySpZJatktXly2dTb24uOjo7wD9/l5WUcOnQowqrd8Z4FVtOqEVbjfE6Pv/b1I0eOYHh4GE+ePEGlUgnf7bqbi8DNZvXkyZMYGxvD+/fvEQQBJiYmcOrUqdD/045r1lhNU/Z2qL29Hf39/c57aeZV/c4v7ZPah7PAKufVZHFe3VvzKn8HJqs2rYisuu3fCZFVskpWySpZ5QJwJiQDKI9zy+6F3dpFIw6nncmCYP+49AVOX/n6cyfa6Qsk9ssVLHVaXZYtU08U8nOxWIwEJAlQ2z05+oKI3fFi7dfp42yUYCbtlR01uh99ebdDrnGy/iufroBufd6mER+VNGR1+0RWyap8klWySlbJ6k5rP7Ha3t4evsu0UqlgZWUlwlMQBOFRWaL19XVnmVtlVR/B1dHRUWOvHHu1vr6euPt+K6yKHfl8Hu3t7V5W7c+XLl0KF393ehF4p1g9ceIEpqamUKlUsLq6ilKphO7u7m3xYe13QRDUHNHmstvVxiRWxZ8BoLOzsyZmy2cz/mnS2dnprFeL8yrnVfnkvNqa8ypZjdqv05NVskpWyWqzRVbJKllNz+p+UmYXgCuVSuTRbgDhALl2IlhHsWDr6670Oo+WK4jocnw7KsTxLGxppR3Xld9lv0tig68/bJn6D3od2CwYvsCq67TwSdCwELvGVdfva7ttm76WJF2/7BjXO0h0OXFt1fZoad/Uk7+kj5uEfH5oy0/bTp/v6p999bl8WJdXqVTCviOrbtvIKlklq+62klWy6mqrtkeLrJJVV11xaoTVtra2yHuEhDMtWXgFEB7/e/jw4UidzWB1dXU1/F4WXnWf6nceyZHV3d3dif1SD6sAsLa2BmBjAbijoyORVd1meffvzz//HC4C53I5nD9/Pkyny2k1Vnt7e1EsFsN3Zi0uLqK/v78uVtNel6POpO6FhQUMDQ1F2toMVldWVsJ7eoHWJV/s8d23am9vD79fWVnhvOpoK+fVzZ999XFeTRZ/ByarrjY30k6ySlbJatQeLbJKVl11xYms+tu6E6zuJ2V2AVicRHaRyB+9ArD8oe2CWQ+kXJPAJO8ASgu5Pk5KBw8fnK6Aqe/5HN01CciRBC4bdTptXxJILrulLguUDiJy3RfAxQ69G8jWI3nK5XIIs32RvIypK4DoXSn6uks2yOj6db0yUcnY2gnAN4b1BHM7Oep7NlAn+YftT9c17fOuIOjrXzuGNo1rp7/uK7JKVqUcskpW40RWyaotl6xG8+l2ktV4Vl31+5SG1dXV1XDBs1AooLOz08lqf38/pqenUa1WMT8/33RWq9UqlpaWAGyMX1dXV017urq60NXVhcXFxciCYDNZXV5eDheii8Uient762b14sWLCIIgfBL4559/Ri63sQjc6qzKE+PiM7lcLhWrcXbHsdrX14epqanQ70TNYrVSqWBxcTEss6enJ5JPs1rv2Lnm1e7u7pAB8eNCocB5lfMq51WHDfwdmKySVbJKVlFTvr1OVsmqr5+sDWSVrO4nZXYB2EocUL5kh74EFvkSKOSPR3FCDUZSIHHtptBQJwWgZsgCa2HW6axcINlAK2XbXUn6H0/bJWmLHTM5x12Pp7ZT8vraL+22oEsaeVLCNQlvt2RirFarkclMj6v+tLKBO00eV5qd8F2ySlYlL1klqyKySlabLbJKVreD1dXV1fAo2nw+730C8sCBA3j9+jUqlQrm5uZij1/WSsvq7Oxs+CRmZ2cnBgYGnKwePHgQk5OTCIIAc3NzOHPmTE1fAo2zOjMzEy5u9vT0oK+vL1U+a8OFCxdQrVbx7NkzVCoVPHnyBABw/vz5PcWq/GMkjlX9TxPth2lYtX4XBEH4VHAzWF1YWMDy8jKATb+Lk62jXlb7+/vDJ6hXV1exsrKCvr4+zqucV7fSjFTivMrfgSUvWSWrIrJKVpstskpWyWprsLof1DILwECt41gQxJl8IOnvfRDqsiQQxQWRpMDUqGxb66kvLtjYNtqdSPrLVX+SktJK/XEBQR7zz+fz4SQgNtkgpwOjrltPHBKkpFxrZ6NtrUfah4IgehyI7pM437W2xtluy3OVvZ0iq2SVrJJVuUdWyep2iKyS1aS8jbA6NzcXvlu1o6Oj5glI0YEDB9DR0YHl5WUsLS1hdnY2PI7Xp3pYnZ2dDReie3t70d7e7mR1aGgIbW1tWF9fx/z8PFZWVsL3BTeD1Q8fPoSL24cOHWqIZ6nj4sWLWFtbCxcwnzx5giAIwieEW53VXG7jn11JrPr+mZHG14eGhiJ+Nzc3h8OHDzeN1ffv36NUKgEABgYGnE+euyRzRj31BUGA3t5e9PT0YG1tDaVSCR8+fAifMue8ynl1u8V5lb8Dk1WyKvfIKlndDpFVspqUl6xmg9X9oJZZALaOoh0on8+HRw2Uy+VEIFzXXQHJVY7Ppu2U1O8KKq508r0OgjZI2v6IC5hpZfvSd1+OBfDZIIFEgoneLa/boneW2LZL+XIMhX4nQVwgc13fqlyTte4DOza6P1xj77ru+gVB0tjjGbbbb8kqWSWriNzT18kqWa1HZNUtskpWk/I0yuq7d+/CBc++vj7vE8Dd3d0YGhrC8vIySqUSRkdH8bvf/a4prJbLZbx//x7Axk7o48ePe1kdHBxEX18fZmZmsLKygtevX+PSpUtNYXV+fh6Tk5MANp4GPXHihK/LvbJ1XLt2DdVqFWNjY6hUNt4JnM/ncf78+ZZk1R4Z3t3dHRlrF6uys13b67LPdb23txcHDx6M+J1sPNgqq6VSCePj4wA2/O7kyZOp8ml7tY/66rZ2Hj16FLOzswiCAOPj4zh9+jTa2to4r3JebVrbXOK8yt+BySoi9/R1skpW6xFZdYusklVfOvmerGaD1f2illsA1oBrMPQuAe2AWhYuV+DVaXbToVyObe123dPXXAFEf0kb7VFkWwmSafNqe4Ho7g99PIZ8yn3XJCZl2WAku0fkHy1xO4N2YmJwBU/tv3pcXDbqvLpM36Qf57/b2V6ySlYlHVklq2SVrG6nyCpZtdoKq9PT05iamgKwsQCWtOB56tQpvH//Huvr6/jw4QPGx8cxMjKS2L4kVl++fBm+37W3txfDw8M1tkr6QqGAEydOYG5uDtVqFe/evcOxY8dw8ODBLbP67Nmz8BjqgwcPor+/P7FtPunxuHHjBoIgwNjYGMrlMp48eYJcLocLFy60HKsTExPhk9r9/f3o6+uL+JeL1Z6envD4NJc9SayePXs2fFJ3cnISY2NjOH78+Jbb8uLFi9Dv+vr6cOTIkbrLcLXZ1SZ97ejRo3j58iWWl5cxPz+P8fFxnDlzhvMqOK9yXm2e+DswWSWrZJWsklWy2jyR1b3H6l5XyywA68DgOjpLHEp2lcgf1tpJddDR13QZGjBXmqxIBxYLJlC788TXTlfQ3EoQTZNXdoH4JrAgCML3B0hgkB0h+px5uSd9IOUWCoXwfQNSphznlwXpdsv3EkC19G4Z11jrAKrLkyMYrA+4vt8OkdWoyCpZJatklaxur8jq/mXVyl5Py+ry8jIePnwYLuYdOnQIw8PDsXYcPHgQIyMjePPmTbiQ2d/fj+7ubm+eJFanp6fx4sULBMHGu10vXryIrq6umnctaVaPHz+Ot2/fYnp6Gmtra/jll1/w+9//Hm1tbQAaY/XNmzfh06CdnZ24ePFi3WW4JGN38+ZNAAgXgR8/fgxg453AQGuwuri4iLdv34b2Hj16NDK2PlaLxWJoh4yn3vWexKr43evXr1Eul/H06VMcOHDAe1x5Glm/u3DhQmjTVpRmXu3t7cWxY8cwOjqKanXjPdGHDx9GT0/PlubVpaUldHZ2hu9IricvwHmV8+r+nVf5OzBZ1eWR1WyJrJJVskpWySrViFpmAVgHQN89cVDZQSAvFQcQ7iywALmCsK4nS4HE2uID1xUwbaDU/SnpbZ/U2/atBCFtsx0THdiLxWLkD3kZU3tkgA5MW7GrmXL5l75XqVRC2+W+BEvJI/5tx1SPnfRX0iSzXSKrZJWsklVbjq6HrKYXWY0XWSWrVo2w+uHDBzx48CB82rW3txeffvppqvZfuXIFc3NzWFhYwOLiIr777jv87ne/q2sxTmz++PEjHjx4EB4pfPToURw9ejT8Z46P1Y6ODnz66ae4ffs21tbWMDU1hW+//RZfffVVuAhcjyYmJvDo0aPwD/tz587hwIEDdZej5foHws2bNxEEAd6+fRsuAgdBEFkE3g5W5+fn8erVq3BxvRGtra3h/v37WF5eBgAMDg6GR3Xrulx90N7ejvb2dpRKJayurmJ9fT3cNJCW1atXr2J2djb0u9u3b+PLL79saBH448ePuHv3LlZXVwEAx44da+i4b1EjrF6+fBmTk5P4+PEjlpeXQ45kfOqZV9fX1/Hw4UN8/PgRX375Zc0CMOfVeHFe5bxqxd+Byap8T1Z3R2SVrJJV1HxPVskqVZ9aZgE4LojoewKKBEe940DS2uCjy4qrbyel2+YLIvKp26fl6pc4sHTfbNV233jlcrlIcND3rC0SKOR4CJkk7HjqgCmf1Wo1siNlN8fT16864OlPVzrbXkmvg21WRFZr75FVskpWyepWbSer0baQVbJqpdMmsVqtVjE5OYnR0VHMzc2F9zo7O3Hjxo3Yp3i1Ojs7cfPmTdy5cwerq6tYWFjAX/7yF9y4cSNyHHQcq9VqFa9evcLTp0/DJ5APHjwYvi83DauHDh3CjRs3cO/ePZTLZUxOTuL//u//8Lvf/Q6Dg4Op2lLCnJLOAAAgAElEQVStVvHkyRM8f/48PJ745MmTuHTpUqr8LsWxWigUcOPGjfCdx/IUNQCcO3cu0kb7/VZYDYKNRec3b97g+PHjuHr1Kjo6OlLnf//+PR49ehQu/nZ0dODq1avhEw2u+sR+Sd/b24vFxUWUSiW8ffsWBw4cqIvVjo4O3Lx5E99//z3W1tawsLCAP//5z7h58yaOHj2auh9evnyJp0+folQqAUDoR43KNQelmVc7Ojrw2Wef4W9/+xvW1tYwPz+Pb7/9Fjdu3MDhw4dr0rv6uVqt4tdff8Uvv/yCUqmE3t7eWFs5r0bFeZXzKn8HJqtklaxu1XayGm0LWSWrAFnNOqv7RS29ABx3XcCR+3q3jD2TPO6P9TR17aSsXb4AIW2Vf+DYyUHu2/yu4LUV+3z3fQHSTmzaLmDzqDT5x5G+52qLLscX5HZCvva60uh2aP/Vu37Ej+3OIFddtuwk27YqsrohskpWyWpt/rR17aTIKlklq7X509a1k3KxqvX69WtMTExEWLRaX1/HysoKyuVyzf3e3l785je/qftdtwcPHsTXX3+Nv/3tb1hZWcHa2hru3LmDvr4+nD17FseOHYvscJe+XF9fx5s3b/D69WssLCyE5Q0PD+PWrVvhgmJaVk+ePIl8Po979+6hVCphcXERf/rTnzA0NIQLFy5gZGQksntbtLy8jF9//RWvX78OFzVzuRxOnz6Nzz77bMtjH8dqsVjErVu38P3332NqaipcBK5Wq5EngZvJqpRRLpfDdsu7lo8ePYqBgYFIP5XLZSwsLGB8fBzv3r0LnxQHNp7mvXnzJoaGhrz1u64fPXoUk5OTqFQq4dHLV69eRXt7O3K5HBYXF/Hs2TMAwLVr12r6DQCGhobwxRdf4M6dO6Hfff/99+jr68O5c+dw/Phx5/HHpVIJY2Nj+PXXXyN+NzIygt/+9rfOPPWqkXl1cHAQN2/exP3791EqlbCysoLvvvsOg4ODOH/+PI4cORKOi/5H0szMDF69eoUPHz6EGygAoKenx/sEPOdVtzivcl7l78BklayS1WbY57tPVsmqiKyS1Syxuh/UMgvALuk//vQ1YHP3hNzX1/VuhiTnr1fb6bB2QnD9g8s1OfgA1u3XdrtAd7XLV26cdNp6A08ulwt3iejdQtpGsVPn8QXc7ZZvQtZ97rtv+1z7sWvSF7n61zU+djzT+O1WfJusklWySlYbFVmNF1klq9bW/cSq1vz8fENlF4tFnDlzBpcvX65572laVg8cOIBvvvkGd+/exdTUFIIgwPz8PB48eIAHDx7ULEQFQVDzriNthx27tKweO3YMPT09uHv3Lj5+/IggCDA9PY3p6WnkcrnI+2cBhO9p0uro6MDly5dx7ty5hsfTxZvuN91/xWIRX3zxBW7fvo3p6enwvbbFYhGnT59uOqvFYhHd3d34+PFjmHZhYQELCwsYHR1N3cb+/n58/vnniRsGXP56/PhxTE5OYmxsDJVKBaOjo3j+/Hm46C++IUcx+1g9cOAA/u7v/g4//PBDxO/u37+P+/fvo62tLdIH4kO2P86fP4+rV6+mbnuctjKvHjlyBF9//TXu3r2LxcVFBEGA2dlZ3LlzB7lcLvKusFwuh/X19Zq+6erqwsWLF3Hy5MlIv3NeTW+/vs55df/Nq/wdmKyKyGp6kdV4kVWyam0lq2RVt3E3Wd0vaukFYMA9YBogu9M9Lew2SKetW+d3BbtGZQOJfkReB07dNlu/C35XAPHZa/PrdDbIueTKZ+v1BTVXkPD1rcsue2Z+kuICbyPyTXr6e19bZFKwvuyy0VeOTRP3y0Cz267LtyKrURvIKlm1achqND9ZjYqsklWr/cZqIyoUCmhra8PAwACOHTuGY8eOJfpzGlY7Ozvx1Vdf4cOHD/j5558xPz8f3tNPJrrsGR4extWrV51HT9fLan9/P/74xz9ibGwMP//8M5aXl8M+jLOjra0Np06dwpUrV9De3h5e3wlWC4UCvvjiC3z33XfhIvBPP/2EXG7jSeRmstrb24s//vGPmJmZwejoKKanp8MjkNO0pbu7G5cuXcLx48dT+6G1K5fL4fr168jn8xgbGwu51eOTy+USj6bO5XLo7OzE119/HfqdLPwDyX43MjKCa9euobe3N4yLW1Ez5tW+vj783d/9HV68eIGXL1+G78QOgtpNE7oMeeL+xIkTse8p03X6yrL5OK9yXt1P8yp/B3bbqb8nq9E0ZDWan6xGRVbJqhVZjdpAVnef1f2gXJDRHlpdXY38rB1R/3FqnVfvFNFnyctntVpFLpcLH0v3NT/J8e09V16pX9ucJpD56tAA2clA7mlo9M4Zvbu/XhuSbJO6i8ViePb7VsvTn9IOffxFPp+PHFGm+8SnrbRbBxNpb7lcjq3PFbzj7HId+aB92I6/tDcJYVcg9Pmy6xeUYrEY/vOl3omYrJJVskpWXfUltc+Xl6w2Xp7+JKtklaxuTWlYXV9fx/v37zE5OYmVlRUsLS2hUqmgo6MDHR0d6O/vx8jICIaGhmoYbSarq6urmJiYwOTkJFZXV7G0tIRqtYquri60t7djcHAQJ06cwMDAgLN/9gOrq6ur/5+994+zu6rv/F/3x4RJQgIhgEQIAmqA4IaAsRQR6AIFt2UVq911WbesW/a77XeXrVrLdr/6qNWt25Zat1277XYXd2u3VVatYAUtKLSKGKkxhFQCogUlSJAQAwnk18zc+/1j5tx5f973nM+Pe+/M3Jl5Ph+PYe58PufH+3zOeZ1PuK/POR89++yzeuaZZ3Tw4MHONuEjIyMaHR3VkiVLdPzxx+vkk09Obitsy66i1bGxMT355JP60Y9+pLGxMY2Ojur444/X2rVrO1uHV9GqH3cvvPCCWq2WlixZ0hl3a9as0erVqzvXeFi12m5PrgDetWuX9u3bpwMHDmhsbEwjIyNaunSpVqxYoeOOO04veclLkltXc19dWFqNpeW+Wp75fl/ttTz7G62iVbTaH2gVrea1B62iVWn+aHXp0qU91zmThJ3Ntm3b1ndZGzdulDSPVgCHjoyJ257zk2RqANkB6yeVQYltJrBxWnHZ83ZisW3Jmzxnk7I3RH/TsO21ee04sBOurcuen2lC/WXrit2UbR/6Nvv2+jL8pDfbfY5WJ0GraBWtotXZAq1mQatodRi0OjIyolNOOaWzjW+IQyr+gmKQWh0dHdVpp52m008/fVBNSzJftTo6Oqq1a9dm+ip8UVLly69etNpsNrVu3TpJ0+8/C19+2S+jymp1yZIlWrt2rdauXdsVi2UmtT4ordZqNR133HGddyzPJtxXswyLVgcF99VJ5tt9NQZazYJW0SpaRatode5AqwtPqwuFeWMAW/ImiCCgdrv7yQL/P9J+QKYGoD8/G4MkVq+f8EIc/ukf+36vMIFYkdkfW95s4SdEf8y2N3YDDH3bbre73tXmb46+7Jkgdh2LbrixseSfDAqEL4HCOd/fNr0fK7EYfF/P5PVBq2gVraJVCa3ONGgVraLVSdAqWkWraHUQoFW0ilYnQatoFa2i1UGAVtEqWp0ErQ6/VhciQ2sApyYnP8HZ9FYwExMTmWXt7XZbzWYz2fG+nlgdc4EVfUzwoZ2hrVZ8QXBhKb6dgGI3kCqkbjSDxMcc4g1bQYTJxU4oYQLysQ6LuPNisGM4pPXbY9Rq01th2PRl2xe7qZS9kfgbcFEb0WoWtIpW0SpazQOt9gZaRatoVZ040GoatDpzoFW0Gs6hVbTaC2i1N9AqWkWr6sSBVtOg1ZkDrS4srS5khtYAjk0W4bifEOxPEJbf17xer3fl9eX7SaVoAPpBO8jB6idn/zSFbWPYbz3EE/ZZt5NJKMNONmFCsbHHJtsYedeyCLsFQqyMUG+j0ei6Odj2NptNNRqNzHWxN7PYjXQuSY3pEH9sawjbL35M2HL8DcemLYqjnzbEQKtoFa2iVVuOjQmtotVBglbRKlpFq2gVraZAq9VBq2gVraJVtIpWU6DV6qBVtIpW54dWFzpDawB7/GC3gvDiSk12dnuB2LYC9ndq8potYk/8hOMTExMaHx/vTJb2mgQhWWzeUF743Gg0MhNOr+RNPGWxk12Y6PwEYtN6iuIvujnMFKkJ0092IW3qhmnLsnnsdbHHQz7/Dwibrkq/xcZWKp2vC62iVQtaRatotRi0mgatolW0mgWtolW0WgxaTYNW0SpazYJW0SpaLQatpkGraBWtZhlWrS4W5p0B7CfMMMjCoLNi8pOl/+yPhbwpMfoJbaax7QwTZphE/A0iNvlZ8VnC8fC0hq1rNiZPX37sBthqtTQ2NpZpqzT9EvXYDTBVjx87ebH0QiyGVLmxG76d7FN5ffowVn1aO4bz2upvOoPsc7SKViW0Gj6jVbSKVquDVrOgVbQqodXwGa2iVbRaHbSaBa2iVQmths9oFa2i1eqg1SxoFa1K81+rC5l5YwBLyjxVEcQVnjTI67wwiOr1eucJjDKDKm/wxQQxSOyTMmEC8W21E0As7tg5G3t4osTmCedDPf4GMWhCv9iJzLc11QbfP/aG6Ntq2+iPDVr4sTESYrJPzIQ0eTd8X2aZm3Ws3tjNYiYnPLSKVm0b0Cpa9fli6dDqYECraNWCVrOgVbRaVF+/oFW0atuAVtGqzxdLh1YHA1pFqxa0mgWtotWi+voFraJV24b5pNXFwNAawHZQWHFI6jxBMj4+nrvE3IsufLbHfYfnTRKxiSUmNjuYykzOsbJDO+0TJHlbIPhy/OQQSxMmE19WEHiIv4woim5IPpZUn4Y2+4ku5K0Sk48l1tex617lJltmMrI3QV9mrC2pNPbpn9hkGmtratJNPWkUI5QRG+/+WqFVtBryolW0GmuvjcF/DmnRanf8aDULWkWrsXxoNQtaRashLVrtjh+tZkGraDWWD61mQatoNaRFq93xo9UsaBWtxvKh1SzDoNXFwtAawAH7pEyRsMLfqcEQOx4bTDZPGNQ2jlCWfWInT7w+rjIcOXKk8+RLqMdOlrG6YpNYrM22DN8eK/LQZnu9ff4Yqck67GMfbmAhv98mwZcdu3Yhf6vVyrxQPPwO+VM3mFg7bDwpUjemvDY3m83O8fCEjL2eeeMmlSbVn6m2ttvZl9KHa+fLi11De+PPixOtolW0ilZTbbZ50CpajdXr40KraFVCq2gVrababPOgVbQaq9fHhVbRqoRW0SpaTbXZ5kGraDVWr48LraJVCa3OZ60uJobWALZPuUjqWlI/m7Tbk0vcrdBqtezLuGMUTTA+TXhCZi7aGPBx2huGFbsniDpcl4DdvsHeeMI1jW2RMNeEJ2mKCJNwaqILbZbUaeNcTDShTn8DtrGFdP4fJPaGExvLfisTCa3OFmgVrQbQajoNWkWrMwFaRasWtDoNWkWrswFaRasBtJpOg1bR6kyAVtGqBa1Og1bR6myAVger1cXE0BrAtdr0kylhwNlB55nJCTWUHSY/O9mFHz95hskyVo6ddKXppfRFk+VsDU4rENveMHmGNobPNk3qeOy8f4LEPxUyW22NTfipm4BN77FPVYXfts2x8mYTX3eI1173WHz+uG8fWu0Grc5MW9EqWkWraBWtFscxSNAqWo2l96BVtBpAqzPTVrSKVtEqWkWrxXEMErSKVmPpPWgVrQbQ6sy0dSa1upgYWgPYCss+kRDroJkefHZgWaG12+3oky+pQWSPhzKqPEESBnKv7c2b4FLHQnv9BBpiD+Xa83YysenDtgGhXH9zmKuboq+37CTg22dvEIG5fOIrhR17UvzpF3tzDP0bbpI+LVrtBq3ODGgVrabKCXkltIpWZx+0ilbRKlpFq9N50OrgQatoNVVOyCuhVbQ6+6BVtIpW0Spanc6DVgfPTGp1MTG0BvDY2FjXkwlSd0fP1gD0k6KfPGLx2c92iXq7Pf2ETHgpum1H3nL2uRBcEH5oZ9gWIEwcvv3hqRObP7Z1QEjv60qdmy3KxGCvhZ84YxNlLP9sEbvGdgzbm4GfEO2xWDm+X9HqNGh15kGr2bxoFa2G9L6u1LnZAq1m86JVtBrS+7pS52YLtJrNi1bRakjv60qdmy3QajYvWkWrIb2vK3VutkCr2bxoFa2G9L6u1LnZAq1m86JVtBrS+7pS52aL2dDqQmRoDWC/D7lntjvKTgT298TERNeSeTtRhsHlJ5KxsTGNjY11BqIVp5+sZptY3SEuafL9zOFHmn6qRFJXO+x7AHyf2Uko1DEMhDj8dfA3jDCR+P6NtWMu+rOoTh+zfSLIj2Hfr6FPbb+i1dkHraJVtIpWfT1odeZAq2gVraJVtIpWhwG0ilZDPrQ6XQ9anTnQKlpFq2gVraLVYWAmtLoYGFoDWMruz1201H6miQkhHLfbJIQnLXze8NRI+PEG91xOHlUJk12YCO1P7MZQ9ASJJZQxl1SJNaQfpht+jNQ1tdc7jGN/cwzn7Nj121+g1eEErWbPoVW0Oqyg1ew5tIpWhxW0mj2HVtHqsIJWs+fQKlodVtBq9hxaRavDClrNnkOraHVYQavZc3laXUwMrQEcBGk7qkzHhjyDIlauPRYGv59UwiQR/rbiCtgnL8oO4H7o57qEmOyNIPzdaDQ6bW21WpknZXx+ew1j7S7q59kgNZbs5Bn+Dv0ea8ewkPcPEv/b9kmr1erq1/BUkO3H2KSKVvsDrZYDraJVtIpW5wK0On0eraJVtIpWBwlaLQdaRatoFa3OBWh1+jxaRatoFa0OErRajoWm1dliaA1gSV0TTFHamaRoIvMDzE4m4bh/IiavzJgQZ2rC7AVbf3i6xE4Qqb6LTSqxv30ds0kqBhtraGvekzJFN8G5nDRjk3n4HI6H7RLsDSSkiT0xhVbR6myDVtEqWkWrqXpmG7SKVtEqWkWrwzGOY/WjVbSKVrPphmEcx+pHq2gVrWbTDcM4jtWPVtEqWs2mG4ZxHKsfraa1upgYWgPYD66ywusnTV794XOsnFhs/li9Xlej0egMPj/pelHNJXkTeKxf7HUJk2iz2Uw+JRS7IeaJMO+aVLl5lr0xVcG3P1ZnmRthvzGVGUv+hhfLG0sbtsiwT0fF/uGAVmcftFoetIpW5xK0Wh60ilbnErRaHrSKVucStFoetIpW5xK0Wh60ilbnErRaHrSKVucStFqeIq0uJobWAJay4o0Jzx+P5ZfU9RSHL6OIoonRC8k/FVOrTS+5D9sn2LLLTEaxOFLiCAO8bLts+lgdqQndtste60aj0SlzfHw8epPpZfLMizMVX1FaP6kX1Ws/NxqNTl57k6gSc2AmJ6O8seBvBIHQh+FcvV7XyMhIZluM2E1CQquxONBq9/nY32gVrYZzaBWtolW0mhcHWu0+H/sbraLVcA6tolW0ilbz4kCr3edjf6NVtBrOoVW0ilbRal4caLX7fOzvudTqYmJoDeDQMUGcVoCDKr+M4OxSeT+J2YETBGXTxCa9kZERNZtNjY+PZ5628KJNCSBvgqxK3oRoY56YmMhcg9BWP2na/Da9fan4xMREZvLJi222hJl3ve1vKT6Bhzb7STP82DHkzxfF0A8hptg4DXH5vg2xxdrebDbVaDQyN/9ws0CrWdDqzIBW0SpaRatotX/QKlotqgutolW0ilbRannQKlotqgutolW0ilbRannQKlotqmsQWl1MDK0BbCetlHBSHVZmkgj5U+nzJgWbr8wEEybY8DL1er2emURbrVZmX3I/Cft4q7YzRVnB2skhNhGECddPLiGtbWdoR0qU/nw/+BtGbFKw54pi8untuIz1Wb1eH8ik7/E3Hx+/TefbEI7ZGMPTP5I6Y3F8fLyTt9lsZvKE9KF/7U0Rrarrc5V2pkCrypxDq2gVraLVQYJW02WgVbSKVtEqWkWrVUGr6TLQKlpFq2gVraLVqqDVdBloFa32qtXFxNAawGGbASuyGGUFUQVbXmqAh8Hjz8cmlDCRBtGFJfhhUrGTjZ9UUrGlBnlV8uoI5+0EEmuvTZu6TuE6BBGGdvoJ1N+Y+p0wY9cnNSl78fsbpb3x5ZVv2xJrU9k4q+Kvlb+GXiv+qaDQL+GprnAubJsQJs9w3OZHq2gVrZYHraJVtIpW0SpaRavpcqqCVtEqWkWraBWtotV0OVVBq2gVraJVtIpWF7pWFxNDbQA3Go2OCK3IYoOh144rGqyxwe2fqAiTohdSOB4mUnsjCBOqnUBDWltev2LKa3PepGkny5jI/BM+eTe4UE54YsheE3vdZlN8ZW4M9rO9LrFzviz7eS7aF+Lz2PEU4rP6Cp/tP1z8Dd1qIYxhtIpWZwq0ilbRKlpFq2h1UKBVtBo+o9XscbSKVtHqdJ1otXqb0Wo2PrSKVtEqWkWr03Wi1eptRqvZ+GZCq4uJoTWAg8jq9cmtoMP+63abATsIYgIpokxnxyaRkC9McvaJmLyJzYoytKXRaHS2Fgjtje0zH4u1V/HFJkj7OdSVerrCCshff19eSGuvXWiv7dPYdazSnip9GepInfdtTE10seP2uti67JiZLew/OiRlblzhuH1/Q8gT+t32bavV6jxFY6+P1SlaRatl2oNWu0GraBWtKnkcraJVtJrfHrTaDVpFq2hVyeNoFa2i1fz2oNVu0CpaRatKHkeraBWt5rdnmLW6WBhaAzg8fWJFHH6HwdcPZTs7NmHZp2RigyyIKTbB2XpDGWHiDe0bGRlRvV7PTFZ+kHpB94OfGOwkEmL0aVNl2HbaY7Hzdk99/4L1QbQrFWMo1/dFOG/bG0sba4/HlxF+Go1G15NHRTehfojdHEKf+rFVpgyP1SlaRauDAq2i1VgetIpWbRlotb82lE2HVtEqWkWraBWtotXiNpRNh1bRKlpFq2gVraLV4jaUTYdW0WqvWrXbRS90htYAjk2MzWazM3nmLUXvdxD6AeQF7CeRIJy8ARYmF29sh3Pj4+OdY41Go/N0SavV6mrroPDXKUxmPu6YuGPXOHazi+GvgX2Kxj4xVIUy6VPxh7yp6xtrR96EFysn9H9ocz83w9Q/ElL95G+E9smdcBOzMdpztqxUzGgVrVYBraJV+xutolWfB62iVbSKVlOg1WnQajZutIpWQ94YaBWtVgGtolX7G62iVZ8HraJVtLqwtLoYGFoD2BI6J0wkQXB2KfrExETlMlODPSYEO4nEJi474fiyfJ0+rR/MrVar084wibbb7cyk4svulTCh+TbbSTrE7a9Zqq1F18DXEfrVTi699KkvPzZZ+nT2JlfUDnuu6Obry7HpQ3tjN8KyxManJ4wfO3ZTN6XYzbFM/bFy0CpaLQNanQatolWbJtZWtNpdDlpFq/2CVtFqLG60ilbRKlpFq72BVtFqLG60ilbRKlpFq72BVmdeq4uFoTWAfUf4JxWC0MJTCLVaLSP2VGfb43mTgj1vRZ6KL1Z+rExbdmoAh0nDPlUS2mufLgnpw0Rg221jj00E0vSNweZP3Yxi+e3fsQk41fZwLLQh5PVPlvg+LXODLHPT8u1MTc6xG4G/IeTFUTZNaGPeRO1jsPH5ceQnvDBmUtfFasa3O++axP6W0CpaRatoNVsnWkWrsdjRarm/JbSKVtEqWs3WiVbRaix2tFrubwmtolW0ilazdaJVtBqLHa2W+1tCq2h14Wl1oTG0BrCnXq9nBB0GXXghd9iTfGxsTFJ20rPL5PMmGSvoVqvVNSHnDY6Y2PLy5g228FSQn1Ts5DI+Pt7Zh97Wkbox+DThGob0eTcG+xRGXvvLYNvsy7VxN5vNzFMlvq0hnc0Tm5zD51qtlmlj0Y2kqI2p9paZUH3d4TrYyS01TosmP1ve2NhY8kmvovHor22ViRGtolW0ilZ9PGg1C1rtbiNaTYNW0SpaRas+HrSaBa12txGtpkGraBWtolUfD1rNgla724hW06BVtDpftbpYmDcGsJQVRxCA7bywJD2cs8vR7eRnJ6QwUYZ8YSKJTZZzQbvd7rxsO0yetdrkS8dHRkY0NjbWEVur1dLIyEgmr70RSNmbQ9UnNWYbe8NoNBqZJ2ns0zQBP0H4m8N8wPaVb6d92sbe6PwYti9nn6vJDa2iVbSKVtHq3LfVg1bRKlpFq8MKWkWrAbQ63KBVtBpAq8MNWkWrAbQ63KBVtBpAqzBTzCsDWMq69V4AYfDZCc+KJ4gqTB62LPv0SCjXTjCpCXSmRBjqtvWEydxPKnZv/Waz2Tlny/LxD8uEWVS/7atWa/JF5OEmYvfcl6avmR8jwzyZ+LFqf9snwsI18Dd6f4MNE264+QT6/QeA1URZ0CpaRatoFa3OPmgVraJVtBrKR6toNRbDoECrk6BVtIpW0eowgFbRKlqdLh+totVYDIMCrU6y0LW6kJg3BrCfIPygsYKxv8MADE8k2POhXDuR2PJS9dtjZak68abqs5OAfRLIts0LzN4A7AQy1xNJGUL/Sdmnf0L7m83sELY3AP/T781vpsjrh9jN298ww/i1Y8P+g2C2QatoFa2iVbQ6vKBVtGrLRavDC1pFq7ZctDq8oFW0astFq8MLWkWrtly0OrygVbRqy0Wrw8ti0OpCYd4YwFL8KRkvjJDGP1niB6EVpZ9IfF1zRSoGOwHWapN7r4enSKTpaxOeKgmTqhXWIOKYKWzf2njt5BnS2bSxfLatee2Y6faFSS4PP5ZjTz2FsqTpJ4JiN/28dqbiGGQ/o9Xp42gVraLVwcfdK2gVraJVtDqIOGYKtIpW0SpaRatodSZAq2gVraLVQcQxU6BVtIpW0epcaXUxMG8MYD95hGOpgReO2ycrwrmwPYJ9UsEPpl5EVxR7L8RiCJN3rVbr7CPfarU6E0pos29v0U2hqN6ZIBaL7ZMwcYaYYjcTPwbsxJmqoyiGmaDKzT/cAMJN0JfRarW63vHg+72fOPoBrWbLQ6toFa0qU94gY+8FtIpW0SparVrvTIBWs6BVtIpWq8UwE6BVtIpW0SpaRaszDVrNglbRKhQ28FsAACAASURBVFqtFgNUZ94YwDHsQAqESTIMwHAspAv7rtuJxJdp89ly+olzUNiY2+12p71HjhzR+Pi4jjrqKI2MjHRuHHltnS/YCST0h78hhkkkTCT2/GxNjIPA91Nok32KZnx8vHMT8fkG3dZBlYdW0WoAraJVtDr3oFW0ilbnB2gVraLV+QFaRatodX6AVtEqWp0foFW0ilbnB4tJq/OZeW0AS9MTin8CIZyzaSz+qQo/idqfWH5f10xi45Cy7bJbJti09rNdfu+fkklNMrPVthihPUVPg9jjeZOlf9qkKP1MUeaJrFja1Njz/Won0lT7UmN5NkCraDUvjT2HVtHqTINW0WosLVpFqzbtXIBW0aoFrU6XnaoTrQ4WtIpW0SpaRatodS5Aq2jVglany07ViVahCvPGAC47YfnB4sXlnzZJDbB2u62JiYmu456ZHpRWCJ7QlvC0TNhOwLfX3hQ8qQkj7+YxSFL1+/6218FO9Bb79Ej4mctJsSqpPvbtDX0cnp4JxP7hEOvDvOsxiGuFVtGqPY5W0aotB62i1dkEraJVtIpWi+opc64saBWt2uNoFa3actAqWp1N0CpaRatotaieMufKglbRqj2+ELU635k3BrCUHWB2gMQmGj+JhM92IrUCs2lDmbH6UhNpSnh5YvEUlW3z2ImxXq+r0Wh09pL3acJ2AlVEVWbyttck/Pg68q5blVgCeXX5yTPkLXsjKqo7dqxs+4rKieUP7fHnQj+Hm53t30FOnv2Ug1bRKlpFq2i1fJt8G9AqWo3lRavTadEqWpXQKlpFq77u2DG0ms6LVqfTolW0KqFVtIpWfd2xY2g1nRetTqdFq/NHq4uBeWMAe0HldaKdGPyTMWFwhUkliC1MLLZc+3RCIAzMmMBjf6dii+FFY9vqBRRiXbJkiRqNRld84XOYSEKa0NZwXezkE4unqkhSk1aqLH8sJtRUen+jC7/r9Xq0X8u2pSitr68seen9xGyP+zEX0oWnh8I7EvxL471GymrH6iCkrzIO0Cpa9enRKloNadEqWk2dT8VXVG7RObTaHQdaRasp0CpaTcUby4tW0Wo4jlbRqoRWY6BVtJqKN5YXraLVcBytolUJrcaYKa0udOaNAWzxnWgnj1T6MOjsUwYhfZhYwqCzP6FcX3YoJ3Yuj7x8sXbZgRsmhnq9rpGRES1ZsiSaP/wOYgp1hZ9Go6Fms9m5UVjs5OLzxyi69v0Qm8zD37FJ08cUPof+tWmKKJooBjWR+FjL3KRiN716vd7p0/Djy4/VOdOgVbSKVtEqWkWrsTqrni8LWu1Oj1bRKlrtrnOmQatoFa2iVbSKVmN1Vj1fFrTanR6tolW02l3nTINW0epC0epCYl4awH6w+GN+koz9TuUPAzP2dElqUk4d7wcfb5hAwiRvnyDxdYe47VMjdjIJ4mo0Gl3tDJOHb1uM2LmiCdHn9cdi/en71tdh2xAmmdiPzR/rqyoTYpW0qXHh21rmeoZj9praPs1LG+pIaSUvxl5Bq2jVglbRKlpFqynQajnQKlq1oFW0ilbRagq0Wg60ilYtaBWtolW0mgKtlgOtolXLsGt1sTBvDGAr6kCZia5Mub5M+xRDbPD5PFUoOyFZUdVqk9s8NJvNzJMvdqKI5fXtDNinUur1eqaNQZh5N6NYuVWvex6+zjI3J38zjJ0P1zI1oeRNdn6M2LJS1ygv7tjEGcpKtSNF6LdQZnivQOhLe1OJja9YXf1MlmgVrealR6toFa2iVR8TWi2Ox5eBVtFqSI9W0SpaRas+JrRaHI8vA62i1ZAeraJVtIpWfUxotTgeXwZaRash/XzT6kJk3hjAFjvQY4M5JSo72QZCPn88TCj+SYUYvQ6aWL22TUHsYVsHO5Gk6s0r00+I4ZwVRjhXJCyb1v5dlVisPsbUzcrH7bF9a398ml5j7uWGkjfRl5mQbXttv/i22i0UwrHYUze9tqMsaBWt2tjRKlqV0GpI4/OgVbRaBrSKVm3saBWtSmg1pPF50CpaLQNaRas2drSKViW0GtL4PGgVrZYBraJVG/t80upCZt4YwLEOLBr8VYjlDxOonUxSQi5bpxexPW7/Di92D0/xhDThCRJJndhiePHE4puYmMjcJOzNwj8pFGtzWSH6ySgvTV6dduIqc6Ow+drtduc62vSxPs1rZ9FknmpT6lisrKJ8Pq1th21rrTb5FJidUGM3x6JJ2ddbNNbRKlpFq/F40Cpa9e1Eq2g1FV8sVrSKVtEqWo3VhVbRKlrN1otW0WqsXLTafQytolW0ilbzQKvTx9Fqd7kLTasLmXlnAEvlB2WZySyGHSxBYOFvL7Sycfn4bJl2ggmTSKjX1x1rm01TdQC32+3kpGLrjIk61p6itlftj1SeXtpqt19IXd+iCSWMCdsXVdoSo8w18de8KE+Izz6RFMau/eklliLQKlr1caPVNGgVrfp60Gq1tsRAq2i1bFvRKlqtEksRaBWt+rjRahq0ilZ9PWi1WltioFW0WrataBWtVomlCLSKVn3c802rC515YQDHBOtFmBpYRQOuaDLwwkk92VGm/FQ8If6wZ3yj0eiIyP7EBr9/QsLGbfPZa+U/x+oIP+Gl43lts+l9v5S9HmVvECl8/tgkZP/21862w7Y3Vm6ZusvmKVO+J3YjSuE1EtocPqfiSJVTNjabB62iVQtajYNW0aqtD62iVR+bzYNW0aoFrcZBq2jV1odW0aqPzeZBq2jVglbjoFW0autDq2jVx2bzoFW0ahlmrS4WhtYAtgNVyk4etvMG2XGpge3/tpNnmck3b8IKT+WErQOKJvW89tqJr0y+mOjtNQ7ttBNobDKPtStWR5EQy4rST4gp/ITi2xmeovHxlb355rU5Vl5qDMfyVq23aFzY6xW2AwnHJiYmov1Q5WZgP6PV7rI8aDWdzqdFq2g1r9xUWWg1XgZaLV8vWlX0b7SKVtFq999oNV2WB62m0/m0aBWt5pWbKgutxstAq+XrRauK/o1W0Spa7f4brabL8qDVdDqfdja1ulgYWgPYEgZuarANumPzxG/rDE/OhGXodnKJDWS7nD3kt9sHBPy2Afa3LdOKPNWGvIk6NZmE461WqxOnzR/ri1gf+Ykkr5+q4m84foLJuyZ+QvRl2fbG2mXHU5kJv+zNpuy1icVdlN7XF2uD3Toidl3K3MTRKlr1oFW06uNAq2gVraJVtNo7aBWt+jjQKlpFq2gVrfYOWkWrPg60ilbRKlpFq70zn7S6WBhqAzgI1VKlowY1cPPKDE+D+H3mU3lrtcknb0ZGRtRsNjsDPzaBpP72x/2kUFa0sXJtXisimzaIze6/nidgv2w/FVvVG1mv7YxNtLatYXL3E2PejSlVZtmYUsc8sf4owvepp9lsdsZgeArMX+Oi+tBq/G9/HK3mg1bRqoRW0Wp+mWVjSh3zoNXyoFW0ilbjcaFVtOpBq2i1lzLRKlrNK7NsTKljHrRaHrSKVtFqPC60ilY9C0GrC5Fae7G1GAAAAAAAAAAAAAAAAABgCNi3b58kadu2bX2XtXHjRklSvSAdAAAAAAAAAAAAAAAAAADMEzCAAQAAAAAAAAAAAAAAAAAWCBjAAAAAAAAAAAAAAAAAAAALBAxgAAAAAAAAAAAAAAAAAIAFAgYwAAAAAAAAAAAAAAAAAMACAQMYAAAAAAAAAAAAAAAAAGCBgAEMAAAAAAAAAAAAAAAAALBAwAAGAAAAAAAAAAAAAAAAAFggYAADAAAAAAAAAAAAAAAAACwQMIABAAAAAAAAAAAAAAAAABYIGMAAAAAAAAAAAAAAAAAAAAsEDGAAAAAAAAAAAAAAAAAAgAUCBjAAAAAAAAAAAAAAAAAAwAIBAxgAAAAAAAAAAAAAAAAAYIGAAQwAAAAAAAAAAAAAAAAAsEDAAAYAAAAAAAAAAAAAAAAAWCBgAAMAAAAAAAAAAAAAAAAALBCacx0AAAAAAAAAAAAAACx82u32XIcAAAALkFqtNtchDB0YwAAAAAAAAAAAAAAwUDB7AQBgtojdcxa7KYwBDAAAAAAAAAAAAAB9g+kLAADDgr0nLUYzGAMYAAAAAAAAAAAAACqD4QsAAPMBf79aDIYwBjAAAAAAAAAAAAAAlAbjFwAA5jPhPraQjWAMYAAAAAAAAAAAAAAopF/jF+MYAABmgl6N3IVsBGMAAwAAAAAAAAAAAECSXoxbzF4AAJgtYvecKqbuQjSCMYABAAAAAAAAAAAAIEoVIxejGAAAZpqyJq29v1TJs1BMYAxgAAAAAAAAAAAAAOiijDlblAaDFwAABknRfSVm4FYxgxeKCYwBDAAAAAAAAAAAAAAZ+jF2B2EcAwAA5JEyaYvM3jLbPS8EExgDGAAAAAAAAAAAAAA69GLuVj3ea/0AALB4KDJpi/LkmcFFRvB8N4ExgAEAAAAAAAAAAABAUnXz1x8bpBGcByYxAMD8poy5WmWuD+X5PP54zAheiCbwvDGA9+/frxdeeEGHDx9Wq9Wa63AAAGCRUK/XddRRR+noo4/WihUr5jocAAAAAAAAgBmjivlr/x4fH898sW6/LG+1WpqYmOj8DvT6hXqj0dCSJUsyMZQ1EewX+eGz/wnp2u1253voRqOher3eOR+O+3aOj4932lpkGoSy8jjqqKPUaDTUarUydZbJG9ro6wztqNfrnbbYeBuNRqfO8fFxtVqtTh577SYmJjLXyX5nn2p3ON5qtbrSjI6OqtFoqFarlSqrLKmVgNLkdz6SOn3mj9t8dmwU1RUbl/ZYuJ7hGvq0Hr+C0f8d8vo+8mO10WigVaHVhazVEG+eVpvNZlKjC80EHnoD+MiRI9q9e7cajYZWrlzZGVwAAACzwcTEhA4dOqT9+/dr3759OuGEEzr/eAUAAAAAAABYKPRq/rbb7Y4JEQjmVjAbrAFhDZyy9Q8KX6+NyRoJPp2POaQNhsrExETHgPHmVYq5WMEczKBgKNXr9YxZJk0bItaAsvl9nwby+nMujZOU2Rmwfe/HpzUYy2w1O9PExq816MJ5bwLa/GgVrS52rcYeLrAxLCQTeKgN4CNHjuipp57Scccdp5UrV851OAAAsAhpNBpavny5li9frn379umpp57SS1/6UkxgAAAAAAAAWDCUNX9TRrBfcRdMFr/C0a/WKqp7Jgj1+XYFI82vvJPiK/mCQTM2NqaxsbGMIREWMMVWz80msbpD3NJkv/kVk1X61NaTt3pvrkgZW9Y4C7+D0WbHR8xMmov+LLq2NuaYGRz+tp/RKloNdQwDs61VbwLb9AvJBB5qA3j37t2YvwAAMDSE+9Hu3bt18sknz3E0AAAAAAAAADNLGWPYrjQL5oPfpjO2UmuuyDMJQsytVqtjtnhs++xWud5wmw/4LXKtoWbNJNvmsqsFvQk3F8S2eY1hjZ/U+Bwm0ycVn93mV1JmJXCIH62iVc9i02owcReS0ZtiaA3g/fv3d7Z9BgAAGBZWrlypAwcOaP/+/bwTGAAAAAAAAOY9qS/+Uyt/Y59brZbGxsYy28dK2VVb9gv7IjOiKLZeiJWbWnUnqdMWaxTFVtd5I2Y2tlPt57r4FXV2lWF4p6g03adhxaRdNWljSLV7GAwUa2z5cRtbCRkzzebaGLPkmV1+1aTvE7SKVtHqNNYE9vmLVgIPw/Uqy9AawC+88ALmLwAADCUrVqzQvn37MIABAAAAAABgQVLFFPYrgf3KOr9VZ5nVWTNJqv6YkRbewenNFLsSL1DmmsXqmCuDMWWAxOLJMx5jpon9O5V/Nija7tZeA7sKNuS16fKMyGHYOjjVb1ZzwTBEq2g19ncq/2wwm1qNrQBeCGZvjKFd43748GGNjo7OdRgAAABdjI6O6vDhw3MdBgAAAAAAAEBflPmyP89kCF+21+v1zjsq/Rf5FmuqxH5mCt+GvPjsj98iNhyz7+LMK2OuSZlE3vSwPzZPaGvo15i5UnRtYw8NFFHGeKxqVBWln2uz09YTW73rzcki4zeWNoxftNpdxlyDVuNx9Fpn2ZjKmui9pBkGhnYFcNi7HQAAYNhoNBpdT5sBAAAAAAAALARSJkBsxa81H0ZGRlSv17veKxozq6quPAvp+vl/8VT5MXMkxNxsNruOh7aOj49rfHw8U37Z1aGx1W2xtGXNKZs/Zfb4+PxnawpKk9c6tNVupRvSF5lLsfbE2hVbdZn3OWViecMrFY83NqXsu3L91si2jmAy5o3VuVgVG/rWv/u33W5nDMFwDq2iVc9i06qv3/4O52Of5xtDawADAAAAAAAAAAAAwMxQxajKM3/D77DSrtFodL17M6wSDg9Uz8XqKWuAeZMiZhwVfeHfbDYzbbUrN/0qPY81NAbxgHnKWPEmSDCFQvusmRIztOr1eld5of8mJiaiKy9jsc1Wf+fV5duYMvJsm0O68BO2Tbb5/DWfifYW9W+r1dL4+HiuCWmPo1W0moptMWjVGr42Fm8CFzEfjGEMYAAAAAAAAAAAAAAoXPEbfucZwdaoCKsMgxGRMpS8sROo8kV8XvrUyr7Yajx7zhpi4fj4+HhnxZ3dYrbVamXaas0lG6Mtv+yqwSKKjJtwPrQjxO4NkmCa+BV9YbVhaKdtY+zal10tWpa8FZGpVYZFMYXrEa5N0cpMX1bsmvdiCMXaVqYvbTuk6S2Abeyhn8KxJUuWZNqFVtHqYtSqN37t55QZPB/M3hgYwAAAAAuUvc/v157n9ungocMaH5+Y63AAAAAAZpxmo6HRo5bo+OOO0apjVsx1OACQ4OMPSr+/WXpglzTG/6rkMtKQzlsj/dKF0rXnznU0cWMkfPbbyDabzS5jKW8F3UysPouZArFVhN5ICHH6dGGlZTBfrKkUjBdrLPkyYvENatVoyjjzbYy111+T8GpG36d2paFvqzeXYmZNP6TMyPDb1psyCf1nfz41LvyKwZQJmoqzKv5alTG8glEoqaM1uw1wGL9oFa2i1e4HEearwVsEBjAAAMAC5Lvf+4EmJlpatfJoveJlJ891OAAAADCPeOCh7+jkk06Y6zB65sUXD2jXM3v07N7n9crTTpnrcADA8e6/kv7PNumZF+Y6kvnB2IT0t09K7/yCtHWX9KHXz0693hBJGb/hb2sW2S/Wg+Fi3zeaMm1Cnl7NlaIv731bgkFi8/qVj/53MMaCqRSuhW1nMJ/86ruZMBfyVr95Q8eu9rTXxBt9ZcwpuzoxGI2x93FWpZ/rZA262DWwxlHKJIrFbo00X95sETPB7HXyxm8s1tAGtIpWF7tWbewpI9j/nq9gAAMAACww9j6/X+MTE1p3+imF7/cAAAAAWGgsX75My5cv0569z2vv8/tZCQwwRHz8QczfXnnmhclrd/6awawEzlsRlZcnZgSHH79Fp/2SP7yDMxgQYWWe3aI2ZgiUpcwX9HkGS8oAiplcoa2BYKjU63U1m001m82OCeHfOepNHR9bVfLMSFtXzDzzJklsNV4svS2r2Wx2jtXr9U6/FrW3X2JmZPidGqP2b1tGkUnkDTu7kna2SOkqtuI3mIR+22C7QhKtotXFrNWUCW//TrXFnx92gxgDGAAAYIGx57l9Om7lCsxfAAAAWNSMLhnRnr3PYwADDBG/vxnztx+eeWHyGs7WVtB5X7bHVmilyrBGhF19Nz4+3jEhQtqZ/CI9Zlyl3ndaJha/Oi+YSNZkCQaTf+doLL8/1isxgzAcz9vW17clr08t1jRsNBoaHx/Pbesg8OXGTBnf3lTaMnXFjLdGo9E1dqzJOmhs/PY9t6F+a/6WKceDVtFqSDNIhlGrKRPelrMQVv9KGMAAAAALjkOHDrPtMwAAACx6li9fph8++6O5DgMADA/smusI5j+zcQ1jX44XGVp2NaH9O+DfTxnewWkNF78CLKQvIi+NNxL8KrnYCjhvLvnrYI1xb95YI86+azT2ztFBmoT+GsRW8/n+SeWNpU2t9Azb69qVmsEw9MZSWcqkT8UfWz2YymfzpIye2MpDb0yGMTxIUmacXdUb2+7ZjkP/266kRatoFa3GiZU/n41gDGAAAIAFxtj4xFyHAAAAADAUjPPvIoChYgxJ9s0grmEVg9cbLKmfGLGVkPYL/LDyrtVqqdFodLZnrWpE5H05nzJXvLFj08XK8kaCT+evg11lGFZS1mo1jYyMFK4w7JXYqklvsnjDLmUWxY7b61Or1TKrQb3BNjIyklxNWYXU9fF9Yfu0qB2eVBpvJPljNg471qu2MzY+PXZ1aOo9vz5vzCTNiwGtotXFotUjR46UqiNlNM8ngxgDGAAAAAAAAAAAAACiVDEDYl/+e8KX/8FosVvN1uv1jglh3zka4kh9yZ4yP/z5mHHdzxf3fjWlLc/WE1YYhp9YO/3KxljZqetgV3fafGVXL3qzLM+ki/0dTB0bQ7PZ7Kyu9O8b7cVgSsWRMgnz0sfS5NVVlNZfd2+o5vVhGB+xdN74C+MlbxVjzAxLxZz3t4RW0erC1GoRw2zoVgUDGAAAAAAAAAAAAACSqxhTpkwv5ky9Xu8YAeHv8A7ORqOhVqul8fHxziotbypZ0yhlTqRWTKZWBfq2+jr8MUuRCWNNj1ar1XnXaFhhGN6vGtoSYo/F6uMIn4OpFFYylrkuKcoaPnlGlB0TwUQLKwxtW21+a8DFTDobvzdB/Rgsa/KUbV/qWGyVZnjfaJ6WvGEYG5thhaakzja9sTKLxqM1KatcHwmtotWFqdVUeVYrNm3s+HwBAxgAAAAAAAAAAAAAckl9ad7LCjG/8m5iYqLLPDjqqKM65oE3v8KX8fZ9pcGcsgZFr+/wnIkv+0M7w0o7a6Y1m82OuTQ2NqaJiQmNjIxoZGQkU0aj0eh8tiahbeswYs2lsIWw3XLWG0m+Hd4kHNZ2WmLGpj8fxkQg9Kc1CIMJN1fmE1pFqwtNq6kxM19N3jwwgAEAAAAAAAAAAAAgQ9EX996sqfrluV9lFfL/aGLaSGnXpFpDUkNSTVJbOhyytSTVTNrW5LGpZMpEUps8puliOp+72lUL8ZmDrVBfU1o6OpUw8ytaViWaR022c6rMCUmHNfXBBm4b0DLny8bSLpEuscNw13W1hbS704bTXfnqUrsuqTl9/qCk2oSm2tPoKrLTH+16PHjTH7WyntN4V9iqhbFSwbfy3dJNI/tnp511SSOTY1dThYTPnQu4ZDJZ9OJH+nLqQ0a+4eRBKWYJlW1qu+104alP/rStFzqhqTaNTFYUfsZz6pn6T20q9sL+sOc65TbVXjKakymnuFhd9v3rtaMmL2PTnZ8w3WT71JR58siRoTBF82KwDyLEzPtgEIdjfsW3NfWHlTI7VywEQxgDGAAAAAAAAAAAAGAREPvSv5cVd6ktosvm99u2praIzZiHbVuGMaISBmRXIWX/jtWROTH9K2qG9uLtuDwJb7PrOsSqT56YMt5i2auY2LF2t9vOgMy7BhXO12rTxllXfzjXtUp/5HqJBf2XOt2rpRetr2Rh7djnhFHcYxUZ7PX3/ZHpDj+gwkkzDsvEUsaIH6SVmuz7iv3Rdgez123uzd8i7AM51ggO2z43Go3kttf9vB5gLuglxpgxPKxmMQYwAAAAAAAAAAAAAHThv8iPGb+9GBp57+ksQ8YIbZtj6v7cdb6d9aEyq0Vr03+XXQUaq6sSPTuH+afy4ip1xSuY2bnXW1MGWEF/RftDWQ+xn/6YS9stZpZmSHVIwjCNllHiZBWjv0zxbXegnVdwSdN3pgnTVaX+8AkqtqUXz3e2DUVv4obPdgvskC72nmO7hXcv7yaeCVIPFsVM39iDSMNo6FYFAxgAAAAAAAAAAAAAculn1a/Fmgf2WPSdjIqYVRFTb1CGVtJEDumMeVl2tWxXWZFVq6kFk3mx9EpspW60/Hb8+vfUHxWHSqcck6/X/ujHk+/0h7kQvS7yzo0lNhAqrJStWl/lctpma+wqFSaM6771OqD+CPFED8b6oyhfibqKthyeLXwcfleGsH1znlkaPsfe4Vxkns6WuRq73wS8yT6sq3j7AQMYAAAAAAAAAAAAACRVNyEGYVpkDIWpYzW5laPhYIEpGE5ktiWOJ5muq2gbaZ82YY564zC6LXKkjphBbMv3PlSRRRG7bF3Gc+K62vK9B1a0xXKRCTvT/dEvSf8yZ7Vo0erecO3bsYvQTn8euKkZS1AwkILRWvPxe4NU2f6wxnwslrJtS6ar0B9daWrT6XxZyUx99EeufoYYbwj79/xK6hi/wfwNW0aHc8NKVaN3PhvDGMAAAAAAAAAAAAAAUJqZ+HK/YzAUpZv6nZuul6WSBRV3jK2csqOrVCPHc9tQYBDX/Ice3LTYCt1UMXkmuy12oPZIhWWiRUZ/mar6ydflCznnvi0pafoOKJZBltGV34+NnAcZJGOs9hhLz/0RTGdv/qaepChR4SBnuc5lyzET81arzjR+C+SiGPPS2HN+VfBsG6lF13I+m7tlwAAGAAAAAAAAAAAAWOSUNR1sul7f/xuIvaMx49e0nXcTqy5hhJb5Sr9rhXGsbGN4VdqW2a6qNSsic+uwZRfFFltqWmZ1tPL9VWsw58Wd7PpIf5S1V8r2R3Klbgm6Vkb3iruIyfGZdzz/VH71ZqVr5TJs3NEly4k8BWOuV/o2rV0B7a4P5Sucjf5IzZv9vBe9KmW2RI5tE+2P1et11Wq1ri2ghx2/jXWZaz4fzWIMYAAAAAAAAAAAAADomZiRWyaPx5fhU0SN0XbBKtuISdU5l9qCN3aswOzyiwuDIVTL2z42r8x25tdk8lT6Wjy9PZ33d/RYie6c6f4I5RQaehFsf6RWKRcbddOZOuX42AsKn7FVvbUKi7/bZgV70WrYEqbpIPujShukyHbbTqOz0R+xckq9I7mozBIGY5l37PqHbHqJITafx45bUzgYwHbL6F5JvXO+ynuGUyb3YgIDGAAAAGDBs0M333iLfnjlDXrPFSfMdTAAALDIePbZPfrqa1c7AgAAIABJREFU1zbriZ1P6omdO3XgwEGduvYUnXXmus4PAMC8YrW09QbpvEPSu39L+t25jmcWSa3+rfJFv9/mtOyX+Z2zie/vkwsZu5zZkoEWVaCs0ZlnspYxYFNk0lZc0Rgz2PJW/5Y53xVXif6oxdIn+qPX1b1lTMV+rJ9O3jLbBw/IYxqkVdWRa+jgPCN4ADH0YvJWKbfDHPRHdEV8yTJardbAtkL25muMotXGsTQxk9cet0Zw+B3e/WvfCVzFBPYrcmPn+91xoqjO+ba6twwYwAAAAJDlmS/rgx+6W08XJDv35z6g6181KxEBAADAPOWuL96t2z53h44/7jidedY6nbfxXC1ftlRP7HxSjzzyqG77y9t15U9ermv/6c/OdagAMJ/4Gal9vvTwVmn9Z+ag/lXS6BxUO6wMw7afpU2msIqwQtkZ06fMNrjWWHOrDnNX2aYMarPtsfe6usqrZVfRRs2yEheq4xHaFZVFmLKr9EdZw7mgmJ7OdaVzK35zL3hkJfAg7KMyq5LzfKqwyjeTJPUkQJ+x9EI78Tma1vaHX2EbW83s8g6yP1JdX7U/Go2GWq1WJo03csuaxDNhWIZ6i0zhEGcsnlqtltkauiyzdR9ZqGZvDAxgAAAAyHLsel1z7SodDH8/v0O33rFDqy96iy552XSy1WvnIrgyvKCHPvsJfWr8Uv36m1lRBAAAMFfc/L8+pq0PbNM1b7haV/7k5Zlz55+3UXqD9Mi3H9X//F9/okceeVS/+ivv1LJly+YoWgCACnxXWv/rcx3EwsG/czK6zXEtYegYAyhvq9+BOEHqjitabAWDtTCfXV7s644ZzyXqzt2CuWT6aH84Qy43HFdRyFrV/hmEXZTaMrhjCEfOxeLod4F52bwp38obkVGztB07qU7wJZubpN/8Uk5/xB6WyIljLvsjuV21Jg3gYLD6VbTTZaYbGFu5G8sf260hltcazan3/8Ye8olt92zLCgawz1+lrf1QZuXzYgADGAAAALIsOUHnbDTbBD+zV3fesUMrX75Bm+bFit+DevI7O7XnpPG5DgQAAGDRctcX79bWB7bpV298l05dm35q7Kwz1+k/ve+9+q2bPqxP/N9P6effft0sRgkAAClmciVWzIzo+lI+suo112x17mHGYC1wFkuvQI0YUjUbQ5msYTVjLO6cVZqxVZO1RNqckJOx+nSZ7ZrDdsFV+iPncE3xVcVVV/Gm+iyWtuxq5ORTBM447bkO5Xd3bmJ/KnKu7eL0ZaWuo++PwpW5plobRsx0TZWV8KC7K8m72APuj7x8RQ8ERE3fRH/U6/UuAzWslC1a+Vu0MrdX8raEziNl7NpyveEdy2/Tp+4RZbdrHqT5O99XC2MAS7rhxl+b6xAAAKAPPnLTB+Y6BAAAAACY4tln9+i2z92ha95wda75G1i2bJmu//nr9Gvv/6DO23ju5OpgAAAYKmZqm2e78qxTvqmm4//EVv9mAlTULOrKG1tJW1BktrA+8YXauHPKryU+dyXKMWDLGuLRzP7Pov7IqaePqiuXE02TyuhXW5cws6vS7xCypm9ne+6yjvKA+6PE8weVCm1L8YFe4gGOQVG1rFh/2G2rYwW2Wq3O6tgw7wXz15qpRe/d7deUzFvt6+v1v33e1LvhY+ljaWKxxdKE41XbnvuwUSSu+Wz4ejCAAQAAoDpP3alf/737dOCCf6mb3nyGOzmuLX/yAX3s8fP1C++7RufUd+jmG2/RD6+8Qe959S596hN3a/MTezXWamrpKev0+jdco8tOc2/Qau3Vls9+Wrd/c6f2HJG0ZJVOf/Xluu6NG7S6ng7r6S99RB+8a/fkH8/cohtunPyYeV/x+F5t+dyndef2XXr6xXFJTS09cY1ec8Vb9LMbV5Vo/CE9fu9t+uTfPKon90/lP2WDrnv7NTpnxXSqg9+7T3/+l1/WjicPaUzptu77+/v0yTvu046nXtBYSxpZvkab3vhWXWtj+dYtuuFPd+vqd71Nq7/yZ/r41t0aO/5yvefdl+qkqWu+Z+ud+tg9D+rJZw5pTFPl/Oy/0LXrj87UN7Znuz7157dry5OHNFZvavW6S3XdP7tUpy8t0XQAAIASfPVrm3X8ccd1bfucx6lr1+onr7hMd33xHgxgABgcq6UP/bT082dIx4ZvQcelhx+T3v2n0udd8tM3SH/wD6XLVkujdUlHpM3bpMdPl649Qfroe6Xrp9Le/V7psv1S7fen84djZ/y1dPNPSpdN/ZP+0AHpo7dL/277zDZ3NslbyVX2vZVltjKtFpTS7+ktzqqQ1RM7Vlh8bPVoUeW9ULStbwnjLLn6twcyXmR/XVk9Tzu9PXLhdtTBSI2sJO8Vm7fUGOp64mD67+gK15gDm2M89tsflcZFnqCKyOkPX3RlwzYnpKr94R8Oabu/U0G2Wq2OCRx+rBHsH7bpdcVvGRMzZcz6+vNW5aYM2dCOer2eSR9bDWy3kc67F/Ta9iLTdyEZvh4MYAAAAKjOSy/SJafcp1u3b9ejbz5DmTft7v+mvrJDWn3pBTrHmrUv7tDNf3C/9r3qIl372hXS/p26+577det/36uxd/yirjppKl1rt+78rx/R7U+v0rlXXKOrj29q7Adbdfu9n9av7zqoD/6/F2hlIqzVr7pK1x2/W9vuuFMPHnOBrnvd5KqjzvuKD+7Qxz50i7a8eLROv+ByXXf6CunwXm2798v6ysf/ix579gb9hytOSJQ+yaN/8WF95BtNrbv4al13clPav1Nf+coTevKgOgbwwW/dovf96Q7plAt09bVrtVL79eiX7tatf/hhPf2v/z9d+8qpwp75sj7yx3frwKkX6Oq3TqZ76M47tfnjf6SxJTfquvX2n2rjeugzf6Zlr36bfvufrNJI5/ghPfhnH9bN2w9p5amhPmnf4/fr0d0HJU0bwGNP3a0P/81urb3qal17ibTvkbt169a79eFPrNBN/+p84QEDAMAg+P4TO3XmWeuKEzrOPnOd7vva12cgIgBYlKyW7v7X0mVHS8/tlj7zA+mQpLNfIZ23TvqLX5Le/PvGBD5LuuNnpLPr0sPfkx7YJ42ulC7bJJ3XqlDvUZPljP5A+vj3pdFV0k+9TPq310i7tksfHHxL5yWlthutZX5NpTXHatOmX+Z9tG4FsT3UtW3yVKLM8dp0PV0+VtE+sZEYukzFgtWzHXPJtyuRuC1l39MbTCp/HWrZPO5QV6hdZnot3hc+mVR8eWKUypMwFsOqy7A62TesXXDB2+ZzbvU5JrOPxVVRnCeSoWbGot2KO2ZO2tXAmXx9UNinqf6wx2LGdIELW6Y/WqateXTmiOIiM3m64qplH2xo2/5IOfymvb7MYPbWarWOCdxoNDImcMyItcyUcZlagdsLdmtru/JZUmb1c/jbYv/O20Ya0mAAAwAAQA8crYtft0633rJDWx65RuvOmj6zb9tWPa41etPr1mRyPH3fdp37rht1fTB6tUGbNq3Rf3//bbr9M/frwilj9+l7btHtT52gq951g64OaTdu0MaTb9H7Pn63bv/OBdMGqmPkpHXadNIq7fnSnXrw2NO1aeN6c3ZcD/7Fbdry4hpdbQ1nSZsuuGDSRL3r07rnNb+oy45JtftRbf7GIWn9W3TDT2+YbsdF4xoLSY7s0J9/aof0qrfo/T+3oWOqbtqwTis//BHd+cX7dfUrg4k9qvX/5J1606bp1b6bzlyqfe+7TVu27NB16zdomr16+vi36aYLsquU9933f3Tz9kM65UpnXm/coMtc9Ht27NXV77hhuu0b12npgf+sjz/yTX1j//m6ZIUAAAD65omdO3taxXvq2rU6cOCAnn12j44/fvUMRAYAi4lffuOk+fvwVmn9Z9y5fyV96AzpN66WPn/75LGbr5LObkr33Cldfu902tMvlrZeJbk9i9KslLRVOsPU+Rv/RnrPWunNPyV90C87nudUXbkbW3Fmv9TPnI8U6VfddXaJLVgO6N/LWWSqFlHWzypVULv7UCi8qF2d9DlOXZlVzcn4fbkJY7EfS6ZVwlQtJGbMR2KPUSX22PDs6qIiQ9Ily5ilLqB2Tr/m9kePHRJ7r3BP9NgfvfaFzRvrjyrlJvuj7cqJtc09tBEzsq2R6bd0tj/eHLX5w+/YgzRlTGK/vXSMInM5ZsbGjGP7d1j57PPUarWMIV7mfhKruyj+IkN9IZKziSIAAABAmpGN5+vc+iFt2/6oObpbm+/fJa2/SBd7E/WsizKmqyRp6fm67DWj0vce16MtSdqpzffvjqZdumG91umQHv/+7t4CPrJdm7cf0tLzL++OQ6M698qLdJJ26Rtb9+YUskIrj5H0+A5t2W8O15samfpX1dj2rXrw4NG68Cc2ZFfU1k/Qpg2rpO89rsfDsRMvyJi/kqSla7XuREnP7NXTrvZ16/xqqt3avHmndMpV+sWClcuSpPX+uo5q04Z1kg7p4MHi7AAAAGU4eOCgli+rvq/Esqk8Bw4eGHRIALAIefMpkl6Qfvcz3ed+97PSw5LOO33qwGrptSdI2iVdf2827eP3Sp/fU6HiQ9JHXZ3v3Tn5+9hlFcqZp8S+hA8/YfWX1G38WuzCuVIkMnSZNVM/Xat5/WdNL7as1aaMppriplbZ+HqlnQm9UpG1WsRj6yEWW3fPxmLOT1kPpmPMmW14O7GVGDTh/az9rh/spS/yyuqr/gH0R6ZMO85LlBFLX7Y/qgu9XDGzvT40ZQqn4rBGrTd7gwkazjcajcw20SF/3vxp0wS8uWzjKFNeKCPv77x0ts6JiQlNTExkDN9wfwjttCuFbf7Y+4Rtm1Nt9e1cTLACGAAAAHqjvl4Xnj+qB7du1YNvWadz65Ke2qrNz0jnvn6D2aJ4ktWnrO06Jkkrj1khabf2PCvpxP3a87yk52/Tu268LV7v07sllTA7Pc/t1x5JZ5zh31k8xYkn6CWSHvzhbkmpdwGv0evfdIF2/On9+th/+oBuPe3VuvrqS7Xp1KM7bdvz3F5JL+ieP/g13RMto6mnn5HOPXHyr7Hnd+rBb2zXQ089pSd37tWBgy9o3xFJJ/p8q3RSl3G9WzufkVZefGpyW2zL6pPWdB0bGW12yumuEwAAoDqnrl2rJ3Y+WXkV8BM7n+zkBwDol2OXSId+KH00dnKPtOuQdPYK6d9K+m9nSmskPb5H0w9rGg5W2QJ6v/S7/thz0nOSVpX5R/s8xa/ayvuSPrVyLJrP70nch+HV01qvkDFRb1eZiZWc9rjdRtZvzdwTPj67TbAtup0Tb6LuuTTWLHbb3c71K9jWWZpO4z2fuWxLiD8YqF3bSrsxNIDhn0tPJnSf/TEb7apCR495/VH0kIlJXu4Bje7Vu3Ze9CtlfVr/2R/zBnOqjF6w7/4tiidmOMfSxMzpWHvKmrhFcS0WMIABAACgZ8553au1est92rxtXOee39Tj33xQe5aer59d3512JHffkVEtNQuFlq6/XP9kY8KEPe7UfkLum6Vn/bTe84FL9ejmv9LtX/mmPv4H9+tTp1yuG//dpTqp08Y1uuStF+n0aJtHdcqxk5+e/us/0k1f2CUtX6N1Z56g9ZdcoLUrDuqhO+/Qlq58zeQ1HDmq3IZ0+X0AAAAwGM46a50eeeRR6Q3V8j3y7Ud1VtduFwAAs8j4XAcwfym7XWgZkzi57XGOAVNk7pY2at3hzGrhohWmU/+JxhJxu/x21ql6YqHm5o3EWWaLZ5+tjGUS8fX6Ium3m7Zl3r1aVEaJgIrGUG4RicydGGIXyMYfxksPBnzV/umnb2ayP6rG1Ut/dE57o9o/GFChP0rH5NKltmSOrci1JnC9Xler1cqkzfuc2iI6Vnep2EsYvXnze+whH3tPaDQaXXn8KuFU7KXeKR+JaTGAAQwAAAC989KLdMkp9+nW7Ts0tnFUm7e8oNU/doHOiRiNT0dX7o7r8Sd2S0vP10krJGlUy5ZKB1srdO7G7lXEfXHsCq2W9Nhjj0mbIl8uP7NbP5R0+tqXFpfVPFrrLn6L3nXxuPbcd4t++7N366P3rNd7rjhBy5aOStqr5vEbtCnPq27t0O137lLTvStY2q2n7yzbqMnrtee7j2nflSeUWgUMAAAw05x15jrd9pe3Txq6Z5YzdA8cOKC7vnSPrrzCv8EeAKA3njsija6Sfl6RVcCrpTWjknZJ/02Splb4rkm8fnwV36CWomhrzrJkVsdWyFpllW/XCtx2oXdUiPeVkuVYs6zMKt2iSisuQyzwwOYEa5R24qnoXuaZpaVi6CFP5XJCW/wK0wEYozaPH0OVTdZYQbPYH7M2Jl1bJg3aeAC99kev80nYLllS19bIsZXCMfM1HAvvEh5mA3RiYqITX2hno9GQ1N222Oro1KrhxQ7rQAAAAKAPjtam89ZIO7Zry9at2nxwjS55Xfc2w5Kkb23V5v3u2BN3685HpKUbNmjy6+EzdO45o9Ij9+lO/wLcqjy7W5lXdS3ZoE3rpYNb746UfUgP3nWfnq6v1aZXHZ1T6LjGMqsCmlp94WTszz8/2biVr1qvU/SCNv/NduW+Vnfvbu1pSctOWpN9V/ATW7Wl9DvGztCFm1ZJ37tbn/zWobKZAAAAZpSzzlynn7ziMt38vz+mAwfKvc/3v/zX/6ZjjzlG17zh6hmODgAWC3fsknS09Ms/033ul98onS3pgbDf89elh49IoydLf35WNu15V0k/lXpDzAKnqnEbW6XV76qzrpg6BUz+hMWHPk3X6t0iiravzbkUXadLlNWPyVxqtW07EZsGZ/6Wzltw7SrnN41qq7B7ZpR2bWoFrNT1fuG21N1hEeM/bxV2pViqJKy4wjU30QD7o9++9P1hy5XUPfhdZf6hk1npj6Jy3HtzJXXM0bBqNvXe25B/vmyBHN6DbNtp3w8cjtl3BEvT95lBt3W+XLc8eH4NAAAA+mLlBRfpnDs+rVvvGJXWX62Lj0mkO2m/bv3Nj+jxf3Sp1q2Qxn6wVbff+5j2LV+v639q+r285/zja3Tuw7fozt+7SY9ecJEuOX2FJGnfD3Zo27ZRXf6ea3RubkQnTL4rd/t9+tSXVmnTip3as+KnddX6pjb907dq20236Pbfu0kPhbIP79W2e7+sB59p6tyf+xe6JBH/JI/qY792u/a9JsQ1rp3f+JIe1Cpd9pqpNhxzka67crs+eNen9Z4P7dBVF6/X6qMkHd6rxx/arp2nv1Xv+ocnSKvXad2qu3XPPX+mm+uXauPxzclrsnVMq1dLZT3g03/6bbr67z+i2//0Jn1ww6W67FWrNKJx7Xnkm3p8zTX6hUt7eF8yAABAn7zpDVfr2488qt/6nf+i6//VzyXf63vgwAH94R/frO989+8lSffet1kXX3ThbIYKAPOYVSdIf/6W7uP3fFr64Geky/6NdNn50t610j0/kA5JOvsV0nlHS889Jr3589N53rtdumOTdO1bpbMfkx4+IB17gnTZS6TH90lns91OLmXe82jT5ZYVOxBW7Ca2ObYr97ryt+OLLrvKzovDrtyMGEQZX8muZvUrjU08naJjcccuU6Qd/nwPp0qTtwC0aNVr5ry7aEXb8haWX4JI19kQeisztmo5VnGJOHKyFKbrpT8yaVxBbZOm7JiqssV0LO5+12m2XcGddxSn0phjg+qPVJ6y+Yt2UAjbP9sVsLF35sbyzpeVsPYdv7a9qQeL5pO5PVdgAAMALCLeeOUl+uxdX5nrMGChsWSDLj7/dj205ZDO2bA+uW3zsle9RTe8dKtuvvU2bX5+XGqO6pRXXaXr33yRTrdLYJeu1/Xv+pe657N36q++cac+tllSvamVx6/RxisuVZmNJM9989t0yTO36Ct3fVoPNY/WZf/PT0+XfeMvavPnbtPt35wue/Wpr9a177hcF7606F26J2jj+hW61eRd+dINuvYdr9eFZufok6741/r14+7Ux+78pm7/ix2SpJHlR+slL79AV28MhuwavekX3qKD/+d2bbnrNj2oplaedoGufcf5evKPP6LHu+pOUD9BV/27d2r15z6tO7d/WR/fPj4V1zpd9dpFulQBAADmnGXLlulXb3yX/uf/+ph+7f0f1JU/ebnOPnOd1p5yipYtW6onnnxSjzzyqO760j069pjpp68++r8/JkmYwABQipPWStdGni85+Gnpo3uky/9Y+oOfkf75ydLPTP0z/NAB6Z6/la7/S2X+zX3PbdKbD0oferV03jrpPEnP7ZM+83np4IWTK4YhTdH7IYvw25pOn1ApNyX53uBE1po/WNYFylk5GcqMFuXdrqI2JdJmTOwcTyfXKE4GmV99wnsvLKNSJSXjK1N0mZXSRVVUCqvU0uzE6R76I7e8gvqjY6OsFnqIoWg89mIe5+atsMy91/5ItWfQdqSfG605mqk3xwydDwZwnsnrt4POM4DnQ1tnk1p7SC3yxx57TGeccUZxwgFww42/Niv1AADMNQvVAP7ITR+Y9Tpn8z5VlQce+o7OO+eVs1rnQ5/8z/rvD63XL7zvmsj7f3fo5htv0Q+vvEHvuYLVqAAAAMPOAw99RyefNLh79tYHtumuL96jJ3bu1IGD0y9IOGvdOp111jpd84arde99mzvmryT9/NuvG4gJ/IOnd8/6v4sAIE3tvXMdQW/8+Tula1dLH32vdP1cByOp/Rt95I18FexX7YYv1e3frVYrczz8HX4fc8wxmTz9fAm/Z2JqzVKe+xZ7d2dOmVVWfhauSowYfdH6SxqCfRExqkpVV/CO4H7orLQ0FyRTXTv/GvdTf8zkr+BrFsdQVECiPwrrnsH+kNS1ytr3RzJfLH0v9au//vDxdB1IFZbTH9HycvKl4qjajpctOVIqXZhP/QrYMMfa9wLb9Hl2Xz/zsq83zP92u+bYe4jLlGnzxOKv1WpqNpuZFcJ5u00U1b1v377MVtJ2S2n7dyjL9oH/XaXeIvbt2ydJ2rZtW1/lSNLGjRslsQIYAAAA+uXIdt279ZBWX3xBxPwFAACAxc75523U+edNfgnx7LN7dODgga4toYPZG0xgVgIDwNCwWjp7laQXpHvmOpYhJrmCtxdSxbTNr3a3idPxgnLcnc5WzCVcuSorJXPTxSjjGhWYV7aOgZiEveYJ1yDZIeXMRrt17yDoZZXqVBgFB4sL8dl6bVZPfdLOrg5v99offcbh8/a7atiOteiLv3Mqr9wfBQmsNAvb4fqjLGXmU2tUls0zzKTM3JTZulC2vp5JMIABAACgL/bdf58eaq3Rm163Zq5DAQAAgCHn+ONXS1odPYcJDADDyC+/UTqvLj39pPTxuQ5miEl9Se8p9cV8idWQma2QU4nMyVo7cj5RR3Q76SlzMmoO5lSfic+6T2V8msTK3mjWCisW04VUDqlrFXQyX8Iobyf/6COmohhcED6GaHmRgz10YfJcLVVvRTrvvk0+vRAPatC2YalrU6I/kn5mQhsxyu4G3c+q3mSZZfqjk7Z7NWzsXJhrG41G57NdnRt2ZZjP+BW39lrE7h3zvb0zCQYwAAAA9MCjuvPWF7RyyXbdfu8unXTFDbrsmOJcAAAAAHl4E/gT//dTGMAAMCv88s9J7z1Beni39PgBSU3pvNOks4+WDu2TPvRncx3hcGO3Ks3bmtOnn53gckzZRPrYsc7q4TLpQz216fq9EVW19bmm1AD8j66Vo8oxz2INSDWqgllXRL/NrIXVrzbWIfCOokOuYOVoz/1Rou4ypDRVpbzQvtDWzCrfKuXkZOtpFXW/6fvoj0wW88BM7MenkSZN4KItkocVv6rXr3D26fLuIfOp3TMJBjAAAAD0xNP336bb1dRJF7xN77qSd/sCAADAYAiG7ydu+aTOXMf7ewFgdnjgWWnvKdJ5r5AunHq1zaFD0gM7pA/dyerfIsquXitdXijHHferczOeineBipbxlTgfXfVrtirO83OsN9H5WOFSdBmVFal61XPNxliHhNja2XQZo3wA5m9qLHQlSiQIp6Jbg1cMqMxKzmTeiuljK2M7TcgzGGP9oelz/dpipYzWEtfJmr+d/EPcH4WFleyPKlhTN2X8TpedNYLzVsqmjNMyOzTkGa/9vAogvMvYlhWrO/bO+lSbZ/VBoyEFAxgAAAB6YJ2u+60P6LpSadfr+ps+MMPxAAAAwELi4osuZOUvAMwq93xeOuPzcx3F/KbVaknqNiDKrgruUGaf1iljxXp6Xf6LN29N1mg9djWisuX7GGKmc8do1LSZ1YnLGUF5qyVr9l24JVaA+rJ6tTva/kMtYlgVGOy27T3X38t5t3LZj5O2OZf3jujYNR1Ef/RqfNeUrTvTH7Hxm+oP9bbNtDVYK7WjoD/subL90fkcrkOB+ZvXZf2Yv2W3pU72hzFZ8+bDYPZ6YzT2sE273c7Mv9b09CuC88opS17s4Zw3X2P1+a2dYzH4+0qr1eocs3lDO/PM7cVoBmMAAwAAAAAAAAAAAEDPxMyA2Gqy1Oq1SpRxomrKvPfXZumYTu20hxQ1j5zZK3XXEQvVZihjCuZdmjJXrZc0KaM7t4z2dN5eDc7c+iP1pfybzBbCOQRj38ZQtDB4EP2RG3vk2Ez0R5VxkXnAoUJ+G0sv/VEUVyjbx+bTpsZTZw4o0R81Ra5HBVLjpsiE9Ct9B4Xfor+X2Mpgyy9julZpb5WVydYUno/bYQ8KDGAAAAAAAAAAAAAA6Bn/pb8/F1sVHEsbiK2aLQ4i/3SX0efLj6zWK11+JNYyRtQgaOWYWb6+jCHtzL2UKWZXXnoj238uQ+y6lCkjb0vkZBkVzcUqpPLF+iO3fyIuY+iPss5jP/0xyDJS5VUpeNDxD6o/comsbC4itSI2teI3b4vn2NbH4bhfjdvPNs2hbJs/tVVz3hwfe59xbJVy6v2/vg2pOgADGAAAAAAAAAAAAAD6IPWFvDUB8t7TGPucXiIbqz8nfU4Zuat2/UG72rdCfZnVkBVMvbJUWVmaOR4kOMONAAAgAElEQVRiCdfCluO2Tg7p+zEGB2lSdhm/JQzwqOk8i/1RWF2sP9xy1NSK5X4YRJ+GUDsh93BNZ2ptZq8+YNv1R/Kzpj9XNX7tnBhbCVu0crVoha03Yn19vuwiY9emS+36EHs3ry3T1m1j6Hd1rr9WYfVvUVsWOhjAAAAAAAAAAAAAANAXRat6U8aHPZf5or7KMtEps6azDe7U711PP6vv/v0Tao23sitZZdLWa3rlK07VS9ecEC02fKhFT0z/HQsvmGGZVccJnnhil773vafUbre1fPlSnb3+5Vq2bDSdIUHX5fcrd2vdx62r2DFGeyBSXF/lqN3W008/q0cf/b4k6fjjV2n9+pdPX9ecCiJdpG8/8rieeWZPKDr7ft8Qe01addwxOvPM0zQyMtJXO2L1tFMPD0T64/DhI9q+/ds6dPCwJGnZslGddfbLtWz50p623h74yl43rvrdLrtyDG3p77Z/W3/8hx/XmjUn6ufe/iadcuqaAvPS9Xtqr+ccw7drzFSJ3cx1eaZv+Jw3n5YxTWOmbOxhnJneHrlse21cVWOy6ScmJrra2u/q5/kIBjAAAAAAAAAAAAAA9Iz9Yj21JWhR/q50NktkO9Yyq3e/+MXN+vX3/5EOHDiUrLvZbOp3bnqn/tlb/9F0IRFTsCumPogVc9tn/1of+tCfaGxsXGeffYb+x/94n17+8rX55ZiLUdqEamd/B8O3yFAsXFFcIm1haG6JbLs92Yfv+Y+/J0l6/esv1v+4+f09r9r9oz/8hG79zJcK01155UW66Xd/RceuGqlUfqo/Dh8+ou9+5wkdOnRYy5cv05lnnR7J3P354Ycf07/8F7+qAy8elCSd+JLV+p3fvVEXX/qaUv2RGrbPP7dfjz/+pFqtlk4++SV6yUnHJ9sTVq/njo8BL7D0Gt+793k9/tiTqklae+pLtfqEVZKkw0eO6CO/9zH9zd1fV71e0+rjj9X1v/BP1Ww2O/FLke3DI9e66HPevFPi2ZQOse2P/UrY1MreQa1kDeWXXfFbVFaqjJgBG8tb1pQt2lbal9dutztbai9G81eS6sVJAAAAYD7RbDbmOgQAAACAoaDZ4N9FAMPECJLsm2G9hlW+WG+322q1Wvnvbayy+jeWph+fxJRTm/ppt80KTpOk7f7OK7KK9ZB3PW0shccHZczN4A6qedcweRlMhl76o2xcpdKV6I9nn31Ov/2b/1Pv/KXf1O99+E8K6w3F3foXX+yYv5Pl7NWWLd/S2NhYudgUb8dD3/qO/uOv/I7e9e//s/7mnvujedxzApNtSV1g1x+xOHohFPvgA4/oV97xm3r3O35TX9/8QOd8o17X8uXLJj83GlOf44N1UPropS32sjUaDTUaDdXr9Yyh2Wq1MvPiTJuV1mwODMJgjpnbvq29bvncS76QZ2JiInnfWciwAhgAAGCBsXT0KD2ze69OnHoiEgAAAGAx8uKLB7R0dMlchwEAhvPWSH/75FxHMb85b81cRzA4YiuGp02Cqb99nsixDGGZYma71sk/liwZ0amnrtGyZaMZE6DZbOq41ceq1W5PrRS0eyZPfQ5xmfJaU4dTpsmk8RDaNfmfIuuhyICx3kWr3VZNNbdisJZd9RmCtFeu3Z78qxZWeNY6l6ymeL/keibtyVikqe1lI8uR21PLjMPvEGu28Z0A1GqH2LoNn65Q2lJb7an+697a1uZbe+oavepVr1StVtOLLx7U97//A01MtFSr1XTaaSfr6KOXTaZ72UvVaEy+Q7SmmlqTFzOydXloX7tr6+xwHdqttsbHx/WDH/xQT3z/KR133DFqF49kHTo8pk9/6q8yx1oTLX3tqw/on7/tDTrxJaszWyFPf5iqN4yPqeOdeNrSCy8c0BPf36VDhw5r3/4Xp8xRv+p0sh9qU8uAO/0a2txyPTE1oNptSfX01sLdq0An6wqrje3y6ZB3//4X9cT3n5IkvfDCwU6e5khTv/3h/6DXvu58rVp1jC7+iR9To9Fw2zu31WpN/51pR3uqOZH9wEMflTFFO9opTNm9FXHZ3RF6JdRVtK2yHdtl08fe9+tX+vrtnsu8CqAqPvZYvbHPiwEMYAAAgAXG6mNX6plnn9Pxq4/pbHUCAAAAsNg4ePiI1py4eq7DAADDL10ovfML0jMvzHUk85MTj568hvORvG2hB/qFfHvahPFVrj3lJfrIf/1VnbfxrI4Balctfu1r2/TAtkfUbrX1yleeqmXLRnXffdt0xRU/rk2bztHY2Lj+bvt3tPnr2/Sd7zyho0aXaNOrz9GFF56rNWtOUKMx/f/fT+x8Wps3P6gHHnhYBw8e1stfvlYXvXaj1p/zCo3mPJzU9Q5MOZvQuLu7ntqtLVt2aMuWb+n55/frlLVrdNFrN2rDhnVafvQy7dnznL7wha/q+ef2a3TpUXrDP/4JnXDicfre93+gO26/V8uPXqo3vvEyrVq1Un//3Sd0z933a2xsXCeeeJze8MZ/qKOOKniIqi09+eTT+vrXt2vLlm/p8KEjOuPlp+iCHz9X55+/vrM72cTEhP7u776j+7++XY8++j3V6jVt+Adn6qLXnaeXveylapjdOvb+aJ++9rUHtPlr2zQ2Nq6LL96kH/3o+WylU7RaLX3/e7v01a9+U3+3/dtqt6UzzzpdP37huVp/zitUtwbQ1O93vfvtete73y5J2rZ1h37+7e/Vnj3Pqdls6v2/8e91yaWbMk185od79PWvP6hvbnlIzz23T2ecvlY//tqN2nDumVq69CjVatKhw0e0bevDuv/rD+qJ7z+lkSUj+gf/4Ez92I9v0Gmnn6yv3bdVf3v/dj2582lJ0nPP7dPnP/dlrX/VK3TaaSd3D9QpPv3JL3RW/57xilO16wc/1MGDh/Xgg4/oscd26sSXTP8b51t/9x199d4tkqT157xCl/zEa9RqtXT3XZv12GM71WjUdcGFk+PvC3d8WXd87q916NDke4Uf3vFdffHOr+rHLjhXxxy7Qq12W0/v2q1v3L9dW7d8SwcOHtLatSfptRe9Wmed83IdPbXidv/+F/XJWz6v8fEJSfr/2Tvv+KiqtI9/75Qkk947EAIJHULovYmogIhrQcTFVbe4a1t3133frfZ11dd1l111LWtZxS6igCDSQXoLRWogJCSB9F6m3PePmbm5c3OnJARFPd/9xJm595TnnHPn8tn53d9zGD0mh89XbaaivIpx44cxetxQys5XsnrlJoqLy+jZM53LZoyld1aGsh61NXXs2J7H3p0HOX++grj4GMaMH8bQYf2JiAijuamFHdv2s/Sj1W1jzTtKRGQYI0cPIT4+hnVrtlFZUUNFeTXJqQkMGJQNMthsNk6dKmL7l/s4diQfm91On749GTFqCL2zMggKcqb3zj9xhjWfbwEgKTmepOR41q/dRl1tPUOG9mfyZWOIj4/1tkwdxpeL1ZvY600gDVQc9pf+WJt22l+73trztcevt7TW2vqdwZcA/X0Wf0EIwAKBQCAQfOeIiYqgoqqWY6eKiI2MEE5ggUAgEAgE3ysaGhppbrFiNpuIiYr4psMRCAQq5g+BPSXw331CBO4oieFwS45zDr8r+BKF1UZej/0z1WU1n93HvFHf0MTmLXs5e/a8ciwyMoyJE4YhARs27OJfz72D3e4gLS2R1lYr5eVVpKcnM2hQNi+99D5v/HcZhS4hD+Cdd1YydmwODz74c7KzeyABe/Z8xWOPvciOnQcVcQygW7ck7rxzHgsWzApo6yb1WDwcjcDefUf4y+MvsXPnQVpb29IBv/XmMm64YQYP/PY2WlusLF+2gU2bdhMeHkpcXDTXXDOV1177hJdf+oDgYDOZvboxdkwOK1du5sm/voLDIXPNNdOY+4PL2mf5VbuZgUOHTvDQg8+5UhLblHKpqYnceOOV3H3vzUiSxGuvLuH115Zy+vRZpcwH733OwIFZ/Oa3tzFxolN0raqs5U9/XMTKzzbR0tIKwEcffu6xP61DJeDs2X2Yxx79N3n7j2Kz2VyxSfTq3Y07fz6fH1x/uU+PrT8pqKCgmAf/uIgvv9xLS3Orcjx5cTzz5s/i7nsXIEnwycdrePIvL1NeXqWUeVdawbjxufz5kbt56olXOHjgmHLu9Kmz3PXzh/njg3ex8EfXICG1ExcbG5tZuqRtr+K5107n0MHjrFyxEZvVxofvr2Lk6BzXmGHvnsM89cRLAMy7eRYTJ43Abnew9OMvWLliI+YgM7/93U/o1asb9931qEdfSz/6gjWrt/L6W08xeEgfDuw/wt+feY2tW/Z6rOubb3zCjfNncftPric6KoLq6lr+9vR/lLnJ7N2d/BNnAFj+6TrGTxjOmYKzHDt6WlmbLz7fzEuvP0F0TCRVlTU88di/Wbl8PU2qPbo/+mAVNy24mp/fvYDKqhr+9vR/OHzweNvcLl7Gu4uX8frip4kbH8PSj1bzxarNAIRHhDJgUDY2u511a7by3N//y+FDJzzGm5GZzo9/No/Zc6cTHGTm6JF8/u+vzrmLT4jFbDZRUuy8R3z68RpOnijgF/cuJCIyzKMdj6+krLpf+dokWONsDlTw7Erh0t/DOFoHsK96env8+tsD3teYOytw++JC3cXfdoQALBAIBALBd5DeGWlU1dRRUV3L+aNVWFX/p1MgEAgEAoHAH2dLy77pEDqFyWQkJDiI5MRYIf4KBJcoT18BuSnw962wtwSs4v+q+MRsdKZ9vnfMd0v89Ys7S2tHfrNXOXr1ZIOyskqeffZND6du3749mThxWDs10C0SuzMVr/5iK8+/8D6VlTXExkYyceJwSkvL2bYtjw0bdvHQQ8/x1lt/pbikjKeefo2t2/KQJInc3P50757C8uUbKCw8x5NP/ofRo4fQt2+Gz6F4uNY8TkBxSRmPP/4SX27Z64rRKbo4HA7Kyip5+eUPSU6O54cLryY3tx9ffrmPhoYmtm/PY9q0UXz6yToAWlqsbNq4i9yh/diyZS8OV0rfq2ZOJD+/iO3b9tOqEgBBIshsYtz4XOLiorjj9j9SVHROOWsymbDZbBQXn6exqQmj0ciKFRtZ9I+3FBevyWTEZrNjt9vZv/8Iv/rlX/lk2fOkpMTz+usfs+zTddjtDqW9lhYrZwpKPGIAqKmp5xc/f4TSkjIkSWL65eMwmYysX7edE8fP8OjDz9E7qzs5Lrd3IKjnvKW5lcceeo51rv1xh+T0pV//XqxauYnS0nKe/9diBg3Ool//Xiz5cLUi/oaFW8jJ6cfRo6cYnNOXtNQkH85RtwjY/kze/iPkn3Tmy4+KjmDosP4MGz6QlSs2ArBi2QZ+/ds7SNDJdOJbNPMtqFltdv7+zOts2rBLmQ+j0YDd7qCyoprXX/mQpKQ45s2f1a6uW/wFaG5qYc3qL9u5L/fvO8IH767gjp/NIyzMQl1tPS3NrWT16UliYixbt+yluqqW117+gOlXjCcmNspnvFrcvZWcPcdfH32BwjPOa0f9HTmdX8Q/nnmNbj1SGTnK86ZaXlbp8bmlpZVPP17D3OuuoE9kptdrSZM92i9dKWzChbtrfT6M4yOlszfBV6+Nb5pLIYZvAiEACwQCgUDwHSUmKkL88CkQCAQCgUAgEAguOeYP+Z6JmYKO07aVaRvqTTYlkGTNcVlTXvYU9RwOmQZXSl03DQ1NusJNeHgo1103nZycPmT27Mbbb6+gsrIGk8nItXMv4447rkUyGFiw4H84fvwM69btZP++o5SeK2f//iPIskx2dg8eeeQXxMfH0qNHCn//+5tUV9fx8ssf8tTTv/I/Baq41CFu3bqPvP1HAUhJSeAvT9zHhAnDeOrJV3nxxfdoaWnliSde5vobr2DkqMFEv7WMivJqvjp8kg/e/9wjpfKK5Zu46aaZ7Np5EIDY2GimTh3F0qVreezRF6mvb/SIKTo6gif+ej+lpeWK+Juensw///UHBgzszUcfreZcaTn33b+QhoZGVq3cTGVlDZIkMXnKCB5/4n5kWebWH/4vx46e5ty5Cp5//m3uuWcBW7/cp+zHe8WVE3jksXuorq7jrp8/wpGv8p1L7RJxPnhvJaUlzofVpl02hv/53zswGA1ERUfwzuLlVFfXsfKzTQzJ6auZVFQXSXthyz3P27btZ/fuwwBkZWfwq9/cRs/MbvTt14uH/rSIlpZWnn/uHZ58+gEaVe7VzF7d+cU9C0hKiiM1NZHgkGDuu/9WNm/azauvfAhAjx6p/OKeWxiS09cj1bcbh93BxvU7qampBSA1LQmDZCCtWxKRURHU1tTR1NTMJ0vXcMdPbtC5Qry4m2UwB5t5/K+/4uOPvmDH9v0AzJw1manTx5LeLZk9Ow+ycf0OAEJCgnnx1cfoPyCLJ//yIu+9vZzGxiaWLV3LlTMnoRWTb/vJDcTHx/DCP9+itrYeWZYZO34Yt97+A158/m127TgAwO5dh7gDCAoO4m///ANL3l/F+EkjaG1t5ZE//ZMtm3bR1NTM9q37uGnBbO65/1b++ewbHMxzXvNzr5/ByFE5ZGb10BslsgyfLPlCEX9TUhJ55c0nCQ4J4ld3P8q+PYc5V1rO8k/Wkjt8oEfd0FALv/n9T4mLi+YPDzxNbW09FeVVFJ4pIatvpiLWt+1XrJrr9ltf+16Pbwnq9NC+9vYVXJoIAVggEAgEAoFAIBAIBAKBQCAQCASXDpLqVdYcl1XpiL3VU9IVt5WwWELo0yeDiIhQpX7Pnmm63U+ZMpIHHriN6OgIzpVWUOwSG202O4vfXsEHHzr3JFULyseOF9DY0ER1tTO/+YkThdx88/8Azn1w3Rw5ku/ZmY52oogtmnOyw0FxcZkizPbr34uJE4cTFGTm1h9dwyefrKO4+DwNDU2cOHGGnJy+pKYkUlFezYkTZ3j7nc+w2ewYDBIGg4GCgmKeffYNmpqc+8HOv/kqgkOCMBqNmM0mzGa3fOCcR7PZjGQwsN8lQAPMvnoyAwf1JigoiHnzrnLZIaGqqo6SknLn3IeGMHPWZNLSEpFlWLjwGn7/u2cBZyrnyqpaamuc8xYZFc7sq6eQkBBLTEw0c+ZMVQRg93QdPXpK+bx5026uveaAcz9e1762sixTUFDcfmIDQYazZ8/R1OQUdk/lF3LXnQ9jMEjYbHZF7DqdX0RcXBRjxg7l8OGTWFutHNh/lIULHmDIkH7ceNOVXDlzMlOmjQYJRQCOjYvmuhtmeO2+pKSMfXu/UpzQx4+d5md3/BHJIFFf16CU++i9Vdx400zCI8J025HR7DUrgdls4prrLufggWOKADxoSF/mzL0MgMU78pTiUy8bw5hxuQDcevsPeO/t5c5xnypyzbPnxXnPLxdiNpv48P2V1NbWYzabWLBwDpOnjqampk4RgBsbnNduc3MLX6zawo5t+3nj1Y8oKCjGpnKcNze1YLFYmDJtDEs/Wq0IwENzB3DtDTPaci6rx+xyseftO6Ic+8ld88ns3R2Amxdew749TmH/2JFTiuvdTUZmOjfcNAuD0cDi/37Cti17AKhvaPRwanfETOqhjXblducX2V3rb59i9T7Abne11jXsb+9hb20HEocgMIQALBAIBAKBQCAQCAQCgUAgEAgEgksHvd/8dY7JqJzAygHXe42WkJgYy/2/vIUBA3or58wmk0dVNynJ8URFhgPOFLjuPXuNRiM5OX2dbeApBPXpk8HBgycwGAzY7Xbi46OZOXMiRvd+v64OMjJSvY3a/5AlCZPJqAgrTY3NNDY2ERRkxmazKXvnAoRaQoiMCmfy5OEcOHCM6uo6xZmZnZ1BSEgw+/cf5ZOlzpTQQUFmfnDd5QCMGz+U51/4Mza7HfWkmkxGsrJ6sH7dDqWf2toG7HZnpA0NTchARHgoRoNBEZDtNju1tQ04HE4nYU1NnVI/JCQYk8mozJPVaqO+oRFZlnE4nPW0tAnT0DurB8OHD8RgNHg4NAcOymo/oe01dV2CzGYMBmeq8ISEWCZOHklYuMW116tzPsLCLISFh3L7T66nT9+eLF2yhp07DtDQ0MiunQcoKT5PWnoyo8fktHNzqy9TbYrvkyfOeOwZbLPaqLW23zS9uKSMHdvzmDptjEcblRVOh3dtTQP1dSoHtyKYen4x1DpqaJhFOV5b29anen/joGCzh1vajbuuwbUI5iAzwcHBTuE5yNwu/qUfrebpv7xETW0dQ3L68cDvfsrObfv5fOWmdmU94pVlZId+ymP3sSBVf+dcDyEAVFfVKu+Dg4Pb1Y+MCsfgShEfEhLkMw7d2Nz/6SJNNhAB9WIJpNq+9fYJVh/TKyv45hECsEAgEAgEAoFAIBAIBAKBQCAQCC55lKzPfvbcdAsxaiHCZDSQkBBDamqC334kg4RkcKo40dERZGSkIkkSdrud4OAg7rhjLmlpSaxdu4PCwlLmzbuSkJBg6usbSU6O4+zZ81itNoYM6cOca6ZSV9vIm29+wowZ48nO7uFVhXQLWEeOnGLmVT/DZPL8+X7OnKlMu2wMCQkxnD9fyd69h3n2b/9l3Phc/v7sf6moqAYgLS2RrCyn63HeTTNZtGgxgOJ4/OHCORScLmb//qPYbE53ck5OX9LSkgBITo4nOTneY87Vkzt23FDeXux0hL737kri46MZMXIQH3+8hjMFxby1+Cni42PIyurOls17aGlp5T+vfIjFEozJaGDRP95Smpt22WgSk+KIj48BoLGhiRdfeI8gs5mq6hreevNTz86B8ROG8+Z/ncerq2uZc+00hgzpw4kThbz130/480N3eYjzcltVlatcax9tO5TdpyfhEWHU1zdS39DI4Jw+3DjvKmpq6nn91SXMuWYaGT3TkCSJvP1HOXjwOM+/+CAffvA5jz38PE1NzZw9e46zZ51pstWC5InjBaxcsZHsvj3JyEjHYFCl0kVm08adisM7PDyUq+deplwHdXX1bNqwi/KyShrqG9m4fgcTJ49U5g7gi8+38MhD/6KyvIpdOw9oVw9JAnNwm7i59osvnfslD+3PxMkjeeLRF5Blmc0bd/HYQ88xbMRAnlv0plJ+0OA+hIaFKimqO4qM0927cd0OamrqCA4JYs6107l+3lW873IZa1EL/uvWbCU5JYFeWRmkd0vWLX/ZFRMUIfnF594iPCKMiMgwnvvHf5UyOcP6e+wHflFwi8HfUj1USVGuudmq9xwWYu+ljRCABQKBQCAQCAQCgUAgEAgEAoFAcGmg2evX45T7uJf9cX2dcwoW7Z2L/jCZTdxwwxVs23aAQ4dOsG7dDsaPX0hERChVVXVER0fQv39vRo4aSE5OX668cgKvvfYxlZU13HffX/nzn/9FfX0jNpudiooa/vDHn7Y5jzVCttpRV1fX2C6WxsYmRo4cyIwZ43jzzWU0N7fy8ssf8vLLHyplEhNj+dvf/0exJ3fvkcKYMUPYutWZ8jc8PJRZsyezbVseMe+voqqqFoNBYtq00ZiDTG3z004wdelZElw1cxKrVm5m1crNWK1W/v5sm7AGcNcvHuWFFx/k+huuYMeOgxw6eJyiwlL+97fPKGWMRgNjxw7l1tuuJTg4iOtuuIId2/Oor2/kxPEC7rvncdW6uefH+Tpt+hiuuGoiX3z+JUWFpcyd/QuioyNoaGjCarURHRXBL399a/uxKIPQc1e3rceAgb2Z+4PpvPLi+9TVNvD73z7DU0+8RFNjCy0treSfPMOzi37P6VNn+cffXmf/viO89cZSHA6Z1larcx2S4khKSkCWnXs1JybGcv58JfV1Dfzipw9y1723cNc9CzCoxOHGxiZWLNugfJ40ZRQPP36fEndjYxOPPvQv3n9nBQ6Hg7z9Ryk8U8LosTkkJMRSVlaJ3W7n9Vc+RItb3zYajfTO6oHZbMJqtbFzex47t+ex+INnGZo7gB/+aC7vLl5Oc3MLr73yAa+98oHSRkpqItfecAWRkWEeLm6/aCbbYDIoqatbmlv5x/+9ynN/b3uAQUv/gVl8suQLANav2cb6Ndv469/+16sAPGHySCZPG8OmDTuw2+w8/Zd/K+ckSSJ3xEBmz5mG0Wj0ej/QEzb1nhtQvh+S597AaO5VykdZ3718qaCOTxun3nG3G9hX+uZLebzfdS7yIw4CgUAgEAgEAoFAIBAIBAKBQCAQdALXfr+ySkTR2frTK1rhQe6kFW/goCwef/weZs6cSEREGFarjcrKWiyWYIYNG4DJ7ExfbAkN4e575nPnz+fRo4cz1XN1dR12u4Ps7B6uY1LbODoRTliYhV/ev5B771tAenqSMkaz2cTYcUN55NF7GT16iEedm+bPVN5fedVEYmKjGJrbj+QUp8s3ISGWIUP7YjQYffYt4QzcbDLy2F9+ye13XEdqaqJyPjg4iImThnPzLbMxGAwMGJjFI4/dy6zZk4mMbNurNi4umnnzZ/L4E78kxOVGveyyMdz/61vpkdG2L3NKagJjxw1t61811kcfv5eFP7qGpKQ4wDnPsiwzeEgfklLifa+0+3pq52x09WMw8PO7bua+X91KZq9uGAwS1VV1tLZaSe+WTPceqcgyREWFc+XMSXTvkUpzc6si/iYlx3P7T65nSE5fkCA5JYH5t1xNZFS451jcLkrX3+crt1Dq2m8a4FpXSm43ltAQBg/pi8XiTLd84thpjnyVT3RMJPc/cLsiiBoMBvoP6E33Hu3TjUuSxNhxuUy9bGxbenJXEEajgR/fOY/bfnI9qS43uHu+R44azB8e/AXjJwzv2Ca40O5BDrPJzLXXz2DQkL6Ac+0iIsMZPnJwWzhy27zMmjONyy4fp3zPwClkK4FriI6O4Ff/82Ouv/EqIiPb5jwsPJTpV07gN7/7GRm9uvm8RtrfO/wgt30/tPW+bR5ZPfHbW8ptvT/BpYMkX6Ie7fz8fDIzM7+Wvu5+4E9fSz8CgUDwTTPn8oks/XzjNx1Gl7PoyYe/9j6/zn+nBAKBQCAQCAQCgUAg6Ap0XW0q16n7VZ4xOZcAACAASURBVLu/o8Ph8Dju/ux+jYyM7LIYK2yeSSt1jKjtx4D+tpvV1XWcL6tCdjgICjKTnBxPiKX93p8AZWVVVFY690+NiYkkMTHWMwYZampqKSw8x6lTZwGZnj27kZqaQHRMpEcq35aWVkpKyjlzpoSqyhri4mLomZlKfHwMQUH6e4tWVlRTXlHTtkY6A46MCicl2SluWq1Wzhadd/ZRVUP37qmkd0smNjaqXWrbpqZmCs+UAhAXH0NsXBQOh0xRYSnNzS3OuUmJJyQkOGC1yp3Kt/RcOQWni6iprie9WzI9MtKIi4v2KFtdXUdR0TlOnz6L2Wyid+/uJCXFERYW6rFwNquNs2fPcfJkITabnT59ehIaZqHKtS7h4aGkpjkFZ4dDprm5hdKScgoKiqmtrSctLZHUtCQSk+I850DjCpeApuYWis+ex263gySRlprosQcuOPcjPldaTuGZYs6WlJGcFE+37ikkJcU55wpoabFy/nwFhWdKqKioJjIynIyeaSQmxSv7yMqyTENDE2cKSjh5vIDQcAsDBmaRlBTXtp+uDOVllVRVt6VW7t49leBgz+ulvr6Rc+fKcTgcACQmxhMZGY7VZqWwoJTjx08RFGSmT99MHA4HTU0tSJJEXHwMMTHO76nd7qCmuo7jx05TWnKehKQ4huT0U8bf3NRCWVkl+SfP0FDfRHq3ZFJSk4iLj1auc6vVSsHpYuV67Z2VgSRBweliWlpbMRgMpCQnEBpmob6+kZKS84Bzb+q09GTsdgdl5ys4fuw0VquVXlk9sFhCqKmuQ8Z1ncZGtV1DVbWcOnmG0pIyoqIjGJTTj4iIMEqKzyspsxMSY4mOjnTNp0x9fSPlZVWcOH4K2QEZmd1ISIwlKjpCESrr6ho45xLdLaHO2ADOFp2jsaEJJEhKTiAiMszp8CVw9L5KWRZrl4qkBoOh3R68agLZR1iN2rWrl+bZYDBoXPnOfwfaCeaqmC5kvOo23Puru699NR3po76+XmlP/er+U49RK2x7c0d3NAY9amud3/19+/ZdUDsAOTk5zpiEACwEYIFA8P1BCMBdhxCABQKBQCAQCAQCgUDwbePbIACX2zq/a2EgYnEg9T0OaFO6Bth/gFW89q8egzq1rEea2c7EoN2X1EewXSUcdLaddtPfwfXoiji015SEyyksOd87AlgP7WlZr8DXuB5d0ZZ8oRd7J2PwloHZ/d7fevhsU+8G0sXrkR1q60St9qiFyK4UgLXtA8p9Xuv0Vf8boOcAdscVqDCqjVObatq9D7sQgP3jFoDFHsACgUAgEAgEAoFAIBAIBAKBQCD41tDVjiZvwmtHOpO9vO8sHjFJ+u89ymuURlk7KG3j7oF24WRqNbOubrf9hwDrdGEMMigDlPGyHu4U06py7S4ybflLfD28PlzRgXgvhhNR+73ztR7uvZ8VEZ+24+3KX6T1UAuyvgRP9Tlf++tqP3sTfAN142pdv2px2e30NRgMymc9Adh9Xs8V7GtMvuLojLh6iXpfv1aEACwQCAQCgUAgEAgEAoFAIBAIBIJOo3WhefvhX/2jvtbd1ZU/1nekJW1ZDyHVl5VY5ci9UC7EudxOXAykIx913CJaR8el13RnxyOpPqgF10DWQ6lzAVyocBpw/37WQ4mjg+vR7pp2t9OR2NCZB/V6+HP+dvF6XIiI7W0+OlSJrlkPvXTJSjkdEdeb+OuvDV/4E1fVGR4ARdD11b76uN1ub+ek1ROstf1q3bXqOrIst4vDmxtXfU7br7qN7wNCABYIBAKBQCAQCAQCgUAgEAgEAkGn8ZWCVFtOizfXW1ejTaPs7Nxb4fbn1SJUh0RXH80HejwgtGNRf9a6gzXFtGlzL0T8DeS4uw9J0syl2jGr15CX9VDaCyRYH3FqBdLOrIdSx9t6uF2lOuvhPnSh6+E3Nr1zXbge7ja60nnc2SnoivXQpl3vrPgrAS0tLRiNRoxGIyaTU55Tp9h3u2iNRqPyWe3AVdrSOHHVx50x6ruL1cKuXmrjC70Hq2N2OBwebmD1cXdZt0gcSL/a1M/+9itWoxWkvy8IAVggEAgEAoFAIBAIBAKBQCAQCARfO+of7ZWUo+5zqnJepQEf1sB2op7Wtedvn08d8UsvDl978nZatNLEpWu2DMDW6DEHfhy/XmPxDMVbVx2yzQa8HmjO43s9ZDq+HgFfZ5rCXkVRH415iKR+HKYdCOXrWQ9tJwF+PzqyJ697fvx+b7x87+V2b/wEpz4t+3gAQAogJn9dyc7jdrvdYz91o9HoIY5Cm0tYu8+vr5TKWnwJndr9bd19atM+e2vDl2Crret2A2v32tW6e72NqzPZIdQxqPv8PiIEYIFAIBAIBAKBQCAQCAQCgUAgEFwQemKu3nk1aieY+hU6Lp5607u8unW9KFc+RSQd9HQFH7p0p9ANJQClzCOGCwzqQtbDr1iqPSbrFLtI69EZYc+dAdmj7iW+Hl7re2vI75MP/mPozMMFXYK/9NR6yCh7NneEzqyDW2y12+2KE1ibLll7T9QTMd0OWz2R1NuewNp21GK0r/u2L1HY3x7F6npaQVbtCFaXV6dqVu8vrNefN7ezWwA2GAxK/Nq+vusIAfh7zvxfP8yYxGaOffo4izZ909EIBAKBQCAQCAQCgUAgEAgEgu8aHRUdAm+4/aGOCnpdLT7JmtdO1dcKWOrPXsQtX2ZmjxO0d8nquko74NxsV1knrm+KC1kPtQNUfUD25x73f9rneujG0oXr0dWpsjvbjt5nX+16Ww+/buUAYujoenQYVcxagdftBHa7gcG7yBmIk9VXGmT3nzrttD+xWU9g9ubM1aZiVpdx96kWu72lb/Y3Xm/9qFNjq9tSj/f7hBCAv1OM4+6HZpBt8VGkKZ8lf36NtV9bTAKBQCAQCAQCgUAgEAgEAoHgu46/H+zVe0MG9EO8F3ugu5rU0ZTOOk37KBKwKNdhNc1VR9lz1f2qF5Be2+4+XeP1JaZ5Q9kLWdOVz3nxMlbd9fAlYHciXnc/l9R6uCfsElsP9XHd9fA2Np1mOnPOo1xH10MV7wWvh6ust1h96cTq9dDNKOAjbt1zqvVwO1DVzl2r1YrNZlPcwEaj0RWH/kMz6vq+3LDeXLMOh0P5U5d1O2V9oZfCWX3OHYPa8evu013Hbrcrzly1YOsWar3tC693XN2Xui31vzXqvr9vqaCFAHwRyerVs0vbO37yVOCFbTasem72Zhu2LovoO0LWOOZPzSUnsY6VjwhxXCAQCAQCgUAgEAgEAoFAILhQ9H6sV4sOfn+I93LaLQbp6hS+XHyyx4tf9Byyuv11QOSSXXUUfUpWvfoSj2TPQxdqq9Wrrj3Wbnl8rAd0fj0CRRuPbvVOrIekiVF51VMI1cfVoq2qXGfdsf6E40DXo91evl7qaAXWjn4/tHTFerR72MP92oH10AbjbT38jVNWvfpdU1/j01kPbUpjtSDrFi3dAqk6hbF7/2B1O+76PsPTpFvWc/peDGes1kWs7kfrBtbud6yHr32D3fPkPqfdXuD7ihCALxJXTZ/CldOndGmbn61ex4rV6wIo2cyxz0RK54BJziKnVwKWprpvOhKBQCAQCAQCgUAgEAgEAoHgW4f2x31fzjX1cX0Hmxczr57LTl1Q1q+jOFMDcJB2Bg/DoZc+PERCyb/45KuvQMt09VDbaWyujjzcmWoXpl4bKrHxQtLs+nOn+loPrZNUljo5V17cpR1d266Sp9TroeBjPSRX5+7XTrmn3X37Oefv++HvXKBBdMVcdsmaenEpSxIeIqWeEOtwOGhtbcVgMChpoU0mp4yn3svW3YYWPRevVvh196l+dfft78GcQLI36N3/1aK3Ni20O25vaaH15sk9Tq2Yrt3r199+w991hAAsEAgEgq+FRU8+DMDdD/zpG45EIBAIBAKBQCAQCAQCQVfj7Ud7X2KF3r6SzuOqMspJ2otZ3oRGjz7a6ndUQA2kvCTpv/cakFIYjTrmpVoXG9h8inXeBGwf7lDZx3roidHf+Hp4m2elkvdy7uMd1UovQFvVb8/HRPhbD68m7I642Om69dD9rqsPBLAeXwf+xGsPNA+meC3nLq6Txtkt2LqdwWo3sJ6z1v1eew/WewBHT6BVH/eVVlovdm/3eG+pnPVwi8/uNM564/KW0lpvvHrj06v3XUcIwAKBQCAQCAQCgUAgEAgEAoFAIOg0WheZL6eV35SjfoQeXVEx8FADrhNom16dymhOeGvYh7ja0f4D0MZ9onbzSvgWGvX6v5C+u2o92tVzi4iBCoiq9fClPXZEvA60vK82OrIevi45f9Phrf9Aj/ttz1cAAR670LnsDNp9mn2uh0bU7qjkqN0r3S0Aux3BRqNRVwj1lupZu0+uEpsXd63HULzUDQR13UDjUO9xrC7n7VU9Vu141fPoa4zfZYQAfJFYsXodx/NPd2mbHdoDuCtIH8XCaycxIDUci/P7RlNNCYfWf8zrW0o8ik796e+Y2yuE0l1/4oXC67hjajbpUSEAWKvy2fTZUpbsq4L0Sdwxbxz940MwGwBbM6VHtvD6Gxso0g0ihYnzrmFGvxQiLa5DTfUUfbWBt97Z7llnwq08OTsTy/k93P1qPnPnTGJM7wQsJsBho6k8n60r3mTJYU15d31LJnOffJi5AE35LPmzez/gGIbPnsmM3EySw1xfGYeNproStr73EkuOd3aCBQKBQCAQCAQCgUAgEAgEgm8/eoKF9jy0TwfaURQxxZ1GuIN1VVUvGG3KXK9t+tG5lRTVFxpPZ+q0U6/b3gfaXiDrcbHEXY82fCht7rTigcSgXo+vW2jssvXwE0ug69FZqUybjlrvIYmOrMeFpne+0PXw+I52dD264IYjyzI2mw273a6khDabzR4iqfse7HA4PPYKdjtq9WML7D6s56DVum19teNPQNaKtXa7Hbvd7uF61pZV75nsjsebKP59E33VCAH4IvK1C7ZdSNykBdw/I5tIE9BUT2lNE1hiSI5KYficH5Oe/CaPfZjfrp455lZ+OzwTU00ZpaVNRCXGYInJZOoN86C1hP4Lckk2NFNxvgyrJYbkqBCSB07jnh/beOClLZogxvGzn01jQJQJHM3Unq+jEQtx8eGk587k/tQUXnjmY461iyKE+T+6hjHxUFteRo2rjiUxm6k3/hjrP15iWQXQUE1paRkWcwTJcSHgaKbifB1WgOZqagGIYepP72RurxBw2Kg9X0ajw0RUfAyWqATSkwEhAAsEgkuM4uLibzoEgUAgEAgEAoFAIBBcJFJTU7/pEHTR/iDvptM/vquEk846MPXoEiHJV0Dq1M6yfhE3gYq/XeWy7Sr8uUwDbaMr4vB4o2fblUDy4TpVH7oQMf6bXA8tFyrgatvpbHlZsx4ecfkQRj0cyxe4Ht9W6U8tiKpFTLvdrtxng4KClL1wtS7Yb5vo6W3/eLeY7XY9qx8yCmQ/4u87QgD+ThJC9uyHWTS7/ZnSXX/isff8VI+bwR0zsok02Sjd8zEvvJNHhetU+mW3cs/lmSQPm8Hc9c+zpEJTtVd3Sne9yWPvuWTZuHHcfdcMssNSmLAgAXNLPkv++RprXfUG3HA3tw9PwNJrMHPZwhKlpRjm3uIUf63n81j86gfsUoKYxN23TyM7eTBzZ2/gr59WeQaR2J8xDfks++drrHJbhNNn8NufjSPd0o3hV2ay7M182PMxz+yhzQncUszGZ9yuXxdZM5jYKwQcZWz85yLeV1mO08fNIKfJz1wKBALBN8Sl+oPA9w273U5jYyMRERHfdCgCgeASQ9wfBAKBHuLeIBAI/PFtfOC3o+k3FeHGi+tPVheivdDj190oa/by9OIc1Zbz6Fe7H7GkE4BOjHp9BII7lkCKq52Kunvvus55zU/sxenoM8W0j8A6LM8Euh7exuOuf5HXI+A9c7XXm15f3iZXwut6BNR3gMfUMbX7bqj69lXWZzrkDq5HoN9lb935+uzr+vIIQNY5F6Bo7VHUW/kA9qV1i7se7aocvdq0x3piqNst662fzgrFateuG29O4UD69FVenQbb/dmf8PttFcK7Gn3vt+Dbj82GtbX9n83qv+rw2UNIN4H1zBYP8Reg6Iul7CwGTClkj9WpXHGY999TeXIrtrD4qzIAzCYbx9a2ib8Ah97bw6kmwBBD+jhVO7kzGZ5qgtZC1qrFX4CiDSzeVwKYSO81UieIKva/rxJ/AYpWseSIUyiOSxzsfxLcJIcQCtBQxSlNjuqiLatYtifwpgSC7wOjhg9l1PChX1s9gUAgEAgEAoFAIBAIBN88gf4g3xHHVmfch4HU0eoBsixTVVXLieNnOJV/lubmVmc7UlubsrZxjXgly21/2lj8xeRwyNTVNWB3iTSy5q+lpZUzBcWcLToXwOi8I6nGU1NThyzr79GsIENLq5XTp4rIP1lIfX1jwH2p4+8KdNejXQHNIS/r4ZAdlBSf58TxAgrPlNDa0uq3b+1fR22lepe8Iui729Jr06vi3sH+A6yuFX9tNhsV5VXYbLb2YflaD70YZKiursOhKexNpPb7IIdO+YAekKCL1kPTdwBFNf15Ol39nXc7gd0pkd0C7LdR4NT7t0D72T029VjV+Bq3cAW3IRzAF4lu6anMnTmjS9t87+NllJ4rC6BkM8c+e5xFmzrTSyY5KeFAM6f2r6Gi3fkq9pdXMTE1hrjUcYBn2uaKs3vapWSuKKmjiQQsTcUcahfTYWobZ4AFj8cRsvsnEAk0FR52pmvWtnm4iopxKcTFpDAVPF27dWXsO9y+zrHCKpoGx2AJC2c4sEt3/NrwSqi4MpP0iEzm/nQm5uXL2aq/WbFA8L0nNiaaBTfMVT5v37U3oHqjhg9V6h0/eYrKquqLEp9AIBAIBAKBQCAQCASCi4M69bP2h3ntj/wXKlh4c1R2lnXrdrB27Xbi4qJxOBw0NDQxa/ZkhuT0RQLeXrycSVNGkpaaGFh8Xt57w2q1smrlFqZNH0N0dASrPttETGwUI0cNxuFwsHHjbvL2HyE+PpZrrp3GujXbGTNuKImJsW39yPoOYcWB6Jov97S9/+5K5t88i9BQS7usyW7n4onjBbz5xidER0dgMhk5d66C0aNzmHHVBEwmY7u+OzJmX8gq53JHnLaejThftFWPHy/gg3c/w2w2ERpmwdpqo6GhkatmTWbQkD5e90rtcPc66yGr36jXQzXpWsOtej062jdAc3Mrzz71Cnfdt5CwiFAAKiuqiY2LDqitkpLzrFy2gZtuuZrwCFPnv3uuAXz07grmLZiDJTSkE404WblsPalpSQwa2i/gefEVt+xjPTzK0VamM+uixu2c1Tpotee1x9Tir69r1Z9Y+nWKxr7+PdD7rK6nt5evdt78jaUr/s35NiME4IvEoH59yOrVs0vbzB08kBWr13Vpm+1JwRICvtJI+8La2n5fYN9UYbW3P5oeZgHA0msGi57soJDeVK8v7rofajOZiAy0rYpVLNvSnfkTuhHZaxTz7xnF3PP57Nu6isVbSjoWl0DwHaeyqpo331vCghvmKoKuPxFYLf6++d4SIf4KBAKBQCAQCAQCgUDwLUSdhlRPbOhKR1ZX/pZ/8mQhixa9xb+e+yORUeHIskxhYSnHj52m/4DeBJlNDM7pQ1RUWPu0sO54NJ87isMhU1RUirXVmboxq08GQWYzAHa7g8OHTzD76imkpSdjNBroP6A3YWGh7dpp179W2VWRf7IQm93hUVT9vqK8mqeffIV7f7mQ7t1TkCSJuroGPl+1mfq6BqJj2n5d7cr1cItxSjzt3Nqu/gIQ6NAUOZB3jFf+/S63/+QGMnqmYzQZcTgclBSX8cqL79LY0MTocbnKeLrcQ+hjPbyNpTNxqNcjKMjMuAnDsYSFKG09/uA/eXrRHwJoCL7ctJuUtERCwyzt1kaWVXv56qC3HqdOFmK364gBAeCevsze3YlPiPVX3GdMoHm4wMd6eDvV2etD7eYF7+KsWuA0Go0YDAbdfXDVn/XwlVr5UsWb61eNWhD+No3t60YIwAIv2KgtrcJXYo+m8rqLHoW1powKX/vsNldTe5FjOLT8JX6/bTCzZo5jTHYKkYmZjJlzJzkjtvP6s8s5dJH7Fwi+TbgF30BEYK34G6hjWCAQCAQCgUAgEAgEAsGlxcX4EV4rsKqPBVTZLeSp3H/a+mvXbuem+TNJSUlQOuvXN5N+/TIVR2a/fr0wuOycNrsDSQKr1UZrq5XQUAtGo9OJ19TcguxwEBISgsHQFrXNZsNoMmG32WlubsFsNhEUHKSJty2yHj3SnO5RWaa1pZXWFiuWUIviuu3ZMw2jyeiRxralxYrVaiXEEozJaFS163yx2my0tLQSHBzU5t6Vvc9nfn4h/Qf0pl//Xsqx0DALtyy8xrNp2Zmi2mp1xuieCzVWq43mphaCQ4IICjIrcTv39JQ8FEuHwwESGCQDDllGdglczc0tBAUFYTIbQQa73U5jk2sug8ye6XJ1xlNZWc3K5ev5yc9vov+A3h5lemf34Bf33EL+yTMe9R12B41NzRiNRkKCg9r6kMBmc2A0SrS2WrFZ7YSGhQBOMaq5uQWHLBMaGoJEm/jmcMhIBommpmYkSSIkJBiDJOGQHTQ3tWAwGAgOCfaI22a1O8eswm63KwKZe29XkGhsbMJkMhEcbFbmVDJIjB4/FIPBgMPuoNVqpba2ntZWq/M6kUB2yBhd14T7a2Oz2TEYDdjtDq6YORlJMiADDtc17LyOTB7qroe46nDQ2NiM2WzCrFof96vNZqO5qZXgkGDMmvHJruugubHFOU+WYCTX90kGemVlONtR3SBkGRobGjGajAQHe84hQKvVirXVSkhIiOc16kMEvmAne1t4nWpLnQJZ/ee+z7qzLnxb00Br8TaGQBzDXf2Q0XcJIQBfJA58dZTemRld2uaevINd2p4+dVhtADZKty9i0RZ/5S8OtS3OfQVs53fw2Evbv5kg1FTkseyNPJYRQ/akGcyf0Z+41FHM/2Ehv38j75uOTiC4pAhEBBbir0AgEAgEAoFAIBAIBN9NfKXmDFSouBAHZDsdwIejMzU1kS+37GXmrEmEWkI8BSEXmzbtJje3P5ERYeTlHeFs0XkqK6ux2xxERoUzefJIDh48zokTTgExOSWBK64Yh9ElxH704WqmThvDmi+20tjQhEOWGTCgN8NHDsJoNCAje8SWl3eUmOhIEpPiePedzzh44BgffxRMREQYDoeDmJhIpk0fQ3h4GFabjX17DnPkyClkh0xomIXxE3JJSo7HLUge2H+UnTsPYjQYMAeZmDh5hN85jIwK51xpOdXVdURHR+jvceqQ2bXzAF8dPolDlgkJCWLCxBGkpScBTqHy4IHj5O0/gsPuwBxkZvCQPgwYmEVTYzMHDxyn/8DehIW3uZn37ztCVFQ4mb26c660nIMHjtLSbKW8rJIrZk4iKTmewjPFbPtyH01NzSBJ9O/fi9xhAzHoiM9ujn6VT2RkONnZ+r/Xp3dPIb17inNcskxhQQnbvtxLa6sVu91Otx6pTJoyCqMr7e5ny9fRvXsq+/d9BbJzviZNHc2+PYc5U1AMskxyaiLjJw4nNNRCc0sLeXuPcO5cOVWVNQBk9urOiFGD+WLVZioqqnE4HGT36cnYCcOVuD54bznzbr5a+exwONi5PY8+/TKJiYni+LHTNNQ3cexoPi3Nzr2M+w/MYviowW1tvPMZ8xbM5uTJM2zdvJszBWf58N0VjBmXS2RkBNu+3MNVV09Vyjc3t7Jj616GjRzMTbfMUY7X1dazavkGWltbsdpsjBo9lH4Dereby8KCYjat345DBoMEad1SmDBppLI+589VsHP7PqytNiRJYvjoIfTpm+l6oECmvKyKLzftoq62HhmIi49hwuSRhEeEAbBz2z6y+mQSExeNBBSfPcf6L7a6xFBITU9m/KSRzu+fBLt35HHk0AmQJIySxKTLxpCSmuQZtA/Hb0dQ13ULv+1uRzrOX70HaNyuX71y2nusOgODFm1/3h7WuVgisj9hVh2fOsWzu66eAKx1UGszTwhncBtCAL5IFBYV849/v/pNh9EJ8jhVcQ0DIkJI7pMLW/Z8I1HsKqpifv9wLMlZjGE7W7+RKPSo4tiGd1iU8ksezI0hMjETEAKwQKBFTwR2I8RfgUAgEAgEAoFAIBAIvvuof3zviLjQof1OXf/RbV7jEHS/VzNp0gj27D7MA7/5P66+egoTJg7D4nZhSk4X6I7tefTp05OIiDB27zrErp2HuP2OH5CQEMv+/Uf5v6dfJTo6gjlzpyFJBpYu+YLgYDOXXTYGgOWfbmDL5j1cNWsyw0cMpKWlleXLNtDY1MzkKSNd8UtKcF8dPkn37imkpScxfMRATpw4Q87QfsTGRVNdVcvOHXk0NjQTHh7Gvr1H2LPnMOPGDyM8LJTTp8/yzuIV3H3fLRgMEnt2HWL151u4atYkIiPDOXeugscefl4Rnr2RmdmNESMH8ZtfPsH0K8YzecooEhJiPCZ6x448tmzaw+VXjCc83MLJk4V8/NFq5t08i9jYKL46fJJ1a7cxcfJIYmOiqKyq4aMPPqdHRhqtLVby9h8lIzPdQwA+mHeM7hmpZPbqTnlZJc889R/m3TybsROGERUdQdn5Sj75eA2Dh/Sle49UamrqWP7pOqJjouid1cPreA4fOkF230xMZpPf66v47HmWfPg5w0cMIq1bEs3NLWxav5PSkjJuusUpxq5Z/SVGg4GFt19HeHgoO7fn8fhD/6Jb9xSmXzERk9nEpnXb2b3zIOMnDqelqZVPlnxBQmIss6+ZhkOW+XzFRr7cvJvomCgumzEOa6uVl154h8ioSAYOzgZgxSfrNAKwzP69h0lJSyImJor8k2f48J3PWPCja+nWI5XmphbeW/wpkdERZPfpCTIsW7qGeQtmk5AQy+ixuSz98HNyhw8iJi6GkOAgIQDtyAAAIABJREFU1n2xlRGjc5xplSUoPFPMsaOnyB05yGNeXn3xPbL79qTfgCFUVtZw+nSRIgC757ToTAmvvvgul8+cTHJKAtZWKys/XYfNbmfa9HEAvPLC21z9gxkkJcVTV9fAp0u+wDJ/Ft16pNLSauWjd1fQo2c6gyeNwG53sHtHHkve+4xbbr8OgL27D5GUkkBMXDQlJed569WPGDdpBCmpSdhsNtat/pL6ukZmXjONzet3sG/3QaZePoHQMAvFZ8/x4j/f4ue/vFVJI30hsqdW8FXj0LsvyShuZtC/R7pFX3e6Z4/qPgRNrTDq7/g3iVasdb/6ErK1+EqjLWhDCMCCdqzakc/EjGwi+17B/bNtvP5pHhWq8+njrmPhmBC2Pv0may9WEF/s5tiYbgyIyGbuXTOwvr2KXR5BjGLhDSOx7FzEC5susK9N1dTMBoslhm5ZwHHVucuuYaE1j2Ub8j3mIDnIuQ+HtbHqAjsXCL67eBOBhfgrEAgEAoFAIBAIBAKBoLO4tQFJatuD1C0E4/rs10LsOhYWZuH3f/gZx46d5o3Xl/LYI88z99rpLPzRXKKiwl3NtYkLJpORceNzGeESx8Ijw9i0cSfX3XAFPTPTAZh/y9X872//j2kuAbipqZkrZ03k8hnjlHZCQy18/NFqBg/pQ2hoiBKUjFv8kDCZTfTpm0l8QgxZWT1ITIqjoqKaw4dPICPjkGW2bN7N3Gun0717CkgS3TNSyT9ZyJ7dhxg4MJutW/cy7+ZZZGSkAZDRMx2TychjDz+vNx3K1JnMJuZcO50p08bw1n+XcvvC/6X/gN7cde8tpKUnIcsyT/3lJV5760nCwiyARPceqZSfr+TUyUKiY6LYvHE3kyaPIie3H8jQIyONwYP7YjBKtLTU6KfeVbm1ZSA8PJQFP5yDweW83bJpNz17pjNh0giXsAXh4WG88epHPPjovV6Xu6qqjrCw0IAeLti14wAZmemMmzhMaS8rO4OF837N5KmjSUlNBOD6m2YxaHAfAHpmdmPVio3cOH82ffs53ayNDY0cyDtKq2tv55jYSK6cPZXM3k6hunWalT/89mk+Wv5vpe87776FTz5arQjA7gnR23dWBuw2O5OnjWbC5BHKHM1bcDWvv/wBjz31G4806FHRkURFR2IJDSG7b6bSzqSpo9m1I48ZMyeDDCePF5CQGEeoxeLR31eHjjP3hitIS0umR0YaSJLHeYfDwacfr2bW3OnkDh+oHO/dpyd2m10pO27iCEaOyVHO19fVs2PrXrr1SOVg3lFsNjszZk1WBtkzsxsP/u4ZTp8qIqNnujJ2hyyzad12RozJYcz4Ntd07+ye2O126mob2LJxJ7/+3c+ccyM5r0Gj0cAXn21i3g/nKHPTUXzcUhQk9fXtfi95Fzd9Cb9dgTZdtK/UyhdLUNUTfvX67yjeYv827n/c1QgB+DtJCNlX/olnZuidq+PYZ3/jBV+pnXe9yeLMu7l9eAI9J1zHg2NmUVFehxUTUfExWExAQz62ixO8iz288GF3fr8gl+Tu41j4m1HcUFNFTQuYI2KICzMBzRxz+G0oAPIoqsglOS6G4bf/jp7n6zAHV7HmL2+yNrYbw4fnMnxGM7WVdTQ6IDQqgUgLYCtj1/oNXRGAQPCdRS0CqxHir0AgEAgEAoFAIBAIBN8PLlRMUO/h63EcldbbYduw6q0E2X0yePTxe6mra+Dtxcv59wvv8tOf3UhkZJhH1eDgYBIT45QmQoKDyOzVnaBgs1ImOTmec6XlSuwGo5Gr57Sl2JVlSEiIJTIqgtqaekUAVkRYvQ2LdcbvcDjI23eUgQOzOX6swCUfS7RabWzfuo+UlAQiIsKJjo7wqDds+EC690hFKy7qERkVzp133cxtP76eLZv38PQTL3Hn3TdjMhkJDbWwfeu+tvoynD9fSWR0BMgy589X0KdvT4/29PYI1qKOZ9iIQYp4hwx5+46QkBjLmtVbPdLgfnXohM9xpKUlUV5eqX8tadJ+nystY6pLvHe3aTAYuea6y9m+dR/X/OByAKfDVkVWnwwSk+OUz+HhYdhtduwOBzIQnxBLWFiIcj4mNoreWZ4pqXtkpFNRXuXj+QXPTwajkR4905GktnlN75ZC8dlS/Ylo3wT9B2Xz+YoNNDU2YTabOXrkJDOvvszpyFSVu/c3t/PWa0vonZ1BevcU+vXPIkp1bdXXNRIcHOx8QADP5zDcewwDjBjdJv7KMkTFRHL82GkAtm3Zw9gJw9o6lcBgNDBp2mi2rN9BD5cAjAwtzS3Y7Q5S05PbDdFoNHK2sAST0cjGtdtd3ynn4tfV1FFZWe19frxMVUB7+XrJNOAL9T6/7vfu/Z31UhuDd0HT373Wm2tW7by9mOKvXprmjvSrruNrz2Ct0P193iNYCMAXkaxePf0X6gDHT54KvLDJhFn3hAWz/39nOfTeIp45ex03T84mKSKEuGTnP07W1mZKTx5m0/KP2Rh4NJ3j8Mc89lwJC6+dxIDkcCwxCVgAbDaazuezb+sqFnfJHsX5vP7pFiLnjCI7xjlWa0UZtQD5+RzrHkHP2BAiE0OIBLA1U3H6GGs/+YCNRV3Rv0Dw3UYrAgvxVyAQCAQCgUAgEAgEgu8n/n68b1c+kM/+CrnxsRewm4iIMObddBWv/mcJJSVligAsyyptR53CFZewoVJ8DAYJm9XuLCs5/9T1ARyyQyVM+BeW9M47RQ5obbV67IPZo0cqPTJSkXGKSHqV7TZ7wP0ABAcHMXXaaBobmti96xCjRufQ0tKK1erZTlZ2Bn369lSczLLeJqgAbve2ZuzNTS1IqgPBQUEegTlkmZbmVmw2T2vSbT+90UvkTgYN6cOa1VuYOKXJ5VjWuGkdMg67HaPJ5Ez9LbdPkO1wODCZ2uQUk8no4WKWJAmDSjSVZT+uSklqt2+x5Opb+WzwrONwyNjtbY4oo9GAyWT0FLU117k/4Ss+MRbJIFF89pyzfZud7j1S242/T79e/OQXN3PsSD4F+UVs2bCTO+/9IaGhFs9+Zc/+tYRYgj3Gqw5P/Z1Qn3c4ZBw6DbafU3dDznqtrVasNhsSEjIyEhIhFgtTLhvrc0706Kx8qBXD1XFrxV9wzoHD4dB162rXUl3mUhY5A73f6wm86jEFOj69PYK/rwgB+CJx1fQpXDl9Spe2+dnqdaxYvc5HiS0s+nPHFNHFT/+JxV7OFW35gL8G2Nzafz/uPR30ptd4wEeaZl8xULSd1/+xPbAg/PTj8/zhVSw6vKr98V3LWbRreWD9CwQCr6gFXyH+CgQCgUAgEAgEAoFA8N0kYGFXR8jwON+uvLugjzY1p5XPbpFJRwMoLCylWzdPB6HDISMhYzabfHcYIHabnY8++Jybf3i1EkNZeRX1DU1ERIWrxi6pBFHZ45ina9ktTkoMHdafvv0y6ZmZrrhbm5qaCQkJpqmphZrqOioqqomKiVTqb9ywk+Li8x69aCkvqyLEEky4a39ed7mmphYslhB6ZKRitdoYMXIQsXHRSqitrVYMBqcgmZqexJEj+eTm9lfqNzY0EhoWisUSQnNzCy0trR79bli3nay+3k1VQ4f1p6a6julXjFfEVpvNjsPuO01kRmY6BoOBHdv2M2XaaPVkIssy+/d9xb49h/nhbT8gLS2ZQweP0ysrA4Mrz7jVZuOzZet57KkH2h460IiXWsesX1x7s7qbU7+6iYmJoqqymphY5xxXV9VytsjT3esU291B6HSjPaApEx4eRlp6CseOnGLH1r3MnDMNk7m9bCRJErFx0Ywel8uwkYN5+i//pqS4jF69uyvtyLKDgtNnSUpJ8KjbUNdIWERouzad7ba9nzB5JFs27mLQ0H4YJAMOGRx2OxvXbuOnd9+irBdIhISEEBRk5vTJQrKyndeMex7qautJTUuitdXKhMkjCbGEKN+PlpZWv070TsuFmnuNrpnfYMQgGTBIEkacD3E4xyUhS65KrvAk13glJCTZLSTLOHDdM+U2kdSbyOlLUG0XvsY16xsZSXIP1ntZyeB8CsazhKRkX3B1rHzw1a/6QZeO8H3eIzgAL6hAIBAIBBfO9l17hfgrEAgEAoFAIBAIBALB95hAfoj3KVhpc+PKnsVkzWEPcUyHlZ9t4je/eop9+45y5kwJp04V8enStchAWnoy7X2ggdHm2IMQSwg7tuexeuUWigpLOXnyDO+//RlDhvQhNiaqrQ+PQCXXOFTuN/e4nCoRkkFi2PBBvP/uCo58lU9x8Tl27zrI44++gNVqxxIawpRpo3n5xfc4fuw0RYWlbNm8mzdf/5hU1z62AHt3Haamph51GMeOneb3v32GDet3UlBQTMHps2zdspetX+5l7PhcjEYjf3roLp7751scO3qas2fPs2/PVzy/6C1Ki88hSRKjxwxl1YoNHD50guKz58jbf4Qn//ISdbUNWCwhZPbqzgfvr+RMQTFnCop5561lWG22dheAek0HDe7DmYIStm3Zw9mz5zhxvIAX/vkWefuPAHD+fAWnTha2W4+wMAvXz7uKlcvX89Lz73D0q3wKC4o5lV/Ih+9+xgfvrGDCpJFIEuSOGMixI6fYvHEXRUWl5J8s5F9//y+XXzWRZLWw6efSkLzs96qso0cKXtV5tyVchqt/MJ0P311JYUExRYWlrPl8CwWnirSXvk7jbe/dIrZySJY5lV9IeXkVdodTOB86bACbN2znxLHT5Awb2K5Zq9XGr+9+hAP7j1B89hxHDp+goqyS1LQkpUvJIHHFrCl8+M5ydm3L42zROU6dPMPfnniRTRt26E6Z2v0uy9C3fxYGycCKpWs4W1hC0ZliPnh7GT17dSctPdnpHJck3GrouEkj2bp5N9u/3MvZolIK8ov49z/eYM2qTURGR3D5VZN4+Pd/4+TxAkqKz3H8SD5/+fMiCguKkYFjR/IpOlPi/YET9byqY5Y9T3ncdyTPstpCkkFS/tTqnOz+nyQjK899qCu6zqkabHsYxInbEaxNtxwInakne3myxiMOJAyyhOTx51pC12eDrBWIvcelF5923P7KfJ8QDmCBQCAQCAQCgUAgEAgEAoFAIBB87ej+GO9DWHN7zbRFAtqfU4cf3XYtO3ceYN3abcgOGZvdTkZGGgtvnUtISBAOh8ywEQMJdaUN7tM3k4iItn2BzWYTg4f0ISzcojgMZeD6G69QxB+jwcBDj97Dp5+s59jx09htdiZNGcnwEU6hzWQykZvbn5DQEGSgb99MYlyOXYPBQO7wAco+wSEhwQwclEVoaAgSMHzEQIxGA+vXOfc5DQkJ5tbbfoDJ7NxzdXBOX8xmEytXbMRoMmIJCebxv/6anTvyMAc5NxA8dPgEEZFhREaGKyLMmLFDiY2L4ovPv2T3zgMAhIWH8qvf3EZionOf20E5fbHZ7Gxcvx27QyYoyMzsa6aRlp6MhET/Ab1Bltm0cZcr1a3ETQtmE+6av8tmjMNkNrH803UgQ1q3ZO5/4Hbi4mKQgfj4WIYOH+CxXnHxsdww7yo+X7mJgweOI8syQ3MHkJPbH4CqihqKCkvJyOzmvC6ktusiMSmePz1yLxvX72DFsvVIkoTdbqdb9xTu+83txMfHAJCcksD8H85h7eovOXL4BABDc/szftIIJY5JU0djNntuwDh85GDCw9uujcjoCAYMysZkMiKHBNFvYBZhqvNhoRYmTB7pvKZdEy9JEuMnjVTKjB03jOamFj5bth5Zlsno1Y3b77yJyIhwkJ17BgeHBHnEYQoyM+OqScrnK2dNUTnL4c57fsiq5evJzOrB5GljMRgMJP8/e28eJ0V17v+/T3XPNIvgElDCkihwMaDRETUDkuCSi+IVlwSDX8fgFcUrievVhKtGYxKNSSAmkmjEn0Ru5EoikSRG4kbignEhKpIo4AKoAQ0Kyr70THed3x9V1V19+lR1dc8MIPO8X6+eruWc5zyntqmuTz3P6b0/2WwL5/3XWV5qa4N0XZpJl45nwRMLyefz5PMul151AZlOmZJyvfv24or/uZA/P/I0i19egpvPM+zzR9J4zBFoDcd84Sjq6uqKUdTAJz6xL4MP/TcA6uvrGPfVU3nyz8/xyJ+eBBR9+vVizBmjCnUOO2Iw3bp7Yw/3POATTLpsPI89tIBX//4aeddlyGcHMcLfhsM+fySdu3TmyT8/i3IUqZTDuRPP5MABXtTym6+/xQGf7EmfT33SEFLLNkEZ4T5UhQLteO9xlAjggZirixG1Oiwmh6aCY0arWhxI4GKCcYfDLyoUUrqHRNrwWOZJJde27E21ww3sqSi9mybAXrlyJf37998pbV06+dvtYneXjgEsCIJg4fQTR/LAY+0zgvfPp3yvTezUck1uq7arYWf+n6qW9957j969e+9qNwQgn8+zbds2unXrtqtdEXYm6+dz9ejJLDl3Jvdf3ECmQvG1cyfReM0A7n/jmwzdKQ4KuwNyfRDsLObmQU0s/8EC7h7bY1c7I+wC5NqwB/LSVPqfvYIfLpjOuF6Vi5fdF+SXMePLTdx24I3MnzaGnpUMRNkR9hha+3vPGpFojC8ZpBMNz7uuW7I8mA++99prr8SpOSs9mH8/V1+2rK0fYAf2AuE4n8+zY0cz6XSKTKa8/bL6pgGT0PIL/vNafvmrm3G1y44dzdTX15FOpUr8qLUPwRbM5fLsyLbQqVO9Nb1tPu+SzTaTyZSvd13XT9Favj80mh3bm0FBp0x9UQwKdbOlJUdLSwudOmdQKqrtLPX19VZxMZttwdUumUx9yRi6sX3XXqrrdDpFfX1dUTPzxx22jg0bRDjjpeXONjdTX1fnp/ouritEkmvNjh1ZUimHurq6qoWk1h6zhbF0taY524xG06lTp9psGXabs1mcVIp0Oo1SsPaDD/n5LTO57nuXUR86/s0+5PN5/zjKxKZRdl1NNpslnU77+zy07ULj9Eb6qzU7ss04SpX4E1c+u6MZJ5Wiri5Vtq9yuTwtLTnq6+tKxl02x9qNb8NYUONbJwM7bUc73psJKUI2dHk0b0kbhTGWvQWOclCOIu2k0FqTz+fLU+nHjEEdty5u/F2lFKlUyvPXLR2vOBCsvfpOoV+JNlSFXVBoIybddZi4/m3atKkw/nL4O/iEx2SOikCOijJuDZs2bQJg8eLFrbID0NDQAEgEcLsigq0gCIKwZ7KOORNHcjU3snDG2MQPoQTh48yiKUM4c0aFQiP9cyKbZeNO8UoQhJ3CytmcOvomloyU/3uCsCdj+1+f6dXASedO4qqmkfSzD13Y/uSyZHdR04KwyzCElVqFtBIxJcJOsCyVStHVj/JNYq8k33Qc/tCWXsSeQ+fOncptme3o0gjE2LL+dyqdoqtFXA1wUkbboWhlm2hbdF/RuUumRDw120/Xpa1jxgakUg5dunQuqR/eH/WZYiRt0n2tFHTuEuqPKk5YNZhQw0p726tLutSnsqJK0Tk0dqzFVHXHZpmQV94nm66llCqNtDXEbMviWJSiYE/jiaPPLHiB4SOOpD5TH2sjlUoV9qWJKV7GitURG7Ew6UezW6ta9odSik6dM6FoWsPvdIqUeX5oT0Qt2R8hf6L2R1wfjF1s9SV2jNtQhSidPFzbcWmXQV6TCKxKOaDcYn8cFbyDUfCyaCeZMBpfKhgneLeMZ91tEQFYEARBaBPaK5uCIAjC7sDAM2Zy74ji/JI5E7h51QRuvWpkUQzq2ofuAL3GcMfCMYaFzSyaeSM3Nzdx/0UNO8VnQRDahiUP/y/LTx7FcQ/P5ZF3xjL+021g9J353DBlPkdeP4XTEkQECoKwsxjFtTObOATIrlnKswvnM2fKJP54/wTu/903GborROBMAxc/8DIX74KmBaG9qBQl1Zp8lVFVk0aVgj39ay0uBULrZw87OHmdKsTfJPWtNnSxbFKbrcHQ1ew+RbTbltlbdeFPFXVa6UNJ/dA4vFaNupX7o+pjxf/+6Y/uYu99uvGVs8fE24hyvEbC+yOJ2bjzM3Gblv1R7lRpe0n9CpuM3466NNrePzmUoTiHxeCyVNAaHO2NFVyrHhp1HQ5H+tqE4PDYvgSRsYVj2x+7XFMcx1h5n7jrvtaalAbHloWgEPFcmn1ASIYIwIIgCIIgCIJQge6DGhk+qDifeQbY2p/hIxoTRgNmWf7MPBYNamofBwVBaB+yC5lz11rG//JuBm49kdvnLWP8xYNbb3fdYmbN38Qh17felCAIbUlfho5o9FMmN3Lc2AlcddZUTj17Jjf/4Wzub+q7i/0TBGFnEBaaosTTarj8yv+s3CbFNtuKEu0mCJ4LGksoHLVWbImKyKzKRtT+2AlKUJyYXk3zpvjsCWKh5VUIea2NgTR13G98a1J19dthfySNXI6qV9MLGsb5UaK/1rg/EvVDB0KmwjUzY/tiqtIUOuyCV66wvbW//xSphCnTa8EUf82UyAWng9TPSpUIv/jCb14FArbtDQK/RwqvozoY31gZJUCjPRFYV/ceQkcfA7gdAsQFQRAEQRAEQRAE4eNP9sX5zKGJ0Q19GX3GKFbdv4Al+V3tlSAIO5PMkWczcRgsenEZm3a1M4LQAaiUelQHH10utkTWrKCQBPbAEn2rjY/FF7NY0jajikY0l5iKdW3jilrqVSVwtuH+COyFvwvVYjZO7P6gtuDVmN1flY1YLPvDVrc1Ppj1qxVug/TI1eyPyPaDc61ylUgb7XZ+mFmGjetBLfvDvKRpFForP1pWkUeRcxQtjiKn/E9h2qHF/zQrhxanOJ/zP3onC5yFseGDj/JEW9cXtF0FruOJuq7jL8PXdwt1gmlVWO4qRV6VlvfsFe3mSb7fk47tvKcjArAgCIIgCG3AOuZMHEL/KYth7UJuv3gMDYOG0L+xiRvmrfaKhJc3jOT82xey1vIQfe0zM7ligl9u0BE0nn0Tc96wjHy2aRl/nHI5JzYOof+gITSMm8ysxZt5bsoQ+g+ayiKz/LaVpeVHX87N81bKmGpCO7CYmwcN4fy56wBYO3cS/QeN5OoFwIwm+g/yjsGbX4q3kn1jHjcH58ygRk68eCp/tJ0LgiC0E5t5dM5s9r9wDENT0H3EKE56dzpznrech2vmcn7Eee1dA4L/S971of/ZM4EFXD3Sux70nziXtWU2S/9vnvmduSzfZnEzv47nZkzmnNGN/vWlkRMnTGbG8+uMgsX/1dk35nLDuMZE1yJBEDpBPbAtGIu39P98CS9Npf+gScxZY7e09vmZXHH2SAYPGkL/xjF8bco8+3ldQug+O4R3nzCWxobive3tL20ur57fzJK5N3HmyCOK5cquDxb/GkZy5uSZPFdycZLriNC+xIm/ZWJLjHBZRoQGoLVFnDEUHpsgWkkoTSwMRdSNraNDn8CGNvpiM2JRzsLCd2v819Cm+yNOOG7N/qi4bS2fairF7g+LU9qyP0r2TUT1KJds/rd2f4TbizpWzGnT7yjhtL33R2GRuT9sdiz7I1zO5n+UKRNlnBue0OngKod8KkUu5dDiKJodRTalaEk5NKccb96B5uCT8uazKUVzStHif9waRU6tdeFTqVy4fLHfGheNC+RRuGjyQN5f5jrgKi/dtaMdHO2gtCrMKxRKF9fhC+Iujm/Pmw6WBdO1UEhb3QEFYUkBLQiCIAhC27F+PjdfvJS9z72eO5rWsmjGjdxy5flkulwHU6aw6dzJ3NGUYe2L0/ifaRM4Jz2Xxy4KpdJ8aSqNE+5n+MTJ3DqxL5nsCh6YchNXj1tNp0emF8dJ3LaYm8c1MWN9IxMnT+e7vTJk1yzgrovOZu2+Fr+2LebmLzcxg1Fce/1MDtkX1i6ezrevHMOT7xo+CEIb033YJO6dOYYnbpnMjH7f5N5xQwDo2T+6TvYlL90ko77J92YOoSfe+XTFmKdY9cA82iIDrSAIFVjzGH94uC/jLvRPuH2P5eSTs1wxdwFXjRjljfldNQMYN3Mmx78xm3N+sJqJP5nM8ftSHEPcJ/vGTM6ftpQjJ1/PHU14/zdvv55T6cni74wkExTctphbzp7A7e/057RLrufewT0hu5onZk3h5nPn8+wPHuTusUbK2ndnc8PtDYyfsZDv1tYJQehYrH+eJxZAv6sGJBz2wc6mZ6Zy/j1rOf3CqZx1CaxdNpvbpkzm1JVZHrt9LP1SVRhbdiennj6dzLhv8qPbB5BhLUsemM1Lb2fhyG7hVnnklvN4btNYrvrB9MK99S3nrqX7I7MZH7oXWTV3Eides5BDJlzHHZf49+HTpnLOqGXc8cQUTgrfY8t1RNjJJBEjI+v6la2RvZAoDFGHitXiS1C/Nf1IjB+lmUTmUDV26uO+P2z2IqngT8X2P4b7I7w81nbCflXlT6UCSfeHiihaVe7gpE7ZfYiqngcvXXLKi2zNO4oc4PpvPyjlRW0qP1I4rzSugiBiGKVxtBdxm1aKDFDNLUQtaK0t4qlCK+X5DV5Ur5/COcDFS2cdrqn8E1hZXvYIj2ms/X1YsqxtutOhEAFYEARBEIS2Y+7L9As9TBp+VF82jm5ixqTLOS78EHrEnbCykSt+s4AlFw3mkKB+ajDfnbeA8YOCR9uNDO+bZcmYqdy3YDWnjesLZFl022RmrBnJD/80nXF9KJQ9blh/zj/lepaXOOWXz07g3j99k+Fd/MUjGjmi5ySOvW4mj549hZPk4ZXQTmT6NDC8T19WzQT6HMHwEQ3xFbKLueUbM8lOmMlj1zQWhJ7hwxroedGJXH3XfMb/pFbxSRCEpKx6fC5P9hnLVYUXLrpx3OgxcPk8nrx+FKfZXjiqSDcGjmhkYKcFQJaBRzUyvFd5qefuW8EP/zSz+D9uxEy6rx/G+bPn8eSVI/3/Wd7/t9vfaSz7fzj8hDGMnjKWM6+Zyh9PmFbq68NZjlnYxCFyERGEePJZ1r4zn7v++3oe7TKGO8a15u2rBdz88Cie+t03i0LviEZOGnQTDRNv4vbHT+SHo7rFWggtZ7ldAAAgAElEQVSz6LHpLKeJe7/bxHDf3vARY5hYll1nLk8ymwdvavDvJxoZfiAsH30TM+YvY3zwEuSaudxwzQKG3/QYd48LXhppZPiwAXQ/ZQI3z5nASeEXJuU6IlTAFlFWMqajvz4qGisQBK1j8Ja1FT9Oq1m2ElE6ZGuFhyT1g75Y+2QzEF5mKswWwaRMkKpie7R2f9j2tI7a2EnqVvCjLSgRbqvdH3F2DZOFFwR20v6IK1viWEJMH9r1ZYcIH8u2nUVcLLNRwXwt14tKkcFaQ532kh6rvEI73ri5rh9d66ILx4PrOLhKkQ5FJgejB6PB0ZBKpcpS/FaK6G0NSikcx2vR8dVZRzmee25I/PVDruvwxgB2TTuhfgZbKqW95YERFS6pwdEK5ahkO8bwuSMjKaAFQRAEQWg7ho3luHBUY2YwxxwLMJZzx4QjkLpxxIhGeHcFq8ODqTWMCYm/PoOOYDjw3Nt+qrr8Mh6ZvZp+F14eetjt02csF55lLMsu5IEZqznk/LFF8den34hRDGceL71ZXTcFoT3JLpzHjHcHM/GsovgLQKovw09shHmLjZccBEFoe5bxx7sW0+/MkRwSeqW++4hRnMZ87nl4dfs2f9YE439chuEnjAU2sTFIF+v/f7P+PyTD0HMncBzz+cNTRqrXYSM5oibxWhA6AjM50x+qof/gI2gcPZlZjOHWB4wI2BoYf+6YsijfzMixXNIny5wXl1Zlq2fPwcBTPPGCkfK5LASokYnnNJTeT/QfxumHwqqNxXT2y+fP5kmaOPd0I2NAl0aOPxFWvbC0NE29XEeEdsJM0VmtjBGX5tWqGVQQHqtp31a+WhvKom3Y0lQnUUSj9MlWRYtWW97wPWq6VHWzt9va/aFjPlHYBNbE+yNitc0nc3lSdtX+CBdr7TGfdF+U+BVeVMP+qGAydnmcnaR1HCClNY7r4uTzOLk8adclrTVpranTmpTWpPxldVpTn/c/rqY+D/V5TZ2/LKnAZ6Z8TpIWOVjvOE7hE5RXKBzlf4J+hT8aHFfjuJqUpuTjuP639qKZHQ0O2pvH+6hgOrQsRfLda6audl0X1zWl6D0fiQAWBEEQBKHtOHQA/UoWZOjexf82dN1OqQyFB9mh6IHsu8t49KnHePONlTz5j9Vk311WKnatXcHybXDcZ+35czPmg6/1a1kFLLlxDP1vtLudeXsdHNmjUu8EYaewae1qYBk3jB7CDdYSGZavgaGWqEFBENqIVxcw592+jDvBiPjrPpIzmuD8+xewvKmJge3U/PABZYouma4ZYAHL3wV6Ufj/FvX/kF4DGAjMemc1EPofN7iv8b9aEIQio7h2ZlMhO03mk0MY2j95ZG40jRwyIGNZ3pOeA4AVq1lLY+IU0/3OuJ5r55/Hzec2MqdhDJdMmsS4Y/vTvUwAHkK/svuF7mT2A95YwVoa6Als+tcyYBnnf3Z2RIsrWQVF/+Q6IsRgRp/FiQuxkcBx4mwQIabKl3kzMQ6GQ/XCAlhMlTjCEZmEBMPYyMti6FtxUbDMF91K/ImI7rX60so+RdZJsD8il5n9sdk11NBW7w9jvqr9EbSvSlcXbNe4P2qh1v1hvkwQKfZG2W2j/VFo05jRROyPsPgcmg/KF859Qv1o5f5I2reat0FwbQhdLLTvdMm+UN74uEEZR4Py9Url7w8V2HO96UA8rf5lgOhrrykQBxG/ZvnwtT7OjmM4F8QJq9DfYDIuWLcgPCuVOMrZlrq6PSOkd0dEABYEQRAEYTchy6JpTZxz+0q6HzmK04c1MP6SJvrtvYIHzr6JOUbpTL3tIVo0J02ezrmD7XUyB7bFgz1BaEtGce2MppLIwyIZ+krUjSC0I1me+/10VpHlltOHcIu1zP/y6KtNDDy0fTzIpDq1j2GAVHX/PwWhY9GXoSMaGdrmdjPxA/R1705VZ2aXwUycuZBxr87jrntmc9ukMdy87yhu/d00TjPeHyl7OTKKQU3ces2oCBG6Z+kLL3IdERJQKaoMSiPSKkWi2QiLe6UNEK2I6JKvtsNwPbYr4cjSsPAbdixG0LLpXq1NctqW26Pa/dFWbcfqmhX2R6G+L56WaYoJXzAo7I92zYNcHVXpXW3wUkTF+lHj8/rrTBuF/RElYtewP3bt7vEFTFW6LLgMuADai6h1CqKvL5rqQDjWhUhi5SVOLloKCaSVxFKbiBuODA6Lv7Y6UXbCwqvSChVar0PKvVLFaR2R0jwsi1eDLdI5HAHdURABWBAEQRCE3YM187jt9mXG2GNAHp4Il/MfOD335koYZkY9Zdm0zVjUpTvdgRWZvgwfERElJQi7EZku3YEVZPo2MlwOWUHY+WQX8sisLIdMmMK1I21SyAruu/gmbvv9QiYeWpqqffmq8owSq1YsBAa0vZ/79qQf8OQrK2GkZWzSNStYDpw0qB3aFgSB51Yb0fXA2rdXRJReWIzeD5NdypIF0O+qvtQynG73Q8dw1ZQxXHXlfG44+3KuuGEuw2eMTRxJHJDZuy+8Ad2PamS4aLvCLqaSCGxGEhYrRhVqG6HHHJ83ic2oqNOyuglV3KjoVqvNCpQIRFXWLfMhLrI2/B2aba0Ap/2Nq7XGSdiHgihlRPxqY6ItxsItT+VdHolorvfEzgp5yeP8CvXL2oeEG7yW/dJW54fV7TY4gU0brtF2WeBxEGkc15cEx0n42CpsH6fUaFnWhJKPmbLYPKnaXsxMpVKxUbNhUblSxgdPePXcLJYNfyvLdLjhmrpg9aXS8j0VGQNYEARBEITdgzWreQ4Y+KnSsceyz8xnVnhBzwaOb4Ald8/lOVPsfWM2t5mZ67oP44STI8oLws5m5erSMfQsdB82kpNYxoz7FpKtUFYQhLZn0/y5zGIw484aw/ARjZbPWM4amyE7dz6LgpPUF2OfW7y09LzdtoAHZkedyQtZtaYVjmYaGT0+w6q7pjHnXXNllkX3zOTJLmM4eZhkuRCEtqU7/Q6F7DNLWZ4PLc6v5JH7FkTUyTLrwQVsypcuXT5nOrPozzjbSxxxGHboNYrRJwIr1vFBdZYAOGTEWPoxm3seaOfxzQXBgm2MyTDBGJ+FsT6jxN2QeBcUsxRPhFk/EDlLvivZMEXGkF8lhhMI19X2Q1O+3dzwxwWtFVorb9ql8O1Na7SrcV2N66+zf7xy5R/fjt+e174ufLTWheVe2WIkeKG+9tsPlXcLPmnPfxcI9aH0E/SBQl+C/rq6tG9lPmjt+xa0rY2+BB9dsl3NbV7Y9q534AT9dUPteL54+wO/T5F9KWyHiI8O+un7r0v3hy74qUv2R3Q/dGlfjGOx5DD2j+Mk4m9gT6nS+fC5UTjfKxznph9Jz32b+Bu2VRKVH2mE8nM85noV9CeVSpFOp0mlUoUxdbXW6LyLdl2UhpRyitvSOzSKH7zvvP/RFfwMR8BWEj9t5UrPC12y3LY+GGe3EHWrFNoBHO9bO+Aq75NHF6a1scfCQngtBO27rks+nyefz3e46F+QCGBBEARBEHYXBg9jXJc7mfGdy9n/kiYO2RfWLp7O91f05Djg0ULBvoy79iJmjbuTc768mmuDssvmcteDPRk+FhbNDRvuxmmTb+QPp1zPOccvZeLkCRzfKwNkWbVsAY8sbeBHPxlTdaSEIFRHDwYOysCM6dw2tyej913M2v0u4rQGS9F9x3DtD+Zx4jUTaHxjAteOH0m/DJBdzZIF83m14SZuPUPGrBaE9mE1D9wzHw69LiYCP8Pw/2giM2sm98y/nOFjukGmkdMv7s+s2y/nzNw3uerkAWTWL+We2+az/xmNYL6c1Kc/x5FlxvQ7OXJ8Ax+8s4njm6JSr8b4cdVMJj7TxNWnjOXZSyZw1uCekF3NE7OmMOOZnkz89Y2cJCnjBaGN6c/oc0dy8+SbOHPiZr43sYGe2dU8cdcUskPGwmLbq16DGb5mCiMnLvPKk2X5w9O4ec4yBk6czcQq9d9FtzRy87pJnHv6EHoC2Xfmcct9MPSqUYXxi6vi0PP46cQHOfO6Uzn1+cu4cKxnl/UreGLBPPY+azYXH1mLYUGwY0vNaRMnKj6qTzj2Z7tgCVgzxeiS2UpRsrWttrarS/+U29FF96M2X0TNRJhCTokYXmjYLxM4Ea6iPNEy7CtKl3eioh9Fb5TFrygb2rrOvjTSj7DwF0R++o5o1xDtDFEqmDOzgse2F+uXLrFpxpTG2y3uvGAbFlIOR0XQWs6NWHZhQGZFsTo8HRyyyj4fiyXkveSa57r2gOKQCBz2J9iHSlWO8KwkesaJvpXqBZHttojgwrTjC8FlEb+BIdPh2GYTY/O/lqEGPu6IACwIgiAIwu5BppFr59wIN0zjlivnk+3Sg+OabuL+qd2ZNW9eadGGy3lw3gBumTad266cwKYuPRh64gSunTGBzMyZzDBt9xnL3Y/0ZcZPpnHXjZOYsQ3Ytz+HHHUs4y8cJuKvsFMYeslsrl15EbdcM4FZ+zbw3VkXRZbtN3Y6C3rN5Pu3zeSGSTPJAt37D2b4CU1cOELEX0FoN95ZwAOL4ZDrh5WOd2nSMIZL+szklj88xtoxY+lJhqGX/C/3pm/khntu4vw50L2hiWt/NpPjX7m8NJMFQK+xfHfaMv77O9M4//EMPZumMboWf7s0cO3vHuOYmVO55Z7rOWdNFrr0YOiJk7h7fhPHfVpyuQpCe9DzjGk8mJ/K1dOmc8WELJleI7lkyp+4uG4ms2bbBOCejL5+Kpc8dSM3XzmNReuhe/9RjP/JVK4a07+68X+BfsPOpOctM/mfCevIkqHn4JGc+5PHmHhC38qVrWQYetWveXDIdG67bTpXzNsMZOg5uIHhp05ifJUCtSBAqcgbhyk+BKlwCxGCEbmCA33TLpLV6HMtdayqjcVmjGDcmj6U6LyFbRdsy3C5gpLqu6J9EcnfwBVyMnv7o7xQYp8NddkulgdKaWhdMO0Wi5RsOF2c0P53fFesBrzmCu2VqdXl/gRirqFjg/KV3lgnim1SelhU8j7sa7U6lk30L6fcaDBOazG9s/a7qco2Z5lsHnF+qNJOW8vE6cja+K6W1lwvytJ7Ezps4nR0n7zreuMaKwdHqUIksOu6XsQ2fuR2OKra2MbBOlv0b9Io1/B1t+warEtTltuu4+HycT6o8GqNN6ZvcKyEX/4INVH6fkRwZqkkB3Ckn3H+7skovZv2eOXKlfTvv3MGPbt08rd3SjuCIAi7mtNPHMkDj0WlJfv48vMp39vpbe7M/1PV8t5779G7d+9d7cYu47kfDOGc+y7i/sWXM3QX+5LP59m2bRvdukn6TUEQSpHrgyAINuTaIAhCJVr7ey/uYb0tpWcw77puWZrP8Pdee+0V24Z9bEhL1K/WrM7Gxyy1SrwJ+9AW9uIMGiKXWdQuQ1bRdtiuDvZbcV1x/5X62paieZk/1RY2nNFxG6aKDZWkmG1c3tbuE9NQwYZN8LThN7zT903JGxVh4a/oWDjNc6DFed/BCovZqPPDsj1si6PmE+3fBGUq2gjOGUWZ8FuVndD0IV12oAHHcfxUz6XCq867Xhpl5TUcDpgvCMD+glQqRcpPm5/P50uicaMwr71mHdvLO+H15Wn64wXgQptBB/xjxnspRZe8xFKWBjrkm4M3VICr3cTnt60fruuydevWwtAD4e/wkASmOG4KyXGieK1s2rQJgMWLF7fKDkBDg5duTiKABUEQBEHYc8gvY9FjwAlD4iO3BEEQBEEQBEEQhF1CKpUqebAfiMg22koIs9mJtW0IeIW0r2aZsFJYFv5YXjSY1vZica6ULvNUoBLx10WxOat5ZxM8t1rx7GrFmx/Bxu2g86EOuBHf+NPBvDamzfnWrDPbNNfZfGnL9sPrhEi6dtX06wNDGzQjj4GDDoT99gVHgVbKy8zt57b29UqgVLC0nh+W7W4T3ePmS8YRrrZjCTBF14rlSSZQK+UAGu265LRbKkSiwL8+eoNDG/a0f3oEwnSVHQ/E26iXb7TWJeMS10pJff9a5YU9ez6rggjsFUjaUjU+mVHNwTjAwRjFHQURgAVBEARB2GNY9Ydp3PZuhtMmD6P7rnZGEARBEARBEAShgxCkMA0erpvpQ80oKvMhfEmUVhv4Y2qz1da1LrMpPDENVBKzakX7wqUOfVwNSz/U3PcaPLlK8dE2QKuimOpQFDwdvOXKWBcsC8+Hp21lwzihcuY6M/ozKKuNsuF1pi9m+5XWhQ+xcHtmPRGBI9m6VfHaG/DaG4q5D8Axn9Occarmc0dCOq1xCtGQfgruGg76sFZcDW09lGtkWu2IPlR5OShpyLw2ua5bep10FFqlCqV04SWZIBLbs1BMfB6YLo7Ja461Hhe5GzVtw3XdMls2CiJwELXsX7SCSGCvGwqlHD/KWRdeZrH6ErxhUCnltN9X13ULgm84g4WMASwIgiAIgrCbs3beZL79Yh+OOWoYA/cFsqt5dt5sZsxbRr+x0/jWyZI2URAEQRAEQRAEYWcRjuKNGlsyagzGtnogb4q+babrJXSvte3ZhDBtFAiEaK01rp/yWWv4yyqY+pLiX5vBdVWpuGsTQlXMugBbyt6wkzZHo9q1LTfLxNWPsmeuCx8EtvzBYSG8vXJh76Fks/DkX+GVpQ7n/j/N/ztTk1ca5XhyXkESjDhfzM1siqC7ajfo0LFQNmZxq3OBR1MY07bEF0PwRBXSJ2v/pZmCmFoo4omi4Qheb7GyvnxTS2SvGRGcNELY1qZ3DdMlp2BURHKJHT+CWIdEYtv/liDNcyAAm0MadDREABYEQRAE4WNH9wEj2f/hmcy68U6WrwfoxsARx3LV9KmMO7a/RP8KgiAIgiAIgiDsRMKRv1GigxmVVgu2zLK29WXLg5SpqnzeFFltdVXM+krtVupqoqBJHWRSDaLkvE8+r1nwnuLbCxWbdoTGYo0TWpOsC6szZnlblG1YWI6K7K2mfXNaW9blLT6a0c229s35uIPJJnzXGrJq2q7GRlT7cXbCfarUTkKbWivWfQg/ud0bw/UrX4JUSuM4Cu0Eop6f6tcwbxN8K50flUTjSpjnfYnNOPU55i2SWkTrkl0RIXSGo3fD80FEazUiZlSq5yTjA7cHUYJxLS8D2cTocNSzOV59RxV+A0QAFgRBEAThY0dm8Bi+e/uYXe2GIAiCIAiCIAiCQLng0B5CQltEC5bpPAmEuLieVPLDthlaFXxaiP4F7Wre3gx3vabY1KKSRcna+mtT6oKPLaVzSeiepY1qoovN6ah1ce0Fy8NlaokgriQCx2Fu17h61aiG1QjEScVpm6paQ/t3z1L06a0ZMUyhlMZ18YRgdGh81+hmofLLETaXkhSyneetvSS11TUHSkXMStG0ZmaFcBrj8HU3EImDMXyjrsFlkbWh710hlkalZo6bj4v8DaJ+TTpa6ucAEYAFQRAEQRAEQRAEQRAEQRCEmkmlUoXpcARbW9EaSxrsImMFo7aoxYRVk/mUtKwOvnVhvF/tQi4PD7wNS9aHnKqUGtkUdjGWhSNpKwm95nQ160yRt1LksNm/YNoWsWyLXK7kW9iuVbGzLLOJrVGqZ40iq3V9kuhls3y1onOC8hs3we8fVAwa6HLA/l5DrqZiKuikblRdJ26/maKwUdYWLF2IHnbKy1f0hVZ1v9SWZXzbsBAcTIfF4EAMDeaTpmzeldiE6fB8WPQNR/aGhV9zKAJBBGBBEARBEARBEARBEARBEAShFZgRZLbUm0kjg6vQoGrH0kiQ6rlSpHEtAZw1Rw/q0m+3IAJrtuc0c95Kkdd+K+HxbfO+gShR1BRSzW+zA0nH4DXnbevylIvBYYE6TC3tR0X3moKxTZBOEklr7tSoA7atDuAoO6bKmLQ9W52w/5XsFOooXlykWb4SenxCk0opVCC0Kvumq2S21vO+rE5gqAZjhSrKP++C6OEaRODIdQlSH9tSN5tRsOZY66Zdc1zgSrSnaGqzbfM3ql7wHYi84e9w2megEA1t2uiIKaGT7XlBEARBEARBEARBEARBEARBiKAtH65r7BF9wdi35nx4uQ7V1zq8gFJRyFB6a5E+bBqT2USSLVLogzFdtOGl2AVwXe/zp9WKLTlVFDbDEb7mfNS6uHrVrAt/sNQjtM6xlGkvv4P2HEp9i6pv1rUdN8HyOPE17mAyhe6o4zMq6tjmh1k26i0GmzAad5Da7ITayzYrnvubdzx6qcm1fwzrwnjVUV2wnYqR54rtnA9NJxHfw2WjLgMm5pjhUbi6vE9lxqsUpM3raVjsDD6ej6VjrUct3x2FzyRDBphj+wKF/udyubKo37jo4Y6IRAALgiAIgiAIgiAIgiAIgiAIrSJJVFvS9JyVxuysdkxPmwYWTAf2dnbK2kLdGMFPB398gcnVgcij+cuaVHn0a1A+HO0KxehgW2SubV0wbwqVcWmcbdNB38yU0m3tW5QPcamszbYqRcaaxIZ41riuFmz2ag2ljcPcPv78P15VuK4/BrAqPTeDYq3ZHIVUzHE+VSOsVtF2EhuKCtcifyNU21Z4XNxw2uNw6uc4ahE9d2X65ETZIUJCdlj4tdW3RVB3REQAFgRBEARBEARBEARBEARBEGqmrceZVGFhJySeKFUUhMqaCq2LE3OtAlANekd7SQqaUkFJowtCsHY9EdjV8NomyoVeKBdQqx0Ht+CEscxMHx0l+rbFGMHm+MVB6ugwcQKwbfxjW5txonScMJwUM+K2UmRw0EZFVbSG9aYSW01fwttJly5btVrhao2r/RTQWqN1IFy23XlS0myVwm8SPb+sjrb7HxlsbdvHfoPVXhbD4m8wXwlTAA2n4zfTRe9KovqSxK9qfG9NO3sSIgALgiAIwh7IunXrAEreEAzmw8vNZWE68htybYXWmnw+z4YNG3a1K4Ig7GbI9UEQBBtybRCEPZuoCCVzHEfbso/DQ2tzHOBaiRNcYk3XovKYJkJCV5mZVkQJlwnTUZ3U/mRB7dKF5W7w+971IoA3tKhoYdMUM8PiqUWgKkwriiJvsC5YZqtra6/SuqhxeM3tGxacNeUCtBn5HBGh2urxi6s5lmwiadJ6lcpGlUl6vFdzfoTL2ETjkLC9bbsil3NJpRTaBe2oYuRvcDxXOG90Jd9Cy8PnR6XTqqydpOtionatNrTFlzZ6pGZGuTqOE/n/wHGcQgro8HO/j8P/jzjM/4FKKVKpFFDspy31tSACsCAIgiDskQRvXptvDJo3TMGy8LpqbxBFKI5Hbj4FQYhCrg+CINiQa4MgfPyo9pw1f5fZvoPp3SlyKw5zDEbbS8e1Xt9KxKHI8DtLJF6oWlLMiL8SPSrKUER0Z+JfyoZ6Vaq3+dvSX+ppbn5IYZSwGRe9azpoRhCH69pE17aILg7m49Izh/2w2W2PyGfbfqxWBK5Ggawm4jfOdrWPZFrTVmREc3CcKu/Y1Koskr0md6o4eVv7ZCrRuR7Vdqiytp1/ULWDtmd0gfgb9z/BcZxCvaRj/1b7XM8WQFJpHN/wtzk+sc1GOKOE67olfXccB8dxSKVS5PN5crmcVfCu5FdHQARgQRAEQdgDqXTjZY4jEr6xikobU0tbHZ3gBjS4ARcEQQiQ64MgCDbk2iAIeyZRv5miHuJHRf/uzr+9Ko3/axMAoo0FRrBHIvoaU8FEhYjGSlF/lXTdaitrc50tgrLKxrQu/bg2sdIUaU1BuLWRsNWuM6OLw9jW2SKTbevaQui1bbdwBHTkWwBtyM58lz5pH+LKxZ1jwbEJaK0KLywoVNnmLozpW+P5YTukatXAw4dZrA3Lua7NYyQiajqxEB4yaAqlpmBqRgWbL93YXjKytRNenzSDg21c4qTY0lrbAlhs5QIR2GzPcRzS6TSu6xbGBQ6igQURgAVBEDoUDzy2YFe7IOwkbD+mzfGYzBvDqPFFdueHDLs7wY2nPMQVBMFErg+CINiQa4Mg7PnE/b6KSgX9cRCAgZIUnAGmWNAmaErTy+ratDSLVlMbKsJGQsOFftiqaKNzWhfEtjLB0iZqmtNJxdO4euF1YfXM9p008rgtfDOjl811QcSxKTgGZVIkiy7e2bRG6ay2Xo32vWNSF77RCpQv/gazljrV+GMWb4tN0WbXgBgDylhvuxZWGq82uC8MBM7wCzVmKmRb/bg2gnKt/f8SF21rE7BtIrfZj3DZQPw1Bd5wRLDWmlwuV9hONj86GiIAC4IgCMIeSKWHCmbUb8CeMj7I7oSkcRQEIQq5PgiCYEOuDYLQMUgyHnDw/XEQgOPEB1uEVzKjJV+eLewCTrk/pVF3bSE96xIRh0IkcuL6NawztF8/wtL/7R4ntCYUU+vS8IkMdEmD68Km7bB+B2i3gk0z2ritUkUb63ruRVG0DT6u99EatmyHHTv8esEGC7ZHUN4Ufk3x2BStbX0Ile1UD3t1KT++duyArdtD4ny1B51RRynosS9s2wFbtxl+J7RRsUyt0c1BPb+v3vmvCp0veR/BL1tNM21yvoaar8ZmSYRyyEhZxG8Nvnj2tfXblvnBFEXDAnCcqGpm/quUErmth3azBZXEZYGwRSlXii4Ov3AUpIe2RQObbe/O/0fbAxGABUEQBGEPJOkNjSkCJ035IiRHHuIKghCFXB8EQbAh1wZB2LOJytZkTn/cBGCIfohv619VaUOpPlJPqfKgWCtmIUulMldrEH6r3XNlwm/Jx19bTZSs6YADB3SCcwfDiZ+CPntBswvLP4IHl8MDb8CG7V45R0OdgrwLOZuIGiWYxkQQOymocyCfh1wuuh+/vMi2QbyvXA7ufBQefYnSjWxT/OJE56j+RJQdeRRccCZ0zhSXuRreXwdP/A0efMIXbMP2bOJh3DGk4Nij4aoJ8Pzf4bZ7YeNmi8+VwmIjyjiOJ/635ELpxKtBl88WXlDwF2it/eZVohTIFrM1oY0TLtKm7VhO6k8rX/yIEjdN8TcQfZOkNI67ptpE150ZEGJ7OchsJ+hjpYQoFJwAACAASURBVEhlM3W01pp8Pl8yRrApApufjoQIwIIgCIKwhxL3lrVtzN9KaZ872k1SWyEPcQVBiEKuD4Ig2JBrgyDsOVQ6l6OigMPTHxfxF+wCcNT6KCFCa12my1T7SzRJhHBSGyU9Ckc9Vmmndb+mtVHfH2M1HOlqRubGTQOdUvC1w+EbQ6FLHeT8+of1hMbe8OE2mLfcs33CQfCdkTD7FfjF3yz2THE18Mf0LTR/eF+4ZSzM+wf85DHDXkjAGzM0eqs0t8Cji4kWnmPar3pdyP6nesPoz0O3rqX+aA1fHgUH9oYf3mX0h5j5wGfjwD3uc3DKsbBXZ5j1R4sAnISIA+/kkXDNhXDrr+D++dHlrISjpc12gpcUIopFuVdrILK1TqVLZRC1HOWEstiOcS5qU0Rhpi8Ovs1rfSBguq5r/T8QFkDDgnGZf8azvp0tAlcSf21pnU3MKOZgm9jsBOmyg4jg8BjCUamh92REABYEQRCEPZC4cTfMt+XMOpXGHhGSE9x8yjh+giCYyPVBEAQbcm0QhI5B0ijg8PTu/nssSnwIE/XScaRwYZm3bYWahCMdtG0sN5SoSiJQrQJWVPBhWZ+1bZkui3IsS8VsGjca+lR3+NIAT/x98X049Q+QzcHVR3vi8MNv+3UU9OwKx/SDZ1eF7ITaUcqPuHa9T7g95ZfVRoTvPl1heH9Y+q9QeUVpGumQz7Oehvmv+HZ8Ed7NwwvLvXLKF221601rQ8B1KNaJ2i7Kt6Nzfn1zbGGjzrbt8IMZ8PZqSKVg0lnQeBh871L49UPwznvF4uHjzUwl7PjLzGPv1ntgRzO88AqsXkMJBV+1sW1LCnm2wUvvHXb/kz3gmCPgvodJfuDaXoAwzpWSVbr0/IrTvWs5dyLXG+3aGo1N5xzRQNy5Xss1KJy6uGAnFKVqipW2MXLNNPvhZUHZsn4Y6aFtfrUHZpvVROVWU9YUzE2hOEk09Z6ECMCCIAiCsAdS8xhLVBaCheqQKB5BEKKQ64MgCDbk2iAIey5x53YlAbhS/d2FsAhRSYgIygXf1f6GrRRdGFev6JdhpMafwa359Rxb16I2KaW8UVbDAmW4rDkeL5RFtdanoGudN714LWxqge3NcPXTnmCQ97fLyQNh9ECv3IH7wvEHwasfwNotkE5BYx84ug98ojMsXwd/fRve+tBrptdecOK/QdqBBcth2Kdg2fvwiU5wxuGQqYN++8EXh8CSd2HNBopRzeF+AS+shHuf8cXOkAiMCw394agB3vi7r6+GI/rDX1+F11fB3l3hyIEwdAB0ycAbq+H5JfD2e8VtVp+GoYOgcQj03BtWvgvP/h3e/GdxO9hoboGHnoKXl3rzf38NHvwF9O0F/z4c5jwMJzRCrx6w+HXYfz/o0hnue8hLwfyp3jDsMBg8wIvuXbQMnlsM2axnr+8BsH4D1NdBph6274B0Gv7t03DMUC/S+IMP4cVXPZE4ly/61nt/r8xnDvLE30VL4YVXYfNWGHWMFwEM8Jn+cOznPN83bLL3s0CUghu1qoL4G7e82jJR7ZbYiXMi5g2OthB7TcxUz55/peKvWdYsYxM3K10/48Zpr9b/pOvN8YqDZeH0zFE2bS8HmdvD1q5NOFdKkUqlPhb/R9sSEYAFQRAEYQ8lfOMTTK9cuTyyXOGb8huvqHnbjZMtYiXuQWaltjBvaI0yFevX0maF8tWsT9dlOtwNpiAIyRCRRxAEG3JtEIQ9i1p+n5jLPg7XhGrGVkwqQtiiZBOJMVHhtZEOJS9SbaRvHIlsxURYFozYIoHDQqpZHvgwC29uhP57w5cHekLnglXwxCpYs7lY7jdnFIXi0wbBkb3g6w/Bo8vhvCPg2i/Ap/fxRLeWPDyxAi79I7z5AQzsAVNPg2718PJqOPpTcN2f4JpR0K2TZ/OkIXDkp+DS38DvXyr3M+Dg3vDFQ4uRrPkcPLXEK3fSUPjuWV607D/Xwmf6woSfwrrN8I0vwfmjoOc+Xr0dzfC31+CK22DxG179S78CXzsdDvykJ8w2t3jrrrwVno1LMW3gOH4kMp6fPfaBq86Hzw+FJcs9QXflak8A/txh8L1LvPGE6+s9cfK9D2DOI/Dtn3tjCB/fCNOu9UTmRUs8Afjfj/HqHf4Zbwxf1/XE7Gn3wM//z2t70IHws2vh80dBF387r98E9zwAd82B3/wYOvvLJ3zJE6nPuxYW/t3er6rxD9KKkbjtgXHuJ45r0CVfNaefT9JMOOrXNj5tOJVxOM1zuHyk/SpSOFcjrLaG8DPCKJE7qY8BSTJOhFNph/vW0bLsiAAsCIIgCHsgUTd7FW+eEt6hJxlbuK0o+1Fs5Ewyfak18rm0CePBQ4I+Rb3dLmkcBUGwIWleBUGwIdcGQeiY7CkCcDW4rht5rUuSOjbakQqrq1Ry2+rXrS3jbNW2bampbUKvOSavZd2aHfDDRTBobzhob5h4CDQdDJub4c5/wK0vweYd8NvX4IgDvM9rH8Jf3oL3tnrtLn4f3t8KtzzjfX/nePjiQPjSITBlbbGjmTQM7gWzXoRFq+G3L8Nne0PjgbB8LTz+OvxzfbzfE0ZC0zHF+S3b4dMXUyLGduvsiaIz5sObazxh+NJTvcjmr06FD9bD9WfDFz4L3/oqnPdDaBgI37vAix7+5i/gqZfha2fAeafAL/4HGpos/viie6YemsbAsb6Ie84YL7VyEBkciK8AA/rBk3+DJ1/wfPzOxXDCMFi6Am6fDYcfDOecCpc0eemef/orY98rr41br4aD+sJt98JvHvLGCL7sq/CDK2HBi/DmO3Db9Z6o+8ob8LN7IZ+H6yZ5YvH6TTDnURje4EUHv7QUnl8M6zaUt1cpMjZM6TOb8nWVrmBJXvaIrW9GyVuWFVdU51uStm2X6Cj/g+teeGxam7BrRseGx7QN1zXTSNuIel7VFs/PbG3YlofHNK7VdvDMMSzqVhKtw+U74j22CMCCIAiCsAdiG/8j7maoUC+mnGnfZjN4aFnJF7NOnIBb5k8rXyOtxYfWIFE8giBEIdcHQRBsyLVBEDomlUTgqDK7C5V+90X1xZoC1CamVPgZGKRyNt4XDhUIGqYslNYmAtWSstYWPWjTzxIHJerAVYVGF6MagwK2yF/bvGWdduGpf8HQ38LZA+H0g+CzPaBXV/hWI6QVfP95uGg+fHu4JwA/thIm/6XYsZfXwLjfQtc0DNgXXl8HQ/aHz+xPSWSyUvClmfDUcq/un9+AK4/zBOAn34TL5oQ2lum3z44cbNlRnN+aLd8Gq9bB+FvhxTehzoFrvuKJsNMfghXveW3c95QnAA/+NAzsC//9FehUD39+CV563RNn//wiHHsEHDYQDhnoRe+WbEe/zc6d4Krziu0HAut3bof3P/SE2oDZf4KLbvDE2MMHw4kj4P11cOrXvLGCHcf7/Nc4OO0EmPl7Sg8UDaO/4EX3/uN1ePx5r/zTL8FJn/fGHj71eHh5GRx2sJfq+dLvw19f8vx98HHP3IbNMOk7MO0aTwCe83AxcrgEbXxHoct2Q+G4VQmlVR0xXU29snUJT+ColzGqSU2tVLVidelYtrZncFFZEUzxNC7lsa1+1LKwjfB9qFIqsk2zL4G4al7bk6R6rkT4WaMtnXQcZnkZA1gQBEEQhD0Cq6BpCrbmeouNEju2doz5uDE4bGN/JKHa20PTh/Z4w69SlHD4hnl3flAjCMKuQ64PgiDYkGuDIHRcqnlYvzuS1Ne4F4oL68rqlNvRxnqN8ZO3ilTQtaR4jooerFXQKtQpM6wLnYuMagx/m8u1MR2s07CxGaYvgV8uhaP2h7tOgCH7wXH94K5X4F9bDHu+COoouGgonHMo9O4GG3ZAJ19pSDl+Ob/NbA7++o7hn2068NOyE6Y/Dr953hOu0X4qaEOQ3bgNlr7rzSsHDvDTPk86BS44qWhr41YvXXWnDPTr6R07Jx4NIw8PNahh4xYvjXOZ0O7T3AJPvuiPnath7Xr487Pw6F8pY8ELnvgLcPCnve/X3oJNW71p1/UidgG6dYVP7GMYUDD4IG/yM/3h3qmlx/rGzV69nvt5gvaOZli8rNiX9ZXG962F8EsU5QctoNEWGbg1UfXVRvDH2tpJdUwCATLqGZJJpeVJBN84kdnEfG4X1I97ZmiLxg0Lv7VmtKgms0S126+jIAIw8PMp39vVLgiCIAhCm2Le4HX0G55diTzEFQQhCrk+CIJgQ64NgiDIg+xSgp+2sRHAsQaSL95VolCssBuaj4pYLBsLOKzHWSKFHQXH94G12+Af66BFw/Nr4P1tngDcKQ3pVKldJxB1HS8i+IdfhPe3wLV/gcVr4D8Ph8mfL/c/m4N8INQaOmHBZrDMpbwvwJpNsOTdogBcMs5xKDLa9e1rBe9+5C3/3z/Dr5+iEPndozus/gDeWAXL/wVHfwaeWgw//o2XLhoNXTOQzcLLb1K+0f357TvgBzPg769767Zvg2yzbed4gnPA6+94YvCgA2H/T3jibKYejhjsrd+yzRdsjW3w5jve94pV8K2fwtoNXlv77e2Vf/d9z+b2LHTOwFGfhScXenV69fDsrVlbarPN3pVXqmyMatt7B7XSmpHGTGm6Lc5X037ZTGy2grb2oO2xRQMHBMsCYTccmRvUDVI9t2V2PaE2OlbCa0EQBEHoQJhv4AmCIAiCIAiCIAi7HlvUVNTvtz35d13SfilfEAwifMuifMPKU4S5QjFNmVBVLeH61doJ96HwCRcIK2aGca1VcVGUYBx8wlG4Tvm6o/eHu4+DhV+GO4+Hiw6FWSfCF3p7Pr2xATY0e+WbXW/ZVw6GUwbCwP1gwH7Qtc5bvz4Ln+gC5xxm6Yfpmy8qN+c9m2ccBmc0wGf7GL4G/ocJ98MUjoPN4q9rceEPC71I2PNHweEHQV7DF4+A31wDzTnYvB3u+KMnGg8bAiMbYFsWDh8AU77m+bhpa3SbGm/9hs3eJ9sS0XeDpcvh8YWeKDt/Blz6VfjljXD2KV4k8INPwEe+uFvsGDzwOLzzrpe6+f+d4onIvXrAjZfB0YfCW6vhmUWw/B0vGviOb8N/nQUXnQUv/BZuuhy67+Vt9+1Z7/uCsfAfx5amq64FbZ6HRberthN5fkS94BBapC3T4flq/NGWj9V4GOOYDK5Vpef97i0Ah9M628YmDq7ZQbrn8Bi/+Xy+8Nnd+9lRkAhgQRAEQegABDdkeXPsjtA6ABeNQwal86Bz4KRxVbiMxnEUGhdXe7YcUoX6we1dCkVKK5SGfA50SkFKoZUirTWudtGeFeqUcTtSeLtb4wB5pUuHK1LKe2lZu56/KgXUFfvkapTrknLSuCnI6TwlvxwtN7CZdBpa6mhxXFydBfNBhC3VjWU+/CZk3BuTgiAIINcHQRDsyLVBEDoucu4np0w0NUSZ1maKrVm6iBCirRlybY2Vib7lnmiLfVubJSKZMQ7w2iw89wEc/0m4cDDgR5+2uF4k8N1LfQEY+NsaeHcL9O0Gs0+DK/8CD74Jf/8ADu0JDzXBthYvmrjgRygyt6R936fn/wlvfQQH7ge/Pg9ufBheedfua8GmKrdT1u/Q9EOL4Od/gv88Hm77mt+/HKxc44m8r7wFf10CV06H//4yXNME142HXN6LED58IDz3CuVjK2PMm9u4Qmh5Swtc/VOYmoJjGrzxePOuNybwHx+Hn9nG5MUTfC+4Hn70DTjjBBg32hOMP9wAnzsM6uq86OELb/DE3yMGw/QbvLofbfQiltNpz86zL8P407wxjv/vR954wW+ttmxzTaKTKO7KVXLo24TbSlGzEW9bhE+NqAjfQHitlD2g7NRJEMlbibD4+3ElSZpqM91zuE57DMcmVIcIwIIgCIKwBxI1plIlHOWg2ULOTaNVCkfl0DoPrkYpB0dr8nmFdlIoHK98yf2cRimNi0I7CoUi7ebRyk/VhCcyKxRpUiiVxqWl1E9Xo5XXhlaKlKtxSn7JK1xSOKRI+WmGXPKh1QpSkCOLk1OkdYoc20v7GboJdXDYoR2257bROa1wVZ60U4ejimXcCje9wfjKwVuOjuPIja4gCIIgCIIgdHDaUtDdk8Vhs29lmlMFQc0zYk8Ta62aQBBKTJTgW77IjkVcC88qpXC1Tu6TTXS1zK/cDJc8C8P3h8P3g092hmwe3lgPC96FZR8WbT3zL/j6X+DoA7x0zs+9Bx9sg68+CCcdCPt2gpUfwVsb4NAe8No6r+6K9XDNY17Qb4l4C7y6Br52Pwz3x8N99HWsQu6lv/Y2yII3jEjQ4OPC/Fe98X/Xb4FcaEzg9Vvh+3Ph6aXw2U9Dl3p4fz08vwwWhVI73/EgLF4ORx8Mn9gL1m2EF5bBwiXlfgM8+wp8YxroPKz6IOS3sdPXbYBbfwX3PQQvvlq6mxYvga99F0YeCZ/uA1u3wcvLvMjgXM7cqUWeegEu+JYnHPft5Qm+S1fAEws9YRngtRXQ9A344nAY+GnveP/H6/D0i35kMTD/Wfj69+Czg2DrdnjhVaIP2KQHXzhSPzCX+ESooh3DbKXI3iSXzrJrjq1OTF/CaerLrkPG/MflWh71PDFI6xxO9eyGgk3C/QsHRgi7BqV301jslStX0r9//13thiAIgiBY2Z3/T7333nvsu+++1nVLlrxSMh+OAFZKodwUeZrZnmtmY/7v1O21HielyOfzpNMplFNHXinqHJfuribjuuTJlRhMOVDnKupdRR2QQUPeRedccF3yKQdyCtXsoHIO0FL6O88BcuDu0OhmcHRpFIxW2vO7xYEWhc57orLXvEKh0SqPqxzSW7rifqDJhKKUFeaNrGIbOeqVYrubwhn5OeoHDcTplCmWsAm+IbTWuPk8uVyOXC5XYn+vbntTV1dHm7M5w5V3pHhtSI7fjWmmU9u30O68/9fO9F+gefzaHTTuamfaC7eOO39ex8+653l8QpYDKpX/MEPTnSkY2cLsz7dUKi18jNFak8vl2vT6sPnxGznxuteYMP1u/uuwTOUKAS/fyqET3uJ7j07jyxUP0vbmH0xtOJ9f/efdvPrfh1UuvivY8DjfPuN6ljXdwf/912F4W9rze+V3H+WO0z+xix0UPs60x7VhV2G7Jq174HKOu+Eg/m/xFTT45WzL9hS8vlFyfa35Wi10KOIelq9fv57evXvXbNsaUeovC3+HI7lsEV7BfPDdvXv3mn0yWbndj1kKKzxR/aH2KN8oe1WVDwk/ZTYsInXZ8goCsOsG2xvcPOTzLrm8JtfiMvKFmGtIOG+tSzEy1VyuvQixeuVFk+7IRdep81/szuWL6xw8gbclb5S3TVt8qPP735KzlLP5HNWfqLb9+ZTj+ZrLecKtrayfuIxcztvWhXbA7ldcfwl9x6GgLu1t+7z/Xvs+3T1h9rpJMOoYL/XzxOu8SN/geFHKi/jNB/VsB65vu7B9LdSlvapW0TnJieUf0w/9LktdRpFOO6QcRSqtcBQoJ0hhX161teP6tgU1vewRmrUKvhVo6LqjqvI2QTW8PJ1Ol60z69ciAdrqBGP+mmmfK9mvVQAO202lUjiOQz6fLxGca2ljy5YtJX0Jp7M2+2gOw2B+1+qDjU2bNgGwePHiVtkBaGjw7qolAlgQBEEQOhBlN2Ulv1I1eZrZsnU9a9d/xEd1C+na+S0ynepo1grHSZOu74RSLvuoZhw3h9Y5UuEU0toTY1NpyGuHZlJ0yjWzd1bj5FyaHU2dC9p1ad6Yo1PLXii9A1TIr1QKvaEFNuRQLS44Ke8hg6u9qNy8A1lgO+is/3ppuuhDMCqS1gqaU+Q/Uqi3M6iWFMpNgZPCxUHnXNyUZmu+hb3cNKs7Z9j/gnNIDxxAl549SaWquU3yfpRv27adjRvMwXqqweH91+v41bMpHlkLC/0fYQd31Rx3sMtlX2jmwK6+7Wao7meDjTrm3FnHhA9Llx7YWfOfR+e56Jhm9u4wgcxVbPtqyCmybeuo0JF4/wG+dtKNPF2yMEOPg0dwynlf57KTDyT82C+b3bxz/dvVvHwrh06IyJE34nqevP10elRrc/PrPDRrFvc/9lf+9vaWwuJuJ0/hwR+c4NnLNrOpRpcFoc3Z/DZPPzyHuXP/wtOvf0gWyBxwMF8YPZ6LJoxm8D5mhQ/53cUnMf/E8MsK3rJvP1NaMrBz2UWj6d+letd22TWpcG04gSlPTuE/yraBwdK7Gd30C1bz1Z0iQne4a7UQi0RFVaCC8JugWGmdiMjfqkXfCNuJKqpSG0onab8GiTssNjsR1f3I1pz2Rd2wmm6JfG3R5etc7X3KxuO1RSIHfoQE05awyGqWg3IRNcK3knnLurzrjQEc6Rve+nw4vXS4T+HoT1vqaVv74X5E7T5djNwNOPggmD0V+hwAzS2wbAVs2FIsD97x1twcYTOEads8lEqE4VrepPC3iw6mtbFKF6erNRu4VEt90w5En//WBm1YxN4k531bidW7E0EUcCCW5vP5knUQL5QKOw8RgAVBEAShA2G+JZfP56mrq0MpRba5mS1bNrNx4zq2tTST2ytPHoVLHTm89NApB9JaU5+HtNKgQIUGwUnhp1RWeZrRaDfHPkqxvjN0zabo3Ky9121Vis5d02Q3NlOPKkm3rFtANzuovDeYjtYKSJHSDm6zi27WqBaF46ZQqRTglgrIRUvoTJ5UT4UiB6+nIdUJt24bbjZPi+OwWUF2R57tXxxOr0u/SvqTfVH1nVGht/2S4P2Q8G58vd8/xV9Oicfxy9Zx5/+m+e918Jl9NKcP1lwxQLN+hcPf31bcuSjFmr3S/PoL/i+0Hs3c8T9B5cB+ioWP1vHDnMvvT0nwazCo2k3z6y+67A1sfN/h+eWK6QvSTH/d4YnzsxzYTiKw/3PA20ZtYrGG/kP1274aMi1cfkULlwPJcl+FXmaQH0p7PBWvD/6qweNv4psjegDNrH79BRb+5ff86prH+evbM/nt1w8riMA9/2Mqz/9HTY4Uvnf9YedfD5JcO/31//6N6TQNNNZ17U33aq8t7/2BSWNv5On6wzjl1Il878rP0On9F1jxz/dYuK65eK3qdTLTnjrZ7jcydqvQepLeO2SX/pLzL/gFi7ftRcOpX+KypqMZwEpeXvICc397HV/57SzO+/HP+eaIcFR68al1sQ3/e8h4plw2gh5A8/uv8fyLjzP3V9dx2oK3uPe+r9NQZbCq7Zpk+9/f5vcDSgEZMl0eZ/b89zhlXJ+Ywlv486xfsrqtfQhcCfkUbO6ar9WCIADViSllZVWV9Q3BqKxuLcqOJYqwmkqGxlaZ4KepbVxdm6gJFcXUwrx5wYyyEV5nazMQSl1LuSqF3qrX2baNTQS39bua9m1ECK7r1sPDT0OvHvDqm3DbvcXo4Lh6ZbarJWyzXf4ZVu9GVGr3RHVNNyqIu1Z7rVRvo6rXGpW7M4iK/DUjYYPljuNYx/8N1gu7FhGABUEQBKEDk0qlyOfzNDc3s23bNlpaWkgF4qcGV9eRpx5X5bzUNkqT0pqMdkkrl5xyQRfTK2ulaSbPVhT1GvZ2XXAUzY7CdTQtaUWmGerdPKqT46Ve2lr6K1zvyEPWRbmeHxoXWkBngR1pnJz3irRWqiD8Rt5SatBpjT6gBTenyL7XAtk026lje98+qBFHsd8px5Pp9ylS9Z1wlYPjQjvpndFk6/nR7Sm+26L5xTktnHdg6NfdIQCK77xdz28+qmRI8fbbikd7Vtl+RjPskGYvPfEhcPoJioueznD8AodfLXG44bNJclftDtTQ/zbb9oLQfvQY+Dkah3sCTuPwEYw972uM/fFXOP/OGfx53M84peow1z2LvoceTeMRrbWyhT//7EaePmA8986+goZCtOPRrTUsCO3De3/g8gt+wbKDv869P7+Ahm7BihF84YzxXHb1u8y9uolvf/0iMrPu5bIkqYb3PZDG4Uf7kfNHe3ZOu5XTLvwl0x87i+mnfpzSm2fpf+DBLJ75CMvGXsDgVESxfz7EzId78IURe/H0MxFlBEHY6ewyWUQX07qGfVHWmYqmCoT1ulqCLEttehJwIhu2iNxAaDXXVyNm2kRjc9uE503RN0qQrhRBXMk30665ztwRYX/Mdbb2K4nlUb7FRP+W+ODz1mqY/GMvPfNHGw3xF5IfQLUeaOZBGnfQ2raJxYVaZcDWaqTVnm/hlz7aMkV1a877XY1N+AXK0jMDZWMCB5HCwq6jwyT1EwRBEISOROTbecbHdV2am5tpbm72xu7Qef/HhcZV4PolFQo/4JcMLvW4aO2NGexqF+VqXA07lGKjgpx22UcrOjsOGkUacFOKLZ0U6/dKsaVTipY01O+Vwq3L4aaUl26JPLQoyINGgVa4OxxatmhyOwBXhdIxObikyJMmp1PkXE1Lrpnm5izbsjm251w2ZVv4cNM2Pti0iTU9HNY39Gb95w8n9a3J9Pzxdzjg0gupG3AwqfouKOWQVgrVirujwnhYEW8/2nH4+6MpvpvVzDw/WypAFi2z94FZLhpaQwRqTWgOHOFyHvDIP6OemO4J7I7bXhCSkKHxiycAz7B01a72ZU9hJS8/DBx7Qkj8FYTdlS386ac38vQ+47njF2HxN0SqD2N/+P9x2UFvcefUB/wI1+rJfO4E/h14evm7rfB319D4pTNoeO8XTH9sS2SZZQ//H4sP+yrH9n99J3omCNUR9dtudyP575/yOlHRYzX7QrSWV4sxrUNikKa0gYT+2KaT1tOmMuqv6GTNhGUQ3gDmAwHHsswUYc2yNjvVfJyI6WrWxX0IfYennZCdKFvt4Vt4XUJcFzZshrUfWcTfpFQSnZNSQeAFyNRbjIbPkQptamo6rcrqmXW1rmAvdG6HLz1lthLuv7g+lPuWvKe2MdmD8dfDtqKuodVeV6PGwg3aNMeDD48Fr5QilUqRTqcLdW3XeZuvSdYH/lXaVjYfd9eI6/ZGBGBBEARB6ABEPSwI37xB8B6xl39JKz/Kk0AteAAAIABJREFU1n8NWqFIachoTZ3SaBwcncZRDs3AFu2yVXvj9HZzobMGp/DDR+GgSOGZ316fYlMXh01dFS371oF2cUijnTr09hacnIPeoWhe78I6h7qt9Tj5Olq0ZpvWbM257NixhZZtH9K8dS0btnzIPzdu4vUted5wu/BuzwG8P+SLbD35ctITf0qXG+bS84Zf0/vbv6D39Tex90nH0enTn8JJpUk5Dk6qeGPrVJn+uZwqf7ZsTnPnK3DSUXnO6lnNDWk9P/p+Z85+2kvo8v7Tnejy/TomrAOWpejy/c50+X5nflTr80wHOgFr8qFtkUvz5MOdOPsnnQv2j7+zE3cuiUgqs7WOB37Xif+Y6pf/QWe+dE89b8e1uzbDhB905qA7Mvw9PHhu1rN1/I88W0N+0okf/a2uMA5yTf2vcdt7bXViYdmaNPfd2Zkuv/v/2Tv3OCmqM+9/T1VfZoaZ4SqoIBFRuRkuGkQTRERCNC5Rg4aIYQMbdyXJLq5uvORNYlyiGwl5l+guRt5cJDHR6IbVvCZiDBIvZBV94wV3RRJFkgCKDij3me6uOu8f3VV9+vSp7uqeYQDnfP2M3V117qeqqKrfeZ4nVWUbgMP2l9NcvayRYYWxmf+fKTZHPeD7CdatauDiwlgOW9LA1atS7DpSjLMtXU8WYARD1NiWL3yHMeMWsnK7ltbby4ZV3+GqT83g1HGnMWbchzl73lf51Z/Li217+gdcddHZjBl3GqfOmM/ND75RHsd6z0Z+tfRaLpnxYcaMO40xZ1/CVcufo63k+N3Byi+cxpil6+l47UFunpsvc8kLajGrWHL1JZwx7jTGjDuby796Py/uOVRRs/szZCzw/Ku8XvVF23qWjDuNBQ/uiNjfwbpbP8yYMxezztCdjqcXc+q4T7D8FWXba6Vj8Ymrv8OvXtMyB/O7bQfrli/k7DNPY8wXHqRN3be9g9cfXMzlMz6cn+eFd/PinnybittP44y5i1mplw8x51bp//bnWB60+8wZXH7LKrbU+6LSEp8/P8w9j8L4+ZcyqdKCBXcEc66cBusf5Kk3go39mXXH77nzopjWvF7+OBl1dKnKXNMxq1+TKvHn+7l83Gl87Aemf8AL59b5P2BDnOPspI8zZwasvudhswD+3iruvGMr0+d8PNpCeP8b/GrptXzi7NPy585F17JkleG66O1g3YqvhufYqTMWsuSJreF9SgkR49L29N1ctyAY0w9z9ryI89TyvkYXew9nwVenWlvjvIivp79VRSDDtkpl5NtqsP6LEMJM9ddioFmxvYGAJTWLXyFAwEm9YtYUR+jEsE3dR4W8JmG1s/vQ9un9MImwpr84Am1n2l1tXPR2m4hSDOOeDjFE2prQVyxUOagHDiwkKPRRAtIgyHfmXNGboxQbSaXLiUkcLlvkYai0pN2i9n5I8tayqqhaSeysh6i81UTQSv/+qKKqqUy9H3H/LTP1P86/Jaa263lNZfZEIdi6gAb+4bobD3UTLBaLxdIJ/u1biw51E44Yom7WQiG4Sn5XSpJIHOEhhMDzXTqQHHAgK/NWwq2+zwBccHIkhcCTxRswQT5isHQg44j8HXYfFy9zgNQuj8y7Pol9Luz1ye7zkB2CbCKHn0jiizS+aMJLpjiQ7IXfOpDUgMGk+gykod8xHDtoKKkBxyCbWvHdNBKJlDmQkPRdcMAT+T4nAjNfX+KKfMu67GFJo9qLm/Y3HFYA3x2Tq/mFR77p+fL7jPRZ1V/w+GqHxa0+q07Pz+bRgyvF9FTi7+kx714TPAhcfKyfb1dHksV3uNx0AOZN8Fk1VEJGsG6dw9UPJnnmXcEKNUbu2ynmfd/hPkdy00c8ru9HPv1zgt2FuophRwt1v5fkprsdHm+U3Pe5DOPThQQdSRYvc7kJydJpHjf1gl2bHG74TYJH2uDxC3J19b/esS9rd8R4Vtq2+akUU58QjBrsc9s5kt4IXn3W5eM/hd7A8epx4ye474cJ5r0juf4sj3/sB+1vOdy2zmX8O2le+myG3rFbbzmcqB4DOCIerreVlT+9H8b+I1NOUI7DwvVMqLF8va2svOYSvvZ4kknzruG2awaTpoMtT9/P1l2FdAIgw6Z7ruL2jeO4/ob/zeW08cydi1j+9csRRz3OVycH7mN3sPKGOdz8zvlcdc3tXNcH2p5fxlfvWMDfeCv4+ReDmMSFsrfdzy3LxzLnu0/yNUU/6nhhKZd/9m7ePnMu191+A0PSHWx5+m4WzG1jIMV+VB5AZZw6fQ0fwqx/msu9n13MpZdt4+Zv/S0XDGuuWHHp/KnbGjjjwisYcu8yVv+/qzljsup6t4Nnf3s/HWOv56/G5Oeu44WlXPrZu2Ha1dy4fCQDaOPFFd/kullr2fofK7lyhFpFhnW3f4VXz/8XnnxGEfDCOfwq/7lnIgsW3Q5/XsVtS7/D5Te0cteMNSx8cAQ3Lrqdqzo28culi7lx7h76PHIL08NFBPHnFiDz2t18/o5XmXDNDdw+u5B2+Vf5ROIonrlhIjWGi7UoVLs27Nm4nheZyDfOGlL12G8dP5lJLOLJ/9nJnBOiRN/gHCqPgbvllz/hXsZy7eQTwrpqO2ZLr0nqCzr930chBOIDF3D5jMVc+/Pf8eoVIxlV0vH/YuW9HYz/yvmMTlS6dgafLXz08rkM+exPeHjDbK4cXZpsy6P3s7ppNned24J4tdiWsOT96/nWnHmsYBrXfXk5o/pA2/rvs+iGS3jqzXt56HOFjgbX2WeP54IFN3LViAHw3qv8fNkcvpDpDQwrvS6brtUvLOXsBQ8wad41LJk3mHR4nm6j8Re3c8Gg6O5aLIcT+kv4ai/a9WtdnHtyVfypyVowStCNXYD22Ul0fanSfoRASFnW5o/09nh5bw32XUF+afiuujn2td8HIw6vXn+c34Jyl85BWaY+qfVUa5uI+B61L5ggdZyi6tfbHZdaVMXuRDv5Ro2UOCVxYbX0siAI14lJ8K1HODYWGFWQoQ9lZdY57mrcXNWK1+Qu2RQruJb4wVEWwbVce6uJprrwG5Sv/nsQbNPL0tui56nWNr0PanlRY9rTsAKwxWKxWCw9iEqrCoXIC7j5FcYgyQEe4OdXNgpJUmRJSQ9wyErJAeFzAPBwcIWgSfq0eB4pBF54My2QPvly8PHcvKtlJ+shc7BXenSkM7i5Rhp29UfIRvy+rXBcf2hoJdk8ELf1KBKt/Ui09CXV0o9ES29INyBFfmmti8DHxyN/c5corMH0hYsU5GP7IkkikIBfcKLlCqeg/XbdDWF+TOPfZO7anR/w42uN26vRMDDL1IEJtj/lQKtk6phsfQXlHDa/nmDxAw4vNfosPy0/3+t+6XLTAcmKKzLMHlg8bqZOcJi6MsXUJ1wuHp/jwhbAT3Db3Q73pSWP/30HkxQVYGpUnM6OJIt/4LIYyeNfUPMU6vYljy9Uto8RjGtNMeopl0em5jivjv531djXTFuSG54QHD/K44FZWRoKm6eOcTjzoRRnvATHK8m3/85l3nbJir9Txn4MTD06zdQHHFZsgqtO6OY+WLqVd/74LOueHgB0sGXj7/jNTx9kXZ9Pced3ZzOkSt4NKxbytcePZd6P7uG6CcWTcdKZk7WUz3Hv5ht56I6LGFKwhJs0roU90xZyz0O/46rJ0wj0295n385vLpnMgMBi7szltGw/kwXLH+PFBWOZpFrSPdrBGU/OZpRqPNixntu+fDdbpt7IQ0uV+s6czNmjvsJHr3+DWljx2VNZoW2b96Pnua7GuMDpCVdzz08GsPDvl3LthfezeOoV3Hz1bKZECsEVGD2ZWccu4zZt7NjzOx66D6Ysmp6fu8JYdMxdzkPXFkXTSaePZcA/zORrP1zDnMVKfp7jpRPu5dGpJiHvOe49cDvPfH1yvpwzJzI63caUGxcxf+tc7rn3iwX31hOZNHAv6z69jF8/+2Wmzyj2r5a5XbfyDb7xn8uZdayS9r2pLLjnQZ764kSmm9wSW7qEjv17gJEMiSMK9h/AcIhnmb3zDdY9/RwDgI7tr/Lkmh+z8tkBXHbHvzNnaFB5rcdsrTQzfdZs0o8+yJOvfI5Rimi7Z+3D/IppLPnY4NilpSd8inlj72bJA2uZN3pycWFCx3ruuWs94xd+nUlpeLEsZwcv3vkVVnTM5a7/vLpoaX3mRMYNWMiMf/4xqz91C9NboO2hxYXr7ArlOjuRSTNOZ/knL+M2hlVvqDuSr678DXNOUvIPzvDKrKX8fO1WLpgVv88Wy+GAKgDEFYFrETWgizWvWgsrPOrVKwDFziYg8PIceucqrF0WQvCx/h4/3JYgE0ddU0XSKLGzlli3lfbVEj9YF2+D9E7E9oPRNt3a1hQ7OKr9cdum95eI352hlnLqqVcXvwHXlZw63if/akUR8sIDtcY6NKotlKiUSWIQo6MK1zYJSs/vqOmrsUlA3hNfIAK7rlsSNzfYF3cRDcQXSGvNb3p/aBJ4dRfUgbitW//qYne1+uP0q5rFr74vGPeehBWALRaLxWLpQZQtetZWaDu+g49HFped8mSypEnxLo6XBTeJK3M4UtKOQ7vj593fSRchIS0kLY6kmbyo6uLiSYn0MyQSKXyZIJeV+Jk97MkI2jNp2vcLejeNJtV3Ir2GjCP9oT44iUZEqgEn1QjJFIlkEtepHofWxUFPFf4W4f/ywm9w+34wFgLG9Uek0Vh2V5Zk8c0uN6mbBvhsXpChy41A2hyOv7mhZNPxA3yemZtlnANkXB7YAOPG+SXibx6fSWf7XLjB4YH1Lhd+xIM/uiw9ALd+OlMi/kbSkWDFj/MWvo8v0PIU6p56uqeVJTl+lOTCpxxe2gLnjaBuunvsN/+P4BdIfjajKP7m8Rk3yefCl9QHkgSrnhdwoseF2tg3jPI57wGXp7cmuOoEG6P4/cyGu7/C/LuDX/0Zf81ynpk7lnS1S6O3noe+9wZDvnhvifgbxWWfKYqxADRNZMpMuGfrbjqgIOj0Z/psXTxOM/rUyfDgG2xpg0nqiXL6ZMb10ZK/9Bgrtg3mqn/V6gMGzLiIy65fVSboVmL6tcu5/EStnBh6i4mWsXO567cXs+HR7/Gtby5jwYXfZ9TcJSy/RhFFYzGCC+aP5bZbHubJL0/jgsIYhAJWQcDteG4VK7aN4KuXaBaz7mAmnTsR/vklXl88jfHKrukToi94l310ckk5A8Z9hFGshdkXlcY2HjGW6cDqv2wFgvJqnNtZc4vibyHthInT4L42du2BTiiAlkPFK3dz7ZXhxYYBE67mrjVzS46deo7ZWkmffj6XNd3Hyqc2cuXo4PjcwaMPrSE9Z7litR6Hwcy8fBo3X/99Vs6dHArZe9b8mBXbprHk4xEXi47n+OWKrYy64aIyN9tDzpzGJBbx/Gu3MH3CVp745VqYcQuf16+z7ggu+OuJ3PbPMZo59nzm6NtOGsckYMWfdgBWALb0bKpKIBHWvTJqf4zCTUXGKo/yR8LO6XtF89G8nhaowpLWJJzb12PVTpdYD6C6mKp/r2VfJStZ3RrXIb+2XBUETW0xlRXXgjfuPrXMuNbFprZ1lVV0pYNFFcfrOYgqHYDVyjPl1cVwJCNHSE460Q/zCCEom8Aqh2ZnrPoDnS/Kwj/uOWsqu+R3bdkrpvd9Pww9pgqSXemauLOWr5XcSFezUlaFYjWNLh6brIGDtF2B3gbHcbog5NuRhxWALRaLxWLpweguoD0kji/J4fKOGMWfxRlsFzvoL9ZzlPwjws/QISGHJCcFQjg4UuAK6C19+voSv7DiL+9Cz8HPNbE3s4t2L0dOpmnf1Qc3OZJBx57LwEHjcVLHAElA4uVyuK4PQpDDwUcUbHXfxxS0vs1tMGmgusPnwothEgAF18YHqw0tkp9N90M3wn2P8hg3UHkq3S3YDEwdGmE+NEAyAfhuW/7JfvvbsB3JuKHxHmC+++ME970n+dlnM0zS41gV6n782QSNz0bcur6dgBF1CKCHaOy3twlo8RlnEkfKFqMKtu8B9rj0vTlCfXr7fX6OWJiy6Df5eJ3eXl5c8ffM/9e/5+ahD/ONaVUsU9s2sWk/TBlzfOV0AExkeJk5cZrWRmDtG2wBBgSbvb28/uxqnnr+Df5n/bNs2tnGpo07AF08BEYMLrNSbtv2BjCZUcMNzXBrdxw85JSJTKrR2rcibjOjzr+au2b8LRt+fhPzblnIR9u+zZM1WjUOmXoRU25ZxK+f3ssF5zdjErD2tG0FNnLzhadys7GUNK9vh/Gh8Gqap4DJDP+AtqkpzVEATa1aH/PjvGWXFl+0hrmdclK564GWowYAq3h9O3Bs2W5LV+ECvMqW7TCp2jjvaON1YEBTjHNr8o08ecdFDAD2vPADrvz8Uq68dTCrFxWP/dqP2TpwxzJz/mBW3PUwL14xgvEu8OfVrFyb5rIf1e5evGXaXzPv2HmsWLWROVeOALby0E+riMnvtbEF2HDrLEbfak6S/tMOmLCD15+FUTeMNF4fGmq4pnVs28jqp1bz2mtv8OTLW8ls28jrsXNbLIce/eW9yW1p8Gl60R9Yh0EVscW04FaU7w5/BHqUXmitghClglOsPDKGFWJEPiDviQsl/m+hL6IgtDlC8vEBHv+93+Uv7WXqXDSC+oVe3aIVygVffW6kIV+9FsRx9qmiqW5hbBJ3u6NtpjFRqWWRQldaDUeVFVW+sr2pl2D6tByDBgbvgIIyKx0QpaKsen7E7VJwfkSKv3phEadFZ4dQ72XVREFzCg33PK/E4jeRSJS8o9PdKqt568HkajlspkGIrVSfyXVzlGgc9BEosb5V+2nqa7U2xLH+1UX2oD09CSsAWywWi8XSgwlutMI/PITvImQGX/h4IscO9xjeSRzFO854su5/M9R/hQZvL/gCIXwECVJIeiFI+T7tuBw44JNpz+HlwEkcg3RG09hrFI0tx9M6cjzJVF8kCfJPRbnCn4OTLDhqlpIkHlIEsVmPHBct4TNmzNWbg46RjMPh8c0usweqAqvHyDEeIwEouDY+WKQlZ4zJdrllcbllrZkJx0oe3y54/E8uFw40C7nzTvOYPdS4i75H1XcDf0jHPllb8kkn+9w0JuKY6tOzHmB6NG4z4z/37yz5w0dZ+L++ydkl8VujSaXiCBBpytwomNi2ioWf/gqrGcb0j01j+LS/5pKhA9jz/PdZuNzU5qi6U6QP96dRt5lRs7/NysRCZvzzUu75m2nF2KZxGDSdmTMWce1jT7Hn/PNp+fNqVq4dzIKf6QLWNK67YzajjOOfZnCf0t+x5qkeap1byyFjwMnjGMIynnhpL7OOrbwQZM9La1nHZL4xrjZX5i0TPsfyRZuY8qWvsGjyb1gyQ81fyzFbH6PO/wzjl32HXz77Bcafmeb1tQ/y4rFX8LWxdRSWHsuc+WNZsfRB1s27nvHP/4Ql64ex4GvVxeTp19zO5SPMqdIfKI5JazpVR8MCOnhx2TzmL99My4Rp/NXp45izYDZDem/il59dzMpOlGyxHAqihAqT+BAlOtRcZ1BunWnj1lxJe4nSoFSRSuiVGsorE7ADC0qZ31CM2Z4XYE5qkswakGX5tiQHan0sMAmd+gCZBspg5FlWjul3Z6x0ifgdZc0blKmKz3pb67EurpQvSvcM2iApFZrrte6NSq+XpYvdsQ/0eGlnnJvlI2fmQnFNCFE4XMutfiObbDo/KpzQkZeJSm3uOsPasuLqMsw2xKhVLYLVNMb6a3ALXUn01cuqVG7UNTuuMK27jza1s5LVcZBG/YsTXkAdU73NPYXD/ZHbYrFYLBZLF2KK4VHiEkU6eI7E8x0kAikFTi6J47fjOzneYjAdIsmQ5Eb6+NuRXgNp6dE755HLZtnaniErG2lMj6a5dTxNvYaTbBpCuvEYkqlGpMjiiF7azWGUEuaa7vePCGpYew0n+Czo4/D5pxLMG6e7OT5MaJUcDzz+ZxfGGd4qtAleAC4+Nr+voQFA8MxmmBQjNu0ZF2S5rz3F1F8nOLpJcv0YRYxthGOAV13J1DFd7Oa4k2P/1k6gn7LBF2zeCVSJKdzQAOwUbM7A8fr74g7YBaE1Nkga0rDOz4v0DVgszUy/5kamPPEVvvW9izjr2goCRlMrLcDqlzdy3emd8JOu8OLPFrG6SYuJCWzZ9v3YZaSbWoBnef3PMEn3vtqxm0yXtLTrGDLxI4xnLbv215qzmekXzYYvrOLR7eczfu2DvDj2M3xLiWmaH4tNpAZPLB+LbqYr5tbSTYw4j3ljl3Hzbd9j3dlXl7koDvE2cs+da2DGLcyoY5VXy4xruHnqGq791+9xyeR8Pd12zA69gMtnLOarT6zn2tNbWf3jjYyf/+0I0bk6Qz42m+m3fIWfrvkUbY/dR8eMW5hT6bJYuH5uSg1m0pmVOpqm97Gw7tU36GBw2fV41/53qHpjsH0Vdy7fyKSvP8SdaqxfD56onNNiOWKoJjwYMYhAgUgkJaXKi+nhS2qfXUycYtVum/SRMve0xjQyjGgkCnGAAwtgISDpwnn9PXISlm1NxvegZTJd1C2D9TbVI/pWSquLp6oIbbI01ssyCZy6OK2n6yrr4qg2qO0UFOMZ+9p2NX9nCfpeSVCupR71eDTlE5JP/FWWv77cI5UW+fi/TiD+oo2/iK66yvkRNifi/Ait8tU2V6CWhSI1YzouCpWpFsvBd91Nsh77N4ij21ViZWfEX3V/lNWtvq+S5bDJNbS+r5oYbNpvWnRkGsee5gL6yDGnsVgsFovF0ml0i99qeCKJkAlSci8JsQvfTfBWcigbvQ/zVsdI9uzfx/533mPPDkEm+xH6DlzEBz94Pyd/8FaOPXE+LcdOp7HvSSQamhDCRXhWvionx7yP+0w6IJj9gxQv7euCm9Gdgu2dL6VIyuO8k+Gllx3uK3M37LDuCYdfOJKPjcwLt73H+lzlwNLHUmyOtQrdZ9LFOX52DNz0QJLFG5Vb1F4eU4+Bx19yWdcRXUIJsftf39j3bgUQPP2X0lvp9pcdvhujv+NOlAxCcOfT2lpM3+WRpxweL9noMXUk8JrDL6yrZ0vAoPO5duFYttx9K3eur3BitHyEmbPTbPneMlZu64qKd7B1cwcMGcZgVXDy3uDJB56LXUrLuIlMYSMrfv4ceutfv//73NMVTa2Z9dzzg/XsMXi63/Lc73iRsQzpX3up6YnTmNO0lt88vYbVP97IlEuml7jEbjl9MtMjxqJ76Zq5tXQXg5l13ecYvu1uFtxwHxv2GJLs2cg91/8tt22fzDeuOb/OkMz9ueDqf2T8tru5+a71+Vjg3XbMNjPl3Gl03LOGdU8/zJ3bpnH5xzoRB7fP+Xz+i4NZfeeXuPPRNHNmVXHp3nI6U2fAhh8/yLqKiz9GMGlGGu67n1/q19k9a7n39o3V27Z9K+uAE44r7V/H02u4t3pui+WwwvScWasFVigGUBR4gr+8S2RKLT0V8UuqGfW2aZtldFJjPqn9jovaVbUv0iTAqiJegZKYqoHw6+T/HBdcBxKOYGZ/j1uOzzC6yadBxGxlIPjq4xn150R8r1ZOsM9Up/pd3U/h01RutW31tE2tXxWLo9I7WnpTukr71b8o4h5oJpNUU9kmobpSHdqx6DiSoUM9rvxclrmX5UgmwRECxxHFRQlOPkP+sI3onHJ4Sq3twXkenOv6frX9JpfsssKfofqqGM/9qALUPqmnrSjdrselze/Lu0P2PK/EKth13ZLYtfr1tBJR6eNcp03oFr/VrJRVC+dK/wYEfdX7aypT/TS1P8irxvpVw951NjbykYi1ALZYLBaLpQdhsgAOPvN/gAQhQUoX6adx3LdJ5N7Fybnk9mfx29vZl3N5S45lYMMkxpw4kt59xpNMNSDI4uMiRA4hHRy5DyEakH4S8MHNcPB8Vx4aqq1MjMUJGR75dIrL7nc4Y2ma846TTB0iGXc0bH5N8NJmwZ17oLqPZo/jj0rABofvPpVkarNgV68MF54cvylmfKZe6HHTv7vM+36axyf4zB4qISNYt87hpja46dIs5wVvUtNZbprl8Mx/OEy9Lc0NH/EZ2QvYJ3jkRbjs7zKM06twclw4H1b8IMG8/0jBpRmuH+EDHhfOdJn9fYepS9Pc9BGfSQWr2+1/dlj1lmTx/ExhaOrofx1j3zDK56bVLjf9KgVtHucdDbv+7LD0dfh0P7it2nCO8LhtUIJPP5Xg4rcdrhwtaSiM5YajJBdqT+TjZnjc9Adt7IFdbzk8/t/w6as6CvGKLT2J4bOu4cr75rH8az9hxn9+LtIV65SrlzPv2Xl87ZOX8cyCv+aSEQOANl5fs4o9M2/nyprcqfZn3EfGwi2LuW4JLJg8mHTHJn657EHaT5gI62MWM+h8Flx5N3OWX8klW69mweyRDKCNDQ/+mIcGnc4s1tfk8nTLfz/HunZ9a5rBp45lSHoHv1r4V3z1zSu46yefY3wFS/8tt81j0o/y7o/POPV0hnS8yjNPP8y9qzYyfN4KZkW4oa9IeiKz5g9m1l3L2LptGgumaipyn/O5btEqZt54JVNem8t1l01mSBro2MqG363hf8Z+nSUz61Cea6aL5tbSbaTHfpG77shw5ZcWM+uj32fKzIuYcurpDGcTzzz/O1Y+tJY2xnLVD5cwqzPxmIddxHVX3s+c5f/MiukruXJE9x2zLdNmM6dpIUuWDIA5N8ZyeV+JvFvpxbw47It86/Rqbj+aueCaG3nok4uYf96rzLtmLmcPSgMdbNn4O36zYSw3Lz6fAcD4y29kyv1f4WufnMfrN1zB2YPSdGxfy13L3mDUrIlwd5WqRpzOrKYfsOKWLzFwwWxG9YG29d9n8aYBnAWs7ly3LZZuIyp2YyXLs0puoiOpYuVosvKr1YauxDK3Tq0gFKeEIhpFVhRve6CpOSIvIEtHIB1w3Lyd8KmtHkPSPs/tdnh5v8umA4K2rMP+UDWPKFR1T4zHPS7dAAAgAElEQVT2u9q+KCtZkxVwkFcf16g2+Mo+vf5a263WF2WhrLtp1tvpaPsq1a/XE7dtXWHwaWp7rWUXykglJf36+Qw9zmfUSMn4sR5Dj5Mkk3nh13Xyn44IRGBt0UK1aoQm8lL+uwxZbKJhcyyixOMqVZorNqSrdM6r18ooy1rP80IxNPh9pBLE3DXFAQbKhGIhBJ7nxXLzrKL/e6PWq8ce7klYAdhisVgslh5MmUVwTuIhwQdPuqT9Nhrbd+C/twucBo5uPYqhvY5maPOxHNd8NH0aWkkmVRfObkHeTRZuivP7hJvfJ2js5h52HyXuburI33BihgeuSvDIky4rXhUs/UveinVQCkb1l3x3isfF43KKa2ATkkl/5bF0h8utT7gsTsB3L6+jMSbSWa7/e8m4R11ue9nh/N8DDpw32OeBv81x3qBS09eGERl+8Zkkdz7msHy1y6s+HN8oOW+0z/FRdTg5Zv+1YPMdLjetTMGsggg8MMOKBUnOeMhh+VMuN/lAAqYeJZl3lqdos/X1v+axT2W5/nPQsNLlzqddbgPOO9Hnzr/1eemuOLfXOS78nOTxXye49WWHizfmx2beWTnuPMFh3gbtCEpnuX6BZOQjLktfKo791H6SC6d45WK6pWeQHsuCa2ez4gvL+MZ907hnToSL0qaxXPeTexnzve/xw58uYv72DugzjElnXcRVdQiaQy7539z13je5+aeLWHA3tIw9n6u+9j2mbPpf/GpV7MYz/ov38NAJd3Dbnd/j2iv3kh40lumXX8PyuWl+uKKaWlLK6iVXGgSSyXzjN7czJLbb27F8/he3M+SeB1n5+E+4+b4fQFN/Rp0xnWuX/ztzzqxf0Bp11kUMWbaMLXNuMApYQy66nd8MupvFd/6YmxfenbeyHDaCSWfP5m86UW+tdM3cWrqTAZOvZuVvPs6vfvxjfv7offnjljQDRoxl0oLbWTBrMsPrM/1VSDN+/tXMuXsht33jPqb/aDbDu+uYTU9k1vwB3LOsjTk3jK0ar7cqBbfSA86Nil+scexF3PmLway4fRk/vHUhK/YDfYYx6tTJzPmb0xkQpBt0Pnf+cgArlgbpmhk+7WIW3LGESf9zLSuq1ZOeyLV33wg3L+O269fQ0dSfKZ/6Ovf8Syv3rLInn+XIQX3Jrrv1DD5N29X8AUaXr1XM9qRB8KrnNX8loadmIbmSgFypL6aNqjWhyLvddSR5AdgX4ObNigemJef195jc22NPFg54kCuMnRRqoyR+IKQVXEuHopgqGCudCMUqRMH1bn6fDJR3ESwmF4UqZCiEibATgZlkqYov/UCQC+pVR0JXCXVVXf1dzC/V1QKh2CqKTZCyIMgpbdNMRaWSXsji0Ag/2KxkkMVxCstUDwIpS4XHsDqBKMyHUA6YYjnKuCh9VMXDYCbC+SjJoZepKsTqyVb8LqUsCLvQ0AjNvSS9exfEXkfgugLHLViiF1xAO6r1b4XVE12xwKLYn2LrK6XRxV71d91yoCx+lJQftUClpH7zghl1W2CxCqWWwqoFrSpsqjF21Ti5tcTqrUV0NcUyjpvHhOoG23Xdkv4HeXWrZl3cDdpjKSLkYToimzZt4oQTYgSN6wL+4bobu6Uei8VisRwc/u1bi7q9zu78d6pWtm3bRr9+/Yz7nntuXcnvXC5HLpcjk8mQzWZxMrCHDLsy+1nv7Gd/370c37sXY1uHMrLfiQxqOYZe6V4k3UTe85Fwwpv8nop6I71v3z7a2toKD1757X37DdBEcovFYslfO3K5nL0+WCyWEuy1oZQNy2cy64GLWPmrKE8HFkvPY+fOnRx7bP2m/aZXwbo1mi4aBC401e3B7+Czd+/iUlVdGNDdhlZ7Hf3HA4lYqkxXvNSOVYZJkDYlM2lpXdgGKcEPxt+TeF5eNPRyfuFT4vsSz88LjZ6nzmFRIw2ERV0CLMWwJ0qwK2wvm9YSS1RTgioYNNnqGYIGRVMeJzkivdp2VbgO2xWzZVWOBxnrgKmcpmRq9PnQF1KEorZSniY0B91W4007bl4Qzn8K3IRTEIMpiHYFcc5BEeiUqus8Ybv6PK80kmViccS5r69HqNZItZiJrZnKiUvqKQqruhWrvt0kxEbFvzW5hTZ9Ny3YUUXX4N8APX09VPp3wiRqq/tqFbp3794d9kP9VF1Jq2Oli85RdXTWvfTu3bsBePHFFztVDsD48eMBawFssVgsPYoLZ0zhF48+eaibYTmEVHvQ9qSPBNwDHYzpl+b0kWcx8qiTcGQO13VJpRpwEyClg/RF19yJ19jGeuiOGB/FdgernA/LNXYWi8VisVgsRwYdz7Hyrq2Mv/o8K/5aLEcAJremqjAQEOt5TxddZPnmep+2dN2mpgxRm/U0MbW8mvogih95kSofAxhf5gMB+xISectU4YPvg3AKwm9hfXJx6EWVZgZ7HNRRV2xPkQWr1dDaV7fG1bep+wwTLAGEKFrZIgvHlNqmcivY6B6UqZ6G/gVHkh5vtKigysCsGQchZdEiOBS11fL1T6Uu1fI4stVRfdLnQ2gjqMxHmQheSc1U2h8hZgVunREUYqtS+HMK1sCBICiK6fXW13Kgd+bkjqCW0zOWF3pTgaZhjtGWOOgCq+lP3a97+jMJltXisB8Km1F94VCwTbfyNVk3V4st35OxArDFYrFYLD0Y/WYpK3ycnE9juhejBw7jxNYhNCRd2tuzJBIOrusgyN/UH6xQvoHbF8/zePvtt/F9H9d1yWQyuK5LMplESlkQpFOhhUw2myWVSvHee++xd+9eHMehV69e9O/fn1QqdXAaq5Ff/SgRonxNscVisVgsFoslPnvW3Mc9+6ex5GODD3VTLBZLDegicOcKK37E1FeiijDqSvUIsJ3qVVBGJ4dGCIF0JMKn4JErL+AVrTUlwpF5F9FSIP2CxCpLJcp8Y/JiqRDBvOkjZfJtK7RS8t/Lyo56Kpa6SqgKkkqZwU9RyFMcgPKJKKlYaMdM6W9Z1iedYKKCdhZ/Fw2A9f4r6YO2qnkDNOvcYinKGACKEq6VUXk+ZMn2iH7p7UEUAkvLkoUGiLxD6sCiNy/EEbqBLv4uisQlfa7VZkBpdmevHjXnr7LopGqBXSz6BpgW1kSJusE+kyBaKRZ71P6o9N1hYBG37ij304eyrYcbVgC2WCwWi8VyWBHE+vA8j7feeos333yTvXv3smvXLoQQNDU1cdRRR5FOp2lvb+cDH/gA/fv356233iKTybBx40aSySTJZBLf97ngggsOdZcsFovFYrFYLLFYz69+sJuW5jXctnQNU77+EBcYYmdbLJbDky61wtKsZLtTEArFOWEQgMp1z/h119AIk/1miAAHge+ACBXS/IcQeUHO9/MipfRBOorVqFSlWrU2p7SCMFWpZWsonqpiZ5kWqlrJUrCkDcoKaowaDCdMobenxGK48NMk8sqS/JXEUC1HhAhYrETP45Sq+SUCpqKkGgvWK9H3O6V6eFl/9DERhv26uEwo8grFirjYYqe0xKALoVtnEI5AEMT9Baew8CA49vTq4h7zMvxf54kspuJJVQOmqdOqiXlpiFedImIGLveDOLlhnQVXzIG1sG4ZHDdGb1y6ujwVU/x4fXvQVzXmcWAlbPI80ZOxArDFYrFYLJbDDiklqVSKCRMmcPLJJ9Pe3l5yA7t//34SiQT9+vULbwYbGhro6OhgxIgR5HI5fN9n165dJBL2dsdisVgsFovlSOG17y1kOf2ZsuBebptlrX8tliMNU+zGWqlVDDJJhbEyGYwzS36bCqqgK0bph3GpVF1QsFAqLthn4jgFUU+CFHm3zI4r8iKwQyjAqgWGIqnEoNwpVqVhUFRFYC1RX4OSS91FF61JVSESRV13imUHEy6UfLIgBIeWsKEaGSFi66OmCsmidJcIxGwHUfg0ynYlY6NuzMulQgpk4P1LbWY4DIGCq1jESlEyIlKRxZWzRvtU5kP5rsj6JWllmYiuzofm7rpsPvLpg6lTY/mqLqFDMVgIZZqFOX5ueWuMsnc1Yp1fEXq6OiXBEFY8v+M0pELyrhJ/oVwQjZPelCcQS6PiwOuupA8lceqPcm19qFxYH67YN6IWi8VisfQg9JVwnufheV64ck6PtdHVqCv4PM/DcZySFXuB62cpZSGmjENzczNNTU1hm4QQ9O7dO3QDHbQ5cPkcpJNS0qdPH4QQZLPZcDWgEALf93EcJ7Q0dhynpCzXdTvRf4n0ZYUVzRaLxWKxWCwWM2O56pnnuepQN8NisdRF8Hyn0lkxOIrOCi+agWqeuOqxZmypG3h2hfBbuXpFeCxscQrCr1TED1GwPpWIEhFMLcncoFLBUk0ZWpQKLa2aShS2GwS40jo10Vj5LApSmoBcre0EurLJHDXYX5g4oe6PTm9Q4Qubo1REQztFMW3+2NMtcGOUYWqfOlfqF6Gl1eajWJQyvlKUZSuOoyy6giZYE6DE/BWaVq6cS+EaAq36qN8mZMT3MupdfVEH9VRRSx792qkKu4HFq2nbkYzJ6jeq76aY8wfTMvlIxQrAFovFYrH0IA6HVXBBjF/1pi2Xy5UItK7r4nleKNwGgm4g1ppeLCQSiTLxWr8BzOVyYQxh/YYy+N058ddisVgsFovFYrFYejZRFmu1vpxXXTGH26pmChpRfVdJ80waW4zHZ9U4tR7qf0IXofFsme5W0Bpdt9BHVYCVBc1QFtOWNcQkhAvwfZl3MY2gLFRwDZS2OUoIjZjAQHQPdE9JqRdq1Wq3osloafmdmYfI9QNlRsrmPknVDjiYUxkxN0pR0pdFK13DfHTq7U+JCAzgKGJvYOkbfMqKp4ApZHNcyoawnsyaGF1WsD5ummBtKrZsm7LRlLcr3sTpFq/6ddYUBzd412Wy7j1Yi3O6CpP4q+8PUA1aotL3VKwAbLFYLBaLpdvI5XJcfPHFuK6L4ziMGzeOhQsX8o1vfIMrrriCE088ka1bt7JmzRrGjRvHY489xpo1a/B9n8suu4zGxkZSqRTHHXccjz32GNlslrlz57Jp0yb+67/+i0984hM8+OCDvPTSSwghGDhwIPPmzeORRx7hiSeeIJPJcNJJJ3H77bfzT//0T7zwwgu0tLRw7rnnsmDBAvr37x9aB9sbRovFYrFYLBaLxWKJh/4CXrVEM7khjUOUjlc5U0T7lIJC0TbKrLCai1fDxmqiUWRZ1RIHY6AIVopRZokIHIo9ocVvELO3oAhLpe914LqiZBxjWUyr4lt91ZZQseqoA0XLVE3rjtWOwqB3QgdX5qPeCSk9QWKJ8moaw3ioyVRr59DKN9wglXE2iOB1DEpUlshzsMI8h2NRRztqWnBiyFNr3njll8f0VY0roGgAYUofVWY9HEwrW5MFsy5UB32vZCFtKWIFYIvFYrFYLCFSenhetuAq2q/7OSS6fMljjz3Gpk2b8DyPs846i0svvZS1a9fyqU99Ctd1ee+999i8eTNPP/00xxxzDLfccgtjxowhlUpx11130dbWRr9+/WhsbGTt2rW88847TJw4keeff55zzjmHTCbDFVdcwZQpUxBC8Nprr/Gzn/2M3/72t/Tp0wcpJc8//zwbNmzggQceoH///mSzWZqamuqykK41HovFYrFYLBaLxWKxvN8IPDsFIXVU96R6uKGqZWHWKDtjRXiw80Q9O3fpU2JhYPRhDKwx87vzypcUgF+w1g0ShXpe4BY6MLEuNlQxsi35DOsCo9fnilKoUFPknR/XOy5hdWrT9bEP1Mqgf0pIXCnKHU8XvTPHk3Ml4BSCyZYfq3oZxVHMC2dq5QJRiHEsRcHql/BLSfaKlrDKIoBY4r6iG+ddOuvtLS+n3KN2KBFHrqOIQ1edH+oCiYqFatbA+jEuiT4K1EUeUQs+DsZboeB6CoRhzILwbkE4M8gbXASicCKRiIwFfDijtzkQe6EoDnueF/YV8t4AXdcNx8H3/TJxvCdjBWCLxWKxWCw1PYx3lmw2yy9+8QsymQwtLS2k02mgKKQGLwrOPfdcNm3axM9//nMee+wxJk+eHL5QyGQyJJNJhg0bRt++fdm2bRu+75PNZtm1axdPPPEE77zzDgMGDGDcuHGcc845/Ou//iuDBg3ixBNPZMKECQwbNoxly5bR2trK9OnTOeWUU+zNocVisVgsFovFYrHUQWCRFbywz2azZS48VRGjkttSqC6k6O6hVYvMIH+JWFgwhA0LjqrAILDWQl1ZVcvFQFgyWP7GqregAoZioFClumIiUaioNF8xVZneZ6Bcb6uQumR+RLQZbkyTWlXI1TRJpVxdxSzvlyxLWqUPWtoSrTaYP3S31sUyQ3fNyr7AhXVJGzSRvdohoO6PZTFbImBGxY1VJqWLFjjE1WlNlZTMlXqe1vIaR7N4Nl0OIi8Nwvw9Tp35TIWfVa59+rsxIUQoaqqCaLEtouydXiASq6HWgu/6gpz4HhlESR1d9R4xypVz8FvH1FfV80QgiuvpeqogbAVgi8VisVh6MOpNZHcJwKlUig9+8IM0Njbyox/9iL179yKEwPM8PM9j7969ZLNZTjzxRKZPn05bWxurV69m7dq1vP322wwbNiyMAXz22Weze/dulixZwujRoxFC0NzczMiRIzn11FNpbm5m4MCBfOtb3+Ivf/kLr7/+Ov/4j//IK6+8wtKlS3nrrbdYu3Yt3/72t1myZAlDhgzpljGwWCwWi8VisVgslvcTujAQfOrirxq/stJL/vj1qj8ocXEsw/9RUW2SkT8q16trCZ21UI4UxmIWXGZ76pjFjryoHDjzNSnMMVXnsN7q6YN5KU9lGEhjUbLkWyAkh2MWuqU1WLOW5K9VANL6JrQ9uqhaUKXLahEgykyVy5LUhX54RM6HMH9Xz5PSqRClabqQWsXfipvrbFzMtQYVqSm/lli/TkK0UKu7PA7S6ujWswHBOzRT/GBTLGBdHFZjCaueHaLaUdb1iLQmi181fRyklHieFwrlqsW0SWQ/UqyhuworAFssFovF0oPQVwqqqDeXB/OmKJfL8cADD5BMJvnTn/5EMplkwoQJfPvb3+aEE07gySef5NJLL6WtrY1nnnmGnTt38sQTTzB58mT69+8fCsUALS0teJ5He3s7vXr1wnVddu7cyZo1a3jttdfo3bs3U6dO5T/+4z9oamri3XffJZlMsnnzZn74wx+STCb5/e9/z6hRo0gmk51eDSilxPd8QHa5+2yLxWKxWCwWi8ViOdzRrbkCApecQZq4z1660Fpm9RdlUmh6nO2kda9arB6fuHLiCruVAsK2VSpURieJ27UgbrCMbJyucpa2sXw+RLkVr9ag0jrVNKUKalXrVdVaWjPnLH+HoTYgogNVMYu/6s+yrkQVH7E9GLpY86eMhW4FX9xmmI8KaqfQ0nTmFFGrjCpH6l+ixiuiLZHnsC6wRiSLu79qmjLL3sJPfd1B2f5okTYqpq9JpI1DkC8oK6hDb4eaPqr8uIt2aklnqqved5Hqu8zAElgPRWAS0t/vWAHYYrFYLJYehH6jc7DFXp1EIsHatWvD1Xlf+tKXaGpq4vbbb+eVV15h+/btfOYzn+Gkk06io6ODQYMGsX37dqZPn87JJ58cunZJpVKMGTOGpqYm0uk0p512Gr7vc/TRR3P11Vfz3nvvkUgkSKVSDBs2jEsvvZTdu3fjOA633HILjuMwa9Ystm/fzsyZM/ngBz9IKpUKx6QnuoWxWCwWi8VisVgslnqp6tJZ2R9YZ5nSFzMG+8s2lYuBusGjJqoG4mNXmjHGspGtkKBEyK6hXbFEqwiNU7eN7Yz1YlBPWFi1tGGefBRgzwPfB99T58ZkwVteWPDMXhb3tZJv4QiDWOHk/1y3YL1bJxU1+4M0H8XYxcV6jIVVKLikbZ0Uf2vmIJwfYf562qPk68r5EOjbS8VcXfjVrX7V7VGCaZzrr2rFq9dpapepHvV71LW7mugbfMZ5F6m7nQ7Kj3INre7X/80JPq0AbLFYLBaL5X1LJQG4O4RgIUQo1gY3m4EYfNJJJ3HSSSeRTCZJJBI0NjYyevRoRo4cied5OI5DKpVCCMGePXtIpVI0NjaSTqcZOnQoQgiSySQNDQ2hANzU1EQqlWLUqFEIIWhoaEAIQUdHB6eddlq4MlBdFam+jLBYLBaLxWKxWCwWS9cRCBt6fGB1f/hd/xIh8kbWpeeppZ1dkKZMoCy0p6RJcSqqsd9x1jPHfvLXBfgoK+qIAtU5lFKSy0GmnbwA7MmixaqpQuPvqG11IvLeu1xXkEhBKl1Q8kSFmnSLzmpVHKT5CH535jVOuDiiE9RwOJQn0BZn6CJqTedHFy/wiF2vukmUC/76/OjxalXrVDVEW60xequhC6SqMKqnqUYtbark8aErwgCo9eheJ4J+Bm6hg7+ehBWALRaLxWLpQVSKtwH5G1MpBVIK4ODcFOk3XL7v853vfIff/e53JBIJXn/9debOncucOXP45je/ySuvvEKfPn1wHIdPfvKTbNy4kd/+9rcMHTqUoUOHMnz4cHbs2MGIESPo1asXt956K3379iWVSjFo0CAuv/xyLrnkEo477jhWr17Nxo0bWbBgAY899phx1aNpnGpBBv/vWYsKLRaLxWKxWCwWSw9GtejSXYyC2XrM5BI6tOwME5fXpe6P0kZr0UxLdNrCD6MFYITZr8kSNnSrazDzrCSYRdYbA72MWFaMhj6VlKMXUKHxUtumPht7PrTvg2xGIAS0pmFQX0HfJmhKgtvNmoyU0JGDPR2Ct/fCjn359rXvEzQ2SxIpNF3aZIpu/FmyLYZxdHmCOJaxlQqT5fVH/a4FdUFDLeeHcbsmogfbonTAisdz3MUghmZ0aj70c1kav5ZhcvWsir8q1d5NxdmvWxEHn8G2Wq2B9RjApjbr/wboZdcS7zcq1rHeRr1Pegxlx3FK4gP3FKwAbLFYLBZLDyKu65QiXesK2XTjlkwm8X2fmTNnMnPmTBKJBJ/+9Kc54YQTePvtt5k5cyazZs2iqamJV199lVdffZX58+dz3nnnhdt+/etf86c//YlMJsOHPvQhFi1aRCaTwfM8/vjHP5LNZjnnnHNYvXo1AwcOZNu2bZEvJiwWi8VisVgsFovF0jn0F/76C3vVC5PJErgWVAvCkm0V0kcKQUL7rWISSvXCAjE0SgirsjlS01OsCkvcWmvVqyLZwbDsjJs2iM8rgVwGDuyDpBAM7g3HtkJrQzzL2IOFENCQzP8d1ZwXg9/aA9t3w559kMwJUg0S3LBDYT5AE9Uq96U75yFOWbUOu35ulGyrVIFu5VutAVXOj7jjcLDnI6RO99SBAKm6efZ9v7x45bpoEm7VdHFi7eoWxbqb6fKFOOY69QU8wTZTvTr6O8iodlf6tyBuubrAHISU62nv/6wAbLFYLBZLD6KaC+hDge/7eJ5HLpdDSknv3r1pbGwM2/T000/T3t7O6aefzimnnMKWLVt45pln2LhxI8cffzx9+/ZFSsl7770XCsBbtmzhoYcewnEcJk+eTHNzM7NmzWL+/Pn8n//zfw5JPy0Wi8VisVgsFoulpxAlCJhEiKj4wOWFmoTGTrazK/PEUXLrRGgqb1RVkdbDunitisi6aBdXHzFZNEtF/JWQ6YCOA4LmJBzfD/r36n5r3zikE/CBvnBUL9iyS/DmLskBDxp6geMAonQgVREpFIUN5caxkg1dSXfRfFSsP2JbFF16GHfVyoQqdHY+jO6ptbGt6jpbyaMeOcH3KOFXt9Q1CbJlVdXwLs8k3Ab51Ti5lURS1Y1/pXpM7atm4Vwptm+1Num/owRvKwBbLBaLxWLpMegCsO9Lo9uZg4kQIrzpdRyH3bt3s3///jA+7+mnn86sWbNoaWmhV69eXHzxxUyfPp3169fzf//v/2X79u2ccsoptLa2snfvXtavX88555xD7969Wb58OWeeeSaO4zBo0CA+9KEP8cc//jF0BxPEH3Zdt0tuAos3mYdGTLdYLBaLxWKxWCyWQ0k1N6JR1lsBJku4MF0n2qVrOLHEG31zYFmoKjqd8Kl7KJ4a1Uf9SPfOBsGrWln538o8SshmJAf2C1rTknHHClLuobX6jUNTCob3h5QDm3bm3UI39ALhUBqfVnf3XSdx56MsNq6xsNJsdbWHKlMfsaAgzCuU80S3/I1LBVfpBx1ZQ5tr3K+Kv/p7t0oxcjsr/prE0ah0qhhsaluUgBsl5Nb6brGayBv3vV1ci+SegBWALRaLxWLpQVS3AD40wmUikeAnP/kJDz30EH/4wx+YM2cOEyZM4IEHHuC+++7j8ccfJ5fLMXPmTPbv388zzzzDjh07GD58OLNmzWL9+vUMHDiQ4cOH8+Uvf5mXX34Zz/PC+B69evWiqamJL3zhC3z0ox9lwIABYb0Wi8VisVgsFovFYukcXbWIWErZZU+lsa2FdcFXlG42iXRZCdvb4f/tgr8cgA4J/ZMwpgVG9IJWl84pg4Y2B8JciYtb1VpR2S71PpkKiqpI+R13LoLXCaFm6UP7/nys37HH5C1sjxRcB4b2FWR9yZ/elWTaIdVYHN9wEUDBDNSXEuGUmp2G0xLlNrwaZeJ6xd01U+lwkKaEQvsM9gnz+WESymO3pcbOlS3uMJ0fSgUl54mWRpjODUM5nZkPz/OU+srF1cAKt56YwFGoZVcSnnXLZNVYQrUeVt1Ym9rX3R4GTZbTUV4mehpH0KXXYrFYLBZLZzlUbp4rkcvl+PznP8/f/d3fIaUklUqRSqVwXZdly5bR0dGB6+YD7ySTSQAuueQShBD069cP13WZPn06ruuSSCT47W9/y86dO0mlUjQ2NtLS0sLDDz9MMpnkxBNP5OWXX8Z1XVzXDW8EK7oZs1gsFovFYrFYLBZLRarFoayWt16iLBY7ZZVZpYx2H57fDeveBU/ZviMLT+6ETftg2gAYmKpdqKuUPkpULEkTR3iLqkQR82oJbyoLKlogpklkGNu/8NQAACAASURBVPP3+L6QThx5oovjwLD+gn0Z2NkOXlLiJhTBUBS9Qle2Wix8EXUck9p8BFUru+MdL1WqqfcYjXvaSmnUjY11xz7miLbor3Z+xDp/KtQL5rUVcecjwBTLV/9tEmvrETPjptXfjekxgvX9UULroXr3qPYzyr12T8MKwBaLxWKx9GD02L9SmqyCu7Y+yN+IBTeOjuPQ3Nxckia40W1qagr3qe1pamoqKSuVSoXicHNzM7169UJKGVr4trS0hHFM+vbte1Bv/KwLaIvFYrFYLBaLxdITqSZoHCxiGOzlt4WCnSGNQZUyleFLeG0f/H5XqfirsqUDHnkbZh+bdyUch3qfIKuKfKG1arkQV1aO1H7HqT8UfAjF31xWkssKjmnNx/w9UnWXhAPDB8CeLZDLgOOCCP0xE+kGGSoYWdc5H5FpYhD72DL1SRTnVu9UrHJlSZdrb1OF9J09Z4Ca5sO0L9JyugKm66Iu9tYi8lZyr2/aHqdM1d1y8C4uaGNgoKGnL3+/WMzXmX8LovpXi7VxTxV/Aay5i8VisVgsPYgocbe7XUALIchms+H34NP3/fAzcDujx/kQQuB5XriaL5FIkEqlwjS+75PJZIC8dXEulwuF4MAltOd55HI54wpGi8VisVgsFovFYrF0P7pQYHpClRHbo8gvclbEt4J2Fz4O6wpOFUW1w4cN+/KflXg7Cxv2GtqjVWPsS5UEYZ9k6bZqFQltV2T9lJcP5Xny7xGKaX0p8aWkox1AMLg3uM6RLbw0JeGo5rwArPbRDxbPU/jty9L50Avq5Hz4Mv+nF2miprc6amLFfXhwzpQcA4a0elFlx4hhW7XmGIXzahWpu6XWBz1ZROOiBF7TpcKXpb8r9a3SJSW45qmWswfLICMK3Q21KXSc7/vhezj9XWIQ09gUv707+6ETjG1PFn/BWgBbLBaLxdKjOFxcQAshSCaTvPDCC7S2toZWwPv37+fAgQM4jkMqlSKbzZLL5WhubkZKSXt7Oy0tLQgh2LVrF0DoMhpg165dtLa24vs++/btQwhBQ0MDUOy74zg0NTWxf/9+GhoaOOqoo4wrGC0Wi8VisVgsFovFcnAxxcDUqSp0VRFtIzNWejwOBFBRWnTGz8f+jcOf22Fsa/G33jxfFoxJZQUrWVMMWT1tVD+i/OxWyQbFdlXKEw6jBFn4z/dAeoKWNPRprDwhW9vhnY6KSbqFtAOjWsz7HCHo2yR5a48gl/VJpIrWv8HhUSIwVfIDfBDmIyqf1H/EjcUbJfjGqdSwq5rL5YrtCca5hvMDStOW9cmUt5JwH5W1khvpiCrC75p1bXdRi5t+VZjWXTsHhhvBfl0U1uMEdzWHy3vNIwUrAFssFovF0oPRVxfqqw4PVp2BFW9zczMHDhygvb2djo4OOjo62Lt3Ly0tLaRSKfbv34/neaG18L59+9i3b19oxZtIJNi5cyetra1IKXnrrbfYv39/6AI6m83S0dGBEILGxsawHFU8Pgg9tDekFovFYrFYLBaLxVInXfU0pQpHcbQsXawJPP2qaXygI2YDD2g+ovVsQdt0MalE2BYGTbGCECi0DZ0ZS7X/BePpUkFNBnXI8Lfv5cf9mAhBVeWJHbDq7U40sIs4q1+0ACwE9EpBQwLasw4y4YMjEAV1Mn+MRU2UhizOUa1rFoK2GOejToLzo16RVm1LpMZapXxTvrA80/lRPNSi3TXrgxxFHcJvVBFxhi9Me4RYpKrvBYOQaiY3zI7jGOP/qvsshw7r89BisVgslh6MKvyqq/a64wbNdV3a29s5cOAAHR0dJJNJ9uzZQyKR4N133yWbzZJIJGhubiaRSOD7Pul0mn79+tG3b1+klKGr53379pHJZEJhuKOjg9bWVnbu3MnevXtpa2vjnXfewfM83nzzTdrb22lvbw8F4K7qb+ACK79a3N7kWiwWi8VisVgsFosJVUwwiQcmInepQq0s/oW/q+U31UW0OJWO+Ua9uSscTemNiNGHqLZ3thm6cai6LXQH7ec39mnq4gYcJPok4VPHVk6TSkDKLYrbsuAGOhC+q423aexM32uh6hyrCRQx1HR+lLlF72zdlfIqAm5UGXHHsqQfaH2oUMjBeFNTfj5odSk7K7l4PhxcFuvtC4Rc9U+PyxukqeZOujs5HMbycMBaAFssFovF0oM4HERJ1U3M6NGj8X0f13XxPI8PfOADYWxe13VLXggE8UQcx8F1XYYMGVIiXgfxfQE8L7/U+uijjw5vQgOR+ZRTTiGTyZBMJsP2WCwWi8VisVgsFoule6n4fGqwztPd4Oq/TTFrhVKA+t1QTSxhKO3A4AZ4fX/1tMfHEEHLrBVNsVUrmklG9yFwMV2xfqXKqoJi+FUWFj2DlD6BJWw+Nm6+tF6pw/85OyHg8mPzInDFdI7AdSTSzwu/jgzea4AUIAJLWiWPyQC1nvmINGSNOCakLORX4vlG5TGeHzGqiZOm5HBWx0bEKzMsRxmEsrErbI9zfujjGIjFQtTmOd5gjGz4oXgeMMyH6gI6ioPxnirSxX7Edt2Fc/DuTbUGDuICAyXv8CDfh2Bfd753091rH06i9KHACsAWi8VisfQo8re9pvud8AGmwmrETteu3IgFcXcDlzCJRCIUfgNrZPWGM5EovW0JbpqDFYie54XluK5bEpsEoKGhIcyTSqWMN4P1oI+TDJeh9qybSovFYrFYLBaLxWKJS9TzZvjMGP7G+GgV52mr0pNevU9rKQdGN8ObHbDfi073gQY4sYkS1SjocsVH0LgNk9WTxn3UrUmQK6tbFJ7fC9ulBOHgHuZ+RwVwWm/4YGvVpDiiMJbBigMp8sIvhPMrkQjliDNqknXMR8W5URZABG2J7Ra6IFzHbUccaj6ntEUP1VxRl10yqpgKVxvHWtzDx6nSpDIHm9RuHazYuPWgx+5V/1TXzr7vh+/p1H2e55HL5cKyVHFYjRN8sNtuicYKwBaLxWKx9CiE4uqnXOQ9mOKvinrDGxVDpBqBgGz6HZSpp9Hd1BwUwlWRB+9G12KxWCwWi8VisVjejwQLkwOkIhKVWFjGeKTr6qcxWaj3+Eb4cB9YsyMfE1hFAMMb4ez+kKwW91SWi0PdhdqGqg0wWU0X/idlXviUhf8EziHpT630T8I5/aEppptuNeauL8EJrH+LCnDdE1lmSRpzPkrOk1oDAsvSr52NJxyjmtLt0txNVQSWR9j5UeKdQClDtw4PjB7C7BXcQR8MdAtZfZ/unj8wtgisfQPDDYBcLkc2mw3TBgYaruuWWQR3B1H1BdbIPfEdnRWALRaLxWLpQahxlfTv+RvQnnczZLFYLBaLxWKxWCyWQ48eszF08RxDnepKoahEaDZUnXTggy0wrAmefg9e2wvtEgYk81alJ/fKuxcOLTQrmBGaLJxVw0g9a2eFOmPeCoNX1hZFQNHjnPq+LFXBDmNO6wOjWuJb5QbkhUuJ9AvHZ0HdC+exKw7CWssxHRQxrXvrba7axHpmXB131TJelh1CBaW9xrZ1KXHmQ3PjXs1auZIIeyhRr8G+75PL5UIBWEV1Yx3sCyyBHccJPfzZkGuHHisAWywWi8XSg1BF3+Cz+BfcbB9eN6BHBkX/QjIfTeZIee61WCwWi8VisVgslm5FdzsauA0FNMu44IuSORBaZPmuuI9guqvZSlaKZcJPYZsQ0OzCR/vDjAHlScJHxCiVLIZ6VtI3WW5JaGhW7eKXGitVUwXV+LDqVBSeeIv/l/nYuJRmP2wZlIILBuZdO9eCAKT08YWDkBIRCJOqL2WpxRztTEMNx5/xPYOu5kYsKIiqouSzyrkhlM+y86NCvZWOzaAYX5q6IGKNYSVBu1IzazpnDAWVWApHNEafs8CKVnelrIZCixJO9fd1JiE5cLusvvdT3TGbylA98amibxzrZL2tUkpyuVzYz2QyGVoMm4xSTF4Boyg1YKmcJ+ivmjawTs5kMpF1vN+wArDFYrFYLD2M0htBEf4Fd6dq7Fy7Wq86wYOPlDL/3CfzK58Po7AuFovFYrFYLBaLxXJQibOQ2BRvMhBAghiT+Zf16epldaKtlYRUPZ2p3jJNuJK4G6UwBfvUOK4V1KiaXV5HWC2WxSHWxd+o8vQdgaWmoiCGLnsP49cIDQ589jjom6otnyiI/j4i/9zvBEOcd3wdWgETIdZXmA/jeGnCeyyhMo6lahViLYwIE1fZr22ThQOkODbFgzD4LUtyl6++KN+rCsRSK1drk64uG64DNc1HtUmJnPPy62DgLlk32jCJoyaDDr1cUx06evi1QIQOPqPqN5Vj6qPneSULewLxVe2HLuTq/YyKUaynLVl0oV3M1LjElcT19ytWALZYLBaLpQdhukHsrri/718E0pf40kOSLTwEO3Ryra/FYrFYLBaLxWKxHHGoAgUUrc9U9JfwlVyNhuUE5RNhmduNhG3RXL0axc+Ix0Jp2FfPI3lXPHUay4hhRRrov4H1r+yiZ+CEgEl9YVSveNOckfBWB/x+F7RVMeyb2h/GtHSicVIWhD8RIfAVFtbXW7xpg8mlsDlZUZhXrbi7EF8XSGXEsSFB5gp/PkivVMgrptOvD+XWpMX9cfwwGzY5IBKAC0JdqG/Qmquevup8xBlck3CsvY8LroeJRKJkIYx+LQ3GoZpQXC2PKqQG2z3PC/+6muDankjkpUhVBA4WAJn+3dDfU6rHgp5eR+1rIDwfrm63DzZWAH5f8RH+4Z8/xsmNFZIc2MQDX1/Bmm5rk8VisVgOJ6JWBAa/e6oQXNGljaz0GCvxvSy+104ms4Nd771NLufgOA3WBbTFYrFYLBaLxWLpUZieq4JnzOBFfCB2BNZfgTgQuD8N80XWQSzhpUuEUdWq01C40fC3FktaQz1ReQJjQ9XosNIwSAqeifVEEW5pK1UuDd/DbQbxt7MGdr0TcE5/GNFcW75LjoFH3oZH34E9Bh3rA41wzoDaXT9D0QI4sHoWIi98O1LkbVCFCI/NyOIV8VDVNE2LAcryxdhsssyNEu7VpOphUu1YVS3HS8+JgjtwH/wM+B0CAbgi/xdpdVntYOnkwZQXn8HLgI+EBDgNihBcuBaJaoNWUqg5XZxrjoTQ6ja45gUisHp9FEKU7A9QBVCTkG5y/6x+qvUE19/AXbNaftz3gur1PWp/8Blc613XJZFIhO1Qy1GJsiw27YuyFFb7CyheJnoOVgB+v5LLkTUdy+05ct3eGIvFYrEcLlRzFdNTLYKDlebBTWSwIhHyD7JSekjpFX6D72XIHniHzN7Xye59lczeDfj7NyLlENzmv0MkUkhpfUBbLBaLxWKxWCyWnoEuPOhChfoyPnAzqlr9lrgjreP9/ME0Cj7Yj8ZGkVlvg96WCm6sgzRVhcUqFMdUKVAWy5X6d5l3yNvZeRCVRNQKNLgw82g4KgV3b4V9igicdmBKPxhYo+vnknZRENqAvGQokVIUXRoH+4RA5AeDYKKKgnnho7tft0ScIBFaZnkCSkV+0PogwctI/A5BEkG/JujTCK0N0CsFSYduD5MlJWQ9aM/B7nZ474Dg3QOQ2QcyKREpwNHE33rrqiOPuhAmcJEc/AUWq4EIHIiWutjqRAyq6TocWOD6vk9HR0eJq+euRBeRVTfQ6qKfRCJBIpEI378F1sBR5el9q1S/67pli430RUY9BSsAdxOzPnE+Y8eMol/fPrHS73z3PZ75fy+w6je/raO2dv6w6l/4t6fqyGqxWCyW9zUmwbenrX7TkVJy4MABtm/fzuDBg0kkEiU31RKJh4PwJZl9m9n97rPkdv03tL8B3nbS5OiTdkn1ztEuG2jHIWfdP1ssFovFYrFYLJYehMlyTHe9qYu+ukAQPqfWWHdVEatafi2jGr+1ljJ1y9y4eY3pqpj5hvpiDfXEraLM4leWfpZ6FiuKnzJQgQ8CbXth94HKaQa1Qq80nNEP2n1YsaW478RecEZfSNQpQqpjne+nT963cKlFb97yOu8mWuhWslUwabSdGU11fnUB2oghpq00bVaOB8j33z8AMifo1yg4rk9e+E25nbcG7wxCQCqR/2ttgKNbYG8Gtu2Ct/bkLYNpAFyJkPX5zK5nflRrW9VqN9inLohxXbfk/ZRqwaq6T4ZyQw815q0qhAbX4cDNdJA22N+ZGLnVrHaD/gT/BgRCsGr9rPYl+K4uEDItNjItNFLHU0/bk7ACcDcw6xPnM3XymTXl6de3Dx//6DkI4OG6RGCLxWI5vPi3by0C4B+uu/EQt8RisvbtyavhAN58800GDhxIMpksuyH0MvvYvW0Nu978T5wDf6A5kaAh7ZNM+TSkU/+fvTcPk+Q47zPfiMys6nO6e3oac+AGiCEB8ABBUDxAQQdJj8RDEiSKlqxzJdur0+tnrRVl2StT9sqWpbXWK+wjy5Ksw6JAiZAEigQP8CYhgAIIgriJcwY3BhjM9N11ZUbsH5lRFZWVWV3V3TOYnv7eeXo6KzMyMvKo7Mz4xe/7UBpi00yf/JuAsmjsRgatC4IgCIIgCIIgbFvyrt982E2XY9IPG+oLGxth4DfYErWz6BW4PctPPdpnQ0WLBo0iW6zSFVeUXzy0UF52DPpV2KNIdkR6Y2x7ls1+K3tyRL8bvwE3P9B/n//1d8NV56chh791Fr5yAg6vgQZ+5GyY3KQSorIY39aqVNx1IwXa507h0gM7l3A/NnLdlNZjc+7QolDNJZUPurzzXUlVb2MtWIWpg23B2bsUF++B6GUWfssIg9SVPFmFqVHFY8cs8RowBlanIyqUO3kDsO53vOC70DvYpNfdmh9E4wun0Huv9O+7/jw/4oK7//r9fmV5gzdDv7rdvviuZjftxO4iITi/r/lj5o6Pv6wssuFOE39BBOBTwpuuej0A//m//h7PPHd0oHXOObCPD/zLn+NNV71eBGBBEARhyyjKHZLnTBaC8w+BzWaTWq3OhedfgNKWwOXuabV4dvVJnnnqo5x1/DNMM8+ekYDqjCaMLFqFKJc0JoGAEKvARIrEGOIYUJsbOSkIgiAIgiAIgrBdcIJDPhelEx2SJEupU/CuWfb+uam3Un9lRbnouY64u9E8n6XzPBW2HVLXDtagocTuvADYZWHts5nc/O4wv9n7NGBMJyRyKgZ21jsZkX6Nhdh4juNck/NtDRW8ehKeXIPv3Qfnjm5u+4p0v5zxF7LcsQqs7WOdzeGc29Y/H24D650Pb7qnqHMg27IC5axf1HYJyf42TMOiY8XZ0/CKuY3lVz7VBBoO7AIsPPoSxGsWNaZAg1UGbBYUehP9Of53rutSUIMJr04gzQ+UyTth88vy0+4eXJhn3Zbn7h2UMkdtUd9jWdQHX6AOgqCdI7isbU7w9Z3Q7sc3uZxMoXs7IQLwKWB0ZARgYPHXLztoyOjNMHvF27n2mjdwcN8Eo+6KiOssHT3MV79yMzfdPd+9wrf+JL/13osYffEufvFPDvODP/IerjlnBFjhgb/7LX7/1u/j3/zWleyrHebGf3cbUz91iLe8Yi6t29Q5evfn+bO/vJ1nmOGqa9/HtVecy67sj3Bt8Wm+9om/5ob8NoHZKw7xg+94Awf3jBBlTxKt2grP3PnX/M7HD5+swyMIgnBGsRMfdsqo1Wo0Gg3Gx8cIQgWEJAoS0+CxF77OP7z0WYLkAfbvsUwH4ygMqGykpRxHQRAEQRAEQRCENs5p5nfsu3DPTnzwQ3P6IUcd7Y76ApFvXQoEty7hk24NtLtQeV0lOt5gTXKuTK26tmO9/3t1w5IGecekowPm1cHyers/q/K+AUPvDrsqPQEYC8ZarLHt3y4/7slIxnzV+TA9lgrPdz8N3zyaio1vuhAumkvLnO11oytgbxVeNQHfuWfz21fZIAJraO+7shbQKJWeY6eBaxQdTbhgwEPPbNXuY+gp7Z+Psi9FtmE7kIrcD29QQm4d27YZ03Z7EytUrDiwa/uIvw6l4MBUur+PHAPTAiKLG+efjW4YWgQu+9rl7yN+2Oey8MT9wjkDPZ+L8gYbY2i1WiRJ0i7v7sd+rlygVDTdDPnw076g7bfdHyDkfvw8vv7flfx++lEkisJg++zEPlERgE8xb7rq9fzo+6/tW+ZDH7mR2+/8xilpz+Xf+7P8xNX7GQWI6xw/ukyLkKk9M+w65zIO/dB5XDj1h1z35V5BFkKu/bHv45oDYftz1DXEa5TLf+mHOLgn5viLx1gcnWHf1Aj7rnw3PzvS4vP6HVz7qglai8c4uhgyddYMo1Pncs37f5Ro9Tquf7RT0+y3/SQfePdFjEJavgbR5Ayz4xPsO7AfEAFYEARBGAylFCsrKyRJwtTUFMqFZ1LQMMvc9uAnObL6VerjdaYnxqlRpxW3qCZgTfaHTumT8lIrCIIgCIIgCIKwHXEighN8XY5Jt8y5s5zwUBS2dLN0hTh2+lVOzO2eKKkn+2893a3v+q4pSmGN7eQV7nLXlol1XdJbn/r9KdvRq4o0PP8wu+0W7KAlDeNctHW//U4E9OcZJ7oU7NVmef156U+cwFqzIwC/8Xz4zksp3O6eCN45t/nQz0Cn3yDbaWtIRd/s+jLWorOTbD2LddGxKD2jZTrtwAMiyhXi4de3Pdu12Ulva8EN2FVVnDPjgl9vL5wIvNyAZxYtKgCrVVv7ZfBo0IWu9FIxOBcCvyzccde62b0zL4gW4Yu+Dnd/9sMtu3a4ck4QXq8tw5If5FPUdrdfbuBQq9UiCAKiKCIMw65c8kDbKezvQ5Fjumg7Ow0RgE8xt9/5jVMm7q7LVT/KP7l6P6PUeearN/FHN97L8fbC/Rz6qR/j0KsmOHjoh7j2/v/Gjcdz649exFWjdR655dNc/3F/Xbd8PwfNYW787T/lC9nCy9//i/z0VXPsetV7eI+Go3d+iN/4yCPpwtmr+cVfOMTB8Tkuv/q18Oi9WUUXce1bU/H36Ff/G79x4/OdbZzzJq69rLZ1x0QQBGGHkA+LUpQXeLuOjHOjHP2RhP5DbG2tRtJKmJ6ZwOWtaVnNauM5Pvvoh3kqeYBgT8BYGNIMNCcain2JJkJBaFHGZCN9yx+420u26TEUBEEQBEEQBEEYhiRJaLVaxHFc+j7pu97cZ+gVG9Z7i2rrl12WOm/FMuVFFZTts71+7Sj0SRa5edviqFte4vRsF3WWT/+ds7M12/6/W15sL3HKbOHx6NTn8timrexSh3NtU5151ltm2zuEpSP+gkWr/u/LG8G5S7XqPu9KlTtPLx5Pl22NM9WiFW2Xc3qYFUplJ04pjCX97By9SrWPW9rYfJ3e+bWdEQI2d967L9fea6L3s7tKiq+horI9HlWbuw6s7Qq/bVuKAM3eSRivbD/x16EVnDsNJ1YVtRbtXMBeTO32BecFKFgXW3SIC8sVu1Xz98aiXOlOBPXrajabheGeBxU+8yH8/fYMm093I32KbjvO4ev2JwxDoijqErLdfvrkI0xsRZu2OyIAn5GMcPC9/57r3tu75Oidv8ZvfCSdvvZtB9kFLD30af7zjffmSj7PzX/81+z7wE9y1ex+XnfoIm68PueynRxh6ZbruO7jRe5ggJgjt3bEX4AHPnIXRy4/xMHRkOjFu7jBib8Ax2/l+oe/hQ9eOcOu3RcBrk37GR0BWOH4k574C/DM7dz4TJ9DIQjCKcXlPB92oMtG1xOGp5/Qu51FXx+lFHEcs7CwwO7duwnDsC0Kr62tEWjF9PQkJtEQQGyaPHH8Hm555kaWg+eZnKwSRxBYjbEhNRWyGsKYsYRpDC/E/isIgiAIgiAIgtDBGNMO+QwdcSAvEqznXlsP/5W1LV1t8DV2K95+i8Rff571JrrdlEXiRL6GYiW7s9SWLMkmezS/jku4e/t9HKLKa7t166k07LP1+hHcspxA+3Ki2bp8xAraLm5r24clDQWNItUNu49j/nOR6u+fD+XPd9vLtOHOucxdSOU+U68mX/a1pWX9ZbbrY+dcu2tBx5pqCHMT+X3afoxEsHsMnlmy2AisBjBouiO/FX1H+gXXdscw/3UY5v5Xll/XCZz+tBuEkw+3ny83aP35e3XZ+v1yAPshmvPl8uJtPty1M63EcdwVrjqf4zffjjOlb3OrEAH4FHPKQkDHMS1TMLvlpt7OhXsA5jlyy10llRzmpiPHuGp2jtl9r6UnzHLzeR4oFX/T5Y98Lj/zVo4vH4JROP7Ml3kkt/T48/PUmGG066/zgzwz/3YOjk5w8Lt/kh/UN3PDnTkhWBCEl53dM9Nd97dB72P+ffHRx49wYn7hpLRP6HCmOX7zxHHM0tISa2tr7Nmzp53jZG1tjSiKGE1HFWE0xHaFrz3+Re5b/ApmfIWRaoQOAoLQEsYBdWA1CFixMGMtoXEvUMWhnARBEARBEARBEHYqeefYRoRe1Y6V3KHLTed+ZwLnRt9iB13PMwB20Sdab7vBvdOe1FrQ9r4hYL1ttjVAVVbAb0zvtO00oWu10g177XMioHG/jd+nkDbudHlXfvpE6ry+eG7zorQLAW2sTU3agNYGrOoZhFB4TLuV4a7zZE2uiBN+i8YBDHjh5rV/2/ckd7cbugcjOLO3CzNuE4syATMTMBr1P7CtGz+HeeSJwRp9EtEXnUP0g99VuCxQiulRywsrilZisToNad12UFubhVbP7WvvrSoldwHYgnld1RQMkmlXVeAQLlueXz8v2G6kz2/YdfqVL8oH7Le3rHy/+vLTgwrcOwkRgE8xpyYEdJ1HPvUfue6WfmUmGa0AzRWOPlpe6vjzy9SYY7Q6wkHoFmyX5/lqv00kLdb6LG6ZAvG4QLSGeW78zO1c+ANXc+HURVzz/p/lmncf45H77+DGv7kdMQALwunBifkFPvSRG/nR91/bFnTXu9/54u+HPnKjiL+ngLIHnbwQvJ0eiFx+qSAI2i7fKIq48MILMcbQaDRYnF9gdnYXgQqwCpotQK1w492/z5PBA0xMR0RhSBCE6cjC2NLCiShkqgAAIABJREFUoq1imSkWWWOPXaJiFIGK6E6s5GEtxiQkJIDdUIeHIAiCIAiCIAjCdkNrTRiG7QG4+XyMg4QUhe531m4Xojc9pAhWPmN98q90pYIPTjTrFn87wm/XBImFlRbMN2C1pbIu0QK7YZGY21VI5ab6FC+lSDXOhQq2YEkFz1Sc1On+WZWJwAaTwIExzQWTQ228tzW2pIt4SJ5dgPufg3NmUpfnZlCk4Z4fW1AordFaobRCK525nlV6rSiV5sMtDYNdNr+oTNFFUKT6Q+l5K1hWLtHb7uKAzZTjtghsYTpQ7I0Gc/+aBx4jue3lj/anL39F6TKlYKIKkYZWDDa02XnsUDYQpFMg93ETXWpFwqjv4nX5cp3L15VzOXPd/TdJkvY6Ll/uetssW1bWtzVM/2GRK9jHF3GTJGnvn/vb4sJdu313DuKyfsx+wvJOQgTgnc46Im0bE/fm+E0K5p0sHryZ33nwDq76R4d4+xsPcs7UHAff9G4+8Nor+cpf/TduePBUNUQQhH44wXcQETgv/kr451NDUYgVf+TddhJ+He5h1hhDrVZDKcXk5CRxHBPHMY1GnemZXahgNB3NmbQ4uvxNPvnIX7BaeZGZiXEITeGIQYXCoGjqgLUgYMwaAmvL3+UEQRAEQRAEQRB2IK6T3nXYx3Hc00E/TMf7sG+mRQbLjbCuIza3wW59Oue284RfayE2sNyCZ1Y0z6+m5UYCRahP99dLty9BW9S21mJNqggaC9akgkwzAb1JgaVpYC3eglZb+NLD8KYL4crzNldXmmtYsdpKxV+tFUppVJaU2C1PyypSVRhO9zPbS+fC7ly7qivM965sPycqL1cbh0O/7lWEh97Wt0w1Aq1BxQX9YjkxGApkfFUg+uZvJEPelIry2/oCcN4hGwRBewBOq9VqC8CnE0V5ifvljI+iqEv8zYeUPt3273REBOBTzCkLAb0uNWIDjM5w0SXwhRIX8Oz+SUYBGsunTuwtZZ47P/OX3PkZmL34aq5939t53ex+rrn2hzjy4F9y58vdPEEQgMFEYBF/Xz7yD0dnSv7fJEloNBporRkbG8NaSxzH1Ot1xsfHiMKQxFoaLHHv4Vv4+vFPYydWGRsNCUKNyvKIQO9oS4uiqUJWg4AJY4gSQ4hm+73ICYIgCIIgCIIgnBx8x6/L1ZgkSZcbGLpdXuURqjbXlvVWz/smN6LTdJXpiv/bkYFtWziFpQYcWVYcq2vmqpa37lPsH4PZKoyGEJzGr5e+i9mFJrYWjElDLBsD1kBiYLUFq5sUb9cMPFuH19nNH5dGDH9yG1wwC7vHN16PywH8EwdBB6lYGGhQGjINmEzPaoeL3o5Gw/a167nabSbyk53rZ5cUx1ehuk7459MBNbebys/9MCrqL4NFWqGzkf7W0EkenZm5XfRn/16x7n1qyPtYWX+d1rp9T3Xzi0JDu/us1ppKpdJ2Abv5ZffbfmGS+w3aWa8PMb9umcjr/01QSrUFXzegKC/0+vuTF8G3u8HlZCAC8Cnm1ISAHoQ7OHz0as45MMOF33olPFqUB/giDp03B8AzR+44tc1bh+OP38of/dF+PviB1zI7NcdBEAFYEE4jikRgh4i/pxf5UYN+mBj/welU0+/BNB+qutls0mq1GB0dJQxDTGJoNurU6qtMT0+jVEAzTmgmx/nkN/+cw/F9TOyuUolGshGS/R8MWypAxRWaOqCmDOPYHu23nVfHtSv7t+meC0EQBEEQBEEQhG1AXuR1HfkuVKf7KeucXy/fYz82+9bVs34+gu6A6/cKOOnC59cU9x1XjIfwrnPh4l2KXZVUONwOdIuB2btvJvi2hWADSQJxwmDRJvuQWLh7Ca7eDbtzLlOt4K0Xw9nT6fSr9q1f35PH4YY74Z9ds/Fj7kTdiQiCIBV+A525RlVab5cArLZnqNm88OuL/iYBqyHK1O3T/voNAsJr3446Z++6RdvnDDdwQ7XFXz8xsj0J57SsP8p3+voOWH+wjSsHdIV89kVj18+XdwSXhUze6n7Afqno3Hb9kNZhGLbTCbhy/n45Udtftyw/stAZyyDsOOa54euHqQG7XvVdfODa1zLbtXw/h37qfVx1FrB6mK/9XUG+3lPGt/FPfuhqDs7mZu8NiQCa9dPAnSwIQp7b7/wGH/rIjQBdIrCIvy8vRbl+Tzf3r3swbbVaNBoNWq1W+wHXf9BzD7lAO59JHMfUamvU6jVmZs7C2ohG3OSFlQf50Dd+m6fNfeyeniCKwtKH23zHgwXqgcJYaCpFU2fhnLpWOimHQhAEQRAEQRAEYVvg3tl8sRcgDEOiKCKKonaIUhhOHLPr/Ay7Hqy/bmHMV8/92p7thcb1lycmDfv87Kri7pc0e0YU//RSxRvmYLq6fcTfYVEqFUY3yyOr8Nnn07DZPlqnou+hy+Gdl8HZM4PV9/ePwT1Pb3yMtr9fg1ZxOvWzDEP++u6IwRaTjWrYDpevfvUlBG+9cqh7jcIN3EhHN6TuZ9se+LDeBbTevcofLFKWt9YXfZ2I6+6t+agK+ah++cE2TlB1oZT9nMF4bdkow/QnFoWtdvNd/mL3d8LVXWZM8fczP7gonxt5pyMO4FPM6RMCGrjlT/mz/b/IT181xzlveR8ffON7OP7SMi09ytSeCUY1EB/jqzf8KV84+a3pwwwXXnklb7ni7dSW51msAaOT7JsaAWKO3vtlbn5Z2ycIQhm+E9hHxN+Xj6KQMuuFgznVtFotms1mV5gXN9LPTTsxOEkSwjBkbGyMJEmo1dbAWqanpkkwrJlFHnrmDu566dPUJ+YZG6sQBiFWdz8ou3qLsChWQk3S1NS1po5lomVE9BUEQRAEQRAEQchQShW+WxblrPTL9XsP3cgb6pDm3fI6LFm0qMHW6A4Lm346VoOHFhSvnIIfuAhGzrCe+KJcyQXDpTfMJ45BawHefgHsnew4bAfFb9tiHT51P1y4B6bHhm/LVu7X9iLzxGZW4K34fg2MVi7U2vDrjo8Sfve3ouYGHCGAb/TNnL6Z+7e9r84Y7LuCN0C/iHdFP77AOUikPtdf5vrOnIjsXLW+UNzPEdyvrcNQJPjmXb++Y9lvX49Bw+u/KwqFna8zL5LvRM6wPzunP6dPCOiUBz5yHb/z7Pdx7Vsu48I9I8zuGwGgVVvh6JP3cPPf3cydL7u99ikeefxcps6dYXRqjtEpwMTU5p/mga/cxJ/d+vzL3UBBEPqQF4FF/D19cQ9D+VAqJ2MbSZK0OwHc9prNJvV6nSiKqFQq1Go1lFKd0M65cGFaa6rVKmEY0mw2qK+tMDIyQqU6SmwMq/Xn+PLhj/F47R4qk5ax6hg60KDBmsEf/AyQJJrYalrasGY1daOoYjChBWWx1mC0hQBMK3vRVDvz4VIQBEEQBEEQhJ1JXvi11tJqtbpCko6MjBDHMXEctx1t+fW34k3KaTSbqWu9dYvdwKlI1jKKb84rzh1XvPv8M0/8LcOF0t0KbACfmof7n4ArDsAr96Z5fAcRgo2Bh46mOYoddz8Dtz8Bhy4bvi1uv4YRQLebA9G5fdvT6VT7Qm87YE9WV4fWqEvOJ3jlBah9e2B0BBKDXVjCPPkc5t5HYHF5oKqCt76e4FteM/Q56KT3AtVO/pvtuwKFyj6pLRXBffHSTTvTg4+fB9j9LgvlDN2RGVxfm+8kzoeFPlX47mYXGcK1y48S4X58h3O//fXL+CKw63fcieyQPz0vL7V6ndGREc45sI9nnjs60DrnHEgTGJyYXxhiS7dy3b+7dej2PXPrR7nu1o8OvsItf8ov39KvwEf5jV8ur+/6//vXuH6ouu/ihv9+FzcM3kJBEE4zfMFXxN+Xl/xDT/6h8VQ8+LkRiK49WmsWFtK/d2NjYxhjWFxcZNeuXQAsLy+3l1Wr1XYboygCoFGv0Wy2mJqew2JJTJMXVh7ik9/8ECuVY0xMjUIISnfyHPus90JgURgT0iIEFE1taYQQGZeHJDtmymZvC9nY4O31ricIgiAIgiAIgrAp/Hcr12nvp95xgoPWmiiKuub15ggeTEi0fdx4w77deubdAbbrOee89VyY10cX0vfCbz8AU5Xe9bc7/UJob2V4azUJjx2Hh++ESpDVPUj9Fhpx96x6Cz58B7ztYhivDtkOht8v//rfrji913rTbKHID4BSqMtfQeVHvwd98TkQRRAGHcXdGIhj7FqN+NO3EH/0C7DSJ9P07DTRT30/amS4k6zcf9ZiFRib5jku21X/+h90sEm+yy0fHSEtY7vy+XbW7eTCzYfSzy/LO2WVUsRx3BaZwzAkCIIeITh/z3bCrB9S2c3Pu4dLo+p5oZl90dcXs/1+Or+u/N+Usny/+e3lj4dLG+e3Z6cgAvAp4Eu3fJXvfud38IF/+XNDrytCiSAIZwpyPzs9GTSEzMnYZqvVotVqkSQJ4+PjKKWo1WoYY5iZmWk/YFarVYwx1Ot1lpeX27lBtNbEcUwSJ4yMjNCMYxpmmcdevIs7X/gUqxMvMjpeIQoijDLtbcNwI3EVilhHxIRoq2hpw3JkqDQtFTfke5u/1AmCIAiCIAiCIGyWolCfPn7UKbfMd3+1cwcnva9YvvOy6+216FUsV7itEXtl7SDqTcG8XrHXtrfhXJOrLXh8Cd66V3HexACvi0kCtVo6XamkP0VYC0kNbAI6gmCktMqWMawlLRSK0SAkGjZ+8jqU7dJGhNK+29EQnQXxYucQbYYTq/B7X4L/7e1QGUIZUap7v/KXzxmHIg2HRue7YslMA3YL93lijPDd30b0vkOo8dHidugAwgA1UiX64fcQXHEZzT/8CPaRJ3sV1WpE5Z+/Hz01OXRTFIBNc/4Gbg9d2OesRNl4k/ytwi/nT7t7ge/4dZ994TIfTSFtWnno6HxfVz9x1I/65/rdtNZdjmPXhvVy6fqCc1E7fSeuL/wWOZn7/f0oyx/cj7ygvZH882cCIgCfAj752S8Caf7f3TPTA61zYn6B2+/8RntdQRAEQdhK8iPf/IdM9zB4skThRqNBq9VqC7ljY2Osra21Q9KMjY21HcKOMAwZHx8HoNlqEbeaNBotrDFElSpoxULtae587nM8tvwN1HiDiZEJgkBnD+tqw/ujgFgF1Akw2WN9QwUkVoE1EGTHS2WhgVRMYmIw+sx8ERQEQRAEQRAEQdgEeQHCz/2YJAk2i3rqCygUTPfQb2H+5WyT8aGtN+HEX/f52RWFQvHmvQOIv8vLcM898OyzqZi1eze87nWwd293OdOCpYdh5TEwdQgnYPKVMHFxqpJ6HK2vcvv8CzxbXyVQivNGJ3jzzD5mKuWC8VaxlSGgHcFYKgI3nmJLwg///WPwLRfANQcHb6vbr7aQt/lmnN64kQ5dMc7pqKFbcQB2TxH95PcRfuebUQMOUFBKEVx2MdV//c9p/sFHMF+9p9NGpQiuvpLgyg3E+IbU2ZxZzN04fxfuGV/gZGATeuF0PtSzb8zI57TdKvKhlF2oZV+c9YXgfGq4ssE8+Xb67Xd1OrdxPxH3ZImyeTfweoL2mYgIwKeIT372iyLmCoJwRnPdb/37LannF3/517akHmF98oJo/sHoZGGMYXR0tD3ib35+nmq1yvj4OGGYPpr0eyCsRCFhGGDNaPbiEfPEifv48pGPsqCfpTodEQaV9MFdKaw1PXUMhYIERZOQBIXC0ELR0IqqUQQorAaUbo8At5jsxWhnPVgKgiAIgiAIgiAMg3MDd3XON4aroycok8rmZdN5HatH/B007HP7d5HfL/2/aeBEQ3PxLtiznt7aaMAXvwgPP9xp4FNPwUsvwbveBdOZkcgaWLwfXroVjHdwVp+CfQomX9GedbxZ56YXnuChlU5awcdXF3muvsaPnHOQkWBr5ID84fNN11vpAIZU366cBa3jYFY2X58FbroPLtkLBwbzaqH7OIAHFQRPZ/Kuzfa0N699lW+FA3ikSvj+7yL8jjcNLP766LNmqfzUD9BcqWHufTiduXeW8NDbYGzjAx08KTO7r6j2Cbakmb/a948NHoR8OGVf/N1wu/u4Y/PO3HyOYP/+63Lz+mGhy8Tgfn2KfphpJ/6WXWNFbdwK8tvz27aTEAFYEARBEHYQ+RGF+RAzpyIU9Pj4ONZams0mCwsLTE9PE0VRT9iY8n3IHLeBZrW5xCNH7+CuFz7NUvUFxiZGGAmqqQBL98jyjaKsxSpFS1VoUSWyNVrashJaRlqWUWsxIvQKgiAIgiAIgiAMRFHuxy4RmG5RsY0vvji8cbe2QAQupCy08yB0VOBs8G+6nfTHUosVtURxzewA44Gfew6efrq3oUePwuHDcOWV6ed4NXP+5pRxU4OFe2D8AtAh1lqeWFvi8dWl7mLAkbUlDq8tcdnk7kH3dF26ToXtnLPgJLwe6wjGLoaVexniZJXz6Itwy6PwA1em6WbXQ5Hu107JHpqey9yXzfUZKbvpse76ilel4q8X/a328BEaR57uKqcCTeX8s6medwBVrXT17ej9c4Tv/XaaTzwLSyuEV1+JvvySDff/OId3el9KBx44qdCJv9YXf7PfhcEEimLWZ81y0Q7y6dhOhgja1SRPAPbdwO4e7IRa363r52YvE1D99vqhnl3qtiKhOL/PJxtfgPbzDe8ERAAWBEEQtgRx7m5PigTgrX7YzD8o1mo14jjGWsvc3BzWxiRYAqUhbmEDzVMvLHP4xUUqI1X2zoxx1q4qE1FEYBUmscTa8GLtCe556kscWfwG7FpjanQXSmuMsmh0JiaDF7SHdhIbhhzxZ6GJoqkUoxaMgrVA0Yg1I6Yz2hub9TKcCUOABUEQBEEQBEEQTgL9BICO03AAnMjrVzGkm3dYbO63Ez7dRDOBVmI5d3yAF8LVVWi1eufHMaytdT6bJiQltmjbSsND67Sbfy2JadlegSOxlsXWkNbqAUks1A2stCAxEAUWa9XWh4Ieh8rZ0HyWTSuxxsJnHoQ3nA+vOKt/WecwV8qe8a/5fijzzjz3UWEzWXhTx2GkQviOt6Anx7tmH//ITbzwu3/WWz4K2fW2qzjwb36e8ddd2pmvFMHrL0VfehH2uWOE3//OLITzxvD3S6lsIIoTea3ycgFDaoPuhIQuxRN/3aEtC/c8qCmip91qsJRneedvfr4fGhpSQdi5eOM4brfbD1/tHMTW2q7yTgh2LuKXk36u5Z2ACMCCIAiCsAPxR/sVjcbbqlF4+XA2q6ur7RDQlUoFYwxaB2ibYGLDakvxyc89yOfufIYHW5r5PWMElZA9KuGV0xVeOTfOa8/exVjlOR576fMs8DiV3YqgUgEVpxs1qcxrFaCzEFTGYtIprArQQzzzKdKXw5bVNFAY0pGfMYqaVowr0yUnK7vpdFKCIAiCIAiCIAhnLOsJwKV4IkrhG2ufVXMmvA3RI/6isuhTnUHBsU0F0anqABVOTkKlAs1m9/xKBXbt6nwORiAYLa4jnEjtsaTHcjKsMKID6ibpLqYUs5WSOjaAIn3vXothNYZ6nIq/QRYqOTGW8CRYgStnQbIIyfLm6zq2AtffAb/yXVDpo5I40dPfnTNJCC77znXm98Y93sz+q7P2EFxxaf9CWqUWXGOgFbP0xX+gdewEl/zl7xLt3dOpa2yU8O1vRu2aRM/s6lPhAO0i03RNrl/MglUW5eJA51cqq6zkflQkvkLHPDFsf9ygoqbfD+jPy7tj/VDPviM4n0sXaKdxA7pCSBdt6+WiaJ93EiIAC4IgCMIOwj1oluXCOBkPZ24E4fz8PFNTU4RhiFKKVqtFGIa0WobYar72zWf5w7+5hcOrAVE0y2hlmqeX4cURzcO6ym1LCfqJVZIvn+CsswJe8dp3sXsPTEbLzNpnmTXH2c0JIrVEHC4RJBXCuIJC0QprKFVHWYVOAqweLuSLRdHSFWJbwbBGYA1YqAWWmrGMAZ0n/+xYcno87AqCIAiCIAiCIJxu5IWOfH5KP6+vbf/nrZ+flwsL7c8rKpYrsn57Cycyz6B179Udt+RA2ufZZ8MFF8D993fPn5uDiy/ufA7GYNeroPZs6vh1qACmX992/wJcPLaLc0cmeHRtsavKSyamuWh8cwKZT9PAQhNaCcRdr9dpJK6WGSy08rDoKkRnQbIGJOsWX5evPwU3PwDvfV15mSzoF6HaWaFjoTPgotNfZDu5tTdIcNXlqNE+IySU4sCv/CzT7/oO4oVFnv/N32f57++k9tBhlm+/m93f847u+t70Ogi24GLz7zfZb/8+5JcrDfpmCydzjmrbk7N3s/1x/cRjN78s766bzq/vzBxd+dnpdtT6YrDblhORy+o9VZTtswjAgiAIgiDsGIoeMDfz4Jlf1xhDo9Gg2WwyPT2djg5UFpsYgiDg+PIK9x85wcdve4y7H1umZecYizRJFFBt1dmHpladpBZWiUY02AQ9MUpNwVPPTmCrUyyPK55WrwOtMRgilbCrtcyIOsEIxxnRK0wlS1TtAqN2jcDGqEpMxdao2BohLe+JvtNDYJXCKk0a7yfGWEVLBRirCK0iyRzAq1gqxhJgsJjshb/7oVcQBEEQBEEQBEFIWa8Tvud1dL3X07w4PMDr7FBV+uKNspng2xUMliECV3cIQzh0CKam4KGH0obv3w/f/u0w7oXHVQqmLk+dvie+loaDDidh7lthdF9XlZNRhR855yCffPFJjqwtESrN5ZO7ecfcuYRqyFRIBSQWagksNVPhN6+7W2tRWOotxUjYPw/yVAhnjwzfBnsO1JqQrAy/bhF3Pd1fAE6SVAQOVVLgAt9hZDuu1cbzXulLzu9/YSgIpiepHJgj3DPNyKsuZvnv7wRrMUu9J11FWyNxKZUJlVlUN5f4N93T1NLbnvaa3zNYZQBOtVlgENevvwxoh2/28/rmhWBfeHYhpJ0JxDmBTyd2oklDBGBBEARB2GH0E3i3wgXsRgk68TcMQ2ZmZjr1GtAYvnDXEW6+/Qm++dgCKg6YtRUiBWG9QRzARDNgYkzTGImYV4o4ViQBmECRELGwEBMfWWD/uRPs2g2JjQGL0SGLdppFO43lQkgMxhgiU6FCnZAVxuo1tKoTUCNQdSb0AuNqkTG1yKhaZkQtEdEgtC10KuuCHaGpAmIUAQENnYWZtopIGWZsC4PBGEWMQQ+bZ1gQBEEQBEEQBGGHUuxcG76eLe/eLxCjuxyC7TIbTAQUBPDWt8Ib35h+jqJycWzyIExcnOX8raQhcguYiCq8/+xLqCcxCkXFE202irWp63elBbUs7VJPGbL+ACzNBIy1BH22++696c+GePUG1xsSay0tA2DR1rSFv2GOZrNlaLZOjXs40IpqRaOHyIU7aA7Zdnk2GQJ6drp/AWM58bc3s3b3g5jVGstf/QYAuhIxcukrNrHlddqFy3Lcx+HbXtat+G7kXuWHgnYia3sbQ1Q4TAhof52y9Vy7fHevMYYkSdBat/P8unryIa194deJwS+XEFwkVm8HEfiKK67YsrpEABYEQRCEHUT+gcdNO9F2K+p3wm+tVmP37t1ordsjCq21rCyt8cf/6WbufmGNSqg5qHfRaDVJghqJWmU01jRDSzWpcLgyTmwN47UWRiuMViSVgGYY01IBtROWY6pGJQyojCcEgUpzxJCF/7GgrSZKAqyGWhBi1SSL8Qw6SAh1TGAVqlnFqhZGNUAlhCZgzK4xZucZVyeYqjzLqK6jgWkWsLpJrBUWWNOWRasYtwGaAK2ycaGn/zOlIAiCIAiCIAjClrDR/JU+gwhRZSk4N/r6VZQbuKyutsvXDwNt2zJwRxAeFqXSvL8DlQ0GDnc7EmxN178ldf0ux9BPx1RKYRW0koSRMKARw9iAu3W6Yi20YlLxlyx0by4P7npX/LH5Jk8+XzuZzWwzNRFyyXnjVIYQgAfBr02p/gbedRmg72n1H+5m9R/u7szQirN+7kcYe80rN7Hh/miy/crGcnRM/qr3e20tdoMHwQ+LXHa/9O+F+XuiHy5/2Py//udB1ykSpvMR78ra4a97Klnv+O4kRAAWBEEQhB2EnwO46CEyLwwPKwo78VehmJ2dRSmFsQZrDasLNQ7fd5jP/c7NqFrI1IE5tBmjoWoQWrRVhERoa7EqoRYGHB0bY74SMJIkhFYRxIqwZYh0kziwmFDRbIQ812py4JIZxqcrKAUmiUFZlMqCcSkDGiKtUGiiSj17YE9AWUKW0Rq0tmiVhqzSKiHWVRbVXhY5iwmzwi6zRM0+T8QSOonRChIsNaWo6QCtNP6Q8O0wslAQBEEQBEEQBOFU4zuyehdSqKQWvV0NncPXq76v6Gu7C/e4fnOirzW2/UFtyh95emGzkM+LcScXriM9NKojCNo0P2w9TpisGpqxphJaAjWY4HS6Ya2lEadOZmXidKYi62vQHRW0ZP/cvFZsWK1tQcLiAahEekNu1PXID27YjL5sXzy+fiF3UWV9WDPXHuLAB37mpF5HSmX75d0cjG3bC9JrPRv0YZX3LV/nflW0OO9MhfX7jzr50W3h/H5ictFyvz5/8E4+D3A+PLQTdX0hu59IPQxFbdxsbuR+9e8ERAAWBEEQhB1EkcDrPxD5D28becjSWjM6OoJSIcbEWFqYluLxrz/OnR+7i2fvfI5KUKEahMzWDc9PWUITdEIIWVAWAqt5fiIEFTGWBARZEharSMMxA2GiUAkEzRa155c5khj2nT/B3G7FaNgkChICnf2oOP0hAWUAnb7AtHfRoOiM5M0eVdvTI7bGRfYfON/egVIrrFmoWksABBrqWrGYWCZMQoxBWY1lc6PfBUEQBEEQBEEQzkTy70k9755bKGD1E40H3YzpcTaXRXzaeF7U0xFjYTVOnb9FApZVFtU+FN39Cgu1JrPjVZqxYiTafkfF2jTHcT22YBKwSab3+tlgMyGYzpk/U7oAipz2vja6mUEOyQOPEX7nm8sPltac/zv/hplrD/Ho9/8Mq1+/n8VPfZm1+x5i/LWX9hQVw0TpAAAgAElEQVSPl1YIxkZR4WDO+DIUOVGXtInrfqsHHKxSuOrLZBoYKNpCQd5g31XrC8hl9/SNCsEbwd8n6YvrIMnpBEEQBGEHkRd+tzoEdPrArImJMRjWjtf51B98mk/95mc4fscC49VxwrCCChQz9Zhqq9YT/qcRQlNXODZapR4WBttBZbMaASxXAxaDiGMnWnzz/kUeeMhwbHU3C61pTjR2cXRpkmOr0xyvTXOitYvleBxjI5QJiawishaMxlqNtQqsTvdBG4yyVE3CK8xtXJLcRqQWSEhIMDSUIlYKayEBVoAlqzEGQnH+CoIgCIIgCIIgFJIfjLxeqM6NhFbecDjmfB12fTEh533rhIrexiQWllqwnOT3T3VPu5HcdMLnKpW6gFcaLVqJpRlvLEfqy4W1kJjU/Yu1mLgFZNdpOuUdhc7wceX+PwPEp/wedDnoNxkC2tz9EHZpZZ0GKPRolX2/9M8IZqYwazWe/tX/Qlyw3vxHP8v8J76w8QZ1NtkWfPPf6fTXYBdxvlTP5y3ORTtoPUX33aLlxph29ECXm1h7ecSLxN28OHwqKDqO6/4t2SY5gLcScQALgiAIwg6jKNRzfnqYurrIHpiTWsKTdz/FJ//gEzSeaTExMQpjloiIlrZAwkQjFYBr1QhLkI4cVpaWttR1xPxIRCOESmI7yVfaI4wV9RAWRhRrYQgmQllL02iOvrjG0vIyF1w0wdTUKNgRmtaiW6BtWkdLNakGhpEgoYplLGigdQMV1FCqiaKCSsYYtYucY+/ibO4j0GtYW8FiSLQlQKEthNaAstSUxqIx1hJZSLb/O58gCIIgCIIgCMKWk++w7wkfOkxdbD4PcFd9fSrpLOsO6qosGDpS4HYPAW0srMSwVpjvNx8MO/vcdUjSD0v1FpVAo1WIAirh9nDIGgONJHV+N+tp+qhAe9JvZvXNyWfZhVgSD/gMYrMCsD2xSHzHfUTvfOu6ZSffdAXT3/1tHL/+Y6x+/T5O/M2nmPvJ97VFvvj4Aif+9tPUHj7M+JWvpnru/g23q2u/bDaUwxZ8n0+ji3iYPjzX5zdIXl4X6tkJqr4wnCQJYRi2l5eFWd5sTvh++yEMjgjAgiAIgrDDKMsb4uYZYwZ6IHTlrcnCRmOJWy2ef+wo9376fu67+QFGGWGyOgYtAEVMnEZgVoq1wHDefJPHZw1r1QpVYzFBi6rRPDZVxaoRKkZhlEJbRWAtCYqGtixHiuVKhCFExapjCbYGE8PqsuLRB2vMHYiZ21tlfGwMlCUx6Wt5QIU4gZUEViy8ZKdAGZSO0apFJYgZ0S32BA9xTvANRjmeepu1wSiFIR0R3bCQWE0Vi9aWWqhJwoQk0Sh5KBUEQRAEQRAEYQcxqAOsX97LQdbvciMyoNzmJ+R0n1VH1FWqv/jbrsa129twOu1muIHVp49INAzWQi2G1YKUtS4EsnUF07kdI3CWJVWpVCg1xnJsuYFWoKohJIpIb15A3Gps+z9IDDQTSxwb6rUG1li09tyNXQbozPPbnq+8RafRDq7DwA7S7LdiczmAabZIvng7wRWXovZMt4/VWf/0h5j53ncCUDlnHwDB5Dhn/9q/YO6f/WMwlmBy3NnysUnC/Ke/TO2+h0mWVjj6//wPzv2P/wd6pLqhZnVdl07k9/bTtu8drg9sYwRB0HbYDt/G8v68QdYd5B4dBEG7T9BaSxzHbeHX9Rfm68kP6gHa5Ta6r1vNThWORQAWBEEQhB1EWQ7gjYag0UpjtMHYhNWFNe798v3c/Yl7WHl6lV3BJIFWJLbgzdFjIm7SqARYFYBVLFYrrEYVWloTmAStFIqApg5oas1ypFiJwKjOG7fqetFK5zWblueeqrM4H7P/gGVu7xTGrBJFaZjmzgpAu40aY6osEzChX2RcLXEsuJAlZpg2LzBpXiJQzTSHhtIYBbFKt5nmLrZYY9Ih04IgCIIgCIIgCDuIzXSw+yFGO/V1C4VFtQ+cazM/oUqWr7e+U4qtN99XELep8Avpbq0lsJR7he91+dlMAMqmrVcuSwqssvfkxMDzi3VmxiKmxyKINIFSqYDo6aan+qj514MlfYU3Wejn5XqL+dUWoU2YiHQ+6DVO703bvn7LRyoBu3dFW7wHxUyOB5sTZzP8qzk/rdQmBWDAPPg49b/7PKM//j1QqQBQ2T9HZf9cT9lodppodrpn/tp9D3Psf3yEJAsLvfjZv2fq0DVMvfNtqAFNDT4aly81i0KXfdWVtenQButfqP3vVe359A5S8Z2zZWGMyximbJ5BBFt/ue/4dWnj8lEE823y8wP701spvg66z0X7uJ0GZmwVIgALgiAIwg6jKOzzxnMAWyyG1RNr3P2JB/jCn3+FqXCcST1BK6ljI1Bx/xed0bhFYCMsGqxmOYpYiUKagWI0sShjqQcBS5WQpWpIrFT6ZmYN6LQFyvoPsqTLiFE6YmU54fGHTnDi+AqvvPQAxjR79iGzJYMNsEqx36xwkAfR4RHq8W6aapqF8GzG9Dyz5mmm7TEi28CShXpWlsCmY6GVtZ0RqTt0hKEgCIIgCIIgCMJ6uPcl31Hm3GJlgsrGtlM0M/utOmUG3VzpW54t29j2oG5gOR4+gHFbGKTjokxDJWuUMlhjOb7SZKXeYtdoxOxEhSjwhNUhjv1W4ovAiTUs1xNOrDRZayZYQCtFGMBE4AlaSuH+dcUL7rMHe6YjpidPjQyjtSIMN380O3728uWbotkiuelLHFteYs/P/xi6MpxAvvbAozz1y79J7f6H2/NaLxzn2J/8NRNvfB3h7qmhm+Q7gLtDy/cGdc+f8TLx1//dva3eFTbafzSswFom1rrPSZL0iL5+ufXaXdSWonzDm2XYY/hy5Ck+HRABWBAEQRB2EEWj9fK4Bz3/Yc8P/9JdNmbphUW+cdPd/MPf3M5UOInWikQlBDqCBEw+XYrtrmesFlOpNFgeCagmEcuVcVYjTRQbajqkEWqWK5palIm9mXtXodPK20Nv8wSYxIBSGF3lpWMxK2tPce4FM8zMjqC1xtos3LV1luCEUVrsH72XicrzRGaalm6R0EDHijoTPKcu4zh1pnieaY4yYlZIbMSa1VSJqdoQjcHa3hHsgiAIgiAIgiAIOx1fUPBdZ054gGqXEFNeUe5z3tU7iMaQKTkqN8uvsqyanvnb+PUvNmne30GCtbaPSSb0pq7fLBS0tW1Xbxo5S2FUes7rLUOt2eDoQp1doyGTYxHVSsBEFBAVWEqLXKjucz+Kon33frYkiWGtaViqxSystWgmqbNZK9sO67ySwEioqDph2/vxndD92hSGmvA0VmEGERB9QXirQnjrRhN7w2d48pHDnPsbv0S4u9flm8caw9IXvsoTv/BB4uPzuYWWpc/fxvxNn2fux79/+Aa1nc2p4GuNhaDbSdzP5z/ovcoY0yO+Fhk1tro/qegcF7l+4zgmjuOuckEQdOUCXk9IzQvHaf9btyN3qw0Tfn35beV/dhKn8a1HEARBEIStpigEdGeEdecBLY5jjhw5QrPZpFqttvN8hLm3Fmvh2FPHeOyeRwnPjbBBQkIry/uTPVTlnq1MLhSPpsl0tcVY1ETbkHOnG8yGIVpr1iJNSytirbAWtAVtde5tI/8Alxs+rEBrm7qF6wr9yFNM7x5jYqKKsXXCUGPi9BgopajoOnujpxhVEagRKkGMsqBN0N5pwxhLejcNdRET9gSjusloZRSt90MyjrWadhwsQRAEQRAEQRAEoY3rhHfiQ5IkxHHccZ0x3incz1zpQrTmxGJfoOxaUIAfvVmRicYlYaf9ZYWmYruOCHSaYmwq/rb6NL5bsMnEK2x2erKQztZiMkFUazAmEwuz1+PEwpqBxRY8sByz1Iq7tpmvvwitYFcIMxHsimBEQ1QyKLxYvO/2c3ZcyypNP6XTweZagUo/sGoUlSy3sVbZxpTvQHRiXvnxO50ZRIjrCmEMBFuwr0opJqenWP7S13jk+36GPf/L+5h442uIztpDsGscFUVYYzG1OvGJBZpPH+XEDZ9g/uOfx6ysldb77H+4jok3X8HowYuGao8fAtpYCALXr1Pu9LZFH4qOjXcxJknSdQ/0DRfW2mwQzMkjf//NC7++KO2Lvq5sUX15wXqjYaq3Gl/01RsIC34mIAKwIAiCIOwginJ1AF2OXzcy78SJE8zPz3eNToTuhzerNNYq9H4NgaVOjUh1wnflywMEuvuB0SjLJDFKW4xuMqOWsCp99K7EGqMURlmUirHaoJVGE3jtIX2jpPOc3b1JBQQEYYJJLNZW0EsQrAYYkz54a6she6FDaWI1ibEVdBAT6nGsDbzwPTZ94bEKrcehMkcwOsbY+AzVaBRLE2NbKK+NgiAIgiAIgiAIZzK+i61ICMg7sJzQ4UeggsyRltc/1tcFu8qt59gtc/V2icZFlLjW2nOcmrjNqCdQG8T624U7r6n5131ID0Gapkkpmx0OxYkYjjVgoWmpJ6otlivlqeYDHDsLLMbpT1RPxeDZCuyuQFHkY+dG9k+Sv5m0vdl1qckGs4PSCq3TZS0LdQu7MvHXCcYlY97PKPxDp7yZW3mZ7z7rLJ49fISnf+U/Uz3vbKqXXEC0d5ZgfAwbJ8TzizSfeo7aQ4/3FX4dycIyz/z673Lh7/0HwqnJgdvhBitY0sEAHctzKvx2/qdrqof+EcHb98d8OjY3PwjSvqSyVG3+YAy/rvz9101rrbtcu/68fLjnfN9fmVN3Xcd47gJx9/d83fk6+wnJZcegqKxSqu1adsvybdgpiAAsCIIgCDuMstAy7gEJIAzDrofP/MNZz+eRqEfwzT8s5kXhsvqUqnTqqeKVqZTWV/S5uy22u16cSF1pHwd//RGlgIpXT/E2q9Uq4+PjbWe0oUX6QijiryAIgiAIgiAIO4t8KFM3Lx960xd/kyTpn2PSuXyzj87xW+T8Pan4VuF+i7dZDuDEpGLqoK1W/vnIuQSdZqa0ykJBK5YTOLxqWW4pWok7b+nJU9ZirRPSMmeu66tw28tt329ny8KJVtr+5xpw/ljqDC40YOYGifvmXeV+snJaK7R212x6Xa4livFQEelO2bTe7e3+XY+i60LhQiVvDdXREab2zPLSs8/ReOIZGk88s+k6V/7+Tk7c+Bnmfvz7UQM2VqtsvwoGkuQ13bYujLcgP7LEq6fntubdK8sGyThzRv6e6spCb5+eP7+9X5nz1V8Wx3FbAC4TRoucu3lx1u+j88XbYVy/ecG6rEx+20V/Z/zpIgF7q8NObwdEABYEQRCEHUTRA6Z7GMyHQykSa4f5nX+IG2Yd/3f+IXKQ9Xq36Y+OVCjVm5+3TJz2Rza7+VprKpVKWyjv55IWBEEQBEEQBEE40/HfMfu5fvPO38IOeT/Usi/G2Nw865UvahO9mkyf4uX71udzfno7yQvWDiv++kKvE2tTp6/WCmMsGoUBEgXP1OCJVUVsLMam8aCVIrUMW4vNRGDlWa/TessNlEXzDWlo6YdXYN8InDMC1aDPer5z17l56bh6le5cs0EaCxqrFIuJYk+Yve8rlbqFC7ZwJvYH+BqnVmmI7y2rW2umZ2dZnl+gvrq6JXWatTrHP/wxJq9+AyOvOH+gc+IGAvj0DESwqvcizG40/q3MN7bDYONC8kKl1rr9ncuHYF4vFLPv/vX7/fKuX3/dsnpPBnmnst8Gv0xR+Tz5Pjy3z0BhyrudhgjAgiAIgrCDKBr55uccgfKRc+5z2e8yN24/AXiQeosE4Hy7itrQXU9+JOIwAjCAC12VLg+CoCtfSr6efg+ngiAIgiAIgiAIZyLrhXv2HWdlnfHW2v5m2yJFt7CetOxmu/wLxd6+lW6P90BroWGguYmoqG5POxGc03O9FCuOrFpeaigMqdtXa4WxFmwqmjbqNZr1tR5hbGzXdLm9dACh//kGHF9cZKb+ElOjVWbn9hJFHVtwWs4Jvp12uwHfnd9pm1FZbmAgttAwivGgWyjcaa/+aY/K1hJWIvbs38ezhw9jzdYIdWv3PMSJv7qJA7/68wN9LbXq7FdZFGebyyHdLmvz5TJK7ldlYZXLROAwDLvuo3mB1w8n3bl+O/1eLq+wLwDn++pOtUBa5moelLJ+SzfPTy2wkxEBWBAEQRB2EEqp9oOeCyczjDi7EQE4X66foFtWZ1E7hxOA821Ox2an0/kyLhxU53fHBdzdiVEsFtNusyAIgiAIgiAIwk4gCIK2yJAXJZIkaYccddGT8hGoSikTULzF7rNfVA0o/haGdi3eZO+6XZbfznvmdsACtSR1z26E9jFSoFBksj0vtRSPrcJKS4HqDKRGKbRVWGOxynL3527kjo9d3yX2R9UqP/VfriesVHq2h6VHdTzx3FOYOGbPeRcBEDeb3PuFj3HnJ/+KxokXmRip8OrXX8VP//y/YmZ2T7vddL3v+5G+PCewVmT6L0ply1SaK3nUKsIut2hvXdsJ913th39lKwUai7FqS0NBT0ztYmZujhMvvLg1FSYJx/7sb5n67m9n4g2v7lvUWrLzXRb0OvutbCoCW9XJfU3nu7CVX38n6Gqt26nZfCNCXgAu6qdy4Z7jOO5xD/vX6unQfzWokcLtt38M/DqcUH467NPpgAjAgiAIgrCD8EPH+POgN1yMj5uXH9Fd9pDp6s0LtPk68tsrmlfUpjLhuizniDG2LfCm9fghm1397dpxL3BpfqLe8DRFOarK2iQIgiAIgiAIgnCm4wQK976Ud5q599Ag6MTmzb8z9XTYF1vwSjWWstDM67FuiOiebXYEz3b5XD7KobAWVlag2RhuvUGIKjAx0ROzt2WgvhlznBNRM8e2UooTTXhoBVrGey/X7prIVtNgLEzOnsW+i1/J41+/jReeeJTXfPu7mdq7nyDsuBadntYRbbvPw5f+/P+jtrLAj/1ff4gFHrrts3z413+BufMu4i3f9+M8/dA9/M2H/yf3fv0O/udHP4vOX3uqPRw8FTJVJvq6ENCQun91xxkco2hYCL2B5C8Ha7WYemsrBa7sHGXnyloyx7bFWIsxlsQYksRCqNCVgMRYdLB1B0BpzZ4DB1hdWqZRq21JncnCEkd+5t9y2Zc/TDA2WlrOZBdoyxa4f13HEP7CXKmyw7DJU+SHzHeR6Jwb2EdrTRRFXfdff9BNWSq4opDSL1dfVlk+Y5+itrv5ZfmS8+vvNEQAFgRBEIQdSJEQ7C8rehEvE3iLcndAf0G5KBR1vzaUhYYpE5DL9quzfv/Qzf6Dp1u3SODt13YZbSgIgiAIgiAIwk7BFxLy4Z6hN5rSQDkZbdevfkX6LlO5zwNRtG3rnJA2Xyx1A7p1XPzpgbdl4cUXYGFhmBYOxuQuuPDCHgG4ZjamTbmB0u1pUlfvS024f1kRQ1tY9V3CmOyzUgTW8pprDvHqaw5xw2/8KxaOPc+hf/5LnPOq17G2uMDXP/XnPHHfHcyecyFv/t4fZdeevTx+12187aa/ZHTXDG/6nn/Ci088yjdv/SzR6CgP3/5FXnHV2/j4dR/k4ivfwo/9h//OrrP2Y5KEcy+9go/91/+Tv/6LP+YNb7qaT3z0Bl552eXc+sXPcfDSV/OeH/jHzMzu4bavfIlPf+xvmNw1zU/8rz/H2edd0BZ9059OxLCGgbEwFYfdcUh/nzpx6amjdZ5+ob6FNTrh132PXb9RZ36SCYmzu0c5/7yIVqKIgnWqHRIdaGb37eXok09tWfje5hPP8OLvX8/+//2nS8skaYpqanFnm1ncuPaH7m917lyXhYAegqLrx79PuuPhh3b2180PvnECcL9t9Ou3O9WUidBF0QK11l0hnov+nuxEsbcIEYAFQRAEYQfhRlu78Fz9wi+730UPiP2crm40XlHIZuh2HK+3nfx0UfmyduTr7LcvedwLnnMCa+1eXx1+TmD38O1vy/3IA6cgCIIgCIIgCGc+vuPXd51B7/vgIOFmN/smdXKkjFyMV//jNhr/G5s0/PPG6I1ze7wFD69Akp04lZWxWXBoUCjtmaQtpLmAbUcsVhoFfPx3P8gjd3yZKw99Pw/d+lmeuPt23vsv/h0f/38/SFCJuPStb2d1/iVWF16ivraMxbC2PM/a4glefOJRrvxH1zI1ty8VicKQy65+Bzf/4W9x19duZ9+Bc/jb6/+Uy15zBZe++rX89V/8CU8/eZif/6Vf5bd//Vc5+7zzGB8f56UXjnLeBRcCmcibuYLd3rdMegyDXC7g7cyAYzHAwlqtBdbSiGE06n8Mgu/4FvQl5w/Vlpk4JlxcJG62hlqvH9XzD/Rd3sp00oXGAF+MLPxzSYCCLSV/33QDbJRS7agLSqnCUPtFgmg+Mp+bP2j45VNFkcmjyKhSFGWwqOxORgRgQRAEQdhB/MRP/MTL3YQdhcu3IgiCIAiCIAiCcCbj55p0FKXsGaaDflgxZZDQ0ANV4oUb9h2v61Vqh93Wy8Rqsrl2+kLLagJHaoqGO6/Zf23xN7UJtw+rcsKwsljrD+yG1YWXuOPjH2ZkYpIn7v0aS8eP8fxj32Tx2HNUxyd47pH7Oefga5icneMVV72VO276S6bPOsDr3/G9JHELpRSNtRWMjQl1mke4vrqITRJaI5MsxmkbPvDr/4mLLnklSmuu/+P/zi/80q8yPbObhx+4n7mz9nLg3PM67l+ALDewU6stUDOKkZ2orChFrRbTaMTEI2kY6LBPGOjw6iuH3kQEjGyiicNirCVOIDaW+YZpX7NdoZ67Y0Jnv1XPnJOFM1rkHb0uHLS7/zabzb5hlMsG3/SLwHeqKPt74QvX7neRwO1Yr/07TRzeibcpQRAEQRAEQRAEQRAEQRAEYYvIR2vq5/j1O/TL2Crxt7SwE3ldek+/Hq8yv4n+NvKhoTuc3uKCsalou1mUUiTG8lQNlmNAqa7MyBrVDoudhn5Op1PR16VOoq0Ya62pjIyig4C58y7mqnf9ICaJQWkufv2bufC1V/HALZ/hxt/5NeJWg/f/6m8TBGFaKYaRiQmuPHQtd3/+47z2O97F+a+9ivrKErf81R/RbNS44j0/zPOL88RWMX/iJZqN86mtrlCpVJjbt4/f+r0/5OaPf5Tf/LVfYW11lev+5C+6wj+39zvdeeomdTw77fPMFJU6bu9u9yi8cGyVmakKzUQR6NPLPTosiYFWYjlaSzDu3qVU+9oE2qM7rDvfp7iNZeGNkyRpi8Naa4IgKHX/FqU2O50oa1N+0FBRCoH8usaY03Y/TzUiAAuCIAiCIAiCIAiCIAiCIAgbRmtNFEXtcKRFuSfzYUbLcl4W4dLqujWG9qj5pj1P/PXrHqaarnkqFTbTik5vD3B9a9KqAnCsCc83/DnKOz+pBzh1zLoDnIm+bWs1uAOvlGJs1zTv/YV/y1f+6o+478ufYuXEMV7z/7N37gFSVHe+/5xTVd09w8www/upgoiAjwCaIBJR8aJR0WTFayKubgwYzcKu2ZB4Ex95KLp7fWRlVzd6Rc2Nq4ls8Ebj2xUN2YhkI6JBMMhDBQQcYGDePdNV5/5RVd3V1dU93TMjMzDnkzTdU3XOqVNPq+p7ft/f2ReQbG7k6aU/oayiinhZOVWDhmGYFsec/Hn++Ntf8p+PLuW8BYuZs+gmlt9xA8u+cxUjjjuB+r27sVMpLvq7Wxj/+TNY95/P4AB3/fgmagYO4MMtW1j4vR+wd/cu7v7JzRiWSSweZ8To0WnhVwQFP3+Qg7cKLTZUmEea+Jt9hglvh6n0se1Or93bwsih/bCq48QMDlsRWClFa7u7L3c32d6IEEhfKFx/cjKjFXLzfxe1HO9bEJ0WrZA7QpS1sZQy/fHxr8Hh/L/BMsHldXT9LdYWusPBPAUsnMN9Crcb/B1cd3+abdt56xYz0KgvoAVgjUaj0Wg0Go1Go9FoNBqNRqPRdJpgTspgPuB8wkahadHtF2mxHFUgpGFECr5ZCk1xzaanh8OGeylKQTEpTouh1YZNTV7Mb1rU9RdE1nYUvo92lgDk1psx9yomTj+TQaOPRkjBOX+zkFETTqL24y0kKqoYO3kaVYOGcvYV17Fz03qOnzaTcafMIF5WzrnfuJ6R4ycxYMRoDNNkxLhJXLXk39j27n+zb8dHJCqqGDXhRI4+8dQsAWnRzbdR98l2hgwfzvQzzkIakq9dvYAPt3zAuRdezLQZZ6QtoPFXKx3pm1mDFgcqennEd7HkWJ13MNLCcRSbPzzAyRMGYhkm5TK6XG9GKUimoM2BTxpTtKScwA7OtXnO/ru4/R6+1GS5CBQQPAsJmv5HSplVx/87GB3si7i+GNzRMqIIC9VR5fP9zreMoJ1zofUNEoxellLiOA5SykjRutBy+5ogrAVgjUaj6UM8/fKqnu6CRqPRaDQajUaj0Wg0miMQX4DwI9P8CK2gJWn4hb1PPiEAuiathrVZkTUjX4U8RfKIw7mNl4gQMGgwVFV1soECWDEwDMC1LE51k/axrRmSDqQjeAP2zwgQSqCEH2LtRQkG6vub6piTT+GYk0/hYLviL02wr92i6fhzSB13Nm1S8IEpGOTA8KlfZNypM5ABUWjA8FF88X9+PdAHGDTqGAaNOgbHsTNWvl5ksp/Tt2rSFzjv3HOzBKYvnnUOXzxrVo7wJALqb1gfs5WgXUGsBzTgAf0tZIHcuyWj3JhtAOWJhY5ykzc7jsJR7kfZjvvbcSO7W5rbKEsYtCAos3K3UW9FKWhLKdps2N9q83FDCgeQfqBvznpkBjAUWsco2Th8yuWL+g0Lp8FrZlDwDZeLst8PiqRBN4aOcrB3R8RsocjhYkTnqHUM9y/ff0+i8gP39UhgLQBrNBqNRqPRaDQajUaj0Wg0Go2m04TFDD8aWEqZFQ0ctoYOtwEdCL5hhSWjMaZdWgtFMqpg/dCCOggCTldWofLpCsGI11IQAvr3L61OJ0gpVwTuKvXtsK8tNNETV10hEc89N+CfHNwpnmV2mwO1SVdM3rzTPI4AACAASURBVN8uctqzFbS2w752wV+aocaCcf1gQMwVXdNpWiMwDAkhyXnQUccw49K/oV7EqbclNRahBoICn8iK/A11DVfydqNHYz0Q/TpkQJwhA+Ld1l5mAAaAwlG+mOae144C23ZQjsL2BGHbdoU2uz2FFBbJFMSMgGNyL8VRkLLxxF+Hdz5N0u6AlEGr50gVGMiN6g0SuhTkRsaT3/I4LAaHxdxwOf9aangDPMLX36AA7EcBh/PnhsXWqEjhzhAVKdyRxbP/HRZ08+UAjmoHsi2vg8vVArBGo9FoNBqNRqPRaDQajUaj0Wg0JRIUd33BwhchDMNI56X0czZG0ZkorbTwq/KJtgUqUljMKdRUuFkF+GmAVSlJhQ8RyhN/u5oCWCmoa/ejfyMQIKL2RVogdv/Z3w5bmgW7k664GKwf+pGmLgVrD8KwuCsEV1sd9Ta7jaMmfo6jJn4OcHMX97dAEhYrReTPzGpkT0ypCHfrw5Dsc0/gx2u70125Wwj3GBfePpYCbAfaWpMo5SDjMdqFxBBgyN61TXwnAEe5fW5NKXY0pHhvb5I2RwTEX698Vi5g9zvrrBahtvMuND/hyNSwKBu2eAZyolshI3gG2/HbMAwjfR32B+IUytF+KIiKzo0qEx4wFCWCBwmL5kCW6N1X0QKwRqPRaDQajUaj0Wg0Go1Go9FoOo1SKusFvR91FhQy/Ii0cERwULCIjDwLR/3micos+I4/KNg4hcWpqGbSUb+KHCU4vdxeLAQqoL0bNJA2BfvaCwnJwhOBQ9GNgdm1bYJ19dBsk7tvCwrnChv4pA0OpmBqfzcqOLpaHotbXOviBtvL4WtmIpXTXQkHI5NnBpByXFGxO92Yew3eSeWfW0EbbV8OFcKN+E4m20i12/TrFwPLxHEEElck9oNqD/UmCp6zjneeKqDFVrz7aZJPGlNu5G8gUF0gvAhm4RuHBzqu0qUKjvHIMy/TH5Vj3ZzPyplQnXCEbjja1Sd8/fWvwcHBOEFxtOD1N99qFrB6jiobJEqsDUcnB8XusFCeT9ANr4P/3xwtAGs0Go1GozmiKDSqWnPoUEph23bem3KNRtN30dcHjUYThb42aDSaw52oF/VR0Whha2i/vJSyoOCrcn50IPxGlRGFo3k7JOARnRMJ3It1hlRXw39xLY8PhO2fowgJQwKFUrC3DVbXBa24RQnCYKZkkyNYXac4fYAbCVyK8C4QtNrQaLsCcNCpOnsVOm7U8aKqjeIXf1jhH+qeNOkKvwKEkAjhpKPvBZBKpThwIEUsZlJZkQBDpiNvg7mUDxmeHbnC3U+tKcXWujY27m3DVgGxUIpM/zyxW0o/b7TXVlb/QwpvWPAVmcnZP/xuRV8fg5+gyJnPwjh8fIatlsNW0f69pS8K+yJwWAjubqIE7yg756AAXMgSuphl+fjrGmy7r4nBWgDWaDQajeYIpFBeJc2hxTAMvT80Gk0k+vqg0Wii0NcGjUZzOJMvYsufBmSJwH5uSv+6l7Fe9dpL/0NoYgiRZ3q4Xon6RrpKkZpBqVF0hwpF9+T/PdAGnRlurpSgPgXrG/xNWWpncsW3FIL1DTC1v6JfIJI3dwRB7rJsoD4FQ+JgdmF/ObjbtUM36sMA4am5/imoAD+XsxIghcJBIIXC9qNkhUIKcNzYWS8aOEVrawOWZWBZBqYhXUG1G84LBexqgqaUoioWOBqC+WS9f5SCNlvR1K7Y35Jib1OKFCITxSwEQgbEbW9dhT8GL1v9dZcvgsdZzux0J0s5uvPZPUeJsvnK+L/D4mq4bDAi2B+E41vzd0YELlVMLWT33JHAHV6PfH0J//cGMpHAfREtAGs0Go1GcwRSWVnZ013Q4N54plIpLOtIeBzUaDTdib4+aDSaKPS1QaPRdERDQ0NPdyESX8j1f0flt/R/B8XfsC10Rgj2Gy683HSxcJRdZCeLW5d8erMiI5DlW0ZvjS1TdE64DbOvvXP1bAUft7iiK9A5r2yVW+9ACra3Co6vCO7esN9wIOQ7ML3B7npOZIeMvXAv1P07jxBpG29fZFVpS+iM8KuEL5wqN4+uo3DcwrSnbNrb7bT1smu+DZGKaZHYCl7+GD6qdziu2vGikTM5fNOSracCC7dz2XbDfp+96XhCsLcimQbSdbM2THa3/Whfb/8Xo4eGB4nks3suRdgttJzgtTkoAgcH4oSjgTtDlPAaXr+o6OaOlhfeNsX0Iao/wUjgvoQWgDUajUaj0Wg0Go1Go9FoNBqNRtNpSokc81MW+ZbQYSFCBUXGEt7Vp4Wq4qvk1C88I6gihkWYgMhVMEFoz9Ad0b8ABzspALc4rgDcpW5EbFIH2NYMx5RDWSEf5oi6Tanu2S5Htpzkir1IELabL9f2p3lCqpSgHLeM9MR233rZPycEbhR4plXSp5EKRGpHnWFhd+WAWzPpyN1AtG4mP3FYAAYhhWdJHbRczrSjAOlHCOfZIln9CkT7lqIrhqN+wzl+/Wl+2Y7agWwnwEJ1fKE3LAT7A3F8Mbi7iLJ8Duf3DX5HCbRBETdKpA7bPkfNC26rvoQWgDUajUaj0Wg0Go1Go9FoNBqNRtNp/MiufHkpw/g5z4MihGEYmKYJrfmXk09jUR3ML6aNyEKeEqQ8P1w/q6hvTe2LXFmCVS8MBe0OoTNpQ1sn29neAu0RdW0HmpKwvwkG9oOKROmRtG1edPHxFaXVa1duTuOCwnERdJe43lvwI1mF8I535dkee/tF4AlxykFKgeOAISW247gisBI4TsZHWnjnif+dvbBQ5HYHKOWK0FKAkCod9ZsWlPEFR+keR67Xc8b22bN4FjJbHPYtqoVMhwYHGs21gobShP9gWcMw0teIYGRusRbIpU4vND8sjgYjhn1B2HGcLOE0GMXbkTjtL6PQehbqZzBS2DCMouoWipTua9G/oAVgjUaj0Wg0Go1Go9FoNBqNRqPRdJFihc+oaLCg+BBF/tjbjikpHjdcWIVn5q/Wm+mOgL6mVMdlIpetYEdL7rSGFti+H3bWQUs7DKmEU46BeCeyIHzcAsf1c4XBUmhOQf8uZl04EjOLpkVg9y+UUGlhXip3nYUUSMcVYR1ACklLazMNDQ04jjtIorysnER5uSv++ppqwFq6VKTbnYw1sx/BKwQIRWtTI0JAeWUVwejgtNiL8MRftyGZvuZkcgC7668CbWcLzJmN1LmVCF//Clk4d0SxgmahPMLBdoQQ6YhgX+D1I27D1s1++eD0fHbPhaJ6u2PATFQbvXEgTk+gBWDgX++8tae7oNFoNBqNRqPRaDQajUaj0Wg0hy2l2ECHcwQH8wfntJvnd0l9K7VCQNwJ1+2ord5oAd0dImVLJxtpTEFzoK6jYFstfLgXGlsz2/PTBti+TzFuWOnbrsl2xdyKEsXc1m7YMH0hqDCtsSJwJAg32BflB4Y6ICT85ysv8rOf3U9rawsg6Ffej+v+9u8597zzAyKhzMoJnD7VVPby8m1W6UXw4g8awf27rbWF539+L1Ysxl996weZ/L4QsoIOCsNuv7PEZBkV/RtBEfs9qkiUkNoTdJQ7GMixhg7mI86X6zcq8lfTc/Q902uNRqPRaDQajUaj0Wg0Go1Go9F0G50VMqKi4YL5Q4u1dI4qn/V3ocaUl8PXt3QO/s4qF7KAjdSG8kcx9yTdITNFWTgXQ30qs00PNsOq9+HPO6ChNdwvxScHO9+/Rrv0Op2oksORpP9mR4pmRFL3uHaVUhm0TPZ+S8P93r9/H+vXv8uE4ycwffrp7NtXy/yr5/HRR1sxpEQKgW2nsO2UG23q5f4WgOPYKMf22pNIKVDKwXFshADDkAhvGgCOje8x7dgp7FQbe3d+yP5d2z1HAUDZOE4KhIM03GnKTqGUg1KOGw3s/y8oGJOJ/k1vjBBR15pirl3BiNreSNgW2rfntywr/TFNM8u1IWzbHMzz21vXs6+gI4A1Go1Go9FoNBqNRqPRaDQajUZzSAgKDD7dKZp2KDeEA3SLtHINijpBTcP/3Xlj28OETq5am5fnd8d+2LoX2nKspBXlpsOw8hRjBthAeaeWk+xEsGFKByh2iHtuqvR5owCJAAnKAQflnk4ykzp3wTev45RTPs+yhx7kphtv4N131jFs6DBefukFXnzxeeLxOBdd/FfMmvU/aG5q5rnnf8vKV18mHo9z6aVfY9ppp/POO2v59fJfUXdgP2fOnMUll17Gp5/u4YUHHqa1/1G8e/AjZn/tm/xl7RusXfkslTUD2fvJR4w8diIKxfZN6/nDb3/Jpzs+YvyUaXzx4q8hhcF//OutDBg2CtM0+fI3v4NpxbIig7Pz/wa/M6jAd+8b7tE1oiydfRHYn+bnBA5GBGcN4gkJv71xUExfQQvAGo1Go9FoNBqNRqPRaDQajUaj6RFKEQdK0iALqDO+NiHCGk+WJ224jupQ7VH4ttZHoODRiVVqScGfdyve2i440JJrlxyTDuP6JxlT1cbQ8hRtVoLG7ultUZSaM7gvELRmz5nn/ZM+wqXI2EGTOZeX/vM9DBw0iHfWvU1FRSUnnDCJl196gdtu/SF/8/VvsG/fPu5Y8iPGjBnLm6v/wAM/+1fmXPQVUu3trFnzBxKJON++/m8ZO/ZYxh8/gXvvvYvavZ9y1lmzWLfy/9Eeq2DG+XN5/79/z3/8662cfuH/BAR7tm9j5LETaW44wK9++kP6DxzE5DNms+o3j9PW2sLnZ1/Mq08+ytETTuLsuVcigrnHffE3va6Z87jAZaHgNakrV4JSLPW7g0K5e33BN1guSDjit9i+f9brV+hY7itoAVij0Wg0Go1Go9FoNBqNRqPRaDSHhKDtc9T0KLr6Cl/l/PD+LEHREUKgvLylWUVF788D2x0yi1lCI0rBniZ48n14bx+0hbyWJYoxVW1MHdJMVcxx2xZwQMY73b9YJ5JdGt2wYTrbRGubTX1jqtMCVUW5Sb+yz1beEd6x7UcBKyVcYdS3hUYhJCglcJQ7BeC999bT2trKp5/u4an/91vGjjmWRx5exv79+3jh+edoaWlm69YtvPWnNbzw/DN88Ywz+c53votpWqRS7Tz4wL/x8ccfseKpZxg6dDg7dmzn/zz4b5x99jkAnD3/Fs488wx+u+xuBgwbyWV//yOam+rZtW0TCGis28vGP65iyOhj+HT7h+zZ/iFb/vwnTp4xi1g8zjmXfZ1zr7gWw7TSVs9px2f/OhQaHFLKXgoKv8F66XzE+eodwgtJVA7ffOXCrg1BgddxnLT421FbxSyvu8n335u+ghaANRqNRqPpQ/xzogpwPY6EVEgEEgch3N8AZmgIbM5DubTTZfPdQBmGkTPSLvzbcQLTlfRGCWb+tk2Bkn4OKInCfZpzRMZqRjkCB4UjXNshR4GDdH973wrXpsZGYfvlUDi4v13c5TtIlHAfXsBtCzK5nRxvHfzl+dhk29s4SqXrPFa/L3IbaTQajUaj0Wg0Go0mQ1BU6LLg60f4dtRYvmjfqDbzLqyYQoc/iSIEVkdBQxu8tRue2gSN7RCUSA2hqLJsvjCsmaMr29MRuApoETEcYXS6f5WdUDrinRCNw3RWx6pvSrF+SyO23bmDZvzR/T4zAThb6EtPRQiVfl+SPnU8lVg6Au91DY/+/BegFNdcM581a1ZzxhlnUFVZQVVVf6688iqkIWlpaeWss87ijT/8ntraPez5dDeJWILGpkZqBtQgpcEHH2zCMAxqP93DkKFDkN4BU1YzhER5OYnyCpoO7qfhwD6aDu6nufEgVQMHEkvEqagewMkzzmHsiVNpbWpk+Jjj6FfVHyENyiv7Y8XjacE34wQgAl+CYtX9qAjhUqOFw9v9UONff6Ms+sPiblTO36AddLjdsKX0oaSvCr8+WgDWaDQajaYPIYQC4d2UeTfyMsvpxiF8h+vey2dumKR30w/5H3Tc+Sqrrl/Wf4AwDJm2xlIKlJMRdkGghJMWhB3hZOp67SkhQaQlWpQSnjDt4BoQOUgkKeUKuEIIJK7InL6XT6+Wg/Dq4EgcIVACpHJASRy8NsjcsAuVEYalN+zbJnNTq47kJ3+NRqPRaDQajUaj+YzozJOUG6WYG4nb4bv/IsXfqJnhcp3NAayUItnmkCpCCIxbEssqXbXsjkjX8g602XYb3q2F//wQNu4Pz1X0Mx2Or0ly0sBWyszAAHEghaTZSHS6b2Wy4/5F0Zk6YbpBQz6McN+KZKXIdb2fQWYGcEgBJ0+ewoUXzmHp0n/m/PMv4Mtf+Sv++Mc1/Md/PEmirIxRo0Yxf/4C5i+4hptu/D6LFl5Ha0sLXzxjJt/85rX81+/n8J3v/D0DagYghOB//++7kNJdrhQCw7L43Bmzee/Nldz1rblUDRjEJ9s2MezoY6keNIyz517J2797iQN799DcUM/FC76NGYulV8PP9xuO/M2xhS+SYs/8QoJk0Ib5s6YYYTRKkA7aQecTfUtZhuazRQvAGo1Go9H0IaThCqnS+8dAIb3RjtIfsuiH5hK46RTBNhSGyH3EyX+DmhlBqPynckApB/zRhUJ5uZJ8ldUVUG1PRBYIlLIJukYZyhN6PYFWCne0cSpLBFbpEcVCKXzDLun9rfAjed06UklsHHdbKDfaWPkR00qmS0oFNtkiMIDhicACVyjXN7sajUaj0Wg0Go1Gk004mqyk56ZwqF3+x9CiFJlCOToDj6/F960ThsBKwYe7Wth/sL3DsmNGljF8UOlCaXcIwAnDtYFO5dmujoINe6PEX6iO2Zw+vIkR/VKYodcJCmg2ykgJs9PhtKPLSs/na1BcVHNHHMl5hLMjQoN20OEctQqB4KI5czj++OOZOHES5WVl/MM/fIcvfelLjBwxguHDR/DAgw+xYcN7oBTjxx9PWSLO5z//eR588CE2bNiAFbP43OcmM2LECH7603/m3XffobGxieOOO46JkyZxsL6eb9z+c5JDJ2FIydgTp3Dt7T/jo/f/TOWAgcTiCfpVVVPWr4KLv7mYyTNnU/fpboaMPobR40/ANE1ueuQ3jDj2+GixNeIdWJiir1bhgn7TvTgvbb7cvWlhX8qc6dLLoxxlBa3pebQArNFoNBpNH8LPiSOkLwQrDOH/9hOfBB/Gc0cgCmljeFJs8MYwWC7qhi9LBMbVmZUXYauUQsnAiwDlRhEbfllSgMRWrhDs+JZDQqJcyRYHRUqA6dk/g2/Z7LehsD2x2RGAcr+FCjzyC8dbfVcctpW7XFeQDty/+4K511cnuB08UdgRR7T7l0aj0Wg0Go1Go9Gk6UzEWlQdNyWQXyA4IxNomPW4GXicy6c7hEXe6MjdqP6Fy3g+T4EuqsCncGv5UUCyzaGpxe6wbHs+9bUDSsnfmw8pXJvlujw6dcxQzBipWL9XsKc5IwwOTqS44Jh6otyKFdAoy2npQvSvKeCY8tLrlZtgdJMAfIhdbQ8p0XbQEAwBFrguaqNHH8Wo0UeBN+B+xMgRjBgxHH9ExvjxxzH+uOPSLShcgWrChAlMmDAha7nDhg1j2LBhWdOqq2sYd8oZbK1XCJnCNCxGjB3PyHHHZ0XzCimpqhnIiafPSq+DH7V80oxZ6b77+X/TaxOxH4OXIxU1Izwz9Fup7PKOF3SR7/rX0bU0yk65UAq2Uq/N+QTcqGjgYF+klEgpc4TgzkYzh/vhOA5S+unjimu70LvJvoIWgDUajUaj6UNIz97Ijap1MBDpG2EhlCd+ipwbSf/btY52kCHhN/iJIiz+uvl7/b/9GzgBKmMD7aBwHAfbi6RVCAylsBX4zljKca2bhae6WgIc5QrFDq7Xs+E4Xl5f5Y16VghHoYTCSN/3ZXINS8BWDggwXdNoL6rYFX0dTyMP3tPLwP2j4+e/IVsY1mg0Go1Go9FoNBpNrpCQ8zI/6jHKewCLfHdfxLSuvPLPqVtkdHFvQgg/UVLXqLGiBeCm2gN88MIadq/bzMCBY9nzuXNBSkaUtzNrdGOk+OsgaJIJms2yTvdHAMeUdS6Xb6XhRgF3Bdf9q2+TPm+9fFv+6eF+ByYERFfllc8+lUTg3zzLwg9U8IRSb0LmfZTw5mcqhN9TZUf8Zv9QjkIEQrrDY03ydioPUderqKCJqLy5UdOj2uqMCBpuuyPB2O+zL1D7QqwT4SDozw/OK4bgOufrc2fE274m+IbRAjDwdzf8sKe7oNFoNJou8K933trTXThskCITuSuVZ/0slBv9K9wbXcMbv5y5kfR/+zfqEhw7cHOX/fHbD5IO7A2G0IIr+gLKIf23P822XQFVKjdvr41wI38dN94XJEq4Qq/jNWkr4QrbQiKVIqUESng3qUAKhfQeSkwl0sKwbxntCIWjBIbXf1u5ArPEcaOGPftoBzxL6YwFtEjnDfYii7NXWKPRaDQajUaj0Wg0HdCduS+742lM5fzouN1Dkb+zMxjCtWnuCgMs+BD3mVgpSNogW5v58+P/yZ4/b6W59QBVH29gZPUw2iedyBeGttDPzF2ojaDRKKNFdj7yF6C/CUeVlS7CSqDK7Lo1tuTItoAuRNRh7r8CSb8vwnvv4znNiaDI6wnB/r7LiMZkygSm++0LAUiRyeHrv7uKsHLOjCkJDC4Jib7pvnv9LuYU8V4rZROYUKiNcBRrpsuZgTGFIoE7c32JEpSjIonztZ/r6Oek+xkWj4N20b41dL7o5KjldZdgW4zw3RfQArBGo9FoNH0Iw3a8GzLHG5WXGTnp3jzbSMdJ37RFRfcKqbxRsv4NqQr8zkUF7oyzb8D8aF9PpHUEjnJAuDfDGCKdX8RxwFQKxwYVuFluNxUGEkcpHEchhYPtKJRn3SyVQmGiBLQJ97EhJUE4rv01tnBFZO+JTQqJHbhr92/M3XzDDo70baXBEf63u142vk20K0g7qC6PJtZoNBqNRqPRaDSaI42wGBEWH3yRJ+vxsbe+sz9MxvwKXKvk9i72t8yAChPqU1DbDI+9Byft207bBztIpVqpb9xN/4phVL71AtUnmdSUj8gRCh3goFFBm7SiVcQiMYETKl1b6lKbicvO1QtjiM5HAFckDI4dVdZpUb668tBKO1EWwFHzXZR3/grXsS1PWH94qujgt1C+ox1p0VcIfzmZNgWZf6L3cfCaEwhaKHQ8hJTp9J+qtMuAYRjp6NmgiBrcruFcuzldCbrrReyPzuQZ7kiIDYu4/iccBez33X+P2FE0cEf9DLsSFhMd3dejfoNoAVij0Wg0mj5EzHBH4Anp27aAkP6NlCcEkztiL1sAdq2jIfqBPYrwaEH/tx/56zhuDmDp5QNGSWxvnKdyQAgHpQRS+qMHQTlu3l8/CZOQCqEESPeFgaOU94DrLUS48qznAYRQrg00gB/3LJSDRKRzCIv08NLATabfinfj6dpCi/Qi0rbQeDbUGo1Go9FoNBqNRqPJS2TEGWSHAxawdBa5szsknySV005A9FGOcLMABwWfwML9J0732bF3KdYCMLvBAzom3SjgnU1w31r4uAE2tI/huDGnMvid54lZ5SjlcGDPespeq4GvXgzliXQfymMGNVWVHGwwuiSeJySc0h8GxztXv9wTsv1ctYXI1v2y96v0BODO6E1lCZOjhpU2bLw3RC8WEgozs0RAWM2IsIW2k/BE47TYGwwBzhTyTjn3HPP3iSsKi3RlERRQM2pwVj+zLi35NmvgVFZZ6xcqEh6wUoCwjXJQDHb7Vtz7tfDv7qSjdn1Rt6Mcu/66BkXvQoQHGRSyo+4MxVhmH2n0dYt6jUaj0Wj6FJYJpulgGmQ+UrkfQ2EagphZ+BM3BVZMYcUUpuWkv/3fwU/B6YbCshSm6WCZwuuPO900bSxDYUoH07CxTAdT2pjSxjIcLENhmTYx6T6Axg2BaQgsQxE3ICYVCUNgSIUUKaSwMYSNFG40r6FSSBwM4SAF3rfy7LAVhnA/Ese1elauoGt4HylEeppEIBWZeQhMhGsF1cse+j8r3n4Ghv8Ynqrt6Z70XQ78Ecb+EO55v6d7cmjpq+vdWWpXXMfY8dexfHdx5dfeOYmx4+9i7WfbrSOe+lduYfLkudy/LtnTXdFoDilRx757Hcq+rkRNO1KIuu7qa4JGk03eQcW+mkru5GKm5SOqWZVnutux4ELC5rSu6KNC00pFABXlBgOqrA4/iVjnXucL4UYAd/UJVQo3ouzpD1zxF8C2Yrw/6Yv8ecbXaD3qBJrbDlBTNZrGTZtpWPseTiqFIQRDKxKMH1TJyDLJKdUwOFZ6fyQwLA6fr+68+ItSDIu7z/yR+zxwMKjA30plRz6iFKY30DwcyVn8h6yP1728YmJUtGhPU0hUy+PMnDPdmxoKQMj+W0r3XQxe4IIf6utbQaeF3uhg46zpWVsv3wUhOEllf4eJmq4iPgC2bWPbdpYQbBhGOgADci2WwxG/3bH/swI9QtbQheydw3WiBgSERe1gG8FAkzBh4TefXXSpIm5wuX0NHQGs0Wg0Gk0fQhr+zZRnAW2QjvyVUoJQmKGb7JyPqRAyaPHif0ePu44anRi2hVYKHNu/uXRHQTqBByw3QtiziXbcaGCllDti0nHrGbiRv7YDKa8vwsnYMTvCtZpGest33G8J2MJ0c/cikEK5VtQAQmKg3P8pgaO8UaXpyGA30ljizlPCFYJtzxK72LG8q38Fp6+HN5bA9CLr9CpSPd2BbG6/GW4+EdTXeronLrvXwd2r4fldsNE/dSTc/deweHz3LKO1J94h18LcpfBUaPKYcpgyGObOgHmTPtsu9Mh6R/DEUrgiNABiTDnMnw4Lz4Tqbhp2u/mxuZx720bO+sdVPDJ3UPc02hPUb+X1Z5/gySdf5vWNe0kC8WETOWvO1Sy6Zg4n1PR0B7uXZLK+p7ugOZIp+Xzay/IFM3nx/OB1xJ32/VXZJf12Fi+aw7jy0rvWY8f+W3cx9vJHgdncu2YpF3d0TVn/IGdespTtXM2vN32PqZ9x9/Q1QXMkU2wEW/jlf6mC6xhk1QAAIABJREFURmekj6jI3qDda+ARr8P6YdnQf6btbOeEgNFDyxg5uOPKptkFy2ThWhanuqAdtdnwykfwxie589rHTKLmpGoq/jKM5t+to735APVv/4lhX5jEqAHV9C+zML3IzMExqDCgtg22NsPBIp4pB1hwTJkr/CY6e3+tFP0Md/mZaV7/bWhug2Sb+9tRuWXCWLLreYSDSAExA/rFoH8ZVAT6mTNGQuVPxdUTROWXjS4X/buY8kF9N6tq1B/5hOAi8a8J4VXpivbqOwT4+y4oTEblBi7WHrnUefnKBK/hwfd3+ayX/emFUsI5Xpq5YN1wvuNi17ujCOJ869WbzpNDjRaANRqNRqPpQ1iGL+RmW0D7OTqkBENmHsijcgBLy0HI3NF6+W+ogvYs/m+Br44qRwRGCIIvACsHbF8EdmR6vlJ+/hBBqk2ivBty6XhuVhKkZw9tSEkK5VoxS+UZBDmg3Hp4dRzH8cRed5lSKG++g5ctOC3o2p7gi1I4AqQQOP4Nr1IZEbgXjcj9rJlyCey6pKd70Tvxxf2JQ2H+DJgyEDZ+CNtq6VbhfNgZsPWMrrfz/C/g+TFwXwltzZoEN53o/t79Iew6AM9/CFc8AYsHwvPXwJSKrvctiu5a726hClZ8CaqBA7vgjU1w36tw3wZ441swpqsisL2Rlx7Zynnnz+SlJ19m+9x5jO6Ofh9ikusf5Iq/Xsra5kqmfuVSFl81jXFs4a0/r2H5Ezdw0ROPsuBfHuTGmYexwB1i8JylrJvT073QHIl0+/l04tXcu3gmg4Hk7g28seYVli+7gXNXbuHXT1/P1BIjrXr22I8TL3+FX7ywg4vnjSpQroGXHnmA7YesXz29XTSa3kGx4q8/OW0fW0TbuTG6HdTzHk+LFX/DuMGHImMl3AmdQQhBzPrsBQrDewzvymPIhjq4911oDjUiUZwzuonh/frBqDPof9IJbHv4Ecad/jlOPGYY0jBCwhGUm3CUAaPL4GA77GiFT5PQ4rgitSlckXhwDEaVeTl7KU40zEX5/+eESs8O29uxbSmorYeGlqC415OCUeaIq4jBuEEwoDx6kEKxgy4ONYUEwS616/8TiOhVQDrNcHBadq2OUYHrhxffkNXdLDeAUNXAtHSQRHTRNL4wGhaDo6J+gxSKvI2ans9GOartjuqFlxfVt/A0X7TtKPo3X3/yRQXn2y6FpvWmyPlDhRaANRqNRqPpQ5gymP/XFYKllAjpfksJUjjuDavEKwNSupGzbv5gkNJVb/Patsjsmz7hRNygyaCFkgQ7E9mLMkgpB+l4ArFUOOlvUMLNH6KMFI4tUShXlLbdJyLbAD+PsCVsbCFBOa6oq8DG9pVvlO1gKMeViZVr3ewAjjcc3MHGwMB2bLfbwl8P5UYHC3eaPxTVH9EphMwaUa7pg2yGheth3jnw+NmZybNO7bkudcTbm2BXiapi9XCYdbL3h/e92IHda+GS38DUB2HrP3SDANrbicPpJ8MwgJPhkvNg4Wtw+qvw8LuwZHLXmk++uYL76ubx+A1jSZ79IM+sn8fCE7uj44eQnSv41l8v5b2J1/PrB69lapU/YyZnzb2axbfsYPl35vL9BV8nvnwFiyd31tdPo+kDfBbn04CxTJ8xjcEATHPbueQuzr3qQe574Qoe+crhNDAjybixE1n70HO899VrOSGfLctHv+WhZwdz1sxKXl+Vp4xGoymKjnI25qsTfpkvhMgSYSLcWPP3Ic/vyILBMEJV/DKCbURZvPZmeUEKiBuQ7KQCvLMRvvMHONiWPb3MsDlzZCMjKvyGBeaQAUz8X//A6IGVOeJvEN+5tybmfrqXzI71d/nwuCskO0rRnoKDTYL9DYKYCQPLXaG1fwLKY65IfKh1VduBlnZBQxL2N0N9K/x5NwwoUxxdAxVx5doge6QHR/SyaOB8dLmPAYHejS3w8guLsOgbEsyjRoYEZxUb5auyf/oir3+timgqh3B0bVAADn+C0bPB8j5S5n/IDh4TheyWixFSS6FQjl7HcdIit182uK5dWX5wO0b1Jd/6Hukc6a9hNBqNRqPRBDCFgyUEcUMQk97HUMQNScI0sEwD0wLDIp2vN1YmMMoEVhlYZRBPuKOT4zFJPCZJxA3KEmb6k4gbxBIG8TKTWML9bZUZxOKSWNytE7MEVsLEiltYlollSUzT+0iBIcESEJMCSwhMwERhKDCUg1TtSMdGSoXh5QuOSUXMNDANgWEIsATCNLAsC8s0sAyJJRSWAMswMAyBNAWGIYlJg7gwsKRwPwLiwm0zIRWGsjGx3dzBKoWBjSVsDOF4bSpiwsYihYXtfpSN6fQyb2TNIWX3dngbuPBwE+m6AwnDToXn58CwOrj9zZ7uUM8w5kyYjxsR3TWSrF25AubNZurIc/nK+TtY/ruN3dDDQ0kDz9x5C6/XXM0jDwfFqgDGKC776c9ZPHYr99+x4pBG5Gk0hxeH7nyKnzab84DXN+3oQn97humXzmXqzqXc90JD3jLvPftz1k7+Omcfe7hdUzWaw4fwy/iw9We+stC7xdRwYKDoxojRVtth/f42XtjezK+3NfH8x82s399G0i7O/rQQnbVO/rQZblwDfzkQas9wOGVIC6Mrsp99hRBgWjgFBKrPFJWJ+PX3VT8Djipzj72WJOyuExxohBH94YRhcOJwGF3tWi9bxqEXf8F1ZKuIw/Aqt08nDYdjaqAxKfjzLvjkIKSc4MCJTN2+JmxlWQNErXoH+0+FI3w7qKcCp59frzNbPEr89KcH8+YKIXJyA4eJskT+rHJE57uWd4QbbJK5Dvg5kB3HyRJ9oyKEowTdYpdbSPTuS2gBWKPRaDSaPoRlCSxLYFpgxQRWzMA0DUxTYJrevJiBGTcwYyZmzET607yPsExEIvMhbmR9RMJExk1EzEDGTaRlYFgGImZgxNx5Mm5ixgRmXGAlpLu8uIURk95yBKYpMQy3r6YlMS2R7qdpSkwLYqYkZhpYpiRmSkzDxjIVluFgma44rExAKjAyN55CeDfUykEKgTQclLSR0kEYDtJSCNNBGu7HMmxihkMsBmUxQSLmCuAJSxIzwDIh5n0sU2FaAssAs9gkwMXiwOpn4MJbQdwMw2+FRc/AgfA9fyM89Ss4xysnfgwLnsot98RSEL+C1o/gu3e6ZW/fkD2PRnjiFzDph+78038Gbzdmt7P7NXfe6qhpDmx8LdPnsXfA/e9HrFsKVobW7fY/wjavnSdqI+qUQkfbZBdceDNc+FJ09YfvAfEz8N93HNgKt/8ss13G3gH3vJtdp7rGjQZdW8Jb993rYNFSGHtzoN3A9rr9Zpj7Ghx4F664NbBtNkRsp8C0A+/ContguL/uv4KNrZmiq3/llr0ZeOpVbxt1w3av/gJ8NwEPv5fZdkDxx3Id3P8QnP7jQLnfR69jFt7+9uuNvRMefj+znsFjtZRjvWQklAG7Au/D/H1cEnWv8IvHBrPogslAJWfNns32h1awOl8OZHsvq5fdwKUzpzB2/CQmzryOO1buoDVPceo38syd13PutEmMHT+JyZfdwGPrGshq/qMnuHT8JM58MEokSbL6timMPftB3rPzLOOj3/KLF2DqNZczvVAuUWMiVy6aDetW8PrW3HW64kvTGDt+EmMnz+TSG54NiFrruGP8JL6xYi/JTSv40eUzmeit+7J1rvgTnD522jx+tGIrOZswajk/XsHm5mChvSxfMImxd66D+o0s//E8pk2exNjx0zh34aOsDaf3fOsuxo6/juW7C6y3RlMKXTqfBnHZsg3F5xG33bPkhOHZKnNy07PcsXAOk8f7x/5dPLMpdEZ15tjv6rUmyPEXcdX58NIvfhstgNc9y31Ld3DeVRfljxBu3pp9ffzS9dzxbP5rR1HX3TzbpfYPj/Ltq/1tOoVply9heXibajS9mLBIEfWi3n/hHxQ5guWD3x3R6chbXxQMiD8qaCnbgRV0/uV0QREKsKGujX95r4H/+0Ejz21v4dVPWnluRws//6CRpevreWdfEtvp/EIMUboI3JKCBzfA6zuzpwsUE2tamVCTxIhoszxmUFMW65HI1PC+MoDRCVcEbkvBrv0Cx4ZJQwXHDXYjf3si4rcjKuJwdA2cNAISpmDrfsEnB/38xFoEDpJj+66irw95hd+syhGTRO7vAlWy5gU/+dKt+TiOg23b2a56AXE0iB/hGnU9zbz/yh5001mBOCpHb1S0bTF5i8Oit23bWX32++3PD9YLLyPftgz+t6YvnxfaAlqj0Wg0mj6EYbp5fw3PgkkIhUwLo65Iimm6Dz2Gd9NluLmBMTzhNCigejdoYYThjn8W3shU4T9hE7CDtv35AuE4KAnSlihTIRyFY4KTclAKHBscR+AYYNuZnCiiXXm2PgIlHaQjEEqBUCBsBAKlXD9rSwlSDtjKQTkCBz+nMDhS4Ajh5RNWeLeX7nICls9C4Fo7A45w+2F765gyvDoO2LjTze70gHbgiZ/BFXvgprPd3Kqtu+CeP8DEPbDxGjf3KMATD8PiFrj5f8BNFXBgEyxcCxscWHkpJILt1sF3n4eFfwt3h/O0NsPt90HdFLhvsru8Jb/3LH0Xw5giur1yOaxshcVfgcVt8NTLsOjfIbEQ5g8PrNuD7rrNPxVePQZXjFsJV3R9kDtQxDYZDvNHwtx3YNt5oXXbDk/UwU3neNu4FuY/AgdGw5JL3WmrX4XvLofWGNw0wa2WONndP1c8BQc+gSVfgmEF7r79fMGzRsPdl3m5ZD+EN2qBCYGCm2H+Trj/Rnjcb6+AUFu3HuaugUtmwuMVbpt3/xFm7cvkpp04A16dBE8sh22BnL6T+pe0mXORcPo4YD1sBKZD8cdyPSz6Z3h+INx9iTtt9wZYsqeDZbbC7f8CN7fBkjNhyUBo3QcP/woezmcr1w3HeiSbYAUw108/uQGG/xouKTEqvHbls7w0ci6LJrp/V82YzXnNN/DkyuuZfn5ldmF7B8sXXsT33xzLxYtuY/HEwVC3gSeXzmV+sj8wNrt88zruuGwey+qmseCGB/jJsDjJ3at46NrLqa0JlDv6Iq46fwnf/tUq3rt2IicE26hfxZOPJZn64wvziij1G9axlmn805mFcnF66zdlJtO5hdfe3cuVYwcBDbz0vdl86w+TWXzLv7CoBpK7V/GLpVuohaxcyMlNj/LtJ+s5/bq7eOSaLTy99C7uuOx7VP1iNi9ev4ITbrmLRxYl2fzsnfzoB3M5WL6KewPbcO09M7lixTQW3HAXi4bFSX70LHf8+BYu2h1n1QNzPGtcj7pXuOPKN6n/6vXce79f9i4urY3zu+WHZ45mzeFB186n0tj+m0d5jMncODNz7Ui+dRcXXf4ozP4etz46icHUsnbZbXx7zu/Y/vSzLJxY8mIydPFak00l5111NaMv/3mkbf72F57gpfJ5PD67EjZEVG9exx2XzGMZs7nxlkc5oQZq1z3AD78zh9d3ruDla70VLfW6G8VbdzHt6l8zfcEN3LtgFPHkFp6+cwnfv2wHiRcf4OJhxayvRtPzFJPXMfzivhg6/eq+CE22WF0g2146O7un6oyFdFYfFAfbFCs/aWHlrlbsQGOnD41z/qgE/7U7ye93J3nw/UbGVhpMHRin3BTsS9qYUjCi3OSoCpNyU2CK/NtWCKgwobUtcnYOjoJXtsOTm928vIFec1RFG6cOaYkUfwUwsqoMK2rmZ4rK3qfe7+EJxfAEtKdge63AlDBhqGv73NtE3zBSQlUCThkN63bCh3WCMksxsJ8rwguB+14lYAcN3WC33Itx1zkUBBz4O2rNo6ye81GEA3TR9QWB60yeXdJR7lwgRxgN1o1qL92XDgTQz+o4KSYXcbBvQXvocD7kYP2w6BzVVin5kI90tACs0Wg0fYgvnzuTp1/Wya36MlIqDMONrHVzASvPVsbLBWxKlCFQUnjCr2enbLj5gZHCFWg7GLFoBHMAewKpVPjDVN2/U96ob8dxxV0JSno2TY5E2qA8kdUxvDI2GIY/ik+69862AqlQjsQxvBs+obwHIQen3QsREWAK4eYUFp61jhTYKJT3UOp4Yq8Sbk6gwAqBcMvYOCjHwFEKB4FjC2xsDNPrq1IYjtduN4mXALt/B1fsgsf/DuYN9SaeDLOGw+nL4eHNsHicO7l6AmycDdUyUy5RDxeug7cvgenBZ/CdMOsGmBgWfwG2AvPg7kmZdibaMPYNeCqwvEI8B6z8ekZ0njUUtj0I96+B+V/JXrcl8+CmSZm6s6bC7T/NjtbsLMVsk1lTgGdz1+3tt2ClhCUnZ6ZdcAnMnxro63jYtQRuXpsRgJEw71pI/DssfBMe/hMsng7fPSdXCD7wJlwSkS+Yk+GS0Lo8tQfW3gjDinyXsuhd2HpDIAfvyXDBKBjzFNzzR7jvNKge7QrPq5dDXTCnbzcwbHD238Uey7vfhvsdePxrcEmg3LwOnNVX/wZuboXHFwbaBy6YBFfcn+d46oZjPYsUbNsEty+Ht8vh4S940yUsuwbmH138y0bYwYtPrmL0pddnBI+aM/nKHPjWi7/j1vPnEIzLq/3NEr6/ciQLfvkEN57i5/ycxvTzT+P+C+dyT5YQkWTtfTewbPdM/um5B7hsJOnyZ82cyLdn38DmdNlKzrtsHvEXVvD6+ms5ISCk1K96lmeYzb3n5xejks31wCRGFyNiDBrMOGC7H+FX+zuefDbJ9CW3sXCOv4xpnPWV3Kqrn0zyyBu3cVa5t96T4nw68xa+f9UOFvxyBYu9bTL9tMHUvzmXe155k1vPn53ZhuNv5uXX5jHOj6qcMY1RyQ2c+48reG3nnMA2Alb8Dn65gn/yt/OMaYyyt3DubT/nmY3zuiaCaTQF6NL5VIj9W1n9hzUMBpK7N/DaK4+y/M3BXLnsQa482l/4Ou757qMkr36Ul38wDf8qM/20yQy+9ly+/9ArXPnT2US5UhdH1641YeKnXM6CyY9yx69XseDEmen+klzHYw+tY+riJUyPw9qcmt71MXk1jz/3vUyk9YxpTBl8HWfe/CgvXX4n51WVet3NgzGRnzy7iivHB+qPSvLenLt4ctUOLr6s+HXWaHqasDiRT3jo6EW8CvwI5teMLJgnr6cAglqtLxp1tNxwJKEIFwiKv4Wb65A2W/H+gTZe3dXKBwdTOe3tbrYBwcVHlzO0zODfNzexpcFmS0NzTlvVMcHnB8c5bXCc4eX58+7GJMQEtBXR+U0H4N53oC5kSDC8vJ2zRzVFir8AA8tj9E9YHS+gW8kVf928v4pjy8FxYG+9+1pi3CAYWJ4RTQ8HpITjh8DGT2HzXjdPcZlF4JjMXp/DJS9wdxG5qnmuD/ko5XxWgetK1N9ZbfrXoRIWkE8YdZeRbZGcL/rWn+bnEu7Nx4NSCtt2b1h9oTucL9j/7kj41WTQFtAajUaj0fQhrJjh2j5bvh20gRWTmN63EZMYMQMrbrrzLAMjbf9suvl64yZGmZX+mOWx9Cc9PW5ilcWwEhZWeYx4WQyzzMIss4iVWcTKDMy48D5m+mMlDDcvcMLwrJ/BMJVnBw2G6UYxu5bQkIiZJOIx4vEYibhJPCZIJCTxmCCekJTHobrcoLrcoKafxcBKi0FVMYZUxhhaVcbQqjiDKyyqyyXV5ZIBZZKacklNmWRguZGeXlku6ZcQxOOChAmWYWNIhSmUZ/8ssUwR+Lh20IbZfTefz/03MD4ghHkkToQLgDcC3oYXnBcQOj2meiGM2/aFGh4IU/K9pR0I8yZlTxozHqYAdbnvGyJZdHYo4ng0zErA24H6K98FRsLC0LJIwLxpxS2nI4rZJtVT4SYJjwetnB1YuR6mTA4I54OzxV+/r6cPBmohy9HRhEu+Drv+Ae4bDo//HoYvgYc/yq7+/BrYPRLuP5uOGQtTSriLX3xGQPz1uzvVtWa+f2t0ne7kQCj1YrHHcnV/10L7ufWhBgsNYXVg5QZ3f80Ltc9QWDQhsla3HOvUehbbns322CdgZQ2s/fvA/prgir8lsfE5lq0bxWVnBtXESqbPngMvPMHTWcfSDl57ehWcfx2L0iKEhzGRi78ROqHsdby4bAejr7k+W9gEGDyHr341e1L8tDlcWR7OP7yXF3/zCvEr53FeDZ8NVYMZXQ5rV67JFrGiIgC/OtsTfz2GTeHsE4ET53FZcJsYE5l6LvD21ixr2KlfCYi/HuNOPg1Yw+awje1pV3NlaDuPO/VMRrODgweLXDeNpjex/lG+ffXVXHH11XzjB3fx4sGrefyNFdw4MxM5nFzzLMt2TmTBVzPiLwDGKKafOw2eXRcYONI5uvdaM4ovXzWb5BMPsDxwvax/5VGW7ZzNVXPyiLPJNTy9bAcnfGNujs326Bmzmc6zvPUBlHzdzcfkOQHx12P8FKYDqz/cW1wbGk0PU+ilfKFyUWTVKiT+hsuSrbEEjKi8PhVcbCjKN7udqLI5y47yhi3AgaTN0x818e9bmtgUIf4CbG1I8cTmJtbta+OoCpNYgeeAg22KVz9p5f9+0MiGA+0Fl92viLCw/a3wvTfgL6H7mkrL5tQhLSTyPO8mTMlR1f0OvdgU6o4Qnvjbz7W+bmyFplY4qgaGVBxe4q9PeUxwVA2kHMGWvb4jWWZ+X9G/VGAghgqP2FDBnx3v5KA9c6f7A+lrVWfbKRRo4dsk+9bQURbPkf06zA6IoGCdL1dyR7nkNdnoCGCNRqPRaPoQcQMw3ChgYXgj6AzXstkwJUI6SNGGVTaQg/UtVFSa2IkULXYLgysrsVpa3cjWWALbLCMZLydlCFT7QcpSjfQ3y2lsEcSNCtqo5WBZP5rsaqqaWqlx9pNKKJpFAktYOGY7FQ39aI1LkpX7Mfbvw0yW0ZAECxtDCpLKwaQNEwdsSFJGW7wCJdtobdlPhQWGDf1SYFuwt7KcpGFSVtfKAKk4GLcZ3WJTVVVOQ8qmzpI4sTLKGxVWCzSWmbQaNrGWNspNk34xi70H9pMyoN2QmFacpqYWkm02yonjJBRtogXVCAm7CmUq6lQDbbZFvLmdhrhrbV1XA/EWgZHqvlut3fVAPZTdnKdA0BY3BRs3wMpNsHEnbGyBDflymQ4tYG87PGJef3faxrCQnIcxYREOGF5JWigdBmyrhVmnZyysg5R113DFYrZJDC6c5OZBfvsrnmj3PtzdCkumh8rWw8q34O1d8MYOONAKK9uAULRrmoGw8FqYvweWPAoLHoIDX89ElhbaBmHCwmlHTA0Lex7h/fBZUVcPVGWWUeyxnDgZHl4H81+D4X+ARWfA/BkwLJ+NM8A+WOvArGPyzM93PHXDsU4VrPhSZh/WDIUpEfuqdQ88vw7+6tzimn1v5Qq2j5zLWSHr0qpZc7iS61i+aitXXukLGHvZ/CaccMukyOi7hBESF2p3sBk466RoASQeFliNyXz5mlEse+hZ1l43kakG8NHLLF8V58pfhsSgMAbABrbvhul5jsk0e2vZDAwu91qMT2PBP85l7Q9u4cxTlnLWvOtZdMUcpo7MXeJZ448NTakiPgAgTtjRPG4AO+uzc3naSbZvfIXXX93C5k2rWLsryfb1eUZKnHhsrs1zzSCOBTbv3AuUbrer0RRFV86nQsy8jTXL5jIYqH/rQb4x/y6+cdsoVv1jJqK3vnYHsJEffWkSP4psJM7m3TC1K/9h6cq1JoKq2VezYOQ8lj27kSsXTgR28PQvXiF+5aP5xeS6WrYD7902h7G3RReJf7gXTinxuluA5M6NvPS7l/lg01Zef3cHyZ0buyymazQ9waF8IR9eTJbNao4HawntFpqZp61SY4L3tKR47IMmtjZEC79BNh5sZ1N9O4KwDXOGKktw85RqNh9s5zcfNfOzjQ1cNa4fXxiSiCwfkxCXkCzgWrX0XVgbGoMiUIzrn2RYv/y2PCOryoiZhz7uLORQzdC4Ylw/MAXYtqKhGeKm5NiBvd/2OR9CwOB+8Gk/2NsoONCiGFjupdYSueGuR2wUcESYfiGX5eCWCV8autqHrPbyNdjJS2JU/l5/mmFkHtZ6yua5uwk6SPgicFgA1tG+paEFYI1Go9Fo+hAxy0QYgJRIA5QnBEtTIi0TpGtnHJeSwdXl2GYKe0A1Tv9B1MeHUdN/FMnW/dh1W4nX76SytQ5z4BDaRk/EHjgGZ8A47AYD3vkNhqyn//Gfo6r/VCp27ya280/UNe8hmRIYtkKKFIkWi0agzlZYViWDjv0CieoxVCTimEqQbG1GtB7ESiloUjR+8AEDD+wkLgwYfjx7x30ep6aM+McfI9f9BdXUzqATJjL0vM9hDRzMlvaD7Nn0e+o+qaNly8dYyTaqhjjEqh1SsVYMpRhpJkkAWxrg0/IyrBMnMXb8FHckpWynpeUgDUpgyhr21m6hxd7FwCHHQ/w46kQzZlkSmaqh6mA7e+z9qNpPafvzOsoP1tNCMX6LxTN9QrYNcRb+C8w9sOBn8DAwfyxMnACXDIfWTa7dcQ69xA+mutS3uaVQwjaZPhWmrIeVm2HKeFi51o3MnTs8U2bb7+CcV4ByuGQ8XPBFGFMBF7wK3+2gK4mhsOTbwN3w3ddg/riMYFj0Nih1nxUqXx6K0O5u2rxtOTlbYC3qWJZwwddh2x54/CW45zW4+TVY8rVsq/AoEj3xlBOH008uLKav/jVcsg5qaooUgJNrWP7QDmheykXjl0aXeeQV3pt3bVY+zKp4IZU8l3is+BPwhDlfZ+rSu3j6zb9n6ow4m1etYO3I6/jJ5ML1Bh8/hdEs5bW3G7hsZGXBsvVvr2I1M/mnKZlyo8+/jd/OupbVK37OQw8s4dJlSzhh4aP8+vrJJYtBeWlexz2XX839H1Uy9dyLmD5lHovnjaLqo2e59McrumspGk2X6er5VAxVp1zLI/+4hWnX38APZ2bnyobZ3LhsXp48vHFGdYMbQGevNZHEJ3PlNZNZducKVi+4mal/+jl3rBvbGRgNAAAgAElEQVTLop90LCafd8MDXDUxulT8mMw2KfW6m02StUvnccX9W6k6ZTZfPm0yVy6ax+j+W3j68iUs70LLGs2hpKvCb5Z1dECtUSog0uSxcM6Z5NfPE8JbMKJYRYs4+aKB/Yg/gZtqSHUQsdxqKzbWtbF8WxMHivFg9rA7KNqSUuxptjl5QIzh5SZL3zvIk1ub2Zt0OL6/hVIgBcQNQT9LUmkKElLQ5uTv7w+mKiot+OUmxe4WAUJQHbc5viaJkUdPOrbK4nMDLPalCovL3U7gwIgJN+fv2HKQKBwFbSloaRMcO+jwEcPyIYTgqBrFp42wvxmqE2BITwRGpaNegzmBD/d1DhNxqQCiBN3M9sgXyV9wOUQLxzkNFBh00tmrYqE8v35+4HAEcPg6HJU3t7dSKEewlDJnenB+R+30ZbQArNFoNBpNH8KKm16uX/fhTZlu9K9pmgjTQCbi2FYZdv2nyH5lNPYfxagvnk2/o8fycZ2NOeJEakYfg0zWY6x/Deed57D3baPdbiN21ASqT72Y/kY/9u15kcZkggETTqX/cV8mtel96tv30Lq3ibIUJNqaAUWZFaNCGLRSQ78RYxn55W/DxM/jJNuRTgvIZlBNtJkDaGkQ1D50KwNee4tWG6pOvoSj//r7HDhqIE5TLYkPNlPT0oQ5eggMGUqzHWeYLRkR+wbG7jqc99az/6Wnad74XzQnGnAGCmINNsmWfrQdPYGjzjiL+IxziR99IgljIE5zCyRszFiS4Y6D0WZQ9ptfULdzLWNmzCI1bgbVdhPDzCTx8qMhFeOgXUdy/07Ma2+keddfEEZTt+27RAJWO67AVEiwW/0aPGzCG9+F6YGC22q7rSvdj4SndkIruevW0lJiW21QB1wSiMQtaZuMh4VVbi7fxcfA8+/DTZcGInMdeOJVqJ4Eb8zL7u/uV4vsY8KNUL19n7vO4O7fp7bCgXOKiwIuhW215EYmt8HaWphyavcvL8jqp+B2Bx4/IzOt2GM5XX4ozL8K5jfC/Q/Dol/BrB+Hcln7SLfN1TuACIG5pa1z69Et1MLd6+D0s2HFOcXZsyXXvMJjzRNZ8NMbODtKUNm6gm/c9gDL3/w6P5kRB+L0HwmrN2wlyagcYeNgc+hgKK+iClj9wVY4LRwFnKQ+yv766Iu46vwl/K+V67jxtCpeemQjU69ZmkcICjDxQhZMXsqP7nmA1bO+l2OpmsbeyGP3vQLn38mXwmp6fBTT5938/9l78zjJqvru/33OvbdubV29z0zPvrEMIJsYGEhYJgIC7uQx/sbw+6nEn74SEp5o4i+PIdEnokYDefSJ/CIRJNEwGtyVIIqCgIAgIIzDDDLMDLMvPb1W13aXc54/blV3dXVVb9Mz0zN93q9XT926yznnbmdu3c/5fL+s/cObeemrf8VbPvM+bv/dX/Ox109Q9yTp/tGXuGPLhfzDI18aHRLbemxmKjAYZoqZuJ8mQeaaj/LZ7z/Ef//cl/jDy6J63GQG2Ia7+ELWTiK17bSZbl/TgCXXrOfqT3yUrz60nu6HNlC65nPcMF6e7nL/uM1dzNpLxtvRKfa79ThwP1+8Ywtrb/0JX6nO9RvCI+NvaTDMKmpzUE71JfyovMFM0Zk3hdDOE1Evf2dtW+rpPMMRaXXjlg94ikf2Ffj5/uKMi6O+hv/YNsQVXXFWZRyWp21e6PX5r10FfiwL+ApsCU2OZH7CYnnaYlXGpS1uNzzYcVvwzuR+Du3exsNBFwfmr+CU5hItbv3GJyzB6ztcTs1I+nzYVYAeD46VDiyAZhuWJqAzFj1vl2Ui8iWBYwlaE8eoMUeZJleQicOQB16oiFcSXpcvyLmjgUV36KgxH3qK/cckajge1IZArp1fYbxlJ5I4OlOO3vGE87mIEYANBoPBYJhD2LYESyItC23pKBGOJRGOxLIkEBLz+7ATHn2ZLlJv+gDptVfCoY3IVx+ge+ejxA6eTfrs64hd8l78jjPxn/gy6vCvyQxsAX0RJd2O2wReUVISLfjOYorWQXKhREtNOh4nhqZbhVgxTVHnkbkhhB9CU5Ihy+PA1ucIn3wEd+9m8jLAX/YG2k65iHa/yIoEHD4M3b0FMo//J2Ho4F5wCeJ15yOskGDL8+z85r14h3YjYjGaVl5C+0UX4bzjGpILkqgv9aL3baKExHGSxM57I4k/upH2JSl69rzEnvtuxXr5VTqKknimhf6gxMB7/47O087Dnr+cruwB0ol2VDJJ9rnnefEbX6JDx8i3r0CfPo/55yyjxRkiuSBOwpk5e+26M4Dn4TsH6+Q2rWJ/D5CCBdXKmoKH67l/ZwlrTwVerrNvQ3DHL6dWVnET3Av8ZVWe1akek3XnwIEn4IGlcLuEJ6uFxD7YrKLQ1qPEy91wbw+j3vEeeAaeXATvrA3PWYSHX4MFy0fE13eeD3/5JNyxeWJ361T54rPwp6ePzoG846dwO3DbWWPXf3KyIY/HI4CHvwfv2QTrfx/WVx2XyV7LBIz+tZKGa88CHinn5U3X2aYd1rXCHz8PT60bLfizE25/Zfq7dMT0wJPAjRPoACNk+fG3N8BZt/CuN1/I6nqrXADvuv1+7nv4BT52yYW4rGHtNS7ctYHvf+DS0SLm4GN87fYtjLpIM+dx8aXwg698m6eurxGRXtnAFzfUq7SJy6+8ktKHH+Kpy1y+uPdKPnvN4nor1rCYd33sg3ztXXfy/g8v4lufW8+ZtfFSB7fwtb99L7cfuJR/uPvNI+FUK8EUKsKP1cSZV13J2s88xqFDWWBqzsZG7N7zNLCeJaOEshI/f7DugTAYjiNHcD9NiQ7e+tG/4qtvupWPf/lKfnjzuWQuupSruZ+7/vNp3vU/ph6OefJMt69pQOubuenm/81bvvjnbNvucsM9V45/TDIXse6aBv3jKKbY79bjwB6eAm5YOnr/Sk88xNcm2i+DYRYx2RftkxWIh5241a7fqegDM6jaVMkJ1apig7XqVzzkK76xbYhNfX7DMM5HysGC4ruv5Uk5kpwfya4K8MoKrK+gt6ToLSl+2+9zuKBZlEryZ2fLsak/gK2/2cVXP/8A+cODrPaHkItP5bT3volG8tqpLQ6rmmMIIWh1IGVBtwfbc1A6yiqaBJanoCsWhbauCL9aR6es4EE6BrFJDCT63uYbj25jJ4EQgjeu+jSp2LwGy6NQ0Lv7oRSUU5sMi79lUfQkF4KHnfeI0VekmPwgktr16kYTYJKF1fRVokHEgoZtGWflWhd3RRSuOIBr+9UTPTxyvX1ttBxO/P09mhgB2GAwGAyGuYQjIqHXEggpojzAlkRaAulIQGFrn5YWi+6MTfLsSyk2Labn5/eS3vULkoW9sPNbJEo70Vd8knDZ6bh7V+AFWwnSTaj0YvJ0kkgniedSuHYKW1u4MiSRDCh6Pn4QQ8o4yaYmwgLY0qdVhTiyBGRJBd3MP7SF8LVf4PRsJdbehhW0Ig+7HAh66U8lyDsK3H10v/hLCv1xOhe0ohd3Uti9C/1fP8D+xbfQzmE8C8TTv2T38xeTue0TcOE5tD2zFj04SK/KkuicT+s564gvuwS2Ps/ANx8gvv1xmnUvTtol66XIFTStfTvJl+aj2hRhR4whKySRTrEwFcPrf4WOdEhx0zZCFtPqnk7bMvCb4sTDqdlUnt8IYwyvrbBuCZx3Ldz6MrznDnj4AlhfznHavx8efhHe81FYC5y3GngcbtoAf3oWxD144KdQbCeyxs5C1l0N61+J9m3zFbCuHYo9cPfjcP7pwObxtz/wLNybha4euHsjkYu3Si2b6jFZsRZufBxu/XkUuniU07QiMD4Kt8hyW/fD7b+GNe01BeXg+n+BNa3wzlPg4uWw/xV4YBN8R8G9V46IyCveBPfugPdsgOfPghvPiJYdeAWenw+3/R7TZl0Wzv9nuO2KSHDe8Tzc8iqsPWv0cQJY0QkHNsIdy2FNFopnwbUTvLfu3w8Pb4ymD7wGmw/Cd3bDFuAj18JtF49ef7LX8oHHYd0muGVtOe/vENzxOCw4FdbVE3/LvOc6uPs/4OJ/gi9eDmvS0P9aJK6vWwkPNEjnetRZCTdK+NT90DUEf1KbV7qWnT/kqz+CM//2ovriL4B7IW9b7/K1uzbw45su5K2tcP7//Uku3/BR/vq69bz6tx/iigUupQOP8eUvbOPMP7wQ7qkuoIO33fRB7nrXnbznnXv42E3rObMVurd8my//sJO118PzdSIfZ65czw3JD/HpT3fCDZ9snEOztrnn3sy9d3m8/89v5S2XfonL3349V1xwEavZxpPPPsZ933uMbs7lI//xhdEiSve3ef+7HmL1zeu5YoELdPP8XZ/jqeR6vnLZzIi/AGdecD0u9/DxP+/gpvVn0FmuZ2vrpcBDM1aPwTATTPt+miorr+djf7qBP7jjFu666n7+dM2b+dhn7ueq//E+LnzlfXzshktZ4gKlPbz02ENsOvdWPv/2mcl/Pd2+phFRWOlbeX7lzfyviyaSrpt460c/yfeu+1vec8Vm/vij7yv3PyV2b3mMBzefy2f/6c10MtV+tw5rLuJdyTu56xM3M6/SD7/wJT61rZPLgR8f2W4bDMcUKeVoJ+8UBI3665Qn6uTdHWfRuOVNRhBrJALp2ky/erTAoysNGlWnps9T/OuWLDtzM5siqB4lBaUG9mILeNOSBF0Ji/u2D3FAl/jKy3GePCD5/y+LUtJ88BE4qx3eu8rj+199jL7uQYby3fi5w5yjBbl/LyCvvYh413xEVQ7SpAVvXJzCliPhh10LFidgngs7cnCgFDmVZ0qqEYAtNJ0xWJWKQj9D+brTZfG3LAJ7gaDZBXsSP9F7C1tnqIXTZ0nzxdhy/HhJTXHww+hPaZBKRXG+q/IB62Eh8uQLAz06OPNY674uG6LHU4Or+49Rq9TMHO47quaP6t7qhAU4Uk2yWsytiLzVwm8lB3CtU7gSHrp62YlIde7fWkEY6l/TJ/L+Hi2MAGwwGAwGwxzCtishoCVaCrCIRGDbQtoWKpamZDVTKG4inkqQZhDX97DzOWwrQSGzDCfdBO3nEAgHJziIIw8SJBX9wsUthbSoPvotH5riiLhEWEUsJ4eTKpALFPlSiB/YJPMeXuBjJT1sRzCYy+Md6kWJJKkDgzi+ZMhO4XfnED3PIsIt+AWJCk8lIfuRW36BS5psZhU9SYe2ZEBh5yb6Nj1NGPMRsRbm+zb98/YR3/oS7a/0MHjmcnw3RegIhvwsBSy8+HaamrbTovcR9hfQqpNdsQRFoUmULBK5kPQ372Pg10+SLe4hHmjszguQQy34vS7CytCXGSKUaQrFAuFTvyFMO7TSRJpgSufnpnpJ3s4C/W4gDn/z57Dmfrjtefj9Z4CyAPnOdXBeefUVV8KTOfjIRrhuM6zIwN+8Hdbthzt2HuEFdLTohHv/Ai7+FtzxSBQyeO0i+Mv/By7eDrdMIABTgNt+BgdsuPFc+PbbR7tzp3xMMnDtIrh7L9xVR6S78f3Q/w2442fwKeDaZXDbTbDlbrijar0Fvxc5Pu/dCBuegU89AyuSkYt185siYXIYCes/CAsegDs2wXWbonnruuAjF07uMDbiuj+Av3wBbvkOPBBEbbjpWvjIxWNDMK9/Nzz/73DT9yLR9e43TFz+w5ujvwprM3DtJfBfl0S5kccwyWu5ZQms2wi3fA92ELX7nWvh7ivHDx0dPx0e/gDc/kD0t0PCtUvg1g9yfN+ix+CWG6H4Lbj1gYkF4N1P3M/zrOF/jht6FM6/9kMsuesLfO/hw7z1+g5Y8Ga+8lAnd/3jF/jyJz/EXfkmVl/5B9x01xdY+5ubuatme/fcm/nh/au4/Qtf4osffh+DyQ7Ov+p9fOyu9+Hec8+Y9aONLuRdH+jka1/o5oa/nVoO3s5L/4ofPvZmfnDPPfznjzbw8Q13Ai6da85l7U1f4qZ3XcrqWlte6xlccdH9fO1zH+KuPqB1JWuvuZlvfW495zd05U0d95K/4oefgb/+wv/mv7+vhLvgUm74xAY+3/x1fnD/zNVjMMwU07qfpozL+R/4KDfc8yFu//gGrv76elZf/yUeW3APn/riPXz8Q/dQAjIr17B23Xo+cMnMiL9R1dPva+pSDivdeWWj/MU1LLqerzy4mLv+qdKfAq0rOfOCy7jhAxeN+Hqn2O+Owb2Qj933Sfj4F7j9ww9RSnZw+fpb+dY/Zvja/abzMZw4HFUH2jhFTTe8c73cnuOJyZOup1oQ1pqdQwEbtuXYfQzE34lQRPt4bnuMlZkWvvjSAM8eyvOrQxlueRoWp+Dn++AXBzT7DgyStGOEOmAo30NLUxfF4gD9m/bQvXsTi697I/MvuYRiqHEkXLM0TdKuHwErJuHUdCQGd3vQ50M+hGI49fDQgsjhm7Sg1YlCPaesEbflcG5QyuKvAqU1oQLHAusEEEGTTgend76dmDX+QMe4DUoLlCISvIWgrPuWBcspB1M/waifAbh6oIdGjHbiitHLa/ONj+kEdHXJU2hWZaMGA1cmXVRVPyqlHJPztx4VwbQ6T+6JQO3/HfXE38mWYRhB6Fl6BWzfvp2VK49mQpkR/uyjf3dM6jEYDIbjzduuupTv/+Tky2P3z5/7+2Ne57H8f2qq7Nu3j4ULF9Zdtvv6pdGDoNQIS6JtkLaFsMsjCF0HmbDpLRYozlvGyrfdROr0i9j85AMUf/lvnC+3w/wzGGhZRTausUOHeNajN3gFecoalp/5jxBY7H1sPZQEHef8Me78c/F2/Jzc5m+RPbwX7UHGL0CoKJVCpJMm7R+kzwtovv5zJFddTf7R+xh89PMUB15Fk0KEcVxPEPc1Xi6kEEhkrJk4Bfpa21n0/lvInL+OfT+6l+4NnyHe3wupVkQhi60kfr6I++l7aFtzNf5//Sv9P/1XCq/toeB20PaeP2HxH/0Jvb98iL2f/UvCA93kM5AqhgR2J6WwDycXIC2ByCRpW3cVTe+5GXnK60g9cR/9n/1rliSXcajjMH4gcNw0JJooBJANA077/DM4jnOMr4KThx0/g5WPwLf/At5Z67A1jM9mEBvg3ptHh2Ceyzy1AS5+GZ7/+xGh+XihtSYIghO2f3jpjqt4y7eu54c//eC0c3IaDIaxnOh9w0xj+hqDYSzj/d6bDPVeBdcKBZVcvtXflVKj5le+Vz6bm5vHiBX1yp9MfsbHe8f3LM3Ey+wplVGVS5ayyDgc6VVpQqUQgFKanqLg5X6bT1wg8JTiP7fneO6wd9zyiNaSsgWXLnC5ZH6cF3tK/M0z/fyqewGWkAgiB/GilMcVi4aIDw0w+NxvOPTII9iBxPeLSCv6/2nBymZuvO1j/PJgkba45JolKWLW5FIg+SoSgAshDIWQC6LpkoJAj4jCAnBEJCDHJaRsSFuQtCFhRUJwJcwzgFZl0ZfovETXZ7T8tcM2S1vglM6JBaKvPHfpFI/qzHJ6xzt4w+IP4VjjJywu+ponXoPT2kPakxopIrFTSIEUFSe2GBY7TwZxLFTwre2wdVBxSnMwrORGKc3EsFIrRWVajBVia2M+14rBkxBtpxLeuXa1t3SWymVM7F5t5IKtXQcYdv7WC5dc26c3Kmu85dXLKtEelFJ1652s47z2/4xGoZ6r3c/V/xdVr1cvV3KjdgwODo4KoV35rA2tXa/s2s967Z0ug4ODR7R9PYwD2GAwGAyGOYSUEiUACVqWfxxUHmSEwA9K6KEcTQkXR5Uo7t5CaulprD7/Mg7GLXbtepam/kN43bspJfqJ2TZJ3YaKxyg67XgkUXYWOxlHWjaWG4eYDTEb6caxk8koDLWvyYUQCIFfcrBVEivhQnoeg8l2vHlLiC+4jDTnohQoz0OG3ajsXpLkSLsWBV1EWoJYzMZ1XYgnSaVSFJuacLwioesSqCKiCFYqhtuUIp5MEjoW2gLHcbAyTSQSCbQforUm5kC8pYlUh0M630PgdhBaSTJCkLM1e7w+AjvPwkIJvXE3u3/xEvubW9m6oJN2tRrHKaKHeuFwH672aBJTHc9sqOXXrwBxWGHEX8ORouDJ7cASWHG823KiU3qa+768h/M/ep0RZAwGw9HD9DUGwwlFrbhQ6+KqfhE/kR/paIil0y6zJmRxbTma8kv/UfGqIzb2CDZstVjZDA3MscecXKD58Z4iD+8vEoSa01ptDhY8dmSjGDsSze8uzJFyNKItQ+u6i4gvX8TODV8n7XVwqHcryUQbq09dxuktMZY3RYKwIycvfDgSmiVkbJjHyDGtl165WsMb/qt2co8KwT06/LiObMDRtTfp1h1fYlaac7pumDD8cwVBeV+VRsvKtVgV/vhkZ5QJuJ7jueZg1L3A6m89Xp8xXfF3uNpx+sJGwuO49UxycM14zuCpOm0b9ePV5dcKsrVl1Aqr4wnP1d+rw1zXa1v1Z6Ny5gpGADYYDAaDYQ6hyoIvohz+SQp05aFICpAOOhanKWEhcofo/uUPCVRI69mXseSsSwjOXIvYvpGhw1sohC8TFHYRlPqxrBjQQgDoRA6RjqGReBaEKAKhCWyBdm2EEPhakA08mtMtWDjIQoKY04R2mijFoOPMM5CndjIYa8MNQmL9PQy+8CR7f/49nMOv0R5zKORyxEvRo4xSCnwfIQSO42DbNkoIbNtGxDRSStx0nFgyRtGNYcVtrJSL3dJMqjlJzLWIuRbJVIwmy6KYsYgpG+lYiHgMqTUyKUnIOG7Sg8P78PoLFPsLnPm2/4a4+u2kSq2QP0zvUw+y8+mfEPTtI66nFgLaMJriZrhtL6y94Pi7NQ0nPjsehduK8Kevi3IhG6bP4EMb+Fr+Sj5/zeLj3RSDwXASY/oag+HEZbwX7UfbhTiZcM7DKzZyBlaHha1TuC7/U13EyC6PbHHnZsGj+xIMeJqzO0q41uwQIBRQCgEECcfitFaPHVkXS8Bli4ZodUfEFWFZJE9ZzsqbPkjh5y+iN1vEY3ne+LbLEUKQsKd/PkWtSDnFokbnmy5/Vs0fdgMzIh7PZiwR45Jl/x+p2OTTKQiAHdvRpT60EFGqr/LOCiGG81JXrtNZ6QJeugw6pxaySutRt2l536qW1RPAdfXK1O0gdG1/0OCWHc6tXGfZRH3PeOegnuO3UX86Xjm1g3GqxdjxxNuZEpur8xaPRyPn7kTtqS27kZBecSrPVfEXjABsMBgMBsOcQlgyCqckIzewLocHwhIgBYETw4ulyKkSSbuEq3so/OaH7N79AlbXqaQXryI1/3ScpWcT93fg7/8FuQNbCVUeLV0sBS4DFGMSXwoCrfBVgBKK0BJoW6JCQCoyMZ+MDChZ4KoCvq8RQz3IQoHsni0EO5+nWHJIWQlifoDzyhbS+w6TKYS0pzJkcwo/Fjl5tdaEnkcQBNi2HQnAto0l42gZECoPpUKUCrBsjeNY4NpIu/IArLFtm1gshhP6hE40LWMuxDQWGjWUpSWmiPshuSZB/IxTydhn4e37LeLhjewaeJX5Scjvf5lYeJhUk8CNGZlpUrwM1z0O166GNWWn744X4FOvQKEdHrj2+DbPcGJx4HG4ZQesXV3OQezBr5+D23bDipVwy0XHu4UnKi/wgzsHyTQ9xO2fe4jLb/0Jb2093m0yGAwnH6avMRhOVOq5tGqpvMyvhIeu50Sb6ov68SK7TooatUZXi0ST2K7Wh1bZbG8OfrgLQi14vjvJkG9xdkeRNjdktmlw85MBaVuxMO2zKuPVXcdtbyP2jsuwV7Zy6Ypmlq1aeoxbOQ56+B8qiq+uDtd9gog/K1p/n+Utvzfl7UaL3xXXtBgRSOsZY08GGuxXvfy+dTerWq/uFTLOZTPePTzZq632uqwOR1y7TiNRtDo0cqM6asMo15ZRr00TCcGN7qva1AHjhUmuDbM82Xu1kbA8nqP5qOSmP0EwArDBYDAYDHMILUQ0GFQKlCWQVjRCVMgoBLRjg3BKZEtFSjGHlnSSOB5B/8sE3l4K/S8wNHgOydPfSrr9fLROUwoEQfASpEIIgVJAzHLQdvSQZQmJtmwsJ4Z2HFSgsKWFhUWxWKQQuli2wI5JkgkLt5Sl9zfPY//i27T0D1FSNv3CAeXRIvLYrXF6HUWP5ZApegghCIIASiXCMBx+GAyCACk0jhToEAh8CAOkBhtNECjCUpHQ8xHEiDkuAod8Lk9WlmgqePhBiVJuACcuCYY8HAmFQyFeTtPa0Uwhodn2k/tp18+jxX6Gki4qLBILCijLomAVj/MZP0Foh3XAdx6Hh8vvG9ak4cbfhxt/DxaYJ1bDFGjpgpZNcPdP4KmyCX9tJ9zydnjP+cb9eyRs/ZcPcQcdXH7Tt/mXdxlHnsFgODqYvsZgODGZjNtrJrapZqItKy69+pXXKadeeFg97owo9285J7Cu2C2Bu1+GvlKlWMFv+116ixa/Mz/P4nQwq0RgS2hWt5RYmfEYL5KzkJKm885lpyv47WDAWe2z8YearnJoj0yLWW4Bbo4vY828dyDE1GKFV1yoSkfj+qN9Fg0dz5PNzXpiMYEaWx2hvXbxcdADq3PmTibH70yKlo1E4HoDeI7GdVKbX7e6vpnaz0o5lfeDkznGJzOzsZc2GAwGg8FwlBBCoAVoMfqhb/gvGMIu5FFuC2Gyg24cdJgnlXZpysTxZZ7s7p8QTzaTTp0CogvtNpGzPXQ8QFmgwzakkqDC6FeI1ggNEoGtBZ7S6FAQijQ6lkDHmsn2FxgczLM8XyKOTae2yTohudYApSShX8T1QlwZ4BeGCAox2pLNSMtGO06Uz9e2icfj6GSS0HEoKoGUIH2FrQUxaSGFRCqN9kOU54EX4Jd8PE8BNmgLzwsJfHDsBHa8idAv0DPQgwgkTqARfSEd+TiZnEWub4DcoT1kUj45W7A3N4RyHEQyTSg0OghYcnxP+YlBJ3zkA/CR492Ok40zQN96vBtx7ImvhttWH+9WnIycy0de2GzuU4PBcJQxfWKTphoAACAASURBVI3BcKIynphQb36tCFHrPJu0FFAV81nXfBdVeu3w7KowsZMuuzIp9Eie2lHWYzFKbQ4R3Lm5tjBBd9HhgZ0ZLpiX5+yOIrYYR6A+htgSzmorko5NfFA00FvSFMLZ46QbMW0PS77D+X9Bo8o5gI/8UAts6R5RSVqHhHq0y1oKh1VtV9GePGUaLQJRteeiSvCctSGfZ4iRW12jtah8GZ3utzK7RgTWk3RFV0eLHndACTVdQoP5lS/V7+Eqjt9qF+xkxNAjWa/WeVs7GOdIrpvaHPDV8+uJsOO1b6p5imsd09XHuDof/VzCCMAGg8FgMMwhdHlkskACErREK4kKJUJLhIph4TKUWIlfGuDc5GFK8S72Lb6C9JIliFe+y7y+/UiRp9/1IfRJ5gboyMUZyrShUppwsIvAa6NH7KBTd9Omz6CQyNCX0OiBAWKlOFbQRELnKF3yF6TOvYTcg98j8fI9BE4XQbIZv1miEiVUVoPsIp5sB93LQG4jTbE8KTfNQFaTDTwSvkY4cWKpVpROsD8fEgYax4+hm2yauvO82BpwPhkIUvS6goQdYpUK9HhFfCtJJh5H2IIh4uxvH2DVUEixO4b83FvpeeIgia3PEhYOUizuJ5HohVg/OiZJp5rJBbDfTdGT7OP1fgv7cr3k3QByfcTV3HqwNBgMBoPBYDAYDHOTyeSErJ6uFYAnKzhMJMKMWZfRAswRvfvXY7+OEYOBfTnoLzUqQvCrQyn2DMV4XXuBxWmfmHUEbZoBpGBS4m+FVRmH01vco9ii6TBW7R9xZTMj7t8F6XO5cMmfIcV0JRXNQHEXD2//O6ovms7UGk5pvwYppnEhDKuTDOe+rV/zrDZAT51xLtd6+1pvda2qnOF1VhgTEGAaB7Ce0FwtRtYOnJkov+5MCfr1wjRPVyAdb2BP7T4ecdSHcQTyemVXviulhvMBn8yDIuphBGCDwWAwGOYYQkd/o38ER78WJJqYyrEwu4ns0vMo/sGdlDIrkBsfpLj7l6AhKxXxYoGUF0f4BYJCiVJeY5XSxChiJ/bjFneR9g6RCobADxFFifbiaBLIeBwdj9FnLaeYV7T2bqODg8jCTtJBN75Q9CcWIoIuHO8g/rI01po12M0deLsu5PDWl4kd3osM+2nNS7QKyasslHrw+veT6O8m6ZcIpUWPziPnafLZPrr1AG6zxnHT9OdtSKVxRYm2QwdIDOTI50vYfgyr36bftulw0vQ/upF5ej5df/K/KKxqo+f79yFe208s9ToGA5cgtPmdIMNvDh2iw53HqZ/+BHte3ExyTy/LtKZ3/2+P23k2GAwGg8FgMBgMhtlKI5Fjopfz1U6+UWF9Gwh9us52E7atflHjNIoqtVHwWlajJth6f96mv5RmcdpjTVuJBclg3PDLs4WULbhgXpy0M0saOxLvmcoZ06MU0bITcAaqmp9+He3JIws1lI4tQAoHVXYBW9LlvK73k4p1TKu8etrlyCCJETf9LDlbM8rI2Raj9q9yTEbtc517vzYaQG1XMs6mY2i4zejgACAiAbgiRkb1jx4cM7adR3b2ah25jcI9NxKbGwm21WU1Ci3dSOSureNIc/TWOprr7UN16O25hBGADQaDwWCYQwitURCJvaFGC43UIyOjcRKIhIMT7Kc01Eu3H6MtkaBtcCv85pvYop9ix1J04ixiugU/2E5WvUZJ9ZP0E1hhggG/j0FrHoOOJuW04OoUlFzsnETkCrjFfuLxOE2dS8llYuhkG6XFF7J3y0MknQxxUaLZ8RhIFhG9B+l6NQsHcnDaVSR+7/3Yb19K/qkfsOu+O3CKexA4qHgcHXeQSpEo+DRpQc5xKElNKpDMLzrYXkhLwYeDTSQOLaGwcAm5RC9ZPUDGBtXZgptppeWgTUn3o4aGkD/7Ou6qxWR7V9B5ymmo3c+w/4VdtJ5/AW16JRtdi0E/jr24lWU9v+Wxf/87Fl32bhZf9x5kVyu93/jG8T3hBoPBYDAYDAaDwTALmCjfZGWdStSqkYWMUa/GvL/Xo6fruSCnoytUh3+dcMUyXggH85MpXVAIBVsHXHZmY6xuLnH+vAJpZ3ZHkTq73WVVxpl1Ikod2YxhKbh6wMARIMaRUQv+ENv7X6bk52lNdLK85fS6x6i2jDPn/Te6ms49sobF42griZYisnOL6E9LqkIiVyZm13kDwJ6eRNVI2J5I8G40wGO6d56unZigv6oVTmuX1WO6IZEnu15tyOTJlNdIrG5UxmTE3en2K+MJ0I2O9VzBCMAGg8FgMMwllMYSAtSI+IvWCAUIjfJ8cloj0ktRBZ/kr/6NlPtOOOsq9jUvwh/aTbJpIa1dl2N5vQwOPEfBfw0lbfAGUVkPX80jdfAgKthGvHUrOGcSiyVxF5yNbl1CGAqyKiDQcTpSKYTrgSqQUnniuQOQGyBMzEOcehVywTkU84PkSpJcs0V7JsS2B0jqXXQUf0PoNOM4SazAgoLCDzQFy8ZXISXfQdlNZHN52nUrzft6CE4/CFesZt/iG4kLReqx77Nn87Mc/vX3OHPlCtovuZT2153HAcsjP1AktXQR/vL55GMLOPyDRyn9ZjOlji76VZ7kqy/hLp5H4oZ30JURFNRFtDUtQx9Ms+lLD3Pq5Wso7Nt7vM+4wWAwGAwGg8FgMMwqGr3kH36JPwULbt13+lN4zz/RqnoS09Xz+kqaQX/y9YPAU4LNfQl2ZGOc1VZidXOJlKOwZkmO4ArL0hZXLEwgZ1OjqiM/az2c+zf6GPF0Hg13tdaaIW+An7/2XX6y/Rv44Uhu39Z4J9eccgO/s2gdcTtVd/v25GmcMe8PEEJOrwFlvZcFXRCfD5YcFoC1lETFloVfUZUcdzadv2ky7N6lgdO33I0M50SuU8Z0nL11B4RMwWIdmdL1KMH1WDGRAFpp12RF4EaMl+N3qiH/Z6oNte2ZSxgB2GAwGAyGOYTUoMoBcoQGlEYIDVYkCgs0QkmC0MEOspR+8xAq1Yp/5ltwT7uOVrdIQuVg6DD+7p+T3/EoajAkZqdJuL/Fnv8MHZlWwvQa8p5PKZbGTaQI0otwFy3EdpJoMvhoXD+PLhYpHNjKoc0v4w/lyPcNYNNE4nVvIb3wSgg9wkxALOHj2A5WyWfguWcYfPpXSJEmp3pZrvqJDQ5AdoBEXBPMi1HsL+EUBCuTnWg7y6FDB+h96Ns0c5jk766h5U2vJ7WzQPzJnyJ/uwl1113ELr0E75xz8E9dx5LWJahBSXwQ2NtP7qnvcviFe0nLvSRPPZNka4Z4IsNpSy8gfO8bEek8Qy+9QmbNGkqBT/a1reR2v8jzW5/mwuN90g0Gg8FgMBgMBoPhBKHey/navL9H+vq+Xl7ORuvV6ghjmleTXqnPE2Q9pkUhsPjVoSSv9MdY3uSxpMlnYWp2hIZui0nWr0ozPy4ZCqCojneLqhhjGa986OHv1dHCZ4pQBTzy2nd4aNt/4iuvXI9Ao+krdvPT7fexJLOaFa1rxmwbs5o4o/N64nbztOuvFwF9ZIlGa3EyaL11Gb4Pq+7luvfrsWxUdaUzFIVgZNuJxdvJMhl3bj1HcHXY6sqySj7jRsLxVENaT9fhPB5HGl76RMcIwAaDwWAwzCWEQgJaaaQceRjWWiOFRGGjcImVsiTFEF5PDwcf3YB+5kFCq4SVCtmfWUhOa6yBPSRKAe3JhdhOnMKrzzHY81sG40mW9ln4uZcZ7NlP4L6AzuWQxb0kQ1B5QRCUwE2QHyoSNtlYB2C5vwnrsX/m8DNfJ8hmIfCJEyMzpElkPTzbIpeSDA31k+jpZZ4VI9fqkN//Mjv+406KzT8mnn2VuH8IO24h+weJ93oI6VNoD9EHNuLcvRX3vhb8xOkcDBOU/I3Elzq42b289vUNeM88waAPS3SCXNInpwZoyg7heEuxEx4FO2TohZ9TeHkr2oYFhSR5T9CzqI+Ep5l/SKE7MvRTIL23nxtKzvE82waDwWAwGAwGg8FwwlL9vn5Yz2uUqLN22/Jn3TCvk9QUGonO9XQEDYQK9uYgH06u/EYMeDYbeyxeHXBpiwesaS2xtMnHnqZR9EixBaxbGGdRykICzQ7EQhgKYFbowHVsmbqszOtKDOijIISWwgLP7P3ZsPh70eKrOXfB73I4v4+fbLuP1a2vo6tpWZ3mCrqazmdJy8VIYR1ZI2qU7Ujy1ggtRjlfT1IdeDgRuGbs/Tqdfa4nIo9aPs52VNdZ7USum3945oTNyZY53vLxojJUL2+UK3gicXU2hIyfDW04HhgB2GAwGAyGOYTQgBRRyCYNlipHAio/qykZoERIqCVKtoArsRToUj+2lPglQSa3ixZboKVAODHCoBcVCqQUuIcG6ASGBDSRQQ8oCF9GKo1Wilyo0KFCKEW8TyPCEJ0rEVeakjwTmdUkBw6ilQLfRwaKolIIW6BDhdOnaQsFKpEiq0HlHALl03H4Fez+11AC/KAJX4Buj1Nob8NdcTrtBw8R+gEHuns4ZeUqUqqE5WfJDrUThi3IDhd3kYerfVoT4Pt58ANa3FbSy5fjptIMZptQg4M4QtAUjwNQsPKEQUBbsZ2SDikudHG1IpX1ybkJeu2AM47b2TYYDAaDwWAwGAyGE4+6UoJuvHA86WEqnq9qsWxUXs8JBaHoX18LdmZnxmuqEeQCi9yQxe4hl1Y34Nz2AqtavCjKL8cuku8pzQ5v6HSjdFKABaRtSEron21u4DpEr0H0jAtASiuypb7h7xcsvIIzOi9AIHnDwjfihUXidnLMdpZ0OafrBuJ25ojbIIVG6JHQwmgxapDD0XA+zxaGc3RrXc6tLEbu4eFc4ONlbh5dVr3puh1IpYOoI+7WDQ99lDjaYaTruYKrBeBqZ60QAqVGdwSVdWfSnTxXRdwjwQjABoPBYDDMIYSI8sFUfw4/lAFCR6NkpYoenbXQaKEQAVH8aCEQUiPC8o8IWS7LkiPlCBDlGFVCaVC6nGdYo0MFoUIoQRiGUS7iUA3Xq5RCq0gkpjwtVCT+qlAjlUapKH+IUgKBwlGAAivUSKLqlNLIQIEfYoc2qVgTCp+CGCI3UCDUCicWo711HpYdAyyGsv0ExQKObRFLSBwvIF8K6OsrUfQUoSWwWlpxHAfPslBKESSS0f7bFtK1cJMJ4l4RddBGFQv4Q/njdaoNBoPBYDAYDAaDwTBJGgpA1TlmG61TXqmkYFeuvkARt+C0lug3646soH+KYaL7SjaP7Gvi2e6QFZkSi9M+ra4i7aijKgSnbMHVi+JkYmPtx1JCqwMlBbkQfHV8HcH18rNKwKkI5tP2hdbHlg7Lmk/jld4XAPjai7exdsnVrGo9i45kF/NSi+q28ryu99KRPHVG2iBqPmunT1bG3KPDc0XNvPG3jQRk6h/Iekx2vRliMgLqsQhtPJyfvWq6ut7K9NFuy1wN43wkGAHYYDAYDIY5hJQyEmjLAjCMfpATmkg4FQItNUJrRKjB0ghLokRFBy4/3EmBkLK8YVlMBlS5DlnOMywrQnCoolGBWqMDCUpBUBaCtUaGkVOYUEGgQUVirg51WQgW0bJQozTYRNNCa4SK4mzJSkpjz6fU10/fc08iNDhCovsHyA10U/BKBCgsx8FtaiYWSzPQ30M+l0XoEMdxUNh4ocIPFaEXIqWM5gsIwxBV9YDrS024ZBn7gxIqnyXI9yP8EvbxyThjMBgMBoPBYDAYDCc9Fd2mnvA31XImt06U37XRhoUA9ufHKkOWgA+fHZJyigQaLBw29jo8vFdwuDi1tmZ9i409SV7pV7TFA+YnAhanfeYng6MSIjrRlGBJU+PURkJE4nZMgqciN3AxPHZC8Jgw4WUkELPAsSLH8uHCzNft2gmuXPWH5PwB9mZ3MFA6zIOv3kvCTtGZXMTaJW/i4iXX4Nrx4W0s6XBa51tmrA2iyuJbT5M86UNAVzFK3i9/qRsCvvZ7o4NTM/BjVIjpcqho0SDEc4OiTqjz0Ejkrc75q7U+ZuKvYXoYAdhgMBgMhjmKUgpZTgSslEKXfzZLFYm5yHLCGBE90OlQIYVAWyMxo7UUhLIsIMvo1+bwQ2C5HlF25FY7gVEaFQYQKnQYRjmJh9eLBGAVhGhFWTgGrSMnsg7LDl+tCQkrll+U1iitCRCEUhCi8AIPinkcywalSXo+Me0iVUjB9wgLmvxQL4PY6MDHUj4SoBiFr9FaRKGDLAtPCEoljR8G+CpESImwJL4KCfwQ67chWgeEwkfJEGWFKHkiPd4bDAaDwWAwGAwGw+ykYe7NmShvhtSZ3TlBqU7+30u7YHkmzws9HhqIWyXWtFq8dVmCn+11uHerwJuiYloMJftyDvtzDpt746QdxaktRVY1e6RjMyPECNdhKFBs7ve5oD027rpSgCujv7QVCcH5MBrXfSyxiQRp1y6HRVbRK4OjETJbCskZnW9gUWYlGw88wTN7f8auwVcoBDl2Db5C79aDtCXmcfb8i4cH3QcqJOcP0RJ3Z6QN1SGeGx3qufxWYjhMdL0FML5qXju7PL9yHc0FvbPa9VtvvmH2YwRgg8FgMBjmEEqpYQewHs7RETl3lY5CNtuy8oAHQqlI8C0Pb9RSoHQkDmspEArQoGUUPjp6CNSRuKzLuXZ0WS9WkVNXq0gEFkoRhuFwWGilozJ0JU9wUHb96kj0RUl0EEZ1Ko3WEBAMu4eVCqNPaREqQag0vgrBl4RY+MUSOoQSCiUlJW0TCvADTckvEbMFtu2gdEgYhoQafK1RWlIAvDAkUCGh1iAloYQwDCK3c8wilR9E2wLHlvgCSqHAm+3JkAwGg8FgMBgMBoNhljMq9LKevJBXrfGMq9XUKmg1Tr/xCtdV33/bXz/j6uVdmk193rArthBqCmHAoWKWU1ssvnt1gg2vOjyxX7A/LyhN+mdkFNS4pASlkuSpg2l+dUixKOWzstljQTLAtTQxSzPlsclCoL2AUslnWz+8vs2ZUPSpLLYFpCWkLPA1FMIoTLQqvyOYKd1MMDJ23QZcEYV71uWgYhqo6PFSTC4X7JTbICDjtnLZ8rdz6fK3cXBoD/e99M9sOfwsQ94AL3U/wxmdb8CxIgFd6ZCvvvhZ/t/X/0/iduKI65cVga5R+5gwjfUJiy7/UwnjLBDlvL8RYtjQIBqr5DUHp1rkbXTvT8XxW9tfaUZH4ZuNVDt9a9s53ndZNoU0cg0bjg9GADYYDAaDYQ4R6sjpKwAEww/H0XeBJcs5fJWOfkrKaCVhy0gIBkLJqFA6lWdpXfVbNwx9lBBY5dzCEokQZYevjnL7WozkItYIdDkUtFAaqaN6tQK0jMRlNFpIQJVzAisUkRtZaRnl5K2EZxbgo/A1COGgtUVou2hL4xNFnS4FAiVASZvQ1hRRaE8RhJGQjJZoaQESN5DElEARPaiHGgI/xFchWoC0BX482m8v0CAsYsLCsaxjc2INBoPBYDAYDAaD4SRhPH1lPB1h2i7hySqStaJv1WwNvDowtnGOhK5UwP7e6HtMQlfSor+kGPA1O3Mhu3JDnNVm84bOGJv7bLYO2DxzSJALJtmuKgIt2TnksnPIJWGHzE8EzEsEdCRCWt2QlKMmJwbLKP2SBrqLIYVAk3SmJuIIATER7bPWkRvYL2d7CstBwipBv8pjy+uXQxTSWYjo0xLlP8CWIwJHOdvUsKZXraNXh0qeKbTW7BncxkuHfsUZnRewIL2MdCzDvNRithx+FoBSUEDr0Yr+tt5NPLn7R1y27G1YcvrvDCqu5squNTKzHoXI4LOKEQ13HKm73sVVMzJEN5iebBvqcaS652TCKk8mT/DRpLb+Rq5hw/HBCMAGg8FgMMwhwkCjJUhbInTZzVsO3yykRImAkvaxhCQmreEfSYFQBEIRSoGtLaSwyqNtBVJE21aP6HNS6SgMdBAS+AFKhZETuLyNkgJPa4QlkNhoFGgLEQJKodFYKAQBXhg5crWOhGGhI0uxEgoCidYCH0WoBQGaAI2PIig/gktVxAtBK4FSkTs5mo5CPAfSJ6gaqai1NTyNUmgd4gmbUMjh/CaKkc9Qa6jkTdaghBXlCUaZDMAGg8FgMBgMBoPBcAyo+9trMtZHXWeygctY19SiaybqCcDL0lAIfSg35fKuOBfPc9mbD/nG9hxZPyp1Zy7AFgGdScnyjM21S+M8us/m/l3TV5AKgcVrWYvXsjGStiJpa1rdKGfwgmRAJqbq7qeM2eU0UNH3AU/R7ymSzvSlRFF251aKKGeIGhbPI2fk6PMoqiYqAmdFCK5uttb1BbvqdWq3mQl85fH4zvt5as+DPLXnQZrdNgIVcGBoFxANhF+UWYUlR+dQDnXIk7sf4JS2s1nSvPqI2lAtbM/p9w9179cJIjzr2hn1aRQteoYix0+bo+mqref+rbwPk7Xp33T0nq12m+kI0/VCTVfKrNcmw8QYAdhgMBgMhjmE8gOEFeX91daICCyFwBJEOWsdG2Hb4DggBCGaEI22JZYlsZSKRt1aEmlbCCsSfxUMS57FMBrhKiywpUNMRwl4RBANyZUIAuUThmUBFUAIRBCJzcpXxKyAmJRIX6N9TRhqglCjlEBJUNJChFE4H4UkFBpfQyg0oRbocrsR5R+vZdFYCavc1qi1QQilcHSomspDbOW7j4XS0bEYfsDVGi2idUMklWHUoY5c1BqYxoBtg8FgMBgMBoPBYDDUoSLo1IqEYwSdRqqPGD2txxRQtfpEolDVdhro9QSD/tiK17Rq9hciAdi1YHXGYV7CwpaCDleS9UeSBgcaekqKnpKHwOO65Q5/cmaCOzfb/NcuCPR0xQ9BPrDIB3C4aLN1II5A0x4PWNVcYmXGI1POGyykwE4n8fqzw1sP+ooBT7EwNc3q6yBnwJHbSPhtVN9Ma0eh8tkzuI1A+RzK7eFQbs+o5avazuL8rsvqunz3DG7jmb0/ZUF66XB46OkgRcNLeBQnpW5Wc0/rOmG+h7uEcUI6T6W6qcxvhJRyVrtjxxN/gVFib2SsGFkmy+aQatHWcHwxArDBYDAYDHOIMAyj0M7Dw18FWkThk6WU0TDcIHK9Bjr6UasECCmxbQtH2iCjPMKRuFkWeqUkFOWHOylwpYjcs2E0QlcHEPohWoRYUmIJC6sYIpVCoVC+HymxfoilFI6OHirzaCwlsUKQYZQL2A9UFEJJgVceg61EJD4rAaHSw9NKacIwGBFtwygslFIKVc4dXAqgFNYXfivzSirKUTwsAAsiAbjyACyIcssAqhz2OigfW4PBYDAYDAaDwWAwHBlTEl+qhKHh8cbVyyvi7xQ0mLI8OuICrtpWCNiVHbuNALqS0fBjgGIITx0qYgnYng3Ykw/HblRV34u9Pht7fd64JMYbF8d4eK/NS32SnUOCUuNNJ7k/gsNFh8NFh6cPappjIae0+lx0qhMlT63av1ygGfTVrMxdWivsVdzEtVSE0pkkbqf40AV/z9N7H2Jz97Pk/Sxaa+J2ghWtZ3LZ8rfRnpjfcPsnd/+Ic+ZfzOr2s6fdhko479l1Vo4d1YNChBjH9XuM9dbqsSi1Y08q91HtuycYLZgqpYbn1bvvaretzrdbT2Cul9u3Uf3Vzt56862qdGeVeRVBuFJ+bbtr93e8vqR2u/GOw3iYfMRGADYYDAaDYU4hbAssibYlyMi1qiyBtCRKCqRl44oYwraRMRvh2AjbGs4VjNL4VoCyACnQlgTHQjh25Aa2LTRlsVeDlDbacvA9RX92iOxgAd9TaA3Ci+NISdq1STVbJKXAIUAGAYQlQiVRIUgvRBZ9KHgo7WNJhbKi4bulmCIoP88p9LAoGzLizoXyg+Zw2GfKD7LRdpFb2G7o/oVImx529mo9LDhX0BAlIIJIUAdCIaIcxQaDwWAwGAwGg8EwBxjv5X49QaLWJTYZV5weL6xzbU7P6u2OggBYqUNr2DM0tvSUA02xkECNtOTXPT4v9fl4aszqDct/qd/DlR4Xd9mc1+kwUIrxxAGLXx6aqT0S5EOLpmaJwAcFTiaF8jzCokeoobsYDYq2ZtlP3NpLpmIsrhWCZ8BwPAYhBM3xdq5a9W4uXfZWsqV+NJqU00Qqlplw+5w/yLe33MmfXfgPJJ2m6bWBye2XbhDW/ESl7r5UOfurAhFPq/zK8Toi3bgyjqKmHN/3kVIO/0X1jQ2lXM9FW9vHVv4mmyu4uq7qebWicO17scmIptXCduW7rEoXV9vP1yt7vP8T6pk1atte25baMmRN+rq5gBGADcOs++DHeMeqOAee/Ts+dd/xbo3BYDAYjgZWMh6FbLYkWDIKu2yVHxqtSMgNYy55v8RQsYBX0gjHxnUcbGkhNWilkVoiHRvLckBG4ZF9X+F7HmEY0l90KBR9Cn6RfEnRM1hk74E+DvQMUiiGlJTg4KCHDjxSUrOwJcWqBa0sbm+iOQZWGODqgLS0yNgOrZZNMungugFC+aAVihBX2SQqgu7wCG89SpyNyRCtqx5kKysi0RVXLyPb1grB5S8j82FYEFdVz42WHT1WhWiUkJFIPO0QXQaDwWAwGAwGg8Fw8lNPFJiU6FIn3HNVdqGGm4jqL5OpZpLC2Z7c2JU64pCJhRwqjq5ssuJvNSUF27IBlghIWkXWnxLjQ2ckuHOLxdOHomBeR8LiTEhm06M89+nv4ra0suL/ejdNZ56GlYoTDOY5XAwJ9fC45xOC6jMiZiAEtNJ+w2VxO0ncTk5YhqYc0azMjv4t/HjbN3jH6R+YeoMq+zTOfp3MbyQqgzpG7ut6UxOUQYMQ2lMUf8ddt6av8n0fy7KwLGuMiFsrhtYTf+sJp+M5ies2qUYUrZ4/GZfuZMsfjjZY3qYS/rriLK4ur564O167q+fVE7Br21qpf65hBOCTnLXv/yjrT0+D2s9j//gvfLPneLfo+FIRuRtT5JUffpp/fvyYNWmW0sWl7347V6/pIpMozyoMsWfLo9z1jaeZ45eRwXBiI6MQzVigLRCWfqATbQAAIABJREFUxrIEwpZYjkAg8YMQgYUvbA5lc+wf7CFb8lDSwXJitLfEaWt2SSaTuFqADPB9n1Lgo1QUGPpwbzdBALbl4jguC5td5re2cTjbzLYdvbx2YIiOxYspFosc7s+yqzvPlnyWFQMBS2MeTYVeEkAqIWlxk7THXZpjLnHAkho3EcMLPWzRitLghSVU6GNpRQxwhSSmNY7WaKmHf2CNfhCMHvyUVnhiZDmKSOgui8UC0DocCf0sRkRgVfWjwArKZUiBlsIIwAaDwWAwGAwGg2FO0egF/ETr1vscRa2Vs/qzsoquP11bRu2iCUWeqt98FWm6Xpjheg7gjKNpckL2FyaqZGJcCY4lyPuabKDZPFDCosQfr3H5o1Pi3POyZNugpM+betlJR7Pq8HP0fPO7pMIEQz172flPd9N87utof8ulJBYtYtCRHGHU6eOKNQMO8K09PyFkMeBOu4zXBl4m1EHVHM1Tux/kdfMuYlXrWVNyJwom3q/JCqEnGvW7l9H2X13+p94h1Y2mj9QpXduuenVrTRCMpCqzLGuUGxgYI5AOF9dAFK7blAYhoRu5i8MwHHYg1yu7OtRz7fLx2hSG4bD4WqnbsqxRfX69/R0vj3Ajwbi2HZV6a53WcwkjAJ/UXMbaleloUnZx6u+3wn19x7dJFU65hPXrzufceVke/OS/8fCxrl8F+EG9BQX8aYzCO7lYyfoP/xH/h723j5rjqu88P/feeum3510vj2RJtiRbGMkY2wgb28EGGVDAMOAEWG8GBiaBsyQHZ3dyZpmZ5GySwxwyEyZDdo6zWXLIkrBLCAfI2CwQYsCA7XWMQRhjsDCyLdmWrPdHz3u/VNW9d/+o7n6q++nupx/pkWRL93Pcfrqrbt26t251qbq+9/v73TjuQTLH0aMVwGNozQgbrrudfzfg8bHPPHy+G+lwOE6TGIMwFqvBmjRHrjUSaQUKDylqKG0Jc3nWDBUYWDPIaj1OWVti6SGkJCci8p4hl8sR5oL0Js4aEAbf9/F9hSpsJapZiAUmiUEkWAGnZjRrfYWYneL7TzzLlVeNcvkrNvDE/sOcPDrFvEzY+Mp13HzpZsZKIUqG+EioVokrNaLyPFEUEWlNJRLMzhwjjmO0jrHWEipJyfMoKh8rJdZKVKhozgK1Cz8UGqKwFrYZFjrN7QvWiOYykGjhpeUyPySMqM84rd9gBkbVQ0SnKyyixYnscDgcDofD4XA4HBcz3XJCns5D+Wbxc6VuLQSHWkTN0FF43VA0aHvmsumAL/jVDXkuLXncf7jCTyZSJ6oGfnSyRsGL+PAOn5PlkM/t89k33f9BkcCHr6hx6IuPomNFTZcpFcbQOmb6sZ9x4sd7uOId72Lj/3gTngjOuC/nkpZ5AyvgAK4kJ7l//yc5OCOxK3jizdYmeeC5exkvbqIUDi1r2376dKGKwEC9Y43edeipWLys15Wm1/G07R+WOqjZZmU+N8TLJElIkgSlFJ7n4XneIodqJ2dv+0Sb5YSBztbRfv3NvjqFZT4dOqVaawjBjb6mqdo6u397OaI7hX3Oir4NGvtrz2t8seAE4LPE6Mgw//NHfpPRkeEVqe/U5BT/7dOf5dTkVP8bvWkbGwKIp+dIhkqMb76NbXyFfSvSojNk/Aqu2bqafGX2vOy+cuB+PvZXTsTsyM6b2DHuwfx+7vmLv+W7Dbvv9nfzx//qasa2Xs0dPMw957WRDofjdFGJBVkXLlX6o0UoDxV6+EGA8hWessTCEqmEnAe+JzBSYo3BWk3gSXzPw9oYbAI6FX+lkCijUImimhSpRjHEAk9ZPBHhCcvYoM+1V65l3apBrn7VKTSWck0wIkc4OehRSDQDtSphrUCRGGGmCL2QJI4RlSp5qTChT7msKYU5xtf4WK2bYq1E4CHwrMC3AmEssdGt4Zup31BmQkZD/UbQWrQVJAKMsGhrMCy4fRu03nSmjmFkPUdwwyHMgmDscDgcDofD4XA4HBczyxF/O7nwbOZNy7plqFudjMQrwamaIDKLa7x2leV49cwF4NU5xTVjAaOhYi42TQG4QTmx/GQiYk1O85YNA+yb7j9Q869vgd+7MuZ3nz+EFArpKWpRmVw4QKU6iadC9BNPs2n3FXiXFc+4L2ebbhKYXAEBGGA0B9NVy3S0cmeQxfKz4z/gVWtv4vpLblvWtvIiCwGtbfqSAkQ9A3IP+Rdsa6joM3b4dqBrnXZxOWh19wohMMbUjQ16UWjohW0XQiq35+3tJNB2y7meFY+NMS3iay+BtZPA3E10zu6jvQ9Zl3HWEZx16Lb/XSoMdS+RHBaO98Xo/gUnAJ81XrfzWkZHhvnmt7/HFVs3c/mWy3q+X4q3vvmNvG7ntfxjH2VTRnjPVRvxgUM//ynxa29m89gWdu2EfXvOqGuOC50tIwwCM88/tiD+Auz9CvtOXs2NawZYewPw6Hlqn+Nly92f/DgAd33sD89zSy5uCloAEgxp7l4BAoVCIZEYK5iJBVqC1gadxFgBnucRqPRVMYbZqP6DU4nU9Rt6iMAHz8MIi/Q1npHInE/e9zHJHFFlBhNVCUXAmgGJuiRPZX4OrMfm0WGe9WocOXCY2vQUMilQKAaY8jw2nsMXHgiNpyRKedgIisU85doMVoGyEmlBWIlITOrirYu3jRwjQMcHDNaCNmlImuaPgsZLpE5gX9dF3jrZ+08j0l8fkdRgQVuLqR9iJwA7HA6Hw+FwOByOi4VOYTizIkH777JuZH9vLRURuvOCxYvbf5r1kgGWZy4WTNXoGFFw27DmkRNnLjicqGienU4IRwTfO1LtWq6cGAJlEKi+YlEN5mB0Pfz5VIF1/+FjJKdmqR0+xsRPfgwHTlGbPsjI6k0oLN4KCajninYxcKXa7ktYXbDMxenk8ZWimpT52i//htesuxUl+5dsRCYE9MtoeE6bmoZKAr60C/l7m8dAdBCBz+yodP0etRgEFgp2uuYsCjufce1KKZtCrNYarXWLG7i9XGP7dL+iowjaKdxze7l24Tdbvp/w/f2Kv93E6XY3cK9wz73yAbcfi6zbN7tte9mLCScAn2X+8dvf423A5Vsu6/l+Kd765jcub8djt7JtPWCOsO+r91G+5AY2X1Zi49XXwZ7HTqMnjouGShob2w8H2lZcl+YDNrMcy4i/b//oH7J7U8K+b/wJdz9wzlrpcDhOl8DDehKrwPgSrSzaAyMSpLEYK4n9EBX6SN9DCUEt0VSThDg21JIYkQ/xciFWCpQv8XwfLwyQoUL66UzFgVwNXQNLmkg8qsVgQpTUiNij4Pnkh4pU5z1qs7MkQrBp/ZWEt1xHPo4IarPMx5JjFcHk7DRDI4PIQJJEMQUvxOR9GBiGUgHPWkJrUdpCrDFRjNFJc0ajrsYI6jeAtj4/tOUmMM19jLVIIfCReDYN32wAgyDUFgXNZRqLFulfK9Kb56i+XlvbfEihZadBcDgcDofD4XA4HI4Li055JtvXdZqQ20kkWNKk1WN9t1WnU6Vd9EakIWWtaNliqgaRbpWe1hfAV61O3dNlNrF89um5JcutKwTcf9DrS/z1JFy7CULfUJuaAwTe6CDe6CDFq64gnpmh+JMnYe8R1o2XWLtuZaJcnguawmBmmRJpuOszRQgYzsFIzXKysrJC0onyi3xp7//Be7b/Dp70l24LrTmAu53DF9JjibkYpiMo+pmY7Jn43qIlJPRCDq+GVi9Ew/1aoxofI0omwWqkzBP6qwn9VQuzBdrV5PaZIR1E3yzdlndy7mbDE2utm+KolLLpCu4kAme3zdbfsT0drsGdwigvxXJyvLfX2R6+uuEGbj8mvXIKd8tp3BB/G7SHes7+O3Qx4QTgs0zD8dbv+5Vi2+7NjAPxoX1pqN6fvcBtl21hcMtr2M1j3LfsGtdxy53vYvcr16UiIEBljkO/eIC/++KjHMoWff0H+eQ7tpA//hh3/c1+3vMv384tG3LAHE/+/DhbrtpCowryW7jjkx/nDoDKfu75o0Y+4Mb+VjOYr5+mJqFyci//9GdfOUc5g9/FH3zyOsYr+7nnj+7D/8072b1tBF/C0Uf+kE/cA4xtYdcbbuHGqzYxlvfw6/+iVqaP8OT37+VzDx9pqXHX//T73LE1x9E9f8inD76bD+3axoahHADx5H4e+uZXuefxSdhwKx+682a2r8qldSZVjj71MJ/7vx9oPdZNljE+S/HP+zl04zo2bL6eD1yzl889PgljV/Oe9/8qOwag8vQTLeGfy3EC5Bhcu5ydOByO88VEUeAFHkExxCvkUDkPLx8g8h7S9/AUeCIiEZbYCBJjIZYEiQcmdcGGnodSabhjQ0Kia8QVEBHgKTxfYY0GGyKUjxaKWClsPo8MBKYM5VpCEs2jbEJYkOQ8hQ0FAk1SjbEm5pczAd/aX+H5g0fZsEGSCwOmTp6gFOTIGcvq4SpbBhKGlCCHINQGXycorcGmll0lJHkyDmAWbvayYaGzN5qeUAib+YlkJfgGbS0Ii8ESY6gKQywaIq+gIPw0j4sxJPV8wd5FNrPQ4XA4HA6Hw+FwXLxkH94vDuvcOffiS9KVlRF6MtmDFha2KEGWqWixA/j2TbB/NjnLDV1gQ0ExWclz/4v9HceNo/CKtRY9X8ZGi9vpDw4yduuNJK+c5LKCZnR1u1HkpUkjInL7mSZFKhSuRAhgKWB9yTJbs9Q6hP4+Ex5+4R/Zvuo1vHr8V5Ysm2aiWnSCXrBYC8erMBPDplz9O9jse3ZgbZrurEs91egYh05+han5xylXD2JsjK8GKeW3smrwZtaO/iqeKrTtvEN7TrMf7SIo0JKztpEfWAiBUqrp1s26ZdtDJHcK3Zytv9P1t1Oo5G7O3X5F005ibbad2f22u3Oz+20cj6xo2y4QN9Z1yovcyWXc/izwYsEJwGeZfsI798PyHMBXs2vrCJBw6Kn700UPPcH+N2xhx8A6drwF7vvWMqobu5mPfOQ2dgx5YKrMHJ+lTJ6xVSU2XHc7v7d+HZ/+1L0dcgt73PH+d3HLeq/52Y+nOHr0BHl/gPGxHJgqE8dniQGqU8wAsI3f+Ld3cuOadH8TRyeJZZ6h0RL5NesYX0bTV4qxD76fW64sLSyoT8La9e47uWNrLhWnp08wUQN/YDVjQ+vY+c5/zaD8E+5+aHF9/sgH+Xc7t+BNn+Do0QpDa0bIj2xh13vvhOgI2993HeOyysTxE8T5EcaHcoxfdRu/++GEj32mLXfxaY9PFybu457vb+JDb9rIzjt/m827KhTWjJCXCRNP3c9ff7ZT7uSEyjLSUzscjvPHvkOHUUrhBT5BEBCGIUEQEHg+nudhlCYSlfQGyVN4nofy6y+lQEpmBi1JmOYUEkIgrZcKrsZiy1G6o0Mam5QxZiGWfPOmzFiQFpE3IEJEVCI+NsWGwjzTR58hNpbcyCp8nUPagNmK5MdPH8UWh5kuWywx+VyOuf1HuHIgZDSQDKiEdQWPy9eU2DxcYFDU8HWZgATiwsKNr7UIU795bNxEWoO1Cch6+0QaAjsRlgRLgmBW+SRCYrBpPzvMnPSxCCEJhU+xHnY66fCAw+FwOBwOh8PhcDguRNof7GfDjC7FIiG43cLZa9vlNhQWmfm60UdqT6ZrYpEAfOt6wz+fOPP8v/2QU3BZqchvP6So9fETVAq4+XJLoGsklVrPst6aEZ4NBE/ParYPy0XC0PlG1EX69jFpF4FV09TZSxrsn1DBpkHDM1MSu4IKbGIi7j/wD2waegUj+dU9y2qTjuWF5PDthbHw81PgS9McT1hs0s2Gg25fX4tP8fPn/pBKdJjVw7ewZd1vE3hDzFWe5dCJL3Pg2P9FLZ7g0rXvR6lcy/6b9XU4384WjbDQjfzAnuc13cDQKqxmxdB2cbUh/rY7bNtDQWeF6H7pFTY6W3enkM3ZMo02NtrQ3pZs3zoJxNl+Zo9Fe87l0+njyxknAJ9l+s/Z25tlCcA7r2bjABAd4cnvNBY+xp6Db2LH9hKbt9/O2Le+wUSPKhYY4Y73p+JifPwJvvA3X2FPY8MNt3LXb93GtvGrueMdD/CnX5ts3TS/hZ35Kvse+ie+8LUnWvfXcAnXDvPgp/621dH7llvZucaD2f18+S//lgebG46w8x3XM9j/kVgh1nDNNo+jj32Dz7W7aeNZjj52f9vyEXb+qw/ygatG2Paa3fDQYr/12NZNHN3zeT7xpbosO3Yzd310N9uK63j9+1bj1/Zzz1/8bTMH74733sVv7VxNfuvV3MHDGQfuGYxPD8rzk0xXNpLP5xgbzwEJE3sf5utfW+xAHh/IAZPMHOi7eofDcR655vLL0xsj0Xrj13ivciHB0BBWiPSXhJJpqGPRCIdsUbFBzNMWhsYnjjRxHJMkCWHig7V42RmNLOxPamAiIYkiPGnxTcBUVZGMX8njzx3hJ4++wN6Dv2AuyhGWVjFfLlObLzM+MkoURUweP85AGBIXC8z6UKnMEE3PklOG8cJa1pXG8LVPUp5Hi8aN7+IXCIQXoGQBbcBYS2wtibUkVmAEaAT5SCOsxtQdxKbeL41thoWeUWnomkBYFBKFwFxc95UOh8PhcDgcDofjIkXWJ8FmH8R3EwU65a1sxxr6cjb2cnT2FGnqStGiMq3m3iXqsiQWpmMwbflg1xVizDlQiSSwYzjHf3ncY7aPiNNSwFt2wFhOE01V+1KypiLLNw9WuLTkUfJfWgLwwm/7tuW0nj5KGqxVadkV6IIQMBjCaM4yUWVlKq2zf/JJ9hz+Hrs2/1rPfMCJASUtAttxGLORil9ao3Z6HC3D3klYWzBISd3uncn72/xOL0j8jRzBAFpX+eXB/0I1Pszl6z/C+Ojb0nRgQCl3OWuGb2Pv8/+RFye+SqlwOauH3kCnI9dPOPlOkaP72rjR7oyo2ngfx3FLjuCsEAy0iMKNvMK9HMLdPi/qzxLhpdsn73QL2dxtP+3rsw7obGjnrDu4fZJRN+fxS23CyvnACcAXILuv38IgUDm4tyXU856H9/P27Vcztn4bb7/iG3zu6T4qu+52dq73IDrId7PiIsChB/jC49v545vXsWHr9dAeWHogx8xDd3P3MoRHAIZzqcF29khG/AWYZM/Xlh+8uhP5rbu5+5O7F684/hh3/dm9bYVLsPdePvHFxbmTv/vZuzuEo55kzyNHePtVI4yNrGMXLC4zsZcvfynjyZ14mC/84jr+eOdqfC9h3zcXxF+AJ7/0GAd27GZbfoQNNwMNE+6ZjE9HtnHH77yLXZeVIJnkwKOP8SSb2Xn1Fsa338oHNm9j8z1f5MuPN8b0NsaHgcok+/s5nxwXPDfsvBaAR/f85Jxs51g+uXIZACPTmyijBEJKhJKgJNgIUUuFX6Ek2lq0hAhDzSRoY+o3lZJaklCLEqqRJko0SZzefGkgKs8gbXpjpqRECYkn0twlnlJ4VhBoSUEk5It5ygnI0Uv44vcf41t7DzHjDTI2dCn5WDB56gRReZbBfMBwXKEQKi69ZBRfKqYqJ8lZn0EfBgSIWpWZU5NMxhFDviCfG2jmTzHGoG2aT8VYg9b1BxKJwVpDgkVbQSwsiRBYZPrrGEtVRnUx2GJEmudXi7oA3HASx+lNfoLAF/Ub1ItsZqHD4XA4HA6Hw+G4eMkKv71CgXYLM9pavj+tpFMVp627ZgXfpSqpW08jDfPx4kZMRZKSJ5hLzq4KvCav+PGJkKem+xM6tq1NX8lsFZv071B+djbhiVMRN63NLV34JUC7gVxh0FahTfroYyWQAlYXLHOxoLaCZu/ExPx/L3yd167fxXB+Vddy1RhS/3FnD/KFIvwCnKrBV/Zb8p6l1Mj/2zQZ1N+L7NKU7DkwXf45M+VfsGbojYyPvrUp/jaOk5Qer9jwe/z0wMc4PvV9xgZvRopg2W3tGbzgNAYkey01xhDHMcYYfD+N5Ncp6kJW/IXuQujpCKSdQkwvVedS++mWNqA9RHZ7yOr2iUans+8LHScAX3Dcyo71HjDH/h+3hep9+jEOTFzN2NgIm1+7BZ7ev2Rt27avborJX+9gGZ7YO8nEzes6C53REZ5crvgLsH+SmZ2rGVz/Gv7gzjm+/O2H2defXbl/TELcKQ1H1Gmq3CQHHl4s/jYZ28KuX7mOLeOrWTswwNBwDs/zGlGiOzLx4mOLQjJPHJmlwmrylcM8uShs9F5myrshT0tcjzManw7s+vC72XVZjnhiL/f+9RfrAvwD3PcP69j9m+9n95XruOW978OP7uYLe4E3bWFDAJVnnz5HeZkdL2VGR4Z533vvaH7uV8y9Yee1ze2efvYApyZdPPGzSVIup6GOlcIGHkIoUGAEGGERRpJECSrwUYFHUMgRhj4i8DCexAiYmp5nfmaexIIWaV2BEPihwPN8pPAINqxByfQmTVoQ2mC1QVjw6rP3lGcYFDVkeZ5qkuOnLx7m0f3HCEY2cNnoODMvvsjJg4fYtHaEG193I+MDAc/84glqlVlWrVnN9PQM60dDVg0WGSoVGMgHhJ7ARPNUa9MI5eMPDsNU/UGElBhjSOohYIyX5lJRWuNpDTIVxlV9FqlBpzGjjGXchAT1C7DJuH6bnwWcyqVhsaW2CJterl0AaIfD4XA4HA6Hw3Gx0J4m57TrWentOilh7Z9t96K9qBnBXIfHiZ94zOO3rixSNVWenU3Omht4bS7P555SfQmQIwV49UYgjtHl3qGfO/FyEoAtreeDtAZtLYkRLCXp7dryH/vej7HpBIDkLPz4z/vFrutibdHGokT6/CGjfy7i5S5/zUbwTy/AkQpcNqDxZfZb2h7quXtvZ8u/JNHzXLLq3QhUy7pGjUoVWTV0Ey+euBdjYqTqfrY0tmkPNd3vV71f4bJbPnWtdfrMrS6ONswP7dv3CtHcbd/90k247dX+5e4zGxq6sb9+0gu8JPPLnwecAHyBMfbO7WwOAErseO/Hufu9XcptvYkb2c8jS9S3oZgHejhmezE7uWT9HdnzDe67cjXvunqE8et2c9c1tzFzeB+PPHgfX3/8NATlDlQO3M/H/qpTLttOhbu7W3e887f5wI3ryDdE2SQhrs0yccpnbLzUVQSOo6XF91YmiTvcyJ3R+LQzdjuv3ZoDc4I9//2Lbe7rI9z32c8wcef7+I3rVnPjez7I0b/4Z7a8diM+k+x9qM9j6bigOTU5xee/dA/ve+8dTUF3KRE4K/5+/kv3OPH3XOD5SE8hQh8R+tjAQytBLNN8t5GxxJHGRBo7X0XLaRIssdHEJg2BLK1PID2kFCghySuJpwQ+EpEYhKzhWUWAhy8lnhUIK0CnMzMVEguUqxpfaOIY4nCUr/9gD7p0CblciYO/+AkbiLjzDVfw2u1XMuILktlTXP+arUzOzHH41BTh5rVsChW+1amQqwye71HDY6oMJydnKFciikl6w25I+2hYcO4aLBKJ8DwiDPPWULGayFiEEfhWIBEc9WoL4WYQ1KNKo0T9vYWgfp22dQHY4gRgh8PhcDgcDofDcXFwPh/Gn3ZY3y6ib6+etPmaqSaW2Q4O4MdOCn75g4B3b/b5F5sjHjk+z1wnM8oZ8LpVAV/ZH3BgdunOSwFXrIG1gxCfmj+t/c1EL81fuKKuwtm2ZSKzTmKxGKqJorCEAnzZyK1nr7ErRCVK+yaNXjh3m52uf2RBoHy5SmDVBL51CJ6YsGwqJRS8NOZ7w/TbqWOL+ltfECczWBIKuUs72nTTS5Qi548T66nFBfpgJed5ZAXcdhG0Ux7bniH1z8L1t5f4uxTdhOpu67KTi7L5jfup/2LHCcAXFCPs2rwufZskxF3+TfYDDwbW8+qd8Mie/mqOp08wUelRoDrFTPsynfSZZ7idSR78/J/z4IYb+I3br+eazasZ3LCd3b+xjRuvuZ9P/e3Dp1nvCvP6D/KBm9eRT+Y48KOH+fr3s07ld/EHn7yO8XPUlNMan3Zes561Epg4wn0dBe9J9nzx84yvuovdm7bw9o+uxy9C/MIT3LP3dFvuuNBoCL79iMDt4q8L/3xuSAIfL/CRuQCRCzCBIlZQs5qqSUiMwCo/nVHHQthkg0AgkQK8SCJiDUZjdYLBIKRBSkHOE/hCUJ00oDyE8hAITJRAolE6vfMWUhGaPJVomiQI+fGpYxyvjPDMrGXi5FPccMUo79o2yivVPPa5H2IDj0GliGoJY35IadUgp6o1TkRp/hNhDPF0gjLgKw/FAAP+AKFU5IqpwzkxGmM0SRLXBe20b1XrMW8C5nTETKKZ10kaxlkFFLyAUHn4ooYgQgmBZwVKpIK3R/oeY5lLIjxSwVjZ+o3qRT7T0OFwOBwOh8PhcFwc9Ov8PRMhoqvQ262qtpDOok30sZ2LLk1GVatpOjqAAeYTweeeFnz3cI4Pbw/YWKxyvBpxqqbPWChan1dM1op8/YX+juNQHq66BITR2E4ukz5Yk1dLFzpPZCQj0hnZmTywAsAgTYI1knIEef/l6Qy01hJr0BakrT+XkQJRz3vbfGVzvp6vxp4BkYbjFfjWIcv+Gcu6gqYUZkJdi0aP0752MvQvlE2//75XQqAo116gmNvU8TtoMdTik3hqqCWwdrfva7drSONS2C2UfbvY2StHbqdw+g0ROOuK7ZQ3+OVEt35m32eP28uxj+cDJwBfSFxxGzvWA0yy52/+vEuO3xHe87/8G25ZX2Lb9bfCngd6VjlTS6emJcd/yCc+8+hKt7g3hx7lC3/1KF9gHTe+8+3ccfNGBrffxoduf5g//ca5bUonbrlyPXlgZt8/8al/eKJ15XUlCuegDSs6Po3cyz2F+0m+/vf3s/l3d7OtmIPkCA/9/f0vDUHe8ZKhHxHYib/nj2gmoaYMNojQgYJAIkOfIBdQDHKQF9QKEUEuJMwVULkAqzyMFFiRCqliRiPmDEmlRlypklRrRFFErDVVa7ECPM8jkAotFAqBlZparcacqTAXVYgSg1FVTp0oI4uDfP+5k+xkH58BAAAgAElEQVQ7dRyd97jhyiLXDSlOzczwXWsxRmLQWJtgBVhRQYgqQgjyVhCqhJyCnJQUfUXRh8BqkloZWY7YWhoBA0YnRDqhYhNmMZSFpiYA5tC2zPEo4MBEFZUrMZTzqUxPIXM+kbBsVBGlUOLlBvClIjQVcjZCWUPVSGYSnx9MjbGvfJT9s6cYUHDd2CjbB0bO95A7HA6Hw+FwOBwOx1knKwC3CxnZh/S9hI6udS+1slsC1My2jV0uVy5oD+/aTs0I5qLeHsuD8/DHP5K8ciTPzeMB16yKmKhFHC6fnhA84AmG/Dz/24/6T2b72stgqABWC1QuQFejZe93x0ivhHcvAYRI8+HahkKffZGmpZKaSHt4Cnz58puzbWwqjlprMEmMFDTF30XnkhAvu/5VE3h+Dn45lbp+DXXxN7BpL5t9ao15bREtgi+Z943LTyl3BUoVOTzx/3L5+t+hJc9iHW3mmZh5hKHiq5DizM/37PUjq1X2Emob18eG67ch9gohUEq1iKFpNDzVUmd7Pe3vO30+m/T696DT58Y27aJvr/704nT+zbmQcALwBcTOm7cwBjBxkEe6hCyGSb689yA3rt+Iv34bb+cBvt6jzj2HJvmN7SXy41dwI4+eXkjnM+YIj3z1M+THf587tuYY23AzcP5DDm8YSnNelMtPLFq3o56b92yzouPz4iyVnavJD6/jjjG4p5uqu3Z4Qdw2CV0mOToucjqJwA2c+Ht+mV7jg6cQgQJPYT2QEqpS48kaIpHEJ4G4TBJNo2sRSbWGjEFaUFKibYQR4AmJJxW+76N8jzAXIAIP6Sl0IOthkgXKCoSnCAKfwkCRVcYQ25ipyjyr4jXMhGt5+uQ+TOhxZRCye3wNl6/1yXkSoxVJkgq3SZKkLl5RD3sjJXlL3XFrkMaiSG9uhDFIqzBWUZEGKcAXkhERMqwD1hqD0QZtYdpqnqtGVE6VmS8bZuaneF5EJLUYyxTFwZCjQYmxWDGYzLE6ZxjOWcpCcLQieXJS8tREjZ/PHiVXgVVygPFVaziZeNx78CjvP68j7nA4HA6Hw+FwOBxnn14C8Io5tZb5DL+TI29lEE1Fp6bpGAK6HQM8OSl4Zsbj/hcV/+KykJvW1PjpqSpzSf+Nk8D6QsA/7PeZ6fOh3Kqgyuizj/Hst5/FKxYZ3/UGVCGHLlf73m9OKWaigB8c63uTs47NJPq19c/WgjEWa2z9ff3VWE7EVeMKJQXCs3jy5SOSWgu1BMqx5cljEdXYIqVASpBSIGQa6lsKENIipGiGwW708aXYV2uhouFYGY5WYDa2aGMYDg2DgcVrtD8b8rnZn+4hAWzzfylDpVdTym/l+NS3GchvY83wmxBCNstaG/PM4b+kXH2Byy95V1MAPq1JI6LDsmZ/W6+T3cTJ7HqlVEu+30Ye3F7bt9fzcnDL9nL8Zte3l3859O184QTgC4br2LmxBMDRA/ezr1fRb+3j0C0b2RxsZMc7R/j6V3vk1f3Oj9l340Z2DGzjjo/uJv77+9iTFQY33MAH3ns9+R/dzacfWkZzH5pi+h2Qz4+w8QogI1jvfMe72XzkYb6850hmgxGGwvR0Lc82lt/AXX90O9uKk+z5TDfH89nj0HQV1uQY3/xudvAVnqwv3/CmD/KBq86R42slx+fhJ9i/aws7Btbx+g/dycTffZEHD2XWj21h15tv51evWU1eJsxMJgyObGTXR95H/LnPc9+hrjU7LlK6icBO/D2/TD93CpRE+V5646gEXl0ctQKEF6L9AIklEAKRKEwcYGoxVidgEvyiQOZ8lErFXz8X4hVyqHwI+QDlexAq0AYbJ5goQUQJNk7/KmEREsbHcqwf2Mq39s1RLeUZIOHXt27mbesHCVZV0crHq+XQdiEUta07jK1MbwRtrQraEEUR1WqNKEqoxZokMZCATQRz5Xl8JAGSUCh8o5BWAgKDoKx8IiuIa5rx/CiXqIABaVjjSWy5xtjQGI/PvMATk3M8P2t5cVYzH0coDzwfNB6RNlyiE/yhIZ6zgn8+uB+jLJvHXuIzpB0Oh8PhcDgcDodjBWh3+cLpu8z6dvzaBZEnG97ZnoZQnKlyGW0STFZNRlxeesc1Dc/OCP78CcUVQwX+zatCIlvmwGxMZOySYtNwKDk6n+PR4326f62ldM/dPH3gx0ih0CbixW98k51//meofIiu1PqqRtiA7xxq9Zn2Gt+lzoEzdeVZaxdcrzaTJ9Q0JiKIVBCui7/WCGz9ww+PlfnQNXkkElmfFP9SFEYbNITtapK+HjwY8/ChBCMUQti6UAZSURd9UxVYNgVTga0HNBZCLhYnT/f7mvniWJMKzu3rrbX1+RJd6haZP9ZQ9GEk1BT9dIK/qCvYop7fOO2OqIvaWUdovZYeXVAyz5Ub/wM/3f97PP3if2O2/BTjo2/DU4PMVp7i4Im/Z67yLOtG387Y4M0gRF/ib9cyfWzcKRR0g4brN+sAbqm+/qwsmw+4m5u2fV+9yq00S4mznZy93Y5Lex7g9u0bZVx46AWcAHyh8KbXsG0AMEfYd38PQReAB3j84M1s3ppjw5W3se2rX+khGD/Gp/9hE3/wvusY33QzH/hfb+C905NM18AfGGGs6AFV9nXJN9ydJzg0cR3jYyPs/K3fZ/PxWfxwkvv/0+dh/TZuef3V3PJrVSZOzhLjMbRqhLwHzO/nwfv2p1WMbWSsCEwe6eF4Pns8+PBeXr/5OsbHruYjf7KNiZOzUD8mlWf3M7G17sg+q6zk+GTqGtvOe37347yrMsfEdMzQ6AD5oH65SCbZ99A3uPsbq/nQH9zGq4e28fbf/Ti7owS8Sfb8+7v5wlnssePlRVYEzuLE3/PHoZMxSIn0NdLzCH1F6HsUgoBCEBJiyVPFCwOCnIfK55GhQoYKEUiU56GsRCQQxzFxHFNNYsq2RlKrobXEehI5p/GERCmFEhIvEEhpUhtxYiBJ0PNlDtdm+NmRo8xOT3DTFRt4VV4wFpc5dWqGsoGizqdir5QoILEGawxJkmCwWKsBSaI1SaLRWiOEwg8DPD9E5zSBjBEWtBDMW0FsDZExVE1CZCyTVnCgVuaZ2jyRCJAyJEwijgiJNmXEqSmENQwWCmwt5hlfBdVqmSieoxonzMSGcmwJJFQHEsrUWBNYXlsa5C0bLznfQ+5wOBwOh8PhcDgc54VOD+lPW2RoiaXaaV9NrWv5lr22XSyn4GAQce0qw/NzPhNVj+XYlJ+ehrseVrzpkhKvX5fgqRonq1FXR7An4JJ8gU894VHr91ms0USbrmVkZoYASaU6xdTEIU7eez9r/4e3YY3B1HpbicdCj0sLEl9GzVC7C/mY6yq8EAuDUP+cCjF0iKMt2uyZ9UKiHsrX2qa22H1M0rXNamz6qSECYy2mLhSljmDSz8ZgjOXh5zXXbyiwuugRIFCi1Sn7UqDhajYWEg3lSPOz41UOT9fYWBIIoevO37pIKDLvZVMtrefIFVhMx+9fI9etoNMEhG6jkBlvSEV4YZvtFvX1NuOW70g9f68UoCRIsaAqi2b7WST+Lkz8yPSnj7EL/NVcddl/5uDxv+PU3B4On/o61sZ4aoB8eAmb1vxLLln1bpTKL1nXciaqZMkKttBZ/G2Ivo3wzt3KZvvfEEY7CaIvxTDI7f8mLCVQZ9f1clG3h9C+2HEC8AXC7m3r0vytR1/gu30kZP3uj1/gtq3bGBzbyI1XwL5eAuree/nEXx7hA792KzvGS+RHVpMHSBIqx/fz+CP38YVlR2Tez+e+9jCD77yBbSM5xsZzxBMnmAFmntrPoVVbWDuQLgeIK3Mcfean3PfVjMP1ptWMARMHf9jb8Xy22Hsvn/6ax4d2bWPDUL2tlTkOPfYAf/3FdXzkk+euHSs2Pnvv5RP/dT93vPNWdl46wmC+xHj937t4fpJDB57gwW/cXx+Dffz1pxM+8IHbePWaHH7gQeJCQjsW0y4CO/H3/CKLIVYKtDBE0lAlQSZVfFPBjxR5ZSlgQIH0BMqXqFAS5j2CYo4gCPBRSJ0JReMpSkGIzAfIXIDwPYJiGg7aD1JHsBACm2hsNcJUInS5THJ0kmeM5pBXYdyHd2zbxCWmRiwNNTGIlSadpSoERqQ3b4nRRHGc5hw2mplqDWzqXk5MWkYoifQChFAYZZmLNApF465bC4GWAq1yaCFRtYQRTzCaFxzRhrlqhaPzE5wIDIODRWbm5vnZkQKzsaDgaUZzsLYkGB4aJefniGoB02WoxM/h24QrheWqkQKvXz3E9uH+czI5HA6Hw+FwOBwOh6MVa1tFuV6mrvaQr4vWsVgjsm1/l4uvNDvXVLl8uMahOZ+nJnOcqqkOe+qMtnDfIcEPjvtcPap44yUBrxyO+PlkjYpuLbtzVcjnfxnw7MwyGqg8jmx/I970UbY+/SMApFBEP3+eyjXPkd+xlTjW2C5iScmXbC4FFL02NWuRwFVf3hSAM0d00cG3beOY2bZp6+6MbXlXb0TdaWrr26aiqQBj6+7fNPyzaazTMFFJePj5Oa5cnWPbqpBQyTR0cuNVb8+5lswah9LaNGy4tZAYy6GZmJ8eqXB8PkEKQShBCItUoulgFiJ1M6cGYFsXS+sifPv4NN6TERPb29JLuF00SK0j0/DOLpaUOzlPm+9oCr40HL+iuSab01g0VOBGH9ran91Le7/ywSVsXf9RyrUXqMUnMDbGUyVywTj5cGNXt/JS14j2a1XHiSot5VsLNETfxuu0Iyi8BMXednpFBljJfTgXMAj7Ej0K+/fvZ8uWLedkX3d97A9XvM63vfmNvPXNb1yxuu/+5Mf55re/xz9++3srUt+FwC0f/n3ec0XCk1/8JJ9+7Hy3xuF4efDOt9zCV7/14HnZ9w07rwU4K+Lv3Z/8+IrXuRTn8t+p5XL48GHWr1/fcd3eX78CfIXwZfpXCZA2nVkoJImUzHoengBlDcpa0Ame1ggMEgGewCibOnuFRCrAU+ArrAKhJGY4RPgKGfjgpzMWkyRBVyNMNcKLNKVyjj01j89+51HWq5D3X72NS/2Y2XJErbCKXCAJ4vl0xi4WrTWx0cRxnOYCNoYaPkJ5WGvTXMFRhDYGjcWi0cYwby3CWDxtUYlFGgE2FWaFUEwYw4Eo5si84fi8wUOQm5tn63CBa1/5CirzZX44cZSfnZzml8cqnCjDYEGyZTTHxgEIamUqszDJOJeOFLikmDBSihgdERRzgnd9/jl834WCdjgcrTSuW+764HA4srhrg8PhWIpev/f6odOj4KXCbDZCjWaXNz43/pZKpZ4P25cjSNx/KmjRnc7A1NtkCQNx33W0a5R7js1yrByl6y3MJ4KfT+T46cl801m5HEIF14xa7npVwtFqmWdmEgA2FBUT5QH+95+p02p/WJ7m+u98htqhxxkoraWYGyHeWGDzR/81qlgkPjW7eBspuG6sQCgl3SW29iMqWtZmy4vmunZFuLWupsu46SVtbNFULGlaixt6tLXNj6YeM9k2BWBT/9tYZup/LVIIip7gNRvybBkJ8ZrO2fOPtXCqovnxi2VemI6IDanLt/GSop4DWDTDJDcdwWS+cyIjqmbk2YWREtiW8e01XWKxgmwXnRvZ8rSUbakm+6F52BeE30YxIRfqEGJhfERWoRfNrRftudfyfrCdDkd715aYeJLlHcPTi5Z1En87OXfb3a1Zl7DWuqP4mxVC2x3D3ehVrpGTuNGObC7iTlEfVioSROMYNf7NWWof2eXtfZibm2sJrZ0Nt90ecrs9H3GvPpyp8D4zs5zZPf3hHMBnmbe++Y3nuwkXKFvYtioHs/vY48Rfh+NlgXP9vlSIkEaBUfW7WIWRkkSBFumNmyjXqFmDNpIoMcSJrf8FbQ2hhtAaAk+S9xVhThCEChlY8NObzfBEDVMXboUQSAvKWNAxNkmY1fBUXODEiZPclssxMDDAixNTHANCkVCIjqI8kQq5mYcMiU1zATdu+DydjTsgwQqkVEiZ3uJIKRmzERKDMAnS6GZZIyUIn3g2QcxpqmaORFQY8QNed8U4164dQxVmmSxO8s41Q9w0M8RPj5d5/FiZF+YipmoaIQTrCgVG1hnWejVCPcdAIc+m0RHGh0rk28L1OBwOh8PhcDgcDsfFRqcH8ks9KG+str0NofXCLOm267VsOWVsY391Ksam8WvrOWlLvuV14xWuHKnx+Ik8z88FVBLRulEPahoePSH46QM+v7Z5kJvHIyKjmYsD/vopedridRTkeW5kDZefWsVAYTUz88cpP/Esqx/5GaNvfT0mF6CrqZAthKDkSV4xFJLz6pOnac+HKhoW0cxgNValYZybNlqblQw7HYfG8bGZElnvZ+vebfPcEdnN6hGJ00nfxqYOWQGgJELbNCUVIKxoiVY9Exm++8wcPwzLbBgMWFNSDOYUoVqcL7cTSzkuG0Jz4xB1ksxtvR6tLXOR4WRZc2gmZqKcsBAmuSH8koq/QqbvM4KwqJcVUjYP/4KrllRNtWSOp2xK7qKlRe0BobPHXLQ4gxeP6YKQ35GM41dk8uy2CLqNVjRF7Nb1ncRf6P7d7ce921ZVfUzaXL3dKmudj9AXjb61i5Bpe7oLnO11NITXfsTHbLluQunZcg9nRdTG5/b9tovV7f3ulfs3W6ZXHy82nAB8lvjBnp9ww85redsKCcCnJqf4gRNPMlzB2BDM7NvLnvPdFIfD4XgZ4Qc5EmtIEksURdS0oaI11SQm0ZYagpr0SRJDLUqIY01sLAgPJX2UUhREREFZQgX5wKeY+ORjHz+n8EMP4SmSXNhyw2Xq77XWJEmCp+FS47E2t5ZqLaGaaGqViKQWUbMGW4tBSYyQdQcwGGwaCpr0MwjmdJlYp6KusAasRqGRNs1t4wuPNWIIJcFDIyUoIdACtAFjDcSWXKIZ0pbiwDCbRtZQUgHPHDpOJZqkGsRgplB+iXWlIoOlHFNRTKUWE/qC1cMlVg0PUVCS6twsflxlIPRQQmLkS2TqsMPhcDgcDofD4XCcA/oVDzq5yhbWsZDns1mA7iKv7bp62XQUjTuJQEBiIc7nCPJ1l2miMVGCjROGQ8OvrJ9n83zE01MBz82EJLb/34dVDV94RvCPL4QMBXC0korDp90v5RNvvh7/5FGmp19kbv44QwPrmf/e44y85SZk6DcF4JFAsWUgZMBXzdC7NOS8RW7IjLCZHbPsAWuId82P3Y5DB5G50/u28ViQjeteVAkSsFYircWYNDSytRJtdCqeIrDGYKmXFYL5xPLURI2nTi6EqO7tHO/vjFtwLzfeiRYX7GKZNRPqWMqme7fp+q07ehtCcNah2PiMzDhiF/4HHT53Gw+RGdvG507j2/n7sVBrZ3+wqIv27YKjaG2eWDgmLedcB/H3dMleihY5h7tU38nE3O/1Jx0r2RT1F4Tf1sDZDVG+6X/P7sDS3KZRZ7/0MwlnJYXghmu7eUbUB7g5mabtmtJNJF5UZw+6OacvRhHYCcBniVOTU/zRf/rU+W7GBcx9/Om/v+98N8LhcGRYqTDMZyMsv2OBudkaQigSBMYKhPDJyRy+L7GBwBJhzDQiEHhFBfhp3hwDWicYkzAnFLFQWAtRbNBRtV6vRah6uBSVSrRpKGYJUpAYSIwmjhOiJMEYifJCNB7VxBLbNIxMoDyUlXjVeQITo5RC+T7SU+nMVwvUXcCDrEYJDw+DkhpfGAKhCSR4MhWFy3E621YJg7CGRGtqOqYWWyKjMYlirRRIJNVahJo4ybFKQnVqikSAP6TAGiQVPP84A3nF+sEC+ZFBgjCHVT4mKVNEoGWCUQbiClPlOeZrEdec1xF3OBwOh8PhcDgcjpcO/eZlXFTCLrH+LNJTa8gFyDihuv9FhO/hr1+NLeXQlQivGrGpFLM2n3DFcMSeY3lOVD36spXWmYrS1xkjBNOlIV6MZ8jNHWd0aCPF/Ci2loaYFvVEsuN5j62DOXIqdf62+zxbNOyMwtcULDuEy20Zq4a43ylGr+3zyCzSMm1TgRa27lytu7IxJhV/ERhjUV7qyLXCYoVMw0Kr1BFsran/rUudtjW88aK22QXBbqELDUVr4eAshDMWtKxu6XN6YFIRvRHCud4nWBB36wKvrIu8C67ghvO3IQanLVpw/i6hZPZwr3aR4ReWdVjYyTvceN8inqbKfKug13KYRMuy1grPTKDseg3pcA43l2fGrVuxpRBSIYVEiXQiggCsqdcnoZHUuRHWPD1HBJKF/TbOuGaEhA7hotPFdpHg2y0scrsDd2ksQjRa0+MotDl/21am/4ke00LaQjF3a/tStDuQLxacAOxwOBwOx0XE07Uapp4j11iROlSlACVTgRUQSYBEpDl+pcSz6U2prM8wzXmQEwZpQBoPYdIbr8QarEldr3G5kuYCsYLYahIgspZKnBDFmqoxzAhJbGvUdI35KCHW9Rs4kxDHNazKYb0CJomwSVpf2g6B53lIKSnWniEQmpynKAQexZzHQM6jlPMJA0XOUwwoibQgrEYKi8Dg2XSmLwbQMQrNUDGHEQJjwA4FhGs2UiwWCXM5UIDQ+DLGlwlCGKwAbS2J0GjhI6plhCcQno82hqqwhITnYZQdDofD4XA4HA6H42VOFw3idEO89lMum1q2I23agSdglYQDP/gZE1/+LkQJamiAgVuvpXTzq/CGSyTlKrko4dKBmLX5mJ+cKLB3MiQ2YnGFZ5lKaQw5uokNooBSaa754mtfifAUItZsGQi5bDBMxcVGSFxgwdprF8S+rGsyY+yzTftmVjrOLGu6/Do0UDSqXhB5OpXrJMQiQFibvrVgGsKZkHUd2CClwAqFNRqsQAiLlek6YS3WpqJ3mkO40YbmTjo0uLW9rZJv67pFfWgId7K9RxYp62G3667JpoNSpP1JRV4yeUszAnFDSGuIwKK9bdmjmFHcRa+zsVXo7odOdTUFU7twrjTPr+xfMk3LtG9Bfe2+k26ObdGhTEfaXLYNZ3tzVYeNuy1vLF50SRGASpeZuoKbfsUWcl1b25xy0dzMNNuxoD5bYaifRCvGcqI4pPl/M5MkOrhuBfR36lx82uw5wQnADofD4VgRnHP35cER5ZEIjbERsYnTG0eR/hASQhCqHMNqJI2PrBOUtnjGohD4AiSCQjXCszGY9KY00WmO4HKSULOGyGiKAyWslCRCEKOIgao1VKyihqacxEwnhsgYEhSqEKKUQipQGIqyyFzNMlVJQGiwCdIaMOCjCAx4KAojCl9JPCmQHljPUvUTjAeh0ERCUQgDZP3HUU4IctJDpoou1igSo9Fxgm8tEohMTE1arFRIGeNbQxDm075oSFBIFaCUj7WWqBoT1+bwfT/9oSktBoMSkMut7I24w+FwOBwOh8PhcFxI9JW38gzqX8627WGFoYMJsNXcybq5aR598NsceeFxwqBIfn6Y6n8/wcy3f0jppldRuHYb3poRTJyQI+HGdWU2DUQ8fjLPsbJHZM7hb0YvwK65HDkzDUoSXr6BobfdSFHAulCwJsyhWsK0Zo5fixrX9W3mfZsTscOybiyYVkVPcQ3RKhLbpmQmkCKNZNYsWneaYlKB1ZpGjtr6Z0tT7ZW24f4ljSo2O01lbobC4Ai54gCttllRd0E2P6YyZd2J3Dy/rcVaQ60yj++HCM8jrlYJcnlES7jmBfE3df82hNw0XHDDTdl4htOSA7i+Pq1mYRyzEnCrENwuMS41Jq0nxSKxVbAwi6JDpWLRm6XLtIeH7peW86Zzc84qbZeJFoQUWJH6EZQAzIKrt+HmTQuy2HGfdR7L/sXa06E9t/Ai123dl2ytaU5WoOGZFxJRP5expu+RW8lx6jff/IWOE4AdDofD4biIGH9qCqUUoS/IhT65fEiu4JMLQsJ8AHmJzsdYK7HWx+oYk2hIdPpXGxLtY2wBkGgr0NYSakGgDZGB2BpmPUNsIcESARFQM5KKMkSeRBMyZEO0TW/GQt9DyTR8c96XFELJIJqiifGFJCcUoVD4DTeyTWeNxiqdBWmtRWtNFEVU4ohaHBHXEpKa5YVY4SEIpCAnPHIywJc+HgopvebNoEoMnkl/GMZWY+IYT0iUkpTnpxG+QnoBvvKxSHSSCuDK81CehxYS40mEIhXLJSSm12g4HA6Hw+FwOBwOx8XL0nkcOe+usBYHXwd1YqiY59JL13N4z4+Zr5yiXJnE9/Pky8PUvjVD5YlnyV+9ldKvvBpvsEAyX+WSUsJIbo790wGPn8gzl6hz1p/K4Cgjm9aw7uotDN2wg3D1IMPSUvS8BfdzB/tkw1W7XC2lk5C+LFGeughmOywjcw41dMe6IGztgoAs6tKwIH1+IEUqEhtjEKRinLXUw/DWD0BdON2355+5/wv/J3PTk5SGR7nh9ju55g23U6uUOXFoP2sv3YYfhDQsq01JVYhFgtjUiWP802f/Kztufgtj6zfynf/nbn71N/8tazZtaetxw+3bGspZyDRvbNPp2wj73BB+M+GiF2rrPGBLDWNPYTg7R6ChVS6o9p23y6qhoiHTd6u/ffZBj/oa1bafm5227bSsw6SP9lX9RETulAe567wFKZvndFM4r28gIFWGaUwC6OAebu5LLLipl27iQhUdBN3TEUlFQwJuTloQC2ta9tHlnFhUXz8llttbWMl8xi9HnADscDgcDsdFRK1oCBXg+QhfomVCLTHEVU3Z1qDmk0wrEmHT6MhCYK3CaNWcLavjCnE8jzGp8zeONVGsSRJNkhistcyKIloIDBIjwUiFFhKrUkHVExB4NZSQ+EqhIkMoNUUFeQQ5YFAqBkWIh2gKv8JYjLAkWLSwoDVSSaT08FWIyPkkfo7YmnouHKgYgbUCHaXtq81rqtUKtUpEFEXEcQ1tND4CX0g8YwitxRcQSkXo+RQHJL6frg+EIvB9lC8RfgCBl4bS9v30Rt6T4CmsJ7Hy4r3JdDgcDofD4XA4HI5O9OX6Xab426m47biyVnEAACAASURBVPYhqyEsGDS76k6L5IbMAi8MuPHX385zTzzJoV/sw2KJ4jJRXGZu/gSD5QkGT04yv+ep1G17/XaSSo0CMdtHa1xSivneoRLHK37/nT0DVu/cwa7t2whzPsJTrQ5WWGTnzep2DRNtJ1G2O8sXbKB1PER7uxZ/XBhO0RDsFvr1/7P37lFyXPd95+feW1X9mAdmMBi8CJAESEESqCUpEnpQtEiZVERpSZmULWtlWuu3104cZRMdx/FGOUqijeJYm1Wy8R5LXjs63l0vj9eSrdiybENZ0SYZmpFEUw9LlASKAEECGACDwbz7UVX33v2jqnqqa6p7eoZ4EXM/5wy6u573UbdR1d/7/f06mrZIUlsZA0iLSlNApVbi1PFoOoJfHIX8x3/289SGRrnjh36cv33iMI2FOaSUnHzub/n0P/sf+B9/8z+x49ob+oR9XlketZt87+kn2HXDa9hx3Q3UhrdQqdW6nbusCH8d4bfj8KXjACYNEdxxgYrufUXWGKtY3R9F3VSUbFkmcK7aOb9fr7GbV407i1aE8o4A3vVP9/Y93fk9z9cH2/vqXOsa72qrPkJyryKJ/IJ0wkJebc43Vb49s+XZxIaN2mZ7fQ/nheFe+YCz61Ei0zDQrPSXXfn+7riaywZx91lTebdkm44jenDHumMFJwA7HA6Hw7GJuOm112KtRVmDjmJMrIl0TGTatNtgGhITKqwUWGGw6cOFEgLPJjdbfqUK9eQhJUlbpDBKYJGdZUYtY3IPKlZIBCpdL9Fa02jExBa0SWYDesLDA5SNkVoTm5g5aVAIPEQiPqcu3yiKiHTMsg7QVqUOYEtooG0tsZBoJdESIpJQzW2taVtLK9Y0taatLWEsUd4oQeARSElFSSrCoq0hsBYtLZEQLEYhMtQoC4E0VGWbwFP4XoxSIsm9U/WQnkIohRf4HRHY4XA4HA6Hw+FwOByD0+WK67V+0OWr4tSuvGau3lyU3vWVMWVofIz/7iP/mN//lx/n1Pe+3xFNtImZXXiJRnOW8dZe4v/3P9P63ouMPXAn3kiNuBkyLgwP7lvgq2drfGe2Slt31L+LQrXqEwx5qOxRtZcwUxDDi2laRcm2Xe7hLpfoytaD6vpl2lRfQ2inf7sloiyMbebuTSQzk4Thtakb2NpOn1mbClhYwsVllmZnuO7gbdz+9ge59+FfIKjWOXP8OZ74w99lYeYs33zsz7jjhx7mb774OYy13Ptjv8DRv/0bvvFXX+DuH/0ZasOjfP0vv8D3nn6CiV17icIWQgh8P2B4fALl+WANR7/5Vb56+I+wRvOWdz/MdQdvxfODjjicdVPm/gXSMNBZ5UUSIjrbrtiAXSpv97ri3Iiy3VZc1eXt38s9OwiZW7sj/a5S+cRqJ2zJOXu6fnO6akFjXaNg/Q+/ETHSAsLYjju9K392+q67jZNQ4vnc2lno8k4e6YvEqpDPnetOrlxf6fVnO90mOqJvOpSSqH2CdEJGuWxvLXg2Db/eOXD3VrJT9/Wxmd2/4ARgh8PhcDg2FVqABhrGopUgFAqtFJoAay3SWKoqwpLl6IgR1iCxKJuKwDoA6yEToytKpW5bTyHT2adRUOucU6QOXIzFREneGxBsHQpYbIcstiLa1qK8gHolYDgYpiolsYSWAEXywGaMQWiDiCJUHBPEmqpRGA06MsShpt2OaEURy5GhHYbY2CDCkFhrWlFMQ0MDaEswCoynsIQQV0AmDmOhkpprq2nHGmUNvvHxUemNU3JDrix41uIhkYCK2wgrkVoibITUChtt7htNh8PhcDgcDofD4bis5MXJ1W+Tz4V1vZ7i+glgI9u28iP/0z/kz//3T3PqW8fw/TpSSKK4RaM5x5lz32V4aDvRlxuEL0wxeu8harcewPgetEJun2wyXtF8bbrGXHjhf7IXAvYMw+3bM9Gzd10Ke6b/2ly7ZZbFdRbAdqQr+qtXRU/q6rU93Z6WVDC1HYE/tSp2XJNSyUTcEokYl4SATsPUJj9XIBCMjG/j7R/4e3z1L/6QT/3jn+DGW9/EG9/1XjzP5/zpl7DGMH3yGHG7xVcP/xE6jnj7j/9dTj73Lb70yG9y6w/ez1cP/xF/9jv/ljfc98Mc+9bTzE+fRgjB/LkpHvuD3+H2v/Mg504e5ZGPfYgd19+A51f4jx/+eX7iI/+B1775banjNxOx8o7gXLtm4aa7LKU9mrNrgS39uJ6+2BjdswhEvkPXuqbWW4TCxTKo+DvI+NiI+JsgV4TpdIkpTKwQFoSQWASGJEJftws4PYCQyMvoi7W57wUjZCr85hzEMvkdsl/3ZvM2OrUotH0+XLYRJCnhLnRFrmKcAOxwOBwOxybia985RUtrlo2mgaWFIBKKGEFsLU2rmIsDLBqwSAuBMEk4ZJuEQL7OW2Cbb/A9ScVXVCsetcCnEigqQSIMt8MAkAiR5DKyRmCNRccWYQTGxsQiZL4dMdds0TQG368wXq8TDyu21iooqfC9lZmRCpIHRmOROokpY8ImJtYIbbDaR8cVwlDTDCOa7YjYaIaHtmKRxFISSUloLS1haFtLZAHlJeGatcHGGmti4rCNjiLazRYmjrGhJrKCWEFLQVMoWkgqwqMqFL5SeLSRViKFQlmFMAp3W+pwOBwOh8PhcDgcg1MWcrQoHvSUpMqEXFGyXR96ir+FlWWSi+dV2VLfQ3tcIEUaActoRurbmVs8yeLyWVrtebZEDcyftGgfPcXYg29FjtRhqcGrxkK2VTVPnalzYikYsMSD1ekHr4EH9sGekcQ52pe8g9fSEUgFORHKdvyaK+1Q1kFdy0X3wgEelzN3aNlhVxU608Q6VRC5qmQhnunYE4W1GJltZTt1zR/uoV/6MG9613t5/htf5k8++W84+dy3+emP/iavu/PtnHju27ztR3+GbdfszXRYpBQomdirGwuzfO+rj3HwzW/j4V/9OC88+3VOHzuSOHfliov36S9+jtFtk7zvl3+NoS1j/LtffIjvfOWvePUb7sSrVDphcTtCsFj9WXSat6Ak9nF3ry0UF1anbuoyR+VqDbk4laKgeIoem+UOaCk7bq/CFT4XnL/rRgz+nVFkLZe7ya5DITAyE3jz0yuy3L7JlWlIIu3ZTDe2FmEFiuRPpqLopaLjlk/FXysyC0kqVCeVQIik7Ku/DlYGabGPu13Rue3Saz2dxzHQL22b3fmb4QRgh8PhcDg2EVMziiWtmdWW88YybzXLQtMwllBDy0BThIBBWI2HJcBSFYKagAqKozamKqCiJDVfMhRIhisedU9R8yWeFNRGY6RK89SQzK41CCKdOHmNAaEDGsbQ0JaGiYGY0fmQsaDBRKXKSFVSDSTS8xCBh1LJA7SKDSLSiNjQ9iMwFiKL1YBOQkG3oyTfbxjHTC2eRkoJykvEXuFhkSibzJKNpaEtLXEcE2lDGGt0LAjjiDCMCcMYYoU2cSoca9rSYgQopZBS4inFlrrXCXmdYbA8dLk62+FwOBwOh8PhcDheQawIC8UVlAsyRfWgIPh0HKAbKcs6llsLS+fm+Ytfe4Tm3DJKeulyS6xD5pamaLRmAYjiFudmn6fZmmdrs0Hr+y+x/Zfeiz+5hWixyURNc++eJR47OcQLiwGDSR3lCGBHHX76JnjDjnXumNUtJ+p2tWcmrOc/lyh2xdXrJXu+XnvfgqCcOY6zZaa7ICKZU44idf+myrDNPc9rYzjx3Le59jX/Dde99hae/+ZX+f7X/ivLC7ME1RoCQVCpIj0P5ftE7SZha5nG0hyQhWgW6DBEBT6Q/B6CSAVgAUJKKrUhjNZIKajW68RhiFIeUkqkkCvCrsjyGuddwXQE4JV/8gp+WpnL0R9ln/PXVn5xfnznCrnq+ioe0vYZ5z0KWeZGfbn6abHsq3Ig505qACslVgiMBE23CJz6uZGpK10DRtIJqYxNBF8PiRGCgI0JwPnJNv3E0l6hoC0CIyzGJu+TwH8ruZwTAdiCyWqU7U82q4TidWLy/Zxezyu5mAWGxMy/XvL165XX+GrFCcAOh8PhcGwi6qqGwENITRXNmBJEUtGWqRtWGAIvvTEyFmkNWIs0uuO6FVYhrUzz6AgWQ8tiaBDCdhy/S2c1yOSGNLAGT4CHwLeJq1gKgxcsoAXE1hJh0FiWZItznuRFz2eLgGFAKA+pFCgPYy3GCEysMcbgVUAIixQ2mf0oJEoKkEnAJ+FJ/Oo1WGtQaT08G+Mbi0wFbiMkkeehfS/JZewFxL5MQmMLiRXgmZiFpub4bMSR2RYvLUbMtkIiQjwvoqZgb0thlKJlPdpG0kpzFjscDofD4XA4HA7HZqLsB/ayH+AHcmjZ3GvJ5p3cnrn3G+HlCGONuSX++tN/TnNuuXt5a5bz8y8Sxy08VaFaGaVaGaHRnKXZmmP6fMhYtIcz/+sjbHnwLuqvfxVaSmrEvHX3MpUzlu/NVdiICLy9Dm/cDvfvhx21tbdfN1l/FIrWqw/W26YvW6LpsmzbXMcmIuqKQ3hFdCsmg549fZL/81/8fYRUjIxv48gzf83t976b3Te8mubiPHEc8cef/DV++B98hDe84yH+6Df+Zz7xCw8xd3YKgNGJSQ694yH+8N//c/7DL72P5tIC8+fOdE0cFwLufOjHefapL/Hbv/qzaK3x/Qq3/uB/u+L+FVm5SUXg1WJq94L8WOvTPOtszo2Kxr2Olf+w5nFtycf82H+Z5bkg+w1wIJsWXJBms+00hkXY1FMrMrd9EgIakW0rcj2cutZLz3FpBE6RFK3LqZs5dMEiDJQ2is2PwbzzOZ2YkR+TqTM/qWu3kDx4OTe3E9gJwA6Hw+FwbCK+1p5FW5MIkyYNJpM+QHjC4ClJTfmJ05aVBwubir8AZ1WLeQXaQqwhSgy4GAvGJrPzRpoCz4AUAh+ZiL8CPA1SWDwJfkslMwQFaCvQxiT5PKRAKMM5LBVhgTgJeWPAGIg7LmLLgvWS2ZPW0JnSK0w6KxaUhCH/HL6EqgfDHgwFyWvdEwRSMGwqjNggyQOExMoIFQoiYcEaIgzndMT0UsSpmRZnz8H5FiynZ1RKEPogrSYUmghNG0loIDJOAHY4HA6Hw+FwOByOQej8UF9m0SuhS1ooOMfSFK8DYXu8h+Q4R2abTDUi2rHBk4LRQDFW8dg55DOkBMeeepbp50917ddsLXB+7jixblOvbmXLyE6CYBgpJEO1CZYa51hcPsu5uaOMRsvYzz9BfHaWLfe/Ba0kQ4S8aWcDT1qePV/tIfWspubBm3fCPXvh1ePgrcMul6+7KFuxnv7Is06F7oK5MXPnFamTMEs9nAhsFmFlpmIl10wu+eu23dfy8//6/+D73/gKS3PnueOB93HwzW9jZHyCg2+6m5/85/8bcdhiaHQLd733pxga28ry7AyjkztpN5aY3LuPva9+HWPbd3L66HNs3bWHKGxx/U23MTy2lR/7J7/O1h3XUBse5Wc/9lsc+ZsnQQgO3P4WrnvtLblcvyuCb7fEuyIid1Fwwl+QtmTj/dJlDM8E316O3WxSQaJvrp73UXA0v9xyrXf70iHQc0U5vrUIq7OLsONwzVzAWbm0NBgpk8vTpJdp5nq2iWFDKZWYIAYpv83CoNtV0esGIdtHqcT4IREIITGJ0tstPKeirbUWLUF3nct25mQk2yRLFRZZOEZWXkgc0fnPg7LZHL9FnADscDgcDscm4tlWEyUEnhR4qTO3gqUiBb7yCKQkxqJsEpFFZTd40ktn3cF1NkCa5KYrMhZtwWhBbJNgLMZaZlWITnOZWCswVtCyrOQGiS2iBVLK9KZTgbWdG1EpJcsyBBEDSTgbYWX6Xnbej/oG1QkZlIac9nw8TyKlxFeCimjhK0XVU1Q9j+EgyVlc9QQVpfCVxRcG0pDVCIExhkjHxLEhtoam8RmRiuu3+IxXNDPLlukWzISC+VjSiOFMEKYCdSL6WgEMeCPucDgcDofD4XA4HI4S+rh+ey4bQPwdVBL48xfm+MrpRSJjO+KVEgIlIFCSSQXixFwyqTrdJ45Dzp3/PrEJGapOsHXsOjwvwFrDcvM8C0tTRFELYzXWWmbnXyLWbczjIfH5Bbb99P3EQL0V8uYdDQTwrfPV8sbIsb0GP30QbpmEiioRBvu0RVHwXRXCNmPA/lh1ggFZj1RT1KV7TgjInISwIgILEHbFXduZMZAXnJTkhlvfwP6bb0drjfK8ztkqQ0Pc9SM/gc1COgvBnT/0YxhrEKJbdX/9PQ9g32YQUnY19p0PPdwp+PWvez3XHbyFLDx0x+ko6HoPxX4Vpf13oRlEwy9z0Zf2TfHAZQfptWgAsTWn4fc77IawxYrl6VGufJSCLhk0/Q1sZeWKrG9JfwczK87Y7C8TxwFUtmzg8q+9cT5CQ/b7XP5zkbVEWWGTUOtrMcjX1XoE4GKkic0qBDsB2OFwOByOTcT1YggpAV9ghcEKi5UW6Qlk4GMDD0+o5MbIJuGZASJjO3k22q0I0U6drSINz+LJ5GbNWBQwGtskTwlJeOdYqMQxLASxsBgM0ouS2YpKodIHJCUEEoGUAt9TeEoiEXhC4imJLxW+8vCUwhOS7V4LZWMio9GxJTaa2Iad3CnGKqK2j4gFsg2x0CyKmGXayWxFCUZppB/jSYUfKCqeRyUIqPoBflCjIhVbjERKRTRmmI1Cjs3Pc2R2iaWFGG0hlB6aCsaEWK1RVuMLsN4gt7AOh8PhcDgcDofDcXXQK1/kerZd5RjcaFmy47J+ASjUhv9yconHTy6sOqixlghoac0CwMHXIF51A8PHTzH2/RdovvAtIhsT+HXGtlyD5wXEOmJu4QSLy2dXlcZiWVg6g7UG+/UY+6mQif/+nRD4+GHErZNNFiPJ8ZKcwBIYr8Lb9sKP3AjVAZQWm/0jSpblF4hu8Sq/7oK5dC/A/gM5jwvi2soqu+IOTg/WJTIJiRASqdK8zhSvWbVyLkDZXAfkzm+V6gjQK/smG3W6omsCeV70XTlQPvxzXuh8Oe1Zkop19TbrOd5a+3UN8PUffy2RuCuf8AboKfKuUbFOf/QYHzb3zq6aZJHm/c2CItsk9HGaKnplfkJ6IJsKv0qAlCsprov0Ekz7heFfCU8ucqaNsvraVfuUrZc5wTpdkVU5+yfps6JCTm6zQrnWK2SvZ7+rDScAOxwOh8OxibhtuEKEoWViGtbQNIaGjmnFhrDdpCkE54wFndyT2fS1M+swvblUXvKg6YkkzLICFKLzvFI3FpndpqV3rMbLZgxKrBDEQiAUiDRks7UWKZN1SoFnDYHRSY5fKZPzKJXkGRFJzpDzuo41dSKjacWaKI5pR5JWGBMbjbYxtpqGozGJS9lYQRLROnEv+9ri6yQ0lpTgKaj4UPU9gsDDV5Jxq1AIFjFMR21eWoo40YLzFkwFRgKI5pcJgKqEIG3v9ia8uXQ4HA6Hw+FwOByOfsJv3pFV9iM9lAiS62QggbAHoTZ8+fQy/+XUwtobZ+fwfRZvvI7F6/cgp65DHPk2I2fn8Vo+cdTi/NxxlpvnCfw61WAEsDTb80Rxq1PKxeWzGGOwRwTenz3Flh96KwQ+w0TcPtlkvq2YC1d+zh/y4C27k3DPN47RiY7VVe+cmNVTCM8EueIGtvD2AvXHeqdJD3TablW3p3htIVWbbLcAm6lx6ST3rlyjBaGOwscskllxtc1OBfSLxC1K32XHK1Ejc/mDN8Kq9tzAcYrNveYGhf7ovN/I7IySU+UxdrC2ya5pUeiz0oMP4jpOt1+rOkKIzrWR7JsTUvPbQScksshes0a1iUkj+dw962MjLtlsv+w1/1e2bXFZfgysCjNtyanqdmUSRZoLOHtPmXBvV2q9XvJl38x5gJ0A7HA4HA7HJmLbtQGtMKTVVlQjQysWDGtJFEMUG9pArPw0IrPNOXIlSiRhlas2pGI1Skh8Ab6QeDbJ9yt1crsW1gBsGp5GIzEoAwKDIMYiaMoaRiSzp0Oria1FG52El7HgI/GFSkRiT6A8QTKZ1qCxyezodhNMiAQClTzwCpnM0A21IYohbkiwEo0FKzEotElCURsraCPQQiThdGKDMBYRG1RLg2gjrMUATStYNDBvJcvGwyKRwlILDdVYsGMsYDgI2OL7VIQijGLOt6LL1NMOh8PhcDgcDofD8cpiI3kpM9YUpNZxnP96epm/fGmeZtzLV9cHT2H2Xg/XXMv8wiLR6XOIL/8VreYMteoY46N7Cfw6YFlqzHB+/jjGxJ3dl5vnsOcM8iuK4NodDP/ALYSzi0zWNHfsavDnx0dQQnDrJDx4A+wfhbq/ug696tZT0Mq7MnNi3Ubp1x8bdZOuuwD9jrOivqWf8xuLnoJfic+xI0+tNG3m6rW5fZJj9g7Xa7vLKYpvepdpEC7U+Cge80JsPOhxyi7dsn3X+gop7mOLH8r2L85gWNPl2xupVJdwmr3mrx8pRGLKoJj9O9nOZrqqWFtEL36nriUOS5n89tdVtoJQ3Gtdz/OK1PXc1W752Sk9jtG3pP3pN9FoM+EEYMcVyEN8+OO3sZNpnvqV3+CRy10ch8PhuIp44cVzxBZiDaERhFoSaYm2Cm1kEg46CIHkRjK2iuI0vHmV3GGKNMxxgKbqS6oSqoFCScG49PGVSERiJVDSoqwBYxFGE1vDUmQxwmCFQEuJlQLhSfAFKKiqOoGs96yLEBaLxmqDtqZzU6e1JooiwlDQjiyN9hihNjSjkDAytK0lspLIWrSBUEREoo2OQVsBwgfhEZkaUQyhjjnpaVpopLZ4VlPFUpMwpCR1X1FRknEvyWPcarVZQhEZSdx3nq/D4XA4HA6Hw+FwbD6KOSaLf2U5PDv79jvuIOdOX0s1E2t5amqZPzs2O8CR1kBKorEtzI9tgRuvxf/604x/60XM8gLT559jdHg31cooSvpdAjBAo3WeufMnCP7ybxi5+/V4Q1Wi+WWuG4k4tD3kDTsr3H0N+HJ1O63ZBiUVt8U3xfUD9kcfA3FfiprbmvuVKIF5cVsUBOy+xxPd7kJrQcjiTqWSVXpOseKeNjkXJKyS7kS6Xb5sneOIXN7fNehyHJetzx27vBaDM9A+PU5oB+iPtSYalF1fA19XAzqBSy/AkskQK31efp6+Ey9yh8xy6ma/YRmT/J6FSb8XpUAKiUmTm9ncztn5LaDT5WtVcRA38Hpcv73W9dxWwEpu7aShOgIyJX1UMidjo2RtXHQobyacAHyV8MDf/wj3XevBqSf54L8/3GOrcR7+5X/EHduh+fxhfuW3nizf7LYP8LH3H2CUaZ769d/gkZn9PPyhD3DHTo+F7x7mw5/usZ/D4XA4rngaTdEJfRwZiElvNK1FINHWstReyfeLSRysMrsBs2CURcgk169NYtIgtEL6HsIYfE+yKOeRliRfr5R4UiFlelOJAaEIRC3NeWKS2YsyEZZXZhsKtLZdN6HZOiD9TOeGOfvTWiO9GKF8vEBTqUZEWtOOYtra0taGyFhCY4m0xUQWE3nYik+kJE0hWYhiFuMmyzYiEuBpy4hNHrADJQmUSt3PIK0gii3HlhpoQCc6NzGC+EJOr3U4HA6Hw+FwOByOq4yyPJMbEX/XS5foKSAylq+dWebw8bkLeJYUzye6/c0cv/G1qKf+Er57EtWcYWRoO9ZaglqNt/3kj/HCN/6W6eMvsXBuhpZZInj9/qR9fI9qxWerL/mH13jUUsdv1kylWmU/V+A69Y9B++Pl9E/HobqWA7Mg1F2Ia6JLZBTdgluywUpj5kVaka3K1snuCeC9mnm1WGgHFn+T/cu3XbeQ3uMYnfOUHbTXydJlvcTnjZZhkOW9ti3Nj5wvd9kBe4jY/Sjrjh6XKwDGmHS/le8+IcSKEJxuY/uMuyw2wct1decF35UJOL1dvcV9O2XKbZ+JrSvLxKo2uhT5eIuu5TKBezPgBOCrhD89Ps191+6CbdfyAPCnpVu9kb3bkne17fs4xJM8XbLVgYOTjALMTvP0zEUqsMPhcDguC3HkYzo3cxYhLEIYPJm4aZVUKKkQEjyZiJyBknhKoKRAIfA8CUqiECiZ5AH2lMBTkkB5ybJKHSUF0lOowEf5EqkUwhNJTmAkJgKtNVpr4thgI0McG0xksDa7GYy6Zuzl/zLKwrlkTmBjNUpHYMATBjyB5yehnyMriI0mChVROyA0mnYc0Q5D2jHEgO9D4HlUTZzkO0YgZZrH2IKOLZGOibEsBMltlREWDRgE+oLMWXQ4HA6Hw+FwOByOVxb9Qm4WBYfiPp3P2fb0EQYHLU+fhcZYvn2uwV+eWKCtNxD2eRCEQI+Nof/OA8hX34R59vu0X3wRYyJ23/hq3vDgO7nlvh/k3PGXOHfiJKGV1G6/DSQEgWJia51xXyHlinrYSyAqxXa9bIiL0R9F921nZS/xyw7ieNzY+XuyovR27b9y6Yqcgt1r/9WLVsohNtQvZf2x0f4t22/N/hjwZBe8P3rs32nT9bZFoX82KkD3E33zaGNAgEQmaddyIrC1FmsM1tiOczbvoO4Yk0X+tbcTt1945qIjtvhdvFYO3X4i7qq8xrmvVZmFTE8rVnaI7u+FlckXnWt9HRT/n8kE+M2CE4CvFj5/lBN37mJPMMm+twJPlGzzjmvZkU1EGpnk1lfB088VNxrn0M5xABamnuUIAEd55BMfdaGYHQ6H4ypAKkUSzUhjhcFHYBLjbXJDJDQeSR5eX2kCT+H74HsSX4ESiQAsVH5mq01uOo1GiBiBII4FkQC0QWoDbRAKSPcT0kLFw1iFQWGwGAwag5YWqw1hFBLruMvZG8dxIuymy6RYuZXJu4RhRRiWOlgJDy1BSC/NPZzc+C1JwWLFEIYxrSjCSqhXJFv9Kr70EUKgbYPYRGgrMIA2Gm2zunhILNXYJk5mC1iRButxArDD4XA4HA6Hw+HYHOQn5GaUCcFF8WH1RF/VddxVjsw+bEQAe36+zZ8em2M50hvYe514Pmb/Ebzk7QAAIABJREFUAc7v2ov3ta8iHj/O237yx5BKUR2qs+fgq7nmtQdSl1+WS1Yg8XqHs80rT0UH4waKuNaT7Mvtj4FcqgU1zZat6ufkHKAcZct7HqqPy7NrfSYmFrfPiYwXwiW7igvUH313FOUf8/2R6ZGDXHcX2v/Z91rK909xte256uKQnshYA4Wod4LENGE60fooFT2zKH2yZMz3PXXBBZv/zs47k/vlDS77ni8TiLvyHGcTN0TmBha5obIiAmeZkFeuqfxFV1y7dl3zZL8jXmzn8ZWGE4CvGr7CS+fuZM/2KjtvuBme+OaqLe67cRc+Mc2mR602zo7Xj8NzxZwWmUu4xennVx/D4XA4HK9s6sPZw7XMPWSv3PhJ4eGhsMKAlUQaIq2xIiILDK2xibs1vWnSNslMkoSWTpa1TP5mUCBQQDarUQEGS4QQoJRCKIlNxdtsYq2wieCc/zHAGJu6g5MQ0VgPawRa65yreSUfcGwtoV650UtE2TB5mBZJGUNpaXuAsUgh8T0P3/MwSCKdCs/CYJDJPiYRd60AfIVEJTmOoyR3slz15OdwOBwOh8PhcDgcVzeDhA7tlWOyuN+7tseddcXj549TFg2qF5mjrfTck5IP3rht1fHzZBON4zim1Wr1dMtlaYuKoV2zicwr9R1BPPgA8EC673xXrkopJcYYarUaSqnOM29ZOwAdYaQjtuRTKaWJQq2xWGtWhEhrU8GlW9CRSqKUwpJE7Sprx3y/lAlKXe2bq1Mvd+K6c492BKVUSsq95oVWS/9rUiIQMr2Wys5TKF9e1Mqnouq0XXqdZMvK6iWlxPM8pJSdSe55+olv2fr8NQZ0XV896yoltVqNKFqJtFZGv3ywxf3yE/Dz+1+0sVoow6UZq6vzx768sZpcpNZajC2kPUsFYInsGqvplUwmnOZaq+uXp7JQzPl+6TVWKexfHKtl/bMWnfrbtPwi+Z2v842TTRjIvp9KZg6sKkOPn9k2MlY3C04AvmqY5enTs9yxfZzRXQc5wDdT927GnRzY4QHTHHne45bXjTOx/TbgS92HeesuJiQQTnOszEXscDgcjlc0fi3C2jS3iDYYncwkFKmgaqxg2QQYLLFJpNLQWGItiQBjLVHqbjVCYBHEQmCsRSPQxiSOYk8jMmHZiETMRSCNRAiJh0jSDcgkj69RGqMgFiFWgEYjrcSzquumrfiwIayPtWCMSOqRu6FNBGDDYnoDr7XGCIuUaYidNCexj8eo9bEikaVDo5lrtYmEBekhfYVnfJRNZkParsnoFojBGOrVZElHABYG5RzADofD4XA4HA6HYxPQS+QpikmZyFLcd60Qo71EpUGEiHx5eomOK5OOzartivQ6b17Yg0QEzAS+Ytl7CWf58vSrf/413SFZtqKqdLbX2JXlYiWalzUGY+yKk1bkhFAh0vCsqwWhTMQsq0cvgbfsc1Gk6Sc6FfdD5M7ZEY6SenbaOD1+/npb5VpM/wYRKHsJhNm6Yt/1+5x/XesaLl6jWZ3yAqZSCs/ziKKo6xrO2jR/TjdW3Vgt1mezjdXNhBOAryKOPDvNws3jjI5PcmgCjuTz9962j501YHaax7/lse9144xO7uUe4NHcZodu2E4N4NyLXXmE7/mFf8p7bqhy+umP8LE/WFn+8C9/lDu2tzjy+X/N58x7+fG3HWDPlvQX8OYSJ77zGL/z+1+mLJXwnjuT7XeMVPElYFosnDrC4f8n7l/RPW/i4fvfyK3XTVLLrmAT0zz3Il9/6jCPPDnV2fS+v/cRHrjeY+HZz/Lh3y04mm/7AB97/wFGzRSP/uon+VzXynv50L+6m33eFI//L5/kMzMAu7jr/Q9x32snGc1ObGKa557lL/7tZ7va0eFwOK5UppeqtFotvCDAGENkNELJ9KZIYz2PJRMTxoYQS6wtoYJWrIltcjO6qC0RsnPDJ2zi4g08BVIRRRG+VElIaGvxEPhCoIxB2STgs68k875GpbMXfSS6FaOsQAlJxa/SFpqFNAR0drMqhOiEhBFCIJWgGbYJKgFWCKIoQnkeVkKr1aJaC6iqEGEsWkMlUPhSEbZCpBSJ01cYjIzxPYmUYLVhZGQMHYV4vsT3fQIpkpzIvsJXEikswhqUsHgycTAvGUsUatrtNnEYE4YxcbzG/2kOh8PhcDgcDofDcRWQPfvkBY9McMhzOfMv9nMpZq9KqY5gkC9r3m0JieMyE98yISkvsOTFhyuJvBhZTJ/Ub5+82xGuXBGlzAFZJij22icjq2tedI3juHRi+uUkLwZba1FKda7hrLzQff26serG6pXAZhurlwsnAF9NPPMsL91/gJtGJtn7FuDzK6sOHJxklDSv7zMjnH7wAKO17Ry4DR59JttqP7fuGgbg9KmvrO/c1/wU/+C2/dSWZzl9ehF/ZJKJoWH23HY/H5Sz/ItHuv3IN73vg/zsoUl8gOYSp+ebUBth556b+dGfm2Whx2km7v4AH7rvAKMeiWB8dpGGgfqWSUa37+eOB3+efdf8Ph/7g+R8h78/xX3X7y11RWdtgpxk3zuAL+ZWvnUvOwPg7BSPzgAc4OFffj93bPfAtJg5PUska2zZOkxt+y52rq+1HA6H47JxqtGg3W7jmySfbmwMnud1QjgjJMsSjG8JY41RAm0N1lMIAb5QTMQWHUZEYSKiSk+h4zbNVguAmi/QEUTaYjVopdFKYIwFDUolbmAb2U5mp0qQuII9T4GOsa0QZQ0+IGVyA6+ykE4Z1oKJqEkI/ORmTxrAxujYEmCQRjPTDPCkTGbCNgAMSlWA5EEgEgItDFaH1CpVhmpDfOfEDLWKouIHRO15KkBFqkQQVh6eJwk8SeD5VKoBvq8YGq0APtVKHa/upzfbqx+iHA6Hw+FwOBwOh+Nqo5eLMKP4Y/zlFiXKHG7Za975mBcm8mJMXmzrTFa2vUONXuz6Fo9f5vjMLy/ro7JjrdWv+WMOWrYLRb5exfLknZ9rOVCL12mRfJ9eaAYVqHq1e7F/i67gLDxx8XrIH9ONVTdWe5XtQnE1jNVXKk4Avqp4hiNn38lNI1V2XHcvK+Gdxzm0c5x8Xt9j0/dy4Nphdh7cD88cTbe7mR3jALOc+VoxN3A/qhy47VpOP/NZfv33v5m6fcc59BM/xU++bpyJg3fzAEdWHMWHPsDDhybxaXHssc/yiS+syLITt97Pz73nTewpO83EffzcfQcY9WIWvvsYn/z0Y5zorBzn0Hvez/vu2MXOQw/xi0c/zqeeBr74Imfu2cueVa7o/dxxzTgYQHrs3Hcn8GTnaJkTeuZ0Wp933M2h7R4sHuUzv/m7PD6TO++735gIyQ6Hw/EKoBVJtA3wZA2UBmnQad6ZMAxRrZC6MQQyQNokP0yz2aRSqaCjdPZozYO6T2wNSEGMJbKGCIP0FL7vs7C4RKVeASVphyHtOEJWPEQqxEaRpeoLtLZs2zrG2bNzbN22hWazyfDIMALwopiaXJ1DpyvPjY0wBoSJktDTKrmJj41GWDBhSE2MEYURSlTwPUWz3cZKRSsMkxvLSkBkwRgwLUscxUhZR0gfJQNQFbARbWFox0DbYK1Ob1SbCJHenOoYa1NdOo1OYw382uXrbofD4XA4HA6Hw+G4JCjVlSun5w/+VyJl7sK8UJQty1yHQRB0iU1FMSkTH3qJNsXzXih6haHtde68aFg8TlbuMhdh2TnKBLS13HwXm15CWp4y52uvPi0TptYSpC4U/USxvGCb/RXz2+avVzdW3VjN759/3SxjdTPhBOCrjEePTfPADXvxJ/ZyF/A4AG9k7za68vr+6fFp7rt2FxM7b2aCo6nIOckEwOI0X39ufeeNXnyST3XEX4BZnv6/vsld/+pu9gWT5PXV9/zAgcSN/N2/6BJ/AWa+/gV+Z/tuPvz2vYk7OMehd9/CHg849Td84tOPFcJKz/L05z7JxK6P8MD1wxx4493w9GPAYY6cvpM9uwuu6Imb2TMB0QtHOXPtfvZs38chnuRpYMUJPcuJL6fi+Fg1Kc/iVE78Tc/7+cPrayyHw+G4jIhYIrRFtwytMAKgPlxleGgERiWeJ1EIKkFAo7FE1Q9onNfUx0cxsUYpRRg1AYPyK4RxRDMKqVUDRse24Pk+jXaLa4Ihms1mcvzxMVQ1oNFu0Wy1EEOSIAgwUcjw8DBaa665boiFhQUmh0Y6uWuoGyQWz/Ow1qK1BqBarRIEAVJKWmGLOI5ptVpYKahWq3iBn+Qk1ppWq0WghlleXkYpRX14iLnFBYSULDaW8X2f4dERjE0eGlrNJjNnZ3jTD7yBF58/RtSOkdUqkUxCRVsrsCLLP9IdgkdanzAMCeNElEZJZBBcjm52OBwOh8PhcDgcjktKMURpmbNxLZHlYlN27jJRJNu2KNIUhaZijsl8rsm8oHKp6tzLKVm2rOjwLOubrM754xfrNwgXs/5rORx7CVr9HJL5/iyKhGXnvpRu2bWEuqIbNi9+luWCdWPVjdW1ynGhuNLG6mbBCcBXG5njdWicA6+Cx58D3nEtOyTdeX3/eorTb93Fzm27uAv4HHDPviQk88JL30yF0ME5c/xLJXl+n2Fm8W72TVSpb82W3cme1GV87IlnVu0BMPPFaWbevrcQVjkTZWOOPfuF0pzCAIf/9kXuvX4/tcl93MVjPA48fmqae3ZPdrmiJ+7dy05ijn3/j3kp+Efs2T3Jra+Cp58DJlIndF4IPzrLwqFJRnffzoffv8Rn/vOT3TmWHQ6H4xXComlhsQRAW0Qo36e2dYSJyW3U63W8SoDwfCr1CnNzc1SrVczUSXbs3gFYfN9HtUNElIjHrbCNMYZ6vc7Y+DhKKZrNJiNIZs/NEEURI2NbqNfrNJpNlpsNhoaG2LJlhChsU6vVOHv2LNZapqam2LZtG9V6jXq9TmQNWhsqlQrWWlqtFsYYfN/vhDGKTOLEXVxaQkrJ0MgwfrXSCe2zvLyMQNFut1FC4Ps+87NzTE5OsrS0RBiG1GsBSiQ3jPNzi5xQhr3bx/F0i0qtzvDwMJE1hJGmHUfEcYy2JAKw9AAJUiArNcIwpNmOCOOIGIFQ7lbL4XA4HA6Hw+FwbA6u9B/WBwnzWiaaFMUkKSVaa7TWXXlWs+P2cuD1KsulpEx0KS4r5lAt22aQtrwcrLed86JimYuwKLz1+nwpyF+XZUJwflkmhGWhoLPfSHqJqFcabqy6sVrklTRWryTcr5JXHV/hpXN3smf7ODtePw7PzXaE3a68vjPf5Mzsbewcz/Lf3syB7VXyYaIHp0Vjrmz5LFFi1sKrZcsmGa0B4RKn1+Uy3kWtCrDIwrE+mz0xx/y7oeb7nbDMM196idOHJtk5uZd7gEcZ557dkxC+xJEvzvLU2DR37Z7stBdvSXL6Lpx8dkUIf/oLHH7NJA/dPM7O2+7jg7fey8KpIzz1+GH+9OvrCZftcDgcl5dmJfli1r4mxGJFyJnGLOfPNJIZgy2DP9dmYmICpGVsYiuNqTM0I7DSYq0mVNCMQlqtFlEU4QnJ8PAwlelzeJ5HHMdMbKmjfEHbRMzOnEKf1XieR6VSobnUZmr2DI3mAp7nsWPHDo4eO8aePXuYbyzRakecXZ5h9vwiWifislKKMAxpN1uMjIwA0Gg0sHgEQcBiYxljDEG1gsg93IRxRG1kFKUUJo4JW23aSw1qo+O0Ysv02fMQtVBWowIfP6gwPLKFl86cYX5xEdFqE509x1BQwxhYbrRYajaItUV5FbxKgOd5aAPzNhGow0iz1G7SbIVJmGyHw+FwOBwOh8Ph2ARcTT+w58WGvFCUCUlhGK5ym13uMKqDUAyHC3TVoyzMal5oy/5eKTk2ewk/vcS1zCWakXfLvhIp9lMW/vmVWp8y3Fjt3seN1Su3Ty8HTgC+6pjl8IvT3LF9kp273wgscdPuKqvz+h7l61NL3DI+nOS/ndjFzhG6wkRfVHREY4O7RufXefyO2L2dA7fBo8+8kf07gdOpI/pr08wcytrrMA9cNwm0OP1c3qE8y+O/9+94fM+bePj+N3LrvklG9xzkvocPcMetX+ITv/tkT1eyw+FwXEnUTHJDpBsRAQLPCwhnmzTiJQK/il8PmK9DKNu86lWvIqjV8EybVr3O5OQkjaVlggBGveQmcnlpicXFRXZeey2t5QZjY2PMz89jh33aWtOwlvrYGENDQ8RxTLvdRluLNobRXbvRWnO62eT4YptRrw5DVaxSiKpg68guguowJo5ZXFzEtNvMLZ1l9+4bWVhYYLl1jtGxLWzbvp2thbAvYRhy9uxZdu++jponO8vqQZ365C58FSArgtHRMeI4ZmQ4EYkXlpdQccTwyFb86giVSoWFpUV8bwgQiGCJWCgioxkeHWF4yyjGGBYWF9mzdTcACwsLxKdOsTi32AmD7XA4HA6Hw+FwOBxXO8Uf8PuFcb3cTrRBXHHF+uSFpixFUV5QKrrv+ok0l4t8XcsEl7XKlg8rXDxeLy53n6913kHcgWX1vRz9WAxZ3Iu8+Jf9VpJFUitzRLqx6sZq/phurF49OAH4KmQmFTQntl3LA7c12VmjNK/v08+f5X0Hh6lt38eht4wk+X/zYaIvJrVx9k5AqWo64a3K/wuLRDHACBO3A1/scdy3jrEFII5Z6Cw8yuMvzXLL+Dg7D+6HbUlI7BPPp7l7n3uW04sHk/biZvaMexBOcaRMCD/xZR75rS/zCLu448EHeM+dexk9eC8/d/+T/PoX1lF/h8PhuExobZBSIKRCKElsLS0Tgy/ZumOcrdsnWSai1Wpx7PwZlJSEUYvlhmbudJs4jok1CC/5pg7DEGsV7dNzSCk5NnuKdrvN6NAwSimiCCotTbDUIgxD4jgmCALi2NA+cQLP85ienqZWG+fYC9N4nkej0aBer1OvDhF4LRqNBidOnWR8fBzpVXlxappWqwXCJxKak9NTnRmd1WoV3/dpNBq0TMhcY4mzSy18309CRkcR2s4jPYW1ljAMWVhYAHOG0bEtiaPZ95lqnERjsSKZNbowf5xqNQkHHQqYbzYIF+apzdQYGhmmUqnQDlvMzs6ytLSE9STb915DHMeXuccdDofD4XA4HA6H4+LzSg6xWZYns5g3Nb9MKYXneV3us0Fcdpe7ffoJSMVQshlFsTCfWzQvmF1JImGeQQSl4muxvvlt1zrPxXKWbkSYy67rLAx01sdurLqxejm5UsbqZsEJwFcjmaA5MsmBNzcZBZpnj63O6/vES5y+bz/7Rsa5a984UAgTfVHI3Ljj7HvXAfi9I6u2uOldexMxurDfN06+k5teM8y+g/cz8cXyPMD3HNxNjUL4ZuDIs9Ms3DzOxM6bec/YLnwzxdG/Xjn2kbMPcNMNk+x7x0EmRiB68SiH+9Zjiqf++Lep7fynvOeGKhN77gSeHLANHI7Lxx9/8fHLXQTHZUaqIH0jkEphhMXoEKRFS83QcJVrxq+h0WjQbrXwlcfQNUOgDVprgiBgZmaGMAzZunUrnucxv7RIrVZjZvY8O7dPoJTixEtTeJ5PRQgqFjxtEBaGKlVGRkbwJHijQ0n+4DBkbGIrXuAzOraF5eVltNYICzqK8SqCWw7sY98N+zl58iSLy8vccOB65hbmUYHfmcE6Pz+PsDA6NMxIfYjlWp1mK0TVx8BTGGvQUURsNFYKEIK4aohiS7PZRvgVYqHYMjZGFEX4lYDYGjwp0eYscVCDrVsJgOriECw3sL4Hw8OIapW5pXkqI8NURoY7bRUEwWXtb4fD4XA4HA6Hw+G4FJSFKy2+FnNuXmoGEeeK68rEJqUUlUqFOI7RWpe6CYvH65fvcqNtUiaGDUJRHJFS9hSVsu3z+WPXU76Xs/1a9Ss6Pnu5WAdto6wNsshi+b7NX7sbbfde7VF2vH6C7yDtmu2XF3/z9XNjdfU+bqxufPurbaxeTTgB+KokFTRHquzZ7QExp4+ViZNf4ti5u9m3e4SdEx6rw0RfDI7y+PPT3HJokomDD/GLb/+/+dT/N9VZu+ftP8VPvm68dM+nnjjCPTfexs7dt/Ohn1nik59+jBOdteMces/7eecNVYin+fYTz3Tv/MyzvHT/AW7adoBDTQ/OTfFoTkF+9NlTvPOG/Uy8fhcTwInjX+ra/dC738u+qSf5zNNTuaXjbKkkQ6ixOIXD4XC8EohJc6FEGqktQoGPJI4MyzMzHF9u8mK7jbDJrMhaUKFerRGGITqKqFQqGN0CEXPmhE9sDWEc4VcrLC0vs1AJkFKytNiiWqlgjEEphRCCKIqQUlKr1bDaYJpNpJ/kDD51NMYK8GsB0vOSEEVxjBdUUb6HEIJKYBnfOk4UL3Fm+kUsMDPV4ux0khtgeXmZKIoQQtButwGQnqJdqSchoOMYk7p6hRBobJqzN0IIRfXsWZZbTaq1WnLjKJI2MAJMFHdutDEW0ptXXyq01mitOy7j7CEjC6/kcDgcDofD4XA4HJuFtcJurtfJeDncipm4kM+7mRddrLWd51ylVCfyU/75Lx9mNn+sXvXpt7zs/aCsJZJ1nnPpLUSWifv9RLKNlLVfeN61WEvQ67UuHxo5W5+1RyYoZSGU8/ush159upH2KbtGyoTSMtdvtk2v68mNVTdWB+VqHatXK04Avkp59Ng0D9ywFz/wwExxrEfI5MdPTXPP7klqPcJEXwyO/MFhntrzfu7YOcxN7/i7fOLOWWYWY/yRcSaGPBaeO0rjVftXu4Cf+0986vAYH3rXfkZfcy//5N/cycK5RRrGY8u2cWoeYJY4cvj3eGRVPZ7hyNl3ctMNw4wOwenvPNbtIM7c0BPj0OUOThjdfYC73nozd/1wi5lzi0Tkzrl8lMcPH72wjeRwOBwXiUasqfgBxmriMKTqKWpKgjXQirDRfCcMf0UJPGOJl1tgDMpY4riJL8BXHmGzgdaW+lAFQsOusQlmF+YJqj4MVfD9SirEWsAihMWYmGZzmTCM8WUV3TYI5SFrVRaay+jlEKliVODTDjU2DAmqgkbYZu7547ymOkRUHWZmbpbRsS00R3zOnD7H7Ows7TBCAL7vIaRKayFotZaSG0Wb3iQKAdrkboYVUkkio5O8xsvLVOs1lhcbSCUwWLBQqSh8r4KwicActTWRhYonqFQCsIp2O0Rbja98pJREUXTpO9nhcDgcDofD4XA4LjH5H9wzAaIoFLwSyASGvECUiQtZfbTWnfplIpu1Sa7RzGmYiRVKqS4BI2uHvJPvUokV+f4phgMu9l8mmpWFV10PL9d918/BV3Z9Zf2Wr192nIxiPxT7JtvP9/3OujiOO8e+FI7CopiYvwb7CWdF0Tcrc9aOWX3dWHVjtYgbq1cnTgC+WvniUU7ctZd9AXBuil5BXzv5gukRJvqicIRHPvHbnHj/Q9z32l2MDo2zcwii5Wm+/cRjfObz+/nFj/co72O/yyfm7+U9d93OgZ3DjG6vMgoQt5h54QiP/slnefxE+b6PPp+K4sxyYpXTOXNDs8odDHDiu0c5sW0/O0aqTOysAhA1lzj9/W9w+I8P83RZPGqHw+G4AvEweBikEggEvhBUpEIqhbSgpMH3khsuT6yEVPE9D6VUchOlAQR+4COEJUZikSzOt9DWJ44kba2wsSaMbeI6lgKNB0istkRIrAySUNNxyJaxLbSpYCWEcYyNNdKvoo3FLLUxWF44PsUzx6ewMrmJM1iMTcoSBAF4FaI4JsSiVDIL0MQaJQUIsEoiEFhjMSI369Ya4tgijcETEo1FIfCkwPP8dBuN1YZWo4mwFmvBV6BSR3XUaqOtxvM8fOF3uYIdDofD4XA4HA6H42onL0xkogWs7TK8ksieETOBIS+o5AWKvBCX/1MqmYjcy5VWJt5tpE3KRI2icNfPeZrvm6yMWTnzImG+jGXuxrUEsV6izoVkUBdhtr4ooPV6nxfesn4tXhe9zrPe8vfbv2xdsQxZOYvhgYv1zaKUubHqxmqv8/Uqz4XglT5WX6kIe4WO5qNHj7J///5Lcq4P/spHLsl5HA6Hw3Fx+I2Pf/SSn/NS/j+1Xk6dOsXu3btL190W+AgMnhUEgCclKrsJViCFpSZW3/AWb5aNMUTaEpKElY6EILKC0CQ3WLE1RBZaJqYJhJZ0HYDEArG39o3XWjdnF+o2Rl2QSM2ydOns8qITgh0OxyqstcRx7L4fHA5HF+67weFwrEW/571BKHuGKjrHyn54LwpH2efsdXR0tEuAyD9LDlKGtcqcT7GTz/+40Xr3czxm9cqvz9cpjuNV9co/L+edaJm4lN8mO0d+eS+q1WpnMvZa25c5AMscnvnzl4lnmRuyWM5iu/Vqu7L3a5W5rP2K+5Ydr1+/FtukrH2yuuaFtbzjsNhnxXGwVrnK+ixzLAIdB+qgY6JM+MrqUOyPvPs3f958HdxYdWO1rBz9ynw1jNV2u90lHOf3z38u1res3GV12igLCwsva/8ynAPY4XA4HI5NxDOhC0l8Kcl+xHU4HA6Hw+FwOByOzUA/J1mvH87XK0RcyDJmn4tCQb99ysSPMjEBuh2G+XMV36+Hfvv0EpSK7rsy0bG4Xb9z9XPW9RKaLmR/lpWrVz3X2qfX+rx7NO+uLQpLZWLvoH3b75rrRXb8TPQtc/1m74vXedlxyuruxqobqxeKK3GsbiacAOxwOBwOh8PhcDgcDofD4XA4HI4N0881lheZermmXs4P84OIFmsJWkWBqEw4KytnMUSr1rqz3PM8pJTEcdyVbzTvUuwnaqyHMndeWZmNMZ0y9nIaZu/zeU+L22WvZWLny+3PjVBsy14hYIv7ZOuL/ZInuzaKomK2X/41235Q8sfud/3mnY75v7y4WbyG8/XMv3dj1Y3VfHtt5rG6GXACsMPhcDgcDofD4XA4HA6Hw+FwOC46g4hdl4Je7s1B9+klkGXHyYQbSAQm3/c7DsPMZXgx3HZ5F1y+PPmwqcXti2Up659+omGZGDPo/uvdpmyfoig2qNMvK/dfxk9KAAAgAElEQVR6nbr5NsqHju0XyrnXefJ91Y9sO6XUKsdvr9y1xbbIQgUPihurbqz2K/t6uZLG6mbCCcAOh8PhcDgcDofD4XA4HA6Hw+F4WZSFNC1bVyZE9HL7rff8azkL8yLSesSHXmUsOu3ynzMBKQvVm4l3mbg0iPNtUHo5CYu5msu2W0vgGkQwKROrylyLL4d+ZcvqUBTOBnWxZgJRWX/0Ew/z+xbbc5D6ll3/ZQJWdg3l3YxFgbMo6hXP30tEdWPVjdXNNlY3E04AdjgcDofD4XA4HA6Hw+FwOBwOx4ZZj2DQ70f7C+3Oyh+vn0OzuG1RZFmrXL2EikzoyIssmbiUOf3yLsP11j9fvjIBspdoVSYAFgW3XoJZ8dxFwbBsm43Sa/+i63YjImGv5b3E0Py6rF/zuWQz8n06SFny5y0Kv/lwz/nzlglna7X9RsQ9N1bdWF1v/cqWX6ljdTPgBGDgNz7+0ctdBIfD4XA4HA6Hw+FwOBwOh8PheEUyiJOrbNtBBYu1hIBBylXmnvv/2Xv3OCmqO//7fU5V9WWugKOooCJeEEy4uAFkl+gsMQR+/njQJRsU180Y86yYPCtrXom6LxPDGs1qzMoPnxhxE1cSEqMmbHCNQY0xiORBJBHB4IByUwEZGC7DzPR0d1Wd8/zR01BTU30ZBGGG8369+tXTdTn301Ndn/p8T09Ej56ckz8m71QLCktBx2j+PbjeZ76shYSKoDswyiEIh9e5LCUUFnPMFTquUF8VK2sposZH/j3YDlH9mW/fcsoTzjPYhsGylkojmG9wbdn8e1CwjRrv+bwKuRjD4m8h4ayUABbV/mauRh9r5urJM1dPJowAbDAYDAaDwWAwGAwGg8FgMBgMhiOmJ+JMeM3LsNgTvrEfdkYG0/F9/5A4ExYjgukWEq+OFuU61aKELdvO3aJ3XRfP8yLFlHxdgwSFxvBapcFjoigk8kWJKoVEwqg6FxOpwgJOMUEw7GwMlzfcFj0RdgoJlcVcpWHC+YXrY1kWtm0fEguD7sd82wXF3WC6+Vc+73JC5RbaHhb1gn1QDmaumrnaF+fqyYQRgA0Gg8FgMBgMBoPBYDAYDAaDwXDCUcrBVuimfynR4kTEcRxs28b3fTzP6+ZAhMOCXtCtmBdYjpVgdqwoJnjlRZvg2rr5MLzhML0nIkHnZ35d2XyfBQXesHCYPydf36C4diLXF8xcNXO1d87Vvo4RgA0Gg8Fg6IOEn7AzHB/yTzuejGFmDAZDccz3g8FgiMJ8NxgMBkP3MLnQ3e0WFbY1f05vEZSCblA47LqzbfvQ2qNBUSV/DBx2hZZaK/VEIShkBusU7M+wkzEcNra31BW6unallFiW1WV/UCgMh83tbWM4/27mqpmrvXGu9nWMAGwwGAwGQx8klUod7yIYAriue7yLYDAYTlDM94PBYIjCfDcYDIaTgaBTLopwyNwoASIsIvUWQSlPsKxB0SUcBjjYFkFnaG8kuAYoRIcSDtYx3Me9wU2YF8KklN3WlA26JoN1KdSvJ0J9zVw1cxX65lzt6xgB2GAwGAyGPojjOMe7CAZyF/6e55n+MBgM3TDfDwaDIQrz3WAwGE5GSokEUYJYfltYYCkmtJwoYkTUOp757WHhJOgcDTrsotbq7A0UExCjnIThfu1L9Q3+XcgNe6LV1czVw9vNXO1bc7WvYgRgg8FgMBgMBoPBYDAYDAaDwWAwnFCEXYdBZyHQZU3NUmn0BvJl9X0frXWXtWMhWnTqLZRykOYpFEI2LL6Ft51oBPsMDjspw+7fYF3z4ztcr96wjqqZq2auhs8PptHb2qAvYRaVMRgMBoPBYDAYDAaDwWAwGAwGwwlPbw6nWi7B0LJh4aQv1z287mhfJRweuZCztLfTl+pSCDNX+/Zc7QsYB7DBYDAYDAaDwWAwGAwGg8FgMBhOKKLCyYbXoLQsq8s6lb3ZcZYXVSzLOuQoDIZahVyY2bzzLk9vrCt0FULD26WUkeGCT3QnbJ6osZsXy4KiWf5vIcQhN2nYDdxb62vmqpmrvbW+fQkjABsMBoPBYDAYDAaDwWAwGAwGg+GEIygkhcPKBsW0sNuwUEjSY1G+UhRyAobPDQqEwf3hbfl2iAq9eqK6DssRCIPH5cW1qDVGewNhESwo9AbHc56gQBo1jnuDkGbmqpmrvXGu9nWMAAz88213He8iGAwGg+Ej8P9+7+7jXQSDwWAwGAwGg8FgMBhOasKiTznHhwmLRoXC5OZFlfB5QWGl0DqcpUSeQvujtn8UoSPs8gzWU2uN7/td3KJRrtGg2NKTsoSPjRKngm15NMPbFnIGFnIQhvuzVN7l9HW5+8s5JqptCvVrML0ot29QSCvkqixUrp7OPTNXy8fM1egy9fa5ejJgBGCDwWAwGAwGg8FgMBgMBoPBYDB0oScutZ7cvC91Ez4sLOVdZWFnYT5kbthlGeVEO1IRpFhZw+JdeF9U+0WJZvkQssVEP9/3D20LhpwNhpmNqmtPBY9CwmCx7cXyCQtiYfLljnKH5vs86Kosx2F4JK7Zco4NliecX5RDNCgIhvs2KArm0w2KhVH1CeYVFtd60v5mrpq5GsXJOlc/al4nOkYANhgMBoPBYDAYDAaDwWAwGAwGwxHTU7E4fGO9lOiQPy9/bnjdSeCQ8AKHBbjgcUfDQVYOUQ69IOFwwEAXh2Qp8vXMt0NQkCkmuPRU/DjWFOuTYs7XKLdhsTRKuUUL7Qs7VYPpBMsQHpeWZRWudCjPYB2iXLJ5MS1KNMzvC55fyIEbLL+Zq9FpmLlamL42V08mjABsMBgMBoPBYDAYDAaDwWAwGAyGj0TYQVbqRnspx1lYICvljMy/8kJSWGwpVaaofcWODwsLUfXJi3LB48NOz6ALtFBdS5U5KArm658XmMLOx0Jux56IglHbyhUK88cXEnIKiUVhIS5/TLCe4WOj0u6pAzAsKAXzhsNCbLBfw3Uo1bbhMRSuQ3B94LDoHNUm+fOj6hP1buaqmavF0uhrc/VkwgjABoPBYDCcRJx1yWfZv38vsbhFImnju2lsS5PpSCOEhW3FEMRws6C0hZAOwopj2zZ2zAELlHZRysPSYKMRnddUQvuHL1i16tymkFISr4hTV1fHaacPBClBCqSdC43jKh/btsHPXURnULja52DaZdPWrfgItGshsHGUg854WL7CUi6274HsANmBkNncu/CpSZ7BaVVnkUgkUMKnI9uGq7LE4jaVVVUkk5VoBFLGENiABC1zddEuEh+NC8IHbeHpGGgbjYtGgXJBugjlAlm0dpFoQKF8H0tItKfxfcXPf/Hsceptg8FgMBgMBoPBYPj4CbuuilFI6AiKWFHiQqn0go7IQvkUc5KFy1JMTMsfU+y48AuIFLp6InpFCSl5USmfdpRbsRzxKKoePRFkCp1faFuUKFesn4JCTjHxM/y5nPJHpVfo3EIi4dEgKIaGxcL8/rBoWGosRY0hM1e7Hmfmat+fqycTRgA2GAwGg+EkIpPJkEhUMOCUGmqqkrhuB4m4jfJdpLQRWCgtyWYVGguBBbaD4zhIx0ZYoPHxfRdLgaUB1XmRpTVaK6TuvCAEQOF5HrFYjH4DaqkdUJu7wNUaaVu4ysfzPGxbIlTuqc+s1HgaYm6Gg6lTUFgoX2LhENMW0pNYSmEpH8v3QGbQpEBmciKw8Khy6hhQcQrxeBwtfFIdMTJeGichqaqqIpGsBCSeEjlhV4PUnRel2kZoD4SDxEMJiWUlyV02eWh80B7gIbSHwENrH6EVWnkopbClhZ918byj88PPYDAYDAaDwWAwGE50CrmvoLgbMXh8MZEh+Hch11gw/yg3XTi/UmUM7y8kyETVOyjyRJUtLEQVc1AWK0s4jaCQEg6/GyXWfVRBpJBgU677sFi6hdo7yq0ZbtdCZSlHlCx0TthlWKhvi82DUnOhkPCZPzccKrlcN2gQM1fNXA1yMs7VkwUjABsMBoPBcBIRsxIkq+L0r6lBa5/Wlr20WwohciGF8hecWVehtUBJC2Fb2I6D7UiEBT4+vu9hKYGjrUOCL0ofEn4PbaPzolYo0m6WbDaLkBKFRuhcCCPX99BaYiNAa5SfcwBns2nS6RRKSHwPhLDIKgvSGqnB9l2E8hFkQWRAuCiZBRQkO0haHWih0donlUmR9dK42kJaFtgWUtr4HijtIbQEBFJr0D4I75DICyBlFpCAQmsfhEJrhegUfkEh0Wi/UwS2cgJw1k0fl342GAwGg8FgMBgMho+D4M18KBx+thyXWSF3Yk/KEhZbtNbdXF9RxxUqQzHyjr0oUS6/Lb8ebLhMhVyiUYJfoeOixBzf9/F9v8u6qvmyBtddLdX2xSjVt+W2Zyn3YLG+D4uGYVEpuL5qsfKF3Z7ltEN+POXbVmvdZa3XUmO21LiOao/g+r5R6+VGCWnFxk7w3cxVM1dLpdtX5+rJgBGADQaDwWA4ici5bSsRWLSnWtmzZy9C+NiOxHFsHMdBC0hl0rmAxgJkpwBsxRyEJTsFYB/Hl1hIpAbRKfhKLbsIwZATg13XxY7HqKiszIV7lgLp2Git8XwNtkYpkBZktE/ac0lnOmhvb8dVGs/NXRDaWiJcH6k0tgLh+52CrAf4aJkTbIWXJumkUQi09OnIpMm4HQhPoKVAWQIpbJQSaGUBEqFzArDGRaDQZBF4QIHQQLrzolGD1AoBaO2jPB/LlvjZjBGADQaDwWAwGAwGg6EMit3MjxIpCh1fyD0WtT0oCkQJaOUSFhUsy+oiCBVa97IQR0OYCApewfpGifXlUsoZGuZI2rOUazP4OSzUBQn37dEiKFAeaTuWS5QYFhYty3FUHm3MXKWsfeVi5mrvn6snMkYANhgMBoPhJCLd0YqurUSgkOR+MMRiMQBcN5N7qjRmAwolAClAarQU+DJ/4WahBPgChNK5cM6dArDSILQ+FBZaAK6nQXpksh6u66O0hZQCSwhAoJSPVhae5yJ9jY/CVwLfFygFWgVDxYAWOrdkr9Y5Jy50lkmAyl3aaBJYdgI7FgepsN00Gd9FkxOcM66PECCFg0AiCVxs5q9VtQQkEh9wEfnFjsltFwjQuXPBBq3QSuJ5OYFc+xrfO/kuLg0Gg8FgMBgMBkPfp1wHVikXYimCN+5LCTFRaQbPiRJaCjnkyhEMwu7nvIswuOZlXmyKcl1GiV7h8KVR+ZXjkgsLZUHXaP6cjyq4lOMULUa5dS6UX1Q9gw7BYB7F6ltoX9QYyaetlIocT+F6lRIIi82jQu0bXI827IoMu1VLzZtS+eXTKAczV7vnZ+YqXY4/0eZqVFn7GkYANhgMBoPhJMJ2fCzbw7JBWgLHcUgkkriui+u6CASWFiAscvqsQAsLhI3QCYR28Om8cBNZED5CKLQSCN3p+pXkxFIlyGmmfu58bNAOYKG1QCvZ+eMlL952XhRig9YIfAQxpBBo6eaeztQaJRVC6Zw+qwQaiVICNGghQUs83yaTVsRi4MQskHGk5SGkj7BiWDKWW/NYWKAtpJYImXP1CiT50M8IkGjQOlcPJGjVuV6wBC3Iib8yJ6oLjVZepyVaYMnufWAwGAwGg8FgMBgMvY3wTfqo/cGb7Pn3QiJNIZGoHKGiHGGtUFr59ILiWZ6gEy0q30LlCq8dWsyNWcjpWC7h9ixX2FFKdStjlFhYbv7l5FlqzAT3FROWyilflNAWFJjy9Q2nUarO4ZDEYQErKu9gHYJtECX+FapLOXUNjuOotWsL1c/MVTNXS5W12Hl9aa5Gla2vCcJGADYYDIaTiOmTL+OZF5cf72IYjidWFp8OfJ1Gi9wFpO8p0Ba2FUdaAoHEcSxS6TSWY4Fn4WqIyRgxpxov7SO1QOsUQmaIOzHcTBat/cNhanw/JwAjcgKuD8oTSGkTs+O4rov2NEJYWAKEAs9TYEuEsBAItPJJxGpJZbJoX+RCUqOwpUJ5WYTKrQ8jtcTX4GsLlERrQbrDpzXmEospsr4im/EQ2Dh2DMuKAza2HQNtoT2B8ny01thSoLWfE66FRnseWTeNtHwsoZASpMgJ1FrnRF6t/U4hWHS6gm1yajRoZS61DAaDwWAwGAwGQ++jlAhV6Jz8e5SglKeU+69U2oXK2NMb94XEpXKFn/x54fU78wJGUNCISreUMBQsX35bKeddISdivmxBkSQsggW3lUO546OnY6mc48spb1RbBJ2V+W3B92CaUWmX207hPiunToXGYFRdwvuC4y1I0OEalb6Zq2auFirD0Tr+RJ+rpejtgrC5K2kwGAwGw0mEttMomUFaPo4jsB0HkNi2jZR27gLY95DCwnddHCeO4ySw7EqkVQF+gmx7GidWgW2JTiFUABLPc9Eid3Hke4ps2qVfTW3ugtr16GhrJ9OWwrFsUBrHcTrzB19lsJNxpISstiCr8T2JY1chMx3YMoaQGosMKuNhSYmF6ryQEUgEtpZkfchkPJS0kcJCWA5SKBAOApDSwsJCuQrX95CS3BrAWiC1wM96KN9FaA8pPYRQONLCcRx8L0s2ncX3sljCJhaLY9sWQlhonROwO9JplOth2zZaCzTWcetrg8FgMBgMBoPBYPi4CN5kjxJPosSbnqSdJ+yEO1o354PCSj48bNB5FxRj8sJEUEzKnx90rhVznRUTLMKfC4lGhdIttk3rw2ug5usUFKvC/RjeHnboFer3qPpEET4nLHL1pJ5R5NMKhtUNph10Wub7Mrx26Ecdv4XKHOU6PVKihMGg0BnVr+Eymblq5moxTqa52pcwgQkNBoPBYDiJ0NpF46KtwxdVluVgyfih9U+kAKGySJXFyxwk23GAbLoFP92GcDtICHC0piLmEHds0ql2cu5fsB1JZTJOZTKBFD6OpUBlgCyW5ROPayoTgnhMIUUH2m9FeQfx/XZc7yAZrxXP78BTGXytkSKGFAm0ttCuIJt2SbenkFqh/A462veQat0N3kEcmSFhZ6lIaOK2j1ZpvGwKy4aYIxD4oF0qkg79aiuxbYXy09jCpSImiDkax9EkYwJH+igvhXJTWEKB72EJSSIWpyIZJ56wQPi4Xoqs10rWbQXRQU2tQyIJsbginrBIJuPHu8vLQ9ksmJdg+GMxmvpifickDvffk+CaV4/d85hNr8ZJ3hNnVVlH2zy1IEFysXPMyvNx0LM6912al9zCiJHzePN4F+Sos5fFX7mEEQ+u6yP5HDv67hgw9CZaX76b8Zdey6PrMoe2RY3Nvjxec3W7hcWBC56odjEYejuFbrbn114M3sQ/WoLXsUQphe/73QS1vPBgWbmHhPMiRbCeYZfh0RT5jhb5Mvm+f0hgCpY7XN+gyBJeT7O3ECX4Bd2x+X61rMMPcUeN395AMeEMovvNzFUzV08UPo652pva46NiHMAGg8FgMJxEKARKC3xPk/EUruuhhYMlPITUSOEjpIcTBycWI+tl8LwUQmVwJFQnEyQsm7b2Axw80IKw0sTjDrYEaUnws6TTKZTnU5GEdPoAtgSBBz4o7wDKFyg3g85fxAmNtMC3sgjHxpICx47juCBk54Vu1kUrj5iAyqokSdvDy/q5GmmBJTtws224WbDsOLasBhyEsInHbJSfob39ANmsSzzmEY/1w3PbsKWDZSk8L022I43yMyTjFo6tELgoL4P2LTzv8MW0FBqNj698tPI6LzA1Wlv4vo2r0gjlIITEkuUJwKsWJ6hvDG2UUF+pGfUJxexLPYZUHsMfIp7gY70F+XHnV4iNcZK/LHDhX6fYNjvLwI+3RH2HLTEufULSf5zH0sle9/3tMW6dJ1lwlmLXF7PUhvfvi9HwQ8mGMR6vXRlx/sfIthcTDH8dpl/u8eSnC5QlaixJmDJIcdMUjykDA0+/N8e4ZoHkF3d29KwgrVtZvvjHPP7c67y5cW9uDvU7l+GXTGTWF/+RGWNO6Vl6JwpNS5j92bvpskBFxSkMv/QabvvXGxlvJqHBUJzWrSz/7dP86lcv8Wrnd0N84DA+PfUfuflLUxneL3zCXhZ/5bP8bvLvWHDVKV22fWtF1yPz6cyZPZXzKnpetEzmYM9POhqsmceILy4CJvHA8u9zZbc2CPH2Y0y+5mG2cz1PrLuV0ce4eMetXQyGo0Qw5Geh8J9BJ1ZvJOxoCwpn+X3BOka5L0/0ugfLV8whmv8cdE1GHRNOM8zxapOgOzC8rZCjEbq7V/NpHC/hqCcuyvx7vl/z50eNTTNXzVwNczLN1XDb9UWMAGwwGAwGw0lEzKnAthMgnNwFoS/xRU5oFXhIkUX7raTaWhAyjdYu8bggZnsosrTs34Nj1ZCwE1i2D9InmbTJZlIIBL5y0don5ghqKpK0HNiXCy2tXXzl4nnVaA2W5SKs/JOWGm0rsiqFlA5aKrRwUYDnZ/BVhvz6whYKz22npXU/Du0k7Ay2lCgvi3Y9knYMy0niWBpwQFhYwsJ2MsRiWZTIImU7Ujokkx7a99E6g5RQmQStcq5g5WewpY+dUIAk60kQEoSAQ22VQeAjRE4AljIXDrqiChzHzgndnU9olodm3tWKiwDaBWs/FGz7UPDMSov5Ky1mT/aYN+4YCWExlzm3usw5Nqkf//xK0DDWZ+bg0Ma47i5KGspniOZqCXO3SJqgm5Ce3iRYAPCBYE0W6mOh/R8IngLmnt+TOXQMUA7PrIWGMzQL10q2fRqGFDn80FjKCjZsErywWXL1j2LM/fsstw/r/sO0XLa/eDdz7lpCY+xcrvjcVcy5bhRD2cqa9atZ/OwivvUynPcxiBbHkuHX38ttE+sgs4PG1at58dmHuWH6Wh545iGu7MMicOuaRdz9f7Jc95Mbe3X/GY4Pmbcf44YvPcybqSpGT7uaOdeNPfzd8PSdzHj6pzR8/wfcNrHMB0RGXM8DcyZSB2SaNvDa6t+zeOGdTHtlC088/VVG9zCwSd3U77Nqao+rdZSIE694mZ+/sIMrZw4qclwbL/3kx2z/2Mp1vNvFYDi2nOhCUrEb/IVCuuZDkoaFlWKhT4NhSE9EioUizrvrgvuCAkspcahUONhCxwfD1x4LwuJSUCAN7ss7CYOCafi8E7VfobswFiUAg5mrwXNP5D41c7XvztWPCyMAGwwGg8FwEqFFDEQcSyawLIWUMYTOrZeC7+KqdiwrRUWFhxPzSbs+sTgkEykEHqkOTczWZDJtCGHjSYu2tlbq6urQvkt7SzonxmrBwbaDVFbHsSVkOrKgM7iZZtysAqGwpUSSCzutbUhYWXzHw/MdfOGjpYVl+1i2xs+6+J6PRztJ6eHLNP2qLKoTCbKZdloPpojFwLZcDra1of0OamqrsK0MGfcAUipqai2EiCGtNO2pJtCSykQlruvjpTNYsRixmKS99QC28EhWxIjHLNpaU2hfoEUcUEg00vJw7JxbWkiNED5aCzxPkahMEnPipNpTpFM9E2zHXOwyvvPv+s73ea0OC5+0uPlFm3hccd+oIxeRDNEMGeJSP+x4l6KPIT3qh1nQKFjTDlMqgzsFazcJqIb6VsHa7VA/NGI/mvHnHt+bEun1knmu5qlpmv3/KXlmk2DO+YXLFBxL9WNgdsbh/h9YzP2dzcxh2aLicSG2L7mFaXetZuj1D7H8axOpO/QbfyKXXXU9c+7Yy6oFLx1ByicWp14wjvETTgHGMr7+KhquG8vsKXcz/zcbufLGvjtBM++t5rk153Ld8S6IofexcwlzvvQwjcO+yhM/uJHR1fkd+e+GHSy+/Vq+9ZV/Iv6zJ5gzsgz1dsC5jJ8wljoAxubSmT6PaV9+jAUvXsOCab0p0kCGoUOG8ebjz9P4+RsZbhU47P3n+K+ldVw2sYrlKwocYzCcRJTr/CrHBRw89kSnkKAU/DsYgjRKaCmU1ola/0LrZgaJ2hdV12JO8BPJYVdKVAyHkQ07J09kwbQQPQnpfLz7pxzMXDVz9WjN1SOp7/FulyPBCMAGg8FgMJxE+BmNcjVad4a6sSS+8vGVh+9mUG6Wi4adwf/zlc8zeHCSVGYnrteM49RQUXkqvq5mQ+OH/M9vXmHLB3twnARDz67j1q9ex56m9/nDH1by5pvv0NHWQqUj+dKs6zhryCAaG9fz6mtv0NS8B2Iun/rkhXxq9AWcOXgg2JrWbJZYTS1NB9p5d8tBGjftY9/+A6QyaTwFdszCSghs18ZtyzLs3EFMmTScS0aeQmWilnRrlkQizv7WPbz+p9dZ/eb7NLfsRiGoiA/gnMFnc96wUxh8VhXJRDVKS5KJWjoyLo2N7/CXNxvZt/cgoKisTjPsgtO5ZOQozj5jEAcOdtDS5vP2hi28vf5d9jUf4NTTavjUuIsY8YlzqKiGjkwzHe2KyooBQAUH9rm8/fb7bGjc8tE7rdql4UZNyzybO160ufaTWUbJ0qcZDMcXzajzNTQKlm2STAk+uKBsXtsC9RcpRq2VPL/JZs7Q4MMSFq9tAc7SjImF0/04kbzWKGCYz/jTFNeeIfn3Rps557vlJxF3mfkpydxXBRvaYUhl6VO60LSUe+5bweCGhTzxtZFEyjfWKYz/6sweJtwLOHMoQ4HlLSdEwHiD4QSjjecevJvl/a7n8UduZHRUeGZrEDPu/xHN717L/O8tYcbPZhIOdlEO8XGf4QoWsfDdHUBvEoBh/NVXEb/3fh55cSYPTa2KPKZx6c94c+Q/8M1z72f5inEfcwkNht5NlJAQdXO8py6zj5OeCnr58luWhRCii7BUKK0TLcRsoZC5wc/h0LhRIWR7E2GRsJDwI4Q4tFZslJuwN1BoTkb1dbFzT7T+NnPVzNVjNVd7c3uVg7l9aDAYDAbDSUS1DQmhQGfI6HYy4iCZWCt+0sWO1RCXZyNTFez8y1bWv/IC1v4/MWLgZobW7aGj+S3eWfsnPtxxkGz2NPBPoyNdhZ3eycUD3mDqJ9ZQZ68i1bqbKpVB7OrgktNbuHRYmoH9NtDh70D1H4hdM5B4djfnW9s4r3ozVfoVdg+daPUAACAASURBVG9+hvfWruDAe3vJ7gfSNUhxCsrqT9aqwHMkKb+VtrYOkqoW1ZLik+d28Imha0mkXuODPy1n55uvMPzMPXz1xiFMm3YGsZpmpJ1CZAXZ5jbOSB7gwoHvEs/+kXf/9Cu2rH+Jze+uZOfud2lJp+nwazmYyfLpzw5h8rQkA+t2sn3jy+ze8kfOOO0gtbXNJCU42TPRrZXogx7b/vI6u997ier4a1xw1j6qZBMfNK5h17vv0bY9i2o7Sj8epEfDpzVkJMu2dd2V/iDG/Y8lGH5PguQ9Ceofi/PMB+FLPMmG1+PcPC/BkEPHxVjVnt9v89SCBMnFTrfzmt6KcesPOs/7boKGxQ7bmmJcc0+Ca14NPEu4MU7ynjhPNUua3opz83/k8hnyvTh3vB5+5jAqP4f782nuc5ifr9N3E1z9ZIxt3czUgpZtXet+9U9irG3PpdO9LkeCZNnTCZLfjbMs231v+q04Q+5JMH9T4AfDPocFP4lTf1+uTMn7ElzzkxirDhT7UdHTfDr7ZcHhuo/5QZynuvX74fQ3vN61T25d6tBSppm8vDHWncT5mtnAk5tCtqttgl9kYMrFPvVnwbLOMNGH2CF5PgPTh6pAGG5By/quY/Hqou360eoMQKvNU+/AraM8wKf+k5q1b8nIPipGsrOpMkegYzYu+SHLmck3ZhcQf3tI5t2lfO9fZjB+5CWMGHkZ0/5lHs+9GyrYmnmMGHkLi5ugeeVj3DL9MkaMvIQxn23gnqU7Qimu43sjL2H2kr3QtJpH82lf+llm3buU7R8lgveBHWwHrvzE0JKHAtC0moV33sS0yy5hxMhLGHHZDG64cxGrmss//pbH1tFaJIvtS25hzMgJzHpsY+l1zFNbee7Brx9Kf/z0r/O9pVsPn9e0hNkjL+Gyu1YAi5g1srMcD64rnq6/l1UL7+SGzn7JtfUSNqdKFcjQp3j/OX7+Ioy+4QuML7Y2rzWMWbMnwbolLN+a33gKM374RmD93xL4uVE7/PTqLpt7+n1SNu8/xayRlzD5sY0ROzOsum8CI6Y8RmM53y8XXsl1k+Glnz8XHeL5wFIeeXgHV1x3JSMKOYRLzeU8nXNz1mcndH5n3sL3lu0gHZVmgXZpXrmIb9yUb9MJXPbF+1kcblOD4WOipzfEgyJTPgRrbyYvouRDrAbDrObJb4+qa1Q40hOZYD2D7sl8G+T7tLf3a7Av8vXKE6xrsF+VUvidSzv1tjYIjuNgXfP7zFw1c/VE5VjP1SP9H9cbMQ5gg8FgMBhOIvx0FuV6oHIXRUoohNQoJMKycexqdu3Yyo8feRwJXDUDBpxyFjJewYoVb/HTJ5pwRSU45yNsCysRo7bKZ0DNHki9wzmnW1wwxMLJpBl0Lth6Ow4xpNyOJgNCEotbVNgHqbZBZA+y98O/sH7tbqzEXva3f8DeVB1tajBVFVVUVnnsb9+DZj/xZDtVIk6NlyDd/h7xRAuJ5A527NjFb/6nlUQVnHbuWQyu7IfSrQjlc3DfXpIVlVhVkmQsS8LZSTq1l21b3kPYmznQkeRAthI3fRo6W0FrW5bT6/pRW7OHXbs2svmdDezZm+Y3f3ielAKRvoC4NZxU616W/f5lrMSHXHgx/HWigsrBA3hv805eeWk9HW398bzT4GhokJ3UDtVMR7Byx2G3ZHpjnCm/FHCG4r6rNbUI1r4queYnMe6blWHOUA0I1j4X49K1MGe8z8LTgXbBMysF2zpgfEFHomDbqw71rwiGD1LM/9tc+htet5j6M6glei3Uxlcc7tsDc6f4zESw6hXJ3BdtEknF3E+Wob7tsmhYCWPqfR65FFo2Sea8Jan/b4cNX3BJdB6W3hhj+i8FTXWauVcqBsagaYPkmgWy23qzR46i/hLFqHckzzdK6ruE35a8tl7Q1E8xvTMkcHpjnKsXCxqTmjsm+cythPQ+ycI/Sup/GGPhl7PMPC3qR2XP8mGjw5BnBNOHK+Z9WpPICp55WdKwyCHxTxmm13VNfdurDvethzsm+cyMQdPbktv/bLEmBc/PONymUZQ3xgpQ6VN/hmTBFsFaYFS+PJska6Vm/hCfITtseKVrmOiWnYJlwCOHXMGCba/GqH9FMGaYYsHf5ur8/LJcu/76nzNM6apLfKQ652l6U7Awrnits461wzUNL0qeWWtRP7ZcZdPitXcExBVDBpR5yiG2suYPO2Da3xQXeMoks2Yen//iIph0K3c9ehF1NPPmwn/nGzNWsP2Xi7mpS5TlDJt/fgvzN47i9jv+g+to5rUFd/Po7Z+Hfsv45oSucnTm3Z8y++ENjPnaHTw0E5rfeJhvPnon06w6XrtjbI/F68zOdSy8725erb+LZz8T7drrWreHmXXzY2w5aypz/vVRhveDTNMKHn9wHjf8fjXf+e+HmHFm97bYPuzw8RzYwK/e2EGGkVRH5NG84n5uvms1Q296lMdvHFa8Tql1fO/aBhYyids6029e92Puvn0Gr+78Bc/eOAz6jWX2o48ybcWDfGPRIG57dCbDAeqKC95vzv8sNywZS8PXvsvsgXEy7y/lgXvv5vNNcX730FTqip5t6Cu0bljHm4zlO58utrZtjupRExnP3Sz/y15mndtzB+/2ZxfxC0byjYnnHtrWs++THnL2lVw3+X6+8csVNN44LDcv8rT+kV89kWH0nVMKh3TuQhVXXHc9g7/4M557eyY3jQjV7YWneKliJo9PqoLGiNPLmcsA/g4W3/p5vvX6EK6cfRdzhtXlvlMevpabs7XAuRGJh1gzj8tu+jXjG77GAw2DiGe28Jt59/Ot63eQ6ONroRt6F2GHXPhzMARplJvuRFiTsZj7L/h3VB3yLsKg2y7vQgs6DKPyO971LkRYGIzqzyhXaSF33onoIg2Xo1C5giFlSx3bG4jqk6BL0szV6PyOd70LYebqYY7WXC03v96MEYANBoPBYDiJ8DyFVgq0QGJhYeErDy0EIBHSIp6soLr6dA7s24WrQVODpgZfVSAcSCYH4IlKhPTQOs3+lp3sO3AKp1anubx+AueP/hRVHCDesZWLLuxHTV0Mx2lHZcCOu9RWOFjyIK7fTmVlBZ+4+EIq+p+HVTmCP7/VzppGl+x+jbJdbKsVzR40e1HiIFkV50B7gvNOt+nw9pOhjU986hy+/u0Eiao4/U5L0dy2k/e37mF/k2LwqbW0tzajkTixOPHKPZwzNMn1/3gZLQfr2LjF462NHXz4gU3MOZWqfhmW/e6PpNvb+cTZF3DV1RPI+HG2NWf50/pmNq7xaGlrp19NEldVgJBksgrPi+E41XjKJZ3x8dFIW+LLHloFizFAcxGwIf856zD/fwTpYT7L/v6woFU/3Ob0/7RpeNWhYWiWWmyeXwtc4HPfZw6Hrq3/VAkHZ7PDHa8Ihgz3+XVAMKu/WDJmcYz6xigBWLBwn2LZP2UZ0pl8/fkO+//D4v43bG79ZDbg6IzmmXfpKpReLKntiDH1HcmyvEjYWfdtAxXLbjycFxcLxncKhT1h7i8TzA1v+/s0tw8DzldcG5fc8abNv44KlL/d5plNMP1ylWuHzjI1nhoqEzBlXG4d2IZnHabcWKANys0HQGge+aJLw1mHf7jW18XY8BPJL9bbTL88aJcWzNvls3J2QPS8WDD+xTjDX7dY+IHL7LMKNEzZY6wQPpdemBN4NzTDqDoAm1VbgKGKURISQzX1r8hAmGjJms05wXRMXtfoHIuXftrjyUDd6kc4JB6ymLvcZsqVR6nOh7BZulYw6iJ1OOR6tc/0syRXr7OYO9YvMZYF6QMWL/zOZs6HMPtz/iEBvHxa2f42DP+/Bn10929mHfP/dRGZ6x/l2W8cFmTHjxtJ3T9P41v/9TKz7p8UED5X84ttd/HsD69icKfIMn5UNa2TbuGJJX9kzoRJXUTSVYu38p3/fvSwyDrhUaoP1DP7iSW8+tWxXBGlqIZYftdnGXHX4c/Dp97FE98+nH/xuj3GlnF38ey84PFjuWzyZ/jetQ1868GlTP7+1FyZD7zMN29exPb67sePn1ogizXzuOErT0HDQp74aik3doY3F9zJwsz1PP7ftx4W7yeMZVTdLUz+t5/y0hfu5YrqQYyeMIjBTacCgxg9YSyjS1QVgAtu59nnZ3JeIN1B2UamPbCEV3ZO7SJ0G/oumVQrcBGDyxEFT6njPCjPkb9vK6tWrqYOyDRtYPnLP2Xx63Vc+8MfMOvsfOY9/T7pKVVcMWMm8ReXsPztGxkeEG1bV/yW55jEA58rLXzniY/5Ag0jF/HAr1fQMGLi4fmbWccTj69j9C3fZnwc3ux2ZrlzGZqfvZ9vLTuThp8s5LYx+RzGMn7yOB79u2uZX44AbF3ENxf/jlkXBM4flOXtGfP41YodXDmj/DobDEeb8LqKUSIw0GVNxrwzK78/KEycCMJSnrDgE34Pigx5Z11QQMoLMnlxKZ9mb3ASCiEO9VG+TsG65uvj+z5KqW5O0kLhco+0b4/luAi7AfP1zW+TUuL7Pr7vd2uDqH49HuO33DEVJRLm6xoU/sxcNXP1ZJ6rUQ7h4JjqCy7qPEYANhgMBoPhJEJKiRQ2tnSQwkdoCVpD5491pRSusGjPQmsW0qoC3x6IjJ+OiA9EONtAVuErBz8rsUWCisRZnDHoElr2vMbzLzTy0h8/IObuoka08dXZl3O+rMRL15K09wMD8VpjiKpqYrE4HalK1r2zlWdeaKTfwA52t9SwN+XgyVw4m5iK4/i1ObFaV2Jrn+pqm7S3j1hyAEifN9/azaL/3EkqA9d9uZrRE85h7LhPsH3HHt5dv4cz+p2B9vrT0VZJ2z7Ne1tbePH55VTWXMS+lgStmf5UxE5DuxUoVcXOra38oWUff7aaGRAXXDL+bzh71EhavT207t5H+gC0pVpoSx2gssYGLXHdAaQzlaA9EJVIK4nyIJ2ODPx3ZHQIWgIf042SuRl45K9DbkbpMX64Ba8KNgDj0QysAd6XrGoXjK/svPCXxd24TY2CZ9A8OTnsllSM/7RiemO0gNzw124X8ZO4on6Qxfx22A8lBWAuUCGXrGLMeRo2QUs7UAlslTySgVv/NpQXmiF/o2h4xeL+UvkEyzzWZ2ZoYcTTD4koHtMvsbljpWBZK0zvvKPdsl6wAM2Tozvd2J39cV+3MgFxl4ZxkrmvCJbtg+mRTtDy8gHgwiwN4dPP0tQDc5u7/0iZHR4jne00+3XJsi02s8/qFl+7S51Kj7HCDOwUeF/bajGzzod2yWvNMPuvVC7NQYopccm8TRb3jVKgLFZtgYHD9GHH8BuSZ9AsnRAqZ9xj6hCL+z/IhZAO6iBHWudDbJEsOADXTgke5zNhhA0vSH7dBA0Rwku3hwkkzJnscV/ZjuHu1MS7L4TcvOSWztDBh2n4yRvcNiY6jczqpSzcOYxvfj7kxrUGMf4zY+Hf1rL5/kldBMhr/yEkvlaM5tLL4Ym9B2mBruLOjOtDwmOcMWMnwVPNtLSGD45m+PX3ctvEOiDD9o2ree2lB5kx6Ska5v2I2yYUdgHn6jaIOQ9GiMUVI/nSDRNZeNdSljdP5co6aF62hOdSk3jg7jLEZSDz7lPMuXkRNDzKE3PKCMWdWc1vFu5g+B1XdXNuD54wifHczRub7uWKAn1VitHTuq/3fN4nxgGL2NwEGAHY8FF4exHfuGnRoY91Y27l8Zev77LG8JF8n/SU+LipXFvxFItf3chNI/J24r28+OzLxGc9yhX9epLaIKZdN4l7bv8xi6+feEjIbn35pyzcOYkH/lcBcbbsubyDV36zAibfy81jQt8Q1jCu/MexzP+3Moo5ciqzwtsuGMV4YOF7ewEjABuOHlFiQCGBoFga0FWUamtrOyRMlHrlz41yJob/NhgMBoOh2HrAUeJtoVc49PmRiL2FwomfiBgB2GAwGAyGkwhpxxCWDUiEAhRY0kLoXCgcTys6XIXCpqo/WJVnsq+tAr9dsb8tjh0/FRGrJtOqQIG0Ba0pzZ6DNulMDdt372b7zlaqLZcDLljJgTgVp2PFTgWVZv/+FhJuO6kBoJxq7NipxBIpavvtwfUEVVVVuJZNttWlrWUv0ofauEU2q8lm0nR0ZHCEoL2lhVTWxuNUWjpaeG8XJCqh36kXUNXvHGw7BiqFl92HbSWIJ6qwYjXYcYEdj5H243Ts7cBJnEbcr6W1XdF2sI1sppW/n/l31Fa/w/vvbGb/ziZ27NrPBeNqEbIFT2my2kNpRWVVf5LJGMnKSioqhpBMnEM8vodMxqb1YArLSmJXHI1VOzs5kHP/jqrJCbctB3Obb348wc2RJ2i2NcP4Oo9rpkie/5Wkfl6cKWcpbrrCZ8qg4oLUtt0CqhWjooSbguZhzfCB4Zs1Pv2rHPhA0ER02Ogg00/vfrOntgZAsG0/cBo07YYmNKPOjrgxJCFZIo8wQ4a41BcJVzlklGL6SsnzjRbTx/mAzfNvCAZe6PO5vFB7EChUJmDgabk6bGguJACXl08OQXq3zQtvSbbtgeebBB0dsCoyVc3wMyI2V2pOBxZECMZ5yh9jBZM4JPDesVny72N92JQTtBeemx9/PpcOtWnKh4neJvi1gmvOPzw+m1pzdZ76vUKBmwXbCArAR17nfHpr10vWxhWPnt+1P2tHKea8YPHUWpuGyd1F5C4PEziaMUM9aj/CL654BazaspPwjf/qcV/m8Uevz33Y9BQ3PPBy0XRam3cAG7ln+iXcE50Tm5tg9KFGnMh554SPqaJuILB0K81A8JmJyy7oHra4+tQ6YGnZouSpF4xj/IRceNrxEyYyo+ErfP6Bz3PDrQ9yye/uKugiztVtIsPPi95fd865wNNs2gnUwfYtK2DE7VxUjoC06cfMuX4FWy6/l/+aM5bqckLOHmhmO9B43wxG3Bd9SPy9vTCm56F4AfAzbN/4Msv/sIUt765gza4s29/eWvo8Q9/CAtjA9iYYX2p+7W1mM1BXzjXJxLtY/sOrqANa1zzGTTfP46b7BvHS3YcdvT3/PjkCrJFMu2EQCx//LW9+eRijLeD9l1i8Is61P+l5WPnqSf9Iw5kNLFy6kVk3DQN28OzPS4jJZc/lvWx+HYbfcVHksy4Jq/zSZnZu5KVXX2LTpq0sf2sH2Z0b2Vz22QbDsaGUMBwWgqNugEe5xU4kZ6HBYDAYTnyKCcD597B7N0oADp5X6v9QX/g/ZQRgg8FgMBhOIvIXL76v0T5ILUELLNtGKIkS4GsL10rgUUlbuoI2tz/SrsNV/dm7XyETaaprTkHpDjzvICQlu9s1XqaStLRJ6YNkMxmqJGxu2o3cmWT3wQ7SOoUVa8VKVJDSLh/sTeFWtjLgjDP5u2vPw0qewp4WwYqVu9j8yjbeeX87VoWFsrMkk2n69U+T8PohUlWc3r8fB1sdduzOMuKvRvPDn13OgAEDaGnbw8sv/4XnnnuPtX/yOG3AQFyrjQ4BzR37aeo4SPWgAXx5znWk06fgu2ezbu1B1q75kKrKU8lkNMJOMvCcoVz8iQtI2FlSGfjz2nWsfbuJXbsV0upPPN4fx4nTvHczse1Zdn4AlY5i584MwjqFyqo4vq4EefQcwNs2SJahmT006NzVzJuuuKiAIDu8JveeOD/Lk1+3WPuGzcKVkqsflww5w2LpDdnubtUgR3EN42NB8uO6kq3zufYMyTVvWdw3zqe2SfJkM9x6hVfWWrJHNx/JqmdizHwL+vfTTD9L03CZYmCl4JmnJQui0i3Sx6MSpdwV5Y2xwvjUX2TDW5K1StLRKKBOUX9INNaMOl9Do2TNDqj9QLAWzdzzQw71pGbhFFVgfedcePQufJQ6Z21+/RagJJfeU6CH10rWXsHh8NCdlHqYoGcM5eLLgd+vo/FrY7usdxk/c+Rh0SexIurkCCZx2w9nFlg3M86gHjnqPg7ijL9iEixaxBub7jpix2wkVfHyBKS6UYwZtprlG1azoWkqg3vgrr3iaw9x3bDoXOLnlF7XOJLUOuZ/8SYe/aCK0Z/5X4wfPZM5wwZR8/5SZt275MjSNPRK6i4cxWAe5pW1bcw4s/h4al27glVM5DujejbuqsfcyKN3b+Gyr9/J3RN/xwOTg+cf+++T4VP/gdEP/x9+8/pXGD0hzuYVS3jzzC/zrZFHkFh8JLNuGMnCeUtY1XA7o9/4GQ+sO5fZ3yotJpc7l6OiNZRPhjcfbuCGR7dRPWYS/3vcKGbNnsng2i385ov3s/gjpGwwHG3KDSUatU5wsRvpRhA2GAwGQzGKhWzOv4fF3/DxpcI798X/Q0YANhgMBoPhZEJa+Bq0AuXn1v21pUSiQYKSChBoEUOJSlb+eTNvb9uI1gNpaUlSVXsmTnwAqXQaLSTS6sfmrfu5/ZvPUel0sGN3ApxBSLuDrNfCk/+9jcrf72DPvj00NVdhJSvxVD927Irx4isdtHvraNq/By3jpFyBsKvZf1DS1OyBCyJTgdfqkFEWbTJOQsRwlKajpZWnn36Tiopd4J1CTJ5JOp1m156NfLjHw/chUTUI30qiY6ezfTfsfaGZ2PJdoPdj2y1UVw1CWLvZv9/l4AGFY3lksi389qW11K46QE1lFTXxSpCSXft3c6A1TTZVi1YC5UpiiVqqa4aQzqRZtXoX69aspL1V4LmVOLEatCdw3RJhZstld4y5q2DUcHXICZpIAAgSA1zqy4kKaPuMGuczb5zkjtUO01+Q3PFHmyc/HV3GhA3sE2zLwpDwPc0MtFBGOOdjhQQQNH4I48N1z+ZCTR9dfD73KRueFTzfDOPXSp7vp5gXcIfmXcpr3xfUn9/9pljTbgDNqKJ9VTofmm3mvUW39XBRDssKpBrp0t0hWAZMOK2wGNrjMRaJZtSFmoFrBa9tsUhvgfpPdRVyE+drZiN4fovN6dsEnKGYUBkqRwcMvMClvsz760daZ8iFvr5fwe2f8amPErh3SBpel/x6vWTUJ4uHUv9oVPHpq2YSX/pj5j87hQVXHXn4z3hFNbCF2KCxjC9jKcreRHXdIGAFjZtv57IR3fc3v7cVmMTFnfWO1w6C11ezofUqBpcKTd1vLDfdMZaWaxu45eZqHv/ZrYwvdU5FDdXAltggxk84uo3d/OKPeXTjWL7z/ENdQ25b5T4EYOgzDJtCw8iHuWf+j1h1+a3dQhQfwt/IEwtehsn3MvkIHLnVk7/GPfUv840Hf8TnJ+by+di+T86+kusm3883X1nHN8bV8NJPNzL6hu8XEJ1LM/hzM7ni3jv5+ctfoPn3T5GZfC+zij2wU/ZcjlN7JqzasJUM3ddsb0ntAU4tXrimpSx4dCPjv/0sC4Jr/frwSvEzDYZjQlCw7YmQG7UucHh/sZvuUXkZDAaDwVBI/A3+Xa7zt9D+YsJx1PbeQjHPh8FgMBgMhj6GkgItQCEQSiA0CA1oH5QLwgPbQThJrHg/9h+0eGdThsZ39rCnOYtWCTxPYQnQysbNJvH0EPbuH0Hju4PYe3AwieqhVNSOpCU9lPXvVvOnNRYfbD8TrYciRX927xHs3HMqb28+ndfWWKx8I8tbGwXr/uLx1ro2du5I4XsejhVHdcSxMqfiZM7BTg3HbRtIa4tAq3683eix/i81bHj7VNb9eQA7tp1L6/6LcawzsZzTSfuKlJK0edW0u+ew48OhvN04nPVvn8+WLefyzpYa3t2SYc/BNF5M49qtyAqNdvrTkjqNHR+ezjubBrFpywBaWk5F6f44Tn+cWCWWU0EqY+GLWjLpGvbsjvHe9jR794GnKvH9OEIksKzKkn1SHEHLthi3LpI8FdfM/9+H1zWtvUjTACz4/xyK+4wldNF4FQP/SjEF2Haw8FnDhmoGIliwMvS8oLJ4/lVZUGz8OBh4vmYKUXWXbPiDxfxjkGdiuOJ2Kfh1Y4xn1sL0UapLOOvcfpj3B4dtYU0w47DwdcHAs3QXYfNI8mGf4DXgorquIbzTb0kWRqYoePLP4Wc+JctelSyTms9dVDgUePljrATnKq4BVv5JskzBlPNDDx1UKi6tg2fes3jhA5h+oerycMGoYYpRUWOxIEdeZ7B44U+58OcNE1zqL4541SsaJCxstD5au5RBfMJXeWAqLL/rFr61dMcRp1M9biJXsJGFv1pN5iiW75jit7H8t09DxVVccn7hw+JjJzGrYgcLFixhe7hrU+v4r8dXEJ/6mUPC7fBJ/8BoljL/R+vKa4uKkdz2yL1csX8RN/zDPN5MlTi+ehz1k6Hxp0tYVerYQ2xlR3Ppo7bvWA2cy+AuQl6G5b97utyMDH2GQcy47UbO27mI2Xc8RWNrxCGtG3ni9v+b+U0T+c7XppazFHcEp3Dlrf/C6J2LuOfx3Jz5+L5PqrjsM5PIPPEyq1b+lgU7J3Hd5z7COrj9pnLzVwfx0oKvs+DFOLNmTCreJmXP5WGMnxyHp57mNztDu1pX8IuHNpYuW9MOVgFDz+pav8zKl/lF6bMNho+Fcm58l7vuYvDvqG3Bz+Ft5mVe5mVe5nXyvKL+D/T0f0nU62j8z+stGAewwWAwGAwnEQqN0rrzaWqBUBp8Dy00WltobLJuB22pFDX9bBIVdTg4uNkqhF9LTMRBa7Rqx0LjqSzKsvnCrK/wuc9+hu//4D94dvGTyHgtVckqnEQSz0uR9lLYtJOMa6ora5AxyYZ39pD2U9SdfTapjv0IOtB0oHQ1qBpQCkkLwjqAsHNPi1sijmP1Ixm3kRlFxt2P77Xgu620HnAYeNqZWNlKUqoVy87i4uGKFqwamzhZVMYjm1GIyhROtYPyNFpZaA2eUkih0UiksPGdDnzbw0KAjqFVP7ROgLBQQiCEjcZCCAdUApBo6aABbAe0BtGzS6016x06ANoFaz8UbNgkWNgBQ+oUr13vMipoK6l2uf3yGPWvWIxZIJk7XjEwBmQFGzYK1p7l88jfeIDF/d+PsWuUYnrn+rTb1losBOaOLiyEJT7pM/81zdcbKQAAIABJREFUm2tetbl6t+SmEZpEVrBqlaTxVM10juMF8UCPuZ+McelbFlMeE9x6qaYWwYbXJc/U5NykkaGQC7Btm8OyCCP08AvcXJsCxDyu/qTFpa9LdmU0t44OnRBzuWOGZNkvJfXz49zxN4qLKiG9T7Lwj4JnHM2ya7KlXdOl8hmiaJAW9z8f4/T2XB4tWyRz98FUiBCBNbXv20x9QjJnlCaBYO2rkjuaYeblPlOK3f0ue4yVqpOi/iyLqzcJkJq53RaC9hh/gQ0rc/32yNBQmud7zB8eo/5Vm6lbJLPH6Vw7tguWNUr6X5pmThcX10eoc5PFwg+hfpwqvF51zGPqMIv7GyUvtML0I1NVyqSKK777Kx6K38Itt0/jNw9OZMZVYxl+8UWcemADa9avZvGzK4A48WKuuH5Tue3upUy76yYu23Q9t107kcFxILODxj++zPqR3+aBaUe4Ju1RYs+7r7NqZR2QYfvG1bz23NM8t9HhintvLLj+LwDxsXzjketZ9cW7mXbNauZ86SqG94NM0woef3ARq/pfzxPfDgg9587ke3f/kWl3NXDZxsNtkWl6nWfXD+X2O6fSbVnrM6fy0JOZ/5+9Ow+Tqzrvff9daw81dVXPg0aQBGIQCCQkYywQGAgQGywIHjjEfmJykguxY8fOcbCT3OvkENsH2/EUYhviQMA4xAMOJoANGBSGIzPJDDJCINAAmlrqVk/V1VW1h7XuH7uraTXdUkuABvR+7Hqqas+1W3RV7V+/7+KqP7iGy/8H3PYfn+XkiSouqeP9f/lF7vqDa7jighf5+F9+jDPbU8OvawW/XjOfL3319X20HDGLFLdy/b/+gpYzW3i2u8CVF43f4/a4hReT4la+9L9auOojx9JCN8/e/E1eaVgC7H4caLb/iquWXUPXFTdw25Xz93oMVXHwSc3/JP/2vYArP/dVLv29f2XpRRezdOG7mMN6Hn96BT+/6//SzXz+4qav71oxvrdmXczVV/6Uy2/439x87s+58pj99/skf/ZHuDz7ab7+9Ra4/IsTj9c7SUlb6a/y7KxP8rV37em/gsn/t3zyH36RpT/9W/6/P/g4677wJ5zZnkp+B313A8dduhhu3cOujnkXl2Zv5OYvf462qz7CcQ3Qvepf+er6Fs4AHnhzL1uIcSn1xgrb8aaNnf52XxSf6LiEEEKIse8Hteej78c+3tvbRPva3fSD+X1KAmAhhBDiMBJrg3UArUE7yQccLBBhbYDCI5XxaWjKM1Tup684iFUK17q41qUaV/FTlrqMIogCUp7hmLnHctaZv0fXzjJD/SGZxhYac83s3FEEG6O0i+8XiEyRzi2bmbH4VLo6y7j5Zs497Rzed9G5VII+rv36l+jv24mN0ljjoklalSgHHIY/UFkIq4Ps7BmiUMjiuE2kPIVNWwb7h+gvVpJA1/NxlIvSijCO6C8ViWxMZFxc10V5WYx1UdpFW5OcA2uwRmGNj8FBaYvRCoUiDg0q1libnC8Fw/Gni0FhUKAUSisUYJXBqhjYm7Zlis/e8XqC0+7Du9stN7874iPHjBfUWo48I+SJBpdrH9Z8/h6H7cCRGTjrSMNV8+KR5U492vLV32mu/21yUs9qt1z/pyEXtO/u+CKW/U/LQ/e5XPs7zSUvwZEZy8fPiLh+tubjaw7kB1zDScsCnpni8Z1HNZfdAe2+5ZITY358Ply/Zu/6Q978lMPNT42darn5KvjI6LFqjzOc9Jxm49zXW3GPlj6myr1/6nHD3Q43PODwohk+rpNi1pwdcuSkEpc97McP+cLHFJU7Ndfe77Bdw0eOibnjD+En147/uv/siojeOx3++k7NiwaObbB865Jo1L+RiY9lcv/G9iTmtONc2KRgtnnDuLkARx5rOOsxzUMpw4I3FHgZTr0k5JkZ7sjPG+DYnOWsY2M+Pk5Su6+veePzmnuB78/bXbBtOfUkw0lrNP/xrMuyCdqov2WcaZx7zc955JJfcNMtP+HRn3yL2/oA6phz/HGc+rEv8ocfvJiT99DedfrF/8Sv22/lq9f/kC99+takkm/WMZx65kf449MObPgLsObWv+WKkZCkjjlnf5ivf+lPef8xex63NLXgs9x+92Ju/uZ3uel/X0n3EKTa53PuH/8T93/4dKaPCWtHzsXNv+Brn76VIilajlnChX/6vokrAqdezHe+v4XL/+xGrvgjn3+75ZMTh8BTL+b6O6dx8z99l5uu/TQ3DwENszhu4elc/sfv2jVgXvAJbvvLDVx5/TVccVsdJ3/hFq6c6HWe9hluvwb+v+9+j7+6skqq/XT+x9/ezNfrf8o9v9rjaRLvQC2nf5af//p93PPDH3L7/T/hSz+5EUjRcsx8Tr3qn7jq0tOZ86b/SCXFyVd8lstv/TTf+YefcO4tH2HO/vp9klrMpVe0cNt3u7n8C2/BHy4Mt5VuOWei8YvHmOx/y+2/z/V3t3Dzt2rL1THn7Eu46ntf59TVfzVBh45RUov5q1u/CF/6Lt/5/HKq2WaWfvjvuO0rBW77lfzHLQ6MvQmIR89/K/ZV2460gBZCCAF7Dl33NgB+M/s61Ch7kL6brl+/ntmzZ++XfX3q6i/ul/0IIcSBtuy8pdx5/yMH+jDectd97Zr9vs/9+T61t7Zu3UpTU9O489oWnkJ9fSPNhWlUSw5btryIVoNYAjBprE1hlSaMLY5rcb0YS4CppjBVH99VTJuSY8qUBgqFeo448ijOOvsiMrkprF23mVv+7V/47dOP0dDQgpfKEpQrVMqD1OUy1GUMUThAe3sHPcWICz/wIRoaGujp3clFy5bxub/+K7q6t0M0hDJlVOSgjIc2Pso6WOMQMUA17CWyEelMA4W6VurqGqjLFJg+tYOgOoTnguuD44P2PazjM1Acoqe3QhBq0mmfbM4nCit4KsIhRJkqxFWstVjjokjKPq1VgIG4grIh1kagolEfGjXGGEwMKINSMdbE+K6HshZjDD/895/ied5++/nvFzt8LvsXTfq9ITcvmWwIuJ8Yj7//isPNJ8ZsXBYe6KMRYkLWWqIoeuf9fhBCvCnyu2FXa264iEvvuJif3/M/93n8XyHeaXp6epg69c2U9ifGuyQ8elrt8eh7O9JNatfnY2+7W368be/umCZz3EIIIQ59+9KeebJVwGOfjxcKj/d87D7fzoB4YGA347TtI6kAFkIIIQ4jBgt61IccC5YYTIQhRFkPR2uctE8QVhgYGMTzNTPbj2DhCe9h8cJ5NDYowmoXr7zyMs15w5JT57Bxcy8rn7yLwf5NNOczRGEfoe1Ha2io16i4h7AcU5dx2bl9A0vPO48jZqdY9ewq1ry4gYsufj+lygClahEdhTg2xsfia4vjROjhetu5R03lsj/8M7TnEoYu2s3Q3JgnndKsfOJJtm0p09PVx2ARsB6prINKG4Kgn8iUiCzEpMDmcBQ4pHBjFxWDNQqNRZGUJ0ZqkFiXMDFonU0qi1UIOsIy/JfqRg1XAIO1IQ4RsQ3RNgQbE5t35sWJ/o2KO4Frpxxk4S/AesW9wCVTxw7EK4QQQohDSvUpfv5vWzj5sxdI+CvE2+DNVPm+VS2h96X691CuxBJCCLFv3mwV8Njn47V8fidWB0sALIQQQhxGjDHY2GBtjGX43howBoNBERCFIdXSIKlsmt87+xwuuOA8Zs88htde2cZ//vTf2bD+aaKoj4ZChnefuojfPvkwOweGeOKxe9mxrRdsisFSH45v8XyFiTQZzyWbyeC70D9Q5P3vO4s777ubTa/2cOH7L2HDuhfBBrgOKBRu7OFoi6MNroqxhFhCylWPTZtfIbLwwIMPM3XaLN61eB5B0Met/34rxb4qaa8BG2cxVZ903qd5WppsXqN0jHYiosgjigN8N42OHcAD66BIoVFYJwZiUCFGDRJbjVJpMBksEagYTS1cVIBFGY21FmMjjAkx1mBNhDHj9Lo91FU9rn9UQcZw1oSDpB4gxuUn/615Tlv+/tiDMJwWQgghxKQVl/+E24bO5uvnv2FsACHEflALZ8fe1+bB3gfBk9nWRNuTyl8hhDg87G0QO1HF7p4qfEdP29O2DlUSAAshhBCHkZxbhy3HqHyI51rCqEKlOEgqX0cqlUZZjdaao+bM4h//8Wts3bqVX/7yHq798lfoem0LKMv/+epXWLRoITOOnEE2l6evr4/cYInP/K+/oVgcRCkHrTXVapmnVz7FY489RqVSIVAZPC/Dhz96CdVqhm0bBpnaNpP5xx7Ld7//Peo9l0ip4fGJwcYRuUyWSrmE66YJI0V50DKwM6S3t5/X1m7jnNPfR1PddL7+9X/HS02jrhASVA2O5+PVpQltRGwzDBQNSvnENkJrl3y6QCpbj6N9BgeHMDampaWNzZs3k0mlARelm9FOA0FcpbtvEGP6qAwVsSagtamR5qYm+np6yPhpMlmPKNAUB6qk/AxBOUBZheseyuUqHt/5Z03vHMu7Z1rSQH+n5j+eUtxpLN+6LBp3LNf9w+XOWxwea7CcdpSlHqj0aO5cqbi5BFf9fswFb3rMQyGEEELsf6u458YB8nXL+c63lrP07+7i/Q0H+piEEKNNFN6Ovkg++vl4Vb5jQ+Cx25pov0IIIQ5fu6vAnSjU3VMYvLttvxNIACyEEEIcRoJSlVxjFkdpgqiM1tDYNgWAoaEhPM/jlFMW8NGPfpTvfPNbPPbYYwyWiqRSKfItDQwOFPnPX/wXd97zS84480zOfO972bx5MzfeeCNbNm0e+SIfhiHKJI+11tQXGgjDkMFymd87/33cd999hJWI9pY2+nq6eXHNarLZLBnPI441lUoFG0dYa0mlUqRSKQYHLWE5IqpYKuWQBSctIJvOsXHda+zY3k8uD57nYaxOKppNFWMMG159lXw+SQOr1SpBELBp4zaUUhw5exatra0oT7Fx83rq6xsJw5BqtUqxWKS7p4ehwQG01qQ8n6BaJptK46cLVANDLltA2ZhSqUxcLZNJZSkPFtFO8kEyDg/lNsSWk2bA9S9qbv4tbAfaffj9ow0PvTfi1KYD+doMRx7lcO9KzRd+BxsBXFg2xXDHZTEXHIytqYUQQggxKa/84NPcQDNLr/oPvnOpVP8Ksb+NDXjHqwIeL/gdGwLvbrujp9XWHTttLKkAFkKIw8NbNRbw2PvJPB7vfrLHdDCSAFgIIYQ4jKRSKdLpNK7rYowhCIKRL+rpdJrp06czY8YMNm/ezAMPPEAYhuTqsriuSxRFFAoFVq5cyYknzaepoYFsOk2pWOS5Z56hqaGBVCpFFEVgYpTWeI6TTAsD4ijiiCOOoKm+ntWrVrH0jNNpbmrmP39+O0319QRxRCqVplwuJ4FrKovv+wyViiMXC+rr65k1axb/dc/dfOITn6A0VGH58uVYa/F9H2MMrueglKJardDb20s2m6W3q2vkdTtKoYjJZXMU+3oo9vXguh51dXXs3LGN3t5eytUKYRhijEErS6VcIg6qpD2funwOx3Eol0r4roOjLEol+9fKYowhk03jOH5yLg5ZEWctizjrQB/GuAwnLany/SUH+jiEEEII8daaz188/jR/caAPQ4jDxJ7G/B1v2d2FwPu6Xxn7VwghxGTszVjAY+8nO+3NHMvBRgJgIYQQ4jDS2NhIpVKhVCollbn19VhrsdYyODjI6tWrGejvJZVK8a1vfYsnnniChx7+bzo7O6mrq2NosIQNQ0444QQWLlxIWK1y93/9F57jMDAwQBRF1NXV0dzczNBgiYGBAerr60m5Hu0drSxeeApDQ0N88A8uJYoiVv52JU8//TQdU6bQO9CP4yThbe0+CAKMMRhjSKfT5PN5qtUqDQ0NtLS08Nzyh3jqiSdAOwxVAo455hiKpUH6+vowUUihLkdraytRFDE4OMjQYJE4jsnXF+jv3cmOapV0Ok1TUxOZlEsUGV7dsJ5KsQiOQzqbpbGxkXwuR6k0RMvUZtpb2+jd2UVDIY/WEAchDuD7PnFUQWmIoog4TsJgIYQQQgghhDiUjFcFPPrxRCHw3lQBy9i/QgghdmdfxwIe/XhvA+HdbetQJAGwEEIIcRjJZrOUy+WkRbNSGGOI45hCoUA+n6dSSapmb7rpJjpa2/iTP/kTfu+8c1m+fDn/9q//SlNzC3EcM/eoObQ2N/HEE0/w2Ir/y+c+9zkWL17MM888w/3338/zzz/P4MAAf/M3f8PSpUtJ+yk2btzI1q1bOfaYoykNDvDSmhc55uijmDalgzvu/C+UUmQyGbTW9Pf3U+zvxUQhzU0N+L5PNpulpaUFrTWnn346XV1dvOc97+Hiiy9m2oyZvLppC//8z//Ma6+9xlB/L/mGArOOmMH27dsJgoBSqcS0adM488wz6ejo4Pvf/z5uymfmjOk0NDRQqVQ46aQTuPGG7/Hss8/S3d1NKpXi6quvpjo4xKeu/jwf/INLSHkeD//3cpY/+GtmzZwFNqZ/Zzd9vTsJggq+71OtlkmlPAqFwoH+kQshhBBCCCHEhCZTBTxR++Z9qf7d2/0fyhfehRBCvD3eTCXwePd72va+LHMwkABYCCGEOIy8+uqrFAoF6uvrCcMQay1aa4aGhiiXyxhjcDS4rksYhvzDP/wDs+fM4txzz+XL117Ld771bXzfp7m5mQceeIBf/OIXnHvuubzvfe9jxYoVzJgxgw9+8IMsPPlkli1bhud5XHfddfz2qZUsXryYL3zhCyPBs+/7rFq1itWrVzNv3nF0TJ9Bf38/PT09aK3xXU25NIhSiv7+fhoaGmhra6NYLPKBD3yA6667jnknzOfkk08ml8txzDHH0NDQwGc+8xnmzTuOVc8+zVevvZYZM2dy5JFHsviURZx22mkcPXcOxhhmTJ/Kz37yUzZs2ICr4Pjjj+eTV13Jb596gkwmw7sXn0JPVzcL5p/I+y76AKctOQNHWR599GF++rMfk8tkuHjZRXRu3cwjDz1M146QxkI9F/z++Wzfvo3Vq3/Hli1bDvSPXAghhBBCCCH22kTB7N6METzZ7U6mBbQQQggx0fvLnsYEHm/aZKp8D5WgdyISAAshhBCHEaUUnudhjKFSSca5raurQ2s90mrZdRRhGNLX10d7ezuDg4PcddddTJ8+nQ996EOsW7cOz/N46qmn6Onp4eMf/zjPPPMMp5xyCqtXr+app57CWkupVGLdunVMmTKFpUuXMm/ePFpaWti8eTOdnZ1s2bKF1tZWLrzwQoIo5KlnnmXz5s0EQUA6nSab9ncZp7i9vZ3Zs2fz6quvorWmtbWV6dOns3PnTu5/4EH+xx9+jD/7sz/jqaeeoq+vj1MWLOTiZRczffp0lixZwnHHHUdfTy+P/+YxWltbWXzKKaxZvZqO1lYWL17M4sWL2bj+ZVobG7jnnntIp9MsWbKEaVPaOH3JaWzY+Aovr11LX18fpy5eTGN9HmLDC8+vpjQ4wOmnv4fZRx5BT/dOnl/1O7Zs24zrykctIYQQQgghxMFtsmEv8KZbP+9pf6NJICyEEIe3fanGnUwr58mEwO+EUFiuSgohhBCHkVQqNTLOhed5ZLNZjDGUy2WCICCOY0wc4nken/zkJ+no6ODhRx7ihRdeIJ/Pc8IJJ/Daa6+xs7ePUrlC184e7n/gQc477zxu/887ePjhh3nllVdorG8glcpw4oknonBY/cKLDJbK/N55F3DTv90C1lKpVCgWi/T29rKts5NtO7YDUF9fj+d5KKVIpVKEQRJU+77P1KlTsdby29/+lra2Nnp7e1mzZg2/feZZBgaH2LJlC48++igdrW2cdeYZzJ07l82bN/O73/2OXCaLtZY1a9bw7W9/m09ceSUnHj+P1+rybFj/Cp6ryWVSPPPMM0zvaGfevHk0NNRzyoKTeXXjOnLZOhrr61m/bi2vrt/AjI6pnHbKKZx7znvZsuUoNm18lYcffpjOrVsol8s4jiMBsBBCCCGEEOKQtrsWzRONBby7x+M9F0IIIcYz2feKNxMCv5n9HuzkqqQQQghxGLHWEkURYRhijBmZZowZGYP3PaedxV//9V+z/uVX+MY3vkFX9w7OO+883v3ud/N3f/d3nHjiifi+j+u6FEtD/ObxJ3jokUfp3r6dGUceydxjj6O3t5f77v819//6AXzPw3VdFnV0YJTipltuwXdc8vk8mUwGx3GohAF1dXn6+nqx1lJXV0fKc+ja3omJQ6rVKsYYWlpaaG1t5a++8Hl27NjBQLFEqVTC9VP09A0kLawdh+3dXfz7bT9m584dYAwtrW3cdNNNVMsVAGYeMZ0bbvgXPM/F0ZpKZQhXaa7+/Oc49+xzeOihh1i5ciUnnXQSTzz2GI9+8xuccNLJFPv6efmltcyYNoX/9Y9fpz5fx0033sijD/032lE4jkM2naJQKGCVIYqiA/njFkIIIYQQQohJmUzQW3sMvKEN9Nh5E4W/e3tMQgghxJ5MdkzgvZ03mf0czCQAFkIIIQ4jruuOjMEbRRFRFKGUwnVd6urqqK+vJ51O8+STT3LbrT9iyZIlnHTyfLZt28YPfvADwjDkhRde4PgT5lEqV3BcH89PE8WW4048if7+fja+ugnHccBa0uk0g5UqR0xvo7Wtg87tXUSRwfUcDBqDxtEuvg/d3d0j7ah37NiBsjHVapWmxnqMMdTX19Pa2sratWvJZrMce+yxtLVPwXVdtnd1s/G1zaxduxbHcXEcB2MMhcYWmurrGRwcxPdTpNNZSqUS27ZuZ/acI4mqAa6jOeWUBZxz1ntZvXo11/z9/yYKQi699FLyuTqMMSxaeArK0TRMm8oF557Deeedx/pXXmbmjBmUBvqT6uQpHZTLZSBppR3GgbQsE0IIIYQQQhwyJhsCj30+Xihce36oXSwXQghx6NnbsYEn+3yy8w5WEgCLt9XZV/4Nl8xJU153H1ffsOJAH44QQhz2tNZ4nofv+8RxDEAcx8RxTLlcxlpLb29Shbts2TI2bdrEjTfeyGuvvTZSORzHMffeey9+Nkvb1GkUi0WiKKZzRxcAqUx2JGjGWFCGyMCal15m/cbXSGXryBcKpDwPAwRRDFjyhQJ9vT1YaykUCviez6mnnsqRR8wgn8+zYMECoihi586dLFiwgFKpRP/AIJs3b2Z7VzfFUpn29naq1YBKpYKJQeFglUsmk8UCQRihlENdPk9f7wDTp07l3e9+F+1trfzirrt54jcrqC8UmDPvSGbOnEkQBAwNDZHOZlGOpqWlhWnTplEqDnDt//k/fO1r15LP54njmL6+Pnzfp1JJ2j+jLVrrA/azFkIIIYQQQoi9tbchMIwf/I5+XjPR9H0lf3ArhBCHtrc6VN3XIHhPx3Iohr8gAfBBKZNJUx5uUTlZF/75Fzl/pgtbV/Cpb983wVKNXP65z3JaG7sPZBd+lC9fNpcCXTz21eu4bedsLv/Lj3Jah8vAi/fxtzdJkCuEEIeqnp4eGhsbyWQyu7R+dl0XYwyDg4M899xzvPzyy2zbvIXm5mZQljiOcRwH5fvkcjm6urqoRhYvlyeXyxGVShilSHk+juMQBAHF4gCFQoEotmzauo3tXd0EQUAYG6phhBqu1FVK4bseSiWBae1DleM4NDY20tPTw7Zt21izZg1hpcqWLVvo7u1Ba40lWV45Lr19A+TzeRzXxfPTOG4y5rHre2QLBUpDRYKBAO04pNNpwjDkveecg6s19/zyV6x96UXy+XrSmTQzjzyCxuYmdnR3EQUhsVfFRFDs72VgoI9p09/Ft7/9TQZ6+ygNDZLyPcIwxHEctNbJWMuOXJAQQgghhBBCHHr2JgSuTYO3NvidzHepQ/WCvBBCiMnbl9/1kw2CJ7OPQ/m9RgLgg8z0qR18+so/5ud3/YonVj4z6fXufrWL82dOgZaZXAjcPe5S72JGS/Io0zaLRaxg5ThLzT2+lQJAbxcrd+7tKzj4zD3zYs5ffDwd/Q/ztz+Q8FoIcXgbPSZtHMeEYYjv+6TTaQCCICCOAqrVKs1trcOhcAnHcWhuzOE4Dlu3biWTy5HO5ggslKsBjudTrVZRRBAERNWAXCZFuThAOp0mqFQoDxZJp9M4CqrlITQWx/GIrSH2XJQNk8A4iqhUhvDdOn75y1/ip1wwllQqRTabHQmjtdY4ro8xSaBcX1/P0NAQmUyGQqHAUCVgsFSitb0dG4cMDQ0RxBH5bJZyucRll13GlKntrHjkEZ7/3SoymQyZTAZjYo6eeyzZbB2PPrqCXC6XVPNi6Ozcyr33bmPVc88wOFAkikKiIMBxnJEQPTmeAFM1xMQH6kcthBBCCCGEEPtsTyEwvDGkHX2RfLxK4bF2F/IeyhfchRBC7B+Tea94M+Huof5eJAHw2+y6r12z2/mfuvqLI49r4W8mk+ajH74EYPIh8F3r2bxkCtP9VmadATw6zjLnzaS91oky38rJR8PKl8cu1MiijkYABra9wFoA1nPbN6/htskdyUFn+rHHM7ctTbl4oI9ECCEOvGw2i+d5SXjqOHheCs/zUcoZrgZ2UNonipMv4tYqUum6pDX0QNIi2kvnCWILsYJUFmMMvlbkcnncOCasDIGpYgcjCq6Lrg7ixwGhtahKQGvaw6KpVocITYzjemiVIp1OY2yE53i4rksUReRyOUqlUlJVqxwsmtjERLGlUirhulUymQypVIrBwUEqQ4OE1TKpbD3az+B4Ps8//zyeo3Ad8BxLqVQmk3Y564xFPPP0Srq3v8qMac1YqwBFc9MUGhub2bBxE7+699cceeQR+CmI4xBjDI7j0N3djbWWMEzG+XVdF8dzkqpq5WIsWBSumz6wP3AhhBBCCCGE2Ee7C4Fr82H8IHeiMHiiZYQQQoi3ylsR7L4T3qMkAD5IjA5/a/YuBH6STd1LmN6WpmPOfHh01RuWOP+oKXhElMsumUwj7Qsa4eXeMUvVqoQrdK574zaEEGJf1f4gZvQfvoj9TylnlxsHxomFAAAgAElEQVRorFUjN9CABWzSWnn4s44xZnjM4OSLu1YKA9g4wtEaYwyVUhkbVFBRlZSCXCZFXdpHK0XGbyCVyhBj6R8oUhqqoLXGKI/YQqVcxtGMVPba2FCtBlSrAaDxvBSpVIZUKoPnpairK5BKpWhqaqK9vZ3GxsaRixPpbIZcoZlcoZlUKkV/307Svks245JNuygbsX3rJuYdfyxhUKa9tYVUKoWJLa2t7Rx7zAls395NLlfHP379m8QmpDjYA0TEcUypVKKnp4eenh6KxSJDQ0OUy2Uq1WD4nCUtta21KO0cgJ+yEEIIIYQQQrw19hQC15ap2VMYPB4ZOkcIIcTeeCvbQr9V2z8YSQB8EBgv/K2ZfAjcy8rOXk5ra6Qw5Xjmsmq4erdmCXPbXaCLtetcTjqhkea2hcCDu27mjCk0ayDoYsN4VcRCCCEOabWAcrwxmWpjAtfGBa6Nx1ubt8s2tMaaGBNVMAriOCKuVnBNRM53aczlKGTTpF0H13EwJiKolqkGESaKk/A3jKiEAdUwwhhDPp+joaGB5uZmmpqaqK+vJ5/PUygUqK+vp66ujkwmg+d5lMtlBgYGGBoaolqtMjQ0RHd3N6VSCeVogngD5SAZU3igvwdMhIkrOCom5TvkUi6zZh/BYyt+w/PPP0+lNEQul+Oqqz7B448/zjPPPc+rr76K43jk8zk8HzJZj2w2Sy6X4+hjj6GtrQ3P8+js7OTFF1/kpZdeYvv27UmFtQKlNead8XlRCCGEEEIIcRibTAg8etmafVlHCCGEeKu83UHxwU4C4ANsd+FvzWRD4LUvdDEwv5FCYyuLmmHt6PF7F86iIwP0dvHI8y6zTmik0DqDs4HloxZbNKeNDED3a7uMI3z2lX/DJXPSdK78Il/+6ZgdN8/nkmVnctpRrWSG/0WFpS7WrrxvTAg9ufWee+B2Np1wBZfMSVNedx9X3zB23N5GFl30fs5fOJuO3PCKUYXOV37LfXfeNzJuce2YazJzzue6r50PMGa7U1h62cWcf1wrhdqBmIhy9wvc+4+373J+hBDiUDde+DuR2pf12v0uX/qVwUZJRSzKYqMYFYekfI/6TIrGfI58Jo02MUEQMNjXT2//AJUwIF2Xp6m1laM7ptMxbTrTZ8ykvaONXC5DLpcjk8lgraVYLNLZ2cmmTZv43e9+R2dnJ8ViEWMM8Pp4xlprrLVJC+hKBe06DFUNlRCampqIoyomCnC0JZ/zqMtlicIyN1z/A845+2zOOKOR6lCZ97zndHK5PP/+Hzew5oW1FItFgiimra2FTNphqDxAGIakUikKhcLImMHTp0/n6KOPZtq0adxyyy0opfA87w3BuRBCCCGEEEIcqnbX7nlP64wm35GEEEK8Hd5scPtOCn5rJAA+wC79wPt2G/6+vtzvs2r1GsrlysQLPf0Cm94/l3n5Vma8B7jr9Vlzj2+lwPC4vk/n6Vw2l0KmjbkLYfnTtaVmc/KUOgA6tz45uRfQvIRPfeJ85uZJQtPeXvqrLvUtrcw784N0jO0wPXq9Pz+fubk3rrdo2RVM3znBeszlQ5/5IEunpofX60rWa2uk49gl/NG0Vgr/8COWAwPdXXTm0nj5VppzQKmXzmISFpS7iyPbu/xzl3Famwumws7OXkKdob6pjkzbFDomdxaEEOKQUavwHfule3RlcK36txZg1m67TI8NjgLXVWAMjgupVJq6jE825RJWBtnR28VQqcQRM2ay5D3v5sT5J3Pc/Pm0tU/BaE1/qcK2rm42b9nKls1bWPPi86xbt46NGzdS6ukBpVCpFFOmTKGhoYFUKgVAsVhEKUUcxyPj79ZaLkNyQaGxsZFUrkAURRT7qwCk02kKhTwN9XlMHNDfX2LFbx5n8aKFzJl7DI+ueIy7776bnr5+Muk6mlqacf00KEO5UsKiyWTrSKfTxAa2bO1kaGiIbZ07KA4mFcSxgTAy6CAaqagWQgghhBBCiHeKfQmCx1tfCCGEOBi8k9+XJAA+wP7lltv4i6v+mGlTJo4ay5UK/3T9TbsPfwF4mrU7LmBePk37EefwenvnRhZ1NDJ6XN8NXecwd2YdHcfPhqfXDy83n/ZGgF62PzNRcjtaI5d87Bzm5iHc+QK/+Ncf88hIcDuF8//4Y5x/bN3E6+UmWO/KK7hwzvih+GkfvzgJf0vrufvGm7lv8/CM5vn80RUXs6htLud8fCHLb36alT//ASt5vRK43PkkXx5bTXzemSxqc6G4np997+ZRx9HIooveRWESZ0EIIQ4l41Wljhf+KqVGxv2thb+O42CtJY5joijCxFVUHOJiyaZTNNVnmdrWypFTp3L0nFkcf8wxHDljJlEUMTBQZNv2Lpb/+n6ef/El1r26ie07++gbLFGpBhhjyOYygEFrTWNHx0ioW6lU6O3tpa4uCV/r6+uJooihoaGRKmDP85JxfI3BcX3KYUxfTy9hGKJsTCaVQmudVAkPlcll02hr2bjxNV544QUqQ2Vc16exuYmWtg4cxyWOYwb7e4jjGD/lkHJdrFUMDVUwxuC6Pk1NWcIwZuXKpwnDENd1iWNLEEQjYbsQQgghhBBCvNO82SBYCCGEOJDeycFvjQTAB1i5XOE71980YQhcC383b+2c1PaWb+jiwjkz8JpnsBR4BIB3MaOFXcb1vfvVLs6fOYXmjvk0s56dAOe10gxQ7OLZlyexs4XvZ9FUF8w2HtslxAXYxn03/YIZf/1RTmrcy/VuuH389TifpcfWAb0897NR4S/AzlXc8tB85n54LoUZx7OIp1k5iZdAQxoPoLhtzHH0svKu+yazBSHEKKcuWgBMZtzyt2Y9sfc8z8NxnJEPOeN9aa+FvcVikUwmA0AYhoRhiNaaarVKY2M9s2bM5Yjp7bQ1NzHniCOY2t6G72gq/f3s2L6NJx97nId+/SCvvPJK0r65XKYSRmgvjXJTpFyHxkKeMAarIDbRmPGHHSAJrIMgolQqE8cW3/cxBhzHw3E8XNfFcTwgqXAOKxXKlZAgCPA8D8/xUFiUAcf3yKQz+J5HuVTEWksul6e+0AxAOajip13K1eSPrrJ1OaIoxNqYIDYoY3EcB+16RHFMabA0cl7TuRRBEBAbSxRGSUguAbAQQgghhBDiHWzsBXQJhIUQQhyMDofAdywJgA8CE4XAexv+AnD/a2w/ewbTc43MPRoeeRk4bybtml3H9f3NNjrPmEJHyxSWAncAZ89qxQMGNq2aVHjaPDdpKx1uXsvPxm3ZvJb1PRVOaky/JeuNvI4dG7jjhXFWW7mNnRfPpZBvZC5MLgBe38vAolYKU0/hby8b5Ge/XrHr2MlCiElramwYGbMcJh/mnrpowch6L6/bQE9v39tyfCKRy+VIpVK7hMBxHI9UqxpjCMMkPK21WS6Xyxhj6Ojo4NRTT+W4447jqKNmU5f26O/uZN1LL7J8+XIGenYSDJVwjMFVYOOIuBqgtcZxHPK5HGkLoYUIh8haHJKW0pEdDn7VcJVxZIgjM1yVrFFogmqIiS0mtq9PVwprIBzVctnwetvqKIpQ1uI5GmMs1UpEWC1SxGJtjHbAiRwcJ8bxXLTrEkUxDI93XKpW0CQtr5PzZYlNDCSV0QwfbzWIqAYRSqmRqmQJgIUQQgghhBCHm9EX2CUMFkIIcSAdjqHvaBIAv80+dfUXJ7Xc2BB4n8JfAJ5kU/cSprc10r6gEV7uHQl2dxnXd+cqtvcupKOxlVnnAffPZ25bmtFtovfkpPqkKmygb8NeHeG+rjdSrdu2kL//2sK9W3ciK+/hvmNbuXh+Ix0Lz+dTJ5/DwNa1PPbIfdz97GTaYAshanp6+/jRT+/gox++ZCTQ3VMIPDr8/dFP75Dwdz+otXmGJPgNw3BkWi2sdF2XfD5PFEU0NDRwySWXcNFFF9He3s6GDRt4/PHH+eEPf8hLq1dR7NuJsgZPQV06TT6bIZdycT0XBwftecmXfmMAhQGwkGSpGoMhxqAtKNdNgt/httO149VaAwxXAgeEYTjS8rnWJnr0OuhkHdd10cOvO45jTJSEvliDMREYi1JJRa+X8kmlPVwvqSi2WmGsITIxNo4BcEa1ya7tqzaecu2+diy18ykXPIQQQgghhBCHq/EuvMt3JCGEEG+Hwz3sHY8EwAeRWgj8//zR5fz8v365D+EvQC/3vdbFaW2tdEx9FzDIvKlp3jiu73qe3TbISY11dMxaAs1T6MizS5voSYv2LSgNg/V7Xmg8pV46i9FuFuhi8kW8vTzyo2/xyPRTufz97+LkWa0Uph/P+ZfP5bSTH+SbN6/Yi20JIWqB72RC4LHhr7R/3j+KxSIAjuPsMr5vbRokoebg4CCe57Fx40Zuuukmbr/9dkqlEl2vvYbO5TBxiOMofMfDRhGVOEIHESkvJpv2cXQKrUKCMAZjkx7PWBwUVitcFEZZHJKbwRJHFlAjoS4wUsVbC1mVUsPj7MZUq9WkwnfUB7xaRXAcG5S11C4tWCzJUhqsTe6xxHGEMTGGKgZLylpiLMpRI5XJWINSOgmuGb6ppHI5tmCMHb6ZkWpqrbVU/wohhBBCCCHEGHKBXgghhNg/JAB+m133tWt2O79WITx2uc9/5hPjLjcZO5/pYueiVppbZnLhwjIdGcYd13fluh18+Pg6Mm2zWPSefDL+7+g20XsQDV/XztYfD6yY9PHV1qtvXLJX61EeDn2LG/jyN38x+fUmY/MT3HbDE9zGFE5bdiGXLJlB4fhz+JP3r+Cr97y1uxLinW4yIbCEvwdOpVIhlUphrX29Sna4wrZWseo4Dr7vU61WSafTVKtVuru7AahrbR1eJkscJ+Gs6/soa7AKAqOphhbfNbhWY9FYZTDD1bHGJFGsQaGswlHgKkA7xDYJgEdaOQ8HqrUxiX3fHwmpa9XLQfB6i2mtk1DWYInMcOirnHHOggZrwILrpEiyXUMcW6pRjKtBq2R7CoV1NBqNM9xyerwxruQihhBCCCGEEEIIIYQQ4mCh97yIOOS8/AKdRcBvZe67k/F2yzs2vHFM3Ec30RkA+UaWzmoFxrSJ3oNHXu0iBDIzjufC5nEWaD6Hk2ek3zD5kc6kYjgz43jOH2/DE6zHi8OVvW1T+NB4+3tLbOOxO3/AvesqgEvz9CVv146EeEd7YuUz/OindwBJEHzqogUj8yT8PbBqYWrtNrq9sh0JaQ2VSoVKpUI6nSabzeL7/siylUqFOMlPiY3FKBfluBgUYWQII0sUD4evjouxaiTMjaKIKAowUQixQZMcj+vq4ZbOPko5WKsAjeelSKezpNNZPC+F1i7GMHKzVmEMxLEduSXT7ZjXBNao5GZtsh4KtAKVBNWRMcTGYIbPk9IaPXyOknPlorWL43g4jjfyXGsX0CjljNxGPxdCCCGEEEIIIYQQQoj9SQLgd6RVrN1RAdJMn5oHIjo3jFdp+yAbugHydDS7vLFN9B7c/wIbyoA/g6Ufez+LRoeyzfP5oyuWMMsfZ727VrF2eL1zPrMX6738IM9tjUBP4bQ/uYyl08fMb57PJVd+lr+8dNfJy3uTdqeZhinMHbPKoos+yIcWTRkztZH6VFIcP1TcNs6BCCEmY2wIXCPh74GlHQelNSiFsTYJPIdbJWvHScbA9Ty045AvFLAkgW+5XE6qfYfHB4akYtjxPbTrYNAEkSGIYgJjia0mHg5WY+sQG00UK4LYEEVJta21FqsYCVhTqRSe5+F5Hul0mnw+T1NTE4VCAa01Q0ND9PX1UalUiEyMdh0cz0U5mtgawjgitEmAmxxfcozJWL9qJPx2HR/PTeH7PtYq4jh+vR221bjKxdEujnJwtEYNf1xSo8YAHlsJXHs8enotfBZCCCGEEEIIIYQQQoj9SVpAv0Mt39DFhXNm4PkumG1suH/85R7Z2sXZU1vJTNAmevdWcNvyo/nL359NYeqp/NFfncQl3UWGyFDfUkfGdLF2c56508dW806wnpenuT6NN+F6vdxx64NM//Pzmdt8PB/69DVc2N9FfxnI5GnOp/E0dHaPWe2ZbUlL7Ob5fOrvZtBZ8vB6VvD3N62gMHUuS8+Yz9I/qLCzu0iIS31LIxkXKK3nkfv2cZxiIQSwazvo0ST8PXCqJsK6GutqjKOwriaXzaG1plKpUK1WsdbiOy5hGCbj7gKu66KUGglKjY0wNkZFgHaSEXWVJbRQqoRoFRCmUzjKJ7AxkMIow1AwRBiGZLNpXDf5a59qEBBag6/NSAAcxzGVSoVi/8DIOL+u65LL5XAch2oYJO2hHQflJK8ljCKssniug2scfAvKkpQqGzDEbzgfjutgrcZGATrWeHikSOPhoawCDFbHKGIgQiuNVsOhrgLHsbhArJJbEESgkyA4srEEwEIIIYQQQgghhBBCiP1OKoDfqe5fz+Zg+HH3Nh6ZYLGdzwy3VWaCNtF7sPPhm/nmj1ewekeFkDSFtlY6WlzCrav42feuY3V1L9arh/Ie1mPnCq7759tZ/mIX5Qgy9a10dLTSkXeJitt47oHbuf7nY9Z5+XZ+9vB6dgZArpGOljQESVXw5hfXs7m/QqjTNHe00tHRiBsO0vniCm7555tZvvMNRyCE2EujK4FBwt8DbbwqVqter1ZVSqG1RnsurpvcRreKhmRZjKWWg1priYereYGkFbSF0ChCawljCK0iQmO0S4SiEsVUwohqFGOVxvFcXN8DrQjjiEpQJQxDrGKX47Bx0p66ViXsOM5Ia+laJXEYhlTD8A1toK1Vw7dR04bbQoMebjs9fC5iCwaINZhkunaSm9J25L52q81zXDVycz2N68lHLSGEEEIIIYQQQgghxP4lFcDvWA/yzf/3wT0v9vKP+fur97zY8hu+wvIJ5u189j6uf/a+8Wfu43pn1x6YaJwVV3HHTau4441zJrT6nptZfc8bp699+Md89eG92JAQYp+MDnwl/D2wlFJvaE1sa62gjcFaOxL42uHWybVguLYskIS9engaSaWtUgqLwmCJTEwQR/hKU44CbGzQWhNhibBgYuIwaf+sXQc/5RNbQyWKqZYrBEGAshbHdfA8D0fpZPuxgRAclbSxroXRzvCYvWYknLagGAmlGWkMPfpkGGIsFovB4uhkeYMltgZjkteqtMXRCovGWEXtf6CS/2uFwqDRaPP6eTZJsv7W/xCFEEIIIYQQQgghhBBiNyQAFgeh2cxuSto/7+x84gAfixDirSLB78GjFgDXAl9jDHEYEYbhyPwwDCFO5o8NMZWqBaBJrGqGw1alFRpFbJMAOIwjrNJExqCwWGuIrRkVssYoY3ANaGvQ2sUoMI5CORplQbvuSBgdxzEaRaFQoFQeIqgESXjsJ62kwzhKtuc4aAuxGX3c4wSx1lLLh622WK2xWmEUxLw+Tw1XCitlUYqRW3IeSaqK0UnErN3knCmFVUm4LIQQQgghhBBCCCGEEPuTBMDi4LPoPcxqBOhi028O9MEIIcQ7y0jb5+FQVymFGa7+NcaMzDfGoIbDYTVqXcY+thZDMqaEUgoDKCzB8Li9aBcv5WNjQxRFRMZgtQLPwRpDEIVUwoCyjdChT2xIqnwVuFqDTo5Hew6uBcdxcByHKAgJw5CU1vjD4xNXq1XiOMb3/WQMXjVO1S+wSzWwSp4rpXFcF+1qlJOEt6+/cD0c4yqSrFsN58m1CujhoFdplNZJsKzU8GwJgIUQQgghhBBCCCGEEPuXBMBvs09d/cW3dLl3isv//LM0b3qYO+58ms2jpk9fdDF/eNFcCkB53dPcJ2PwCnHIuO5r17wl2zncfh/ub7WxdB3H2eVxHCaBbW26tRbiJBCuVQCPbRsNrwfIMaCdpDI4NgZrYnSscY0eruCFahxSiQJc18FNp5LW00GVarVKGARoa8Fxk3bOqKQ9cxSBtmRSKVLpFDY29Pb2Yowh7afwPR8VWyIToeIktLZxnFTzTpi91mYkwW8t9NY6Odba85rkOSild5n2+uPXz4fWr7fXtjY5N0IIIYQQQgghhBBCCLE/SQAsDox0I3OXXMznT7uQcn8v/VXI1jdSyCT/JMOdL3D37SuQ/FcIId5a6XQarZMgc3Sg6zjJWLujn8NwtfBwdXBtndHr1ULTarUKw2MHG2uJwhCNopL0YgYYruR1UY7G8VwiYyDSaNfFYEnnsvh+GmUsQ0NDVEpD1GWyFItFoiDAGJO0mI5jXKVJeT5WKcIwqQZWSkFsR7WtVqPGNVavH4N2kvA5jimXy2SzWdKZFEEQYIyH7/tYGxNFEdZaoigaDsq9keppY+zwcpYgCHAch1Qq2UYcx8PnBcYde1gIIYQQQgghhBBCCCHeRhIAiwPikYeeoLB0HrNb6sg0tpIBMBFhqYsNzz/JHT9/YpfKYCHEwU8qdw8NWus3hLh2uGWx1jqp5o3j4XF+dw18R1f91sYAjuKYOI4xUYROeWSzWYIgoG9oKAle3RTGGiqVClEUUVdXxxGzjqBcrbK9awflagXP81BY0uk0lUpAxk9RV1dHWKlirSWTyVAtlwmCgGw6Qzabxfd9BgcHCYJg+IUlwXAmk6FYGkS7Ln46RaVSQSlFJpMnjuPhNtHhyOvNZDJ4vkscxwBkMinK5RLlchnXdclmsyPjJLtu8pqr1SqlUom6urqR+bWQGBjZ1thKYiGEEEIIIYQQQgghhNgfJAAWB8Tmlfdw/cp7DvRhCCHEYadSqeD7PlprPM/DdZOPArXgN6mWdZJq23FaKNcCTa2Syl9tDKG1zJk7lw3rXqFrsEQunaEuk2VwoEhjQ4Guri6MMTQ2NlIoFFi3bh2l/n4ap3RQKBQYHBxk2ozphEFEsVIlKldJ+T4ZP0Xv1q34+QLTpkwBYxkYGAAgiiJia0hnMziOQxCF5NNpBoeG8NNpoihicHAQpRRtbW00NDTQ3d1NpVIhm81SKBSoVCp0de9AlzRNTU00NTWRyaTJ5/MopSiXy5RKJXK5HI7jMDAwCIDnedTX1xMEAb29vURRNFI9bYwhDMORMFhaQAshhBBCCCGEEEIIIfY3CYCFEEKIw0yt/XEcx0nQO2rc21rFb3LbtU30LuPeoij2D7BgwQK+8pWv8MRjj+P5Dg89uJzXNr7KCSecwHnnnktfXw/19fX86le/Ys3al1i2bBk7unfQ1NLC4OAgjz/5BJs2beIDF17EvHkn8MNbfsRTTz7J0bNmc/EHlnHXXXfx0po1HDFjJhdccAFzjzqaV155heUP/TctLS2ks5mkEjiKWHDKQr7xjW/guh6ZXJb/n717j7bsLOt8/33fd17Wdd/qlqqkiqSqyI1wC5dcwDRCQ1QkIDjQgzfsZgz0KOoQB8fjiBwPo+3RA6VbWhl9aBVb26ZpNNpBBA0mQkBCAlQSksqlKtT9vqtqX9dlrjnn+54/5lqrdoUgIGFvSP0+Y8yx91pzrrneOTe1alO/PM8z6Gds3ryZ3/3d3+UrDz3Arl27ePjhhwH49V//vzhw4ACNRoN/+Id/4ODB/bzjHe/AOcfRo0f5q7/+S8qi4Mfe/KNcffXVHDl8jLvuuos9e/bQ6yxTq9WqsNwYgoEyH9ApcgDyPB8Hwivvn4iIiIiIiIiIiMhqUAAsIiJyAYnjao5tURQMBgOKohhXBK9sD22MGc7R/fqiKKIY5Bx44qucmZ1l48b1nD19hs2bN3PDdddx6623curoYX7hV36Fbdu2sWfPHv7oj/6Id7/7NwkG/uzP/5zdu3dz/fXX88pXvpL5s/M86+JLOLxuP61Gk+nJSY4fPYr3nk/fdVc1s/cV38/nPvc5PvPZuynKglt+5Ed49atfzemzZ3jv+36XRrPJi1/8YihKnnjscZwxLC0ssLywyLHDRzhzapatWy+hWaszd/oMc5xheWERZwxZr8exY8d46KGH6C4ts3XrVlr1Bvuf+CoPPPAARw8fxISSdrOOMYbl5WXq9TppPaUsq5nB1losjjiuKoAVAIuIiIiIiIiIiMhqUwAsIiJyARlV/cK5GbXGGIYjfcfhb7Uxrgoe7Tv31VMMcpwxtFotHn/0MaYmXkK72eTUiRM88vBufvonf4rl5UUu3fYsdu3axfHjxzHGsHfvXpY6y8zOzvLsHTt57nOfy8f+9+2cOHqcFz73BZzcsYOFhQV8UfLGN/wIRw4d5ktf+hKxi/De4wmk9RpmMGDPnj3Umw1qzQZLy8tMr1/H0ePHKAdVNW6zXmNpYZ4H73+A40ePEUpPked0lpdZWpyn1WrhLDhjadYbbL14C/U04eTxYyzOL1DmBVu3XYzBU+QZR44cGc8lnpmeHIfp3vvxvSrLUhXAIiIiIiIiIiIismZM+C79l8l9+/axffv2VXmvd7zr3avyPiIia+31r7mJ2++4e62X8bT7/fe+Z9XfczX/nvpWHTt2jJmZmafct/F5NzI5Ocm6desoioKTJ09iraUY5OR5jvce51xVKewD3nuC91Xw6v2KELjE+6oKeLI9QVEUTLUn8KEgzwb4oqoubrVaLC0tEEKgnw+Ym5/n4osvpp8PcHHE5OQkjWaTudNnWDw7x0x7kqWlJUyASy+9lFqtRr/b5cyZM5RliY0iOr0u/UFWtVqupdTqdYI1zC3MMzU9Tb1er+YXZzm+LIiiiNOnTwNQr9ep1+tMT08yPz/P9PQ0g0GfPBuwYcMGnHPU63X6/T5FUVCr1Wi26lhrWVioriNJEkII41bPo3baoxbZo6pqqGYA3/6/PjwOhEVERkII580QFxEBfTaIyDd29uxZtmzZstbLEBERkafR4uLi035OVQCLiIhcQKy1JEmCc45+v0+32yVNU+q1GkmS0Ov1GAwGhBDIuj3SNCVyjhCqMLher5NlGT5YiiimV1qWziyxftMmllxMd7mPAVySMnvmDJPWkhVVtbBxlsb6TRw9vcD6zRcRp3WWc8/y/IBWfYoN6xOOfvUJkiRhZmaGM7OnxtW1IQQGgwGDssBGjnyQMRJV7cEAACAASURBVDU9zWAwoLu4SJQm1F1EtrhE2e0RjCfYQKPR4PjsURyGqakparUaZVHQ7XeI04hOZ4l+v08oPfNnzxJFEd3lZZyp7pMf5Bw/dAZXq9pk12o14jjGDe9Jr9ejVqthraXf74+fH1UEi4iIiIiIiIiIiKw2BcAiIiIXkFGb4pUNQEYtn0eVv6Nq3yiKMMZgrcU5x2Aw4PTsLK12u6p8DRaCIUqrFsxp7OgsLZKXOY04IWnWWFicwxpLmqZYa+n1uiT1lO7SMkVWkKYpuIiFhWWWTh2n3WgyPT1dhdFZH2st3nt6vR7GGOI4ptfr0W636XW71Tqdw/pA8AFrLYN+FxfHeBc4dvQo08Nq6MXFRRYWFphot6nVagz6GSZAkiTELgJrqdfrlGVJkiREUURZlqT1BjaKiNOEOI7pdPssLi5y0UUXEcUpnU6HPM8xxuCDpyg8GH9e+2wRERERERERERGR1aIAWERE5AIyql611o6DX+89ZVmOg2FrbbXfOoDxXNsQApNTU3S7XSLvKb0ntgkzzTadMydZ9gXWGlJbUnYHNJxhsDQP9TqBAR5HCvTmZvG1BhMbNuBCzvL8HCEfYCjpdAbEccz09DRpWoWrWZbhnCPPc/r9Hs65qgp5uO7Rlud51cK5WcMXBf3uAAaevDuoKp+jtGpF3eljvKHVaA6v2eAxeB84cfoM05NTdLIBZAOccyRJQuED3aVl8jwnTVPWbdjI7JmzdDqdcbg9mv1blB7jAhAUAIuIiIiIiIiIiMiqUwAsIiJygRm1KB59LcuSwWAAMH4+hIDPq/m5fth+ud1uc8stt/A3f/M3RInjZTd+H7U05U8/9CFmNqzjZ9/60zzx1T186UtfpAwll2zZwi/94tu57aN/we6vfIUoTbniiit4+9vfzvJih1OnTnPfffdx8GCP177+jVy6dRsLp8+ye/du9u7dS6fXrVo4Hz/OD/3QD/GSl7yEU2dO88lPfpIDhw5yyy238MQTT9Dr9XjTG9/Etm3bmJuf49N3/yMnjh3n0ku3c/3115P1M/7pns+z76tfZefOnfzAD/wAc/Pz/P3f/R2dTocQAp1uF2st7/ilX6Hf79Pr9Xj88cfZs2cPlz1rK89//vNpNBqcPXuWPXv2cPDgQV784hezY8cOjDHs3buX3bt30+v1xvd1dK9FREREREREREREVpMCYBERkQtIv98nSZJqFm5ZjquAR/NqR9XBeZ6Pg+AQAlmWsW7dOl71qldx55134pzh0mdt5eorr4KQ02jUeOlLrmWQdfnKg7tImm1+6Rf+T2q1Gi9+ybXMnT3Npk2bePvb384f/MEf8MTjTzA9vQ6AVqvFFZfv5PC+Axw9fIz9+/czPz9Pvdng8OHDeO+5/vrrsdbysY99jCNHjlAGz5VXXEm/3+dvbr+dPzx7ll/91V/lE5/4BA8//DCT7Qmmr5lg3cQ0f/LXf8quXbu46KKLuPLZVzI9NcMf/9GH6HQ6FL6kVqvRbLaot5pcumMHH//4xzl06BDLnQ7P2rGDn3/HL/H//Oa7OXr0KK9+9au58upreGzPE6zbsIn5xWWcc0yv28COZ1/BV77yFTwWjwXAB79mP2sRERERERERERG5MNm1XoCIiIisnlGFL4C1liiKxrN+gfPC4NHzIYRxq+ilpSV6vR5FUXD8+HHm5ua49tpr2bRpM0eOHOXs2TniKKXZmqIxMcnDjz3Oi6+/gete9nKKMvDEV/czNTXDD/7wa/mN3/gNXve6142rZp/73OeyadMmWq3WuOXzZZddRqvV4o//+I85ePAgv/Zrv8brX/960jSl16/WwXBO8aaNm8atmCNjSaKEmou54SUv5fLtO0iiiH/67Gf5xMf+hv/8e+/nRS96Edu2bcNay8nTs/SzjCiOueTSZzExM02OZ255kUcee5xOt0eapkRRRFEUFEVBvV5nx44dXH311XS7XT772c+eq54ezlEeVQKLiIiIiIiIiIiIrBZVAIuIiFxAzDAsdc6N5/oWRYEJ5/aNZv46qtDXAGmaUpYld9xxR9Uyush59NHHOXDgEKdmZymKgiufcyWnT5+mPbORjRs38qE//5/s3r2ba665htOnTnHizAJ3f/4+rr32JVgMDz36GA89+hiFh133P8j66ZlzM3eLgsjGnDhxgk2bNvHsZz8bYwwPPPAAjzzyCP1+n71793LmzBmSNCXPc/7hzn8YVzgPBgOOHznKI488RtbNaNaalGVg4/pNXHLxNv7iL27j8OGjzC3MU5aeyYlprI34+Cf/jvu++EW63S4hBJY7PT515z/wile9knKQMzc3x+N79hLFCfc/8CCf/szdtNttkiTh2ZdfwdGjRylKD0YtoEVERERERERERGRtKAAWERG5gIwCyVFl7ygENuFc+2drbbXfh/OqhXu9HnfccQcA3V6P5aW9OBcRjCMvC+a/9EBVJZvEnFk6wPzCAmVZct/9D5HnOcXAs/fAUeaXepw9fZpikBPHMRDz4f/5US5aP0MrrdPtdun3+5h8wNTUFP1+n4ceeoj777+fQVlgjKFer3PXXXcBVTg9GAz467/+a1qtVlUd3Olx7xe+wN49e+j1epTeE6xh9+4lHtvzKGUI1JsNut0OzWaTWrPBcmeJhx56kEAJNhC8Bwy7H3mE+3c9SLvVoigK+v0+1lru+/IuJicnOTF7uqpEHioCGKoqasW/IiIiIiIiIiIistoUAIuIiFyAVlamGmOww+pfa//56RCj143mAjtX0pqYwg8CeZ5Teii7PUoCU1NTJGnK0uIihe+C8cwtLVGr1ZicXsexQweZn59namKS9Rs2YPA0Go3xe6T1GgcPHmTbtm3UajW63S6D3gBrLVNTUwDjWcVRFOG9p9vtsri4SBQMjbhGp9utwueiIKnX8N7TWVwky3M2xBHNZrOqaB4M2LhxI/v278daS7PdInKOvCiopSlpu4YvSwAmJiZot9t0u116vR69Xg9rLY1GA2AcoI9CdhEREREREREREZHVpABYRETkAjYKKp2x4wrg0czf4SjgYS3r+eEvxtNqNnHO0V1eoNFuYawjbTSJkphOt8vRo0chBAiBtJ7SbNWZbDVpNBocP3yIyBmedfEW4shy5OBB+p0upvDEcUyWZZyZO8vExAQnT55kcnKSVqvFhJtgaWmJM2fOjFtZG2MYDAYURUGj0WByso0JFp/l9PMM5xz1WoMyeHpZD+89GzdtoNaoMchzvC9ZXFzg+MnjTE9P4wG8JwDWVHOTB3mfEAxRFJENChaOHqcsS2ZmZmg025RlSTkMiDEBY4fzkzUDWERERERERERERFaZAmAREZELyCgwHRnN/bXGfs3zxjz1DNswDHUJOa00ZsP0BiZnpinKwNGTp1hayGhPTXLt857D5PQUg37GsWNHmZ87QxRH+EGH5z3nCmpRTHd5kbOnTjHZSNl+ySXU08Z43vD84gKdTocQAouLi/T7fSZnprnqqquwkQPg0KFDLC0tcdFFF7F+/XqiKGL//q+yMDfPRLPFlks2c/jwYWxkaNZbVShrDVu2bBkGwn0WFhawsWXn5Tuo1WqUZcnJkyc5e/YsSb3GlZdfQV4Ejhw5VlUSJ8m4yndUeRxCGFdPO+dwzn2Hf5IiIiIiIiIiIiIiT+2f7/MoIiIizyijcHJU+fvkLYQwrgAGzguF4fwq4LzXZcvGGX7u3/4ML3zOFfzUj/8or37Fy7lo3QQXTU/yM295M84PeNYlm7j5lf+KFz/3OWSdJX7qx9/M9ks2MVF3XP/Ca7jlB1/J3OxJrr/uJdx0003cfPPNXHfddaRpOl5DkiRcfvnl3HzzzbzsZS9jYmKCbreLc44XvehF/NiP/RjNZpOJiQne8IY3cP2NN7BpyyZ+5t/8DGkj5fv/9ffzsptextS6KZrtBr/0K+/gBS94HtPTk5RlzuZNG/iJt/w4wRfceMN1bFg/w7O2XcJbf/InuOHG6wghMDe/SD/LcVFCFKdEcYoPBh8MGFdV/T5psy5e3R+wiIiIiIiIiIiIXPAUAIuIiFxARnN+V876HYW/I6OQ19iq1XN4ig2g8AVFURAnjnXr1lFvpPhiwOTkJFdeeTmxNTy0axf333cf+JzLd17GReumeP5zruSef7qbj/3FRzhx5CBX7bgMR0m7Wef5L3we23dexlJnkd27HyKEkql1U2RFxuTMJBdfvJm//eQnuOOOO9h1332cmp1lemaGTRddxN/dfju333YbjWabLZdczMHDh/jCfffyhjf+CP/6Na/m7Pwcux99hHq9jnGW1kSbTqdDt9slSRKmpqZ461vfyuzsLKdOneLYsWN8/vOfZ3Funuuvv55LL70UYwydToder/c1gXkURU8ZqouIiIiIiIiIiIisJrWAFhERuYDUkhqRjTAB8AETwAQIhPPaPVtrKfOcsizHs3a995Rljvceay25dXSiOv1kinRTylwRUd+4lfj0EkdOL/Gq9Rfzq7/+btZPz/DI7oe5+647yXPDZz97D7/4C7/MuslJFuZm+czn/ompmWlcEvG3n7idTZsv5rKdl/Hm/+PN3HHHHWRFRlpP2H/wABddsoX/97f/HUePHuX4iZN84hOf4IkDB3i5h99+/++zceNGDhw4wMO79zJ7eoE77/os/+k//ScefvhhHn3sqyx3BhSlYeOGLdTSFs++4jnkpaHwcOjgEf7rf/2v/Ju3/Vt2P/IYLkp4+fd9Hzaq0Z6YptFosLy8TBRFbN26lTzPybKMWq1GFEUURQHwNRXVIiIiIiIiIiIiIqvJhO/Sf5nct28f27dvX5X3ese73r0q7yMistZe/5qbuP2Ou9d6GU+733/ve1b9PVfz76lv1bFjx5iZmXnKfVueexMTEy2mpqbIsoyjR48O59kyrmQdVa3mRYb3HufcuGK4LPOq6tUaolqdKK1jTcS6detotCeGIXGJwZFEEUnkyPpdFs6cZuHsWYpBlwhPREliDY16DRc8Bw4eZOeVV3FidpY8z6mlDYyzLCwsVGtylqLwlCHQbk8yPbOO2dlZlperNtDtdpuJqRmOHz9eBbHeYwpPHMc0m03ml+ZJ05QkSQiUTE9P45wjiiIGgwFFkVOv1+n2e7RaLZaXF/HeMzU1RVpv0s8KFhe7WGtptVokScLy8jJxHFOv1/He0+/3ieN4PCcYqnt69//+M+JYraBF5HwhhKqLgj4fRGQFfTaIyDdy9uxZtmzZstbLEBERkafR4uLi035OVQCLiIhcQLIsw/vGuKp3FPaunPsLVRXrk2cFQzVDOISANxAZiwnQ6/fI85y838O5mMhYQvAsLS2QRDFZv0s+/IfMMjcsLi7TSCO6eZ/BYMDU5ATrL9rM7NmzNFsTZFlWhcBJSrs9ycLSIo2kRpJAp5fR7/c5duwYURRRr9cJITAYDDh04ABJklBPU+I4xmLIsoxOv0e73aYsS/qDDIATJ2dJ0yocTpIEF0d0+z2898zNzQ1nJccsL3dZXO7hg8HaBGstvV6PTqdDWZYURUFZlkRRhLWWLMsoigLvvSqARUREREREREREZE0oABYREbmAjGbVJklCCIEoisZhJYD31Xxf5xzGVvueHGKGECi9Z3FxEROnzKzbQJZlpGla7Sur41utFqdOnKTIMxyBkkA/y6m3mhA8eE+/KFlY7lGv1+n3+oDFmJg8H5ANlqt14Mj6+egKMMYyGBQYc64yOQRDvV4nTVMGgwHLy8uEEEjTlLReY5CfC2attePr7vf7VZtrV4W1SZIwGAzGlczWWpJanVAGsiwjy6oAuV6v02q1yLKMpaUloigiTVPyPFcALCIiIiIiIiIiImtKAbCIiMgFZGU1bxXWlkA18zeEMA6AkyQBUx0/CjSr11fnqV5n8N6zMH+WjRs3ErzHh4AvS0IIzM/1cJGh3yuI4og4TSgIOCKyfkarVietJfjS08lL6o02pQ/4AMY6BoOMxDlqzSZF7qt21Ab6WU6a1sBaPJANMvL+gFqzSdkfkOc5YIniiMJ78n6ffq/H5NQUaZqy3FnEG0jThEazSQhVuFuWJUmtRq3RwML4uvM8Z7nTI46rgNl7z2AwYGlpCahC89FmrR0HxysrqkVERERERERERERWiwJgERGRC8gomPTej9sXj2bhjgLgcfWrq0Li0Va9fkVL6ADBl2SZp9PpVDN6y3IcKocQcM5gTKDX69HPehQ+EGOptycIQI7BJTGDfobxBoshDxailHpUVfP2Oxk2ioiiGAPUGnEV1kYJvV4P76HeatHrdmm2WiS1FKhC6sFgQL1epxG1yPIBvayPc4ZGo1G1rS48xgacc9RqNZaXl2k2m+SDQTXL2Bi63S61Wp0oSscBb5ZldLvV/OE4jsfVvtba8SYiIiIiIiIiIiKyFhQAi4iIXGBWhryj2b+jbTTjtygK7JO6Fz95RrAxVatoaxwLc/PEcWc4O7farLXMnVkAqjDWe09aqxOlVZC6tLSE955mq0GSNsmBUJT0B1XlbZIk2LSOMY4ojgmhCq2NMQRj6fT7WOeoDc/XjGPyPMcEA1RziuvtCUII5HlO6auwO05TCh8wzlbvEyW4pApwW6121QI6ANZRDtcB1Xzf0T1Kh3OGV7Z6Ht3LKIpwzn3NPRMRERERERERERFZDQqARURELiBPnvULnNf6eVTp670nEM4Lhqv95bjS1ZceX5TY2JKkCQDWgCWALymKnDiJyLKMYCBOE4Iz9AY5RfAQJTjnKGyMjWOaSY3gPbbeHFcSh6LEpZa8LPEesNG4XbWxoaoiDkBZBbEmTsZr9AayYTtmYoez1bXnZUlsLXGcktYb1bUUOSFU98dFCRSDcUtnay3WRUSRPe+eWWurGcXDe7qyCnjlvRQRERERERERERFZTQqARUQuILffcfdaL0HW2Kg6ddT2OY7j8+bVjsLVldXBcC7cNMZUxxCAqpL4XHtoe14FcAgBUzowhrL0YA1lMJRAMBHYCNIEW68RxQkmSrClh7LElCWmzDHDcHpUQVyWOcUgr8Jpd3718mjd3hsCVSDsg6/em4AZXkdpLY5AXhbkZUliDJ4AK653dE+MMVgXY4wD7NdUQa/8urJd9qjKWkRERERERERERGS1KQAWERG5gERR9DVB7cp5taNK39Ec35FzFcLD9tGcPxs4hKrqFwPGGkbFr8YMv7EGDxQEcBZMDFFEiFNwCaWL6ZUeinwcKgdjMRasizBRwIaA9THBDYbHlKM3wViLAUJZQj4AHJhhm+vh2o2xWOcw1uCNxQfoDzLyPAcgdg5rDQ5LGM5JHl1bNfvYnhc4P9kogB6H5Csqq0VERERERERERERWiwJgERGRC8g4XF1RtVtVz/rx43Fb4yeFnCsrWz1Vq+MkqiqJoyjCcq79MT7gCYSiauVchkBpAJeAceAiiGJwCTkRoQQHYAzeGAIQqKprR/XGhgDOkTTqFEVBnud4X80ENm4YzlqDc6M5x0UVChuDqfo7E0aXZAzWGAaDghBKIuswaUpiIqyxjJo3r6xwXhn+rgyAV1b+jsLfKIqqCmQFwCIiIiIiIiIiIrLKFACLiIhcQMqypCgKiqI4L9wcBZXnAuFwXv47nrtrqophQ4BgsTYichFuWCGL8RhbxbehLPGhwNiA8dX+AGBd1f7ZRngDYMhDYJDnMJzfCwwrlA0Yi3NgwzBs9SWl93hnAIexFpwbVhsHCl8FryYYsA5rHaEs8CGA92AtxgdcZMmDhzIAJVFZUpYBEw1DXmtxwxnAxrhxBfDKiumVgfrKEHhUWa0AWERERERERERERFabAmAREZELyKAcMCgLBmVBGUpKPAQofYm1FmuqwLKkxIUq7LSWcQvkYZ0uJYF8UFX3jkJjO5y7G3zAG8bVwtZajLWEYAjDcBnjx2GqtWCxVUtoz3mtl72vQt2yBEsVthpCVd0bSozxRAacDRjv8WUOeR9TZhjOrc0b8MM5wliHiVJMiIkMBGcwARjOGjbG4IzFuWg8K7ksSwL2vPA3jKqKqaqV/bAFtIuiqi31sMpYREREREREREREZDUpABYREbmAREmEx4MFXwYGRc5Eq023u4wxw5m1xlNvpISiJMsynHM0GjXiOObUqVOsW7cO8pxu1iPLSyx1kqiOc9WvFcYYHBCiiDjEdLp9smJQtWI2DmM8SRxjQkHRzwnGkqQ1KAvKIscYS1mWDPoZjVYLay1FUWCtpRZZyrxH9/RJmmmEKTOKoku9nvDsy7axML9IfcZhXUGwS9TrdfpZQWc5x9gakxPrMbbOgw8+hi1b1OImgyKQ5Z688LRqLdKohi+BEuK0zuRkm16/S7mi2rcIVXA+Cn+LQJWNR4Ge93hfzSe24al/DiIiIiIiIiIiIiLfKQqARURELlDj9s+ca188CoCdc1jnqhbHviDrVxW09VoNQ1Wlm6YptVpVEVwUBWXuiaKINE2J0wRjDIOywNiIpnUEIMtzgnGktRq11iRRFNHt9Tl5/Dhbt1xEEk0M11GtsSw9jUaDpaVFQlEyOdFgqrWRSzbMcMX2bRw99ASnjh9iZqJB6C/yqpe/lOdecwXezHHq1B5CCNQakxhTY2Exo9sLnDnT4Z5/+gIXXTRFHCfU0gQfLNiEKIqp1WokaR3vPZ1Oh/0HDzA9PYVzDm+oWkMHO6wAdoTgiYbVztVcYl+1kjYBNYAWERERERERERGR1aYAWERE5AJihq2JR9tKo/m1sGL+7tCoNfLExATlsJWyH7ZM9t7TbDaZbFfh7WAwoCxLdu7cyQtf/CI63T4nZk9jnePirVs5cuwERRnYvPVSsizjkUcfo91q8uYfuYWs26FWa9DvDzhy+BjXXnstx48fZ3Jykla7QdbtMHviKI16wvrpNg/WI3bsvJSbbryOB3fdiyEwO7/M1FSNqZltzM3N4X0N5xoUpacIUGskbNu2k2ue+xLqrWmSWpM0aeLiBIMlTVOwhoWFBfYfOkhnX5dBWeAY3h9rMNhhaO6hLKvZwt5jfIkZfhURERERERERERFZCwqARURELiBVsOuGs3ft1wTBVVVwoCgK/Ir2xaOwN0kSFhYWGAwGeA9JUqPZbFKr1SjzAVmWVdXAwXPo0CFOz51labnLYqdLABqtFsE4skFBY/djTExMUJSe+fl5brvtNkLeJ4oSQggsd3o8vudR8jynGOTDGcWBPM8woWDTuinOnjlFr7vIY489xsnjh6mnCXFiSdNA7AoGgwHWRngceWEoC0eeGxY7nj1fPQL2OMYmuCjBWkewBhdVs39DCPQGGS5NKIPHl6G6Z8FA8OOK6VEIDoznBVtrxxXWIiIiIiIiIiIiIqtJAbCIiMgF5KkqgEftn0ffG1sFnXk/I0kSzLCRcRzH48DTGIO1ppqHWxR0Oh2KQYa1lnq9josjFhYWeGL/PhrNNp1uD4qCcvNm5ucXYbkLkzPYJMEHWDczzenTpwiDPmXhGQwG9PoZJ08cw5qIPK8C4HqthnOGudOznJycoN9dJFDQ7bdZXOizfqbOqbkFOt05rPHUajXiuEY+KHEuJR94ur2cenOKx/ceIIpTrIvwBqyLsXFEMACeOE1ot1tMTk6S9TKCD3hfBeSj2b4BjzVgbHU/oyiitIYocpQ+jINhERERERERERERkdWiABj4/fe+Z62XICIisipGrZtHQe6oerUoinEgHMUW5xxL/X5V2VtU7YzjOGZ5eZk8z4dVxBHWRuPgM4kcRVHQ6/UoOiXOOTZu3MjC4jKEAGlKlmUktRq22cbEtaqKNsAg69FfPEsoBjjnMMYRRYYkchjnGAwG1XzdsqQscy7dsZP5+bNEtSaYguVegUmbHDx8gqTVoNa8iDzPWO6V1EKDsvTkvZIQIlxcpz8wxPUprLVgDc5ZrHO4OKKkeo9+kZMtLbDc75HGKRFudBexDANfa3DGjquqnauOMcZgDagGWERERERERERERFabAmAREZELyGjOrzGGRqPB5s2biaKINK5+JbDW4qIq0A1FSb1epywGeO9J0xRjDEmS4KKILMspCj9uAe2LnKIoADCuajFdBI+LEoJ1BKDb71NPalgX421cBacuIut3WLdhA+QZxhi892RZTrs1QZ6X1NMaxrhxSF2WgXq9iU9TMAFrq2trT23Aez9sb+3Isox6XANg0M8BSxzH9HoZtXodAG8gjDYbsJHBxTE2MtV1YHDBgjfYUFX0WhNw1hAZS+ws0bCldhRF43vgSyjUBlpERERERERERERWmQJgERGRC0hRFGRZxtLSEs1mk6mpKYqiwFK1K3bO4aIqgJ2cnKzaPpcJ3nuSJKFWq9HtdvEhUKuBMY44jomiCJsm4+riYKow2cYRzVagnxeU3tNst/FYSg82qRPHMRhLljjSyGPKqso3hEDTG6x11Bru3AV4U7Wgtpa0ViNQVSf7YRtrYwzBGoxxECy1lsMGCN4T1z34AMGQNgzWmXOtr63B2IC3AZzFxKb6akwV7AaHCWDxmADOBEwIxGYYBhMwBAwFzjBs/WyJVsxXFhEREREREREREVkNCoBFREQuINZaer0e3W63CntdVVUbyoKyrMJU68A5R9btYa3FlznGGGq1Go1Gg6WlJfKioCzDeQHwKPgMIRAMVSgcR5Qe+nnBIM8JxlB4KD24tEGapmAsgzwjMgX4Al9UraktQLDYFSFqKKnWuWKGsacKf705N+MY48BWv+aYEMAHQlESvCd4sFQBcFUpbKoqYBswzhKcxTgLrqpkdsaSuKR6jQk4E3DBYwHrSwglblQZTBWelx5CqGJhERERERERERERkdWkAFhEROQCcvz+z671Ei4oIYRxS2gRERERERERERGR1WDXegEiIiIiIiIiIiIiIiIiIvL0UAAsIiIiIiIiIiIiIiIiIvIMoQBYREREREREREREREREROQZQgGwiIiIiIiIiIiIiIiIiMgzhAJgERERERERT7G+ywAAIABJREFUEREREREREZFniGitF/Dd4B3vevdaL0FERL4Nv//e96z1EkREREREREREREREviuoAlhERERERERERERERERE5BlCFcAiIiLPQHEcr/USZChJkrVegoh8l9Lng4g8FX02iIiIiIjIt0sBsIiIyDNQt9td6yWIiIiIiIiIiIiIyBpQACwiIvIM1G6313oJAoQQKIpCFdki8jX0+SAiT0WfDSLyjSwtLa31EkREROR7gGYAi4iIiIiIiIiIiIiIiIg8QygAFhERERERERERERERERF5hlAALCIiIiIiIiIiIiIiIiLyDKEAWERERERERERERERERETkGUIBsIiIiIiIiIiIiIiIiIjIM4QCYBGRC8jrX3PTWi9BRERERERERERERES+gxQAi4iIiIiIiIiIiIiIiIg8Q0RrvQARERFZPcaYf3Z/HMekacry8jLWWqy1FEXB1NQUy8vLhBBwzuG9J4RAFFW/ShRFQQiBJEkoioKyLEnTFO893nviOMYYM35cFAVgmWxP0e/3GQz61Go1yrIkz3Pi2GGtJc9zrKvW1e/3McbQbNbpdDpESUzWz7E2IY5jyjKnLEusteNrDaEkhABACIEQArVajTzPh/sDxhiMMRRFtc4sy4iiaHw8ML7mJEkIIZDn+fgY7z3GGMqypNls0ul0MMaMX9PpdL5zP1ARERERERERERGRJ1EFsIiIiIwVRUGe58zMzOCcGwemy8vLlGVJFEV473HOUavVAPDeE0UR1lqcc5RlCYC1dhwUe+8ZDAZkWTYOhNM0Jct69LMu9XqdXq+DcwZroSxLAiVRbPG+oN/vUaslxLFjYaGDtZayLIfBciDPs/H6qvctcK4KeMuyCm6NMeMA19hAoMTYAOZcSL0yzK3VaoQQxiG4MYYsy8iybHxvRmuAKqQe3a9REC4iIiIiIiIiIiKy2lQBLCIiImObNm1i+/btPPzww/zAD/wA9957Ly9/+csJIXDPPfdw2WWXYYxhaWmJM2fO0Gq1uPnmm1lcXORP//RPsdZijOHZz342V155JbOzs5w+fZpt27axbt069u3bx/z8PFu3buWLX/wi/+r7buKee+7huuuu45rnXs0TTzzBvffey1VXXUW3u8zhw4fZuXMn09NTHDx4kKWlJdavX0+/38fFEfv3H6DXzRgMBlxyycW89KUvZXJykl27dnHs+BFuueUWFhYW+MhH/pLXv/61rFu3jr1793L69GmuueYaNm7cyJe+9CUOHzrKi1/8UowxPPLII0xOTnLDDTfw5S9/md27d3PDDTdw8cUXc++999Jut5mcnOTBBx8c36vXve517Nixg9/7vd/jZS97GZs2beLuu+/m0KFDa/0jFRERERERERERkQuMAmAREREZi6KImZkZdu7cyRVXXEG9Xue+++7j2muvxVpLu90mSRKstSRJ1Xr5zJkz5HnO1q1bOXXqFCEEnvOc53D8+HEeffRRnve8541bIU9MTDAYDLjxxhtpNZq8/Ptu5M67PkW9kfKZz3yGmZkprr/+pWzYsIEjR44wGAyYmZlm8+bNTE1PcODAARYWFti4aQPPf/7z+av5eZaXjxAoKcoB8wtnmVk3xY6dl7G0vECj0eBzn/scAJdeeil33nknl156KdZaOp0O3W6XDRs2EEcpjUaDU6dOcerUKWq1Go8++ui4nXWj0WD//v2cOnWKTZs2cdVVV7FlyxayLOPBBx/k1KlTzM7OjltsnzlzhqmpKRYWFtbyxykiIiIiIiIiIiIXIAXAIiIiMnbixAnuueceLrnkEvbu3csXv/hFXvGKV9DpdMjznG53mcnJzSwsBM6ePU2z2aTbXabX69HrdSiKAc4Z9u59nGc961lcfvlOZmdPsn79etJ0ktnZk8zNneHw4YNsuXgjd97x98xMTjB/5jTFoMeD9+9j27ZtnDh2GOcc05MtThw7wvzZU2zZsoVykPHow7tZvGQTk5NtOp0loCSOLSEULCyc5fjxhF6vh7WG06dnmZ6eYmamzeHDh8jzfBg0z3DllVcyPz/P4cOHyQclF1+8FYBWq4UxhlarxaZNm9i3bx/OOaampojjmOPHj5PnOb1ejx07doxnG+d5TlEUJEnC5s2bmZ2dHbfDFhEREREREREREVktJoQQ1noRT2Xfvn1s3759Vd7rHe9696q8j4jIWnv9a27i9jvuXutlPO1+/73vWfX3XM2/p75Vx44dY8uWLU+5b1Sh+vWM5vjmeQ4wnulbr9fH83udMxgCZQlRVFUN9/sFxkCjkTIYDMjzQKORADAYDPAejAFrDc45+v0CZ2D0W0gcQ1FAmhqcM+MZu1lWgIE0tcPjYmq1lLNnF2k2U/LSE8K5ayrLksGgZLh8rK22PAcCNJvJ8Lw51lYzgvOy2je6P845iqKg0WiQZdl4hnEURdTrdYqiGAbMdnzs6NepqakpFhcXmZiYIM9zsiyj2+2O5wSLiIyEECiKQp8PInIefTaIyDfyz/3/PREREfnetLi4+LSfUxXAIiIiMua9x3t/3mNjDP1+H6jC1EDAAM5VAW6eF9gqn6XXy8av7XYHGFMFvyGA91CWgbIsiF11TAjVfu+rMBkTCAR8CMRxTL3RHJ7DANW6yjKn3U4JIZDGFm9sFdKWAWMszhnS1A/Pb4bh7bkqXe/D8Nqqr86BwQLVeUIIWGvH11xdt8V7z/LyMsC46nflvTLGjFs+q/WziIiIiIiIiIiIrBUFwCIiIvItMaHaznvuycdQhcWjguOw4iBrDcaGqiqYKgS2FiIHaeJIa/F4zvAokA2hHJ/AWgNYsGYc8HrvKa3Hl4YQIITqV5wQwJdVNXFZQknAD58PoYqUDeMC4HPrHy78u7RRioiIiIiIiIiIiMjXZdd6ASIiIvK9JYQqMF25Yc7fjD33dbSde74KVQ1V1W+9Du12zMRkjVa7Qa2WEMeOKLLEsSNNHbVaMt7S0ZbExLEdHxtFFhcFXFS1ka6ec2A8gWoWr7UWa834a2QNxnztNvLkxwIffj+Yj3yDgzx84D/A9v8CJ1ZlVfJU7v8YbP4t+KvZtV6JfO86zUffdjXb3/vAWi9kdX35d9h++c/xUX2AiXxbFj/1m7zgBW/iAw+c6xAze9vPsf3y32HXiuOe6rlniurazv88ear7IiIiIiLydFMALCIiIt+yURWwCQybJ1ebM9U2rhL25x87emwN1OrQblpmppqsn5lg3dQkE80GtTjB4nGmavFcS2Ka9RqtRp1mPaEWR8TWDKuGDXFkSOKIJI5I44QkcsSRxZqAwRPKsnp/gFAO12xwxg6D4HO/Do3C3qcKg7/T5vfB+/4QbvwtMLee2972hVVbwtOngP43PmrVnPjH6l5++LslCC3grr+Ht/0H2LziZ735PXD/0/w+8szyxH9/E9svv5p/c9vptV7K1/ry77D98quftF3Ha372XfzRF74L1yvyTLG4j09/+N/x86+/iauGf/auuulN/Px7P87uuad6QfUfdpz/OTL8jz2e9Gd4dJ4nuv+ypWXZ0z/H7Jsy/jz6ZT72lPfgSR7+IP/q8qtXLYRes/siIiIiIhcUtYAWERGRb9koFx3N+D33/Sgwrap8q3bN5x4bU1XhJoll3foJYmuI45g4jnHODY8s8T7FWjN+ruIJoZrF65yjCJ6yLAkh4BzEcYz3niIvKYqCsqyaOydJQghQliXeW8qiaj8dQqgqmAOYYYlyCAFjzHmtn5/8+Dth/z/CjXdCfQLeci3ceikc3wP75+DE92JxSALv/HV451qv47tRH377P8KtfXjLTvh3O2FzBo+egUf3PL3B+QvfCMff+O2dY/4xuPVv4d++E1749CxL/qXKR/n7D+3j5h+8ib//X3dw+E1vYetar+kp3Px//wk/fTnALE986QH+8bbb+Pc//Sk+/95P8aE3rF/r5Yk8o2QPf5Cf+Mn3s6vb5to3/Cjv/Onr2MlX+fJD9/LRD7+L1334T3jbf/4gv3HTN/ln75qf5ffeeRMbgOzEI3z+3k/x0T96F6+566v85e2/zLXpt7a+DT/8fh744W/5sp4mKWnjU/zZJ49wy1su+WeOW+LvP/T/cXjV1rXW90VERERELhQKgEVEROTrCiEMuzqPqmFDVeE73H9+ADw6xlcVwRacqwLVsqyC1igypGlCo5lSr8fESYRz1YxeT04URcRxShRFeF9UYa8xeF9QlqF6HBnAEXtDUYyCZVeFv4XHBoPFURpPSSAydjgr2FEWnsL48bm89zhrKA2EUJ6bObzi+kPgKQcFG1Nd07dtGd53J1x2Ddz141AbPf+8p+Hc8l3n/r+rwt//8Qvwlk3nnv+htVvSP6t/HD4wBz+x1gsRsi/cxh/MvYX/8a7tZN//QT728Fv4hWvWelVfa+vzruOGF1Xf3/CyH+anfvGtfPTtr+HXf+t/sOsNv8y1a7s8kWeOo7fx8z/5fnZf9cv85QffzrUTox038Yo3/Szv/M0jfPRX38Svv+2tpB+9jXe+4JtIb2e2c8PLrmMDANdV53nj7/Can/4gf/DJn/ge+484MnZuv4pdf/i37P6xt/Mc93UOO/g3/OHHN/CKm9p8+u5VXaCIiIiIyHeUWkCLiIjI2GiMr1ux2dH3AaJgsNgV+00VuAZwHqz32FGbZwAPPg8YD82aYeO6SS6+aD0bNk4SpWCjgHEeG5XUGjETkw1a7RpJCklqqTdi0polSR1JbKnXYpqNmFpqcbYkiS2NNKaeOBIHjoClIDKeyAQiG0gjQ2Q8FAWUJTZ44uHzaWypRYZGFGhEgZqt9jkCLgTc8Dqi0fUPv7em2pyxWL7NVtGH4APAa5+3IvyVZ6xHDwLr4JWbvuGhIitk7LrrNnjLq7n24tfwhh88wkc/8+haL+qb4y7h+3/wJug+yhOaqSvyNFniY+/9TT49/bN86I9Xhr8ruEt483/8b7xz+z4+8O9v+xdXuKbXv5qbgU/vOfJtrHdt3PCjb+Lao+/nDz659HWP2f3x/8auF7yV79/xPfKZKiIiIiLyTVIALCIiIt+ylfNxx62fTRhXBMdxdVxegPfQaFg2bNjAxo0babfbJEnC5OQkzWaTWq1Gs9mk3W6PH0dRRKPRoNVqUavViOOYNE1pNpu0Wi3a7TbtdptaLSFJI6LY4JzFOVNtkRl/b101L3j0XBxb4jgiihxRFGGtHVf+nru+c5u15z9emfU+La2hp6vqz88f+CaOfeTcLNv5r8Avvm84Q/a34G0fgUefqn9wH/7qI+dmC2//9/Dbn3+KVsPL1XGves9wJu1vwdv+Cub9N17W/n+s1vHa/33uvB9+P5iPnH/cb98Kb/pH4Ay877/A9lvBvBte+2ew/ynm1c7vg98eHXcrvPYP4f7l6jxPPve/xOj8V7/73L1531fO7e8/UF3XrQ88xYsHcOu74dq/OvfUiQfgF99/br1Xvw8+fPD8l120rrr+R77ZXs9P/rm8u7oP+0fvOZxvfE8fPvxnw/f+yJP2rTjd+OfypP9dXP0++MCKa2cW3nQrbL6zenjjaFbx03Df5V9g7lP82X/fwC/+0AuANq949as5/Ie3cc+TW8T//+3df1iUdb7/8efMAAOoKAGhqbWSpxPm1wPmOUpsZuyim1p0pIvdUGRRu9JLv2mZnrb1R/7Ydo9myp442QnlkMrueoVFmaWcyKWj5h5T1q/JXq3htuqmB01DBQaYme8f9wAzwwAziFb0elwXl8vMPff9+dxzz53ra97vT+UrjL9jGI9sqfJ8/OxOZiQMY/wrbgGH/TwH8hfzyNhE11qfmSzIP0i1vfuHX2+3AYO4OdLz8ep9BSzImUzCHcOIuyOR0Y+uZvunnpOqLp7dzrqcrjVL13h+QG2f7uT5uemMTjDWME340XzyPvYKf+yX+WTnWrc1UxMZ/ehi3vL6vBpjfIU5Pxrdco6WF1fhOcIKnnety2z7tJjljxr7jB87m/yKy64xtT4eN9rXPmh5P6a6jhWXMJZHnit2W3v1NFsyhhF3/yt80naY2PatJv6O8eQd8z4Xzed3NOPnruUtr/NrrJU6m+1nznMgb7Zx3mYV801ZMl3a8fnbvPYujHzsUZLCO9jOEk/WvFSoKGZvy20hmoz842xO97Oa125cM3cN8EyZA7q+Avnyx+dFPHLHMO57xVcga+PAqkTjc+DPvervH2T6A7D7tbd9B+AXd/JS7mkmTH+w/Qrh2ireWjOf8aNb7ynP72z/M9x6T53N82WnfS/t0M558eeeKCIiIiLiLwXAIiIiEhAzDkxOMDmduFbONX68imCbmiAoCKJiwhkw8Bb6RvbDFAROswOrNYSwsDD69YsgNtYIhnv16uVqG22id+/ehIQE07yGb+/evYmI6E1YmLUlDI7o25s+Eb0IDw8hNDSEoGAwW5yYzSaCgy2EhgVhDbVQV3cZTHZCw4IJ72UExiazHafTDiY7JjOukNiM2Wxy/eD2p7lNAHxNFb/eBsCS4bBrP/ygCE5e6fwlF49B+i6IT4JtGVA8Eo4fg5RNcNI9sHWtN5teBVPHw/sZ8MKdsGkXpLzpuc+iTTD3LzDlh8Z2xcPhncMwcUfH69JeOgxT34dhCVD8sB9VzF/A1DzgHyA/A4pHwOFP4Z7feh6n/jhM3AybGmD1w8aYpvaB9F/DO52fos5Vw8zNUGaG1Y8Y+58ZBk9vh1/8ydgkdAQ8HQq/ONr2HNQfg184YG6S64HjMOB1+CIWXsqA9x+GFBtM3QQ73JKUlFTIBH7wK8g73skYz8HUNZD+J0i51xjj+w/BPfVwyWvTbUVQ932oWg3On3SyX4fxfm8DlkwxxjrFDPO2wy+ax9QXlmRA8TDj15cyXMdP7mTfcl1Ul+1k98B0xsUbv0ckpzKhtojflXkFm/E/5Vdz4zi8biO7LzY/aGPvxqXs7T+f9bNcO7CfZvvcVKa+dJqR83PZVlDAy7Nv57OXchi7qJSa7hx8bQVbNh/EmpVKknsH2o/XMjpnI9XxOWwoKGDbxkXcf7GIZzLm81ZXK4UrX+HByUs5EJnOv+YVsK1gDfNGVHPsL24Biv002+eO5cGnXqcmeT4vFxSwrSCXhYk1nLrovjMbJ16bzeR8eGDpr9lWsIZZAyvZ8rN0ni9vG8jYPi1gwZIKhj62ls0bl5AWeZDnMxax/aNi5mQVEzF1LZsLNrIipYYtP0vnX7wqEg+vG8vUV6u567G1bCsoYPPi+6gpWsqDT+10hbGDSJueCmeK2dsmF7vM3uIibAk/5SFXW3Dbx2t5cPJi9pLOyoICthUsJa32dRZMTievzett7F+3iPfiV3Ow4jhV+emuFsDyTVVzvILDjCbjvo7WtjVEJI4liUo+OHq+S8c69WYBW0ggY2xcy2OBXV8Bus0IbU/9trztlx1qyvndFhsjH5vUfmDroQ8TpucwuOI/eetY22dPvVvE7vBMpqf28f3y2gqenzKZBWWQsbSAbQUFrHywhu1PTeZBjy/UNN9TP2PQ9FWuz/Bo/jc3nZmvVvnet7frcU8UERERke80rQEsIiIiATGZTK41gFurfgGcbtWxjQ4IskJkZC8GDBhARERvHA4HjY2NhIaF0LtvL4JCTDgcDsxmM9bQYMxmK44mO42NjTQ1NWI2mwkJCSEkyExQUBA4nNhsNmwNdQAEB4cY6/Y6TEAjQUFmLBYnjiAn4ASnmeBgC1HRkZiwYLfbqa9voMlmo6nJjtlsITgkGJxmGu0OHK51gXGC3W7HYW+ZsFElDG0qhbtLUgYcDof0P0DcnyAzAVaPhyG9fW8/7yhULYYhzV/lGwETB8GQHbDuD/DSGOPhA2/CEgfsfxqSQlu3TewLcR/Arh/CRNcx+t0JlanQz22foTUwqQKOTIEkH18brD9uBMQMh3ce8a+F9Y4/ea1/OwL61cIP/gRlV1zjaYB1O+DkANg/x3OeSR/APe/7cSA/TJwCM90WJE25A75YDUsOw8/vBMyQMhw45DY2l7KPgRiYNMD1gBnyH4OZt7ntLwYqX4VtR2HKD1wPxsK2OTCgEOYVwboI+PlkmDnMa3AOWLcJikJh/1Nu7x+QMqrtXOrvhJlxbR/36Tgcd4XvLfscCUPWG1XfE4dBYggkjoABF4ztR46ApHZ3KNfXad77XTmDH5nfGnhE3sfDk2HOe79n5QOTaa3LszLysdXMejeT51/NZNziBPj41ywvGsjCktY1MKvfXM0zZaP51QcbyRjoemnyaJLiIhg/fS1bHktlbnzXRnvq6EEO1ANUc6K8nJI3d3JizBLeXjgajxVILfGs2FlO1h3Nj44maZCNTyav5Xflp3koo/Ngy9vhPRs5QSbbVmSS5JprUvJkZrlVCn6SP5tnygYy6zfFPHt364iSksd67e0gW6pWsSc/ncHN+0qMoOae2Wx5s5yFY1Nxr4c88Dsbm/evYly4ay7DrPzv2KU8M/00s35TzELXsZLGxFDzUTrrSj9i5QNu+7hjCXs+yGRoczVn8mgG2Y4z/pfFfHBmMhkDISI1k6zwHLaXVTI33u0Nuvh73twJE158kMEAtgrWPV2ALaeAPT9rPe9JYxKIeXw8z7xaStaL7uM/yJHbi/l9yrdpfdfvNlttDTCMwf392Dg6hqHAKX8qZr+s4sC+g8QAtrPH+aC0gO0fxZCV/wpZzf99C/j6ClQfJmRkYn23mL3HHucut7XOa8p38hapbHjA//uD9e5HmZVQwPOvlzNr+NjW+5Ctgi2vVjBy4WqSrPjoMmDj8EuLybflsO2dRa2V1smjSYyZzX1LCtj96BomRDTfUwcy6zdFbveV0SQ9MIa8Semsw4//QF+He6KIiIiIfLepAlhEREQCZ3JiMreGvx6tkU3Qq5eZgbfGcFvcbURE9sZhcmAKMhERGUG/m24irFd4S0vnvn37uto5h7ZU4FqtViIiIujbty9hYWGEhIRgtVoJCwsjPDycXr160atXGEFBFoKDLYT3stInojcRffvQp08vQkNDsAQ5MZkdWK3BOLHT0FhPU1MDQUFmwsKthIYFt7SLDgkJITg4mKCgICwWS8uPUf1r8vnTrcyQ+BBUPWNUXB44DHFrjCDSl4X3uoWiLqEjjWrVvOZCkwYoPmYEe0leyeyQ4TAFOPLX1scmTnALf11GDjH+PHmh7RjqP4eZvwWGw66MANYvvtMt/G0+zh3Gn5euuh44AS/Vw9Opbec55D6Y6e+xOhLjGf4CEAr3xADV0FxskzjaaNG9w709cg3s+Bxm/iO0/Nv7nZ7hLwC3QQqeFcAADIAXnoEvHoEUB8wqgriXvVp4/wleqIUXHmn7/vmScnvn27SIgJkjvB4zQ3oyUA+V5wLYl1x/le+QXzGIjPvcE9k+JKVOhneLKPFuWxyewMLnciB/Dds/rST/5wVYF651C3SreG9bOWRmkjbQ86XWfxzLBE7z8fGuVQoC7P5lDlNzcpias5jlBZ8xdPUeKnLdgs1mCZPdgg6XOxJJAg78pWvHj4mJB37PB//jVRndHJzbKyh5uYrB89d6hL/tyfppa/gLQPho7n8YqKlp2/71x6mu8NelfyL3DweGZ5LhfixLPCPHA0eqPFrSjny47TkaOmIMcLB17WTraNIyrZx6vdyj/W112U6PKkbbwZ3kn4ln1o+9Q/dBJI0fDTsrOOE1/Al3dzHxl57lWAELcozP8IyfreW9r3LYtr+YZ8e2fjmgK9dXoKxjJpMV7r3W+Xnee7MUa1YmEyLbfakPRvW8rWgj293ulzWlBeSfSWX65HbCWdtBSvJPc9eM9DZttgcnp5LETj7+M8BpPigphwdmM8/7vmKJ56EZo/0b5nW4J4qIiIjId5sqgEVERMSDCaPC14nvSleHw4nF9TcIu91YIzckxIzD5MBmA3MwDLptEAMHDsRkgcuXL+MwOenTuw/W0FCwgDnYTN++fbCYTNjtdmw2G01NjS3tnoOCjdTPZDIRZArG4XDQYLNhtkCvkF5YLBZMJqPdc4Otjrq6OsxmsFqtBFmCXftrMvYZHIrJ5MRisRAWFuxa89c4bpPdSVOTE6fDff1fV8Wvw4nJZMLpaK769Qx9Ta7Uu1srgnvDlJ/AlBrYtM21Bm9Da0Vvs5EDfb98QB9awsv+XxnrxJbtB9P+do53DmiuPG2CyuNQ9ilUnoHKOjjeXjvqczBzE1QOhuKMtsFxR6YMaPtYP1eZ0MkLQCycPWfMIfF7PnZghjD/D9exGqOS98gXsP80XKqHsgbw6H06AKbGwNQ/wgv3QD/g7MewyQzve1Xi1p+DXRVw8hzsOgt1tZ7r73rrnwD5I2D1YZj6Fgx7EQ4/A4nmTs6BD0MC6dc6CIb4eNj7fZBvhk/Kijk1MJ1xwz0fj0iZTBaz2V5eRVaWZ4BhHfMEKzLHMCcjE1v/+bw9yz3cq+HUMeDYbOKL2jnoZ6eBrlWDzvrNcZ69G7BV8dZzT7Bg0XyG/qaYWT7yRduZSnb/fg9//rSKvUdPYztTeU3B0eCHl/Js6U95fvpotidMZt7s2WTcF0dEc4hb/RknamHc//GnXH40Qwd7P2YlIhwoN8Jb94/duDu8v4URgfUm4zV9vfdiAc54hch2G6cqS9n7/mec+LScw1/YOHWsbevYkRNnMzh/IyUVj3PX3dBcIW7NLGppsV1TfRqoZPmPhrHc59ysnDgLI1u+weJrrvKNZgE4zqmzkNTO3wlanK/mBBAT3vmXHhi7ioOuFuA1H7/CjJlrmbFqEOW/bK3oDfz66gJLAmmPDSL/1Z0cnh3PSAvw+R62l1vJ+o1X8OyHiNQcZg3MJH9nJVlz44HTlLxWijWroP0w+WI1p4BPVk0mbpXvTax/OQ93n+fER3DX0mE+q55DLf6PtrvviSIiIiLy3aYAWERERDyYTCZwOjHhu8rVZAaHw6j4NZvBbAG7wwFmiIi0Eh0dzffihlBfX4u9yUG/qEiCQiy8zQUSAAAgAElEQVRGu2eLiV69w+kT0Ytgi5kvz1dTV1dH3759iY6OxmLGaMMMBDW3frY7aGhowGKGoKBeWK1WbDYbX331FbV1V7A3NrWEsE1NDTQ22rFYLMTExGCxBHP1Sh12u4OGhiYcDoeretcIbh0Oh+u51hbQdtdzzSGxvTkcdhrnw+l0urWDNoJyp7Ob1wWOgJmPQ9i/wdT/gpljINH9+Y4C13DPatyZ/wSZ7YSIkc0h3zmY9TJswmgjHH+nEdTWf2q0gG6jD4x0QFE1VFbDkOsUFoZdx7+pnvw9/KAUCIcpd8DE7xsttye+D097bTvxH4FdUFYDUyKMtZETEyAlpHWbA6/DlAqIjIQpt8HMFOjfG3ZshbyOBmKG/qPgnRC4Zzts+oNn4O/3OQikr08n24aGdPy83EC2g2x/9TTU5vLgHbm+t9lcyieZj7dZDzMiciC22ioYFO0zlBiatYYVKe18cyAmkJLydljjeGj1Wk4dSef5J18h6R33Mdo4nJvJ1LwqIu5OJW1MAlnzMhnc9zNKHl3N9q4eMzyeWQUHyTi2k1dfK+Kl2ZN5PjKVDTtyecgtJLOG+BPIWFsrh6+32grWPZpD3ud9GDn+QZISM1mYOYiIz3fyyHPFntsOn8SshFye33WQhXePxlpVzvaKQcxbluC101Sezc9sZ51UK4MiPX+/YXOVbhHz94kMJpcPjlwmY2A769e61Bwp5wBj+VVix9t5i7j7cTb/8jNGz1/MsrHlbHjA/fWBXF9dc9fknzIydy0lHz3ByGQrJ8qLOTxwNiu8L3V/WBPIeiyB/DXFHJi1hJGH/pPnK+KYt6LzMHnC4o1Mj/e9lfV7reckwnot//G8TvdEEREREflOUwAsIiIiATGbwekApxOCg40/m5ogMiqU2+KGEBVzEyEhQdTanISFhtE7ohdOpxO73U547zD69OlDY0M9X12sITw0lJtuuong4GAATDgIDg4mONjSEqiazUYr5qZGI5htbGykvr6ehgYboaGhNJkbqaurw2QyERoajtXqxN7koKGhkatX66iva+DKlStcvlyHCRNWa5ixvyYHDY2NNDY6sNtNOOxGpa/TZHabqxkzTux2h6sS2Hjc4aqObq9KuntONCQNA34P9V5PnazGs/QMoAEOV0PiKKNKlTAYAFQGQYp3u18vBz6ATUFeawU3H8eXcFiYCfUvwqRNsP8JSGpnveIucb0Fx89AkndVWgNcDHB3dcay0QyJcj3ggKL3od8w2J/pGZif9bG+cL9RsHAXbPsYpgyFooswN9Ntg2p4oQLuuR+Kf+D2uAPK/Bxj6DCj1XSla6yhrjLn/VWQNNTPnfjLVV3sXZx18i/Gn/HXUrUl3cp2sJQttfHMenEx9/sKVKqKmbFqI9s/+ikrklsDCtvHv+aZPFi4cQ1/fmoxy4tHs7ll/UgrfQfCCXsEI5MDr6QLiCWeWb96nJKMXNYVT2odw9mdvJRXSdLqPW7jAuzwgc8dfcbpahjpft+zn+bEIeCOtltHDJ/MwjWTWfhUKcsfnc+C5cUk5acTEx5BBLD7j5U8O+ab0/K4+t2N5FV6rckMYCn3sbXRznb5klIOLx5NxLv/yScJP+Xf3SrEreERwGdYB40myd+1weXbJd74IsDydRs5kLKoTYviFvZKtrxUCg+s4UdduLdHPLCYfy0pZcGajfz4PuM4N+z6uu1Bpj+wmn8pq+DZMRHs3lzJyMdy2wmdOzf4gUwmPLeY10ozqS4twvbAGrI6ug247hefWQeRlNzRRI176oHjVdgY1Oae+lWtr7+0eQn4nigiIiIi0jmtASwiIiIBMZnAYjL+EuF0rUEYERHC9773PQYONPr7Xq69QlRUFL0jenH16lUammz06dub8D7h1DfWY2usp09Eb3r3NlLD2torgIOoqChiYmIIDg7GbrfjdDqxBJkICjZjNptpaGjg8uXL1NXVtYTKQUFBRET0o2/fSEKCrTTY7Fy5Us/Vq3XUXq3n0qWvqK9vwGK2EBISisUcjMMBjQ1NNDQ00tTowG6343A4cDgcHi2dm/+3w2H8OJ2eP93iT7DuuI/HHXDgOBDZNqh76RBccng+dvK/YB0wtTkE6A0pA6HsMBzwTpC9fHEB6AX93ZNQB5T5qv5tFgo/nwkzG+CeX3d+jED0v8MIQ/M+bBt+V+4x5uk3B5RVArdBfPPffC/CcYdRueyxvO4p2OZjvWNCYOKdxjrAuz6GshiY5N7K+gLsB+K9/n23vsKoqna36y042dD2EPXHYRcQ7wr5+iXAQjO8sBtOOtpuf02qodh73dh6yPsI+t8G9/gI87/wdV7kOrvM7uIiGJ5OxuTRJCX7+MlIJyPcxvayitZ2wrUVrPt5AcxdzayUySx8dix7l6xm+5nmDeIZ98ggKCqi5IzvI3cna8Jsns20svf51bzVvJbt2dMcAIbeOshjW9u+UrZ4vT4iZhBwkI8rbV7b7mRLrdfGdq/f+6fyo/HAZ+f5X4CIsTycaeXUy7lu5+Prd+r0QeB2Bnvc7G3sfc93j+6I5FQm1Bbx3r5ySl49zYTpD+L+XZmIMWOZQCX5vzvYdq1i6SEGkfHs4ww9U8CMp4r4pMbHJjWVbHnqp6w7O5ZfLZ7ssxNA56J5aPEiRp4pYPmrxn3mxl1ffRiXmoptSykH9u3kpTOpTH9gUOcva0/kZObNH8Tul57gpXetZGWkdnxOIsaQ8gB8srmYA973Gg/xJD1g9X1PrSlny7pKn6/yEMA9UURERETEX6oAFhERkYCZXW2gAXr3DmHgoAHcHBtNUFAQ9rqrRPTtTVCIhfr6WoKtQfSL6kdYWBhXr17F1thA317hhFgs2O1Gu+bIyEjCw8Nd+20iPDwci8VCXZ2xvq/dbgeH07X2LzQ2NlBbW+taq9dBU1MT9iYHTqdR4RscFGasG9zQSEODHbOpCbvdiQkLTqeTpkY7DQ0NNDaBvcmJA3DYXcGu2ZUgOI01ju0+wt6Wbs+uttDtdMv2jwOeLoI8Vyvie+6A+r9A2XHYdAVWZ7ZdrzXlMoz8N3jhfqPa9+RhWHICkobDXLdq0SlTIDMP7vkVrL4PklwVsGf/Au98AeseN8LlxKHAhzCvCOYOh9AG2PVfUB9Fx+W2sZA/B+ry4J4XYf9TnhXEXTYAVifAyApIeRmeTjbmWXkAdvSFuXTSVhkoeg1Ch8L+/4F1FyE/w1UZDRAFKZEw6/ewxAwpUVD/Baw7AvFRvveX8k+Q+Bqsvgozx3mF8nEw0wy/2AkDrkB8b7h0ApZcgEl4hsCXTkLcapg4GCYOhXgrHDkBeZ9C3QCY2VytHQqrfwL7i+CeNbBkrLFfrhgh9NT/69UWPBAxsL8ATibBxAHGPvP2wA5g20Nu5wnoH2vM9YV3od8IqLwIc+/r6oElIJ+/zWvvwl1Lx9BuEbh1NGmZVrbkF7F73mgeirRxIHcx+bYctj2WgBUYnL6YFa9P5pnlxSS9ks5gC9yVs4ZZb2fyzKR09s/L4ceuby9Uf15O2ZsRTN/+OCO7bSJWxs1exbg3F/Mva0oZ92IqEfFjyAh/hfzn5nPzvEzuioTqio384rMYxgG7PaY4mblxReQ9kYlt8XzSbrNSXVnES3tiyBiDRzhyeN1onj8/m+lpw4gBbJ/vZN3vYOTCVO5qHsviAmZ95D33ak6U7qTm4Y3M7Up72Wt016h0rBSw/Ilo5mUOI4ZqDuev4c+RY4HSti+ITGV6lpUZa9ZwM5n8KtWrtW/kZJ795U7G/yyH0Z/m8GzWWAZbAdtpPikv5VjCajY83LU1nuWbw5own235Dcx4YjUPjt3IuIfTuX/UGIbyGfsPlbP9zXKqSWDh1lzPyvJAxaXz7NwiHslbQv74ncyNv3HXV0RqJlnhs3n++RjIWtX+er1+MtpKr+Zw3HzWj+ms/0EfHlq8ijcnLWXq/ceZtTiH+/tbARunKst573gC//riZGKAkdNXMa5oMc9MyuTE0tnc39+K7Ww5r+Z+xl0/Hg0FnRwqgHuiiIiIiIi/FACLiIhIG80Fh80Fk04Ak5FzOp3gcIWi1jCIjrmJ6JgY7HY7V69e5aabbsIabuXLSxcwWcxE3tSP0NBQbDYbDpyEhobSYG+ivq6W2JibiYqKwmIxYXYCJmO93ytXr1Bfa/TCDbOGEBISgqPJzpUrV4wwGLBarUbg3GjHhLFGsLGuL9iaGqmtraO+voHIflFculTDpUs1NDXaMJvNgJmgoBCcODDRRKO9NdRtznq9q329M15j+9YA2NnVkuA7oephyPsf2HUU1lVA/xCY9D14f5IRTnqb9Ag8XQFLdsCuJhgSDvMmwsJ7vCpaY2HbfLhnB+R9AEscQBCkxMLM+1tDzCGpsP8qLDwKk47DkAj4+cOQ8gXkeVeKeouFTT+Bs7+FKRtgx4LuCYETH4Hjt8C6vZC+3Tgn6QlQPBnyjnX++i+q4OlPjYrabY9Bplcr6Zkz4NJvIe99+AUw8TZ4YR5UbmonXB4KU0Ph6XpYPcrruRBYMhPqX4fVu+CsGTKHwTs5UPSc56aZ04APoPhTmOc6t0kxMHeisdZzP7f+PKHDYNcMyNsNee9BpcN4rycOb/ulgIDEwrYM+MXrMPVDY7wTB8P+RyDJ+x/Xh8Guf4Kph+AHf4KJ9xoBvFx/p/bt5DDxrOiw9SiMnDibwfm5vFl2ngkxG5lRUE1W/hOtLWEtcWQ8+zhbMpa2toIOT+DZ7cUM37iRl15dzNSLQHg0dyWOIW32o66wtBv1n8yzC4sYv2ox6x7+iBVjR/Ps9lWwPJd1T5ViC49mXOZqXl8bwZadOz1fa01g4ZYCQp9bxavPzWY7fRiZuZh//8/7OPyEZ4Xs4DGPELOugH/JOY8NKzHxY5n+4h5mpbhV1bnN/dXXljL1rA0i40i6L52Ft3X3xP1jTV7E27+EZ3J/zYIcG9b+Y8l6rogNfX/DWzt9voKkf57NzVty+d+spYz0kWMNTt9Ief8CfvFSActnFxiVm3HxJKVk8liywt+eImbsIt4un8xbBQX87t0ilhe9AliJiU8gad5G5mWMZWjXSn/dWBn52GKyCmazbnkRE36TydAbdX1ZR5PxWAxbcqvJWppw7S3rXW2lY1LbW7/Yy8B0Nr83iPwXc3l11Wzya4HIOO4adR9Zj41pbezcfzKbS2PIX9u8XR+Gpj7CvPxckv7ffPI7O441gHuiiIiIiIifTM4u/2vl9VVVVUVc3I1ZsOj/Ll52Q44jIvJ1Sxs/lpI9vtaT+3b7tzUrb/gxb+R/pwL1t7/9jVtuucXncyaT71LV5sdNTs91bU1esafJ7CTYAkFBEBICN998M7d973uEWIMwm830H9ifK1eucOrMKW4bciuhvUIxmUw0NTUQGhpKUEgwX331FU5HE7cNHEjszbH0iehDfX0t9fX1OBwO6urq+PLLL7EGhxAbHUNwUBC1l69wpeYy586dI9Rq5dKF81y9fIVbbrmFYIuxRvDVujq++OILzn95EZMlmF69etHY2MTZL87Tp09fGmx2Ll78iqtXbNhsDTQ1AmZjXeGGJiPQNZmMot6WtX4dRtjtea7AYQKc5pZz58DZbgBss9la1ji+ZsfBVGSEupmdLCfXYzlgyTLYlABfPPJ1D+bbpygXpsaC8ydf90jE6XTS1NTUffcH+W459gr3TSkmY8ce5g7vfHP59tC9wdMneeN58PV03v6vx7u8/q9IT9PR/98TERGRb6eaGl/rulwbVQCLiIh8h7SpYqW17NVkMnmEv+2xAxYgom8ksf1vwRISDGYL1jAr5y9cpKmpgYGDBmGxWAgP701d3VWs1jBMJjPnzlVjs9m4Pe5Wom6KwokTW70NExZs9Y2c//ICjY2NhIWF0Su8F1cbGqi7eIm6K1dpqK3DZmvEVtdA375RDB16J422emovX+HLS19x5coVTJYgoqOjuVpn46+nT/PlhSvcfvsQLJZgLl+5RG2dDbvTQXCQFYsZHE4TTU1NmExNmJrPj8kEOI2qX1M73Z2drWWaTqfTr/Mm3eSEsVZu+jUsAygi8u1m48AbGzmVsIiHFP5KT2Y7yPZXTzNy8SSFvyIiIiIiATIdOnRI/2IpIiIiIiIiIiIiIiIiInKD/d3f/V2379N09epVBcAiIiIiIiIiIiIiIiIiIjdYU1NTt+/T3PkmIiIiIiIiIiIiIiIiIiLybaAAWERERERERERERERERESkh1AALCIiIiIiIiIiIiIiIiLSQygAFhERERERERERERERERHpIRQAi4iIiIiIiIiIiIiIiIj0EAqARURERERERERERERERER6CAXAIiIiIiIiIiIiIiIiIiI9hAJgEREREREREREREREREZEeQgGwiIiIiIiIiIiIiIiIiEgPoQBYRERERERERERERERERKSHUAAsIiIiIiIiIiIiIiIiItJDKAAWEREREREREREREREREekhFACLiIiIiIiIiIiIiIiIiPQQCoBFRERERERERERERERERHoIBcAiIiIiIiIiIiIiIiIiIj2EAmARERERERERERERERERkR5CAbCIiIiIiIiIiIiIiIiISA+hAFhEREREREREREREREREpIdQACwiIiIiIiIiIiIiIiIi0kMoABYRERERERERERERERER6SEUAIuIiIiIiIiIiIiIiIiI9BAKgEVEREREREREREREREREeggFwCIiIiIiIiIiIiIiIiIiPYQCYBERERERERERERERERGRHkIBsIiIiIiIiIiIiIiIiIhID6EAWERERERERERERERERESkh1AALCIiIiIiIiIiIiIiIiLSQygAFhERERERERERERERERHpIRQAi4iIiIiIiIiIiIiIiIj0EAqARURERERERERERERERER6CAXAIiIiIiIiIiIiIiIiIiI9hAJgEREREREREQ8X2DF3FHNKLnzdAxEREREREREJmAJgEREREZEe6HzJfIYnjPL4WXvE31cb4Zf7a30GYUc2+Ln/o6xNmM+Oc74edz+Or22ubYye56Ht/ivWe+5j+Pqj1zBPH/vrYH6Bvkf+bn++ZD7D55Zwvt09eZ93/+bd7nXQ7FwJczrbxgdf58x7XgHNvdMxuObf4TkKhOtabG9/50qY08G1XbG+nfPfDp/XmPexOzimr3M5PGEDFS1bGOfH97VozNV4ru1nsL19th2z+/GuZY5tt/N87zu+1n2fi9bz1um5co2h3c/tkQ1u+/MxFo/xtPN8QPdFERERERERQ9DXPQAREREREelOR1mbMIPC7M0cq8h1e9wV1rCUvXlpRHe0iyNb+GzWIY7luX4/V8KcCRNYe+shFiU2b7OB4TknWbn7EFNim3+fz+27c43fW163ig8BSGal93HOneT2gkMcc+3zfMl8xk2YD+77uIYxni+Zz7jlQ9hakUtCy/43EFexgATXa0rjdnOsIsrj3M2J283LaVH+z9NNwpOHOPak2/H3pPg43673KHkpeytyW587V8KcCaMYnr2ZY0+OuIbtO+B6T+LczjscZe16940usGPuBJbtS26dt9vjw/f4voYqilZBcjIf7vlvzqd1co25jYUV7u8BcGQDc/56ARKjujb35GToaAxHyijsbGyBOLKFZSRz774yys+ldX7tdgePeRvvy7i5dPLZbudcAhXr51N1DhICGnsUU/IOMaVlH6OYhvf74bqWhm7mWEXr4xXrN3S+e7/mmMzK9u4Xfl3rQHIn90Sv5yvWj2JaAmytWEBC7PdJTYZle4+yKLHtZ7Bi71bI3uwxvuwCt/uor2l7P39kA8MnjGJZIJ9zERERERH5zlMFsIiIiIhIj3GBHXNnQMEhH0GBEdYcm3WScZ1VGyYu8AwgYtN4PBsK9za/7gI78rdy74plrcFG4gK2Zu9jWZHbNitd4d7updzr6zixaUxxO0502kyy2cdnf/Njqp2O8SgFy/eRXeAKe4HotGWsTN7KK80VgrFpLEpzCx4ZQc4KV4Dp9zwDV7HeFcJ5h06xabxcsZnswhkeFYWBbt+R8x+V8WH2Zq8AagSL3K6X8yUrWbZvGlsrvIO1KKbk7WYlq3xcQ0cpLUwmddlMsvetoqDT8RxlrSuce9njPQASF7Q81uW5tzsG4z3Nzp7W2QD9VrF3K/eOX8bj13hddF0UU5Yt5d59Jznd7jbGvaFqxW6O+Qg7E57040sXXXHuvyndN42tXvejhCdbP5f+8WeOnvy51rsi4cnNZHOSqnPGuMaOT4bCMh8VzUcpLYTscdcY2iYuMO6hAXzORUREREREFACLiIiIiPQUR7ZQOn63K/Dwbs/qaluauIC9cZuuLUg499+U7ksmdYxncDcoLhlOnHSFp0bg3Cbcu1GOlFHINFI9wp8o4obCh1Vn/NuHX/MM0LkSXilMZuWy9ioOjRC6MN/V7jbQ7f3hM6xqZgTn967Iaiegi2LKrGlt93GkjMLkFMbGusazt+Mg9HzJJgqTl5LTQSVk1+eewuPtjcEVSKaO63B4AXAF32OiSMhcyr0dntvr6G8nXZX27TiyhWX7pvH41/J53EppdwSXnc3Rl+vxfpw7SZXbr8YXV3zM0ec9qIvafMFFRERERESkYwqARURERER6iIq9uAKeo6xNmGC0SK5w/ezOYpBru+gxKVQFFCR4VbL97SQfMoQ4r4rB6FuHQAAVem3G76r27DAU9HOM5/96EpKHtMy5Wcfh7QXK9+zj3vHfNwLH6zHPdvbZ7v4D3b4TzVXQ09pbV/TcSapoG3p7uGUI93oEXq5Kadd5ix6Twr2FmzpYt9TrPLfnGuY+KG0m2T7GUFG0CtoNtwNnBNkpjI0FYr9PqnuF+Q1zlLU5WzsI7ZtbEad027z9FpvGqhXJFOYEvja0p87n6K3Ta71LjM4GH2bPdKuYHkGqj3C2u8/5NX3xREREREREvnMUAIuIiIiI9AgXqMIVeB4po9C79WlsVGvYFvt9UvE3SDBax3Y9mO3Y+ZL5LVXKr8T5bk97o8ZYsX7CjamS9BFMe7hliGfL7EC375BRmb13BSybMIrhXQnHYocQ5/67d6V07PdJTd5H6UcdB35xt/pxnrs89xGkZnuP4Silhd35/noH2UY74NYW4tdR4Qy36v4yUis6r7a/N26gx+/un73hCaPadAUozBnl8bzxM4Fl+wIbanRaLsd2L4XlExieEEAQ7Ncc97mu4+Yf9+vZz2t93yrGuc9xrldFucfzK2FZ2xb7CeO8q+KNyvCVmW3bP3ufV3+7MUTfOsS/DUVERERERFAALCIiIiIi7TlXwpyECSwburmLwWznotNyW6qUV7HSKxA5ytqE9sKd7hyjcZxpJ5aytyLQtUm7oLNqXe9Wt4Fu74fm894cjgVUnemqEr79FuNXY61V94pI/4LQqr/6ccxrmHtC5lJYvqUllDtfsonC7qyCdbWTdg+Uo8ekcO++Msq7reK0HdmbXZ+bzWSzlWmdretN29bnrZ+9zWT7OkSBWweBlp/drEzuwnhj03i54lBrEOwdsvri1xyTWbnbfXxt1zLu9FpPXspe9zl630dant/NyuR9LFvpY+yJKZ5toFtaovuYltd5XeTnl1bO//WkfxuKiIiIiIigAFhEREREpIeIIg5XWJaYQnbhDM+g49yF1tDi3H9TypCOw9IjGxg+YRVxBW2r3Yyqy5NUeYVc7bVd9ld0Wi5bPVqpjmBRRQfhTgdjbK818OmqfTDUbe7nSpiTMIOqFT6qj6/HPNvZZ7v7D3T7AEWn5XKsYBofNgelsUOIo5PqXY/WzMaawZ7VmqMYt3wf7FtFgc/qRj/XYr7Wucem8Xh2cyh3gfI9+KzI7KqKolV8yFamuX9JYcIqPmQfy4pu1FqtI1i0e2knLbe/Qe2DY9N4uWIz2e1eG774N8fOtLnWAxbFlLz2xu7ZBrpi79bOW5wH6HSVH23TRUREREREXBQAi4iIiIj0EAnjcK0/OoJFFZuJc7VcNYKpLS1h6PmPyogb10EQdmQDw3NOsnJ3O9VprpDws795PnxDA4rOxugzPLxA1Qm3tYzPlTDHFSD7bJ97PeYZm8bj2R0FhEagmj3LFUYHun1XeJyrEeSsSO4gJDPW+21Z2/RIGYVMY2s7laLe66I2M1rmdhLodcPcEzKXUpVfwvkjW1g2dGab6tCuc6057aNKdu+KZK92wNdZ83nyVZnqEp02M8DQ9XoayO3JflaAN/Njjn7x40sFHTM+H4U5G9q8vwmZS7m3sIwKV/vnDtfRDtSRDUzr1vblIiIiIiLS0ykAFhERERHpKRKzSN0zwdVC2bt61tXa+MgGxlXN7LDtaMXerdy7YlkHYZmPEKQLAUXFeq8Q5cgGphW6BbQdvbazMfoIjM6XrGQZresEG62LN3dwLrpnnt4SntxMduGMtm1wXdXI3us3B7p9R86XbGgTulYUreJDt3a10WnLWJm8lWkJ3iHXUdYmTGAZS9nrqriu2OsWBnuIYsos93VRjTbbLVXpiQtaWvK2WQP1yIaW7a557rHfJ5Uyluaf7Nbq3+bgO9XHsaPTZnq2A74BEp40KlOXttvKewSLCqZRmBNgu+9rda6Etd7HO7KFZfsCD0g7n6Mnf671rmj5fHi3pI79PqnJWyldX0Zhdvd92aBi/SjXl13c2tOfK2FOAOsHi4iIiIjId0/Q1z0AERERERHpLkaL0rUJoxievdmrLfIFdsx1hXd5HQVhRpXsh4UTGL7c+7lkVu422jBHp+Wyl/mMSxjlem4aWwNcP3dQ3Em31zfv/5AfwYl/Y0x48hBb149iXMIq11NL2evW5vl01T4o3MfwwrZHyC4wKou7Y55tGeF8qvvYWsZ+iJfbzD/Q7YF9q7y2NeaUw0mWTRjFMo8nNnPM45qIYkreIcaWzPd6f7ycK+GVQsguaOd6Skwhmxm8UpLFy2ltn45Oy+XYmBLmTBjFcI9npl3ZvVoAAARuSURBVLG1ojkc7MLcPUQxZdYQluUPYVW3Vf82V0Fvbuc6MNoBT8svIafletvn+7w3f0YLZ3hdh63XsX+MLyuMW76SHWNymeJrk8QFHKvIYsdcH5+b7M0c8/NLBIGqWu59vGlsrcjtwmfI1xx9nFfX5xy/rnV8flbuXbHbd1cAoPnLDctyZrB2nHsHAmPt62XLt5JdsKDdWRTmjMLzluN5T2nzfPZmjlV045cXRERERETkO8F09epV59c9CBERERER6V7nS+Yb67C6aQ41RbruKGsTZrgCqkBDym8T4wsTpeM7CgJFRERERERErl1TU1O371MVwCIiIiIiPVB0Wi7HfFRdilwboyJ30dc9DBERERERERFpl9YAFhERERERERERERERERHpIRQAi4iIiIiIiIiIiIiIiIj0EFoDWERERERERERERERERETka3A91gBWBbCIiIiIiIiIiIiIiIiISA+hAFhEREREREREREREREREpIdQACwiIiIiIiIiIiIiIiIi0kMoABYRERERERERERERERER6SEUAIuIiIiIiIiIiIiIiIiI9BAKgEVEREREREREREREREREeggFwCIiIiIiIiIiIiIiIiIiPYQCYBERERERERERERERERGRHkIBsIiIiIiIiIiIiIiIiIhID6EAWERERERERERERERERESkh1AALCIiIiIiIiIiIiIiIiLSQwR93QMQERERERERcedwOKirqwMgLCwMs1nfXRYREREREZHvluzs7E63KSws9Pm4/l+0iIiIiIiIfKOYTCb+/Oc/8x//8R+89957NDY2+vU6h8PBH/7wB9avX8+uXbv8fp2IiIiIiIjIN0174a4/z5uuXr3q7O4BiYiIiIiIiFyrTz/9lHfffZfBgwczadIkrFZru9va7XY++OAD/vjHP5KUlMSYMWNUOSwiIiIiIiLfeE1NTR0+76sSuLNwWAGwiIiIiIiIfGNVVVXxzjvvEBMTQ1paGmFhYW22sdlsvPPOO3z++eekpKQwYsQITCbT1zBaERERERERkcB0FgCDZwjcWfgLCoBFRERERETkG+7s2bO8+eabhIWF8c///M9ERES0PFdTU8Mbb7zB5cuXmTRpEkOGDPkaRyoiIiIiIiISGH8CYDBCYH/CX1AALCIiIiIiIt8CX375JW+88QYOh4P09HRuuukmqqureeONNzCbzaSlpRETE/N1D1NEREREREQkIP4GwIFQACwiIiIiIiLfCleuXKGkpITLly/zD//wDxw6dIjo6GgefPBBevfu/XUPT0RERERERCRgCoBFRERERETkO81ms7Fnzx7OnDnDrbfeyg9/+ENCQkK+7mGJiIiIiIiIdIkCYBERERERERERERERERGRHuJ6BMDmbt+jiIiIiIiIiIiIiIiIiIh8LRQAi4iIiIiIiIiIiIiIiIj0EAqARURERERERERERERERER6CAXAIiIiIiIiIiIiIiIiIiI9hAJgEREREREREREREREREZEe4v8Dc1MQF6gXiNYAAAAASUVORK5CYII=" height="600" width="800" />
<img src="data:image/png;base64,iVBORw0KGgoAAAANSUhEUgAAB4AAAANuCAYAAAD3oxQnAAAAAXNSR0IArs4c6QAAIABJREFUeJzsvduTXdV5t/u8Y8x16FbriJCMJBACCSQBDsbGQBw7qS+f92enapedqlSqYl/mIn9UbpLc5HQTE29vx3Ziyt5gYwwI0BkdkNARHVrq81prjvHuizHnXHPNXi21QAKB38fVqHuteRhjzLlUbj3z976iqophGIZhGIZhGIZhGIZhGIZhGIZhGIbxqTIzM3PXj+nu+hENwzAMwzAMwzAMwzAMwzAMwzAMwzCMzwQTwIZhGIZhGIZhGIZhGIZhGIZhGIZhGF8QTAAbhmEYhmEYhmEYhmEYhmEYhmEYhmF8QTABbBiGYRiGYRiGYRiGYRiGYRiGYRiG8QXBBLBhGIZhGIZhGIZhGIZhGIZhGIZhGMYXBBPAhmEYhmEYhmEYhmEYhmEYhmEYhmEYXxBMABuGYRiGYRiGYRiGYRiGYRiGYRiGYXxBMAFsGIZhGIZhGIZhGIZhGIZhGIZhGIbxBcEEsGEYhmEYhmEYhmEYhmEYhmEYhmEYxn3Myy+/vOptTQAbhmEYhmEYhmEYhmEYhmEYhmEYhmHcp5Tyd7US2ASwYRiGYRiGYRiGYRiGYRiGYRiGYRjGfUhT+q5GApsANgzDMAzDMAzDMAzDMAzDMAzDMAzDuM9YSfbeTgKbADYMwzAMwzAMwzAMwzAMwzAMwzAMw7iPuJ3kvdX7oqp6twdkGIZhGIZhGIZhGIZhGIZhGIZhGIZh3JqZmZm7fkxLABuGYRiGYRiGYRiGYRiGYRiGYRiGYXxBMAFsGIZhGIZhGIZhGIZhGIZhGIZhGIbxBcEEsGEYhmEYhmEYhmEYhmEYhmEYhmEYxheE7LMegGEYhmEYhmEYhmEYn29UddXbisg9HIlhGIZhGIZhGIZhAtgwDMMwDMMwPlVi42d32/cioIzKFc/9LlCac7mzPevzFeQuly5a+Wh1iZUk1e3mMTxWc9/mPIbXbPl1Dnc034+ztqtdwTj26O4Wx1hJ/H1eJF99vuX1crUpfZbzaK6tiIzcK3B3Ph/lee5krncifOv7iMjYed3JOevHaB7v83LfGYZhGIZhGIZh3EusBLRhGIZhGIZhGPeQOObr80YEcj7u+Ferye5cpxnG3SHGj/e5VNU7FsHl9h9n33HHWelnwzAMwzAMwzCMP2QsAWwYhmEYhmEYn0s+DyJ1pTFG7p9nUZtjHKYHk1BSECWiQEDwK4w85X2bxykTpbpsr/oaxNr2IKu+tvfTOt6vjFuj+3vd7sXoxsnWelL2TlOz5fHyPOfs2bO89tprnD9/nn6/X73nnKvSueXPnU6H7du389RTT/HUU0/RarU+9pzKMZfy2pK/hmEYhmEYhmF83jlw4MAnPsazzz4LmAA2DMMwDMMwjPuEOxG6Q2H4+aJeLrk+/jiyTXpLa6/cPSqpu+y8JYVUGlleN+b7Ox1VJFArLSxKLIRy+X5Nx932WPcOt8Lx719hOo5Y/HdYRN01XltOs8z6Z0lV5rm4FdxdGlopSZsy2DlXidrVitSFhQXOnDnDf/zHf/DOO+8wPT1Nnudjy0mXr7XbbTZs2MDp06fp9Xp89atfJcuyW+4zjo9bQtowDMMwDMMwDOMPBRPAhmEYhmEYhvG54vOQ/G0yTqBq47Xluce73/u3zsrp5CSThKApj4ukdK+vZO0KSP2Y0vhz3Db1cWhtZT5rmbWSBP5kfLq9gmPtv6PfDX++/d11v4jF+jiaMlhXOcRm4vfj9P2t7z83N8eBAwf48Y9/zGAwIMuyWwpcVWV+fp4rV65w8+ZNOp0Ozz77LN77ZWNaDaWsbo7/k8zLMAzDMAzDMAzji4IJYMMwDMMwDMP4VLkTpVmXVvdPOvFWjAqcJGCk7PlZS/ZGAYmlqKkncl1NcKVMZhI5d0sFayPdO36bprh16lAU/wmkUkpYClIzeEPtG4bn+thnGCXe4qfxOFx1/s9X4hduN0OHFmtcrrRU76Q9071bZIaluc39y2rHtlLP3FKU3qmAnZub49y5c6gqWZbhXD3hr3jvl50jxohzjqWlJT744APyPKfdbt+xrB0nsMufY4xjxbBhGIZhGIZhGMYfEvfz77GGYRiGYRiGYXzhiKgGVAORJO2WC9mIKBA1fd3Ns6/SCTXPmoSSQjXqO0NIyU0ZOfC4ZLTxSUlFvocauym160XAP5+J+k+GiOCcq3r0iggxxqqX7mrJ85z5+XlCCNVxsyyr+vo2JWy/38c5VyV++/1+td2djr/+Z1m6ul7C2uSvYRiGYRiGYRh/6FgC2DAMwzAMwzDuOaVYGSf5ViNd6v1hP0+isDnWRibVpZ89QpSyJG/xWiFLV1vedrUIsuper64UTcXq+0YqeLRz8crnSwzPKbHocyzDPYWIFiWmhznUT5tYK4zslr1ex9XeX41sWymteW8p7icdzihKLaXKaM47ja0Y58hW5d6fFnFMEfDa/VO8WSVekZHrsRL11GwIoRKld9r7t560HQwGVfJXVavjNtPAMUZarVb1fQihSgPfCXXR29y3FNkmfw3DMAzDMAzDMEwAG4ZhGIZhGMbnjNX1Lr0/SUKuLtrSfKR4J1bJzeCGAvZuk6TsrUVwErJpzIJHVFGGcmmsttdRuahCdQ6hEIxSU4rq7rrgvhX1+cpn1Ge4Ln7vlahrlnZGA+CqN1bozvyZ8HH61VZdoxvzWe25xp37TiR++X2/32dubq6Su865SvCW35fHr//pnCOEwMzMDHNzc2RZtqx/8O0Yt+2n81CBYRiGYRiGYRjG54PP678cGYZhGIZhGMYXmnrSbTn3b9naUibVv4DaXIa/gjiNtX6/iYASClUZpfi6V2NdhTpLIriMIg+LCUOzlPCtKecDjFzX0SPee2IMn7ooW+l8K9/fnxy37K5JPztN1/2zEuAlt5u7a3yN4+PMo0z8igizs7NcvHiR69ev3/Y6NOXvzZs3OXfuHBcvXqzSuM1Ebj2p65wb6c0bY2R6epq33nqLmZmZamzNvzfGjb/X63Hp0iWOHj3KxYsXWVpauuMUs2EYhmEYhmEYxhcdSwAbhmEYhmEYxmdAU09JJViKLOyIx1DAE6p8bF08ulKXknK1o6V7PyuEWspXhFiINzQiziWxqmmuSd4ATqo5lEVwywLJoXbs1ZZwHj+u+ncpfdw8nuDQYu3KMsFRwGm5raASiu9cEsE6nG8py6qMs6Ty0RI1rYWQ0sIyetZIxAGCH5nv3SJoUWZaGdYRTiMsRpDmp4AbEYICokS0yE6nexGSwI+1UtbjH1cYvupF0KiIUySWwk64GxrcMVz7UDRbdsUFVFUoBGH9emt1petHGX3lbl6P6tyN9K7TdAatJcybn+Tl9+lwLrcqsd1M4OZ5zszMDAcPHuTs2bM8+OCDfPnLX2bz5s202+0VZXCMkTzP6fV6HDx4kNdee40zZ85UPX/LHsKlZC5TwHUxW5aJLsfxj//4j6xfv559+/bR7XarJPHImtXmtrS0xKlTp3j99dc5cuQITz/9NF/72tfYtWsX3W63ShffCfdKGn+ShxtMZBuGYRiGYRiG8UkRtTpJhmEYhmEYhnGPafYAXt5TVWrp2Lr8VU09NeOIhFI8MlJE+f4p7VOWPJZqlh5HqGRfrMSIT8YOiEiMSSq6TjqMSLVGzd67n0QAw+haKVLIzOXvjb6WosiqoeglG4pXM3wlayJIROPyLr4iAlEZxBzn2wRXSGNJ5/fl/oBbNuNPRn21ksRtisRIoajpDXq0fHpOWGLEZ8X3aCVyBc8gDMicDAWw+Op6RU13pNSuYSTgENo4gka8JAEMFMLv7tzBVX9aSWcO6DBlrg5xQgyRQMQ5X5TpHu2w3fxs3s2rUabGYwhkvjhyjHhXCOBbyHCtukM3hL0qTt3YxH3ztcFgwKVLl/iHf/gHXnvtNaanp+l0Ojz99NP83d/9Hfv37yfLhs+Jl8copfHZs2d54403+PWvf83777+Pqo4I4PJ8ZeK3LoXL90sxHELAOceWLVt4/vnneeGFF9i7dy/btm0bEaB1AfyLX/yC//iP/+DNN9+s3n/uuef43ve+x7e//e2PJU7vpQCur8nttq2PxQSwYRiGYRiGYfxhUVZGOnDgwCc+1rPPPgtYAtgwDMMwDMMwPgXuUG4VzT1jDIhLwigvvgJJEg3F2vDo4+TVp49U/3VDdYqKIAJSJF8FpaUgDPC41D5XHIojaJpnmuu4VGlTYa4eBxThULQoLx1rx3NQyNjhz+X6Zg68elRL+ZaPiPvkiGMhNBW0TEBGiB4QvGuhLhUo7kt5TctCvr46592krpKGGd76e7Uz+g7OJSnsnEfjsFSxuqHods5T3m1BMvqkuQBEqa8gxYMLnlbxvReHxoCvDexePMBQT2ADSFQ0KCIexNEDctVCwo+uU/1zVM7mbj457bzHkX4hz0bC4NrQzfVP9egnvXp+gvQgQVM4Vv2qi9f6/T4XLlzgn/7pn3jzzTeZmZkhhMD8/Dxvv/02//qv/8p3vvMdvvKVrzA1NQVAr9fjzJkzHDp0iGPHjnHq1CkuX77M9PQ0IYQqsVuKXmBZgrcuhZuEELh69Sq//vWvOXr0KI888giPP/44e/bs4cknn+TBBx+stvvJT37Cz372Mw4fPpxWqpDIBw8eJMsyOp0O3/zmN5f1Hy7lc/nzvaSZeC7nPC6ZfStCCLcth20YhmEYhmEYhnErTAAbhmEYhmEYxn1AKv2aZGL6bigKAkIPmF5ULtyYZdCeYpAliail3BrjFT7LWj8ikOlwXAFwAi5C2ykPdOBLXaGjAs4hePpFqedFgXlgJsBCP33dTmzfyVxLoRcYrh8Mx5pEdfqa6MCGDkx6mAAmBVqSUs2CIwYqHS+S+gUHVTy+JqFcLa3tGABLpDnOArMDmO9DLwcijPFkH3u+TkFcee40X1Eq+VqmYyc8rF8DXQeTQBeXfll0INooklwIqRCFKJ4rffhwrk9PWvRFCI17UlKlbbphwBqUhza2Wes8XWKRnr73gsspRCepB7Lz9BDmgUWEmwFuLkE+AIr1Sg8GFOMv1uxufJ5c8URDKwZa2mfzVJcHuo51AllZzhktHglIF64q+66RWFxMp+OT8ONkYSl/T5w4wY9//GNee+01ZmdnAeh0OsQYGQwG/P73v2dxcZHjx4+zefNmAK5evcq5c+c4e/YsFy5cqKSxiIzI37rYrMvges/huogFRkTtzZs3mZmZ4cKFCxw+fJiHH36YXbt2sXnzZpxzLC4u8pvf/IbTp0+zuLhY9RX23rO4uMiRI0d4+eWXAfjKV77C2rVrlwnwcXxacnVubo7Lly9z7tw5zp8/z9LSEp1Oh02bNrFlyxYee+wxpqamqvS1SV/DMAzDMAzDMD4pJoANwzAMwzAM4z5gKHNGpU4gEkkJyws3ZvnvA8fpTT3AXDZFKBKzFRJTb9kacht1qnfZM8RC6GQxCS0fIUcYiOJEacc+Gyc8T21ew6ad62ipIxbSuwfMKpyfGXBupsf5+cD1hZyZfiTcxV9dRF1K/0osevuSug4rVOV1o4IG1nVbPDjpeWiqxbY1HbatabGhDW2BNmn9nCoiw16yqpHoPFHLpCxoTEIvV2U+hxt55Mx8nw9uzvHRYuTmkjI/cEXv1NvPdbVJQqfpHkhpZ0dwRbFnHZ33upaydcMUD021eGgqY+sErPVFIrpMbgNOIyJUZa5z4NxMj/8+do4Z2iyJp+8zRB0OD1FxcUCGMtGf48G28s0v7yGbgu5qTPfHRJCUvJah5HaiDBwEVa7nwvmFPhcWcs7P5lyaz+ktDZAoqM+IMuxdLJKh8e5k6z05Lg5oDRZYE3v80WPbefpLG5joOERjuh41+VdfIZGUO5cVPrRNaVj24V1aWuLkyZP84he/4Ec/+lElcJ1LZaO993jvmZmZ4be//S3vvvsumzZtQlW5evUqvV6vSra2Wq2x5Znr92M9AdscV73EcSmHy3ECzM/PMz09zYULF3jrrbdot9tkWcb8/Dx5nlfit95juNVqMTMzw+uvv87S0hIxRv7oj/6omkNzPM01upeyNc9zLl++zJEjR3j33Xc5efIkJ0+eZG5ujsnJSbZu3crDDz/M1772NZ588kl27NjB+vXrR+S4YRiGYRiGYRjGx8EEsGEYhmEYhmHcc8bLo/G9bGMlJZyHEJTolQHC+Ztz/M/vD3Bzcgs3W2MEMMNyt6X0GpcMHhnDPXAf6gSJShYjmabZh6KscDcssX3DGrK9O/jqznW0nGcA9IFrOZycDrx+9BTvnrrEB9PzLEVPbHXQxq8u46TNqoVJITOji+CkSHeGtGZF71iiInmk45QsX2D7A+v58q5tPLdrO09sneTBLqwnI5NU4rnlUm67TNmWVyUUC5yLYyCwgHBmFg5/NMvbp87y6uFjzGmL6CbIXYfVFkPWuHo5JEUf6SBu5P6QUgATycKArlP279zGH+36Enu3b2b3BseXMpgoinm3YorHxhCIAuIcqvDh9Zv84s13uRTa9Ftt+q6dMr3q8ApZjLg4YCqfY+dUxhOP7WTzZJv1Reljv/LQPzYOimcpUmpWgR6eRfFcVThydYnfnTzHkXNXOHNlhvmQoU5weEL52IQTxEkh7+/g/lqRiBOlRaC1NMcDWY/JiQ47Nq5jS8dVJclvtx7poYXhfZLGtVxkhhAIIXD69GlefvllfvrTn7K0tMTExATee0III4ncLMtQVRYWFqr+U2XKtkz6OufI81Tsuyl260K3fM17XyWEm/2Iy23K98vXut0uWZYRQmBxcbFK8GZZVo3Xe0+e59Uxvff0+31+85vfsLCwwA9/+EP+5E/+hE6ns6wk9L2kKZynp6f5r//6L3784x9z+PBhJicn6XRSn/MbN25w7do1Dhw4wCuvvMK3vvUt/uIv/oIXXniBdru9bM0MwzAMwzAMwzDuBBPAhmEYhmEYhnEfEmPAOY94TySlYxfImJEWi911LLbXE8WNSL3RjsBDCbyq891Fx6CqaFS8go+gmhNQvARiLoTOFG5yij6pDPM88OEC/O70NP/PGwf4aCDMh4zemoeI3hNUio6nQ9wKUiTeRtKlNSmPlWRSdLFWSjvJKB+TZBughNBnZgDnT3zEb06e58U9O/g/zzzO0xuFKRGc9wx1vlbHdc6TF0nZnoObwPHr8P++dYTXP/yIq73I0uRD5K7DUj+iZPgsS7Wy7zKlnIs4kLJkb0Rijtc0b6cwe6XHe5eOsXPTOf73vu38389sRUhp51btWKDkquQq9HzG0sR6FqXLIhmLzoF6vAgaAq0YyVSRpZw5gX67TX+VsvNjzVUhhhxx6XoHgUDGPHABeOXoVX59+DTHri7RzybodTbTV5fuKe/IY0r/Rhyywofo40o5FwKiOWtcxgSLLHWH5dzHUf9E17cpk+vNsTRTtZcuXeLf/u3feO211+j1ekxMTFQCty5ngaqHMECr1SLGiPe+Oqb3nsFgMFZKjksfN39eKW3b7A9c9vYt59Bqtaoxl6nl+jHLfZ1zrF27liNHjvCjH/0IEeHP//zPl43pXgrV6nNWlNX+53/+Z371q19x+fJlNm3aVEn0uhxvt9vEGPnVr35FjJG1a9fy7LPPju2ZbBiGYRiGYRiGsVpMABuGYRiGYRjGZ8byf+DXIq0p4gmFUoxFb9yB7xC761jwXeazSfJCAFepVYpEr7oq+bsahXB3itvWzk8SsVksu7tGxCmtmONFWfJtetKiR5K/J2bh1aOX+OWxM5zud5nJJlhynuC6OJetKnnZlFK32qfp9KJEAopKrNYtU8jUA47QTsJtNi4wHRYIH16j5QW/exv7tk6QARrBO0dKYrrq2uEygsKNAO/fhH/51e959/oiZ+MEi94TswmCZNBO19x7yO9SueHh/IZiqvzZiaT7Jga8RhRHJCMLgTZtZmci/th5Wprzfz29nc0OOpR9qgURhwhEIn2XsdjqcDNkLLkOvaxTJHAd+CSAO0Bbl+i1IwMP6iFp1rvXAzjWjiTi0JiDcwQy5oCLAX78zhleOXGR0zcjN7KNDKSN+jK9mpLNtIrP322k5e1Ydg9KxBU9lUUcE1HpuTYDufVnsPle6g9clOKupOaozB0MBly4cIG///u/5+2332ZmZqb6jJRJ37IUdDnWpogtt6sL4maitz7Xpoj23o+sw7j0b/3PcWumqlXp5/o46seo9xmG1PP3vffeA6DX6/Htb3+76q1bP9+tegN/EkSEa9eu8eqrr/KrX/2KCxcuVGvnvR8R1+12u0pihxB45513mJycZM+ePaxZs8YksGEYhmEYhmEYHxsTwIZhGIZhGIbxKaOqhSgdIx/UgWjRwzRpRJVAjqdPYIAycI5cHFp8Jc1bpFkp6upKea5PZUoVKUkcQYQcqaUUFe88kYygnj4tloCFCG+cvsSvT57jxPQCi90N5NkkiqDqq7K4t6dRDPsWXic03ovV9XCVwB6oEoh4hFgkcgcuY1FbnF9Y5DenrtDJJuismWDvFEwW+tHjiQQg9T6OwFyA96dz/vPgKd64fJNroctSd5LgfbWN8wLqCHWL+QkpU90KRSljrQ4dFFCPIMTaAwSh5chjm5kw4Pj0HHLsAhPr1vPCtil2tiBDql8iy/UWSX1ziW1wLVJhaUBcKh4tkRBTwjmS39W0+ThUABGCOlSS/D3bg1eOnOU3x87zwYwy6zqErEuIjiABqUpal72cNX22VhirrCKlvaxMd/HZ8JpS8WUSu5LWpBLUzTveUeu1K756bdmYaoL18uXL/PSnP+X1119nfn6+kruliCwTtvUyw/X08Eol1m/1XpPYeJBh3L7laytJ4vI15xwhhGVzre9bytIsy1hYWODgwYOICPv372fbtm20Wq2RY98r+Qup9PPLL7/MpUuXRlLK9TWoJ51LYT49Pc3Bgwf57W9/y0svvcSaNWusBLRhGIZhGIZhGB8LE8CGYRiGYRiGcR+iRZI0xkAQJQA5Sg8liCvEoaA61EeQ0sJ1aRWWHfmeD5yUEBVUtKZlIw4hqhDJGLiMBeDcpXnePHOJQzcWU2nrrIu6diqDrEoedVm555X6365GLDZlsmO5EC7fiDESxaecqgiQEV2XGIX3Z2bJztxk49pJdu7fQLdR0jhqRMWzCHw03+Otc9f5+fFzXMnW02tN0nddolMCg2JODlRS/2B39wojRwEtBK84X/Q7HiaBIaVHlSJ57oWlPMN5x+VeoHejR/u9M2yZ2s+Dm4QpVzxuUB4nKrgMfIcYfCEoXXryQBzik3RUQuqH7FrFvtw10d2cL6THAWLxEMIN4P0bS/z07SN80Otys72J4Dr0aRE8BFXwoUjWFkKxFJDFfbiM1Yx9maV1iEa8RFRDJYTHblqeRrXWK9zdcltIAnIwGHD+/HleeeUVFhYWKrlYT84CI+K0fK+5TZ3yvXHJ4GYZ6ZWOUY6lKTXLNG4zkVxP645L/TYFdlliud1uMzs7y9GjRzl37hwPPPDAWAF8t+WqqjI3N8cHH3zAO++8Q7vdrtLHzfE216lcmxs3bvDf//3fPPnkk1W/ZsMwDMMwDMMwjDvFBLBhGIZhGIZhfIqo6rKevU5rMs4Jqqk3q/MerclA5zxZ5kBzHHF5MrZMcupo19DlbUzT+x83iVk/3u2OESXiSMIrzd0hvkOeTTANvHrsA05fm6OfdQitLpEWISgel0RhGBCztEZDWVLrF0oglcP1JKN265KpUpT5FZHqmCk/XduvsJPikwgVVUKIRHH4dpd+VLL2Wt6/OssbR5b43/u/woR4JoAWCniiRPo4ZoHj00scPP8RM7FFL5sg14wgGVFTiWKKe8L71IdW9RbaXmIlwEVuI4akeYfEMWvo0CJx7kSKXquOGB1LkjGjgXc+OMep3dvYvW4jrXa6/hmgIlDcr1EjUcty3YUAJq2bE0n3iRPUCVHLBxPukQUm3fmKow98tATHr85z6uaAucn19KTFIAq5i8XzCil9ncaeg7RSwldlxYcNVjPqZQ5U4kia15Uic1nK3QGStm28k4QwwOjB6xJ2aWmJ2dlZ8jwfSdjWxWOZzh1XDrlZUrkuius9bkdGXLxXLyPd7C/clJ3195rb1EtI53le9SNevsbD9GxZRrleNrk+3qZUru+/Gm6XUi5fO3PmDG+88cbIucv366Ws69TXfDAYcOzYMc6dO8fGjRuZmppatmbj9jcMwzAMwzAMw6hjAtgwDMMwDMMw7jlDIbuSMB2VtJLKO6uClGVhIeoACT28RIQcR1ZLryYh42vHcUVDWwGkJrKipC8fhyWPo4DT5cWWY9oZNEnY5vBbyDB1GctkqUM1FgIygoLzEAcBjUpQmA/wwQIcvTzLtb7Sb7XJkaKHMYRSUPlsZFyqisZQpWSlOI8Xl9LPrCyoXSEeJSreu5R6Va1S0967lFKOsSqXHELEuUKcAb2gZK5FrsKCd1zt9Tj84QJrtk2Seci0lD2eAcK1AAevzvLe+Wv0snXk2iKXWhFl8Tjv0NwV6xfLAsoj13W4AKlzbtr7NvW9C78aAUIkcxDIQR2+1UVjLATucF29CDFq0b+3xZJG5vEcOXeRvRsz1n1pLW1JSWetra9oGB2r1K5F7Rqo5niX3pbif/eKAAyA4xem+cXbx+hNbmbQWkPuWiAufcWIF0GjS+sqHUpR7slBVhB2qxi3Nq6PxLQePkImrUJPp/7R6conbqn1VUiNqodl35usWbOGHTt2sHv3bs6fPz9MfBfpWFjef7cuJss+weOSvGXZ4vSgAHS7XTZs2MDOnTvZu3cvjz32GA899BAbNmyg0+ngvaff7zM7O8v169f54IMPOHz4MCdOnODKlSsMBgP6/T7OuWX9buvnb77XlNLla6WYjjGyfv16nnnmGZ555pm7Vkp5XO/j+jr2ej1OnTrFW2+9Vb1eT1jX962L8nLbUgBfuHCB119/na1bt1YCuHm+e1nK2jAMwzAMwzCPxHVnAAAgAElEQVSMzz8mgA3DMAzDMAzjU8NRL8qcen5Kw6pGlEIiqqYSz4VwywhkQCvmdDUwEGVQ/l96iYWgrZWvJQlYiZqcUVVCVojqCIUpjVDIwjhGnsbCIwYcrjhODaWSyKl/qsMXwjbIAIh4UXwUnOZkTsgyxwC4dBOu5hnzquQuI5dC8ogyTDgWyTiNVWtjSRaUzKUercqAmEdaLkuzK3bV2tKW83JaqLY8EFVxTnEuIwKhP0CBlnOoeAYxyV+iIjGll9O8MvoO1AnXlxY58P4ZntiyjykPkyKEQv0F4OoinFvMuZELYc0k6tuUPjtJHEfM0zVz4siIaa7VRssln2oAdbftQ6uAi0pUxTuHJ4CLBIWQ93A4Ih6KRLRHCKFIFotLEt61ybMux85d4MPt69jzpbWUqrdQh9X5nKav+rhEyoF8OpKqFLOxOO1ihOmecq3vWfAT9FybQSk7NQBKDJBJhpdIUCXGQKaQuXSkdP81zvMx59MSpSWCyweIy5Goqcp0MXqFQsynn0tGHxxJErieiheBEAJZluG95+GHH+av//qvuXHjBkePHmVhYaEq3VynmWItZeJgMKjEZT0lPBgM6Ha77Nq1i71797J792527drFunXrWLduHWvWrGFycpIsy0YSw4PBgIcffpg9e/bw4osvMj09zfXr1zl69CgHDx7k7NmzzMzMkOc53vsRIV3vnzuyCjXxW6adsywjz3PWrVvH888/z/e//32mpqaqMszl9ncqTceVzq6PoUz5njx5koMHD3LlypWq5HT5nnOukvD1ZHC9pHWZZs7znN/+9rd85StfYfv27bTb7bHJ5Xp62kSwYRiGYRiGYRh1TAAbhmEYhmEYxn3AUCqkmK1GLT0PmQhtoBtyuoMlBr15gmYMJCNICyRJ5ZSUdYiWGcJQHXtEHpSJ4kY6dhkSliWWXRzNJ0ohPEsCsSpBrQwQp3iSrHIxMBGVTr9LWOgxnXVYyh25ZKjzODxBKfrHFmJEA14jPkayOMDHVEZXtEjXkaOaF+N0oL6aS+p/W4yz8slDAa9RESd4aZErqfS0S/1JBy4Dl5HjavKynnCNRBeZH/T48NI8vbCveleKUtQBuDGfM7s0IGiRLF4eiQUiXqGlSiv0yMIAr/mydVbyYpda8k9v3x80CohTJOapB7A4Ii36OHqtJHidE0JUimLQgEPEJ/Gftbkxc5Ubi/2iY/H9jVaPLMBiT1lYyhnkEFwq9ZzKMEOUgMNXSd10nwVczGmrkvUHKck+BhE39vXbkUnAhZxuf46O69Me9MjCMPVb3qf122SkZLwMqwmMzFl1pETy1NQU+/fv5y//8i/50Y9+xNGjR1lcXBybIB1X7rnZj7dM4z766KM8/fTTPPXUU+zZs4eHHnqITZs2LROsdcqevO12m7Vr17J161ZijCwuLvL444+zf/9+jh07xnvvvcexY8eYm5uj3W6PiN/m32GlUA0hLJtTjJHnnnuO7373uzzzzDMjY/skjBtHfb6qyqlTpzhx4gQLCwuVtG3uVy+fXZfA9e2yLOPDDz/k+PHjPP7442zfvn1ZOe/6+U3+GoZhGIZhGIbRxASwYRiGYRiGYdynJJEpeIW2wHrv2b5uivmJSWazCYJkhIYQEq2JqSI9qqTE4kif25pASglhNyZtmqG118qEbylYRaQ4bnnEYdI4SRGP8+BF0ahkIdBWZcuko+0Cs3MD+njwGUiLWNZ/riGF/J3yGWs7njUS8aTyzKoBp4K4NgChJp7Kvsoq9WOVcypSrnEoTkIEyVJib9DvMx1y8qA46aSSyGkBqgNFIk4iA3Jm+0v0I+QMewmXGebFpR4LvUD0Pq2fhpTqpuh36iJelUxzWiqs87BxoounP7LO6fTjZO/tRWQUaHlPPuhDjIhvodJiuh+YjjCvEKOkcTkpuhiXsdSUhs4ReoWCHq9E7w/qHXIjsNQbsLjUp6+pJ3BFUZ7ceU8MklLSGpggsmnNBJNEWrlP97TIsjl/nASw04iLA1xUJruTbKDFxlaHDqNXUYaRYJaXem70BK7uDUaSpZDKM//pn/4p169fZ25ujvfff39ZH9ymBC739cX9Wr6/du1adu3axYsvvsjzzz/PI488wtTU1Irljcf1262fT0SYnJxk9+7dlQR+7LHHePXVVzlw4AAzMzMjonSc5GyWiC6TwBs3buTrX/86zz//PJ1Op9p23Hg+DiuVYb527RrHjx/n3Llz1bbe+0pSNwXuuFRxfT5LS0u888477Nmzh+3bt3/icRuGYRiGYRiG8YeFCWDDMAzDMAzD+BRxNUFblxHDPrqpyHHZ39WR+ttOAg9vnOJ/fflJet2N9LMJBsio1CKuLIDFJyE6Uh66kMzxFj1Fi2NEoUr2jsynkMB1+QquOGYsSiyn0qdEpRUj6yba9KcmeevDG5VEToKkFKiKL8pAd2JON/TZ9cBGdj+wlu2Tjq73xDwHDYXUAdWI1BKQpQAu08nNhLOIr0r7qoCKJ2u16fcHTM/c4Mj0Iu9cniV3DocnF60SmVoTs4JHWi1ySXnrSu4UqzkISkAQSWVtfdE8N61XSAfTiMsHTLVaPPHgGp7bsZlu6CNEXNmrtSprHYnVWt9e/qomSdbtdskHSd+q8wwCnJpe4K2LM3zYT+XERXwq7Vz8qSiqgUE+QJ0nOl8rYH5/U65QLw8sDXICmu5h5xE8WsxEMhBVJB+wJvbYscbz5Z0PsLmdsUbyVAL8rhEhpkR7VwdMkrPvS+t4oJsSwK54bEBjupeyW8rKmO5HHe3pW/boBciyjG63y3PPPceJEyc4depUtc241G8zuZvnOSLCmjVreP755/nbv/1bHn300ZT6D6EqZ1x+vstjlj+HEKpyziN/140Ruzt27GDHjh288MIL/Nu//RuvvPIK58+fJ8/zqpx0CKGSuOX5yuOX44kxsn//fnbs2EG73R45RzP1XF+329GUvs0eynme8+6773LgwAGuXr3K5ORkdS2ayWXvfSWk6zK47LsMVOv69ttv88QTT/DHf/zHVUnp+jzqpbINwzAMwzAMwzDqmAA2DMMwDMMwjPsEBXINZCKoE5ymf9x3IdB1nkc3reWB558mZkJehATrQm655CyOq6PlnsvXUw/R9LM0KxOXLWgLx6gCMbWercrVlvtCOn7UkUNU59LiPGg6nlM4sQDvnl5IujePhFQ1Ge8dIU+JOY8wQWS99PnGnm18/ZEWu7opDZ0xHEf9/IxOo9ZJeHTMIsP5h3J9HES6LIW1vHoxcvw//z/6WZsoLURckSZ2OFFEk4QJKEGFQTOtWxRTLtPNCsSYShEjWRKRAs6BG0Q6Eti5ZSt/uncL39oJG3QCLyuU5r5DoqTrKa7oFSuQR7gQ13PlP2c5v9CjlbVQ7xiEgMtSIlZEyHwGTujnkZAP07XLs9qrK0X7acmqcnxBXErJiwdXpFpR1AmIY9Dv4RQyIlun4KVdD/Cdr65nI7CW4h67iw7YafqstR34AF0Pk270F/Mo4Kt1HN+Xu1L/Uiu5XisfXP95zZo1TE1N0el06Pf7lSD23i9L7ZZllweDVOz7wQcf5Dvf+Q7f/e532blzZ7XtuJLPTdFZ9hweV/64Lp/rUnZqaoof/vCH7Nmzh3//93/n7bffroTzuHurnngumZiYoNPpjJSQ/qQlk5tp3+ZxQgj8z//8D5cvX6bVao3c502pm+f5SF/gcpt6ojnLMrIsYzAYcPLkSd566y1eeOGFZeLZMAzDMAzDMAxjJUwAG4ZhGIZhGMY9JpZpW9yyf7iPVepWiAi4jIjiNBJjQBSceHwMTIljbUeqrRU3ktlt5kGTBItFweTyNRnZQJdpvPrB4tAEAxTSR2pW1RVpV2UomQulMZyjuEJWl71ZI1e9oxXLgsKlqS5mIIW+i4rL+3TjIpvdgB2tFrs8dFBagENGBG8YOT8jo6i/pgQcyYaqKlqU+C2F+lKmnMj6ZPkCLq4hF4c6X61nVVdaU6/cPBYCunYOKcamsSy97fDek4lHM08oxFdUxWnAxT5TWeShCdjp4AHKVOhwflBK18jyqz2e6vo6qvsgAH0HLQdT9MhwqIN+rPVHLh4wcM6R+SzNr7iO928J6DK3DOCrTx0uPVABRfJa0mcqaCFCXRLA66XP1qzPIz6t/zrSQwi377K8esrROQR1IZXaJn2eHX74REU1n1GaLaQh3XvNBwXqAnJ+fp75+fmqFHE9kVvfri5pnXNs2LCB73//+3zzm99k27ZtiEiVCi77DZf7lCKzeawm485bf6/dbtPpdHjuuedYWlrCe89vf/vbKlHbTL6WKeN6eefjx4/z0UcfVZK1PF9TUN/pwwjjylmrKoPBgIsXL3L8+HFmZ2ertSjFdVlOO4RQrX35Z5lmLl+rC+3yvfPnz3Po0CG+9rWvjUj7cdfOMAzDMAzDMAyjxASwYRiGYRiGYdwXxCQla1o3qqYSyyL44vtSAUqt1+xQctZSZyTJRHHM5WcbHqmmYBs4VNKZylyrr4lHJ8OkZflFta2rtiy1Yl5IUcHhXBKKQYUoblg2uezLq4XgcKkktvgMzzD56xpiTmCVok6LvdO8SvlbjtMBA7RYOwgqOCkK9Bbx4SipL7O6ogR3rUywaABxI6JdinixalowjUUUGsVFJROHC0pblU4xx3Yxp3INy6sdq9nqqMxfcbYy8p2SehVTnMdpLKpQK8EpIo6oIZ1CIiHkVRr4/pa/Q2JV4JkRMVjK3yjFekqqxy3F0wteoSPpGqSvtN/d/KU5UKSrUby46rOVbq2iZHt5nyHVa83y65XcXoG64Dxz5gwXL16k1+uNiMdxArSUmuvXr+ev/uqv+LM/+zN27NgxUn64Ljjr+zVfuxXNfespWaDq4xtCYHFxkffff39sH9+meHbOcf78eS5evMjc3BxTU1PLzleK7HqK+U5o9je+efMmv/zlL7l27RohBFqt1rKkbrl9Waq6LttXSjY752i1Wly7do3Dhw/z4YcfVteiXO9S1huGYRiGYRiGYTQxAWwYhmEYhmEY9w2xkKpJziT5m/5xP3NJGIai722pMSEpY23ouXpHXw94hilXjUIUJWqskp0wqomlpnYVyFK3WzxJELliG5UkYofZ0aGidCl2ipdhZjWvnSd5t1Ra2YkQSukrETSV6RUtE7QpeewBr+AkjgxYClFd9v6t1qHYZvjaaGbaK6CKFBI3Irii7K7G1Ls3iAPN0ohjErwKqIQ0xlLyFGOMosWqDfVtjElyKRkqUshgRTWV+m6hZCHgYimf44jkLudRuPHqGt+OciTl9ZQgRKdkku4JL4pKJBCAlJTVKuIdCXGAao53EF38XAjgknRptUh5k+6r8jpXvbZ96pM8yHEhkMVIC2gBXlMPZrcK0b7qMWlEY3F3eA8xFg8vDNPsgVgIYTc+662uCqHDyhWqy3Tq4cOHOXv2bFVG+VbCUFVZt24dzz77LN///vfZsGHDSJniegL1TlK0KyV+6yKzfK38c8uWLbz00kvEGPmnf/onPvroo5Htx6VmnXMsLS1x+vRpzp49y/79+8eOoVma+uPS6/X48MMP+fnPf14llldKGpcCeN26dWzatImlpaWROdXHWPY3zrKMpaUlTp06xe9+9zs2b95cyfjmPpYCNgzDMAzDMAyjjglgwzAMwzAMw/iUuFXhXqkU3fAf88UXvTxRRIfiNdIoZ1o7xugx44iIdCRRGxzMqzAbPfM5LAIDSSHDUT3qaEVoCawTZUtL6JKSaa7QyYIWqrIc+7BPrGpKV5ZVa4UiAUvZF1jRmFYlFslZipRsSgEXSegYyUNACwGcCajmIC6VzS2OPyyDO5yFSHrfF8W2ZcRDxaHMVkFHEpk1zVoKN00/V8Kl2CSEWv9jCTgycg04cTgdSmDnMpx3hCjgypRwIOY5RCVDcMUcpRLuoxdZGBV+t5LATVmrURFRHI6BBpz4qjSySvGlWi1kWepXoqt6Mt/trKFWd8e9obwHRQF1xf2o6QZEcD5DYup3m4LaUpUCj0VK+66OTgR8us+iAjGkhzwkvaBFOjmly4vP7hjHmm5Hlw7iRkdYys0YI1euXOHo0aNcuXKlSqbWSyk3k7itVosnn3ySv/mbv2Ht2rVVYrgpKe8k6buSJK737s2yjBjjSElnVWXLli1861vf4uzZs/zkJz/h5s2b1XulAM7zfOQYWZZx9OhRDh48yL59+3DOjSRtRaRK0dbXYVyP3+acm/O5cuUK7777biXY67K83oO4JM9znnnmGb7+9a9z/vx5fv7zn3PlyhWyLBspD62q1bwApqen+eUvf8mf/MmfsGbNGkv9GoZhGIZhGIZxW0wAG4ZhGIZhGMY9Z/iP9XGkeKsbSeoOtx2+UirVKEPh6AuLGiubqSN7w7CzbhLLkbInqgJ94KOe8taZK7x68ARzdFlqTRC9EqoDaEqlDvpsmujy3PYN/J+ntuFFaC8b8wpzlVsIb02pX3EOCbWjSWEiyVMJ4pjjil6sKahcZlpHKdeo2Qs1jnwXi+MPRyVOl5XXrc9FpPYrkwjispQC1iRnnIKr0sND2e2lNRSHOkxYK8Ny15CuZZnyrtKN6WTFVbsbFOLLSbqHBKS8H8QRizLDsen0ZLQ8rShFN+NPMJK6cLzH8hfAOfDO4fF4hUEA50Gk6GscQsreZkL0nr4qA2BA+pyUyfnVzHk16ehyxmVhdud8Ku1ePOwgWjwDEcu+xbco81wcI4ZR2VhKxH6/z+9+9zs++ugjQghkWbYs+VoXlYPBgJ07d/Liiy+yf//+qs9vve/u3aQpkevlqeusW7eOH/zgB7z99tvMzMyM7Fv2NYYkV0uBfOPGDc6ePcvVq1d58MEHlx2zPv9xY4HRZO04mQtJAB87dozFxcWRMtl1OV2uuXOOBx54gO985zs8++yznDhxggsXLvDKK69U4y7HVB6j/Or1ehw6dIhTp06xbt061q5deydLbRiGYRiGYRjGHyAmgA3DMAzDMAzjHjOUsk1F1OzkWX4ntXdr5XtHSoum/qWj56kfKQnPMkWYSiv7Kt14MwofLgQOXe9zNWYstCK5dwx8Kn+MRtoK7X7OlskBG6b6zAMbGSaZpTpXQnW5RIwSaynYYS9bVUGj4rRcg0hYdZ41VtK0mateJjEbaIoX1/Yt+qyOkcClXxenxTn9svdguTwq09xSe0+L3rNRUt/hoegGp25kjdI4x3OnCm6kFzFSlQ5ORaYTUVx6wECG5Z9F44hMl9qf92+hWYfGWAa101hd6rkbY0Ql4n2aQVAtSnwP9+4pzGuLG8XPZU/ou/lLc1nW25FKo3tS7+FM0y1RCVAt+kvrsEd1jIpqxDkhk/SZVqA+ibqgXFpa4he/+AXT09OVnCxFpIhUojHLMvI8Z82aNTz77LO8+OKLI31mmwK4fo7VJIFXs81K6duyFPKGDRv48z//cxYXFzl9+jSdTmdE3ta/VJUbN25w/Phx3n33Xf7sz/5sWb/fMiFd36c5r/q4m+eC1Pv3yJEjHDhwgHa7vaz8c73kdgiBTqfDM888w+7du9mwYQOPP/44L730Em+99RZLS0uVjC8TwPW1KBPBP/vZz9i8eTN79+69o/U1DMMwDMMwDOMPDxPAhmEYhmEYhvEpUEqcMr2aenyu9A/3ZaFnTRIIUqnlMQnXW1PkDDXlNrUoZ6tFqnEpwlwemY0w79JrA0jliKOQa2CQw3wQlvKqOnOt1PPtxEOs/TlUl2WVYa+xkF9JNpZbJYmbSt86dVXq9M7mfjtqKlW16MlblqeWIu0acaUIlbIva+0Id3U8o9w6+3nnx2pSH7oryiOnN9yYDT8/5WarlDNFOlYV1UCMA6Q1CU6rXs2i5faeIBnXB3BwOrD2Akw5mNRIq/i03Opa3+6hgzptESZbGRsn4EuTMCVCV6CrDiehksNJ7obhQwdaiseiF3gIOKTqXV0vUQxJTr755pucOHGCfr9fpUvrKd56irbf7/P444/z1FNPsWPHjhUl773uN7tSKeZWq8VLL73EiRMnuHTpEoPBYGx56vLnPM85d+4cv/nNb3j00UfZsWMHnU5n2bluVfq5KWBLSol+4sQJ3nvvPa5cuUKn08F7P1LWuhS65bXZtGkTL774Ihs3bqyk9u7du3n00Uc5duxYekihdp562epyrr///e954YUXePjhh5mamqrGYxLYMAzDMAzDMIwmJoANwzAMwzAM41MhMq508a2pSVMcglYJztsdSbWs9TtM0qk6AqmObw70szY9n9H3bXpZh+AiwYFITNtJBlEY+C4haxfnDbUxDY89lE/lyIqSy7V5qA7fLXv2+hjxEbymZGwOy9KwrpB1Toels5VYE5txhe60rvF9bLxevpakWqwMd02S1eeRmvziKPsGN3sKw7Boc6WzQWpSSG5/7e6lbh137lK+o25oi3V879nPA64hLFUVcSCiiEai6vBxiKiI8yAtrg3gwNVFrh2+QgelqwEnKaV+u2sS9fafbgE6TlnX6fLw+hZPbm7zyLqMhyZbPOCEVnGfpY/uyCclfVf0KCYqxHTP53nO0qDP4uIiIkK/32dhYYGTJ0/ys5/9jPn5+dExFMnf8vtSli4tLfH000+ze/fuKi1c751bblsvGX2vqYtYEWHnzp08+eSTHDp0iA8++ICJiQm891WZ5TpZljEzM8Nbb73F5s2beeaZZ9i4cWM19larxYMPPsjk5GRVGvtWontcGvjQoUMcPXq0ej2E4d+NzSRwt9tl27ZtfPWrX2ViYqIa45e+9CW+8Y1vcPz48aqHcCmYm6ljVeXy5cscOXKEJ598kj179nzCFTYMwzAMwzAM44uMCWDDMAzDMAzDuOespjtoE4dTJcjoa7fK3aYetGXd4kLMUi/RHEBceq3ojSquxSAqfU0aNQBeU//RXJVMIJCSaUN9msTmyqnIemnrWElVp1TzUS3LVI/Zu0o6LxdNkbpkrqbK6ta4zBLX5Gy1r9ReL44ripOUABXNRsRiJLk4leV9QcfMaGR8ZZ/Xe83wumvV5zeN1Ffvi1LML0nOWMnvYV9glfQAgoqrst/3J8V1jIp36ZGAlot0vNL2gUxz+ipEcSAe7yAPA6JL4ntRHYP5yPXZC+kXZe2nhxREx4j+UZop0XGUqfcMZYPvs3N9xnO7t/LVnQ+zZ/MEG1ybCc2ZJEcklQVPYpJKCCd5Dc63WFxY4tr1K1y4dJHLly8TY+TmzZucOXOGo0ePcuLEiWVliUvROa7P7Je//GUeeeSRquwyUEnJUpze66RpOb76epY/Z1nGo48+yqOPPsoHH3xQjW2lXsIxRi5evMi//Mu/8Otf/5oHH3ywkq/dbpdvfOMbPPXUU2zZsqWSwM051h9uiTFWvXpnZmY4efIkly9fptPpkGUZ/X4fAO99tV4hBEIIrF+/nr1797Jr166RuW3evJnvfe97/Pu//zuLi4vV+Mvj1CVwnud47zl06BD79u1j165dy66vYRiGYRiGYRhGiQlgwzAMwzAMw/gMWO0/2i/XneOLL9d7vWoso6lx2JdXBNXUd7Qk5jmDvIf6LriULhaRYcqQouyzOMSXpaibvYeXp3XThoW4KH8uA8nFhERAnRTb1aSrE9ChLFWNREmyuj5XV8x3das4PJ4bea3oylwYWSe+6Bur4AtRJsN5RR1eDScQHCkpXaNKDJYjk1ExXaVtP2Vc1Z+56HtcrKHXHB9Tf1lfenBoLKwj4hgUDwh8FuNfLU5T0t4jdBAemOrywNouXSKevLh/i2vsgAAhRnDgs4yIJwZP9KChEOVj+kOP43aSGMDFQBYhugFzN+c49fuTHPzgKt/ct4f/9fSDbJWMDqk0ejp3SjRHioSpRnCePAR+9+Yb/PjHL/PGG2+Q53navkiO1gXvyBgLmVoK3lIw7t27l61bt9Ltdkf2KbcbVxb5XonHpkivn+uhhx7i8ccf5+2332ZmZqYaY7MUNAxFcL/f58yZM5w5c6ZaE+ccP/vZz/jBD37A97//fR5++OGxAr9+7rJfsqryk5/8hKNHj5LnOZ1OhzzPqz7DZaraOYf3ntnZWXbv3s33vve9scecmpriu9/9Lv/1X//F5cuXabfb1XvN+QCcO3eOY8eO8eyzz7J9+3YrAW0YhmEYhmEYxlhMABuGYRiGYRjGZ4TWYqBaCFsYSkoRd0vBKavQn1WfTwJl5lYBDWUiOCIuJURF/FBnOiHkcbwUKc4cpUiq1caRzlfWOa6rwphK7ULqp1v2NnW3mkOjdLIbzlsas3fL9khbjlIXeY0tXbn+w2SwVvLW0RTdSapHVKjStcOzNrV9LEpJ17bRoSyPUnyVx11xlHdOY9QrbBPxCFEpilvHkXHUx3Vfy1+K5wxE0BjxzjOZCZsm2qzrwLXZBVy7VT3MoBrIMkeUSBQhqiNEh+JTkt6XIs4v74085ty3HZ+ChlQSfImMLPO0tE242ad/7ENwwrf3bqYjGR2ETAANxJgjInjRqo/3tRvXeeN3b3Do0CFmZ2/iXDaShi0lZ71kc/lZ9t4TQhgp6bxv3z7WrVu3rNRzUyzeqx7A4wTuuP6+DzzwANu2bWPt2rVVeevmfs3SyWVZ5eZ7i4uLHD58mL1797J9+/aROdXPXf9zMBhw9epV3nnnHW7evFmtZXOty+/zPGfr1q3s3r2bLVu2jP37tNVq8eKLL3Lo0CGuX7++rE9zeT2897RaLebm5jh27BhHjhxZ1q/ZMAzDMAzDMAyj5NNp3mMYhmEYhmEYxgjLUm71/2n5FVbdN7iuKMUNy7pW/4dfUwnfsqutuiQXPJJkJLX0Lo44YiJjksXLuIUO1HJEzcztUCgGcUQyoqSEqUrtiFKWmE4p3VDrPnznvZRHR5y+GgWoq/EWRbOLn6MUHX8b83Fa9iYuxrmiDxv2AC73uW0/2cafn4ThfZZKCguOiKBFmldxBHHkSCjgsUAAACAASURBVLoWuKH8leFKOeKqeuF+1lQPPISUiG0DX1o7xb6tm5mMPdoMEBfQos91mmu6rkEldeoWByEUdbrdbeUvNIt8r7CNQHSCZh7NMvJWm76b4HpocXJ6wKtHz/HehQUu5Y5FEfJqfFQPaohAiD1m525y4eJZZmZv0Gq16HQ6tFqtSniW8rYUk6XwFZGR78t+s0888QRTU1PVGo7rh/tZUO9/q6pMTEywYcMGJicnxyacy32aP5dlmetr0+12uXr1KpcvX152jHGiW0To9XqcOHGC06dPMzc3NyLcy/Uu/wTo9Xrs27ePffv2jZSZHv4dn67DE088wWOPPcbatWurMtNNSnkNcPbsWd58882q//FqSpAbhmEYhmEYhvGHxf3++7thGIZhGIZhfEFxd+0f7mWF40gVmx2Ky7qoSgHeQuzVdi2lk2rqe6nk1XtaHGG4+Qrayw0ju1rI3froFCq5GkrJWv564sqetEUfWgLBFalcLW3r3fhVpjjGioIvyb9YiOBK/pISvH4VMjeR1iz12l15q3pf4LulcuoeX4rUtRYyPUAq6yyOXNJ1iNVXcadIRMgL+RtXWXL7s6X6HMQBHuWh9R2+snMbmztCR/J0PxGIhQQOKmis3VNS+36V5Z9L6g85BNVlX6UEDllG7jKWfJuFbB1XZJKDH83w6vEPOTuTMwv0q89z+jwImtL6MWdhYYbFxXlizPGZX5byrYvJ+uvOuVRKGqr3W60WjzzyCN1ud+T1kbW8T8iyjMnJSTZs2DAyj5UYJ4PLP51zzM7OMjMzMyKZm6njElVlZub/Z+/dmuQ4zjv9582q7p4zBqfBGeABB55PEmUpRFqiTNqWV2bIF7bXFxu76ytv7JfwV9iIvfTNOsIba1+sNxQO/ylKuyuJlmhJWIniGSRFEiIOBAYYAoM59VRl5v8iK6uzqnsGQxIQD3gfRmNmuquzMrNqFB4//XvfRX76059y6dIlyrJsSOj2uay1TE5O8tBDD3Hs2LF6jFFz3LZtG/fccw+HDx/GWlvL3vb1tNaS5zkLCwu88sornD59mqIorrsPiqIoiqIoiqLceqgAVhRFURRFUZRPOTLisfnxw+m9WGnZx0fdatfUpZyd90F4+SBk2+WIB+rien9GBFkapG/au3fwungwLhxnvEFS0Rb9XZ06jnMilOpNxvEI4oO8sUmKemtz3HwtoT9wW3CHudRpaz94hCLSbqgvcOMcVbI5JIE3zozeHNGani9R+GIwtbxy+Lq0dTy06v880gW6DV6rhHl9XUNZ6ca4tD+W8HEfsb9qRq/TBefpepgbg3v3buOh/dvZyQpT/auMlav0rKNnhK5UaW5nq3U4EIMYU5UGb+K9R5zHexl6pMckPyDO1x+y8N5TlI7SAXkP3+mxSs4HBfy/t97jrctLLDpwkmFxWKpS7Img7Pf7LK0u0y/WsVXP2VgmOJY8ds7VvWjzPEdE6p+jUDTGMDk5yezsLJ1OpyFA0z7CaVr1ZvSb3aj/bipA42Nqaoq5ublalMb5OOfqdcdHJP0+JoKLomBxcZGlpaUh6dsWwd571tbWeO+99/je977H2tpavafpOeKcrLWUZckDDzzAfffdx9zcHDDo45uuJ47/yCOP8PDDDzMxMUG/3x/am06n09if+fl5/umf/onV1dXGOO15azpYURRFURRFUW5NVAAriqIoiqIoyidEWwLcCFJfJSJ4I1B1/pXqEYuLepOUXq5kbZRYLiZ2jUEIoiMWBIaPIihTESxkQCZC5sCQhX3wBnGjE3JmgySmaXi2jUSHaf1kRnT1HUGUv4kEjvK2PYd6T4eKAZukzPBwcWcZMd6NxlV9imOeupa27QPT9ZqqD7BkVelwUyeIoZlQjmuQSuQbn2O8qa9Z3eNYHL66vmHPbo7m9t7jrCMTTy6WaeCOGfi333iYh+am2cMK0/0lxmwJ/RIpHZmv9sM5KEJB7FTUx0deJb8Fwr074toZwjEdhA4CtggFtg10JX7gIfy+la4qhW4yinyM+XXPrxdWuHANSkCkQ/1hChkkQQvrKEtLDMGmojbKzlT8puR5TlhqkKcTExMjSw63e9HeDPG7GRuds9vtsm3btjrNnPb1hdDjOM/zuvx1LHOdStKyLMmyLHxwZIMkcVuezs/P86tf/Yrz588P9QdOzx8Fc57n3HfffezZs2doz9vyV0TYs2cPR44cYdeuXfXeZ1n438YolSOdTofl5WWee+45rly50hDcQ+0FVP4qiqIoiqIoyi1J/klPQFEURVEURVE+/5hh2djyGhnZyNeGtcwI2mVO478yGCrI34G8rfJ/4cWqzHE6XxGHVLFhL8mx9XjZdQVqEIaufm/M5dbvc2k/zCQf3PIVUpWxFn/94s9OqGc2yJ5uRJCy7aTzKLy4Sm5W++ep09LpjEaqFj8QePV+iKsObiZY03m3JfWodWy6Fxs8EwS81OObKr1sPDgzkNRxLamsap8vvVZBmIY92sqexrlEbX4j8FKV5xYPZHhb0suEHWS4MXj6d+5n4sV3+H/vXuLs2iJZZ5JCcmye0fFVGl7AOoepEujeDD6AIL5K41b3jqW6J5Pew3nVVztsitQS1toSRx52XrIqqe6xCJgM1x1jrV/wzsIK719dodw2gcXTMRk4KCsBKJJhXUgG1/uYyM8wjyBGU4kbiVIUggzudrthqokkbY97s9nsPG2BmWVZnVaOe9sW4GnJ6yzL6r7H6bnaSd92v9/2/N555x3+5V/+hV6vt6GcTmX0xMQEX/jCF9i7d29jfu11xXHyPOeOO+7goYce4vXXX2dqaqoWxjHVnR5fliWXLl3i+eefp9frNc5jrR157RVFURRFURRFuXVQAawoiqIoiqIoyk0iyBCLJZRrjp1wm6nQoNAcXqT6OSQowYDz5B46ziVC1NdycuCNTaXjtjKrjXTjQFZHPDQkr6vKBQ+E7igMtXqPSVgfy2JvVvh5MItwbk/0RR9VxA0ErcFLLABuGq+HBK/DUWIgiMVYhlsGj+v1w43XszSDVZi6x7Qjd5UsTeZ0MxAJfaKjqDUeOuKZRnhgd5fsnv3smezy6vkPOHt1mUt9x+p6TukNJR2s94ix9QcgMAZxpkoDV6XSoS6TboUqPR2ka9fkQYI7Gz5Y0eliJcc7gxOLyQWXCZQOqcqvewGfd1kve7w3v8jFKzMUhyfCObwLqfVqOmWVpM5MRmYG5bvT9G/Yh2Hp2Jacn9Zev5uRpnZHidp2Ijjdk/Z70j2K37ffLyKcO3eOV199lXfffZdOp7OpzLXWMjU1xVNPPcXtt9/O2NjYllO5Bw8e5Itf/CLf//73WVtbq9PLUWK337u+vs7PfvYzjh8/zs6dO+l2uxuOHdeoKIqiKIqiKMqtgQpgRVEURVEURVFuAm3N6UK5aUJu0pss9Jo1Qfz6SgSLSK13jYSkauYduffkjFaGgiR51a3hh753SYlrV4toqESvN3gZqGPxIXg9LIE3zmzHQsJbEZ83UsfFNKoXU+1tc9KZDxncqNDFu3pdUXRvLrwHid9wXJVoFhduA3GD9LZvnj0od4NcV4tvHe+DvPXO48jIvWAQpsTTBWb2TXN42zjH5yZ57fwHnP5gjflCWOoLqzZco04e7lQvJpRR94Y89nuukutR/loT+lV7CR9v6Er44ILzPZwTynyMVZ9xeWU99KbFAVmd3HeA90LhM0w2xsXlJRaW14aKiUdZjDdgqt+VbLjfazhWRiZAR4nLoig+UwK4LEvW1taG5HUqbEe9NkrC5nle99aNgrQ9nveeU6dO8dprr7G2tlanrNtjp+fduXMnTz/9NNu2bWscm0rYUXOcmZnh+PHjPProo/zrv/4rZVkOlYqO38dU8KlTp3jnnXfq8tGjxLSiKIqiKIqiKLceKoAVRVEURVEURbnpeO/x4vGV/vOOgWSVShZSlYwWE0riWo8TM0igMrr3cJ0HjglVGaRnB4m3KsHbSgmHbsS2UVraX0/SVuWbxW8kLQezHAiYMGaj1LZUP8mNk5+jSMVte//qUsXtMuAehCBucR6cb0jaULi5zXA57ZiYZsTxDleVgL5eYe+tkkh7V5UFJkMEjISevBmQ4zk8kbPzjjnuv2OO91fgzGLJB4trrBSQ5TmGUHrXeo8Xk/Q5DuPHjs7WJKW9xeGqxDrOh96+5Kx1xriwZvn5G+9y5uoaKxisC+lkL+FYj1B46JgO61ZYt9UHEpL7py5rLFKXbXbWYc3gwxNpWeO2lByVBC7LktXV1UaJ5E876+vrLC4uNtYWy12n5ZI3k78Q9qPT6dDr9RrvSVOy3nvW1tZ44403OH369FB6uC2LrbX0ej0OHDjA0aNH696/8VhrbS2c4/gxuW2MwRjDzp07eeqpp3jllVfq/r5pKjk9p3OOS5cu8corr3D06NG6f3Aqjttr1hSwoiiKoiiKotwaqABWFEVRFEVRFOW3isPjWkINCEJUpFa0TgyeLKRKvW8IxCGRCWTXERuVPsNW32WVfgzPgsUgCN5XsswbxAf5V1d0FofzkCXyOkicTdY7Sj5JEIiZeLyRhsxKCkh/bFxD/jqC3g5nEKo+zd7gfIYnDwq1ktu5LxFKMufIvKvTu51N5md8O7daJVzjuo0MvqdkcBVuTDno0M+46tcrGXjwvpK1ZUmnk9f72wPGgW0TcGQ8p9g7has+f5Del7GvcLs3NdD4OEE8LicI5wJYc3A1g7NlxrmzJfML1yiyDqWPe11tqgjOGyzg8xyRLLbIDuepyv9mWYYYIcszpqenmZichNJjC1uXCk574WZZ1pB+sadsKiSXlpZYWlqiKArGxsZuyHW4mSwvLzM/P18ncdvCNtIW4pHYIzjLMsbHx2shG4Vqu6fwO++8w69//WsuX75MlmW11B0llfv9PrfddhuPP/543ac4Huu9H1miud17eWJigrvuuovDhw+zurpKv99vpLnT/62Ic/zlL3/J3XffzUMPPbRhyW9FURRFURRFUW4tVAAriqIoiqIoinIDGS793C76axAyaR8TE8DpUT6kf73BZZWYZZDlNb4tOKuk4wg96at5udZrHh969FJX5AXA+KBJTexFnL4nJiyxocywpF2FNxKZg7LIPjmmkZitBHi6no/nb9wGSd3kCO+rBGuVevZVtrV6Lva9DfvgRqzOJOWiXZLmpi6bHZPZ6VrbSeEbk/81gG/t2aCvs8kyxEMmMOYcVkrGJKfEU2Krm6uD4LDOkRuDqXo2myqoLFX/58G9lohFH2aQSRB668CagcuAy2HaL9GxK+CnEQxisnCvVhJYRPBOQql0UyWXkSCsTSw7HdLnU5NTtay1ztHpdCjLEmttLSnj95ule733lGXJ6dOnOXr0KNPT0zfgStw8iqJgeXmZq1evbtjLN/4MNJKzaRLae0+/32dycpLZ2dmRx8TnfvKTn/DWW29RliW9Xq8WyG3RWpYls7Oz3H///Tz88MNDJaWjxB1VBjpdS57n7Nixg69+9atcvnyZM2fOkOd5Xa47FcbGGLrdLhcuXODVV1/lnXfe4fbbb298ECCOr+lfRVEURVEURbm1uDEfs1YURVEURVEURRnC1V9FhAxfZWwD3gfhBQbrBecqo+uCIpVEHNpKBm+Gr/4bxSDp68gQ8mQeTkLp4lrMVj1svatKwjqPsVUZ5NbwYpqTimWSYxFp8RA0X+ixm3s31O/WV+cclTC9eSTlt2k/GJTTjvjhstge6vLcjTLTSbJbnKnXZZIx6+eSf28EcT5p2XBweG8x3uG9Q5xHqusqODp4esCYGMaBHsKYQFeEHE8HqR9dCQnoDlSvDb7vipAbQbwLCWqgK9AlPDpQ3UcWYwQT750o87wDX2BcQe5LcgYfiTAYREyYv3h2bt/Ozu3bGev0sLaspWBM/kbxGZPDMDqxKiJYa3nllVe4du3aDbsON4tr164xPz/P4uJio9R1pC1x22nn+CjLkqIoOHDgAIcOHRopYoui4OLFi/ziF79gYWGh3qtRCds4/v79+zl69Cj79u37SLI1znliYoIvfelLHDlyhG63S1EUdTo5HpeK5aIoeOuttzh58mR97bUXsKIoiqIoiqLc2qgAVhRFURRFURTlJtDMxJoke2toyk5bJ3lDH07jTOiLGsunyugyyhvKS2J6dljACFTljCvJ6wdCZ9DltilopeqHa6oywFmUTEYG522cKplrlYg13iGUSDy3uFDaeoPduxn46jFcoNlVCdNKHFVCN16TgQw2rXcNxnNE6TpcAnqgwxkWyzf7T9I6lWxBbHI2S4Ynd47cOXoidPF0ExncqUpf53iqYuRk3pFVMj98mKB6VGI/fMjBIr7E4OgwEMC5c+Bsfd9a60CyIIB9NZ5zZD7cJyG9bcHbxr1uTMbMzAx33303R47cRpblLC8v45yjLEvW19cpiqKWwaNoJ0Nfeuklrl69elMvxY0gJmKjAG7/jqcll4GGtO10OoyNjTExMcH27ds5duwYjzzyCLfddtuQSAZYWVnh5MmTvPvuu/T7/UaaelQZZmMMt912G3feeSfdbndIKsfrcT0xHMe//fbbOXHiBLOzs/T7fbz35Hk+cs2dTofz58/zwgsvcOXKFcqyrM89Sm4riqIoiqIoivL5R0tAK4qiKIqiKIpyw0i1r2mJQOODM5VEBtq2AXUesCBVCVMxWCe4LGNdYL1KEWeYQa/g5IwRodWfNfaFBXwVT3WAFwtJLjkotgxnqMrwZogJZZJD/9pK9ghDaeABoY9xGB+sjwnPxm7UM3cCVgylhL6wJUGs1mO0NHEsaixIY43DmBGJ6PCeotq/Qbq6SkEbF55syaIod1PxOyyTB6WzQwnvkPJ23iXFvcNYpQQFWxD+KN18HVunvVoviWCWHEt09R1CN+omQbr6qhFws5y4AE6ysF/VysMdIUHkEvYSk9ffl1iErLFP3glkpjLtJshd73HeY+KnDCTMzXqHE4/BVXtafUjCdPj6409Q9EvWVlZ4953f0O1269LPRVGQZVktAutzt6SpMWG8d999l4WFBYqiqHviDu1tS5DeaKF4vZSq956FhQUuXrzI6uoqvV6vUVYZmj2OI1mWsWPHDubm5pienibLMmZnZ3nkkUd4+OGH2bt3b6Ncc+wFfPnyZb773e+yvLxcC+IogeO+RZxzTE5Ocv/993PnnXfWY0TaPZivt/4ode+++25efvll3nvvvaGS0nGcOJ/V1VXee+89Tp06xcMPP1yXjR71HkVRFEVRFEVRPv+oAFYURVEURVEUBePBymhB4P3oFOEWRo0D1L1TgUqfZZCZJGk6Gm8E6w0lOYWBfqVqQwnnrHFsKhFHDZkUbq1Vsa/+JEqyvJQYnHi8lyB6YgLZE8SdI4i7qixyLXcIaeYgDn2QxU4wUolkyTAeCkM0jVWy2YB0sVmHwoR1rBP+WAuHDa9mIDI3xyelrtN1BgkcxPMg8RvVsgMRjAurcgKSGTBCSRTUHofUPZljn+Bwp+QDCexcJVQr8evLcK5qjVFy3zgtJQ2pO1i/GZQer44z1f3j6mekfj3eH+m8bP1VsNV7DaFMc3wtS84fJXlRjWMr51sLSu+q/r8GMQbv4ocBbNVnGHLJ8RThd6TVj3p2dgdP//G3+YM/+AOKdVuPe/78eX7+85/zzDPPcO7cuTqdGtOwUUym8jTLMp5//nn27t3L/fffP3JnUznalqw3iraITZ8DmJub49ChQ0xPT7O+vt5IOce+t8aYuk/vrl27+PM//3O+8pWvMDs7W7+W5zndbpder9cQpJErV67w+uuv88ILL9SCFcK16/V6lGVZ74G1lqWlJb761a9y/PhxZmZmhhLW7T7Ao2j3NAb40pe+xBtvvMFPfvKT+lxxT9pJZICLFy/yzDPPcOLECXq9Xn1sXLOiKIqiKIqiKLcO+heAoiiKoiiKoihAKG3sogfZQAZfn2aZ4NAHtylXMkyoeivgjanLNceSyEGaAOKwYihMzuWVPpfXJ/gghx5BurXFZlPwDX8fNXaqjQ3Bw0HwuX1gCbjqwOY5hbNYMZBVqdA4lg+ZYmMMYgSphJ2RrJqLDHrkxh7HFkpxeDPo7Oq9p3SeNS98sLzO+4uOK3sMlUeuc8IftVByFJTOh1BvlMsWWAT6WQ6Zr3ogV+lTfNhfCdLbiFDaAucGadLGRwK8qfr+mtC3WaqUqyeIby9YW1AiuLzL1RIWgAmygTxuzfvjqsXNPwAwOMbX37Wf23gOaZFrw/B9mJ7HAleByxZWfYbLMsCE/ZGBVMSH+8hayyCfHr76eHeLIEjdS9lnnsnJSSYnJxsJ06mpKWZnZ9mzZw//9b/+V65evVpL4LRXcD1nEbIs49VXX+XBBx/k+PHjdQp4lJTcTGJ+VFKhmQpf5xzWWrrdLs455ubmePzxx+n3+/z3//7f6/mkZZhjj989e/bw1a9+lW984xvs3Llz5JraxGTv+fPnOXnyZF36OaUtYaMQf/zxxxv9hOMxm/2cMiqp2+v1uPfee3nsscf44Q9/yMTERJ1CjselSePl5WVeeukl3nzzTe69914mJydrwb/ZuRVFURRFURRF+fyhAlhRFEVRFEVRbnHq8qm+yq3eaElgBsnKmEBFwNe9TSUc49tyxlCaHkve8f/OfMBKf4WXx0PPVuc9mcnxNqYZcwYa0eElJAAlyrJ6WFd3+k1LMnsnuEwoxbDqLG9e9ax0JimMoazkG8ZXtrgSLlWfYu98CHJC6PFaCV6J53CxALVBTIeMDOsNVTAWk41hneHCUp8fv3OBa/0ZJvwqhmY/04+09UnP4tJVZZ4FCvFclQneWxas6VZ9aKv5+7BDxktVwtljROpC2VFMx9Sr94PstXe+Kjs9SCZ6MZCNUTDLZUp++NY1To1ZZk2fDCH7qAFzhmVeuM6VWPWuIZbjaXyVum6+d3gSDc0ZexeLw3pf30+DMuAGkSxcMal6KfvQv3dVelz2Oe8udVnJt1FKN5QFr/r/hoS9bxdMr78O0simlr+j1h6l4NjYGPv37yfLMo4dO8bLL7/M2tpa/Z52GWIRodvtcv78eV555RWOHz/O8ePHR4rijc59IxjZs7uS01FeTkxMcOeddwJw/vx5fvGLX7CyslLL7ShDO50Ohw4d4nd+53fYu3fvpudol15eW1vjzJkzvPHGG/XzUTLDoORy3Ms8z7nrrrs4ceIE27ZtaySXX3rpJd577z2Wl5cbY23EqFLN8/PzFEXRkOLp8VFae+8py5L5+XlefPFFDhw4UH84YFTKWVEURVEURVGUzzcqgBVFURRFURRFCXLgJoTDLH4gWqVZnhdxeF8CWZVArcSHDaVxRaA0OYUf56X3r/GbywtM0w+pQC9keRZkiBWyzIAPf96EfrYu+FrfknwSBG6ckyFITusFyQzWGApbsuQ7LOdj+DwPY3hbRZY9Ih5xFpwDZxHvyaIQrFKdrio+nBlDJlVSEIPJDD7KVkJi2Oc51hkur1hOvvcBr15cIPNl1UN5dP7Xu63LHCNhHv2yBJNhDBTOUkiXa2VOKV0QS610nceTh9LI3uOcDWOI1GldqcpoG++RKPiTUuFiQm619IDPEZPTN4Z52+cHb82Tu2V6UiIe8tZSPsza4rkjDoMj9NUV5zHeVceEfbS1BBvIVFcJ2yDYwgcHzIgppAnzWLY8HudNhtCh9GXV6NphrAVf4EyHdTPGcpGzkm3DSgcnSRK3+t0zJtj5LM8xdUo86nYYdR/Ue+Y91to6rZplGTMzM/zu7/4u58+f58yZMyPLEcefjTGsrKzw0ksvcfDgQfbv38/U1NSm5ZhvFm1Z6Zzj0qVLXLx4kZ07d7J7925OnDjBX/zFXwDw4osvcu3atfpYYwwzMzPcdttt3H333SNLJafiNMV7z7lz5zh16hTnzp2rRW/cV2vtkDCemZnhG9/4Brt27apTxs45lpaW+P73v8/Jkyf54IMP6jl8mAR13Iv19XXGxsYaSel0HVFGO+coioKf/vSnPPjgg+zZs4dOp6PpX0VRFEVRFEW5BVEBrCiKoiiKoijKSG5UYizKMp+kHDvAdEeYMCVL1pP7IHXxBudd3aXXesGLoS/CB2XJkg9Jy9IZbOkwhL66YvM6pemk+tY58LFkrgNC4lJkkNDNCPLXecB1Qp9b16UErDHkmUG84K2F0kJuMC6kiDtAzwgTuaEj0KXq7wp1WnYyh8nMktkCW/QxvV7o31ttrfUADpdl9L1nzQnXVkO5aVP1fJURwsi7rcVmxRgyPNZZCiuYPCPPDc7neAw274XErw3bEyx8VWDbW8Q5cjwd5+jhG+W3DUEuGw/GmyC/jeBNFP22EuIe68og/Mm4sraOEUNu8iDpbXPOW13bKJwYkBxHWc1Lqv1zQVD78GGDNEkbP4AQJbEZkQaO91a7xHOd9pUcEUNhDZIH0dfBhD7VLmO173Amw5m87gNsRLC26hRsIPOOnrNsH8uZ7OV1eWkTFlb1Um4lnpPEaJSPkampKZ566imee+65uhcwDCdQY3K00+lw+vRpfvSjH3H8+HEeeOABOp1O3Vs3nie+50YLxXQtUXxaa7ly5Qo/+tGP+O53v8sTTzzBH/3RHzE7O8vDDz9MlmX8wz/8Az/5yU/o9/t1Cejdu3dz9OhR9uzZQ7/fb/TDbcvg+H1RFHUp7F/+8pdcvXqVqampum9yu5duURQYYzhw4ABPPvkk09PT9Zirq6u8+eab/PCHP+Ts2bMNiRzf1y4tHYkSG5rXKiac0zRy3Kf2WD/96U/5+te/zp133smOHTsaa1cURVEURVEU5dZABbCiKIqiKIqiKEEksFEZ1o/f89PT7Js6nsGR7dNM+Xe5YjtkfhznM7xAlnVr2WFtiWR5SK3anMIVZFkX6XQrvytY53E2yFwAZ6rkrDEYV+k8GZRuFgkJTfEG50NqtERwYoKUE6nKGpfYSvwEVll6vAAAIABJREFUa1cJY1vSw9MxjinT4dDcNqaz8MdVXYTae3IRdk532T3uGWedlQz6vuqJnOyzrbRi1jFkTFDaAuPDbGVEArjywrVY3xRxZFQpz16O9RJyvhLSs+uFR7Kqd6pzZHmGrcpq58bQyzLGnWH7xBgznazunxzXYKrev8ZDRsZ6Uh4ZCbLKlyU4cN7hcaHad9Zl3RchJ51ngxLL0GzS/KEx1b70MDGRLBsI5eScg5S6o6yPD3tf95dNyj23sT6oWtfpkGdC4UsKHMZ6vDe43OBMlqR9QznxzMSErafjSrK1JW7fs5v9O2aTP9bD/THqtzAtCzwq0bpt2zYeeOABzpw5w3vvvUe32yXP87qMcEykrq+v179zb775Jn/3d3/HsWPHGBsbG5KlN7uUcJo6vnLlCs8//zx/+7d/y8WLF7l69SrWWv7sz/6MbrfLXXfdxbe+9S2KouCZZ55henqalZUV7rjjDu6++25EpJa/o0ilc7fbZWVlhZdffpm33nqLbrdby990r1JmZ2c5fvw4R44cqcWwc46LFy/yT//0TywsLGCModvt1gK5vaft+aTCPc5vVPI33a+Y/o2J4G63y/PPP8+hQ4f42te+9lEug6IoiqIoiqIon3FUACuKoiiKoijKLU6UCkZkVPbx443dqCtdyRZgqgO3793Grq7nwsoamZ1Csg6rzpJ1QvnhWK7Xu5LCGDAG6GLJEToQhZd4yMBHASwu+FoPJsrrRABHgRcTlh5DEft7YkIPX1+Ec0fRYjziwNuSnJDWpN9nclJ48OgdTOch1Rxw5CJkwO5pOLytx46JnCvlOt6WgIQ2wZKFBLARrHPYKCxNHk/ZmC/J+AA+KX88qndofL7AkeUGW/oqAZ2Uj83M4P2t9xpr6TgHayucOH6QQztm6FIlgJNy3ll7fjFN6z3OFuBCiW4RQVwQzUYynJhQels+lvFtYYLYFVftUvuOHtwD8R4J++uax1T3UL0kN9gn46vS00niHEI5b+cc61LtpffYjCB9TZbsr8M5j1RiMRMPriAvVhm3KxzdPcPBHZONDxRkIxKrlmEJOKrU8YkTJ3jllVc4f/58eJ+1DZGbpoejDH711Vf5b//tv/Enf/InHDlypH5flJw3klH3rveehYUFfvzjH/M//sf/4OLFi4gIFy5c4Lvf/S5ra2v8x//4H+n1etx3332srKywtLTE888/T6fT4Y477uDQoUNDa43p2VSoRjFrjOG1117jvffeo9/v16WT29I33eeDBw/yyCOP0Ol0GqJ4eXmZf/3Xf62T1XFt3W6XsiyH1tumnfCNieHY5znOP89zyrIcGqvT6fDOO+/w9ttv88UvfpGJiYkPVXpaURRFURRFUZTPPiqAFUVRFEVRFEX5rRD1gyBMCtw2Ldw1t51La1dZKgsK0w0FeF2VwPW+kr6V1KOSwGmP2HgcQqOSsAfvk0RkJYqdJK2OJc7JIZKmJyX0cfVBDwtZkDA4xDp6Al1bMp17Dm2f5NjeaWYy6vLIcR4ZMJvB0bkJ7twzzdn3llktVsiqssslVELW4I0HZ2t52ZS+6c8DUTkqiTk6nRn2FHxdeth5C3i8EcRJ0u+3OgZLbgs65Ro7u8IDRw5w2/ZJJogloD0ewQlY4yiNw2ZlKME84mME3oUyx14I4hvBVfr9xiZKq17GGw4Ze12HvfZQ3z+QlDiu/6neVcviuJ4w9+pLELDeV+eP8exB12Ch2f/ae4+P5bNdgXEF43aNY9snuGf3BHumYkVuV4+TJkDbOzwqmRt/PnLkCIcPH+all15idXV16LgoP6PYBFhcXOT//J//Q6fT4fHHH+fo0aOMj4835nEjSwqnEth7z+XLl/m///f/8uyzz3L69Ola3BZFwenTp3n22WeZmpriscceY+/evTz44IOUZcnq6ir9fr/uYZxK2fYetveuKAp+9KMf8Zvf/KbxfLq38au1lsnJSY4dO8Z9993XGPf8+fO88MILXLx4kV6v1xDOo2TtVvYlft9OI0fBna4Fgui+cuUKp06d4o033uChhx7a8jkVRVEURVEURfl8oAJYURRFURRFUZSbTuydagj+dlxgVw5fuuMw7117l7PzZejBmfcoqIScoepH206YenwlZ4O8c0HYQlLW14C0RFnl5HzsUOuqt0MlXSs5KIKIx4sP/X9dPXMyD13nGLPrHN41zf237WHfGEzT/OPK48kRJoA7d0xw35G9vDz/NkvlOpBhJUO8x5uYG7ZV5Ld6OFq9aj9iNjuKK6gTqM5bvCkBg7dBRIYtN3g8GUFG567PlBTcfWAvJ/bOsn8i9DnOK8UdimQbCimxpsSarCq/PTgviXiLSwiy+aMtZ3PaezQi8dhwb8PltQG8jN7zeMu5pD9z/Zp34KtkZ1xeS95FUexbcxBKcr/OdFbwxTsOcmJHj+1ARkytS3W/b8yo8sDxuR07drB7924mJydZWVkZSpfGhGlbLp4/f55//ud/5tq1a/ze7/0e99xzD5OTk42xN0qeb4VRwtpay/LyMj/72c945pln+NWvfsXY2BhZllGWZS09T58+zd/+7d9ireWxxx7j4MGDfOUrX6EsS+bn5zlw4ABAXRa7LXHbIrgoCs6cOcPJkyeZn5+vyzDHY1OMMaytrXHXXXdxzz33sGfPnnq8fr/Pm2++yU9+8pOhNDYMUtRb3a92Sjl9DoK8z7JsqH9ylOVvv/02v/jFL7jnnnvodrsj56QoiqIoiqIoyucTFcCKoiiKoiiK8plnROIyyo7k/9cfxaevzKjxsQyyw+DwXiqPGkrUGh9K4ablk001jmfgt/wWhEKSrcV46EqQpg/fvo1T87Oc/uA9zqwuk8ssy76DMxlOOuAd3sVzJwJHgmwz4kO1XecG6VMfvsYSygJ4ceAdjsExBlcLQUOIBlvvKhnq61a0nvDcmLfkboXxcpXdpuChfft49NiOkIqtpIzzVa5VwOAYx7B/cowHD+7itTPzrJ9dYKEo8H4SY3pYYygtgK3W4qt0aTNxOorsOq/7eq9AJAdb4r1DzKAasVRlp4PzdEhZkrk1clsw61e5Y2aS33vgGAemYNx7MvGNgslRkAXBG/r7WjfIYtclwAUgQ4wgNoj7gYi6QYXH271+R+yPG3mMq0W7ILgN5mOoguT1625I0IekeDgw/g5mxmBdldQUwVsP3tJhncyXTBRLzLDObZOGrxw7zOGpXp20jn2tY7nv690TwJAITqVfWZZ1P9r0tZgCjnQ6HYwxXLhwgWeffZaFhQX+9E//lOPHjzM1NTVUCvrjprij5FxeXuaFF17g7//+73n77bfrksnOubpMdTzXxYsX+Z//838iIjz11FPMzc3xzW9+k8uXLzM+Pj4kxUf1z40/X716le9973tcvny5LrccpXh8r4iQZVWZ7/V1HnjgAR544IGGQL969Spvv/0277zzTmOfY4L5wxL7Ncd0dtz32Ju4LbijEDbGkOc5ly9f5tSpU1y8eJG5ublN+yEriqIoiqIoivL5QgWwoiiKoiiKonyuiHJKaCYULZYC5wVjOuEV58gIolcoQ1nfSj4aHB3jMN6CC7I1lKSN5XK3Lnzika4awwC5hzGB7cCT9x3BZZ7/7+RrzBcg2QR906PIBv06a6SStol4EwTvq7688UzeNN9TDZGlEpgoyAdldsPOhBLC3rp6J0UcXbfOeLnMtmKRJx+5i2/ce5DbxmAcyOs08oCw1pAEvmtHl3/7tQdZ/ecf8fqVFd4vhFVT4PwkmckweERCWWJxqSiKidq0l3H1ylZ8kolJxhJX9aY1InW/ZBEfrm91L2QUdO0aY8Uqx3ZO8K0vHOXhfYbdOXS9xTtHVsnIjAxTpWGN9XTJ8KXHZWCMx3mPweMk9sstCRLYh/7MXqhFfVvMfhR82JNkhxJBG+RvtuFp4ocMZNB7uZpTo/RzvJFGJbOre1NcUzKKd2Riq+8liGS7xrhxdN0a0+sfcGznJP/+qcc5vsuwnaqceGwlXH30Yav6MArBKCsvXLjA2bNnWVxcrPvIRtk7qhw0DCRyt9tlbW2Nn/3sZ5w+fZrHHnuMP/7jP+bIkSP1GFEgp+ePXK/vbPr7vbS0xIsvvsh/+S//hQsXLtSCM8/zWm7G8/R6PZxzvP/++/zd3/0di4uL/NVf/RUAO3fuxFo7smdxO7EcyzIvLi7y8ssvs7KyUp8r7lOaBLbWUpYlhw4d4p577uHAgQON/sunT5/mjTfe4NKlS3X557ZE/jAiuH090n1Ox4nPp0JYRLh27RrvvvsuL7zwAt/4xjdUACuKoiiKoijKLYQKYEVRFEVRFEX53NCUg9558IZMfChRK6GHbnSeuXf0xNGlYMz3Q09Ul4UXxZE7S+7X6JCTY0Na2A+qLUcBOchx+vr7mPyMaeG2d8t9kHPj3nFwwvB7J/YxM9Hj+y/9hl9/sMLVcp21jkOy1p8sbe+8FQ89dEwQagNZmAhikbq8r7OVtMPhfcm4XebQOHzz8a/wpQOznJgWdgBjEPYYU/WBjclNV3d+3U7GsUn48999mB+cep+fn1/k3OI6S8UKpTHknQxvLeIEkawhsIckXdz364gkL+DcelXdOZayBpEM8Uka0luMLcAWTPiSnR3HvUf289ide3n04Ay7DYy7WJI43FfOVLIUR46nB3RsgRiDsSW+tGQZlQ2tOi2LwbkCCNI4c7HfscPcAP8b+/FuWC35I90rga0kbwfvLTYcMySlPblbYaxYYW4q54u3HeGrRw9wzw7DTmCCII07hD7UVoDqTvKSfrRjICbbH5SIEnNhYYFnnnmGkydP0u/3EZE6SWutHbq3NkoPxxLJzzzzDK+//jqPPPIIDz74IAcOHGBubo4sy+oxUrncFq5RlFprKYqCsbGx+hxnzpzh2Wef5cyZM3UJ5vjeVITGtUXZeeXKFX7wgx9gjOHpp59m586ddXK2KIpNSy6LCAsLC/ziF7/gV7/6VZ2gjaI8TbjHc6+vr/O1r32NO+64oyFc19bWeOmllzh16lR9Pmtt41zXK5vdvo5xL1PBm/ZqTq93On48zhjD/Pw8zz77LF/+8pfrEt6KoiiKoiiKonz+UQGsKIqiKIqiKJ9jpE64hj6lmYQEYtcWdNevMra2wDbp0jVVMswHKee9RyjpOMdMtkZvzdDzh0PZZMygtC9R8lYNdivbFXK0icgYMTeDo2uEbcAdUz0m7tjHjMl49ewCZ66ucGF5lcW1da72+0lf1huAN7VEHchCh/ggSo0PZaq9dfQ6OdsnO+yYmeLw9C6OzW3jy8e2s7cb0ssdBqWpwWEa8xwkjbuE4x/cM03P9Diy/QpvXljgnUuLXO2vsdRfZ6VchyiAN5t+JffFbC6AHSBR+ppQuNjX8jicQ3DkzjHRMeyc7LF3apxj+3Zx14FdHNs1wb4ejPsq/W0rAVmtMfQLFnpln/GVS8wWHWzepfQZ3lt81hSSeFN9esBUCeDqRXFbE6zXIa7tBhWUbnCj7r6OCJOdnF3THQ7M7ODY3lnuP7iHY7vGmJUof8MHEeJtJdCsod5ilCi11nLt2jWeeeYZnnvuOc6ePRvWUQnFVP6mwrYtFtOfrbXMz8+zsLDAxYsXeeONNzh8+DBHjhxh165dzM7Osm3bNqampuj1erUUjiJ2dXWVxcVFrly5wqVLl1hcXGT//v3cd999zMzMMD09zbFjx3jttdd4//33sdbWQjNdYyQVpWfPnuW73/0u3nv+4A/+gP3799eie6iKQLJW7z3vvvsu//t//2/m5+fpdru1MN6o/+/09DQPPfQQu3fvbszt9ddf5+TJk7z77rt1sjhNEY8qRz2KUetNpfGoctujRH6c/+rqKidPnuRXv/oVjz76KLOzsxueW1EURVEURVGUzw8qgBVFURRFURTlc0pIfbogaH3sd5thgPHMsW+6y737Z1nJu/Sl03iv95ZMPLmF6bEeB2d69KrytkhSCpdWaNILSCVOYgq5mgtUYhWImq4jgiB0ESZ6wp4Tc9y9a4rffHCN0wvXOHdlicsrq6xX/WNhMOZHxY2QyaYqH21E6p+Nh5mxDvu2jXN4bpY7d+3g9tkeUwTx26lKHJu6fLEJ/YIZlsBdgkTNgendXY7NzvGbuQneOHOJC6t9zi9e40pRVsJna7rRbqHvqqnEdmYMFo+VKqVshAwh8yHBu7ObcWTXLAe3T3N0/y52jWWMEcpbdwUy5/ESUpkOiDWJBceu8ZwHDuziijVYyXEmw2Ox2Govk72v1paWZr7RynZLpbFvMGYLt6QAExlsnxznyLYpjs1t547ds+wag64HU5T0OjlZy4YbT/1L1k43p6IvlYrLy8u89NJLfOc73+HMmTM452qxGcsjiwjGmDotCk0x2k6s5nlOlmV47/nNb37D2bNnmZmZYffu3ezbt4+9e/eye/duZmdnmZiYYGxsDGMMRVGwtrbG1atXuXz5MufOneP8+fMsLi5y4MABrLXcf//97Nu3jz/8wz+kKAqeffZZzp49i7W2TgO315lK0VgO+jvf+Q6dTocnnniCw4cP1xJ61Hoi1lrGxsZ47LHHGuWx25LWWku32+XAgQMcPXqUiYmJxlwWFxfZtm0b9957L+Pj43Xp53YierOy2Julg6/HqPtARCjLsi5z3e/3P/S4iqIoiqIoiqJ8NhE/6uOjiqIoiqIoiqJ8hhgWaLGjqbUWT0mGhyzDY1gHrpFxFVhysC5QyCC/G/uNZgyk5fbqMUlZlTcO4wPgZZAs9YNErGsJ4CjJwp8gg5KuFo/DYMXQByywDKxUX9cI3WM348P8UbOZWjEM9sEQkrsTyWOSsB/eWjLvyHJTl3mGUPR5MFJyrqp27zphfSVhXSvVY8nDmoye20Zr26oiimuK503DpDlBZo8B09UaO4Ryz7l35JKRI1UqNbzTO0/pLZJlWDwLZFwCFi1INlrnDrLQzedu5F+jn4T4TdmKuu8S9neaINfHPXTx5L6kk3zIYYjU/IpvCOfYmzbtd3vq1Cn+5m/+hn/5l3+p+wFvVu45LTEMNJKrkTh+2o+3KIpaLmdZhjGmLqGcHl8UBUVR1D104/n7/T5PPvkk3/72t/niF7/I+Pg4RVHwN3/zN3zve9/j3LlzdDqdeo3pvNP5xudjyee//Mu/5Omnn2ZmZoZOp9NYq/e+7o8M0O/3WV5eptvtNvYhTVTH8xtjGBsbo9vtNsSutZa1tbV6jmmp5rT8dbxOGwnejyOANxoj7nmv12N8fLxORiuKoiiKoiiK8ulhcXERgBdeeOFjj/XQQw8BmgBWFEVRFEVRlM81JjN4n+ErNRmkn2e8SopNmyAG2x4uHgtBao0BPe+D4KpeqCWUT+Se+MZgo4RWEBODEqcmRIXxzjNhMgrnMeIZE8MsQVrG8a/nC7eSnU1nlMrQKL4dzbV3CH84dQmyzrgq/ywG7yRZo0NGas4gOsV6coHMCGMSxovidacMdY5t8FE9aVpM2iXj2OT1jIGY7BCFsanKWYd3eWHQ4VlclZD2iMA0GTmwK2vubclAPg+Kg9PMSMtHX9tG3IwS0Ndj1H3Xvs/ihyriBws6QCaQeV8lz124T1olwH01mKv6G2cE2S3O1zK2LXijbEx75m6UgE2TqVF4pn1wY5K1nV41xtRyNp4vfr++vk5ZlrUQjsnjKInjWJ1Ohx//+Me1HP76179Onuf8u3/37+j1evyv//W/agmcStVutzuUZo09b8uy5B//8R+5evUqf/Znf8bBgwcb0rqdeO52u0PyN13jqORxW+pmWVb31017FLeJ12ozrlci+nqMkveRjzOuoiiKoiiKoiifLVQAK4qiKIqiKMpniq3pLY/HV0IDaUol42FMLB0M3ktLCgwLzCCtfKj/PMLWiUlFY4yxuqGEaivESJUBDT+L0PEe8ZYcTw+wvsR5jzfNP1tkg+zrVvu0CqEPsmuLsLqHrAuy0xs8JblkCJaMIN3EG7yEcsYGqn9dPXrQwy70vK10p8eBF3Lx4IJ+7WVCnqSnByM01+c3UKQfZr2D8aOiDqXBxRsyEaQqeR3HjOWlnbGIZDgPJUFgAxgjoby0c4wJjEm3WmkoOZ1e6wwZ7HV9r8VrkK7849Euj/zb5np9jOtkpgkJXucsxkjo91vhWlc1lebpfZJVXxHBdHLEU8tRgJ07d/LlL3+ZX/7ylywvL9flntN5RNGYysL0a5S/7fe2E6axjHS6ThFpJJJjCjl+H0W0MaFKwYsvvkin02F8fJwvfOELTE1N8dRTTyEi/OM//iPnz5+n0+nUY5RlOTTndOyFhQWee+45nHP8xV/8Bbt3764l8tD1qN4T5eyoPsipOG9/nyZ6R609PV86/igZm5aq/jCk1769hhuRKlYURVEURVEU5bNH9td//dd//UlPQlEURVEURVGUrbK1vKSHxIil+csg5IIM8BiEXEBiP1sgF48Qfs4bOtJXAq/KdUo4hSEVWFXP4evMT+p/BR8TwWJwPkhBqcb13tMxeehXmzxyTOPnIGJlyw9BwjlEBo8q4xoFsZFq/Go/8B6HC6WGJR5JvZdxn+sdk8FzcX0igpUo7zxePOKlLh9sgEyk/t5U12vUY+trHaRR49qo9iuL1z762fiaCJhwf4gE+S8S9seJB++C+RdTic+suisGYxkxjb00ks6ruvpSScgb8JAPsSc35XG9+Xmq6+GTeyb8FiLx7hut9T1Sp4fj/YskUi8Rh1FATk9Ps76+zsLCAisrK+H6JseEt40uCw00UsOj+u62j0/H2OjRfk+Uy2tra1y7do1r166xY8cOZmZm2LlzJ9u3b2dsbIxz586xsrLSSCqn/Yp9a/3OOZaXl5mfn+fatWvs3buXycnJofLL7bRvez1pGrc975h4bqevRwnjUfu7mZD9OLJ2o2ubzk1RFEVRFEVRlE8XscLR+++//7HH2rt3L6ACWFEURVEURVE+Y2xdAEslHOsasgiZGLx3ta6Uquuv4EMpWnyVBvXhEWONPohPVx9N1FBVz9/waM8u7ambIsm/0VN7wApYHBlZLaSNyaOyrd8Vf5LGz1v7L52D8SETK7HAsQzGzAAj4L2t3+PE4yuRiQTZm8q8OtFcSzpfid4s7JsB68GFE1d75MFXPYUxtSC93kPkeisdXFupxLQgoe+uBLlvgCxOxUidYhUJ8tcTxW+86mFE5x3GVIlO8vDZAA+5NxiTCMJkn0Mb5KZ8MtdZwafhv63cXYbRUl58sgf1PgIiOBGQ+FGL6gpJc4fi9/FjBRI/g9HCxPdWjyzLmJqa4sCBA1y7do0rV640JHBM7aYiNb4GNEpBQzP5G0Vp2lu4LUDbjBKk6c9ZlrG2tsb58+dZW1tj+/btzMzMMDc3x6FDh+j3+1y4cIGVlZVGaetYojkdN004Ly4u8sYbbzA9Pc3MzAxTU1PkeT5yzaNKPLfXFM+RJqI3OvZ6P99IAdzez7YUT19TAawoiqIoiqIonz5UACuKoiiKoijKLU9VmhcS7Qrt/5d+EE9VwlQGwkbiGL4qAVzJgAxJ0nChJ6mYKj/qBslevIl2uU6XGpKysjH8yiBpOmrWUmuxZunekEo1tYAUMRhJhK+PMm0wwod5jBbRg2d9IoDjOnxaoliETKIUc4jJ6qMGIyayCwmlpEWqBLFUiVpBfJTIlQQT07xW15E1198DX+9XlK/io9R19TFZFNiNzZH6Ovn653A9BMFIkPLeewRDlhmMqe4vaZX7jvvZksLpygybreOTeaRX9HoPkq8bMyjoLL76CIUI4TMagzsx3B6C8S78/jKQwkYkGWlwRpNIv4iIsHPnTg4ePMj6+jpnzpxhdXUVa23jmPhVWmOkP29Umjg9tl1iOoritH9wfC2K5bR0sfeeoij49a9/TVmW7Nq1iz179jA9Pc0XvvAFzp8/z/nz51laWiLP80Yv4XQdadlqEaEsS1599VXyPGdubo5t27bV4nqrSeZ0vfG8UVy3j20L6Y3G3YyPKmnba4rfW2uH0s+KoiiKoiiKonx6UAGsKIqiKIqiKLc8tdqjKRpH4wWMb0okEfCmJRtJZVDQcfErAMZgJG+U8q2lVP1vLOfcPB/1TFtiNEovic/FJK7H4Ijp2UHB4GQXPqLIaMu6VKe5oSHjPkQRnVEnaaUpRKVhT4f1oJeB7BMZlAyWRKx5YZAu3sparrsHnuZ1CdORqj9zeH/sOiuN+yGMH+4RJPQUdSJVPlnq1HCQwaaWu178UC/eVEBvuJYtrfi3y9ay9gO2IoBFJFTOFqmuRfUhCjGDUtHVdalFdJLADp2XW2WbodF/uJ34nJycZP/+/XS7XU6ePEmWZUPSNEpLay39fp+yLPHes7q6SlEUeO/rvrab9dGNY8Z0cfw+itg0UZyWa45iNc7hlVdeodPpsH//fnbt2oUxhiNHjlCWJe+//z5XrlwZWkcsx5zugXOOTqeDtZZz586xtrbG4cOH2bFjR0OWtpO8G/1ujUrUXu+YUc/fLAG80blHlbdWFEVRFEVRFOXTw80QwPnHHklRFEVRFEVRlE+IKGJc49k0BRiUpa+OqVSfDKu4IHtrj9d6LZRD3piBjA79X0OCd9RMIRaKHoiQwdjx5E3F1VhdIwE5evzrYaoxBcGLG8ylMT/TeIdU6g2yKsfcLv26Qe9Wn6x1SIp7RLL6tVhAe3ClAh9d3Jj6emb1XAbrjTsb5jGQ7EMpQoImjnPKCPY3HJdVZwop8VSDSvu+rNY5eqc+zBX87XAjZtS8ds2PHWSN59J7rtrHao+NTz+cEFP06ajxwwijPyTR6XTYt28fTzzxBMYY/v7v/54rV64A1ElagLIs2b17Nw888ABf/vKXmZmZ4fLly7z11lu8/PLLvPXWWzjn6oRtFLDW2joVG0VufA4GKd9er1enj9tlir33dWnnffv2ce+99/KVr3yFubm5ej1zc3N885vfpNfr8Z3vfIfzNYaVAAAgAElEQVT5+fmhPsD1LiUlrLMsw1rL1atXee6551hdXeU//+f/zLZt2+h2uw1ZnArUzRLCW5HFH4WPM9bNmpOiKIqiKIqiKJ9NNAGsKIqiKIqiKJ9BfOunjf7f/UEEtBO0gh8StDdWwI32D1Wm0Q9EWCoqXCVBJRHKQYUNJ4DbjCqDPZqob2Px7DbD5xq06x0U3h2kXAedYjed33UTsNL4/mbom5hAHjyRrN/HxPdwmjMthWzqftKxz+pg7MGeDvY27l1aGnyDbOXHWttnA9/6Cu3fy+HXq2c22J6Ywr7eHRN7Au/duxcRYXFxkeXlZYqiAKAoCu644w6+/vWv84d/+Ic8+uijHD16lEOHDrF//34OHDjAoUOH2LFjB8YYiqJgfX29lq/tVPBW0q7e+zqhu3PnTk6cOMFjjz3G448/zuOPP85dd93F9u3bG6nimZkZduzYwdjYGG+//TZra2uNks/xfKPSzSLC6uoqly5dYmlpienpaSYnJxsSuD3frSZ2FUVRFEVRFEVRPg5aAlpRFEVRFEVRFGBjAZym4CCKi6a8CGnCgcSD35YATuc3kDX1a9W/sUtwTOKm5aI3Y2sSeFCMenQ/YBkIX2mrtVbJbRnkWdvnbV+HT4MArmYy2HNpi8hmMjt9RXwiwqt/0iUOBPAAk75OumejuBUE240VwOnduZU7JssyJicnuf322ymKgqWlJfr9Pr1ej7179/L7v//7/P7v/z733nsv3W4XgF6vx65du7jzzju599572bt3Lzt37kREWFlZYWVlpSF/RwnTdqI2FbIAJ06c4NFHH+VrX/saTz31FI888ggHDx5kYmJiZF/h7du3c/DgQebn5/nggw9YW1urBXDaU7ixVzLoCby6usprr71GnufMzs4yMzMzUgJvlvpVFEVRFEVRFEW5kagAVhRFURRFURQFiAJzUNpZ6gRnLAdb9W8doUUHMmnQI9YgG8jjj0Y6l9GP9vGxi24qplO5df25bE1h+7owcVqQd5CTHpzHNGSlQ3wloyupbsRscWafLgEMsbSzqW6GYQk5JL82cpbxqRECOIpjSd5jNrynbgW5lt7X7X1vFP0eeqSJ/cGzzXtmM1IJOzU1xYEDB2rBeuDAAf7Nv/k3PPnkkxw8eLB+T1mWjfRtt9tl//793H///ezfv59+v8/p06cBGn188zyvyzk3SoknaeH4/OzsLH/5l3/J008/zd13383ExARZlo0s65yWZB4bG+O+++7j4sWLfPDBB6yurjbKSKflpWN56nQvvPe89dZbZFnG3Nwcu3btauyTCmBFURRFURRFUX6baA9gRVEURVEURbnlSfuqjiphfL33fDrx3lelgm+2ZGlqYqmfiXuU9ljdOJF5I4jSri1OP2uMEmPms72km8gn1+tYRMjzHO89u3fv5o/+6I948sknAeh2u3Q6nUY6N/05CtWyLOl0Ohw/fpz19XXm5+f5wQ9+QKfTodPp4JyjKIpGT+A4HtDoNzw2Nsa3vvUt7rnnHqanp+vj4nvTtHBb4BpjmJ2d5T/8h//A5OQkzz77LJcvX6bX69X9f2OJ6TzPKcuyfj72L+73+zzzzDOMjY1x7733Dp3HOTckjxVFURRFURRFUT4rqABWFEVRFEVRlM8RUbS4RPoaETy2dWQsXdyWnRsxSiKb+rVhB+hHHLeVcTcqqnyjJLYZ/qkVkg576HD44bk0+uimc2qJ5XZ6cJMZ3by874fbszDnUWWKSZZnNpytIfQEdskB7dLFjk9SgX6yOAyyJZlYCUyR+sbZasIXhsuPN0auSiTneY4xhl6vN1RmuT1uFLmxXy9Anuds376dI0eO1M9ZO/jfmDStG9+bSuGyLMmyjEceeYTt27c35mCtbfTzjc+npaZjinjXrl08/fTT9Ho9/uEf/oHV1dWhFG/8JH2a6o3nWFlZqd/TnrOiKIqiKIqiKMpnmVv1b29FURRFURRFuWVwLRFoCAlN40P69JNIoAZJ6EY8d9PPjMFV53Zhb2RYlNp6Z3zjvaO//3zjkoet/vPestkeOAkCsy79Wz1udZy073M39Bg+5uOTlkSOP7fLHEt6vVrll2Pqti1h8zxv9M9NE7/t8s3t+cQUbxTI8X3t40fNNR6b5zlHjhyp+wfHJHE6j43eG9fT3pv0fYqiKIqiKIqiKJ9VNAGsKIqiKIqiKJ9TggJxVVddSdK+IBLkpvGV0PkEXMdvR/gOnRUIEnxQ9Pk6n4sVV/X+Td91a5Hmghsdg4ck2WAvPW4od34zuxt/lnCSlhzfiEGB8htFW8ymorNddjk+lx7Xfi/Q6OkbnzfGYK2tE8ej5GpMBbfP0y4fHc8xKpUbx7j99tv59re/TVEU/PznP2dhYaGWzFmW1T2K2+fYTPK216soiqIoiqIoivJZQhPAiqIoiqIoivK5ZpP/k9/rnwNb/5Po4+2V2eIIxv82/0jb6qwG0ndzfdsey3yIx63KZmsf/ZoZ8d/1SCVsFKAwOpmbHj8qkRuf73a7bNu2DWMMzrmG7E378EYRG59L5zA2NlYL5FTGpvPbrCxzlmWICGNjYxw7doz/9J/+E48++ihTU1OUZQmEcs+xPHUqddPzbiSCr/e6oiiKoiiKoijKp5Vb+S9tRVEURVEURflcI0RhV0k2nzxu2T8FtioeW3umaHb3pvHJSPGtis2NjpuamuLo0aNMTU3hnKMsS5xzjV7AUbJaa+vev6urq+R5ztGjR9m+fTt5ProwWSqq48+bkWUZs7Oz/NVf/RVPPPEE4+PjrKysNJLGqYSOqWCVu4qiKIqiKIqifB7REtCKoiiKoiiK8pnCJP8mSPuoEQKpdUzbe2wuQj58UnEU8RxZ8u8nxZZmfYPd0ObnlBt8vq0lQ693HUaOssE8ReQTvqqfXv5/9s6sN44kO9tvLdxXUQupfd+6tXRrZnrBzOcewIAB3/jGV4b/gAHf+NcZhmHDAwymZ9QttaSWWmq1qKUliqLEVdxZrKr8LoiTPHkqIjOrWCSzyPcFiCIzYzkRcZ4TJCMycqMfpeO2r5fSLmi63otbj7q6unDu3Dn867/+K/7nf/4HL1++xOLiIkqlEkqlUmRxtVAooLOzEwMDAzh48CCuXLmCb775Bt3d3ZEnk5Ps008oA9EnhOWdwIODg/iHf/gHBEGA//3f/8Xc3ByKxWL4tLBd9HUdfc1FYYqiKIqiKIqiWl1cAKYoiqIoiqIoiqIoKrVk0XRgYADffPMNDh06hHfv3mFlZQXlchnr6+sAEFmcbW9vR1dXFwYHB3HixAmcPXs28oRvI3ItEre1teHixYsIggDFYhH/+Z//iZWVlRrb5XuKoiiKoiiKoqi9KC4AUxRFURRFURRFURSVWrJwWiwWMTw8jCNHjkSezpVFVvle7sn7gO0Tt82wRb+vt7e3F59++il6enqwtLSE27dvY35+PlKntokLwRRFURRFURRF7TXxZVYURVEURVEURVEURaVWPp/3Pr1rF1n1e4Eljz3KOa3sYq3Ob7/v6OjAhQsX8B//8R+4du0aOjo6Iu8DBqLvBLa2UxRFURRFURRFtbK4AExRFEVRFEVRFEVRVF2SxVi9KGsXdOVJ4EKhUJMvl8uhUqnULMLGSZ7wTbqm1dvbi3/5l3/BF198gfb2dpRKpci7ie2iNEVRFEVRFEVR1F4QF4ApiqIoiqIoiqIoikotvYgL1C7C6iOe9VHQ8jMAVCoV5HK5ut4DXO8CcKFQQLFYxMWLF/HP//zP+Md//Ef09vaGC8920ZfHQVMURVEURVEUtVfEdwBTFEVRFEVRFEVRFNUUuRZ77WKxvbZddoj6+vrwySefAABKpRL+67/+CwCci8AURVEURVEURVF7QVwApiiKoiiKoiiKoiiqbulFXLugq68DG+//1U/YFgqFmieJm22btqW7uxuffPIJCoUC3r59i2fPnmFxcdH5NDNFURRFURRFUVSri0dAUxRFURRFURRFURSVWvbYZVlslYVUvdirj3l2HbGc9A7fRuR7ArmnpwdXr17Fv//7v+PKlSvo7u6O2JHP5yN5+HQwRVEURVEURVGtKi4AUxRFURRFURRFURRVt+w7gO0TwPW8r7eZkoVc/fSxqKurC5cvX8a//du/4auvvkJHR0d4j0dCUxRFURRFURS1V8QjoCmKoiiKoiiKoiiKqktJC7mu+64F4Z2QPM0rTwJ3dHTg3Llz+Kd/+ie0tbUhl8uFi788ApqiKIqiKIqiqL0gLgBTFEVRFEVRFEVRFLXn5HsnsRwHfe3atcT0FEVRFEVRFEVRrSguAFMURVEURVEURVEUtWfkOsbZ9fRxX1+f91hq+x5hiqIoiqIoiqKoVhLfAUxRFEVRFEVRFEVR1J6TXtyVJ3/lfcD6WGhg4/2/kofvAaYoiqIoiqIoqtXFJ4ApiqIoiqIoiqIoitoX0ou7shgsi7/2vv6ZTwJTFEVRFEVRFNVK4hPAFEVRFEVRFEVRFEXtGclibbVajSzo6u/lSV+7wKt/5tPAFEVRFEVRFEW1qrgATFEURVEURVEURVHUnlWap3ddi71ybDRFURRFURRFUVSriQvAFEVRFEVRFEVRFEXtWSU9xeta5OWTvxRFURRFURRFtbK4AExRFEVRFEVRFEVR1J6RLN7m83nvE7yu63Lss+8+RVEURVEURVFUq6i42wZQFEVRFEVRFEVRFEXttLjIS1EURVEURVHUXhUXgCmKoiiKoiiKoiiK2jOyC7v1PAVcz32KoiiKoiiKoqisikdAUxRFURRFURRFURRFURRFURRFURRF7RFxAZiiKIqiKIqiKIqiKIqiKIqiKIqiKGqPiAvAFEVRFEVRFEVRFEVRFEVRFEVRFEVRe0SZfQdwpVJBEAQIgiC8Vs/7d4IgQC6XC/Pn83nkcjlUq9WG7NF2WHvkU9LIZy6XC22oVCrhz3KtWq2iUqmgXC6jWq0iCALk83nk8/mw7XJd8kk7bN9odXV1IZ/Ph3l9die11bbD2q9tyOVyKBQK3j522WGvpR1fl13SV/WUFddOuS7f676UMdLXdH0y3pVKJbRJl2sV5z86TVtbGwBgfX0d1Wo1to16HGzdtt8LhULoVzZvPp9HoVDwtlWXSVbJqi8fWSWrvvKsyCpZJaubZZJVsurLR1bJqq88K7JKVsnqZplklaz68pFVsuorz4qsklWyulkmWSWrvnytwGpPT0+qNu0FZXYBOC5QZUE6kAhAGi5xRHE6CdRyDUD4mcvlwklCBxBdvnwfF0TS2Guv6bJ8cOtJQdJJm0QSAOW+BtH2V1IbbHButsQG3X4bSEQ6aNr2uQKqBJqkttQzMbrsT5r0dTu1zbatYq8Nmr62uurQIqtktZkiq2SVrJJVskpW5XuyunWRVbJKVskqWSWr8j1Z3brIKlklq2SVrJJV+Z6sbl07yep+UmYXgO0g73RAcdVng53LqZLsDIKNnQZSTi6XQ7FYRKFQCHcgyH2dRtenbWhGG11B3QYxm04CiQ0aFjrJ7wournFt9ji7JivbXgu/q19cgdYGRuuzhUIhsmsqaRJNqyQmbNm6PpkYZEeXrw2+Poirl6yS1Wa00dcOgKySVX+5ZJWsktXmiaySVbJKVskqWSWrzRNZJatklaySVbJKVpsnskpWm8HqflJLLADrT33P9XMzIHNJw2XrjnM4nTeXy9XsFNGBWF+TI7BddjSiOEh9gcT2uet4Al+/pLHBN6b62IlmKm58dBq9S8Y3BjqQ6KBodw25Jh7djzYApQmmaSYtn836mA+xzbbXjqedDHx2ktVaOxoRWSWrZJWsklWyKtf1p26f62ey6hZZJatklaySVbIq1/Wnbp/rZ7LqFlklq2SVrJJVsirX9adun+tnsuoWWd0dVveTMrsALPIFIrm3lXJ1WVb6uk2jg4c4ng8ql+02gOqz5ovFIvL5PNbX1yPvD5B+8NnSiOyk44ILQM07DPSnnYTsBGbHSrfD5ttKWxqVbYcOJGnSx42LBBbJpydQexxDPW23x1P4JGXKEQey20vbZ+207fT5hK5D9wlZJavbJbJKVn15ySpZJav1iaySVWsfWa1tJ1klq2SVrKYVWSWr1j6yWttOskpWySpZTSuySlatfdvB6n5SSywA+wZsJ6TrFOfQYCRJO50OjLpcew9AeCyD7CyR3SVJQbARSd/K7gdtr939Ip/WljSB1NVeV9CuJ7A00g96l0faIGLT1zP2Uqed/OUXAF9Zvn7QYxUnPeHbXWh2XH1Bsp4AT1bJapLt9YqsklWXyGqtyCpZ3Q6RVbKqRVaT20tWyarP9npFVsmqS2S1VmSVrG6HyCpZ1SKrye0lq2TVZ3u92klW95MyvQCsB8PlgNaRGhk8C3FaO+op1+a3sOh0EjgkmNigInA3w1GlL/WEBGy+AF4+7SRjgXIFkzSQ2za4xnar7YyzyxUwXXnkmsvefD7vHA+Xb9rJRCZjO+HU2yZdvtzXviPpte+4WEqqO66PyCpZJavJbdLly32ySlZ1H5BVsuq6R1bJaiMiq2S1nnLJqltklazWI7JKVskqWSWr8SKrZLUekVWyuhOs7gdlegFYK26wmj1wury4nTmuul1pG7FPH+0gQSWfz6NardYElXrL18C6Jp40k5ArANldGrouW7fc1+l8eeqVL7/YZyfAtJODLlv3W5LNus16QrS7d3zvEHDZ4us3KVcmIUnvC5hJQdTWl0ZklazW2z4rskpWtcjqhshqrT1klaySVXf7rMgqWdUiqxsiq7X2kFWySlbd7bMiq2RVi6xuiKzW2kNWySpZdbfPardY3S/K9AKwHiA94Gkd1aekYGfrcjlSUrm6fB/wGiBbvji8Dij6+AgJKPox+CCo3fmh7+mydP06IOh2+CYHX5/VE/BdQUVfSwOnyz90O1335DPNDpK09Vq/8Pmf9JGMkc1nfxHQZWk/Evtt/4qPyJcvYKbhJG6S9PmyKy1ZJau2TLJKVskqWU2ql6ySVbIaL7JKVskqWa2nXrJKVslqvMgqWSWrZLWeeskqWSWr8Wo1Vve6Mr0ArKWDonxqp3eB7rsv0GmYbbmNOlo9ipsgbDt0WySwA0CpVIrsGJKAL99XKpVIOyQ/gJoz6nU6l3zB3dX3afssLjDb4Oey1eaRL1dAcfVFWlk/cZXhm+RENtDriQDYeIdAsViMvEjetk2PvS5XdhvpsuuZrG1bXb9UpBVZJatklay6yiWrtSKrZDWNyCpZJatk1VUuWa0VWSWraURWySpZJauucslqrcgqWU0jskpWW53Vva6WWQCuRzLI2rHi5ApQWZZuU3t7O4IgQLlcRqVSqQk2wMYkUCwWw7x6Usmy47vGzhW45Gdps54oZMeNPp4h6xL79W4hGVNppw60ul32mImst5esklWySlazILJKVskqWc2SyCpZtSKr2RRZJatWZDWbIqtk1YqsZlNklaxakdVsar+y2qraMwvAOiBoh7GBUQca/fh8qwUSu7ukra0NxWIx3AWk0+gdJtJOe3REFqVt1gHCjqVITyA6kLTCuAKoCfB6stdfxWIx0ibd5lbwY7JKVslqa/gxWSWrZLU1/JisklWy2hp+TFbJKlltDT8mq2SVrLaGH5NVskpWW8OPySpZbXVWW10ttwCsIXFJ37Ow6Lw6eLRKIBHZoC8BRU8Uck/u6x1BQLZ3kWjZ4GmDif7UbbQTRCu0V0/8sjNGT4b6GlA74Yuy0laySlbJKlltFZFVsgqQ1VYQWSWrAFltBZFVsgqQ1VYQWSWrAFltBZFVsgqQ1VYQWd2brLa6Wm4BGEh2DOt4Fi59pIJO30hdOyFrn7ZJ7unH5e19abMGKwvtSitXsJcAI5+udrZae3UbXbt97OTnmvRFWWkvWSWrZJWs1lvXToisklV9n6w2VtdOiKySVX2frDZW106IrJJVfZ+sNlbXToisklV9n6w2VtdOiKySVX2frDZW106IrO4PVltdLbkAHCcdOORTnA7YgE6/WDqujFaQ2CovB69Wq2hrawt3Ccm1VgTKjqVIBwn52XV0gCvoZrkPCoUCANRM6HqHkATPuHc8tMqYk1WyavO78mRRZJWstsK4uURWySpZbQ2RVbJKVltDZJWsktXWEFklq2S1NURWySpZbQ3tN1ZbXXtuAXi/SoKFnCUPuHdh7DW5Jr69KD3xy5eeMHUaKtsiq3vbT8nq3hFZ3dt+Slb3jsjq3vZTsrp3RFb3tp+S1b0jsrq3/ZSs7h2R1b3tp2R174is0k93W3tuAdjCY51MXq6t07Vy4BSYCoVC5Dx53aZ8Ph+706KVpCdALRnXVj5OwDU+Mp5695fsFAKiZ+hrtVp7AbJKVslqVkVWySpZbY3xJatklay2xviSVbJKVltjfMkqWSWrrTG+ZJWsktXWGF+ySlZbldVW155bAAZqncc6UqFQCM+TdwUVV55m25ck3y4QF0SuycHuLpEA4woqWd1x4poY9NjqXTNAdEJ0tTXrkokBQGQ8XcFQ7ks+VztbIYCSVbJKVslqs+xLElklq2SVrJLVbIqsklWy2hoiq2SVrLaGyCpZJautIbJKVskqtRNquQXgpADnC5SuHQa+8l1pkuD2AerK1wwHlzbaXUA+4GwAjbPPJ5vWF3y3Y3dO3Jjq76U/qtVqZOdQUjvTjHU9aqQ+PXa2vbat8kuCnfxdYxvXNtcvFHE+W8+YktXNOsgqWSWrZNUlsppeZJWs6jrIKlklq2TVJbKaXmSVrOo6yCpZJatk1SWyml5klazqOshq67K6F5XpBWCfs7pk4dHBUT5zuVz44m0BUT6DoHb3QRqHkLJ89tTTprQOKDtI9DEBGphisYggCMK2Agh3lUhbAUTaW09fu9qk+9led6WPq8eOpZUERRlT3XZXQPUdj1GPTTZt2nTa93zK5XKoVqsoFouRtHZc43w4jS/ZPkiyKSmNrz6yuimySlbJKlmNs90nsupPR1aTyyarZJWsuu3R9cbZlJTGVx9Z3RRZJatklazG2e4TWfWnI6vJZZNVskpW3fboeuNsSkrjq4+sboqstg6r+0mZXgDWcg2gz1G148j3epeB5JXv5edcbuPxe8mn7yfZVm874gKJAKKlA5+kr1QqqeuVtHaySConLTg7JTsR2nv60wYl3a++MbN5bTrfdXs/boLRviXj0dbW5rTDZ58tR8rSviXjqvO4jlywv2zoT11mWj8nq2QVIKtklawm2ZsVkVWySlbj7c2KyCpZJavx9mZFZJWsktV4e7MiskpWyWq8vVkRWSWrZDXe3qyolVnd62qZBWBR0mDZYKLT2aCp0+sdGjqfLqsZ0sHA1R5XMHYFAGBz54RtW5IsUBJAXbsuXCDqe660cXXaa2kmCJfNPjtcNtrg7TpWQad1yTdx+dLqtrlsk7pc45oU8HT9rj4UHysUCqE/6TKtb6WpS6dN+0sAWSWrVmSVrOr7zRJZjV4jq2SVrPpFVskqWU0WWY1eI6tklaz6RVbJKllNFlmNXiOrZJWs+kVWd5bV/aKWWwAG/A5uAU0LmC9w2HrinEfX5wpkNq2uz5dOBzZro6vdadpp8+oglcvlnLuF6qljK0oKJPpnC6zLF1xpXPW4/CZp0oqzPSnAuiaHtDuXkqTLkjrkust3kibxpEkgyS/IKlklq26RVbJKVtPbTlY3RVbJKll1i6ySVbKa3nayuimySlbJqltklayS1fS2k9VNkVWy2iqs7idlegE4DYz2U9/XDuFzDgtqpVKJTW8dJcnZ4gKrK+hJ3RpySaO/6g2YVho2W68NWK760kIWFyxd5SRNNHHXXEHd1f+uSSIpQPvaYO2Im4zkZzu2tj2uupNY0O20k4Ud07hJzCXdN3E2xtlHVsmqq0yySlbT2mjvk1WySlbJKlmtLZOsktW0Ntr7ZJWsklWySlZryySrZDWtjfY+WSWrZJWsktXaMrPG6n5Ryy0A20GOAzUJNBes8r3eNaNtcTlsPe2wu3L0o+0Csz7TXj7ty8615LrsPvFJO762qVKpoFKpRI5UkDp9u0vStl3kA99VVly5afrfB7F9Ebmkk77Vfeyzz/ZfGj8D4t8H4JvYbf1xaVz9Ie3RdYufa7+zEnvixjxpPF1lk1WymlSXiKyS1SSRVbJKVsmqTkdW3WWLyCpZTRJZJatklazqdGTVXbaIrJLVJJFVskpWyapOR1bdZYt2k9X9oEwvACfJ5+B2gCVQJAWnOAe3DihlNupI9mXmhULB6eBx9mklTRz12KSPMZD3B9QTPJPsSjOB1VNu3IRif9btsPn0pBwXuOvta3sER5zNW5XLh2WHlN6hpN8L4bKn2faRVaS6V69NZJWsktVNkVW3yOrWRFbJKlndrIus1i+yilT36rWJrJJVsropsuoWWd2ayCpZJaubdZHV+kVWkepevTaR1eayul+U2QXgJPDjpJ3BN/A2EPvqlZd2ixO5HLQe+6QsSSu7R1w7gqxT690iaYNMGjvtPalf7yzR9mxlUogL2Gnksj2uL3wBxfqInSjk09deX3B1+YiMW7Vadb6XQZfjyl+PfNzI5KTbKpOFntjiJt609Uk5aURW3fX67CSrZFWnJaub6cnqpshqtDyy6q+DrJJVskpWffWS1U2R1Wh5ZNVfB1klq2SVrPrqJaubIqvR8siqvw6ySla3m9X9okwvAKdx3LiBi3OyeoKbLkd20Yh0ELBpfWWJw+mdONpxfXY3AvFW8lvYZAJxpUlrQ1JeGxyS7ErKE1eWzm+v6/baMtL4pC7T7hxKkm6P9YWkyTGuTFueLdPW6Qv8ut90XrJKVuPsSspDVqP3ySpZTWtDUl6ySlbJKln12UVWyaqvLLLqz0tWySpZJas+u8gqWfWVRVb9eckqWSWrZNVn13azul+U2QVg3wDqQUob7OLS1TPoOmBYh3FB6ypbBxK7I0iX6ypDB5q0gEqZSYHV2qgDm5xvr+23tq+lr84AACAASURBVMS1Na4ul3yTVFKeeoKQy16fj+kdNfa+vqa/6qnXlqknumZNpva69jXbXn3NxZBNQ1bJKlklq640aURWyaq9r6+R1Wi9ZJWs+vKQVXd7XNfJqt9WnY6sxousktW4NGlEVsmqva+vkdVovWSVrPrykFV3e1zXyarfVp2OrMZrr7G6X9QSC8CNDI7OY0FtljRQciSAfSm11Cf3isViBBbXufHWfn0tDk5XOTaNr9y4a64Xcesg5ZokLJi6ra6JxWWrTzaPDW71tNMlOUJCBxJdtt4FJBOCfb+DnVwbVSP9k1baRqlLjrfQfSD3XGOWpt+TRFbdachqssgqWSWrZLVekdXmiKySVbJKVsmqX2S1OSKrZJWsktV6RFbdachqssgqWSWr+49VvXi+15X5BWDtmFmWHDNgA6X8XCgUUCwWI47mCjr2elak7dIwuQJD3Bn0WWpTklwBStvvOt/fdfxA1uWyVwdJVxo7rgBZzYrIKlm1echqNv2arJJVm4esZtOvySpZtXnIajb9mqySVZuHrGbTr8kqWbV5yGo2/ZqsklWbh6xm06/J6t5ltVnK7AJwq8nldK4gERdMsu6EOkCIbCBx5bG7UVxlurRbfaLHTF+z9tt09qz93VbawK3HVXbS2Px6LKSdWfdXn8gqWSWrrSGySlbJamuIrJJVstoaIqtklay2hsgqWSWrrSGySlbJamuIrJLVrLG60+ICcILigqd1dA2b3jEjQOkAYsu297ImV1CU6/pRekljX3jva5u9nmay0nVvp6zdrrGTtuojCGxf7YStW5Fup7ZZdgXZoJlVPyWrGyKrZJWsIpIuqyKrZJWsIpIuqyKrZJWsIpIuqyKrZJWsIpIuqyKrZJWsIpIuqyKrZJWsIpIuqyKrjbG6n5TZBeAsB0rAHUjE+fT3+poFzFWWOGMWHVHbptvpCop6wnC11ddGnc/mdcmmb7Z8tsvPEkhc7c3iGCbJBk/bv40E/90WWSWrZJWsklWyulsiq2RV35drZDV7IqtkVd+Xa2Q1eyKrZFXfl2tkNXsiq2RV35drZDV7IqtkVd+Xa2R1bymzC8B24LKgJOewQRPY3G0hP7vSZF12LHSgtF+utK0oHRziApxuu87bSnLZ62qXayztRJgVkVWyCpBVX94sjTVZJasAWfXlzdJYk1WyCpBVX94sjTVZJasAWfXlzdJYk1WyCpBVX94sjTVZJasAWfXlzdJYk1WyCuw9VpulzC4At5qsU9lH7HO5HIrFYmT3gc0vyqozaqgKhYJ3ctDBU/K1ouyk5mqrvia7S2Q3jfWBVpBrgrD3pH2tKrK6IbJKVrMusrohskpWsy6yuiGySlazLrK6IbJKVrMusrohskpWsy6yuiGySlazLrK6IbIaZXU/KfMLwHYlf7dscMnnWHrniP6SdPl83hlQbH273W6fNCS2Dba9IukX22dxQXU3lcaOuLa2omxglE97TdK6xn63205WoyKrGyKrZJWs7r7IKlklq2Q1qyKrZBUgq60gskpWAbLaCiKrZBUgq60gskpWAbK6H5TZBWALZRYGyAY+16cOErKjJAg2z5IXEF1HDPiCS1aUz+cjL0rX56jncjkUCgUEQYBKpRLpg7hdFVsZ1+30C2uzDhzS3mq16myryxd2w3/T+pOrrfKC9CDY3BVTqVTC9HbyJKvZElklq5KerJLVekRW40VWN0RWySpZJatZFVklq5KerJLVekRW40VWN0RWySpZJatZFVmtn9X9pEwvALvkciAbXJOCrb5vAU7KI2nkS9+XL+1EGj4AYUB15U9qa7ODja+f7HVrr7TRBk7ZJSOA2fxxNrjsqKcdzewbV3/oOmRMbTCRvLrdronC19/6fiPtSev3Oo3Lh/X46U+Z+IMgQKFQqGmvqz6y2hyRVbfIKlkFyKrPBpcd9bSDrJJVXzvJKlklq2TV11ay6m8HWSWrvnaSVbJKVsmqr61k1d8OskpWfe0kq2Q1Dav7SZldAK5Wq5EdJnrQfI4TB6RrYH3ptSSvBkzb5QLLVZYGUdskEOpAJMHIFUiSAmWSNOSuwOyS2CnBX+zzBR19TfpF+kzvtkgbBGxg0nZZOxuVDZY2gPjs0pK+kXYWCgUUCoXY9wdsZVytb6aRrqdQKCCfz2N9fT0cU5etkkZPiDqwWibIKlnV5drvXT/XI7JKVnU5co2sklWySlaTRFb9bSSrZFXyyTWySlbJKllNEln1t5GsklXJJ9fIKlklq2Q1SWTV38btYHU/KbMLwAKWfuzeBsutlq/L9EnAEefQAUTvhBGltVE7q3Zkgc0CK/dsXl2vDji2Xa72usrTAU4HBGmr3ilTj7S9tr2+SSJuUtPBJa0/uMbJ2uOytx5JHpn8pC+lryWN9KfUL0cxpKlTdu2IH2ofsu2y/V4sFsM0lUolnNBtP7r6w9XX+pcBskpWXSKrZNWKrJLVekRWyarcs3l1vWQ12Qab39rjsrcekVWyKvdsXl0vWU22wea39rjsrUdklazKPZtX10tWk22w+a09LnvrEVklq3LP5tX1ktVkG2x+a4/L3npEVsmq3LN5db1kNdkGm9/a47K3HllWi8XMLos2XZltqQVGnNsXgLQz+JwgyTFd98XRBDzZ7aF3j2jH9tmkr+l2aYB1fTIR6Hpkp4Ity/7s6gtf0LTBSu+Ukft6colrXxyAOjhKe/Vk5RtXl9Kmt33tur8d0m2tVqvhDivdXh1EdZ40Nmk27GTkmlDsLwV6MqxUKjV+4wuu2j7XLwBklaxakVWySlbJajNEVskqWa1tJ1klq/oeWSWr9YisklWyWttOskpW9T2ySlbrEVklq2S1tp1ZZ3U/KdMLwPoTiAYk7YQ2XZpypQxfXrmnd+zoIKKDrkvazrjyrV06eLp2e9gAnVSuveeCS8Ot2ypp9Q6StMEp6b7epWPb4xojVxlJ0rb4Ar/ukzSByZbvG1t9T/pSB2s9OelxjZvQXO2K6x/XhC+7XPQEkeRT1hZdh7aXrJJVXxlJIqtklaySVSmfrJJVsupvD1klqy6byCpZtWXo8skqWSWr/vaQVbLqsomsklVbhi6frJJVsupvT6uxul+U2QVgIOo0spPCOr4OXPUMXpogoMu3gcQGVZ0nyY44QFxOr23wlZ/Uft8925+2rXItaUKoRxo0KdvuYnHZ7guevgnFNz6uPGngT9MHrolUxq1arYaThBxNUU+/2rSuXwbkum/Sl4lf97ur/1x1Wd/XIqtkVdtOVsmq6zpZJauuupJEVskqWSWrZNV9naySVVddSSKrZJWsklWy6r5OVsmqq64kkVWySlZbk9X9pEwvAGvZwOLahaCDUyOyUEmwlO+lXFe6eoOZbZP9WY5ksLuFBHSd3geU/d4G7aQgIkozQdmx8N23ttnxiptQ7ISqA22SbXFByn4fZ7er3LhyXP0rvwzYsbV+5ipT1+mbsPVOJKnTjq3Up3cKxdUZ1y9x9pJVskpWySpZJatxdrvKJatklaySVVsmWUVoP1klq3F2u8olq2SVrJJVWyZZRWg/WSWrcXa7yiWrZJWstj6r+0mZXgB2OYoP7Dhntg7oGnAdLKV8DVaa8pslHRTFBhtYXEHbFVCsja5dG74govPaQK/BbqRtrvLkpeU6ePomCPlZ+kAHxSRtZcJJU7aWa2INggDlcjmyC0x8D3C3xWWvvqYnBrlXqVQik4+kiyuzUZFVskpW3eXaa2SVrEpesppOZDVqH1klq1lldW5uDh8+fAAAHDlyBIODg876ySpZ1Z8uG8kq59W4MhsVWSWrZNVdrr1GVsmq5CWr6URWo/aRVbLaKqzuJ2V6AVjL58yyk8Y6vM3jCiI2QOhAFQekrl++0oId52y+oCdtDIIgEuALhYK3XluuK+BKANHttf0sn0mBIy6QxbVXytb5XGPqqj8p0Lsmj7iA6SvfV19a+fpWTxY6yOv2xE341l8kveyAkuAM+Cf8NG1J+qXDiqySVV+dZJWs+mwgq7Uiq36RVbJKVrPH6vT0NEZHRwFsjM/g4CBZJatkNYOsukRWySpZJavySVbdNpDVWpFVv8gqWSWrrcHqflFmF4A1rHFpdFqgdgeMSxZaKUPg0jsUXGW5gNPf6zJ97fKVYwOgzWtB0ztgbL58Pl/Tjzp4SDtdwULbo4OnzzZfe+19W64tzxfc9LjqvLZtvgmkniAX10ZXPTaPb9JyXdNjIbuF9M4mV1ut/0ga2RUkE7/PdpcNaQOkz7fJKlklq2TVlk9WyaoVWXW3z5ajbfOJrJLVrLGatpxWYHVhYQEfPnzA/Pw8SqUSlpaWEAQBenp6kM/n0dfXh0OHDmFoaAjt7e1k1eQlq9lmlfOqW2SVrJJVshpXP1klq2SVrJLVvcfqflFmF4DjFOfIroHUTiiA6Xz2q141ks+2IS4AukC3QUm+bGBN09a4QOIC0gbBtJOGlSuYyKdMYrpsPRnq7312bCWQbEVxQch1X67b3T2uozJ8PqwnfZcdaQJ9mom7XpFVskpWySpZJatbFVndFFmNsvrnP/8Z09PTddVfLBbR3t6O4eFhnDlzBr29vZHypV6y2jy1AquVSgXPnz/H69evUSqVnGnX1tYAAFNTU3j58iVyuRw6Ojpw4cIFnD17NpKWrHJezTKrnFc3RVbJKlklq2SVrG5VZHVTZJWstiKre12ZXQBudED0i7ir1SqKxWIkeBYKhTCdOKzdPaIBatReXaeWPoIhjeLssNDncjkUCoVIG/SkYIOeyz4XkEkTmc7ra7er7Lgxtv0UBEFkbG1+/b3eJZPUhnpkA56+HjdOaXcn6SAvO8HkvRA6r0wSlUol9GNdj8vGNO2qJ00z+pOsklWySlbrbQtZjS+brEbLJat7n9VGVC6XUS6X8fLlS7x69QoHDhzA9evXMTAwUFMHWY3WsVdZHR8fx+PHj70Lvz4FQYDV1VXMzc3VlW8/ssp5lazqelw2pmlXPWk4r9aKrG7WRVbJKln1t4Os1tpLVsmqS2R1s65WZXW/KLMLwI1KBlrvRigWN5sZBBsvXteDr3ddCHDNcL7dkLbdNTnEwZ416WApknHN5/ORcZX0NmDKdcmzG21vtE6ZAOQXAJkIZYeXfLoCWSsEOLJKVskqWW0FkVWyKnWS1Wyrv78fHR0dAFDTJgAolUpYW1uL9EEQBJiZmcG3336L69ev4/jx47tjvBFZ3RlWgyDA6Ogonj9/Hsb0QqGAoaEhnDlzBiMjIzV5lpeXMTMzg3fv3mF6ehrr6+t1t2+/s8p5laxKnZxXsy2ySlalTrKabZFVsip1ktVsi6xmj9X9opZfAHY5hzhPtVpFuVwGsLmLRIKJ3RnQCoHSJx0AJTDKl0wOApKFzfaDDqpaOwGhzz67MwqIBhXJpycQbbPsLNotJfWdz4f1xCD9kM/nIxOEnfjk5yz6Mlklq2SVrLaKyCpZ1fmy6stkNcrVyZMnceXKlfC6POmrfRrY8PWpqSk8f/4cMzMzCIIA6+vr+PHHHxEEQc0iMFltXFlndXR0FKOjo2HegwcP4vr16+jq6kKhUEB7e3vNU8Hd3d3o7u7GiRMnAACzs7NYXV2tq53lchmvX7/GysoKLl26tG9Y5bxKViVfVn2Z8ypZJatktVVEVsmqzpdVXyarZDXrrO4XteQCsA10vjTWCa2TufJnLaikscd3X67bQGADR1wZ26F6+jguwLjKcE2CQP3HOKRRs/rMVY4r4FtpH8+qyGpUZDWaXkRWd19kNSqyGk0vIqu7L7KaTnGsFgoFHDlyBMPDw5iYmMCDBw9QKpVQLpfxyy+/4MCBA+ju7t6y/S6R1eRydorV6elpvHz5MuyrM2fO4MqVK3WXe+DAAa+NIt2miYkJ3Lt3D+VyGUNDQ/uGVc6r0fQisrr74rwaFVmNpheR1d0XWY2KrEbTi8jq7ousRkVWo+lFrcLqXlFLLQC7ILA/iwPlcpvHCOiz8+W67JrRjuoKNj47dho+ID5wyqe2PZfbPHvdAimKCzhZgMWOj/0S6Ws6j/aH3WpP0vjZMdA/y7sf9FEIemeU+HHWRFbJKlklq7p8skpWmymyuqn9zmpcvjSsDg8P49NPP8XDhw9RLpextLSEN2/e4PLly1s3fosiq9vHaqVSwbNnz8KnDo4ePdrQ4q9LSazaY+32C6ucV8lq1sR5laySVbKqyyerZLWZIqubIqtkNcus7he11AIwkO4fQAKRDSIieem2Dpza+WxZjdiwU9ITgg4e+r4cF2EDaJqguR1KmgD1zzoYALXtdQVaOT5AX9Pn6e+UXBO5yBXcbdCUdz5oPwaiYwrA+f6HLARPshoVWSWrZHWzrEZs2CmRVbJKVjfLasSGnZJ9T5Bta1pWT5w4gcnJSYyNjQEA3r9/j/Pnz6Otra3pNu8nVjUzWWN1enoaHz9+BAB0dHTg/PnzTe2ftJzIP/n2E6ucVxGmyQqr2rassbrd4rwaFVklq2R1s6xGbNgpkVWySlY3y2rEhp0SWc0+q/tFLbcAnKRisYh8Ph8GCjlLXa5rJ5M/uiWtvZdV2X92aQl80h5JIxOI9EmaYLLb0hOgKAiCcMLL5XJob29HEGy8I0DGWv8jRefLuvQkqIOmBFX7j07bL/Klz9XP8hiTVbJKVslqVkRWySpAVludVVEjrB49ehQTExMol8tYWVnB0tISBgcHt68hCSKr28vq7Oxs2Jd9fX3o6+vbppYlaz+yynmVrHJezY7IKlkFyCpZzY7IKlklq2SVar5aagHY5xDacXK5XOhw1WoV6+vrIVzFYrFmh4Lkk6CqA+huy7WzRbfTppPJwQZH3dZcbvOYBQk2WWurHRcAYVtsu2QyKJfL4YviZeKwO4p2wvZ689iAqW12+aJMCDqvPQoEQBhwd0tklaySVbJKVndXZJWs7gdWbR7x53pZ7evrQ1tbG8rlMqrV6o4uAJPVnWdVnv4FgIGBgbrbEKckVu1cUy6X9wWrnFfJqpTJeXV3RFbJKlklqwBZ3Q7b681DVskqWc02q3tRLbUA7JINCnq3hHwvgVGkB1/Dph1X78bYDekAASASRFyBxErS6MAobbS7ilyfrrKaLQnevnvaRj2u8nM+v3n8hWu8CoUCCoUCisVibF3bobg+s4FTdsDofBIw7fjr/HZi0SzovsmKyCpZBciqfJLVnRdZJatklaz6WBXf1mVL/2yH9jKrccoKq/q+/JNlO2XtE8k/wMgq51XOq9kQ51WyCpBV+SSrOy+ySlbJKlklq9uv7eqzLKvlFoA1/EBtoJSd+yL9R7Y4lAVJ33f9Yd6IfUn5XHXHXdc2JeXT9ev+kc8g2Nx1ovtRQNV500KRlC5uArO2y5feQSK7g1xl2p9tgJH2utqz1eDpC/pJaXVgt8HdNQ7aNtdEoMdRjo6w5fnsSftLSr0iq3DeJ6tkVe6T1frsI6tRkVWySlZr+7lRVn1lpRFZTfaTrLFaT/sazetj1TWW+4VVzqvZYJXzajQv59X4fGSVrJLV9PaR1ajIKlklq2TV/pxVVve6WmYB2DqcfvxfHiWXx8kFFEkr+X2Aa4h0QCkUClhfX08VUDTA1lZ9zedsPqfWk4Kk01DZScEXLG0/VKvVyOSj7U+zY8gVAFz2uyYeV7DVQUTur6+ve22xaQF3wJVd9blcDh0dHZGXydu2pB0rSePzKV2OtlG+xLdklwvg/odQUvDzfS9qa2tDEGwerVHv7qhGJ32yupmOrJLVuO9FZNUtskpWtW2ShqySVVt+UplpWLW+7vsj3lW2j9VKpYLp6Wm8f/8e8/PzWFtbw9raGgqFAnp6etDV1YVDhw5hZGQE7e3t28ZqtVrF/Pw8JicnsbCwgOXlZZTLZRSLRXR1daG/vx/Dw8M4dOhQ+DRso6zaPsoqq/pJg4WFBa/99SoNq6VSqcb+ZrJarVYxMzMT+t3q6qrT74aHh9HW1hbaqu1vFqvLy8sYGxvD1NQUqtUq2tvbMTw8jBMnTqC9vd3ZZ7qt8g+lDx8+YGJiAqurq1haWkIQBGFbjh8/jsOHDzsZ4LzKeTVNPs6r/B2YrJJVskpWyaq/zHrzkVWy2iqs7idlfgFYwLGOX61WQ2eTNPbYgHqlg4E4qpSpdyZoZ4tzOClLO5VArPO6nNIXSJrpoBJUZDKS9hYKhbC98pJu204NpC5DytWfwCboFmQ9rlJWqVRCuVxuWjtF8s+PYrEYefG8DdBWtt9lZ5WrT1zjpSd7+7JzCZbbGXj0y+StD7vkCoZ6kvKJrJLVZomsktWkMskqWSWrZHUrsqyurq6iVCoB2DgSuK+vr2FWFxcX8eTJE0xNTTn/KF5fX8fq6ioAYGxsDLlcDgcPHsTly5cxMDDQNFZnZ2cxOjqKubk5Z9+VSiUsLy9jenoaL1++RKFQwOHDh3Ht2jX09fWF7WmEVSDaN0msBkGAx48f48WLFwiCAO3t7bh16xaGh4e31Ac+Vvv7+zE1NQVgYwF4fX0dbW1tTWf1zp07ePPmjTff7Ows/vu//9t7/8SJE7h161bkmo/VxcVFPHz4EJOTk6n9bmhoCFeuXMGRI0fqZnV1dRXffvstFhcX0dfXhz/84Q/o6upCEARYXl7GvXv3MDk5WeN74+PjKJVKuHLlirfdADA/Px9y5PLftbU1AMDbt29RLBZx5swZXL582fkkibSJ8yrnVc6r/B24WSKrZDWpTLJKVskqWd2KyOr2s7qflNkFYBkIGTTtqLJDQAeSJKjrrVc+JVC7QLGBPckOe88FnSvQ2PTNkq5DdlzY9sp9DVTatvpsl2AtQUSPqQQxm78ZknokeOigoHcgJU2K0hcyTr700j/STpn8pQ7d1kaU1Ed20pMvPSnaNmtbXD4YN65klaw2S2SVrJJVd9lklayS1ebIsjoxMREuAA8MDKC/v7+mnUA8q+VyGQ8ePMDbt29r/kjVu/1F6+vroQ1TU1OYnp7GoUOHcP369S29l3ZtbQ2PHj3CzMxMTb+JHWJLtVoN/4CXfvjw4QNOnTqFmzdv1vhvWlYlfRpWgyDA06dPI4u/N27ciF383SqrBw8exK+//opKpYKlpSW8e/cOp06dipSvy3HVmYbVuH9WbEWan3K5jJ9++glv3ryp2++mp6fx7bffYnh4GLdu3XKm97Hqm9PevXuHe/fuhQu0AMInjcvlciLLQRDg559/xsuXLyPtyeVyNU/NiO+Wy2WMjo5iYmICn3/+Ofr7+zmvcl6tqUPayXkVNd83Q/wdmKySVbfI6ub3ZJWsblVklaw2m9X9oswuAAOocTjZ3eALIq7gtVXpwGyDiji+ljiZhs8le88G5zRBpJ52utLqP6DFbiAaLAqFQthWsUWn1bbbiUbKtnXrR/plLOXTllFPQHHZpQOE3BMfyufzkZ0lvv70TYa2Prku0oFKt8cGZ2urq7w0ttn6dblSv/Ckd0e5fNhVT1KQJatkNa3IKlklq2TVfk9Wa++T1Z1hdWVlBWNjYwA2fOzEiRM1bZXvfawuLi7iu+++w9zcXHivu7sbJ0+exJkzZ8KnS8V3g2Dj2KyxsTG8fPkSi4uLCIIAk5OT+O677/D555+jq6srdRvFrrm5Ofz444/hk565XA49PT04ffo0jh49GrZLs1oul/HixQv8+uuvWFpaQrVaxatXr7C0tIQvvvjCeUxwEqsS69Kw+uzZMzx79gxBEKBYLOLatWs4duzYtrJ6+PBh9PX1YW5uDtVqFS9fvsShQ4fQ3d3trKdRVo8cOYLOzs5I+pWVFUxMTKBaraK7uxtHjx4N78k/CaW+wcFBb70AsLS0hLt379b43ZkzZ3D27Fm0tbVFYlM+n0e5XMbbt2/x6tUrLCwsIAgCTExM4M9//jO++OIL9Pb2xvap/rKamprC/fv3sba2hmKxiNOnT+PSpUthH6yvr+PFixde365UKvjhhx/w/v37sL7BwUFcuHABhw8frhnLxcVFPH36FO/evUO5XMbi4iLu3LmDW7du4cCBA5xXOa/W3Oe8yt+B04qsklWySlbt92S19j5ZJatplUVW95MyuwCsjwYQaPVuAx3MAP/gxikurTiFwKDrkrzigHb3QxoANDR6YnClqcfuemSDrwQN6Udtl7TTN2npMuTTptHtlUAiXz7bGpWuz5YltumJz3UsR1wbrJ3a93RQ1kHKTvoun/K1u9H+sPbZLztJ6Dwu2/Qkrn1ERFbT212PyCpZJatklaySVbLafFYB4OnTp1hcXAQADA0NhQtyaVldWVkJj8IFNp52vHz5Mk6dOhUZT8tqEAQYGRnByMgIPnz4gCdPnmBtbQ2Li4v44YcfcOvWrboWgWdnZ/Hjjz+GT152dnbi6tWr4cIZgAijmtVLly7h0qVLePHiBR4/foxyuYzJyUncvn0bX331Vc0isO5Dl+/lcps71CWNi9WnT59GFn9v3LiBEydOeMeqHiWxev78eTx48ADlchlLS0u4c+cOfvOb36C7u7tprB46dCjS/0Gw8YTsxMQEAKCjowPnz58Py2hrawvf3eaKG1rLy8u4fft26Hft7e24cuUKzp49G/mHhmW1WCzi1KlTOHXqFCYmJvDw4UOsra1hYWEBt2/fxtdffx36XRpWReVyGQ8fPsTq6ip6enrw5ZdfYmBgIJKmWCzi8uXL3vF6+PBhuPjb0dGBGzduYGRkJJJG+293dzd+85vfYH5+Hrdv38bS0hJWVlbw6NEjfP3115En6Tmvcl4VcV5Nb3c94u/AZJWsklWySlbJKllNo6ywup+U6QXganXjaCfrcDLgrkBUD2hxwccFtoZPBz59/nocZNbh9M4gnSYJJJeDNyIb0PQ1gT2Xi+7gl/7WO2nEZv1Ug7ZRJkCpS+8gkaO7dF9JP24FRtfYStB37QiqVCphQNHt1e1wTZ62H3X5tj9sn+hy7ZjbsrciPaZ6HLT/6YnCBncfJ+L7AMhqjN0+O+sRWSWrT3fbWAAAIABJREFUZDVqp85PVsmq3NPlktXkNux3VqvVKh49eoS3b98C2FhwkneIpmV1fX0dd+/eDRfhenp6cOvWLfT39wNIz+rw8DD6+vrwww8/YGlpCUtLS3j06BFu3bqV6n1ZKysrePz4cbj4Ozg4iM8++wzt7e2hzWlYPXfuHAYGBvD9999jdXUVU1NTePDgAW7dulXzTwY9Htb/tJ/6WH3x4gWeP3+OarUaWfzdKVZPnTqFpaUlPH36FEGw8e7mv/71r7h69SqOHz8e5ms2q/ozbRts+nK5jB9++CHid7/97W8xMDAQmWuSWB0ZGcHg4CBu376NhYWFcPPBl19+GR63nJbVsbExfPz4EV1dXfjqq6/Q19cX8Y8kPXv2LGSxt7cXX3zxBXp6elLNq729vfjDH/6Ab7/9FgsLC/j48SNGR0dx9epVzqucVzmv8ndgskpWU9kg5dm0ZJWsktVNkVWyupdY3U/K7AKwflm4hlQ7SLOCYr1AumDWsNjAYSVw2UDjC/62zp2QKyAIKD7QLWgWLr17RMqW8oDNl8dLWc1oQ5L0pCQB1AYVKcs1PpJfTyx6XHXQbUabGpHPz/SYyuTvmhBF2sfluj0OgqyS1UbbkCSySlbJKlklq2S1WZqensZPP/2E+fl5ABtPy37++ecYGhqqi9XHjx9jeno6LOOzzz7D4OBgQ6x2dnbi5s2b+OGHH7C6uoq5uTm8ffs28m5al4IgwJMnT7C0tARgYzHw+vXr4eKvTz5WBwcH8fnnn+POnTtYX1/Hu3fv8P79+8hRxS5WbQyLY/X169d48uQJyuWy98nfZiiJ1U8++QTVahWjo6OoVqsolUr48ccfMTU1hevXr4dPPmeNVe13HR0d+Pzzz2uetk3Lam9vL7766iv85S9/wfLyMmZmZvD69WtcuHAhFavAxliPj48jn8/jk08+QV9fX13tm5qawvPnzxEEATo6OnDz5k309PSk6hexp6OjA5cuXcL9+/dRqVQwPj6Os2fP1hzBzXmV8yrnVf4O3GgbkkRWySpZJatklazuhMhqc1jdT8rsAvDa2lo4SHrQALfT+YJVI0rrBOJ8ACLBQQMnAVXvMNAg6h03Yru2Xztrs51T96u1Qdetg7m0UwcJ+V6u2ycVpIz19XWUy+Wwf6Rc+48juVfvOMal1/1q/UfnE5vk076/TEuChx5vO0HourRcu6B8/1QR1RMc9c+S19pvr7nGTo+LtlnaJru9yCpZrbc9SW0FyKouj6ySVdtPZDUqshq91qj2IqvlchnLy8tYXl7G5OQk3r9/j5WVlbCOQ4cO4caNG5HjltOwOjMzg/HxcQAbJxddu3YNhw8frumneljt7e3F2bNn8fTpU1SrVbx58wbDw8Po6Ojwtu/du3eYnZ0FsHEM8KefflrTlnpZPXjwIE6fPo3R0VGUy2WMjo5ieHg4MpY+VnV5Lr1+/RoPHz6MLP6ePHlyV1jN5XK4du0auru78fjxY5RKJQRBgLdv32Jqago3b97E8ePHm87qVvx5ZmYmfFK2UCjg008/xdDQkDd9GlYHBgZw+fJlPHjwANXqxjugT506FfqRi1WtUqmE1dVVHD58uO6F/CAI8Pz5c5TLZeRyOZw5cybSnnrm1aNHj+L169eYnJzEysoK3r17Fx6xzXmV8yrnVf4OXG97ktoKkFVdHlklq7afyGpUZDV6rVGRVbLaLFb3kzK7AKylg4oOVlsdrHqc1cLs+gPeQqavW0eTT9cf0q4gvRXb4+QLwr6+FshdX5JPvmTniN6pocvSeaxsHzZLLp9x+VMQBOFT6Hp3iW6rjKkeRx2Y4yY4O94uP2hUaX1H6tXpJTDaMdWTv97lZX+xIatbsz1OZJWsktVoXrJKVl116jyudI2IrLYGqz/99BN++umn1G06cOAALl68iCNHjtTcS8PqmzdvwiOXDx8+jFOnToX5tsLq8ePHMT4+jo8fP2J5eRkTExM4ffq0sx1BsLFYKX4jR/r60rr6wd4TVk+cOIHx8XEsLy9jbm4OU1NT4VPAPlZddek2jo2NRRZ/r1+/jhMnTqQa9zRqlNWzZ89ieHgYt2/fxtzcHICNzcjff/89Xr58ievXr6Ovry8TrL558walUgkAcPDgwfC4aknbKKunT5/Gq1evMDs7i6WlJYyNjeHChQup4qmM59mzZ2vmvSS9f/8eMzMzADY3QFilnVcB4NixY5ienka1Wg0XgO0/hjivcl7lvNq47XHi78BklaxG85JVsuqqU+dxpWtEZJWsAmS1UVb3gzK7AKyDh3Y+DbV1fnutmbZYWUdxBRq7wwTY3Mlg87sCjQ1gLrus09bjwLZfbX4b4Hzlu/pHzoovl8uRyUEmFvleynSNs7UxqS/i2unK78qj65ZJrlKpoFgsIgiCMKjotHpM9c4b215f3a4JOK4t9co14fl8xo6Btkn3h24nWSWr1kaySlaTRFbJKlklq7aORlhtVEEQYHZ2Fg8ePMDQ0BDOnz8fWThNYnV5eRkfPnwAABSLRZw7dy60aausFgoFjIyMYH5+HkEQYGpqyrsAPDMzg48fPwLYOALXPn25FVaLxSKGhoawvLyMcrmMd+/ehQvALlZtHZbV9+/f49GjR+Fi4dWrV8Mnf7PAak9PD7755hs8ffo0fPI5CAJMTk7iT3/6E44dO4YrV66gUCjsGqvW786cORNbZj2sFotFnDx5EnNzcwiCABMTEzh37lwkv2teE3V3d+PgwYM115Pm1Xfv3oXvFxsZGQmP3bZp086rQ0ND6OjowMrKCpaXl7G0tITe3l7Oq5xXOa/yd2Cy6mhLvSKrZNWVTkRWa9vrq5usNk9klaw2yup+UmYXgLXSBAibxgWC63ufQ/mCYVL94nw6kIj0EQlxtifV4WqL63o9ALqOaIirWx8DASAELAg2/vFVKpXC3SO2HFcQdLXNTjy+MY2zW9K5jidwjYVvkiyVSiiXy2hra0NHR0cYCPUuKFc+n1z1uGTbn1SuK7/rlwxX2RIMAYRHYGi/ljGN+yWFrLrTkdV4G3U6srpZL1klq1I3WSWrSTb5ft5PrPb19YVHJfvGdGVlJfS9IAiwurqK8fFxjI+Po7+/Hzdv3qx5gtbF6tTUVPj0b09PDw4dOtRUVg8dOoRXr15hbW0NS0tLWFlZQXd3d03bpqensb6+DmDj6Un97tVmsHr48GG8e/cOlUolrEsW6Fys+jQ1NYX79++jVCqhUCjg0qVL4dOiWWI1l8vhypUrOHPmDO7du4cPHz6E98bGxvDhwwdcvnw58j5kl71pbdL50rA6MzMT+l13d3fkqORmsDo8PIxffvkFq6urWFhYwNLSUvgu3qT2DQ4OOt87HTevrqyshE9ct7W11RyhbutNM6/29PSgs7MTKysrWF9fx/z8fHiUNedVzqu2zDibfD/vp3nV2svfgckqWXXXT1bJKllNtsn3M1lNLo+s1pa7nazuRbXEAjCQDuQsDKC2RSQBdbdta6Z0X0v7ZEe8BNQg2DyPXdJUKpXUwTNugtmK7C4WGxj1kQm6TZJWJkVXAJEydN+0ilyTqPSF3vHl8nFbTlwdrrp2Q2SVrErZ+rMVRFbJKlltDZHVnWX15MmTuHLlSsS/fFpfX8ebN2/w5s0bLCwsIAgCzM/P469//Stu3LgROVbXKpfLYWFhIfyjeWBgAO3t7eGYNoPVrq4udHR0YG1tDevr61haWgoXgLXk6V8Ase+BFdXLal9fH9ra2lCpVLC6uorFxUUcOHAgllWR9P/MzAzu3r2LtbU1FAoFXL58GRcuXEjVDzsly09XVxd+//vf4/3797h37x6Wl5cBbLzr9tGjR5icnMQnn3xS87RqWlYb1fz8fI3fNSIfq11dXejs7MTq6irW19exsLAQLgAnlec7ejxOS0tL4YJ2V1cX+vv76y7DZUtPTw9mZ2dRqVSwtLQEgPOq5OW8itjr+h7n1Z0Tfwcmq2S1NURWySpZbQ2R1XSs7idldgHYwlhP+p2QdRrtkK5/guRyOe8xEHLNlW+n5KrXjoF86YBp2yvtLBQKYQDVu0o0yNupen1Gp9djq8c1n8+jWCyGbZCA4irH1u/qX1faZo+/9i35tPXKmNqJUF+TtktQ9fksWd1+kVWySlY305NVsuqykaxur/YCq21tbTh37hzOnTuH9+/f4+HDh1hZWUG5XMaPP/4IAOFxyi5WZeE1l9tc+Gomq/l8Hj09PeGC3+LiYs3TkaVSKVzcksXatOWnZbWzszNcECyXy+ECsItVl2ZmZnDnzh2sra0hn8/j4sWLuHjxYsuwOjIygr//+7/H48eP8erVq5DXiYkJLCws4ObNm+Gi5U6wKk/Lar9LU19aVovFIvr6+jA3N4dyuYyFhQWMjIxEyvDlGxgYqLs9Hz9+DI9/7u7urllQ97XHd0041U/Ll8tlzqucVzmv7rD4OzBZJaub6ckqWXXZSFa3V2SVrNbD6n5QZheAXYOhg5YvrXb2NGVu1SZtm3zaoKDv6R0IWXe4pPbKkQn5fD4ELJfbeIdULpcLz5LXxyhIQK13jOwEVq+9celkvGwdEkzkDPlisRi+VFxPlnZiSTPpy/Wd8oE09diAaif+trY25PP5cLdQXLlkdWdFVskqWW2OPdstskpWyWpz7GmmhoeH0dfXh9u3b2NxcRHlchnPnj3DwYMH0dnZ6cwj45XP58PFpmazquuWY561pHxgYwG4s7MzsV8bYVXsCIIA6+vrsaxqffz4Effu3cPq6ipyuRwuXbqEy5cvh/W0CqvFYhHXrl3D8ePHcf/+fczPzwPYeHr1zp07uHbtWmRxPolV/Q+0euzV/6DJ5/Ne39wqq/pJc5ffuZTP5xt6Gnl1dTW0t1wu4+nTp3WX4ZJ+Mn55eTmcUzmvcl7V4ry6s+LvwGSVrDbHnu0WWSWrZLU59my3yGpzWN0vyvQCsB4wueaTfSS8mUoK0L7g4UsLuINe2glju2Xt0JBJ4NAB0ubJ5XIhdLKrW8anXtAaDRBa2lb7Txc7dva6BEcJKPYoAluWy54sBBdfANU/u9LrvpNxly/ZLURWyWo96clqvMjq5n2ySlbJKlndKXV3d+PmzZvh06oLCwt49eoVLl26FNojrK6traFUKgHYWHjt6emJjG+zWC0WN/9Mk2NytbQdbW1tzqcnm8GqlFutVsP64lgFNp5Ovnv3LpaWlpDLbSz+Xrp0aVfYbRarQ0ND+H//7//hp59+wuvXr8P++Omnn3Djxo3wCO4kVhvtA5ff2XY1g1XtR7J4r+Wqw+d/SVpdXQ2/n5qawtTUVN1lpBHnVc6rnFf5O3A96clqvMjq5n2ySlbJKlndaZHV5rK6X5TZBWAXwD5HiHP+ZsjnGNoRrZNZSZDUTpqmjp1SUv0SSOz58BIkJMjIdWlrW1sbisViuKtEgout1xWMm90nrvJ81+ToAAkkIj1p6ffLSf9IfumHNNqtSUOkJwcd9HXb9JhKYLXvutMiq9snshq9RlbJKlklq1ZklazWI6n/wIEDGB4exuvXrwEAExMTOHv2LNrb2yOsyiKczb9XWXX9sexiVad78eJFeP/EiRPhk79WrcZqW1sbPvvsMwwODuLhw4eoVCpYW1vD06dP8cUXX4TvoUrDarPVLFZtnN0L/yzhvMp5lfPqzoq/A0evkVWySlbJqhVZJav1iKxGr+0kq3tFmV0A7ujoiASWONXjfM36A1wHBF2/BkmcS+7J9VaTHA+gg7cO+PooAblXrVYjwUd/yTEDWs2eAFzyjbsNCGK3PjveToS6rQAifSCSa60SVHQAtJO2ZlDaL78AyERBVndfZJWsktXWEFklq2Q1mzp+/DjGx8dRLpexurqK1dVVdHd3R3zUHg2md8LvRVatfKxqHTp0CLOzsyiXyxgfH0dfXx8uXLjQpNY0X/WyeubMGRQKBdy/fx+VSgULCwt48+YNTp065a2jnvHdTVZ3S+fPnw/fu+1TnH32CRVgY6NCsVhEuVzmvArOq5xXsyH+DkxWyWpriKySVbLaGiKrW2N1vyizC8DihDZQ6EG1so5o0zUjkOggouuxxyDIzgodcJLq3o1A47LJBkkZB4FH2qsDgst26RPJL6DKPdtnzWhLmj60aWRMxT4dRMRO2yc6rx5/YDOI+Px3N6Xt17bJV9KYShrpL33MAlndXpFVskpWySpZJatktXly2dTb24uOjo7wD9/l5WUcOnQowqrd8Z4FVtOqEVbjfE6Pv/b1I0eOYHh4GE+ePEGlUgnf7bqbi8DNZvXkyZMYGxvD+/fvEQQBJiYmcOrUqdD/045r1lhNU/Z2qL29Hf39/c57aeZV/c4v7ZPah7PAKufVZHFe3VvzKn8HJqs2rYisuu3fCZFVskpWySpZ5QJwJiQDKI9zy+6F3dpFIw6nncmCYP+49AVOX/n6cyfa6Qsk9ssVLHVaXZYtU08U8nOxWIwEJAlQ2z05+oKI3fFi7dfp42yUYCbtlR01uh99ebdDrnGy/iufroBufd6mER+VNGR1+0RWyap8klWySlbJ6k5rP7Ha3t4evsu0UqlgZWUlwlMQBOFRWaL19XVnmVtlVR/B1dHRUWOvHHu1vr6euPt+K6yKHfl8Hu3t7V5W7c+XLl0KF393ehF4p1g9ceIEpqamUKlUsLq6ilKphO7u7m3xYe13QRDUHNHmstvVxiRWxZ8BoLOzsyZmy2cz/mnS2dnprFeL8yrnVfnkvNqa8ypZjdqv05NVskpWyWqzRVbJKllNz+p+UmYXgCuVSuTRbgDhALl2IlhHsWDr6670Oo+WK4jocnw7KsTxLGxppR3Xld9lv0tig68/bJn6D3od2CwYvsCq67TwSdCwELvGVdfva7ttm76WJF2/7BjXO0h0OXFt1fZoad/Uk7+kj5uEfH5oy0/bTp/v6p999bl8WJdXqVTCviOrbtvIKlklq+62klWy6mqrtkeLrJJVV11xaoTVtra2yHuEhDMtWXgFEB7/e/jw4UidzWB1dXU1/F4WXnWf6nceyZHV3d3dif1SD6sAsLa2BmBjAbijoyORVd1meffvzz//HC4C53I5nD9/Pkyny2k1Vnt7e1EsFsN3Zi0uLqK/v78uVtNel6POpO6FhQUMDQ1F2toMVldWVsJ7eoHWJV/s8d23am9vD79fWVnhvOpoK+fVzZ999XFeTRZ/ByarrjY30k6ySlbJatQeLbJKVl11xYms+tu6E6zuJ2V2AVicRHaRyB+9ArD8oe2CWQ+kXJPAJO8ASgu5Pk5KBw8fnK6Aqe/5HN01CciRBC4bdTptXxJILrulLguUDiJy3RfAxQ69G8jWI3nK5XIIs32RvIypK4DoXSn6uks2yOj6db0yUcnY2gnAN4b1BHM7Oep7NlAn+YftT9c17fOuIOjrXzuGNo1rp7/uK7JKVqUcskpW40RWyaotl6xG8+l2ktV4Vl31+5SG1dXV1XDBs1AooLOz08lqf38/pqenUa1WMT8/33RWq9UqlpaWAGyMX1dXV017urq60NXVhcXFxciCYDNZXV5eDheii8Uient762b14sWLCIIgfBL4559/Ri63sQjc6qzKE+PiM7lcLhWrcXbHsdrX14epqanQ70TNYrVSqWBxcTEss6enJ5JPs1rv2Lnm1e7u7pAB8eNCocB5lfMq51WHDfwdmKySVbJKVlFTvr1OVsmqr5+sDWSVrO4nZXYB2EocUL5kh74EFvkSKOSPR3FCDUZSIHHtptBQJwWgZsgCa2HW6axcINlAK2XbXUn6H0/bJWmLHTM5x12Pp7ZT8vraL+22oEsaeVLCNQlvt2RirFarkclMj6v+tLKBO00eV5qd8F2ySlYlL1klqyKySlabLbJKVreD1dXV1fAo2nw+730C8sCBA3j9+jUqlQrm5uZij1/WSsvq7Oxs+CRmZ2cnBgYGnKwePHgQk5OTCIIAc3NzOHPmTE1fAo2zOjMzEy5u9vT0oK+vL1U+a8OFCxdQrVbx7NkzVCoVPHnyBABw/vz5PcWq/GMkjlX9TxPth2lYtX4XBEH4VHAzWF1YWMDy8jKATb+Lk62jXlb7+/vDJ6hXV1exsrKCvr4+zqucV7fSjFTivMrfgSUvWSWrIrJKVpstskpWyWprsLof1DILwECt41gQxJl8IOnvfRDqsiQQxQWRpMDUqGxb66kvLtjYNtqdSPrLVX+SktJK/XEBQR7zz+fz4SQgNtkgpwOjrltPHBKkpFxrZ6NtrUfah4IgehyI7pM437W2xtluy3OVvZ0iq2SVrJJVuUdWyep2iKyS1aS8jbA6NzcXvlu1o6Oj5glI0YEDB9DR0YHl5WUsLS1hdnY2PI7Xp3pYnZ2dDReie3t70d7e7mR1aGgIbW1tWF9fx/z8PFZWVsL3BTeD1Q8fPoSL24cOHWqIZ6nj4sWLWFtbCxcwnzx5giAIwieEW53VXG7jn11JrPr+mZHG14eGhiJ+Nzc3h8OHDzeN1ffv36NUKgEABgYGnE+euyRzRj31BUGA3t5e9PT0YG1tDaVSCR8+fAifMue8ynl1u8V5lb8Dk1WyKvfIKlndDpFVspqUl6xmg9X9oJZZALaOoh0on8+HRw2Uy+VEIFzXXQHJVY7Ppu2U1O8KKq508r0OgjZI2v6IC5hpZfvSd1+OBfDZIIFEgoneLa/boneW2LZL+XIMhX4nQVwgc13fqlyTte4DOza6P1xj77ru+gVB0tjjGbbbb8kqWSWriNzT18kqWa1HZNUtskpWk/I0yuq7d+/CBc++vj7vE8Dd3d0YGhrC8vIySqUSRkdH8bvf/a4prJbLZbx//x7Axk7o48ePe1kdHBxEX18fZmZmsLKygtevX+PSpUtNYXV+fh6Tk5MANp4GPXHihK/LvbJ1XLt2DdVqFWNjY6hUNt4JnM/ncf78+ZZk1R4Z3t3dHRlrF6uys13b67LPdb23txcHDx6M+J1sPNgqq6VSCePj4wA2/O7kyZOp8ml7tY/66rZ2Hj16FLOzswiCAOPj4zh9+jTa2to4r3JebVrbXOK8yt+BySoi9/R1skpW6xFZdYusklVfOvmerGaD1f2illsA1oBrMPQuAe2AWhYuV+DVaXbToVyObe123dPXXAFEf0kb7VFkWwmSafNqe4Ho7g99PIZ8yn3XJCZl2WAku0fkHy1xO4N2YmJwBU/tv3pcXDbqvLpM36Qf57/b2V6ySlYlHVklq2SVrG6nyCpZtdoKq9PT05iamgKwsQCWtOB56tQpvH//Huvr6/jw4QPGx8cxMjKS2L4kVl++fBm+37W3txfDw8M1tkr6QqGAEydOYG5uDtVqFe/evcOxY8dw8ODBLbP67Nmz8BjqgwcPor+/P7FtPunxuHHjBoIgwNjYGMrlMp48eYJcLocLFy60HKsTExPhk9r9/f3o6+uL+JeL1Z6envD4NJc9SayePXs2fFJ3cnISY2NjOH78+Jbb8uLFi9Dv+vr6cOTIkbrLcLXZ1SZ97ejRo3j58iWWl5cxPz+P8fFxnDlzhvMqOK9yXm2e+DswWSWrZJWsklWy2jyR1b3H6l5XyywA68DgOjpLHEp2lcgf1tpJddDR13QZGjBXmqxIBxYLJlC788TXTlfQ3EoQTZNXdoH4JrAgCML3B0hgkB0h+px5uSd9IOUWCoXwfQNSphznlwXpdsv3EkC19G4Z11jrAKrLkyMYrA+4vt8OkdWoyCpZJatklaxur8jq/mXVyl5Py+ry8jIePnwYLuYdOnQIw8PDsXYcPHgQIyMjePPmTbiQ2d/fj+7ubm+eJFanp6fx4sULBMHGu10vXryIrq6umnctaVaPHz+Ot2/fYnp6Gmtra/jll1/w+9//Hm1tbQAaY/XNmzfh06CdnZ24ePFi3WW4JGN38+ZNAAgXgR8/fgxg453AQGuwuri4iLdv34b2Hj16NDK2PlaLxWJoh4yn3vWexKr43evXr1Eul/H06VMcOHDAe1x5Glm/u3DhQmjTVpRmXu3t7cWxY8cwOjqKanXjPdGHDx9GT0/PlubVpaUldHZ2hu9IricvwHmV8+r+nVf5OzBZ1eWR1WyJrJJVskpWySrViFpmAVgHQN89cVDZQSAvFQcQ7iywALmCsK4nS4HE2uID1xUwbaDU/SnpbZ/U2/atBCFtsx0THdiLxWLkD3kZU3tkgA5MW7GrmXL5l75XqVRC2+W+BEvJI/5tx1SPnfRX0iSzXSKrZJWsklVbjq6HrKYXWY0XWSWrVo2w+uHDBzx48CB82rW3txeffvppqvZfuXIFc3NzWFhYwOLiIr777jv87ne/q2sxTmz++PEjHjx4EB4pfPToURw9ejT8Z46P1Y6ODnz66ae4ffs21tbWMDU1hW+//RZfffVVuAhcjyYmJvDo0aPwD/tz587hwIEDdZej5foHws2bNxEEAd6+fRsuAgdBEFkE3g5W5+fn8erVq3BxvRGtra3h/v37WF5eBgAMDg6GR3Xrulx90N7ejvb2dpRKJayurmJ9fT3cNJCW1atXr2J2djb0u9u3b+PLL79saBH448ePuHv3LlZXVwEAx44da+i4b1EjrF6+fBmTk5P4+PEjlpeXQ45kfOqZV9fX1/Hw4UN8/PgRX375Zc0CMOfVeHFe5bxqxd+Byap8T1Z3R2SVrJJV1HxPVskqVZ9aZgE4LojoewKKBEe940DS2uCjy4qrbyel2+YLIvKp26fl6pc4sHTfbNV233jlcrlIcND3rC0SKOR4CJkk7HjqgCmf1Wo1siNlN8fT16864OlPVzrbXkmvg21WRFZr75FVskpWyepWbSer0baQVbJqpdMmsVqtVjE5OYnR0VHMzc2F9zo7O3Hjxo3Yp3i1Ojs7cfPmTdy5cwerq6tYWFjAX/7yF9y4cSNyHHQcq9VqFa9evcLTp0/DJ5APHjwYvi83DauHDh3CjRs3cO/ePZTLZUxOTuL//u//8Lvf/Q6Dg4Op2lLCnJLOAAAgAElEQVStVvHkyRM8f/48PJ745MmTuHTpUqr8LsWxWigUcOPGjfCdx/IUNQCcO3cu0kb7/VZYDYKNRec3b97g+PHjuHr1Kjo6OlLnf//+PR49ehQu/nZ0dODq1avhEw2u+sR+Sd/b24vFxUWUSiW8ffsWBw4cqIvVjo4O3Lx5E99//z3W1tawsLCAP//5z7h58yaOHj2auh9evnyJp0+folQqAUDoR43KNQelmVc7Ojrw2Wef4W9/+xvW1tYwPz+Pb7/9Fjdu3MDhw4dr0rv6uVqt4tdff8Uvv/yCUqmE3t7eWFs5r0bFeZXzKn8HJqtklaxu1XayGm0LWSWrAFnNOqv7RS29ABx3XcCR+3q3jD2TPO6P9TR17aSsXb4AIW2Vf+DYyUHu2/yu4LUV+3z3fQHSTmzaLmDzqDT5x5G+52qLLscX5HZCvva60uh2aP/Vu37Ej+3OIFddtuwk27YqsrohskpWyWpt/rR17aTIKlklq7X509a1k3KxqvX69WtMTExEWLRaX1/HysoKyuVyzf3e3l785je/qftdtwcPHsTXX3+Nv/3tb1hZWcHa2hru3LmDvr4+nD17FseOHYvscJe+XF9fx5s3b/D69WssLCyE5Q0PD+PWrVvhgmJaVk+ePIl8Po979+6hVCphcXERf/rTnzA0NIQLFy5gZGQksntbtLy8jF9//RWvX78OFzVzuRxOnz6Nzz77bMtjH8dqsVjErVu38P3332NqaipcBK5Wq5EngZvJqpRRLpfDdsu7lo8ePYqBgYFIP5XLZSwsLGB8fBzv3r0LnxQHNp7mvXnzJoaGhrz1u64fPXoUk5OTqFQq4dHLV69eRXt7O3K5HBYXF/Hs2TMAwLVr12r6DQCGhobwxRdf4M6dO6Hfff/99+jr68O5c+dw/Phx5/HHpVIJY2Nj+PXXXyN+NzIygt/+9rfOPPWqkXl1cHAQN2/exP3791EqlbCysoLvvvsOg4ODOH/+PI4cORKOi/5H0szMDF69eoUPHz6EGygAoKenx/sEPOdVtzivcl7l78BklayS1WbY57tPVsmqiKyS1Syxuh/UMgvALuk//vQ1YHP3hNzX1/VuhiTnr1fb6bB2QnD9g8s1OfgA1u3XdrtAd7XLV26cdNp6A08ulwt3iejdQtpGsVPn8QXc7ZZvQtZ97rtv+1z7sWvSF7n61zU+djzT+O1WfJusklWySlYbFVmNF1klq9bW/cSq1vz8fENlF4tFnDlzBpcvX65572laVg8cOIBvvvkGd+/exdTUFIIgwPz8PB48eIAHDx7ULEQFQVDzriNthx27tKweO3YMPT09uHv3Lj5+/IggCDA9PY3p6WnkcrnI+2cBhO9p0uro6MDly5dx7ty5hsfTxZvuN91/xWIRX3zxBW7fvo3p6enwvbbFYhGnT59uOqvFYhHd3d34+PFjmHZhYQELCwsYHR1N3cb+/n58/vnniRsGXP56/PhxTE5OYmxsDJVKBaOjo3j+/Hm46C++IUcx+1g9cOAA/u7v/g4//PBDxO/u37+P+/fvo62tLdIH4kO2P86fP4+rV6+mbnuctjKvHjlyBF9//TXu3r2LxcVFBEGA2dlZ3LlzB7lcLvKusFwuh/X19Zq+6erqwsWLF3Hy5MlIv3NeTW+/vs55df/Nq/wdmKyKyGp6kdV4kVWyam0lq2RVt3E3Wd0vaukFYMA9YBogu9M9Lew2SKetW+d3BbtGZQOJfkReB07dNlu/C35XAPHZa/PrdDbIueTKZ+v1BTVXkPD1rcsue2Z+kuICbyPyTXr6e19bZFKwvuyy0VeOTRP3y0Cz267LtyKrURvIKlm1achqND9ZjYqsklWr/cZqIyoUCmhra8PAwACOHTuGY8eOJfpzGlY7Ozvx1Vdf4cOHD/j5558xPz8f3tNPJrrsGR4extWrV51HT9fLan9/P/74xz9ibGwMP//8M5aXl8M+jLOjra0Np06dwpUrV9De3h5e3wlWC4UCvvjiC3z33XfhIvBPP/2EXG7jSeRmstrb24s//vGPmJmZwejoKKanp8MjkNO0pbu7G5cuXcLx48dT+6G1K5fL4fr168jn8xgbGwu51eOTy+USj6bO5XLo7OzE119/HfqdLPwDyX43MjKCa9euobe3N4yLW1Ez5tW+vj783d/9HV68eIGXL1+G78QOgtpNE7oMeeL+xIkTse8p03X6yrL5OK9yXt1P8yp/B3bbqb8nq9E0ZDWan6xGRVbJqhVZjdpAVnef1f2gXJDRHlpdXY38rB1R/3FqnVfvFNFnyctntVpFLpcLH0v3NT/J8e09V16pX9ucJpD56tAA2clA7mlo9M4Zvbu/XhuSbJO6i8ViePb7VsvTn9IOffxFPp+PHFGm+8SnrbRbBxNpb7lcjq3PFbzj7HId+aB92I6/tDcJYVcg9Pmy6xeUYrEY/vOl3omYrJJVskpWXfUltc+Xl6w2Xp7+JKtklaxuTWlYXV9fx/v37zE5OYmVlRUsLS2hUqmgo6MDHR0d6O/vx8jICIaGhmoYbSarq6urmJiYwOTkJFZXV7G0tIRqtYquri60t7djcHAQJ06cwMDAgLN/9gOrq6ur/5+994+zu6rv/F/3x4RJQgIhgEQIAmqA4IaAsRQR6AIFt2UVq911WbesW/a77XeXrVrLdr/6qNWt25Zat1277XYXd2u3VVatYAUtKLSKGKkxhFQCogUlSJAQAwnk18zc+/1j5tx5f973nM+Pe+/M3Jl5Ph+PYe58PufH+3zOeZ1PuK/POR89++yzeuaZZ3Tw4MHONuEjIyMaHR3VkiVLdPzxx+vkk09Obitsy66i1bGxMT355JP60Y9+pLGxMY2Ojur444/X2rVrO1uHV9GqH3cvvPCCWq2WlixZ0hl3a9as0erVqzvXeFi12m5PrgDetWuX9u3bpwMHDmhsbEwjIyNaunSpVqxYoeOOO04veclLkltXc19dWFqNpeW+Wp75fl/ttTz7G62iVbTaH2gVrea1B62iVWn+aHXp0qU91zmThJ3Ntm3b1ndZGzdulDSPVgCHjoyJ257zk2RqANkB6yeVQYltJrBxWnHZ83ZisW3Jmzxnk7I3RH/TsO21ee04sBOurcuen2lC/WXrit2UbR/6Nvv2+jL8pDfbfY5WJ0GraBWtotXZAq1mQatodRi0OjIyolNOOaWzjW+IQyr+gmKQWh0dHdVpp52m008/fVBNSzJftTo6Oqq1a9dm+ip8UVLly69etNpsNrVu3TpJ0+8/C19+2S+jymp1yZIlWrt2rdauXdsVi2UmtT4ordZqNR133HGddyzPJtxXswyLVgcF99VJ5tt9NQZazYJW0SpaRatode5AqwtPqwuFeWMAW/ImiCCgdrv7yQL/P9J+QKYGoD8/G4MkVq+f8EIc/ukf+36vMIFYkdkfW95s4SdEf8y2N3YDDH3bbre73tXmb46+7Jkgdh2LbrixseSfDAqEL4HCOd/fNr0fK7EYfF/P5PVBq2gVraJVCa3ONGgVraLVSdAqWkWraHUQoFW0ilYnQatoFa2i1UGAVtEqWp0ErQ6/VhciQ2sApyYnP8HZ9FYwExMTmWXt7XZbzWYz2fG+nlgdc4EVfUzwoZ2hrVZ8QXBhKb6dgGI3kCqkbjSDxMcc4g1bQYTJxU4oYQLysQ6LuPNisGM4pPXbY9Rq01th2PRl2xe7qZS9kfgbcFEb0WoWtIpW0SpazQOt9gZaRatoVZ040GoatDpzoFW0Gs6hVbTaC2i1N9AqWkWr6sSBVtOg1ZkDrS4srS5khtYAjk0W4bifEOxPEJbf17xer3fl9eX7SaVoAPpBO8jB6idn/zSFbWPYbz3EE/ZZt5NJKMNONmFCsbHHJtsYedeyCLsFQqyMUG+j0ei6Odj2NptNNRqNzHWxN7PYjXQuSY3pEH9sawjbL35M2HL8DcemLYqjnzbEQKtoFa2iVVuOjQmtotVBglbRKlpFq2gVraZAq9VBq2gVraJVtIpWU6DV6qBVtIpW54dWFzpDawB7/GC3gvDiSk12dnuB2LYC9ndq8potYk/8hOMTExMaHx/vTJb2mgQhWWzeUF743Gg0MhNOr+RNPGWxk12Y6PwEYtN6iuIvujnMFKkJ0092IW3qhmnLsnnsdbHHQz7/Dwibrkq/xcZWKp2vC62iVQtaRatotRi0mgatolW0mgWtolW0WgxaTYNW0SpazYJW0SpaLQatpkGraBWtZhlWrS4W5p0B7CfMMMjCoLNi8pOl/+yPhbwpMfoJbaax7QwTZphE/A0iNvlZ8VnC8fC0hq1rNiZPX37sBthqtTQ2NpZpqzT9EvXYDTBVjx87ebH0QiyGVLmxG76d7FN5ffowVn1aO4bz2upvOoPsc7SKViW0Gj6jVbSKVquDVrOgVbQqodXwGa2iVbRaHbSaBa2iVQmths9oFa2i1eqg1SxoFa1K81+rC5l5YwBLyjxVEcQVnjTI67wwiOr1eucJjDKDKm/wxQQxSOyTMmEC8W21E0As7tg5G3t4osTmCedDPf4GMWhCv9iJzLc11QbfP/aG6Ntq2+iPDVr4sTESYrJPzIQ0eTd8X2aZm3Ws3tjNYiYnPLSKVm0b0Cpa9fli6dDqYECraNWCVrOgVbRaVF+/oFW0atuAVtGqzxdLh1YHA1pFqxa0mgWtotWi+voFraJV24b5pNXFwNAawHZQWHFI6jxBMj4+nrvE3IsufLbHfYfnTRKxiSUmNjuYykzOsbJDO+0TJHlbIPhy/OQQSxMmE19WEHiIv4woim5IPpZUn4Y2+4ku5K0Sk48l1tex617lJltmMrI3QV9mrC2pNPbpn9hkGmtratJNPWkUI5QRG+/+WqFVtBryolW0GmuvjcF/DmnRanf8aDULWkWrsXxoNQtaRashLVrtjh+tZkGraDWWD61mQatoNaRFq93xo9UsaBWtxvKh1SzDoNXFwtAawAH7pEyRsMLfqcEQOx4bTDZPGNQ2jlCWfWInT7w+rjIcOXKk8+RLqMdOlrG6YpNYrM22DN8eK/LQZnu9ff4Yqck67GMfbmAhv98mwZcdu3Yhf6vVyrxQPPwO+VM3mFg7bDwpUjemvDY3m83O8fCEjL2eeeMmlSbVn6m2ttvZl9KHa+fLi11De+PPixOtolW0ilZTbbZ50CpajdXr40KraFVCq2gVrababPOgVbQaq9fHhVbRqoRW0SpaTbXZ5kGraDVWr48LraJVCa3OZ60uJobWALZPuUjqWlI/m7Tbk0vcrdBqtezLuGMUTTA+TXhCZi7aGPBx2huGFbsniDpcl4DdvsHeeMI1jW2RMNeEJ2mKCJNwaqILbZbUaeNcTDShTn8DtrGFdP4fJPaGExvLfisTCa3OFmgVrQbQajoNWkWrMwFaRasWtDoNWkWrswFaRasBtJpOg1bR6kyAVtGqBa1Og1bR6myAVger1cXE0BrAtdr0kylhwNlB55nJCTWUHSY/O9mFHz95hskyVo6ddKXppfRFk+VsDU4rENveMHmGNobPNk3qeOy8f4LEPxUyW22NTfipm4BN77FPVYXfts2x8mYTX3eI1173WHz+uG8fWu0Grc5MW9EqWkWraBWtFscxSNAqWo2l96BVtBpAqzPTVrSKVtEqWkWrxXEMErSKVmPpPWgVrQbQ6sy0dSa1upgYWgPYCss+kRDroJkefHZgWaG12+3oky+pQWSPhzKqPEESBnKv7c2b4FLHQnv9BBpiD+Xa83YysenDtgGhXH9zmKuboq+37CTg22dvEIG5fOIrhR17UvzpF3tzDP0bbpI+LVrtBq3ODGgVrabKCXkltIpWZx+0ilbRKlpFq9N50OrgQatoNVVOyCuhVbQ6+6BVtIpW0Spanc6DVgfPTGp1MTG0BvDY2FjXkwlSd0fP1gD0k6KfPGLx2c92iXq7Pf2ETHgpum1H3nL2uRBcEH5oZ9gWIEwcvv3hqRObP7Z1QEjv60qdmy3KxGCvhZ84YxNlLP9sEbvGdgzbm4GfEO2xWDm+X9HqNGh15kGr2bxoFa2G9L6u1LnZAq1m86JVtBrS+7pS52YLtJrNi1bRakjv60qdmy3QajYvWkWrIb2vK3VutkCr2bxoFa2G9L6u1LnZAq1m86JVtBrS+7pS52aL2dDqQmRoDWC/D7lntjvKTgT298TERNeSeTtRhsHlJ5KxsTGNjY11BqIVp5+sZptY3SEuafL9zOFHmn6qRFJXO+x7AHyf2Uko1DEMhDj8dfA3jDCR+P6NtWMu+rOoTh+zfSLIj2Hfr6FPbb+i1dkHraJVtIpWfT1odeZAq2gVraJVtIpWhwG0ilZDPrQ6XQ9anTnQKlpFq2gVraLVYWAmtLoYGFoDWMruz1201H6miQkhHLfbJIQnLXze8NRI+PEG91xOHlUJk12YCO1P7MZQ9ASJJZQxl1SJNaQfpht+jNQ1tdc7jGN/cwzn7Nj121+g1eEErWbPoVW0Oqyg1ew5tIpWhxW0mj2HVtHqsIJWs+fQKlodVtBq9hxaRavDClrNnkOraHVYQavZc3laXUwMrQEcBGk7qkzHhjyDIlauPRYGv59UwiQR/rbiCtgnL8oO4H7o57qEmOyNIPzdaDQ6bW21WpknZXx+ew1j7S7q59kgNZbs5Bn+Dv0ea8ewkPcPEv/b9kmr1erq1/BUkO3H2KSKVvsDrZYDraJVtIpW5wK0On0eraJVtIpWBwlaLQdaRatoFa3OBWh1+jxaRatoFa0OErRajoWm1dliaA1gSV0TTFHamaRoIvMDzE4m4bh/IiavzJgQZ2rC7AVbf3i6xE4Qqb6LTSqxv30ds0kqBhtraGvekzJFN8G5nDRjk3n4HI6H7RLsDSSkiT0xhVbR6myDVtEqWkWrqXpmG7SKVtEqWkWrwzGOY/WjVbSKVrPphmEcx+pHq2gVrWbTDcM4jtWPVtEqWs2mG4ZxHKsfraa1upgYWgPYD66ywusnTV794XOsnFhs/li9Xlej0egMPj/pelHNJXkTeKxf7HUJk2iz2Uw+JRS7IeaJMO+aVLl5lr0xVcG3P1ZnmRthvzGVGUv+hhfLG0sbtsiwT0fF/uGAVmcftFoetIpW5xK0Wh60ilbnErRaHrSKVucStFoetIpW5xK0Wh60ilbnErRaHrSKVucStFqeIq0uJobWAJay4o0Jzx+P5ZfU9RSHL6OIoonRC8k/FVOrTS+5D9sn2LLLTEaxOFLiCAO8bLts+lgdqQndtste60aj0SlzfHw8epPpZfLMizMVX1FaP6kX1Ws/NxqNTl57k6gSc2AmJ6O8seBvBIHQh+FcvV7XyMhIZluM2E1CQquxONBq9/nY32gVrYZzaBWtolW0mhcHWu0+H/sbraLVcA6tolW0ilbz4kCr3edjf6NVtBrOoVW0ilbRal4caLX7fOzvudTqYmJoDeDQMUGcVoCDKr+M4OxSeT+J2YETBGXTxCa9kZERNZtNjY+PZ5628KJNCSBvgqxK3oRoY56YmMhcg9BWP2na/Da9fan4xMREZvLJi222hJl3ve1vKT6Bhzb7STP82DHkzxfF0A8hptg4DXH5vg2xxdrebDbVaDQyN/9ws0CrWdDqzIBW0SpaRatotX/QKlotqgutolW0ilbRannQKlotqgutolW0ilbRannQKlotqmsQWl1MDK0BbCetlHBSHVZmkgj5U+nzJgWbr8wEEybY8DL1er2emURbrVZmX3I/Cft4q7YzRVnB2skhNhGECddPLiGtbWdoR0qU/nw/+BtGbFKw54pi8untuIz1Wb1eH8ik7/E3Hx+/TefbEI7ZGMPTP5I6Y3F8fLyTt9lsZvKE9KF/7U0Rrarrc5V2pkCrypxDq2gVraLVQYJW02WgVbSKVtEqWkWrVUGr6TLQKlpFq2gVraLVqqDVdBloFa32qtXFxNAawGGbASuyGGUFUQVbXmqAh8Hjz8cmlDCRBtGFJfhhUrGTjZ9UUrGlBnlV8uoI5+0EEmuvTZu6TuE6BBGGdvoJ1N+Y+p0wY9cnNSl78fsbpb3x5ZVv2xJrU9k4q+Kvlb+GXiv+qaDQL+GprnAubJsQJs9w3OZHq2gVrZYHraJVtIpW0SpaRavpcqqCVtEqWkWraBWtotV0OVVBq2gVraJVtIpWF7pWFxNDbQA3Go2OCK3IYoOh144rGqyxwe2fqAiTohdSOB4mUnsjCBOqnUBDWltev2LKa3PepGkny5jI/BM+eTe4UE54YsheE3vdZlN8ZW4M9rO9LrFzviz7eS7aF+Lz2PEU4rP6Cp/tP1z8Dd1qIYxhtIpWZwq0ilbRKlpFq2h1UKBVtBo+o9XscbSKVtHqdJ1otXqb0Wo2PrSKVtEqWkWr03Wi1eptRqvZ+GZCq4uJoTWAg8jq9cmtoMP+63abATsIYgIpokxnxyaRkC9McvaJmLyJzYoytKXRaHS2Fgjtje0zH4u1V/HFJkj7OdSVerrCCshff19eSGuvXWiv7dPYdazSnip9GepInfdtTE10seP2uti67JiZLew/OiRlblzhuH1/Q8gT+t32bavV6jxFY6+P1SlaRatl2oNWu0GraBWtKnkcraJVtJrfHrTaDVpFq2hVyeNoFa2i1fz2oNVu0CpaRatKHkeraBWt5rdnmLW6WBhaAzg8fWJFHH6HwdcPZTs7NmHZp2RigyyIKTbB2XpDGWHiDe0bGRlRvV7PTFZ+kHpB94OfGOwkEmL0aVNl2HbaY7Hzdk99/4L1QbQrFWMo1/dFOG/bG0sba4/HlxF+Go1G15NHRTehfojdHEKf+rFVpgyP1SlaRauDAq2i1VgetIpWbRlotb82lE2HVtEqWkWraBWtotXiNpRNh1bRKlpFq2gVraLV4jaUTYdW0WqvWrXbRS90htYAjk2MzWazM3nmLUXvdxD6AeQF7CeRIJy8ARYmF29sh3Pj4+OdY41Go/N0SavV6mrroPDXKUxmPu6YuGPXOHazi+GvgX2Kxj4xVIUy6VPxh7yp6xtrR96EFysn9H9ocz83w9Q/ElL95G+E9smdcBOzMdpztqxUzGgVrVYBraJV+xutolWfB62iVbSKVlOg1WnQajZutIpWQ94YaBWtVgGtolX7G62iVZ8HraJVtLqwtLoYGFoD2BI6J0wkQXB2KfrExETlMlODPSYEO4nEJi474fiyfJ0+rR/MrVar084wibbb7cyk4svulTCh+TbbSTrE7a9Zqq1F18DXEfrVTi699KkvPzZZ+nT2JlfUDnuu6Obry7HpQ3tjN8KyxManJ4wfO3ZTN6XYzbFM/bFy0CpaLQNanQatolWbJtZWtNpdDlpFq/2CVtFqLG60ilbRKlpFq72BVtFqLG60ilbRKlpFq72BVmdeq4uFoTWAfUf4JxWC0MJTCLVaLSP2VGfb43mTgj1vRZ6KL1Z+rExbdmoAh0nDPlUS2mufLgnpw0Rg221jj00E0vSNweZP3Yxi+e3fsQk41fZwLLQh5PVPlvg+LXODLHPT8u1MTc6xG4G/IeTFUTZNaGPeRO1jsPH5ceQnvDBmUtfFasa3O++axP6W0CpaRatoNVsnWkWrsdjRarm/JbSKVtEqWs3WiVbRaix2tFrubwmtolW0ilazdaJVtBqLHa2W+1tCq2h14Wl1oTG0BrCnXq9nBB0GXXghd9iTfGxsTFJ20rPL5PMmGSvoVqvVNSHnDY6Y2PLy5g228FSQn1Ts5DI+Pt7Zh97Wkbox+DThGob0eTcG+xRGXvvLYNvsy7VxN5vNzFMlvq0hnc0Tm5zD51qtlmlj0Y2kqI2p9paZUH3d4TrYyS01TosmP1ve2NhY8kmvovHor22ViRGtolW0ilZ9PGg1C1rtbiNaTYNW0SpaRas+HrSaBa12txGtpkGraBWtolUfD1rNgla724hW06BVtDpftbpYmDcGsJQVRxCA7bywJD2cs8vR7eRnJ6QwUYZ8YSKJTZZzQbvd7rxsO0yetdrkS8dHRkY0NjbWEVur1dLIyEgmr70RSNmbQ9UnNWYbe8NoNBqZJ2ns0zQBP0H4m8N8wPaVb6d92sbe6PwYti9nn6vJDa2iVbSKVtHq3LfVg1bRKlpFq8MKWkWrAbQ63KBVtBpAq8MNWkWrAbQ63KBVtBpAqzBTzCsDWMq69V4AYfDZCc+KJ4gqTB62LPv0SCjXTjCpCXSmRBjqtvWEydxPKnZv/Waz2Tlny/LxD8uEWVS/7atWa/JF5OEmYvfcl6avmR8jwzyZ+LFqf9snwsI18Dd6f4MNE264+QT6/QeA1URZ0CpaRatoFa3OPmgVraJVtBrKR6toNRbDoECrk6BVtIpW0eowgFbRKlqdLh+totVYDIMCrU6y0LW6kJg3BrCfIPygsYKxv8MADE8k2POhXDuR2PJS9dtjZak68abqs5OAfRLIts0LzN4A7AQy1xNJGUL/Sdmnf0L7m83sELY3AP/T781vpsjrh9jN298ww/i1Y8P+g2C2QatoFa2iVbQ6vKBVtGrLRavDC1pFq7ZctDq8oFW0astFq8MLWkWrtly0OrygVbRqy0Wrw8ti0OpCYd4YwFL8KRkvjJDGP1niB6EVpZ9IfF1zRSoGOwHWapN7r4enSKTpaxOeKgmTqhXWIOKYKWzf2njt5BnS2bSxfLatee2Y6faFSS4PP5ZjTz2FsqTpJ4JiN/28dqbiGGQ/o9Xp42gVraLVwcfdK2gVraJVtDqIOGYKtIpW0SpaRatodSZAq2gVraLVQcQxU6BVtIpW0epcaXUxMG8MYD95hGOpgReO2ycrwrmwPYJ9UsEPpl5EVxR7L8RiCJN3rVbr7CPfarU6E0pos29v0U2hqN6ZIBaL7ZMwcYaYYjcTPwbsxJmqoyiGmaDKzT/cAMJN0JfRarW63vHg+72fOPoBrWbLQ6toFa0qU94gY+8FtIpW0SparVrvTIBWs6BVtIpWq8UwE6BVtIpW0SpaRaszDVrNglbRKhQ28FsAACAASURBVFqtFgNUZ94YwDHsQAqESTIMwHAspAv7rtuJxJdp89ly+olzUNiY2+12p71HjhzR+Pi4jjrqKI2MjHRuHHltnS/YCST0h78hhkkkTCT2/GxNjIPA91Nok32KZnx8vHMT8fkG3dZBlYdW0WoAraJVtDr3oFW0ilbnB2gVraLV+QFaRatodX6AVtEqWp0foFW0ilbnB4tJq/OZeW0AS9MTin8CIZyzaSz+qQo/idqfWH5f10xi45Cy7bJbJti09rNdfu+fkklNMrPVthihPUVPg9jjeZOlf9qkKP1MUeaJrFja1Njz/Won0lT7UmN5NkCraDUvjT2HVtHqTINW0WosLVpFqzbtXIBW0aoFrU6XnaoTrQ4WtIpW0SpaRatodS5Aq2jVglany07ViVahCvPGAC47YfnB4sXlnzZJDbB2u62JiYmu456ZHpRWCJ7QlvC0TNhOwLfX3hQ8qQkj7+YxSFL1+/6218FO9Bb79Ej4mctJsSqpPvbtDX0cnp4JxP7hEOvDvOsxiGuFVtGqPY5W0aotB62i1dkEraJVtIpWi+opc64saBWt2uNoFa3actAqWp1N0CpaRatotaieMufKglbRqj2+ELU635k3BrCUHWB2gMQmGj+JhM92IrUCs2lDmbH6UhNpSnh5YvEUlW3z2ImxXq+r0Wh09pL3acJ2AlVEVWbyttck/Pg68q5blVgCeXX5yTPkLXsjKqo7dqxs+4rKieUP7fHnQj+Hm53t30FOnv2Ug1bRKlpFq2i1fJt8G9AqWo3lRavTadEqWpXQKlpFq77u2DG0ms6LVqfTolW0KqFVtIpWfd2xY2g1nRetTqdFq/NHq4uBeWMAe0HldaKdGPyTMWFwhUkliC1MLLZc+3RCIAzMmMBjf6dii+FFY9vqBRRiXbJkiRqNRld84XOYSEKa0NZwXezkE4unqkhSk1aqLH8sJtRUen+jC7/r9Xq0X8u2pSitr68seen9xGyP+zEX0oWnh8I7EvxL471GymrH6iCkrzIO0Cpa9enRKloNadEqWk2dT8VXVG7RObTaHQdaRasp0CpaTcUby4tW0Wo4jlbRqoRWY6BVtJqKN5YXraLVcBytolUJrcaYKa0udOaNAWzxnWgnj1T6MOjsUwYhfZhYwqCzP6FcX3YoJ3Yuj7x8sXbZgRsmhnq9rpGRES1ZsiSaP/wOYgp1hZ9Go6Fms9m5UVjs5OLzxyi69v0Qm8zD37FJ08cUPof+tWmKKJooBjWR+FjL3KRiN716vd7p0/Djy4/VOdOgVbSKVtEqWkWrsTqrni8LWu1Oj1bRKlrtrnOmQatoFa2iVbSKVmN1Vj1fFrTanR6tolW02l3nTINW0epC0epCYl4awH6w+GN+koz9TuUPAzP2dElqUk4d7wcfb5hAwiRvnyDxdYe47VMjdjIJ4mo0Gl3tDJOHb1uM2LmiCdHn9cdi/en71tdh2xAmmdiPzR/rqyoTYpW0qXHh21rmeoZj9praPs1LG+pIaSUvxl5Bq2jVglbRKlpFqynQajnQKlq1oFW0ilbRagq0Wg60ilYtaBWtolW0mgKtlgOtolXLsGt1sTBvDGAr6kCZia5Mub5M+xRDbPD5PFUoOyFZUdVqk9s8NJvNzJMvdqKI5fXtDNinUur1eqaNQZh5N6NYuVWvex6+zjI3J38zjJ0P1zI1oeRNdn6M2LJS1ygv7tjEGcpKtSNF6LdQZnivQOhLe1OJja9YXf1MlmgVrealR6toFa2iVR8TWi2Ox5eBVtFqSI9W0SpaRas+JrRaHI8vA62i1ZAeraJVtIpWfUxotTgeXwZaRash/XzT6kJk3hjAFjvQY4M5JSo72QZCPn88TCj+SYUYvQ6aWL22TUHsYVsHO5Gk6s0r00+I4ZwVRjhXJCyb1v5dlVisPsbUzcrH7bF9a398ml5j7uWGkjfRl5mQbXttv/i22i0UwrHYUze9tqMsaBWt2tjRKlqV0GpI4/OgVbRaBrSKVm3saBWtSmg1pPF50CpaLQNaRas2drSKViW0GtL4PGgVrZYBraJVG/t80upCZt4YwLEOLBr8VYjlDxOonUxSQi5bpxexPW7/Di92D0/xhDThCRJJndhiePHE4puYmMjcJOzNwj8pFGtzWSH6ySgvTV6dduIqc6Ow+drtduc62vSxPs1rZ9FknmpT6lisrKJ8Pq1th21rrTb5FJidUGM3x6JJ2ddbNNbRKlpFq/F40Cpa9e1Eq2g1FV8sVrSKVtEqWo3VhVbRKlrN1otW0WqsXLTafQytolW0ilbzQKvTx9Fqd7kLTasLmXlnAEvlB2WZySyGHSxBYOFvL7Sycfn4bJl2ggmTSKjX1x1rm01TdQC32+3kpGLrjIk61p6itlftj1SeXtpqt19IXd+iCSWMCdsXVdoSo8w18de8KE+Izz6RFMau/eklliLQKlr1caPVNGgVrfp60Gq1tsRAq2i1bFvRKlqtEksRaBWt+rjRahq0ilZ9PWi1WltioFW0WrataBWtVomlCLSKVn3c802rC515YQDHBOtFmBpYRQOuaDLwwkk92VGm/FQ8If6wZ3yj0eiIyP7EBr9/QsLGbfPZa+U/x+oIP+Gl43lts+l9v5S9HmVvECl8/tgkZP/21862w7Y3Vm6ZusvmKVO+J3YjSuE1EtocPqfiSJVTNjabB62iVQtajYNW0aqtD62iVR+bzYNW0aoFrcZBq2jV1odW0aqPzeZBq2jVglbjoFW0autDq2jVx2bzoFW0ahlmrS4WhtYAtgNVyk4etvMG2XGpge3/tpNnmck3b8IKT+WErQOKJvW89tqJr0y+mOjtNQ7ttBNobDKPtStWR5EQy4rST4gp/ITi2xmeovHxlb355rU5Vl5qDMfyVq23aFzY6xW2AwnHJiYmov1Q5WZgP6PV7rI8aDWdzqdFq2g1r9xUWWg1XgZaLV8vWlX0b7SKVtFq999oNV2WB62m0/m0aBWt5pWbKgutxstAq+XrRauK/o1W0Spa7f4brabL8qDVdDqfdja1ulgYWgPYEgZuarANumPzxG/rDE/OhGXodnKJDWS7nD3kt9sHBPy2Afa3LdOKPNWGvIk6NZmE461WqxOnzR/ri1gf+Ykkr5+q4m84foLJuyZ+QvRl2fbG2mXHU5kJv+zNpuy1icVdlN7XF2uD3Toidl3K3MTRKlr1oFW06uNAq2gVraJVtNo7aBWt+jjQKlpFq2gVrfYOWkWrPg60ilbRKlpFq70zn7S6WBhqAzgI1VKlowY1cPPKDE+D+H3mU3lrtcknb0ZGRtRsNjsDPzaBpP72x/2kUFa0sXJtXisimzaIze6/nidgv2w/FVvVG1mv7YxNtLatYXL3E2PejSlVZtmYUsc8sf4owvepp9lsdsZgeArMX+Oi+tBq/G9/HK3mg1bRqoRW0Wp+mWVjSh3zoNXyoFW0ilbjcaFVtOpBq2i1lzLRKlrNK7NsTKljHrRaHrSKVtFqPC60ilY9C0GrC5Fae7G1GAAAAAAAAAAAAAAAAABgCNi3b58kadu2bX2XtXHjRklSvSAdAAAAAAAAAAAAAAAAAADMEzCAAQAAAAAAAAAAAAAAAAAWCBjAAAAAAAAAAAAAAAAAAAALBAxgAAAAAAAAAAAAAAAAAIAFAgYwAAAAAAAAAAAAAAAAAMACAQMYAAAAAAAAAAAAAAAAAGCBgAEMAAAAAAAAAAAAAAAAALBAwAAGAAAAAAAAAAAAAAAAAFggYAADAAAAAAAAAAAAAAAAACwQMIABAAAAAAAAAAAAAAAAABYIGMAAAAAAAAAAAAAAAAAAAAsEDGAAAAAAAAAAAAAAAAAAgAUCBjAAAAAAAAAAAAAAAAAAwAIBAxgAAAAAAAAAAAAAAAAAYIGAAQwAAAAAAAAAAAAAAAAAsEDAAAYAAAAAAAAAAAAAAAAAWCBgAAMAAAAAAAAAAAAAAAAALBCacx0AAAAAAAAAAAAAACx82u32XIcAAAALkFqtNtchDB0YwAAAAAAAAAAAAAAwUDB7AQBgtojdcxa7KYwBDAAAAAAAAAAAAAB9g+kLAADDgr0nLUYzGAMYAAAAAAAAAAAAACqD4QsAAPMBf79aDIYwBjAAAAAAAAAAAAAAlAbjFwAA5jPhPraQjWAMYAAAAAAAAAAAAAAopF/jF+MYAABmgl6N3IVsBGMAAwAAAAAAAAAAAECSXoxbzF4AAJgtYvecKqbuQjSCMYABAAAAAAAAAAAAIEoVIxejGAAAZpqyJq29v1TJs1BMYAxgAAAAAAAAAAAAAOiijDlblAaDFwAABknRfSVm4FYxgxeKCYwBDAAAAAAAAAAAAAAZ+jF2B2EcAwAA5JEyaYvM3jLbPS8EExgDGAAAAAAAAAAAAAA69GLuVj3ea/0AALB4KDJpi/LkmcFFRvB8N4ExgAEAAAAAAAAAAABAUnXz1x8bpBGcByYxAMD8poy5WmWuD+X5PP54zAheiCbwvDGA9+/frxdeeEGHDx9Wq9Wa63AAAGCRUK/XddRRR+noo4/WihUr5jocAAAAAAAAgBmjivlr/x4fH898sW6/LG+1WpqYmOj8DvT6hXqj0dCSJUsyMZQ1EewX+eGz/wnp2u1253voRqOher3eOR+O+3aOj4932lpkGoSy8jjqqKPUaDTUarUydZbJG9ro6wztqNfrnbbYeBuNRqfO8fFxtVqtTh577SYmJjLXyX5nn2p3ON5qtbrSjI6OqtFoqFarlSqrLKmVgNLkdz6SOn3mj9t8dmwU1RUbl/ZYuJ7hGvq0Hr+C0f8d8vo+8mO10WigVaHVhazVEG+eVpvNZlKjC80EHnoD+MiRI9q9e7cajYZWrlzZGVwAAACzwcTEhA4dOqT9+/dr3759OuGEEzr/eAUAAAAAAABYKPRq/rbb7Y4JEQjmVjAbrAFhDZyy9Q8KX6+NyRoJPp2POaQNhsrExETHgPHmVYq5WMEczKBgKNXr9YxZJk0bItaAsvl9nwby+nMujZOU2Rmwfe/HpzUYy2w1O9PExq816MJ5bwLa/GgVrS52rcYeLrAxLCQTeKgN4CNHjuipp57Scccdp5UrV851OAAAsAhpNBpavny5li9frn379umpp57SS1/6UkxgAAAAAAAAWDCUNX9TRrBfcRdMFr/C0a/WKqp7Jgj1+XYFI82vvJPiK/mCQTM2NqaxsbGMIREWMMVWz80msbpD3NJkv/kVk1X61NaTt3pvrkgZW9Y4C7+D0WbHR8xMmov+LLq2NuaYGRz+tp/RKloNdQwDs61VbwLb9AvJBB5qA3j37t2YvwAAMDSE+9Hu3bt18sknz3E0AAAAAAAAADNLGWPYrjQL5oPfpjO2UmuuyDMJQsytVqtjtnhs++xWud5wmw/4LXKtoWbNJNvmsqsFvQk3F8S2eY1hjZ/U+Bwm0ycVn93mV1JmJXCIH62iVc9i02owcReS0ZtiaA3g/fv3d7Z9BgAAGBZWrlypAwcOaP/+/bwTGAAAAAAAAOY9qS/+Uyt/Y59brZbGxsYy28dK2VVb9gv7IjOiKLZeiJWbWnUnqdMWaxTFVtd5I2Y2tlPt57r4FXV2lWF4p6g03adhxaRdNWljSLV7GAwUa2z5cRtbCRkzzebaGLPkmV1+1aTvE7SKVtHqNNYE9vmLVgIPw/Uqy9AawC+88ALmLwAADCUrVqzQvn37MIABAAAAAABgQVLFFPYrgf3KOr9VZ5nVWTNJqv6YkRbewenNFLsSL1DmmsXqmCuDMWWAxOLJMx5jpon9O5V/Nija7tZeA7sKNuS16fKMyGHYOjjVb1ZzwTBEq2g19ncq/2wwm1qNrQBeCGZvjKFd43748GGNjo7OdRgAAABdjI6O6vDhw3MdBgAAAAAAAEBflPmyP89kCF+21+v1zjsq/Rf5FmuqxH5mCt+GvPjsj98iNhyz7+LMK2OuSZlE3vSwPzZPaGvo15i5UnRtYw8NFFHGeKxqVBWln2uz09YTW73rzcki4zeWNoxftNpdxlyDVuNx9Fpn2ZjKmui9pBkGhnYFcNi7HQAAYNhoNBpdT5sBAAAAAAAALARSJkBsxa81H0ZGRlSv17veKxozq6quPAvp+vl/8VT5MXMkxNxsNruOh7aOj49rfHw8U37Z1aGx1W2xtGXNKZs/Zfb4+PxnawpKk9c6tNVupRvSF5lLsfbE2hVbdZn3OWViecMrFY83NqXsu3L91si2jmAy5o3VuVgVG/rWv/u33W5nDMFwDq2iVc9i06qv3/4O52Of5xtDawADAAAAAAAAAAAAwMxQxajKM3/D77DSrtFodL17M6wSDg9Uz8XqKWuAeZMiZhwVfeHfbDYzbbUrN/0qPY81NAbxgHnKWPEmSDCFQvusmRIztOr1eld5of8mJiaiKy9jsc1Wf+fV5duYMvJsm0O68BO2Tbb5/DWfifYW9W+r1dL4+HiuCWmPo1W0moptMWjVGr42Fm8CFzEfjGEMYAAAAAAAAAAAAAAoXPEbfucZwdaoCKsMgxGRMpS8sROo8kV8XvrUyr7Yajx7zhpi4fj4+HhnxZ3dYrbVamXaas0lG6Mtv+yqwSKKjJtwPrQjxO4NkmCa+BV9YbVhaKdtY+zal10tWpa8FZGpVYZFMYXrEa5N0cpMX1bsmvdiCMXaVqYvbTuk6S2Abeyhn8KxJUuWZNqFVtHqYtSqN37t55QZPB/M3hgYwAAAAAuUvc/v157n9ungocMaH5+Y63AAAAAAZpxmo6HRo5bo+OOO0apjVsx1OACQ4OMPSr+/WXpglzTG/6rkMtKQzlsj/dKF0rXnznU0cWMkfPbbyDabzS5jKW8F3UysPouZArFVhN5ICHH6dGGlZTBfrKkUjBdrLPkyYvENatVoyjjzbYy111+T8GpG36d2paFvqzeXYmZNP6TMyPDb1psyCf1nfz41LvyKwZQJmoqzKv5alTG8glEoqaM1uw1wGL9oFa2i1e4HEearwVsEBjAAAMAC5Lvf+4EmJlpatfJoveJlJ891OAAAADCPeOCh7+jkk06Y6zB65sUXD2jXM3v07N7n9crTTpnrcADA8e6/kv7PNumZF+Y6kvnB2IT0t09K7/yCtHWX9KHXz0693hBJGb/hb2sW2S/Wg+Fi3zeaMm1Cnl7NlaIv731bgkFi8/qVj/53MMaCqRSuhW1nMJ/86ruZMBfyVr95Q8eu9rTXxBt9ZcwpuzoxGI2x93FWpZ/rZA262DWwxlHKJIrFbo00X95sETPB7HXyxm8s1tAGtIpWF7tWbewpI9j/nq9gAAMAACww9j6/X+MTE1p3+imF7/cAAAAAWGgsX75My5cv0569z2vv8/tZCQwwRHz8QczfXnnmhclrd/6awawEzlsRlZcnZgSHH79Fp/2SP7yDMxgQYWWe3aI2ZgiUpcwX9HkGS8oAiplcoa2BYKjU63U1m001m82OCeHfOepNHR9bVfLMSFtXzDzzJklsNV4svS2r2Wx2jtXr9U6/FrW3X2JmZPidGqP2b1tGkUnkDTu7kna2SOkqtuI3mIR+22C7QhKtotXFrNWUCW//TrXFnx92gxgDGAAAYIGx57l9Om7lCsxfAAAAWNSMLhnRnr3PYwADDBG/vxnztx+eeWHyGs7WVtB5X7bHVmilyrBGhF19Nz4+3jEhQtqZ/CI9Zlyl3ndaJha/Oi+YSNZkCQaTf+doLL8/1isxgzAcz9vW17clr08t1jRsNBoaHx/Pbesg8OXGTBnf3lTaMnXFjLdGo9E1dqzJOmhs/PY9t6F+a/6WKceDVtFqSDNIhlGrKRPelrMQVv9KGMAAAAALjkOHDrPtMwAAACx6li9fph8++6O5DgMADA/smusI5j+zcQ1jX44XGVp2NaH9O+DfTxnewWkNF78CLKQvIi+NNxL8KrnYCjhvLvnrYI1xb95YI86+azT2ztFBmoT+GsRW8/n+SeWNpU2t9Azb69qVmsEw9MZSWcqkT8UfWz2YymfzpIye2MpDb0yGMTxIUmacXdUb2+7ZjkP/266kRatoFa3GiZU/n41gDGAAAIAFxtj4xFyHAAAAADAUjPPvIoChYgxJ9s0grmEVg9cbLKmfGLGVkPYL/LDyrtVqqdFodLZnrWpE5H05nzJXvLFj08XK8kaCT+evg11lGFZS1mo1jYyMFK4w7JXYqklvsnjDLmUWxY7b61Or1TKrQb3BNjIyklxNWYXU9fF9Yfu0qB2eVBpvJPljNg471qu2MzY+PXZ1aOo9vz5vzCTNiwGtotXFotUjR46UqiNlNM8ngxgDGAAAAAAAAAAAAACiVDEDYl/+e8KX/8FosVvN1uv1jglh3zka4kh9yZ4yP/z5mHHdzxf3fjWlLc/WE1YYhp9YO/3KxljZqetgV3fafGVXL3qzLM+ki/0dTB0bQ7PZ7Kyu9O8b7cVgSsWRMgnz0sfS5NVVlNZfd2+o5vVhGB+xdN74C+MlbxVjzAxLxZz3t4RW0erC1GoRw2zoVgUDGAAAAAAAAAAAAACSqxhTpkwv5ky9Xu8YAeHv8A7ORqOhVqul8fHxziotbypZ0yhlTqRWTKZWBfq2+jr8MUuRCWNNj1ar1XnXaFhhGN6vGtoSYo/F6uMIn4OpFFYylrkuKcoaPnlGlB0TwUQLKwxtW21+a8DFTDobvzdB/Rgsa/KUbV/qWGyVZnjfaJ6WvGEYG5thhaakzja9sTKLxqM1KatcHwmtotWFqdVUeVYrNm3s+HwBAxgAAAAAAAAAAAAAckl9ad7LCjG/8m5iYqLLPDjqqKM65oE3v8KX8fZ9pcGcsgZFr+/wnIkv+0M7w0o7a6Y1m82OuTQ2NqaJiQmNjIxoZGQkU0aj0eh8tiahbeswYs2lsIWw3XLWG0m+Hd4kHNZ2WmLGpj8fxkQg9Kc1CIMJN1fmE1pFqwtNq6kxM19N3jwwgAEAAAAAAAAAAAAgQ9EX996sqfrluV9lFfL/aGLaSGnXpFpDUkNSTVJbOhyytSTVTNrW5LGpZMpEUps8puliOp+72lUL8ZmDrVBfU1o6OpUw8ytaViWaR022c6rMCUmHNfXBBm4b0DLny8bSLpEuscNw13W1hbS704bTXfnqUrsuqTl9/qCk2oSm2tPoKrLTH+16PHjTH7WyntN4V9iqhbFSwbfy3dJNI/tnp511SSOTY1dThYTPnQu4ZDJZ9OJH+nLqQ0a+4eRBKWYJlW1qu+104alP/rStFzqhqTaNTFYUfsZz6pn6T20q9sL+sOc65TbVXjKakymnuFhd9v3rtaMmL2PTnZ8w3WT71JR58siRoTBF82KwDyLEzPtgEIdjfsW3NfWHlTI7VywEQxgDGAAAAAAAAAAAAGAREPvSv5cVd6ktosvm99u2praIzZiHbVuGMaISBmRXIWX/jtWROTH9K2qG9uLtuDwJb7PrOsSqT56YMt5i2auY2LF2t9vOgMy7BhXO12rTxllXfzjXtUp/5HqJBf2XOt2rpRetr2Rh7djnhFHcYxUZ7PX3/ZHpDj+gwkkzDsvEUsaIH6SVmuz7iv3Rdgez123uzd8i7AM51ggO2z43Go3kttf9vB5gLuglxpgxPKxmMQYwAAAAAAAAAAAAAHThv8iPGb+9GBp57+ksQ8YIbZtj6v7cdb6d9aEyq0Vr03+XXQUaq6sSPTuH+afy4ip1xSuY2bnXW1MGWEF/RftDWQ+xn/6YS9stZpZmSHVIwjCNllHiZBWjv0zxbXegnVdwSdN3pgnTVaX+8AkqtqUXz3e2DUVv4obPdgvskC72nmO7hXcv7yaeCVIPFsVM39iDSMNo6FYFAxgAAAAAAAAAAAAAculn1a/Fmgf2WPSdjIqYVRFTb1CGVtJEDumMeVl2tWxXWZFVq6kFk3mx9EpspW60/Hb8+vfUHxWHSqcck6/X/ujHk+/0h7kQvS7yzo0lNhAqrJStWl/lctpma+wqFSaM6771OqD+CPFED8b6oyhfibqKthyeLXwcfleGsH1znlkaPsfe4Vxkns6WuRq73wS8yT6sq3j7AQMYAAAAAAAAAAAAACRVNyEGYVpkDIWpYzW5laPhYIEpGE5ktiWOJ5muq2gbaZ82YY564zC6LXKkjphBbMv3PlSRRRG7bF3Gc+K62vK9B1a0xXKRCTvT/dEvSf8yZ7Vo0erecO3bsYvQTn8euKkZS1AwkILRWvPxe4NU2f6wxnwslrJtS6ar0B9daWrT6XxZyUx99EeufoYYbwj79/xK6hi/wfwNW0aHc8NKVaN3PhvDGMAAAAAAAAAAAAAAUJqZ+HK/YzAUpZv6nZuul6WSBRV3jK2csqOrVCPHc9tQYBDX/Ice3LTYCt1UMXkmuy12oPZIhWWiRUZ/mar6ydflCznnvi0pafoOKJZBltGV34+NnAcZJGOs9hhLz/0RTGdv/qaepChR4SBnuc5lyzET81arzjR+C+SiGPPS2HN+VfBsG6lF13I+m7tlwAAGAAAAAAAAAAAAWOSUNR1sul7f/xuIvaMx49e0nXcTqy5hhJb5Sr9rhXGsbGN4VdqW2a6qNSsic+uwZRfFFltqWmZ1tPL9VWsw58Wd7PpIf5S1V8r2R3Klbgm6Vkb3iruIyfGZdzz/VH71ZqVr5TJs3NEly4k8BWOuV/o2rV0B7a4P5Sucjf5IzZv9vBe9KmW2RI5tE+2P1et11Wq1ri2ghx2/jXWZaz4fzWIMYAAAAAAAAAAAAADomZiRWyaPx5fhU0SN0XbBKtuISdU5l9qCN3aswOzyiwuDIVTL2z42r8x25tdk8lT6Wjy9PZ33d/RYie6c6f4I5RQaehFsf6RWKRcbddOZOuX42AsKn7FVvbUKi7/bZgV70WrYEqbpIPujShukyHbbTqOz0R+xckq9I7mozBIGY5l37PqHbHqJITafx45bUzgYwHbL6F5JvXO+ynuGUyb3YgIDGAAAAGDBs0M333iLfnjlDXrPFSfMdTAAALDIePbZPfrqa1c7AgAAIABJREFU1zbriZ1P6omdO3XgwEGduvYUnXXmus4PAMC8YrW09QbpvEPSu39L+t25jmcWSa3+rfJFv9/mtOyX+Z2zie/vkwsZu5zZkoEWVaCs0ZlnspYxYFNk0lZc0Rgz2PJW/5Y53xVXif6oxdIn+qPX1b1lTMV+rJ9O3jLbBw/IYxqkVdWRa+jgPCN4ADH0YvJWKbfDHPRHdEV8yTJardbAtkL25muMotXGsTQxk9cet0Zw+B3e/WvfCVzFBPYrcmPn+91xoqjO+ba6twwYwAAAAJDlmS/rgx+6W08XJDv35z6g6181KxEBAADAPOWuL96t2z53h44/7jidedY6nbfxXC1ftlRP7HxSjzzyqG77y9t15U9ermv/6c/OdagAMJ/4Gal9vvTwVmn9Z+ag/lXS6BxUO6wMw7afpU2msIqwQtkZ06fMNrjWWHOrDnNX2aYMarPtsfe6usqrZVfRRs2yEheq4xHaFZVFmLKr9EdZw7mgmJ7OdaVzK35zL3hkJfAg7KMyq5LzfKqwyjeTJPUkQJ+x9EI78Tma1vaHX2EbW83s8g6yP1JdX7U/Go2GWq1WJo03csuaxDNhWIZ6i0zhEGcsnlqtltkauiyzdR9ZqGZvDAxgAAAAyHLsel1z7SodDH8/v0O33rFDqy96iy552XSy1WvnIrgyvKCHPvsJfWr8Uv36m1lRBAAAMFfc/L8+pq0PbNM1b7haV/7k5Zlz55+3UXqD9Mi3H9X//F9/okceeVS/+ivv1LJly+YoWgCACnxXWv/rcx3EwsG/czK6zXEtYegYAyhvq9+BOEHqjitabAWDtTCfXV7s644ZzyXqzt2CuWT6aH84Qy43HFdRyFrV/hmEXZTaMrhjCEfOxeLod4F52bwp38obkVGztB07qU7wJZubpN/8Uk5/xB6WyIljLvsjuV21Jg3gYLD6VbTTZaYbGFu5G8sf260hltcazan3/8Ye8olt92zLCgawz1+lrf1QZuXzYgADGAAAALIsOUHnbDTbBD+zV3fesUMrX75Bm+bFit+DevI7O7XnpPG5DgQAAGDRctcX79bWB7bpV298l05dm35q7Kwz1+k/ve+9+q2bPqxP/N9P6effft0sRgkAAClmciVWzIzo+lI+suo112x17mHGYC1wFkuvQI0YUjUbQ5msYTVjLO6cVZqxVZO1RNqckJOx+nSZ7ZrDdsFV+iPncE3xVcVVV/Gm+iyWtuxq5ORTBM447bkO5Xd3bmJ/KnKu7eL0ZaWuo++PwpW5plobRsx0TZWV8KC7K8m72APuj7x8RQ8ERE3fRH/U6/UuAzWslC1a+Vu0MrdX8raEziNl7NpyveEdy2/Tp+4RZbdrHqT5O99XC2MAS7rhxl+b6xAAAKAPPnLTB+Y6BAAAAACY4tln9+i2z92ha95wda75G1i2bJmu//nr9Gvv/6DO23ju5OpgAAAYKmZqm2e78qxTvqmm4//EVv9mAlTULOrKG1tJW1BktrA+8YXauHPKryU+dyXKMWDLGuLRzP7Pov7IqaePqiuXE02TyuhXW5cws6vS7xCypm9ne+6yjvKA+6PE8weVCm1L8YFe4gGOQVG1rFh/2G2rYwW2Wq3O6tgw7wXz15qpRe/d7deUzFvt6+v1v33e1LvhY+ljaWKxxdKE41XbnvuwUSSu+Wz4ejCAAQAAoDpP3alf/737dOCCf6mb3nyGOzmuLX/yAX3s8fP1C++7RufUd+jmG2/RD6+8Qe959S596hN3a/MTezXWamrpKev0+jdco8tOc2/Qau3Vls9+Wrd/c6f2HJG0ZJVOf/Xluu6NG7S6ng7r6S99RB+8a/fkH8/cohtunPyYeV/x+F5t+dyndef2XXr6xXFJTS09cY1ec8Vb9LMbV5Vo/CE9fu9t+uTfPKon90/lP2WDrnv7NTpnxXSqg9+7T3/+l1/WjicPaUzptu77+/v0yTvu046nXtBYSxpZvkab3vhWXWtj+dYtuuFPd+vqd71Nq7/yZ/r41t0aO/5yvefdl+qkqWu+Z+ud+tg9D+rJZw5pTFPl/Oy/0LXrj87UN7Znuz7157dry5OHNFZvavW6S3XdP7tUpy8t0XQAAIASfPVrm3X8ccd1bfucx6lr1+onr7hMd33xHgxgABgcq6UP/bT082dIx4ZvQcelhx+T3v2n0udd8tM3SH/wD6XLVkujdUlHpM3bpMdPl649Qfroe6Xrp9Le/V7psv1S7fen84djZ/y1dPNPSpdN/ZP+0AHpo7dL/277zDZ3NslbyVX2vZVltjKtFpTS7+ktzqqQ1RM7Vlh8bPVoUeW9ULStbwnjLLn6twcyXmR/XVk9Tzu9PXLhdtTBSI2sJO8Vm7fUGOp64mD67+gK15gDm2M89tsflcZFnqCKyOkPX3RlwzYnpKr94R8Oabu/U0G2Wq2OCRx+rBHsH7bpdcVvGRMzZcz6+vNW5aYM2dCOer2eSR9bDWy3kc67F/Ta9iLTdyEZvh4MYAAAAKjOSy/SJafcp1u3b9ejbz5DmTft7v+mvrJDWn3pBTrHmrUv7tDNf3C/9r3qIl372hXS/p26+577det/36uxd/yirjppKl1rt+78rx/R7U+v0rlXXKOrj29q7Adbdfu9n9av7zqoD/6/F2hlIqzVr7pK1x2/W9vuuFMPHnOBrnvd5KqjzvuKD+7Qxz50i7a8eLROv+ByXXf6CunwXm2798v6ysf/ix579gb9hytOSJQ+yaN/8WF95BtNrbv4al13clPav1Nf+coTevKgOgbwwW/dovf96Q7plAt09bVrtVL79eiX7tatf/hhPf2v/z9d+8qpwp75sj7yx3frwKkX6Oq3TqZ76M47tfnjf6SxJTfquvX2n2rjeugzf6Zlr36bfvufrNJI5/ghPfhnH9bN2w9p5amhPmnf4/fr0d0HJU0bwGNP3a0P/81urb3qal17ibTvkbt169a79eFPrNBN/+p84QEDAMAg+P4TO3XmWeuKEzrOPnOd7vva12cgIgBYlKyW7v7X0mVHS8/tlj7zA+mQpLNfIZ23TvqLX5Le/PvGBD5LuuNnpLPr0sPfkx7YJ42ulC7bJJ3XqlDvUZPljP5A+vj3pdFV0k+9TPq310i7tksfHHxL5yWlthutZX5NpTXHatOmX+Z9tG4FsT3UtW3yVKLM8dp0PV0+VtE+sZEYukzFgtWzHXPJtyuRuC1l39MbTCp/HWrZPO5QV6hdZnot3hc+mVR8eWKUypMwFsOqy7A62TesXXDB2+ZzbvU5JrOPxVVRnCeSoWbGot2KO2ZO2tXAmXx9UNinqf6wx2LGdIELW6Y/WqateXTmiOIiM3m64qplH2xo2/5IOfymvb7MYPbWarWOCdxoNDImcMyItcyUcZlagdsLdmtru/JZUmb1c/jbYv/O20Ya0mAAAwAAQA8crYtft0633rJDWx65RuvOmj6zb9tWPa41etPr1mRyPH3fdp37rht1fTB6tUGbNq3Rf3//bbr9M/frwilj9+l7btHtT52gq951g64OaTdu0MaTb9H7Pn63bv/OBdMGqmPkpHXadNIq7fnSnXrw2NO1aeN6c3ZcD/7Fbdry4hpdbQ1nSZsuuGDSRL3r07rnNb+oy45JtftRbf7GIWn9W3TDT2+YbsdF4xoLSY7s0J9/aof0qrfo/T+3oWOqbtqwTis//BHd+cX7dfUrg4k9qvX/5J1606bp1b6bzlyqfe+7TVu27NB16zdomr16+vi36aYLsquU9933f3Tz9kM65UpnXm/coMtc9Ht27NXV77hhuu0b12npgf+sjz/yTX1j//m6ZIUAAAD65omdO3taxXvq2rU6cOCAnn12j44/fvUMRAYAi4lffuOk+fvwVmn9Z9y5fyV96AzpN66WPn/75LGbr5LObkr33Cldfu902tMvlrZeJbk9i9KslLRVOsPU+Rv/RnrPWunNPyV90C87nudUXbkbW3Fmv9TPnI8U6VfddXaJLVgO6N/LWWSqFlHWzypVULv7UCi8qF2d9DlOXZlVzcn4fbkJY7EfS6ZVwlQtJGbMR2KPUSX22PDs6qIiQ9Ily5ilLqB2Tr/m9kePHRJ7r3BP9NgfvfaFzRvrjyrlJvuj7cqJtc09tBEzsq2R6bd0tj/eHLX5w+/YgzRlTGK/vXSMInM5ZsbGjGP7d1j57PPUarWMIV7mfhKruyj+IkN9IZKziSIAAABAmpGN5+vc+iFt2/6oObpbm+/fJa2/SBd7E/WsizKmqyRp6fm67DWj0vce16MtSdqpzffvjqZdumG91umQHv/+7t4CPrJdm7cf0tLzL++OQ6M698qLdJJ26Rtb9+YUskIrj5H0+A5t2W8O15samfpX1dj2rXrw4NG68Cc2ZFfU1k/Qpg2rpO89rsfDsRMvyJi/kqSla7XuREnP7NXTrvZ16/xqqt3avHmndMpV+sWClcuSpPX+uo5q04Z1kg7p4MHi7AAAAGU4eOCgli+rvq/Esqk8Bw4eGHRIALAIefMpkl6Qfvcz3ed+97PSw5LOO33qwGrptSdI2iVdf2827eP3Sp/fU6HiQ9JHXZ3v3Tn5+9hlFcqZp8S+hA8/YfWX1G38WuzCuVIkMnSZNVM/Xat5/WdNL7as1aaMppriplbZ+HqlnQm9UpG1WsRj6yEWW3fPxmLOT1kPpmPMmW14O7GVGDTh/az9rh/spS/yyuqr/gH0R6ZMO85LlBFLX7Y/qgu9XDGzvT40ZQqn4rBGrTd7gwkazjcajcw20SF/3vxp0wS8uWzjKFNeKCPv77x0ts6JiQlNTExkDN9wfwjttCuFbf7Y+4Rtm1Nt9e1cTLACGAAAAHqjvl4Xnj+qB7du1YNvWadz65Ke2qrNz0jnvn6D2aJ4ktWnrO06Jkkrj1khabf2PCvpxP3a87yk52/Tu268LV7v07sllTA7Pc/t1x5JZ5zh31k8xYkn6CWSHvzhbkmpdwGv0evfdIF2/On9+th/+oBuPe3VuvrqS7Xp1KM7bdvz3F5JL+ieP/g13RMto6mnn5HOPXHyr7Hnd+rBb2zXQ089pSd37tWBgy9o3xFJJ/p8q3RSl3G9WzufkVZefGpyW2zL6pPWdB0bGW12yumuEwAAoDqnrl2rJ3Y+WXkV8BM7n+zkBwDol2OXSId+KH00dnKPtOuQdPYK6d9K+m9nSmskPb5H0w9rGg5W2QJ6v/S7/thz0nOSVpX5R/s8xa/ayvuSPrVyLJrP70nch+HV01qvkDFRb1eZiZWc9rjdRtZvzdwTPj67TbAtup0Tb6LuuTTWLHbb3c71K9jWWZpO4z2fuWxLiD8YqF3bSrsxNIDhn0tPJnSf/TEb7apCR495/VH0kIlJXu4Bje7Vu3Ze9CtlfVr/2R/zBnOqjF6w7/4tiidmOMfSxMzpWHvKmrhFcS0WMIABAACgZ8553au1est92rxtXOee39Tj33xQe5aer59d3512JHffkVEtNQuFlq6/XP9kY8KEPe7UfkLum6Vn/bTe84FL9ejmv9LtX/mmPv4H9+tTp1yuG//dpTqp08Y1uuStF+n0aJtHdcqxk5+e/us/0k1f2CUtX6N1Z56g9ZdcoLUrDuqhO+/Qlq58zeQ1HDmq3IZ0+X0AAAAwGM46a50eeeRR6Q3V8j3y7Ud1VtduFwAAs8j4XAcwfym7XWgZkzi57XGOAVNk7pY2at3hzGrhohWmU/+JxhJxu/x21ql6YqHm5o3EWWaLZ5+tjGUS8fX6Ium3m7Zl3r1aVEaJgIrGUG4RicydGGIXyMYfxksPBnzV/umnb2ayP6rG1Ut/dE57o9o/GFChP0rH5NKltmSOrci1JnC9Xler1cqkzfuc2iI6Vnep2EsYvXnze+whH3tPaDQaXXn8KuFU7KXeKR+JaTGAAQwAAAC989KLdMkp9+nW7Ts0tnFUm7e8oNU/doHOiRiNT0dX7o7r8Sd2S0vP10krJGlUy5ZKB1srdO7G7lXEfXHsCq2W9Nhjj0mbIl8uP7NbP5R0+tqXFpfVPFrrLn6L3nXxuPbcd4t++7N366P3rNd7rjhBy5aOStqr5vEbtCnPq27t0O137lLTvStY2q2n7yzbqMnrtee7j2nflSeUWgUMAAAw05x15jrd9pe3Txq6Z5YzdA8cOKC7vnSPrrzCv8EeAKA3njsija6Sfl6RVcCrpTWjknZJ/02Splb4rkm8fnwV36CWomhrzrJkVsdWyFpllW/XCtx2oXdUiPeVkuVYs6zMKt2iSisuQyzwwOYEa5R24qnoXuaZpaVi6CFP5XJCW/wK0wEYozaPH0OVTdZYQbPYH7M2Jl1bJg3aeAC99kev80nYLllS19bIsZXCMfM1HAvvEh5mA3RiYqITX2hno9GQ1N222Oro1KrhxQ7rQAAAAKAPjtam89ZIO7Zry9at2nxwjS55Xfc2w5Kkb23V5v3u2BN3685HpKUbNmjy6+EzdO45o9Ij9+lO/wLcqjy7W5lXdS3ZoE3rpYNb746UfUgP3nWfnq6v1aZXHZ1T6LjGMqsCmlp94WTszz8/2biVr1qvU/SCNv/NduW+Vnfvbu1pSctOWpN9V/ATW7Wl9DvGztCFm1ZJ37tbn/zWobKZAAAAZpSzzlynn7ziMt38vz+mAwfKvc/3v/zX/6ZjjzlG17zh6hmODgAWC3fsknS09Ms/033ul98onS3pgbDf89elh49IoydLf35WNu15V0k/lXpDzAKnqnEbW6XV76qzrpg6BUz+hMWHPk3X6t0iiravzbkUXadLlNWPyVxqtW07EZsGZ/6Wzltw7SrnN41qq7B7ZpR2bWoFrNT1fuG21N1hEeM/bxV2pViqJKy4wjU30QD7o9++9P1hy5XUPfhdZf6hk1npj6Jy3HtzJXXM0bBqNvXe25B/vmyBHN6DbNtp3w8cjtl3BEvT95lBt3W+XLc8eH4NAAAA+mLlBRfpnDs+rVvvGJXWX62Lj0mkO2m/bv3Nj+jxf3Sp1q2Qxn6wVbff+5j2LV+v639q+r285/zja3Tuw7fozt+7SY9ecJEuOX2FJGnfD3Zo27ZRXf6ea3RubkQnTL4rd/t9+tSXVmnTip3as+KnddX6pjb907dq20236Pbfu0kPhbIP79W2e7+sB59p6tyf+xe6JBH/JI/qY792u/a9JsQ1rp3f+JIe1Cpd9pqpNhxzka67crs+eNen9Z4P7dBVF6/X6qMkHd6rxx/arp2nv1Xv+ocnSKvXad2qu3XPPX+mm+uXauPxzclrsnVMq1dLZT3g03/6bbr67z+i2//0Jn1ww6W67FWrNKJx7Xnkm3p8zTX6hUt7eF8yAABAn7zpDVfr2488qt/6nf+i6//VzyXf63vgwAH94R/frO989+8lSffet1kXX3ThbIYKAPOYVSdIf/6W7uP3fFr64Geky/6NdNn50t610j0/kA5JOvsV0nlHS889Jr3589N53rtdumOTdO1bpbMfkx4+IB17gnTZS6TH90lns91OLmXe82jT5ZYVOxBW7Ca2ObYr97ryt+OLLrvKzovDrtyMGEQZX8muZvUrjU08naJjcccuU6Qd/nwPp0qTtwC0aNVr5ry7aEXb8haWX4JI19kQeisztmo5VnGJOHKyFKbrpT8yaVxBbZOm7JiqssV0LO5+12m2XcGddxSn0phjg+qPVJ6y+Yt2UAjbP9sVsLF35sbyzpeVsPYdv7a9qQeL5pO5PVdgAAMALCLeeOUl+uxdX5nrMGChsWSDLj7/dj205ZDO2bA+uW3zsle9RTe8dKtuvvU2bX5+XGqO6pRXXaXr33yRTrdLYJeu1/Xv+pe657N36q++cac+tllSvamVx6/RxisuVZmNJM9989t0yTO36Ct3fVoPNY/WZf/PT0+XfeMvavPnbtPt35wue/Wpr9a177hcF7606F26J2jj+hW61eRd+dINuvYdr9eFZufok6741/r14+7Ux+78pm7/ix2SpJHlR+slL79AV28MhuwavekX3qKD/+d2bbnrNj2oplaedoGufcf5evKPP6LHu+pOUD9BV/27d2r15z6tO7d/WR/fPj4V1zpd9dpFulQBAADmnGXLlulXb3yX/uf/+ph+7f0f1JU/ebnOPnOd1p5yipYtW6onnnxSjzzyqO760j069pjpp68++r8/JkmYwABQipPWStdGni85+Gnpo3uky/9Y+oOfkf75ydLPTP0z/NAB6Z6/la7/S2X+zX3PbdKbD0oferV03jrpPEnP7ZM+83np4IWTK4YhTdH7IYvw25pOn1ApNyX53uBE1po/WNYFylk5GcqMFuXdrqI2JdJmTOwcTyfXKE4GmV99wnsvLKNSJSXjK1N0mZXSRVVUCqvU0uzE6R76I7e8gvqjY6OsFnqIoWg89mIe5+atsMy91/5ItWfQdqSfG605mqk3xwydDwZwnsnrt4POM4DnQ1tnk1p7SC3yxx57TGeccUZxwgFww42/Niv1AADMNQvVAP7ITR+Y9Tpn8z5VlQce+o7OO+eVs1rnQ5/8z/rvD63XL7zvmsj7f3fo5htv0Q+vvEHvuYLVqAAAAMPOAw99RyefNLh79tYHtumuL96jJ3bu1IGD0y9IOGvdOp111jpd84arde99mzvmryT9/NuvG4gJ/IOnd8/6v4sAIE3tvXMdQW/8+Tula1dLH32vdP1cByOp/Rt95I18FexX7YYv1e3frVYrczz8HX4fc8wxmTz9fAm/Z2JqzVKe+xZ7d2dOmVVWfhauSowYfdH6SxqCfRExqkpVV/CO4H7orLQ0FyRTXTv/GvdTf8zkr+BrFsdQVECiPwrrnsH+kNS1ytr3RzJfLH0v9au//vDxdB1IFZbTH9HycvKl4qjajpctOVIqXZhP/QrYMMfa9wLb9Hl2Xz/zsq83zP92u+bYe4jLlGnzxOKv1WpqNpuZFcJ5u00U1b1v377MVtJ2S2n7dyjL9oH/XaXeIvbt2ydJ2rZtW1/lSNLGjRslsQIYAAAA+uXIdt279ZBWX3xBxPwFAACAxc75523U+edNfgnx7LN7dODgga4toYPZG0xgVgIDwNCwWjp7laQXpHvmOpYhJrmCtxdSxbTNr3a3idPxgnLcnc5WzCVcuSorJXPTxSjjGhWYV7aOgZiEveYJ1yDZIeXMRrt17yDoZZXqVBgFB4sL8dl6bVZPfdLOrg5v99offcbh8/a7atiOteiLv3Mqr9wfBQmsNAvb4fqjLGXmU2tUls0zzKTM3JTZulC2vp5JMIABAACgL/bdf58eaq3Rm163Zq5DAQAAgCHn+ONXS1odPYcJDADDyC+/UTqvLj39pPTxuQ5miEl9Se8p9cV8idWQma2QU4nMyVo7cj5RR3Q76SlzMmoO5lSfic+6T2V8msTK3mjWCisW04VUDqlrFXQyX8Iobyf/6COmohhcED6GaHmRgz10YfJcLVVvRTrvvk0+vRAPatC2YalrU6I/kn5mQhsxyu4G3c+q3mSZZfqjk7Z7NWzsXJhrG41G57NdnRt2ZZjP+BW39lrE7h3zvb0zCQYwAAAA9MCjuvPWF7RyyXbdfu8unXTFDbrsmOJcAAAAAHl4E/gT//dTGMAAMCv88s9J7z1Beni39PgBSU3pvNOks4+WDu2TPvRncx3hcGO3Ks3bmtOnn53gckzZRPrYsc7q4TLpQz216fq9EVW19bmm1AD8j66Vo8oxz2INSDWqgllXRL/NrIXVrzbWIfCOokOuYOVoz/1Rou4ypDRVpbzQvtDWzCrfKuXkZOtpFXW/6fvoj0wW88BM7MenkSZN4KItkocVv6rXr3D26fLuIfOp3TMJBjAAAAD0xNP336bb1dRJF7xN77qSd/sCAADAYAiG7ydu+aTOXMf7ewFgdnjgWWnvKdJ5r5AunHq1zaFD0gM7pA/dyerfIsquXitdXijHHferczOeineBipbxlTgfXfVrtirO83OsN9H5WOFSdBmVFal61XPNxliHhNja2XQZo3wA5m9qLHQlSiQIp6Jbg1cMqMxKzmTeiuljK2M7TcgzGGP9oelz/dpipYzWEtfJmr+d/EPcH4WFleyPKlhTN2X8TpedNYLzVsqmjNMyOzTkGa/9vAogvMvYlhWrO/bO+lSbZ/VBoyEFAxgAAAB6YJ2u+60P6LpSadfr+ps+MMPxAAAAwELi4osuZOUvAMwq93xeOuPzcx3F/KbVaknqNiDKrgruUGaf1iljxXp6Xf6LN29N1mg9djWisuX7GGKmc8do1LSZ1YnLGUF5qyVr9l24JVaA+rJ6tTva/kMtYlgVGOy27T3X38t5t3LZj5O2OZf3jujYNR1Ef/RqfNeUrTvTH7Hxm+oP9bbNtDVYK7WjoD/subL90fkcrkOB+ZvXZf2Yv2W3pU72hzFZ8+bDYPZ6YzT2sE273c7Mv9b09CuC88opS17s4Zw3X2P1+a2dYzH4+0qr1eocs3lDO/PM7cVoBmMAAwAAAAAAAAAAAEDPxMyA2Gqy1Oq1SpRxomrKvPfXZumYTu20hxQ1j5zZK3XXEQvVZihjCuZdmjJXrZc0KaM7t4z2dN5eDc7c+iP1pfybzBbCOQRj38ZQtDB4EP2RG3vk2Ez0R5VxkXnAoUJ+G0sv/VEUVyjbx+bTpsZTZw4o0R81Ra5HBVLjpsiE9Ct9B4Xfor+X2Mpgyy9julZpb5WVydYUno/bYQ8KDGAAAAAAAAAAAAAA6Bn/pb8/F1sVHEsbiK2aLQ4i/3SX0efLj6zWK11+JNYyRtQgaOWYWb6+jCHtzL2UKWZXXnoj238uQ+y6lCkjb0vkZBkVzcUqpPLF+iO3fyIuY+iPss5jP/0xyDJS5VUpeNDxD6o/comsbC4itSI2teI3b4vn2NbH4bhfjdvPNs2hbJs/tVVz3hwfe59xbJVy6v2/vg2pOgADGAAAAAAAAAAAAAD6IPWFvDUB8t7TGPucXiIbqz8nfU4Zuat2/UG72rdCfZnVkBVMvbJUWVmaOR4kOMONAAAgAElEQVRiCdfCluO2Tg7p+zEGB2lSdhm/JQzwqOk8i/1RWF2sP9xy1NSK5X4YRJ+GUDsh93BNZ2ptZq8+YNv1R/Kzpj9XNX7tnBhbCVu0crVoha03Yn19vuwiY9emS+36EHs3ry3T1m1j6Hd1rr9WYfVvUVsWOhjAAAAAAAAAAAAAANAXRat6U8aHPZf5or7KMtEps6azDe7U711PP6vv/v0Tao23sitZZdLWa3rlK07VS9ecEC02fKhFT0z/HQsvmGGZVccJnnhil773vafUbre1fPlSnb3+5Vq2bDSdIUHX5fcrd2vdx62r2DFGeyBSXF/lqN3W008/q0cf/b4k6fjjV2n9+pdPX9ecCiJdpG8/8rieeWZPKDr7ft8Qe01addwxOvPM0zQyMtJXO2L1tFMPD0T64/DhI9q+/ds6dPCwJGnZslGddfbLtWz50p623h74yl43rvrdLrtyDG3p77Z/W3/8hx/XmjUn6ufe/iadcuqaAvPS9Xtqr+ccw7drzFSJ3cx1eaZv+Jw3n5YxTWOmbOxhnJneHrlse21cVWOy6ScmJrra2u/q5/kIBjAAAAAAAAAAAAAA9Iz9Yj21JWhR/q50NktkO9Yyq3e/+MXN+vX3/5EOHDiUrLvZbOp3bnqn/tlb/9F0IRFTsCumPogVc9tn/1of+tCfaGxsXGeffYb+x/94n17+8rX55ZiLUdqEamd/B8O3yFAsXFFcIm1haG6JbLs92Yfv+Y+/J0l6/esv1v+4+f09r9r9oz/8hG79zJcK01155UW66Xd/RceuGqlUfqo/Dh8+ou9+5wkdOnRYy5cv05lnnR7J3P354Ycf07/8F7+qAy8elCSd+JLV+p3fvVEXX/qaUv2RGrbPP7dfjz/+pFqtlk4++SV6yUnHJ9sTVq/njo8BL7D0Gt+793k9/tiTqklae+pLtfqEVZKkw0eO6CO/9zH9zd1fV71e0+rjj9X1v/BP1Ww2O/FLke3DI9e66HPevFPi2ZQOse2P/UrY1MreQa1kDeWXXfFbVFaqjJgBG8tb1pQt2lbal9dutztbai9G81eS6sVJAAAAYD7RbDbmOgQAAACAoaDZ4N9FAMPECJLsm2G9hlW+WG+322q1Wvnvbayy+jeWph+fxJRTm/ppt80KTpOk7f7OK7KK9ZB3PW0shccHZczN4A6qedcweRlMhl76o2xcpdKV6I9nn31Ov/2b/1Pv/KXf1O99+E8K6w3F3foXX+yYv5Pl7NWWLd/S2NhYudgUb8dD3/qO/uOv/I7e9e//s/7mnvujedxzApNtSV1g1x+xOHohFPvgA4/oV97xm3r3O35TX9/8QOd8o17X8uXLJj83GlOf44N1UPropS32sjUaDTUaDdXr9Yyh2Wq1MvPiTJuV1mwODMJgjpnbvq29bvncS76QZ2JiInnfWciwAhgAAGCBsXT0KD2ze69OnHoiEgAAAGAx8uKLB7R0dMlchwEAhvPWSH/75FxHMb85b81cRzA4YiuGp02Cqb99nsixDGGZYma71sk/liwZ0amnrtGyZaMZE6DZbOq41ceq1W5PrRS0eyZPfQ5xmfJaU4dTpsmk8RDaNfmfIuuhyICx3kWr3VZNNbdisJZd9RmCtFeu3Z78qxZWeNY6l6ymeL/keibtyVikqe1lI8uR21PLjMPvEGu28Z0A1GqH2LoNn65Q2lJb7an+697a1uZbe+oavepVr1StVtOLLx7U97//A01MtFSr1XTaaSfr6KOXTaZ72UvVaEy+Q7SmmlqTFzOydXloX7tr6+xwHdqttsbHx/WDH/xQT3z/KR133DFqF49kHTo8pk9/6q8yx1oTLX3tqw/on7/tDTrxJaszWyFPf5iqN4yPqeOdeNrSCy8c0BPf36VDhw5r3/4Xp8xRv+p0sh9qU8uAO/0a2txyPTE1oNptSfX01sLdq0An6wqrje3y6ZB3//4X9cT3n5IkvfDCwU6e5khTv/3h/6DXvu58rVp1jC7+iR9To9Fw2zu31WpN/51pR3uqOZH9wEMflTFFO9opTNm9FXHZ3RF6JdRVtK2yHdtl08fe9+tX+vrtnsu8CqAqPvZYvbHPiwEMYAAAgAXG6mNX6plnn9Pxq4/pbHUCAAAAsNg4ePiI1py4eq7DAADDL10ovfML0jMvzHUk85MTj568hvORvG2hB/qFfHvahPFVrj3lJfrIf/1VnbfxrI4Balctfu1r2/TAtkfUbrX1yleeqmXLRnXffdt0xRU/rk2bztHY2Lj+bvt3tPnr2/Sd7zyho0aXaNOrz9GFF56rNWtOUKMx/f/fT+x8Wps3P6gHHnhYBw8e1stfvlYXvXaj1p/zCo3mPJzU9Q5MOZvQuLu7ntqtLVt2aMuWb+n55/frlLVrdNFrN2rDhnVafvQy7dnznL7wha/q+ef2a3TpUXrDP/4JnXDicfre93+gO26/V8uPXqo3vvEyrVq1Un//3Sd0z933a2xsXCeeeJze8MZ/qKOOKniIqi09+eTT+vrXt2vLlm/p8KEjOuPlp+iCHz9X55+/vrM72cTEhP7u776j+7++XY8++j3V6jVt+Adn6qLXnaeXveylapjdOvb+aJ++9rUHtPlr2zQ2Nq6LL96kH/3o+WylU7RaLX3/e7v01a9+U3+3/dtqt6UzzzpdP37huVp/zitUtwbQ1O93vfvtete73y5J2rZ1h37+7e/Vnj3Pqdls6v2/8e91yaWbMk185od79PWvP6hvbnlIzz23T2ecvlY//tqN2nDumVq69CjVatKhw0e0bevDuv/rD+qJ7z+lkSUj+gf/4Ez92I9v0Gmnn6yv3bdVf3v/dj2582lJ0nPP7dPnP/dlrX/VK3TaaSd3D9QpPv3JL3RW/57xilO16wc/1MGDh/Xgg4/oscd26sSXTP8b51t/9x199d4tkqT157xCl/zEa9RqtXT3XZv12GM71WjUdcGFk+PvC3d8WXd87q916NDke4Uf3vFdffHOr+rHLjhXxxy7Qq12W0/v2q1v3L9dW7d8SwcOHtLatSfptRe9Wmed83IdPbXidv/+F/XJWz6v8fEJSfr/2Tvv+KiqtI9/75Qkk947EAIJHULovYmogIhrQcTFVbe4a1t3133frfZ11dd1l111LWtZxS6igCDSQXoLRWogJCSB9F6m3PePmbm5c3OnJARFPd/9xJm595TnnHPn8tn53d9zGD0mh89XbaaivIpx44cxetxQys5XsnrlJoqLy+jZM53LZoyld1aGsh61NXXs2J7H3p0HOX++grj4GMaMH8bQYf2JiAijuamFHdv2s/Sj1W1jzTtKRGQYI0cPIT4+hnVrtlFZUUNFeTXJqQkMGJQNMthsNk6dKmL7l/s4diQfm91On749GTFqCL2zMggKcqb3zj9xhjWfbwEgKTmepOR41q/dRl1tPUOG9mfyZWOIj4/1tkwdxpeL1ZvY600gDVQc9pf+WJt22l+73trztcevt7TW2vqdwZcA/X0Wf0EIwAKBQCAQfOeIiYqgoqqWY6eKiI2MEE5ggUAgEAgE3ysaGhppbrFiNpuIiYr4psMRCAQq5g+BPSXw331CBO4oieFwS45zDr8r+BKF1UZej/0z1WU1n93HvFHf0MTmLXs5e/a8ciwyMoyJE4YhARs27OJfz72D3e4gLS2R1lYr5eVVpKcnM2hQNi+99D5v/HcZhS4hD+Cdd1YydmwODz74c7KzeyABe/Z8xWOPvciOnQcVcQygW7ck7rxzHgsWzApo6yb1WDwcjcDefUf4y+MvsXPnQVpb29IBv/XmMm64YQYP/PY2WlusLF+2gU2bdhMeHkpcXDTXXDOV1177hJdf+oDgYDOZvboxdkwOK1du5sm/voLDIXPNNdOY+4PL2mf5VbuZgUOHTvDQg8+5UhLblHKpqYnceOOV3H3vzUiSxGuvLuH115Zy+vRZpcwH733OwIFZ/Oa3tzFxolN0raqs5U9/XMTKzzbR0tIKwEcffu6xP61DJeDs2X2Yxx79N3n7j2Kz2VyxSfTq3Y07fz6fH1x/uU+PrT8pqKCgmAf/uIgvv9xLS3Orcjx5cTzz5s/i7nsXIEnwycdrePIvL1NeXqWUeVdawbjxufz5kbt56olXOHjgmHLu9Kmz3PXzh/njg3ex8EfXICG1ExcbG5tZuqRtr+K5107n0MHjrFyxEZvVxofvr2Lk6BzXmGHvnsM89cRLAMy7eRYTJ43Abnew9OMvWLliI+YgM7/93U/o1asb9931qEdfSz/6gjWrt/L6W08xeEgfDuw/wt+feY2tW/Z6rOubb3zCjfNncftPric6KoLq6lr+9vR/lLnJ7N2d/BNnAFj+6TrGTxjOmYKzHDt6WlmbLz7fzEuvP0F0TCRVlTU88di/Wbl8PU2qPbo/+mAVNy24mp/fvYDKqhr+9vR/OHzweNvcLl7Gu4uX8frip4kbH8PSj1bzxarNAIRHhDJgUDY2u511a7by3N//y+FDJzzGm5GZzo9/No/Zc6cTHGTm6JF8/u+vzrmLT4jFbDZRUuy8R3z68RpOnijgF/cuJCIyzKMdj6+krLpf+dokWONsDlTw7Erh0t/DOFoHsK96env8+tsD3teYOytw++JC3cXfdoQALBAIBALBd5DeGWlU1dRRUV3L+aNVWFX/p1MgEAgEAoHAH2dLy77pEDqFyWQkJDiI5MRYIf4KBJcoT18BuSnw962wtwSs4v+q+MRsdKZ9vnfMd0v89Ys7S2tHfrNXOXr1ZIOyskqeffZND6du3749mThxWDs10C0SuzMVr/5iK8+/8D6VlTXExkYyceJwSkvL2bYtjw0bdvHQQ8/x1lt/pbikjKeefo2t2/KQJInc3P50757C8uUbKCw8x5NP/ofRo4fQt2+Gz6F4uNY8TkBxSRmPP/4SX27Z64rRKbo4HA7Kyip5+eUPSU6O54cLryY3tx9ffrmPhoYmtm/PY9q0UXz6yToAWlqsbNq4i9yh/diyZS8OV0rfq2ZOJD+/iO3b9tOqEgBBIshsYtz4XOLiorjj9j9SVHROOWsymbDZbBQXn6exqQmj0ciKFRtZ9I+3FBevyWTEZrNjt9vZv/8Iv/rlX/lk2fOkpMTz+usfs+zTddjtDqW9lhYrZwpKPGIAqKmp5xc/f4TSkjIkSWL65eMwmYysX7edE8fP8OjDz9E7qzs5Lrd3IKjnvKW5lcceeo51rv1xh+T0pV//XqxauYnS0nKe/9diBg3Ool//Xiz5cLUi/oaFW8jJ6cfRo6cYnNOXtNQkH85RtwjY/kze/iPkn3Tmy4+KjmDosP4MGz6QlSs2ArBi2QZ+/ds7SNDJdOJbNPMtqFltdv7+zOts2rBLmQ+j0YDd7qCyoprXX/mQpKQ45s2f1a6uW/wFaG5qYc3qL9u5L/fvO8IH767gjp/NIyzMQl1tPS3NrWT16UliYixbt+yluqqW117+gOlXjCcmNspnvFrcvZWcPcdfH32BwjPOa0f9HTmdX8Q/nnmNbj1SGTnK86ZaXlbp8bmlpZVPP17D3OuuoE9kptdrSZM92i9dKWzChbtrfT6M4yOlszfBV6+Nb5pLIYZvAiEACwQCgUDwHSUmKkL88CkQCAQCgUAgEAguOeYP+Z6JmYKO07aVaRvqTTYlkGTNcVlTXvYU9RwOmQZXSl03DQ1NusJNeHgo1103nZycPmT27Mbbb6+gsrIGk8nItXMv4447rkUyGFiw4H84fvwM69btZP++o5SeK2f//iPIskx2dg8eeeQXxMfH0qNHCn//+5tUV9fx8ssf8tTTv/I/Baq41CFu3bqPvP1HAUhJSeAvT9zHhAnDeOrJV3nxxfdoaWnliSde5vobr2DkqMFEv7WMivJqvjp8kg/e/9wjpfKK5Zu46aaZ7Np5EIDY2GimTh3F0qVreezRF6mvb/SIKTo6gif+ej+lpeWK+Juensw///UHBgzszUcfreZcaTn33b+QhoZGVq3cTGVlDZIkMXnKCB5/4n5kWebWH/4vx46e5ty5Cp5//m3uuWcBW7/cp+zHe8WVE3jksXuorq7jrp8/wpGv8p1L7RJxPnhvJaUlzofVpl02hv/53zswGA1ERUfwzuLlVFfXsfKzTQzJ6auZVFQXSXthyz3P27btZ/fuwwBkZWfwq9/cRs/MbvTt14uH/rSIlpZWnn/uHZ58+gEaVe7VzF7d+cU9C0hKiiM1NZHgkGDuu/9WNm/azauvfAhAjx6p/OKeWxiS09cj1bcbh93BxvU7qampBSA1LQmDZCCtWxKRURHU1tTR1NTMJ0vXcMdPbtC5Qry4m2UwB5t5/K+/4uOPvmDH9v0AzJw1manTx5LeLZk9Ow+ycf0OAEJCgnnx1cfoPyCLJ//yIu+9vZzGxiaWLV3LlTMnoRWTb/vJDcTHx/DCP9+itrYeWZYZO34Yt97+A158/m127TgAwO5dh7gDCAoO4m///ANL3l/F+EkjaG1t5ZE//ZMtm3bR1NTM9q37uGnBbO65/1b++ewbHMxzXvNzr5/ByFE5ZGb10BslsgyfLPlCEX9TUhJ55c0nCQ4J4ld3P8q+PYc5V1rO8k/Wkjt8oEfd0FALv/n9T4mLi+YPDzxNbW09FeVVFJ4pIatvpiLWt+1XrJrr9ltf+16Pbwnq9NC+9vYVXJoIAVggEAgEAoFAIBAIBAKBQCAQCASXDpLqVdYcl1XpiL3VU9IVt5WwWELo0yeDiIhQpX7Pnmm63U+ZMpIHHriN6OgIzpVWUOwSG202O4vfXsEHHzr3JFULyseOF9DY0ER1tTO/+YkThdx88/8Azn1w3Rw5ku/ZmY52oogtmnOyw0FxcZkizPbr34uJE4cTFGTm1h9dwyefrKO4+DwNDU2cOHGGnJy+pKYkUlFezYkTZ3j7nc+w2ewYDBIGg4GCgmKeffYNmpqc+8HOv/kqgkOCMBqNmM0mzGa3fOCcR7PZjGQwsN8lQAPMvnoyAwf1JigoiHnzrnLZIaGqqo6SknLn3IeGMHPWZNLSEpFlWLjwGn7/u2cBZyrnyqpaamuc8xYZFc7sq6eQkBBLTEw0c+ZMVQRg93QdPXpK+bx5026uveaAcz9e1762sixTUFDcfmIDQYazZ8/R1OQUdk/lF3LXnQ9jMEjYbHZF7DqdX0RcXBRjxg7l8OGTWFutHNh/lIULHmDIkH7ceNOVXDlzMlOmjQYJRQCOjYvmuhtmeO2+pKSMfXu/UpzQx4+d5md3/BHJIFFf16CU++i9Vdx400zCI8J025HR7DUrgdls4prrLufggWOKADxoSF/mzL0MgMU78pTiUy8bw5hxuQDcevsPeO/t5c5xnypyzbPnxXnPLxdiNpv48P2V1NbWYzabWLBwDpOnjqampk4RgBsbnNduc3MLX6zawo5t+3nj1Y8oKCjGpnKcNze1YLFYmDJtDEs/Wq0IwENzB3DtDTPaci6rx+xyseftO6Ic+8ld88ns3R2Amxdew749TmH/2JFTiuvdTUZmOjfcNAuD0cDi/37Cti17AKhvaPRwanfETOqhjXblducX2V3rb59i9T7Abne11jXsb+9hb20HEocgMIQALBAIBAKBQCAQCAQCgUAgEAgEgksHvd/8dY7JqJzAygHXe42WkJgYy/2/vIUBA3or58wmk0dVNynJ8URFhgPOFLjuPXuNRiM5OX2dbeApBPXpk8HBgycwGAzY7Xbi46OZOXMiRvd+v64OMjJSvY3a/5AlCZPJqAgrTY3NNDY2ERRkxmazKXvnAoRaQoiMCmfy5OEcOHCM6uo6xZmZnZ1BSEgw+/cf5ZOlzpTQQUFmfnDd5QCMGz+U51/4Mza7HfWkmkxGsrJ6sH7dDqWf2toG7HZnpA0NTchARHgoRoNBEZDtNju1tQ04HE4nYU1NnVI/JCQYk8mozJPVaqO+oRFZlnE4nPW0tAnT0DurB8OHD8RgNHg4NAcOymo/oe01dV2CzGYMBmeq8ISEWCZOHklYuMW116tzPsLCLISFh3L7T66nT9+eLF2yhp07DtDQ0MiunQcoKT5PWnoyo8fktHNzqy9TbYrvkyfOeOwZbLPaqLW23zS9uKSMHdvzmDptjEcblRVOh3dtTQP1dSoHtyKYen4x1DpqaJhFOV5b29anen/joGCzh1vajbuuwbUI5iAzwcHBTuE5yNwu/qUfrebpv7xETW0dQ3L68cDvfsrObfv5fOWmdmU94pVlZId+ymP3sSBVf+dcDyEAVFfVKu+Dg4Pb1Y+MCsfgShEfEhLkMw7d2Nz/6SJNNhAB9WIJpNq+9fYJVh/TKyv45hECsEAgEAgEAoFAIBAIBAKBQCAQCC55lKzPfvbcdAsxaiHCZDSQkBBDamqC334kg4RkcKo40dERZGSkIkkSdrud4OAg7rhjLmlpSaxdu4PCwlLmzbuSkJBg6usbSU6O4+zZ81itNoYM6cOca6ZSV9vIm29+wowZ48nO7uFVhXQLWEeOnGLmVT/DZPL8+X7OnKlMu2wMCQkxnD9fyd69h3n2b/9l3Phc/v7sf6moqAYgLS2RrCyn63HeTTNZtGgxgOJ4/OHCORScLmb//qPYbE53ck5OX9LSkgBITo4nOTneY87Vkzt23FDeXux0hL737kri46MZMXIQH3+8hjMFxby1+Cni42PIyurOls17aGlp5T+vfIjFEozJaGDRP95Smpt22WgSk+KIj48BoLGhiRdfeI8gs5mq6hreevNTz86B8ROG8+Z/ncerq2uZc+00hgzpw4kThbz130/480N3eYjzcltVlatcax9tO5TdpyfhEWHU1zdS39DI4Jw+3DjvKmpq6nn91SXMuWYaGT3TkCSJvP1HOXjwOM+/+CAffvA5jz38PE1NzZw9e46zZ51pstWC5InjBaxcsZHsvj3JyEjHYFCl0kVm08adisM7PDyUq+deplwHdXX1bNqwi/KyShrqG9m4fgcTJ49U5g7gi8+38MhD/6KyvIpdOw9oVw9JAnNwm7i59osvnfslD+3PxMkjeeLRF5Blmc0bd/HYQ88xbMRAnlv0plJ+0OA+hIaFKimqO4qM0927cd0OamrqCA4JYs6107l+3lW873IZa1EL/uvWbCU5JYFeWRmkd0vWLX/ZFRMUIfnF594iPCKMiMgwnvvHf5UyOcP6e+wHflFwi8HfUj1USVGuudmq9xwWYu+ljRCABQKBQCAQCAQCgUAgEAgEAoFAcGmg2evX45T7uJf9cX2dcwoW7Z2L/jCZTdxwwxVs23aAQ4dOsG7dDsaPX0hERChVVXVER0fQv39vRo4aSE5OX668cgKvvfYxlZU13HffX/nzn/9FfX0jNpudiooa/vDHn7Y5jzVCttpRV1fX2C6WxsYmRo4cyIwZ43jzzWU0N7fy8ssf8vLLHyplEhNj+dvf/0exJ3fvkcKYMUPYutWZ8jc8PJRZsyezbVseMe+voqqqFoNBYtq00ZiDTG3z004wdelZElw1cxKrVm5m1crNWK1W/v5sm7AGcNcvHuWFFx/k+huuYMeOgxw6eJyiwlL+97fPKGWMRgNjxw7l1tuuJTg4iOtuuIId2/Oor2/kxPEC7rvncdW6uefH+Tpt+hiuuGoiX3z+JUWFpcyd/QuioyNoaGjCarURHRXBL399a/uxKIPQc1e3rceAgb2Z+4PpvPLi+9TVNvD73z7DU0+8RFNjCy0treSfPMOzi37P6VNn+cffXmf/viO89cZSHA6Z1larcx2S4khKSkCWnXs1JybGcv58JfV1Dfzipw9y1723cNc9CzCoxOHGxiZWLNugfJ40ZRQPP36fEndjYxOPPvQv3n9nBQ6Hg7z9Ryk8U8LosTkkJMRSVlaJ3W7n9Vc+RItb3zYajfTO6oHZbMJqtbFzex47t+ex+INnGZo7gB/+aC7vLl5Oc3MLr73yAa+98oHSRkpqItfecAWRkWEeLm6/aCbbYDIoqatbmlv5x/+9ynN/b3uAQUv/gVl8suQLANav2cb6Ndv469/+16sAPGHySCZPG8OmDTuw2+w8/Zd/K+ckSSJ3xEBmz5mG0Wj0ej/QEzb1nhtQvh+S597AaO5VykdZ3718qaCOTxun3nG3G9hX+uZLebzfdS7yIw4CgUAgEAgEAoFAIBAIBAKBQCAQdALXfr+ySkTR2frTK1rhQe6kFW/goCwef/weZs6cSEREGFarjcrKWiyWYIYNG4DJ7ExfbAkN4e575nPnz+fRo4cz1XN1dR12u4Ps7B6uY1LbODoRTliYhV/ev5B771tAenqSMkaz2cTYcUN55NF7GT16iEedm+bPVN5fedVEYmKjGJrbj+QUp8s3ISGWIUP7YjQYffYt4QzcbDLy2F9+ye13XEdqaqJyPjg4iImThnPzLbMxGAwMGJjFI4/dy6zZk4mMbNurNi4umnnzZ/L4E78kxOVGveyyMdz/61vpkdG2L3NKagJjxw1t61811kcfv5eFP7qGpKQ4wDnPsiwzeEgfklLifa+0+3pq52x09WMw8PO7bua+X91KZq9uGAwS1VV1tLZaSe+WTPceqcgyREWFc+XMSXTvkUpzc6si/iYlx3P7T65nSE5fkCA5JYH5t1xNZFS451jcLkrX3+crt1Dq2m8a4FpXSm43ltAQBg/pi8XiTLd84thpjnyVT3RMJPc/cLsiiBoMBvoP6E33Hu3TjUuSxNhxuUy9bGxbenJXEEajgR/fOY/bfnI9qS43uHu+R44azB8e/AXjJwzv2Ca40O5BDrPJzLXXz2DQkL6Ac+0iIsMZPnJwWzhy27zMmjONyy4fp3zPwClkK4FriI6O4Ff/82Ouv/EqIiPb5jwsPJTpV07gN7/7GRm9uvm8RtrfO/wgt30/tPW+bR5ZPfHbW8ptvT/BpYMkX6Ie7fz8fDIzM7+Wvu5+4E9fSz8CgUDwTTPn8oks/XzjNx1Gl7PoyYe/9j6/zn+nBAKBQCAQCAQCgUAg6Ap0XW0q16n7VZ4xOZcAACAASURBVLu/o8Ph8Dju/ux+jYyM7LIYK2yeSSt1jKjtx4D+tpvV1XWcL6tCdjgICjKTnBxPiKX93p8AZWVVVFY690+NiYkkMTHWMwYZampqKSw8x6lTZwGZnj27kZqaQHRMpEcq35aWVkpKyjlzpoSqyhri4mLomZlKfHwMQUH6e4tWVlRTXlHTtkY6A46MCicl2SluWq1Wzhadd/ZRVUP37qmkd0smNjaqXWrbpqZmCs+UAhAXH0NsXBQOh0xRYSnNzS3OuUmJJyQkOGC1yp3Kt/RcOQWni6iprie9WzI9MtKIi4v2KFtdXUdR0TlOnz6L2Wyid+/uJCXFERYW6rFwNquNs2fPcfJkITabnT59ehIaZqHKtS7h4aGkpjkFZ4dDprm5hdKScgoKiqmtrSctLZHUtCQSk+I850DjCpeApuYWis+ex263gySRlprosQcuOPcjPldaTuGZYs6WlJGcFE+37ikkJcU55wpoabFy/nwFhWdKqKioJjIynIyeaSQmxSv7yMqyTENDE2cKSjh5vIDQcAsDBmaRlBTXtp+uDOVllVRVt6VW7t49leBgz+ulvr6Rc+fKcTgcACQmxhMZGY7VZqWwoJTjx08RFGSmT99MHA4HTU0tSJJEXHwMMTHO76nd7qCmuo7jx05TWnKehKQ4huT0U8bf3NRCWVkl+SfP0FDfRHq3ZFJSk4iLj1auc6vVSsHpYuV67Z2VgSRBweliWlpbMRgMpCQnEBpmob6+kZKS84Bzb+q09GTsdgdl5ys4fuw0VquVXlk9sFhCqKmuQ8Z1ncZGtV1DVbWcOnmG0pIyoqIjGJTTj4iIMEqKzyspsxMSY4mOjnTNp0x9fSPlZVWcOH4K2QEZmd1ISIwlKjpCESrr6ho45xLdLaHO2ADOFp2jsaEJJEhKTiAiMszp8CVw9L5KWRZrl4qkBoOh3R68agLZR1iN2rWrl+bZYDBoXPnOfwfaCeaqmC5kvOo23Puru699NR3po76+XmlP/er+U49RK2x7c0d3NAY9amud3/19+/ZdUDsAOTk5zpiEACwEYIFA8P1BCMBdhxCABQKBQCAQCAQCgUDwbePbIACX2zq/a2EgYnEg9T0OaFO6Bth/gFW89q8egzq1rEea2c7EoN2X1EewXSUcdLaddtPfwfXoiji015SEyyksOd87AlgP7WlZr8DXuB5d0ZZ8oRd7J2PwloHZ/d7fevhsU+8G0sXrkR1q60St9qiFyK4UgLXtA8p9Xuv0Vf8boOcAdscVqDCqjVObatq9D7sQgP3jFoDFHsACgUAgEAgEAoFAIBAIBAKBQCD41tDVjiZvwmtHOpO9vO8sHjFJ+u89ymuURlk7KG3j7oF24WRqNbOubrf9hwDrdGEMMigDlPGyHu4U06py7S4ybflLfD28PlzRgXgvhhNR+73ztR7uvZ8VEZ+24+3KX6T1UAuyvgRP9Tlf++tqP3sTfAN142pdv2px2e30NRgMymc9Adh9Xs8V7GtMvuLojLh6iXpfv1aEACwQCAQCgUAgEAgEAoFAIBAIBIJOo3WhefvhX/2jvtbd1ZU/1nekJW1ZDyHVl5VY5ci9UC7EudxOXAykIx913CJaR8el13RnxyOpPqgF10DWQ6lzAVyocBpw/37WQ4mjg+vR7pp2t9OR2NCZB/V6+HP+dvF6XIiI7W0+OlSJrlkPvXTJSjkdEdeb+OuvDV/4E1fVGR4ARdD11b76uN1ub+ek1ROstf1q3bXqOrIst4vDmxtXfU7br7qN7wNCABYIBAKBQCAQCAQCgUAgEAgEAkGn8ZWCVFtOizfXW1ejTaPs7Nxb4fbn1SJUh0RXH80HejwgtGNRf9a6gzXFtGlzL0T8DeS4uw9J0syl2jGr15CX9VDaCyRYH3FqBdLOrIdSx9t6uF2lOuvhPnSh6+E3Nr1zXbge7ja60nnc2SnoivXQpl3vrPgrAS0tLRiNRoxGIyaTU55Tp9h3u2iNRqPyWe3AVdrSOHHVx50x6ruL1cKuXmrjC70Hq2N2OBwebmD1cXdZt0gcSL/a1M/+9itWoxWkvy8IAVggEAgEAoFAIBAIBAKBQCAQCARfO+of7ZWUo+5zqnJepQEf1sB2op7Wtedvn08d8UsvDl978nZatNLEpWu2DMDW6DEHfhy/XmPxDMVbVx2yzQa8HmjO43s9ZDq+HgFfZ5rCXkVRH415iKR+HKYdCOXrWQ9tJwF+PzqyJ697fvx+b7x87+V2b/wEpz4t+3gAQAogJn9dyc7jdrvdYz91o9HoIY5Cm0tYu8+vr5TKWnwJndr9bd19atM+e2vDl2Crret2A2v32tW6e72NqzPZIdQxqPv8PiIEYIFAIBAIBAKBQCAQCAQCgUAgEFwQemKu3nk1aieY+hU6Lp5607u8unW9KFc+RSQd9HQFH7p0p9ANJQClzCOGCwzqQtbDr1iqPSbrFLtI69EZYc+dAdmj7iW+Hl7re2vI75MP/mPozMMFXYK/9NR6yCh7NneEzqyDW2y12+2KE1ibLll7T9QTMd0OWz2R1NuewNp21GK0r/u2L1HY3x7F6npaQVbtCFaXV6dqVu8vrNefN7ezWwA2GAxK/Nq+vusIAfh7zvxfP8yYxGaOffo4izZ909EIBAKBQCAQCAQCgUAgEAgEgu8aHRUdAm+4/aGOCnpdLT7JmtdO1dcKWOrPXsQtX2ZmjxO0d8nquko74NxsV1knrm+KC1kPtQNUfUD25x73f9rneujG0oXr0dWpsjvbjt5nX+16Ww+/buUAYujoenQYVcxagdftBHa7gcG7yBmIk9VXGmT3nzrttD+xWU9g9ubM1aZiVpdx96kWu72lb/Y3Xm/9qFNjq9tSj/f7hBCAv1OM4+6HZpBt8VGkKZ8lf36NtV9bTAKBQCAQCAQCgUAgEAgEAoHgu46/H+zVe0MG9EO8F3ugu5rU0ZTOOk37KBKwKNdhNc1VR9lz1f2qF5Be2+4+XeP1JaZ5Q9kLWdOVz3nxMlbd9fAlYHciXnc/l9R6uCfsElsP9XHd9fA2Np1mOnPOo1xH10MV7wWvh6ust1h96cTq9dDNKOAjbt1zqvVwO1DVzl2r1YrNZlPcwEaj0RWH/kMz6vq+3LDeXLMOh0P5U5d1O2V9oZfCWX3OHYPa8evu013Hbrcrzly1YOsWar3tC693XN2Xui31vzXqvr9vqaCFAHwRyerVs0vbO37yVOCFbTasem72Zhu2LovoO0LWOOZPzSUnsY6VjwhxXCAQCAQCgUAgEAgEAoFAILhQ9H6sV4sOfn+I93LaLQbp6hS+XHyyx4tf9Byyuv11QOSSXXUUfUpWvfoSj2TPQxdqq9Wrrj3Wbnl8rAd0fj0CRRuPbvVOrIekiVF51VMI1cfVoq2qXGfdsf6E40DXo91evl7qaAXWjn4/tHTFerR72MP92oH10AbjbT38jVNWvfpdU1/j01kPbUpjtSDrFi3dAqk6hbF7/2B1O+76PsPTpFvWc/peDGes1kWs7kfrBtbud6yHr32D3fPkPqfdXuD7ihCALxJXTZ/CldOndGmbn61ex4rV6wIo2cyxz0RK54BJziKnVwKWprpvOhKBQCAQCAQCgUAgEAgEAoHgW4f2x31fzjX1cX0Hmxczr57LTl1Q1q+jOFMDcJB2Bg/DoZc+PERCyb/45KuvQMt09VDbaWyujjzcmWoXpl4bKrHxQtLs+nOn+loPrZNUljo5V17cpR1d266Sp9TroeBjPSRX5+7XTrmn3X37Oefv++HvXKBBdMVcdsmaenEpSxIeIqWeEOtwOGhtbcVgMChpoU0mp4yn3svW3YYWPRevVvh196l+dfft78GcQLI36N3/1aK3Ni20O25vaaH15sk9Tq2Yrt3r199+w991hAAsEAgEgq+FRU8+DMDdD/zpG45EIBAIBAKBQCAQCAQCQVfj7Ud7X2KF3r6SzuOqMspJ2otZ3oRGjz7a6ndUQA2kvCTpv/cakFIYjTrmpVoXG9h8inXeBGwf7lDZx3roidHf+Hp4m2elkvdy7uMd1UovQFvVb8/HRPhbD68m7I642Om69dD9rqsPBLAeXwf+xGsPNA+meC3nLq6Txtkt2LqdwWo3sJ6z1v1eew/WewBHT6BVH/eVVlovdm/3eG+pnPVwi8/uNM564/KW0lpvvHrj06v3XUcIwAKBQCAQCAQCgUAgEAgEAoFAIOg0WheZL6eV35SjfoQeXVEx8FADrhNom16dymhOeGvYh7ja0f4D0MZ9onbzSvgWGvX6v5C+u2o92tVzi4iBCoiq9fClPXZEvA60vK82OrIevi45f9Phrf9Aj/ttz1cAAR670LnsDNp9mn2uh0bU7qjkqN0r3S0Aux3BRqNRVwj1lupZu0+uEpsXd63HULzUDQR13UDjUO9xrC7n7VU9Vu141fPoa4zfZYQAfJFYsXodx/NPd2mbHdoDuCtIH8XCaycxIDUci/P7RlNNCYfWf8zrW0o8ik796e+Y2yuE0l1/4oXC67hjajbpUSEAWKvy2fTZUpbsq4L0Sdwxbxz940MwGwBbM6VHtvD6Gxso0g0ihYnzrmFGvxQiLa5DTfUUfbWBt97Z7llnwq08OTsTy/k93P1qPnPnTGJM7wQsJsBho6k8n60r3mTJYU15d31LJnOffJi5AE35LPmzez/gGIbPnsmM3EySw1xfGYeNproStr73EkuOd3aCBQKBQCAQCAQCgUAgEAgEgm8/eoKF9jy0TwfaURQxxZ1GuIN1VVUvGG3KXK9t+tG5lRTVFxpPZ+q0U6/b3gfaXiDrcbHEXY82fCht7rTigcSgXo+vW2jssvXwE0ug69FZqUybjlrvIYmOrMeFpne+0PXw+I52dD264IYjyzI2mw273a6khDabzR4iqfse7HA4PPYKdjtq9WML7D6s56DVum19teNPQNaKtXa7Hbvd7uF61pZV75nsjsebKP59E33VCAH4IvK1C7ZdSNykBdw/I5tIE9BUT2lNE1hiSI5KYficH5Oe/CaPfZjfrp455lZ+OzwTU00ZpaVNRCXGYInJZOoN86C1hP4Lckk2NFNxvgyrJYbkqBCSB07jnh/beOClLZogxvGzn01jQJQJHM3Unq+jEQtx8eGk587k/tQUXnjmY461iyKE+T+6hjHxUFteRo2rjiUxm6k3/hjrP15iWQXQUE1paRkWcwTJcSHgaKbifB1WgOZqagGIYepP72RurxBw2Kg9X0ajw0RUfAyWqATSkwEhAAsEgkuM4uLibzoEgUAgEAgEAoFAIBBcJFJTU7/pEHTR/iDvptM/vquEk846MPXoEiHJV0Dq1M6yfhE3gYq/XeWy7Sr8uUwDbaMr4vB4o2fblUDy4TpVH7oQMf6bXA8tFyrgatvpbHlZsx4ecfkQRj0cyxe4Ht9W6U8tiKpFTLvdrtxng4KClL1wtS7Yb5vo6W3/eLeY7XY9qx8yCmQ/4u87QgD+ThJC9uyHWTS7/ZnSXX/isff8VI+bwR0zsok02Sjd8zEvvJNHhetU+mW3cs/lmSQPm8Hc9c+zpEJTtVd3Sne9yWPvuWTZuHHcfdcMssNSmLAgAXNLPkv++RprXfUG3HA3tw9PwNJrMHPZwhKlpRjm3uIUf63n81j86gfsUoKYxN23TyM7eTBzZ2/gr59WeQaR2J8xDfks++drrHJbhNNn8NufjSPd0o3hV2ay7M182PMxz+yhzQncUszGZ9yuXxdZM5jYKwQcZWz85yLeV1mO08fNIKfJz1wKBALBN8Sl+oPA9w273U5jYyMRERHfdCgCgeASQ9wfBAKBHuLeIBAI/PFtfOC3o+k3FeHGi+tPVheivdDj190oa/by9OIc1Zbz6Fe7H7GkE4BOjHp9BII7lkCKq52Kunvvus55zU/sxenoM8W0j8A6LM8Euh7exuOuf5HXI+A9c7XXm15f3iZXwut6BNR3gMfUMbX7bqj69lXWZzrkDq5HoN9lb935+uzr+vIIQNY5F6Bo7VHUW/kA9qV1i7se7aocvdq0x3piqNst662fzgrFateuG29O4UD69FVenQbb/dmf8PttFcK7Gn3vt+Dbj82GtbX9n83qv+rw2UNIN4H1zBYP8Reg6Iul7CwGTClkj9WpXHGY999TeXIrtrD4qzIAzCYbx9a2ib8Ah97bw6kmwBBD+jhVO7kzGZ5qgtZC1qrFX4CiDSzeVwKYSO81UieIKva/rxJ/AYpWseSIUyiOSxzsfxLcJIcQCtBQxSlNjuqiLatYtifwpgSC7wOjhg9l1PChX1s9gUAgEAgEAoFAIBAIBN88gf4g3xHHVmfch4HU0eoBsixTVVXLieNnOJV/lubmVmc7UlubsrZxjXgly21/2lj8xeRwyNTVNWB3iTSy5q+lpZUzBcWcLToXwOi8I6nGU1NThyzr79GsIENLq5XTp4rIP1lIfX1jwH2p4+8KdNejXQHNIS/r4ZAdlBSf58TxAgrPlNDa0uq3b+1fR22lepe8Iui729Jr06vi3sH+A6yuFX9tNhsV5VXYbLb2YflaD70YZKiursOhKexNpPb7IIdO+YAekKCL1kPTdwBFNf15Ol39nXc7gd0pkd0C7LdR4NT7t0D72T029VjV+Bq3cAW3IRzAF4lu6anMnTmjS9t87+NllJ4rC6BkM8c+e5xFmzrTSyY5KeFAM6f2r6Gi3fkq9pdXMTE1hrjUcYBn2uaKs3vapWSuKKmjiQQsTcUcahfTYWobZ4AFj8cRsvsnEAk0FR52pmvWtnm4iopxKcTFpDAVPF27dWXsO9y+zrHCKpoGx2AJC2c4sEt3/NrwSqi4MpP0iEzm/nQm5uXL2aq/WbFA8L0nNiaaBTfMVT5v37U3oHqjhg9V6h0/eYrKquqLEp9AIBAIBAKBQCAQCASCi4M69bP2h3ntj/wXKlh4c1R2lnXrdrB27Xbi4qJxOBw0NDQxa/ZkhuT0RQLeXrycSVNGkpaaGFh8Xt57w2q1smrlFqZNH0N0dASrPttETGwUI0cNxuFwsHHjbvL2HyE+PpZrrp3GujXbGTNuKImJsW39yPoOYcWB6Jov97S9/+5K5t88i9BQS7usyW7n4onjBbz5xidER0dgMhk5d66C0aNzmHHVBEwmY7u+OzJmX8gq53JHnLaejThftFWPHy/gg3c/w2w2ERpmwdpqo6GhkatmTWbQkD5e90rtcPc66yGr36jXQzXpWsOtej062jdAc3Mrzz71Cnfdt5CwiFAAKiuqiY2LDqitkpLzrFy2gZtuuZrwCFPnv3uuAXz07grmLZiDJTSkE404WblsPalpSQwa2i/gefEVt+xjPTzK0VamM+uixu2c1Tpotee1x9Tir69r1Z9Y+nWKxr7+PdD7rK6nt5evdt78jaUr/s35NiME4IvEoH59yOrVs0vbzB08kBWr13Vpm+1JwRICvtJI+8La2n5fYN9UYbW3P5oeZgHA0msGi57soJDeVK8v7rofajOZiAy0rYpVLNvSnfkTuhHZaxTz7xnF3PP57Nu6isVbSjoWl0DwHaeyqpo331vCghvmKoKuPxFYLf6++d4SIf4KBAKBQCAQCAQCgUDwLUSdhlRPbOhKR1ZX/pZ/8mQhixa9xb+e+yORUeHIskxhYSnHj52m/4DeBJlNDM7pQ1RUWPu0sO54NJ87isMhU1RUirXVmboxq08GQWYzAHa7g8OHTzD76imkpSdjNBroP6A3YWGh7dpp179W2VWRf7IQm93hUVT9vqK8mqeffIV7f7mQ7t1TkCSJuroGPl+1mfq6BqJj2n5d7cr1cItxSjzt3Nqu/gIQ6NAUOZB3jFf+/S63/+QGMnqmYzQZcTgclBSX8cqL79LY0MTocbnKeLrcQ+hjPbyNpTNxqNcjKMjMuAnDsYSFKG09/uA/eXrRHwJoCL7ctJuUtERCwyzt1kaWVXv56qC3HqdOFmK364gBAeCevsze3YlPiPVX3GdMoHm4wMd6eDvV2etD7eYF7+KsWuA0Go0YDAbdfXDVn/XwlVr5UsWb61eNWhD+No3t60YIwAIv2KgtrcJXYo+m8rqLHoW1powKX/vsNldTe5FjOLT8JX6/bTCzZo5jTHYKkYmZjJlzJzkjtvP6s8s5dJH7Fwi+TbgF30BEYK34G6hjWCAQCAQCgUAgEAgEAsGlxcX4EV4rsKqPBVTZLeSp3H/a+mvXbuem+TNJSUlQOuvXN5N+/TIVR2a/fr0wuOycNrsDSQKr1UZrq5XQUAtGo9OJ19TcguxwEBISgsHQFrXNZsNoMmG32WlubsFsNhEUHKSJty2yHj3SnO5RWaa1pZXWFiuWUIviuu3ZMw2jyeiRxralxYrVaiXEEozJaFS163yx2my0tLQSHBzU5t6Vvc9nfn4h/Qf0pl//Xsqx0DALtyy8xrNp2Zmi2mp1xuieCzVWq43mphaCQ4IICjIrcTv39JQ8FEuHwwESGCQDDllGdglczc0tBAUFYTIbQQa73U5jk2sug8ye6XJ1xlNZWc3K5ev5yc9vov+A3h5lemf34Bf33EL+yTMe9R12B41NzRiNRkKCg9r6kMBmc2A0SrS2WrFZ7YSGhQBOMaq5uQWHLBMaGoJEm/jmcMhIBommpmYkSSIkJBiDJOGQHTQ3tWAwGAgOCfaI22a1O8eswm63KwKZe29XkGhsbMJkMhEcbFbmVDJIjB4/FIPBgMPuoNVqpba2ntZWq/M6kUB2yBhd14T7a2Oz2TEYDdjtDq6YORlJMiADDtc17LyOTB7qroe46nDQ2NiM2WzCrFof96vNZqO5qZXgkGDMmvHJruugubHFOU+WYCTX90kGemVlONtR3SBkGRobGjGajAQHe84hQKvVirXVSkhIiOc16kMEvmAne1t4nWpLnQJZ/ee+z7qzLnxb00Br8TaGQBzDXf2Q0XcJIQBfJA58dZTemRld2uaevINd2p4+dVhtADZKty9i0RZ/5S8OtS3OfQVs53fw2Evbv5kg1FTkseyNPJYRQ/akGcyf0Z+41FHM/2Ehv38j75uOTiC4pAhEBBbir0AgEAgEAoFAIBAIBN9NfKXmDFSouBAHZDsdwIejMzU1kS+37GXmrEmEWkI8BSEXmzbtJje3P5ERYeTlHeFs0XkqK6ux2xxERoUzefJIDh48zokTTgExOSWBK64Yh9ElxH704WqmThvDmi+20tjQhEOWGTCgN8NHDsJoNCAje8SWl3eUmOhIEpPiePedzzh44BgffxRMREQYDoeDmJhIpk0fQ3h4GFabjX17DnPkyClkh0xomIXxE3JJSo7HLUge2H+UnTsPYjQYMAeZmDh5hN85jIwK51xpOdXVdURHR+jvceqQ2bXzAF8dPolDlgkJCWLCxBGkpScBTqHy4IHj5O0/gsPuwBxkZvCQPgwYmEVTYzMHDxyn/8DehIW3uZn37ztCVFQ4mb26c660nIMHjtLSbKW8rJIrZk4iKTmewjPFbPtyH01NzSBJ9O/fi9xhAzHoiM9ujn6VT2RkONnZ+r/Xp3dPIb17inNcskxhQQnbvtxLa6sVu91Otx6pTJoyCqMr7e5ny9fRvXsq+/d9BbJzviZNHc2+PYc5U1AMskxyaiLjJw4nNNRCc0sLeXuPcO5cOVWVNQBk9urOiFGD+WLVZioqqnE4HGT36cnYCcOVuD54bznzbr5a+exwONi5PY8+/TKJiYni+LHTNNQ3cexoPi3Nzr2M+w/MYviowW1tvPMZ8xbM5uTJM2zdvJszBWf58N0VjBmXS2RkBNu+3MNVV09Vyjc3t7Jj616GjRzMTbfMUY7X1dazavkGWltbsdpsjBo9lH4Dereby8KCYjat345DBoMEad1SmDBppLI+589VsHP7PqytNiRJYvjoIfTpm+l6oECmvKyKLzftoq62HhmIi49hwuSRhEeEAbBz2z6y+mQSExeNBBSfPcf6L7a6xFBITU9m/KSRzu+fBLt35HHk0AmQJIySxKTLxpCSmuQZtA/Hb0dQ13ULv+1uRzrOX70HaNyuX71y2nusOgODFm1/3h7WuVgisj9hVh2fOsWzu66eAKx1UGszTwhncBtCAL5IFBYV849/v/pNh9EJ8jhVcQ0DIkJI7pMLW/Z8I1HsKqpifv9wLMlZjGE7W7+RKPSo4tiGd1iU8ksezI0hMjETEAKwQKBFTwR2I8RfgUAgEAgEAoFAIBAIvvuof3zviLjQof1OXf/RbV7jEHS/VzNp0gj27D7MA7/5P66+egoTJg7D4nZhSk4X6I7tefTp05OIiDB27zrErp2HuP2OH5CQEMv+/Uf5v6dfJTo6gjlzpyFJBpYu+YLgYDOXXTYGgOWfbmDL5j1cNWsyw0cMpKWlleXLNtDY1MzkKSNd8UtKcF8dPkn37imkpScxfMRATpw4Q87QfsTGRVNdVcvOHXk0NjQTHh7Gvr1H2LPnMOPGDyM8LJTTp8/yzuIV3H3fLRgMEnt2HWL151u4atYkIiPDOXeugscefl4Rnr2RmdmNESMH8ZtfPsH0K8YzecooEhJiPCZ6x448tmzaw+VXjCc83MLJk4V8/NFq5t08i9jYKL46fJJ1a7cxcfJIYmOiqKyq4aMPPqdHRhqtLVby9h8lIzPdQwA+mHeM7hmpZPbqTnlZJc889R/m3TybsROGERUdQdn5Sj75eA2Dh/Sle49UamrqWP7pOqJjouid1cPreA4fOkF230xMZpPf66v47HmWfPg5w0cMIq1bEs3NLWxav5PSkjJuusUpxq5Z/SVGg4GFt19HeHgoO7fn8fhD/6Jb9xSmXzERk9nEpnXb2b3zIOMnDqelqZVPlnxBQmIss6+ZhkOW+XzFRr7cvJvomCgumzEOa6uVl154h8ioSAYOzgZgxSfrNAKwzP69h0lJSyImJor8k2f48J3PWPCja+nWI5XmphbeW/wpkdERZPfpCTIsW7qGeQtmk5AQy+ixuSz98HNyhw8iJi6GkOAgIQDtyAAAIABJREFU1n2xlRGjc5xplSUoPFPMsaOnyB05yGNeXn3xPbL79qTfgCFUVtZw+nSRIgC757ToTAmvvvgul8+cTHJKAtZWKys/XYfNbmfa9HEAvPLC21z9gxkkJcVTV9fAp0u+wDJ/Ft16pNLSauWjd1fQo2c6gyeNwG53sHtHHkve+4xbbr8OgL27D5GUkkBMXDQlJed569WPGDdpBCmpSdhsNtat/pL6ukZmXjONzet3sG/3QaZePoHQMAvFZ8/x4j/f4ue/vFVJI30hsqdW8FXj0LsvyShuZtC/R7pFX3e6Z4/qPgRNrTDq7/g3iVasdb/6ErK1+EqjLWhDCMCCdqzakc/EjGwi+17B/bNtvP5pHhWq8+njrmPhmBC2Pv0may9WEF/s5tiYbgyIyGbuXTOwvr2KXR5BjGLhDSOx7FzEC5susK9N1dTMBoslhm5ZwHHVucuuYaE1j2Ub8j3mIDnIuQ+HtbHqAjsXCL67eBOBhfgrEAgEAoFAIBAIBAKBoLO4tQFJatuD1C0E4/rs10LsOhYWZuH3f/gZx46d5o3Xl/LYI88z99rpLPzRXKKiwl3NtYkLJpORceNzGeESx8Ijw9i0cSfX3XAFPTPTAZh/y9X872//j2kuAbipqZkrZ03k8hnjlHZCQy18/NFqBg/pQ2hoiBKUjFv8kDCZTfTpm0l8QgxZWT1ITIqjoqKaw4dPICPjkGW2bN7N3Gun0717CkgS3TNSyT9ZyJ7dhxg4MJutW/cy7+ZZZGSkAZDRMx2TychjDz+vNx3K1JnMJuZcO50p08bw1n+XcvvC/6X/gN7cde8tpKUnIcsyT/3lJV5760nCwiyARPceqZSfr+TUyUKiY6LYvHE3kyaPIie3H8jQIyONwYP7YjBKtLTU6KfeVbm1ZSA8PJQFP5yDweW83bJpNz17pjNh0giXsAXh4WG88epHPPjovV6Xu6qqjrCw0IAeLti14wAZmemMmzhMaS8rO4OF837N5KmjSUlNBOD6m2YxaHAfAHpmdmPVio3cOH82ffs53ayNDY0cyDtKq2tv55jYSK6cPZXM3k6hunWalT/89mk+Wv5vpe87776FTz5arQjA7gnR23dWBuw2O5OnjWbC5BHKHM1bcDWvv/wBjz31G4806FHRkURFR2IJDSG7b6bSzqSpo9m1I48ZMyeDDCePF5CQGEeoxeLR31eHjjP3hitIS0umR0YaSJLHeYfDwacfr2bW3OnkDh+oHO/dpyd2m10pO27iCEaOyVHO19fVs2PrXrr1SOVg3lFsNjszZk1WBtkzsxsP/u4ZTp8qIqNnujJ2hyyzad12RozJYcz4Ntd07+ye2O126mob2LJxJ7/+3c+ccyM5r0Gj0cAXn21i3g/nKHPTUXzcUhQk9fXtfi95Fzd9Cb9dgTZdtK/UyhdLUNUTfvX67yjeYv827n/c1QgB+DtJCNlX/olnZuidq+PYZ3/jBV+pnXe9yeLMu7l9eAI9J1zHg2NmUVFehxUTUfExWExAQz62ixO8iz288GF3fr8gl+Tu41j4m1HcUFNFTQuYI2KICzMBzRxz+G0oAPIoqsglOS6G4bf/jp7n6zAHV7HmL2+yNrYbw4fnMnxGM7WVdTQ6IDQqgUgLYCtj1/oNXRGAQPCdRS0CqxHir0AgEAgEAoFAIBAIBN8PLlRMUO/h63EcldbbYduw6q0E2X0yePTxe6mra+Dtxcv59wvv8tOf3UhkZJhH1eDgYBIT45QmQoKDyOzVnaBgs1ImOTmec6XlSuwGo5Gr57Sl2JVlSEiIJTIqgtqaekUAVkRYvQ2LdcbvcDjI23eUgQOzOX6swCUfS7RabWzfuo+UlAQiIsKJjo7wqDds+EC690hFKy7qERkVzp133cxtP76eLZv38PQTL3Hn3TdjMhkJDbWwfeu+tvoynD9fSWR0BMgy589X0KdvT4/29PYI1qKOZ9iIQYp4hwx5+46QkBjLmtVbPdLgfnXohM9xpKUlUV5eqX8tadJ+nystY6pLvHe3aTAYuea6y9m+dR/X/OByAKfDVkVWnwwSk+OUz+HhYdhtduwOBzIQnxBLWFiIcj4mNoreWZ4pqXtkpFNRXuXj+QXPTwajkR4905GktnlN75ZC8dlS/Ylo3wT9B2Xz+YoNNDU2YTabOXrkJDOvvszpyFSVu/c3t/PWa0vonZ1BevcU+vXPIkp1bdXXNRIcHOx8QADP5zDcewwDjBjdJv7KMkTFRHL82GkAtm3Zw9gJw9o6lcBgNDBp2mi2rN9BD5cAjAwtzS3Y7Q5S05PbDdFoNHK2sAST0cjGtdtd3ynn4tfV1FFZWe19frxMVUB7+XrJNOAL9T6/7vfu/Z31UhuDd0HT373Wm2tW7by9mOKvXprmjvSrruNrz2Ct0P193iNYCMAXkaxePf0X6gDHT54KvLDJhFn3hAWz/39nOfTeIp45ex03T84mKSKEuGTnP07W1mZKTx5m0/KP2Rh4NJ3j8Mc89lwJC6+dxIDkcCwxCVgAbDaazuezb+sqFnfJHsX5vP7pFiLnjCI7xjlWa0UZtQD5+RzrHkHP2BAiE0OIBLA1U3H6GGs/+YCNRV3Rv0Dw3UYrAgvxVyAQCAQCgUAgEAgEgu8n/n68b1c+kM/+CrnxsRewm4iIMObddBWv/mcJJSVligAsyyptR53CFZewoVJ8DAYJm9XuLCs5/9T1ARyyQyVM+BeW9M47RQ5obbV67IPZo0cqPTJSkXGKSHqV7TZ7wP0ABAcHMXXaaBobmti96xCjRufQ0tKK1erZTlZ2Bn369lSczLLeJqgAbve2ZuzNTS1IqgPBQUEegTlkmZbmVmw2T2vSbT+90UvkTgYN6cOa1VuYOKXJ5VjWuGkdMg67HaPJ5Ez9LbdPkO1wODCZ2uQUk8no4WKWJAmDSjSVZT+uSklqt2+x5Opb+WzwrONwyNjtbY4oo9GAyWT0FLU117k/4Ss+MRbJIFF89pyzfZud7j1S242/T79e/OQXN3PsSD4F+UVs2bCTO+/9IaGhFs9+Zc/+tYRYgj3Gqw5P/Z1Qn3c4ZBw6DbafU3dDznqtrVasNhsSEjIyEhIhFgtTLhvrc0706Kx8qBXD1XFrxV9wzoHD4dB162rXUl3mUhY5A73f6wm86jEFOj69PYK/rwgB+CJx1fQpXDl9Spe2+dnqdaxYvc5HiS0s+nPHFNHFT/+JxV7OFW35gL8G2Nzafz/uPR30ptd4wEeaZl8xULSd1/+xPbAg/PTj8/zhVSw6vKr98V3LWbRreWD9CwQCr6gFXyH+CgQCgUAgEAgEAoFA8N0kYGFXR8jwON+uvLugjzY1p5XPbpFJRwMoLCylWzdPB6HDISMhYzabfHcYIHabnY8++Jybf3i1EkNZeRX1DU1ERIWrxi6pBFHZ45ina9ktTkoMHdafvv0y6ZmZrrhbm5qaCQkJpqmphZrqOioqqomKiVTqb9ywk+Li8x69aCkvqyLEEky4a39ed7mmphYslhB6ZKRitdoYMXIQsXHRSqitrVYMBqcgmZqexJEj+eTm9lfqNzY0EhoWisUSQnNzCy0trR79bli3nay+3k1VQ4f1p6a6julXjFfEVpvNjsPuO01kRmY6BoOBHdv2M2XaaPVkIssy+/d9xb49h/nhbT8gLS2ZQweP0ysrA4Mrz7jVZuOzZet57KkH2h460IiXWsesX1x7s7qbU7+6iYmJoqqymphY5xxXV9VytsjT3esU291B6HSjPaApEx4eRlp6CseOnGLH1r3MnDMNk7m9bCRJErFx0Ywel8uwkYN5+i//pqS4jF69uyvtyLKDgtNnSUpJ8KjbUNdIWERouzad7ba9nzB5JFs27mLQ0H4YJAMOGRx2OxvXbuOnd9+irBdIhISEEBRk5vTJQrKyndeMex7qautJTUuitdXKhMkjCbGEKN+PlpZWv070TsuFmnuNrpnfYMQgGTBIEkacD3E4xyUhS65KrvAk13glJCTZLSTLOHDdM+U2kdSbyOlLUG0XvsY16xsZSXIP1ntZyeB8CsazhKRkX3B1rHzw1a/6QZeO8H3eIzgAL6hAIBAIBBfO9l17hfgrEAgEAoFAIBAIBALB95hAfoj3KVhpc+PKnsVkzWEPcUyHlZ9t4je/eop9+45y5kwJp04V8enStchAWnoy7X2ggdHm2IMQSwg7tuexeuUWigpLOXnyDO+//RlDhvQhNiaqrQ+PQCXXOFTuN/e4nCoRkkFi2PBBvP/uCo58lU9x8Tl27zrI44++gNVqxxIawpRpo3n5xfc4fuw0RYWlbNm8mzdf/5hU1z62AHt3Haamph51GMeOneb3v32GDet3UlBQTMHps2zdspetX+5l7PhcjEYjf3roLp7751scO3qas2fPs2/PVzy/6C1Ki88hSRKjxwxl1YoNHD50guKz58jbf4Qn//ISdbUNWCwhZPbqzgfvr+RMQTFnCop5561lWG22dheAek0HDe7DmYIStm3Zw9mz5zhxvIAX/vkWefuPAHD+fAWnTha2W4+wMAvXz7uKlcvX89Lz73D0q3wKC4o5lV/Ih+9+xgfvrGDCpJFIEuSOGMixI6fYvHEXRUWl5J8s5F9//y+XXzWRZLWw6efSkLzs96qso0cKXtV5tyVchqt/MJ0P311JYUExRYWlrPl8CwWnirSXvk7jbe/dIrZySJY5lV9IeXkVdodTOB86bACbN2znxLHT5Awb2K5Zq9XGr+9+hAP7j1B89hxHDp+goqyS1LQkpUvJIHHFrCl8+M5ydm3L42zROU6dPMPfnniRTRt26E6Z2v0uy9C3fxYGycCKpWs4W1hC0ZliPnh7GT17dSctPdnpHJck3GrouEkj2bp5N9u/3MvZolIK8ov49z/eYM2qTURGR3D5VZN4+Pd/4+TxAkqKz3H8SD5/+fMiCguKkYFjR/IpOlPi/YET9byqY5Y9T3ncdyTPstpCkkFS/tTqnOz+nyQjK899qCu6zqkabHsYxInbEaxNtxwInakne3myxiMOJAyyhOTx51pC12eDrBWIvcelF5923P7KfJ8QDmCBQCAQCAQCgUAgEAgEAoFAIBB87ej+GO9DWHN7zbRFAtqfU4cf3XYtO3ceYN3abcgOGZvdTkZGGgtvnUtISBAOh8ywEQMJdaUN7tM3k4iItn2BzWYTg4f0ISzcojgMZeD6G69QxB+jwcBDj97Dp5+s59jx09htdiZNGcnwEU6hzWQykZvbn5DQEGSgb99MYlyOXYPBQO7wAco+wSEhwQwclEVoaAgSMHzEQIxGA+vXOfc5DQkJ5tbbfoDJ7NxzdXBOX8xmEytXbMRoMmIJCebxv/6anTvyMAc5NxA8dPgEEZFhREaGKyLMmLFDiY2L4ovPv2T3zgMAhIWH8qvf3EZionOf20E5fbHZ7Gxcvx27QyYoyMzsa6aRlp6MhET/Ab1Bltm0cZcr1a3ETQtmE+6av8tmjMNkNrH803UgQ1q3ZO5/4Hbi4mKQgfj4WIYOH+CxXnHxsdww7yo+X7mJgweOI8syQ3MHkJPbH4CqihqKCkvJyOzmvC6ktusiMSmePz1yLxvX72DFsvVIkoTdbqdb9xTu+83txMfHAJCcksD8H85h7eovOXL4BABDc/szftIIJY5JU0djNntuwDh85GDCw9uujcjoCAYMysZkMiKHBNFvYBZhqvNhoRYmTB7pvKZdEy9JEuMnjVTKjB03jOamFj5bth5Zlsno1Y3b77yJyIhwkJ17BgeHBHnEYQoyM+OqScrnK2dNUTnL4c57fsiq5evJzOrB5GljMRgMJP8/e28eJ0V17v+/T3XPNIvgElDCkihwMaDRETUDkuCSi+IVlwSDX8fgFcUrievVhKtGYxKNSSAmkmjEn0Ru5EoikSRG4kbignEhKpIo4AKoAQ0Kyr70THed3x9V1V19+lR1dc8MIPO8X6+eruWc5zyntqmuTz3P6b0/2WwL5/3XWV5qa4N0XZpJl45nwRMLyefz5PMul151AZlOmZJyvfv24or/uZA/P/I0i19egpvPM+zzR9J4zBFoDcd84Sjq6uqKUdTAJz6xL4MP/TcA6uvrGPfVU3nyz8/xyJ+eBBR9+vVizBmjCnUOO2Iw3bp7Yw/3POATTLpsPI89tIBX//4aeddlyGcHMcLfhsM+fySdu3TmyT8/i3IUqZTDuRPP5MABXtTym6+/xQGf7EmfT33SEFLLNkEZ4T5UhQLteO9xlAjggZirixG1Oiwmh6aCY0arWhxI4GKCcYfDLyoUUrqHRNrwWOZJJde27E21ww3sqSi9mybAXrlyJf37998pbV06+dvtYneXjgEsCIJg4fQTR/LAY+0zgvfPp3yvTezUck1uq7arYWf+n6qW9957j969e+9qNwQgn8+zbds2unXrtqtdEXYm6+dz9ejJLDl3Jvdf3ECmQvG1cyfReM0A7n/jmwzdKQ4KuwNyfRDsLObmQU0s/8EC7h7bY1c7I+wC5NqwB/LSVPqfvYIfLpjOuF6Vi5fdF+SXMePLTdx24I3MnzaGnpUMRNkR9hha+3vPGpFojC8ZpBMNz7uuW7I8mA++99prr8SpOSs9mH8/V1+2rK0fYAf2AuE4n8+zY0cz6XSKTKa8/bL6pgGT0PIL/vNafvmrm3G1y44dzdTX15FOpUr8qLUPwRbM5fLsyLbQqVO9Nb1tPu+SzTaTyZSvd13XT9Favj80mh3bm0FBp0x9UQwKdbOlJUdLSwudOmdQKqrtLPX19VZxMZttwdUumUx9yRi6sX3XXqrrdDpFfX1dUTPzxx22jg0bRDjjpeXONjdTX1fnp/ouritEkmvNjh1ZUimHurq6qoWk1h6zhbF0taY524xG06lTp9psGXabs1mcVIp0Oo1SsPaDD/n5LTO57nuXUR86/s0+5PN5/zjKxKZRdl1NNpslnU77+zy07ULj9Eb6qzU7ss04SpX4E1c+u6MZJ5Wiri5Vtq9yuTwtLTnq6+tKxl02x9qNb8NYUONbJwM7bUc73psJKUI2dHk0b0kbhTGWvQWOclCOIu2k0FqTz+fLU+nHjEEdty5u/F2lFKlUyvPXLR2vOBCsvfpOoV+JNlSFXVBoIybddZi4/m3atKkw/nL4O/iEx2SOikCOijJuDZs2bQJg8eLFrbID0NDQAEgEcLsigq0gCIKwZ7KOORNHcjU3snDG2MQPoQTh48yiKUM4c0aFQiP9cyKbZeNO8UoQhJ3CytmcOvomloyU/3uCsCdj+1+f6dXASedO4qqmkfSzD13Y/uSyZHdR04KwyzCElVqFtBIxJcJOsCyVStHVj/JNYq8k33Qc/tCWXsSeQ+fOncptme3o0gjE2LL+dyqdoqtFXA1wUkbboWhlm2hbdF/RuUumRDw120/Xpa1jxgakUg5dunQuqR/eH/WZYiRt0n2tFHTuEuqPKk5YNZhQw0p726tLutSnsqJK0Tk0dqzFVHXHZpmQV94nm66llCqNtDXEbMviWJSiYE/jiaPPLHiB4SOOpD5TH2sjlUoV9qWJKV7GitURG7Ew6UezW6ta9odSik6dM6FoWsPvdIqUeX5oT0Qt2R8hf6L2R1wfjF1s9SV2jNtQhSidPFzbcWmXQV6TCKxKOaDcYn8cFbyDUfCyaCeZMBpfKhgneLeMZ91tEQFYEARBaBPaK5uCIAjC7sDAM2Zy74ji/JI5E7h51QRuvWpkUQzq2ofuAL3GcMfCMYaFzSyaeSM3Nzdx/0UNO8VnQRDahiUP/y/LTx7FcQ/P5ZF3xjL+021g9J353DBlPkdeP4XTEkQECoKwsxjFtTObOATIrlnKswvnM2fKJP54/wTu/903GborROBMAxc/8DIX74KmBaG9qBQl1Zp8lVFVk0aVgj39ay0uBULrZw87OHmdKsTfJPWtNnSxbFKbrcHQ1ew+RbTbltlbdeFPFXVa6UNJ/dA4vFaNupX7o+pjxf/+6Y/uYu99uvGVs8fE24hyvEbC+yOJ2bjzM3Gblv1R7lRpe0n9CpuM3466NNrePzmUoTiHxeCyVNAaHO2NFVyrHhp1HQ5H+tqE4PDYvgSRsYVj2x+7XFMcx1h5n7jrvtaalAbHloWgEPFcmn1ASIYIwIIgCIIgCIJQge6DGhk+qDifeQbY2p/hIxoTRgNmWf7MPBYNamofBwVBaB+yC5lz11rG//JuBm49kdvnLWP8xYNbb3fdYmbN38Qh17felCAIbUlfho5o9FMmN3Lc2AlcddZUTj17Jjf/4Wzub+q7i/0TBGFnEBaaosTTarj8yv+s3CbFNtuKEu0mCJ4LGksoHLVWbImKyKzKRtT+2AlKUJyYXk3zpvjsCWKh5VUIea2NgTR13G98a1J19dthfySNXI6qV9MLGsb5UaK/1rg/EvVDB0KmwjUzY/tiqtIUOuyCV66wvbW//xSphCnTa8EUf82UyAWng9TPSpUIv/jCb14FArbtDQK/RwqvozoY31gZJUCjPRFYV/ceQkcfA7gdAsQFQRAEQRAEQRAE4eNP9sX5zKGJ0Q19GX3GKFbdv4Al+V3tlSAIO5PMkWczcRgsenEZm3a1M4LQAaiUelQHH10utkTWrKCQBPbAEn2rjY/FF7NY0jajikY0l5iKdW3jilrqVSVwtuH+COyFvwvVYjZO7P6gtuDVmN1flY1YLPvDVrc1Ppj1qxVug/TI1eyPyPaDc61ylUgb7XZ+mFmGjetBLfvDvKRpFForP1pWkUeRcxQtjiKn/E9h2qHF/zQrhxanOJ/zP3onC5yFseGDj/JEW9cXtF0FruOJuq7jL8PXdwt1gmlVWO4qRV6VlvfsFe3mSb7fk47tvKcjArAgCIIgCG3AOuZMHEL/KYth7UJuv3gMDYOG0L+xiRvmrfaKhJc3jOT82xey1vIQfe0zM7ligl9u0BE0nn0Tc96wjHy2aRl/nHI5JzYOof+gITSMm8ysxZt5bsoQ+g+ayiKz/LaVpeVHX87N81bKmGpCO7CYmwcN4fy56wBYO3cS/QeN5OoFwIwm+g/yjsGbX4q3kn1jHjcH58ygRk68eCp/tJ0LgiC0E5t5dM5s9r9wDENT0H3EKE56dzpznrech2vmcn7Eee1dA4L/S971of/ZM4EFXD3Sux70nziXtWU2S/9vnvmduSzfZnEzv47nZkzmnNGN/vWlkRMnTGbG8+uMgsX/1dk35nLDuMZE1yJBEDpBPbAtGIu39P98CS9Npf+gScxZY7e09vmZXHH2SAYPGkL/xjF8bco8+3ldQug+O4R3nzCWxobive3tL20ur57fzJK5N3HmyCOK5cquDxb/GkZy5uSZPFdycZLriNC+xIm/ZWJLjHBZRoQGoLVFnDEUHpsgWkkoTSwMRdSNraNDn8CGNvpiM2JRzsLCd2v819Cm+yNOOG7N/qi4bS2fairF7g+LU9qyP0r2TUT1KJds/rd2f4TbizpWzGnT7yjhtL33R2GRuT9sdiz7I1zO5n+UKRNlnBue0OngKod8KkUu5dDiKJodRTalaEk5NKccb96B5uCT8uazKUVzStHif9waRU6tdeFTqVy4fLHfGheNC+RRuGjyQN5f5jrgKi/dtaMdHO2gtCrMKxRKF9fhC+Iujm/Pmw6WBdO1UEhb3QEFYUkBLQiCIAhC27F+PjdfvJS9z72eO5rWsmjGjdxy5flkulwHU6aw6dzJ3NGUYe2L0/ifaRM4Jz2Xxy4KpdJ8aSqNE+5n+MTJ3DqxL5nsCh6YchNXj1tNp0emF8dJ3LaYm8c1MWN9IxMnT+e7vTJk1yzgrovOZu2+Fr+2LebmLzcxg1Fce/1MDtkX1i6ezrevHMOT7xo+CEIb033YJO6dOYYnbpnMjH7f5N5xQwDo2T+6TvYlL90ko77J92YOoSfe+XTFmKdY9cA82iIDrSAIFVjzGH94uC/jLvRPuH2P5eSTs1wxdwFXjRjljfldNQMYN3Mmx78xm3N+sJqJP5nM8ftSHEPcJ/vGTM6ftpQjJ1/PHU14/zdvv55T6cni74wkExTctphbzp7A7e/057RLrufewT0hu5onZk3h5nPn8+wPHuTusUbK2ndnc8PtDYyfsZDv1tYJQehYrH+eJxZAv6sGJBz2wc6mZ6Zy/j1rOf3CqZx1CaxdNpvbpkzm1JVZHrt9LP1SVRhbdiennj6dzLhv8qPbB5BhLUsemM1Lb2fhyG7hVnnklvN4btNYrvrB9MK99S3nrqX7I7MZH7oXWTV3Eides5BDJlzHHZf49+HTpnLOqGXc8cQUTgrfY8t1RNjJJBEjI+v6la2RvZAoDFGHitXiS1C/Nf1IjB+lmUTmUDV26uO+P2z2IqngT8X2P4b7I7w81nbCflXlT6UCSfeHiihaVe7gpE7ZfYiqngcvXXLKi2zNO4oc4PpvPyjlRW0qP1I4rzSugiBiGKVxtBdxm1aKDFDNLUQtaK0t4qlCK+X5DV5Ur5/COcDFS2cdrqn8E1hZXvYIj2ms/X1YsqxtutOhEAFYEARBEIS2Y+7L9As9TBp+VF82jm5ixqTLOS78EHrEnbCykSt+s4AlFw3mkKB+ajDfnbeA8YOCR9uNDO+bZcmYqdy3YDWnjesLZFl022RmrBnJD/80nXF9KJQ9blh/zj/lepaXOOWXz07g3j99k+Fd/MUjGjmi5ySOvW4mj549hZPk4ZXQTmT6NDC8T19WzQT6HMHwEQ3xFbKLueUbM8lOmMlj1zQWhJ7hwxroedGJXH3XfMb/pFbxSRCEpKx6fC5P9hnLVYUXLrpx3OgxcPk8nrx+FKfZXjiqSDcGjmhkYKcFQJaBRzUyvFd5qefuW8EP/zSz+D9uxEy6rx/G+bPn8eSVI/3/Wd7/t9vfaSz7fzj8hDGMnjKWM6+Zyh9PmFbq68NZjlnYxCFyERGEePJZ1r4zn7v++3oe7TKGO8a15u2rBdz88Cie+t03i0LviEZOGnQTDRNv4vbHT+SHo7rFWggtZ7ldAAAgAElEQVSz6LHpLKeJe7/bxHDf3vARY5hYll1nLk8ymwdvavDvJxoZfiAsH30TM+YvY3zwEuSaudxwzQKG3/QYd48LXhppZPiwAXQ/ZQI3z5nASeEXJuU6IlTAFlFWMqajvz4qGisQBK1j8Ja1FT9Oq1m2ElE6ZGuFhyT1g75Y+2QzEF5mKswWwaRMkKpie7R2f9j2tI7a2EnqVvCjLSgRbqvdH3F2DZOFFwR20v6IK1viWEJMH9r1ZYcIH8u2nUVcLLNRwXwt14tKkcFaQ532kh6rvEI73ri5rh9d66ILx4PrOLhKkQ5FJgejB6PB0ZBKpcpS/FaK6G0NSikcx2vR8dVZRzmee25I/PVDruvwxgB2TTuhfgZbKqW95YERFS6pwdEK5ahkO8bwuSMjKaAFQRAEQWg7ho3luHBUY2YwxxwLMJZzx4QjkLpxxIhGeHcFq8ODqTWMCYm/PoOOYDjw3Nt+qrr8Mh6ZvZp+F14eetjt02csF55lLMsu5IEZqznk/LFF8den34hRDGceL71ZXTcFoT3JLpzHjHcHM/GsovgLQKovw09shHmLjZccBEFoe5bxx7sW0+/MkRwSeqW++4hRnMZ87nl4dfs2f9YE439chuEnjAU2sTFIF+v/f7P+PyTD0HMncBzz+cNTRqrXYSM5oibxWhA6AjM50x+qof/gI2gcPZlZjOHWB4wI2BoYf+6YsijfzMixXNIny5wXl1Zlq2fPwcBTPPGCkfK5LASokYnnNJTeT/QfxumHwqqNxXT2y+fP5kmaOPd0I2NAl0aOPxFWvbC0NE29XEeEdsJM0VmtjBGX5tWqGVQQHqtp31a+WhvKom3Y0lQnUUSj9MlWRYtWW97wPWq6VHWzt9va/aFjPlHYBNbE+yNitc0nc3lSdtX+CBdr7TGfdF+U+BVeVMP+qGAydnmcnaR1HCClNY7r4uTzOLk8adclrTVpranTmpTWpPxldVpTn/c/rqY+D/V5TZ2/LKnAZ6Z8TpIWOVjvOE7hE5RXKBzlf4J+hT8aHFfjuJqUpuTjuP639qKZHQ0O2pvH+6hgOrQsRfLda6audl0X1zWl6D0fiQAWBEEQBKHtOHQA/UoWZOjexf82dN1OqQyFB9mh6IHsu8t49KnHePONlTz5j9Vk311WKnatXcHybXDcZ+35czPmg6/1a1kFLLlxDP1vtLudeXsdHNmjUu8EYaewae1qYBk3jB7CDdYSGZavgaGWqEFBENqIVxcw592+jDvBiPjrPpIzmuD8+xewvKmJge3U/PABZYouma4ZYAHL3wV6Ufj/FvX/kF4DGAjMemc1EPofN7iv8b9aEIQio7h2ZlMhO03mk0MY2j95ZG40jRwyIGNZ3pOeA4AVq1lLY+IU0/3OuJ5r55/Hzec2MqdhDJdMmsS4Y/vTvUwAHkK/svuF7mT2A95YwVoa6Als+tcyYBnnf3Z2RIsrWQVF/+Q6IsRgRp/FiQuxkcBx4mwQIabKl3kzMQ6GQ/XCAlhMlTjCEZmEBMPYyMti6FtxUbDMF91K/ImI7rX60so+RdZJsD8il5n9sdk11NBW7w9jvqr9EbSvSlcXbNe4P2qh1v1hvkwQKfZG2W2j/VFo05jRROyPsPgcmg/KF859Qv1o5f5I2reat0FwbQhdLLTvdMm+UN74uEEZR4Py9Url7w8V2HO96UA8rf5lgOhrrykQBxG/ZvnwtT7OjmM4F8QJq9DfYDIuWLcgPCuVOMrZlrq6PSOkd0dEABYEQRAEYTchy6JpTZxz+0q6HzmK04c1MP6SJvrtvYIHzr6JOUbpTL3tIVo0J02ezrmD7XUyB7bFgz1BaEtGce2MppLIwyIZ+krUjSC0I1me+/10VpHlltOHcIu1zP/y6KtNDDy0fTzIpDq1j2GAVHX/PwWhY9GXoSMaGdrmdjPxA/R1705VZ2aXwUycuZBxr87jrntmc9ukMdy87yhu/d00TjPeHyl7OTKKQU3ces2oCBG6Z+kLL3IdERJQKaoMSiPSKkWi2QiLe6UNEK2I6JKvtsNwPbYr4cjSsPAbdixG0LLpXq1NctqW26Pa/dFWbcfqmhX2R6G+L56WaYoJXzAo7I92zYNcHVXpXW3wUkTF+lHj8/rrTBuF/RElYtewP3bt7vEFTFW6LLgMuADai6h1CqKvL5rqQDjWhUhi5SVOLloKCaSVxFKbiBuODA6Lv7Y6UXbCwqvSChVar0PKvVLFaR2R0jwsi1eDLdI5HAHdURABWBAEQRCE3YM187jt9mXG2GNAHp4Il/MfOD335koYZkY9Zdm0zVjUpTvdgRWZvgwfERElJQi7EZku3YEVZPo2MlwOWUHY+WQX8sisLIdMmMK1I21SyAruu/gmbvv9QiYeWpqqffmq8owSq1YsBAa0vZ/79qQf8OQrK2GkZWzSNStYDpw0qB3aFgSB51Yb0fXA2rdXRJReWIzeD5NdypIF0O+qvtQynG73Q8dw1ZQxXHXlfG44+3KuuGEuw2eMTRxJHJDZuy+8Ad2PamS4aLvCLqaSCGxGEhYrRhVqG6HHHJ83ic2oqNOyuglV3KjoVqvNCpQIRFXWLfMhLrI2/B2aba0Ap/2Nq7XGSdiHgihlRPxqY6ItxsItT+VdHolorvfEzgp5yeP8CvXL2oeEG7yW/dJW54fV7TY4gU0brtF2WeBxEGkc15cEx0n42CpsH6fUaFnWhJKPmbLYPKnaXsxMpVKxUbNhUblSxgdPePXcLJYNfyvLdLjhmrpg9aXS8j0VGQNYEARBEITdgzWreQ4Y+KnSsceyz8xnVnhBzwaOb4Ald8/lOVPsfWM2t5mZ67oP44STI8oLws5m5erSMfQsdB82kpNYxoz7FpKtUFYQhLZn0/y5zGIw484aw/ARjZbPWM4amyE7dz6LgpPUF2OfW7y09LzdtoAHZkedyQtZtaYVjmYaGT0+w6q7pjHnXXNllkX3zOTJLmM4eZhkuRCEtqU7/Q6F7DNLWZ4PLc6v5JH7FkTUyTLrwQVsypcuXT5nOrPozzjbSxxxGHboNYrRJwIr1vFBdZYAOGTEWPoxm3seaOfxzQXBgm2MyTDBGJ+FsT6jxN2QeBcUsxRPhFk/EDlLvivZMEXGkF8lhhMI19X2Q1O+3dzwxwWtFVorb9ql8O1Na7SrcV2N66+zf7xy5R/fjt+e174ufLTWheVe2WIkeKG+9tsPlXcLPmnPfxcI9aH0E/SBQl+C/rq6tG9lPmjt+xa0rY2+BB9dsl3NbV7Y9q534AT9dUPteL54+wO/T5F9KWyHiI8O+un7r0v3hy74qUv2R3Q/dGlfjGOx5DD2j+Mk4m9gT6nS+fC5UTjfKxznph9Jz32b+Bu2VRKVH2mE8nM85noV9CeVSpFOp0mlUoUxdbXW6LyLdl2UhpRyitvSOzSKH7zvvP/RFfwMR8BWEj9t5UrPC12y3LY+GGe3EHWrFNoBHO9bO+Aq75NHF6a1scfCQngtBO27rks+nyefz3e46F+QCGBBEARBEHYXBg9jXJc7mfGdy9n/kiYO2RfWLp7O91f05Djg0ULBvoy79iJmjbuTc768mmuDssvmcteDPRk+FhbNDRvuxmmTb+QPp1zPOccvZeLkCRzfKwNkWbVsAY8sbeBHPxlTdaSEIFRHDwYOysCM6dw2tyej913M2v0u4rQGS9F9x3DtD+Zx4jUTaHxjAteOH0m/DJBdzZIF83m14SZuPUPGrBaE9mE1D9wzHw69LiYCP8Pw/2giM2sm98y/nOFjukGmkdMv7s+s2y/nzNw3uerkAWTWL+We2+az/xmNYL6c1Kc/x5FlxvQ7OXJ8Ax+8s4njm6JSr8b4cdVMJj7TxNWnjOXZSyZw1uCekF3NE7OmMOOZnkz89Y2cJCnjBaGN6c/oc0dy8+SbOHPiZr43sYGe2dU8cdcUskPGwmLbq16DGb5mCiMnLvPKk2X5w9O4ec4yBk6czcQq9d9FtzRy87pJnHv6EHoC2Xfmcct9MPSqUYXxi6vi0PP46cQHOfO6Uzn1+cu4cKxnl/UreGLBPPY+azYXH1mLYUGwY0vNaRMnKj6qTzj2Z7tgCVgzxeiS2UpRsrWttrarS/+U29FF96M2X0TNRJhCTokYXmjYLxM4Ea6iPNEy7CtKl3eioh9Fb5TFrygb2rrOvjTSj7DwF0R++o5o1xDtDFEqmDOzgse2F+uXLrFpxpTG2y3uvGAbFlIOR0XQWs6NWHZhQGZFsTo8HRyyyj4fiyXkveSa57r2gOKQCBz2J9iHSlWO8KwkesaJvpXqBZHttojgwrTjC8FlEb+BIdPh2GYTY/O/lqEGPu6IACwIgiAIwu5BppFr59wIN0zjlivnk+3Sg+OabuL+qd2ZNW9eadGGy3lw3gBumTad266cwKYuPRh64gSunTGBzMyZzDBt9xnL3Y/0ZcZPpnHXjZOYsQ3Ytz+HHHUs4y8cJuKvsFMYeslsrl15EbdcM4FZ+zbw3VkXRZbtN3Y6C3rN5Pu3zeSGSTPJAt37D2b4CU1cOELEX0FoN95ZwAOL4ZDrh5WOd2nSMIZL+szklj88xtoxY+lJhqGX/C/3pm/khntu4vw50L2hiWt/NpPjX7m8NJMFQK+xfHfaMv77O9M4//EMPZumMboWf7s0cO3vHuOYmVO55Z7rOWdNFrr0YOiJk7h7fhPHfVpyuQpCe9DzjGk8mJ/K1dOmc8WELJleI7lkyp+4uG4ms2bbBOCejL5+Kpc8dSM3XzmNReuhe/9RjP/JVK4a07+68X+BfsPOpOctM/mfCevIkqHn4JGc+5PHmHhC38qVrWQYetWveXDIdG67bTpXzNsMZOg5uIHhp05ifJUCtSBAqcgbhyk+BKlwCxGCEbmCA33TLpLV6HMtdayqjcVmjGDcmj6U6LyFbRdsy3C5gpLqu6J9EcnfwBVyMnv7o7xQYp8NddkulgdKaWhdMO0Wi5RsOF2c0P53fFesBrzmCu2VqdXl/gRirqFjg/KV3lgnim1SelhU8j7sa7U6lk30L6fcaDBOazG9s/a7qco2Z5lsHnF+qNJOW8vE6cja+K6W1lwvytJ7Ezps4nR0n7zreuMaKwdHqUIksOu6XsQ2fuR2OKra2MbBOlv0b9Io1/B1t+warEtTltuu4+HycT6o8GqNN6ZvcKyEX/4INVH6fkRwZqkkB3Ckn3H+7skovZv2eOXKlfTvv3MGPbt08rd3SjuCIAi7mtNPHMkDj0WlJfv48vMp39vpbe7M/1PV8t5779G7d+9d7cYu47kfDOGc+y7i/sWXM3QX+5LP59m2bRvdukn6TUEQSpHrgyAINuTaIAhCJVr7ey/uYb0tpWcw77puWZrP8Pdee+0V24Z9bEhL1K/WrM7Gxyy1SrwJ+9AW9uIMGiKXWdQuQ1bRdtiuDvZbcV1x/5X62paieZk/1RY2nNFxG6aKDZWkmG1c3tbuE9NQwYZN8LThN7zT903JGxVh4a/oWDjNc6DFed/BCovZqPPDsj1si6PmE+3fBGUq2gjOGUWZ8FuVndD0IV12oAHHcfxUz6XCq867Xhpl5TUcDpgvCMD+glQqRcpPm5/P50uicaMwr71mHdvLO+H15Wn64wXgQptBB/xjxnspRZe8xFKWBjrkm4M3VICr3cTnt60fruuydevWwtAD4e/wkASmOG4KyXGieK1s2rQJgMWLF7fKDkBDg5duTiKABUEQBEHYc8gvY9FjwAlD4iO3BEEQBEEQBEEQhF1CKpUqebAfiMg22koIs9mJtW0IeIW0r2aZsFJYFv5YXjSY1vZica6ULvNUoBLx10WxOat5ZxM8t1rx7GrFmx/Bxu2g86EOuBHf+NPBvDamzfnWrDPbNNfZfGnL9sPrhEi6dtX06wNDGzQjj4GDDoT99gVHgVbKy8zt57b29UqgVLC0nh+W7W4T3ePmS8YRrrZjCTBF14rlSSZQK+UAGu265LRbKkSiwL8+eoNDG/a0f3oEwnSVHQ/E26iXb7TWJeMS10pJff9a5YU9ez6rggjsFUjaUjU+mVHNwTjAwRjFHQURgAVBEARB2GNY9Ydp3PZuhtMmD6P7rnZGEARBEARBEAShgxCkMA0erpvpQ80oKvMhfEmUVhv4Y2qz1da1LrMpPDENVBKzakX7wqUOfVwNSz/U3PcaPLlK8dE2QKuimOpQFDwdvOXKWBcsC8+Hp21lwzihcuY6M/ozKKuNsuF1pi9m+5XWhQ+xcHtmPRGBI9m6VfHaG/DaG4q5D8Axn9Occarmc0dCOq1xCtGQfgruGg76sFZcDW09lGtkWu2IPlR5OShpyLw2ua5bep10FFqlCqV04SWZIBLbs1BMfB6YLo7Ja461Hhe5GzVtw3XdMls2CiJwELXsX7SCSGCvGwqlHD/KWRdeZrH6ErxhUCnltN9X13ULgm84g4WMASwIgiAIgrCbs3beZL79Yh+OOWoYA/cFsqt5dt5sZsxbRr+x0/jWyZI2URAEQRAEQRAEYWcRjuKNGlsyagzGtnogb4q+babrJXSvte3ZhDBtFAiEaK01rp/yWWv4yyqY+pLiX5vBdVWpuGsTQlXMugBbyt6wkzZHo9q1LTfLxNWPsmeuCx8EtvzBYSG8vXJh76Fks/DkX+GVpQ7n/j/N/ztTk1ca5XhyXkESjDhfzM1siqC7ajfo0LFQNmZxq3OBR1MY07bEF0PwRBXSJ2v/pZmCmFoo4omi4Qheb7GyvnxTS2SvGRGcNELY1qZ3DdMlp2BURHKJHT+CWIdEYtv/liDNcyAAm0MadDREABYEQRAE4WNH9wEj2f/hmcy68U6WrwfoxsARx3LV9KmMO7a/RP8KgiAIgiAIgiDsRMKRv1GigxmVVgu2zLK29WXLg5SpqnzeFFltdVXM+krtVupqoqBJHWRSDaLkvE8+r1nwnuLbCxWbdoTGYo0TWpOsC6szZnlblG1YWI6K7K2mfXNaW9blLT6a0c229s35uIPJJnzXGrJq2q7GRlT7cXbCfarUTkKbWivWfQg/ud0bw/UrX4JUSuM4Cu0Eop6f6tcwbxN8K50flUTjSpjnfYnNOPU55i2SWkTrkl0RIXSGo3fD80FEazUiZlSq5yTjA7cHUYJxLS8D2cTocNSzOV59RxV+A0QAFgRBEAThY0dm8Bi+e/uYXe2GIAiCIAiCIAiCQLng0B5CQltEC5bpPAmEuLieVPLDthlaFXxaiP4F7Wre3gx3vabY1KKSRcna+mtT6oKPLaVzSeiepY1qoovN6ah1ce0Fy8NlaokgriQCx2Fu17h61aiG1QjEScVpm6paQ/t3z1L06a0ZMUyhlMZ18YRgdGh81+hmofLLETaXkhSyneetvSS11TUHSkXMStG0ZmaFcBrj8HU3EImDMXyjrsFlkbWh710hlkalZo6bj4v8DaJ+TTpa6ucAEYAFQRAEQRAEQRAEQRAEQRCEmkmlUoXpcARbW9EaSxrsImMFo7aoxYRVk/mUtKwOvnVhvF/tQi4PD7wNS9aHnKqUGtkUdjGWhSNpKwm95nQ160yRt1LksNm/YNoWsWyLXK7kW9iuVbGzLLOJrVGqZ40iq3V9kuhls3y1onOC8hs3we8fVAwa6HLA/l5DrqZiKuikblRdJ26/maKwUdYWLF2IHnbKy1f0hVZ1v9SWZXzbsBAcTIfF4EAMDeaTpmzeldiE6fB8WPQNR/aGhV9zKAJBBGBBEARBEARBEARBEARBEAShFZgRZLbUm0kjg6vQoGrH0kiQ6rlSpHEtAZw1Rw/q0m+3IAJrtuc0c95Kkdd+K+HxbfO+gShR1BRSzW+zA0nH4DXnbevylIvBYYE6TC3tR0X3moKxTZBOEklr7tSoA7atDuAoO6bKmLQ9W52w/5XsFOooXlykWb4SenxCk0opVCC0Kvumq2S21vO+rE5gqAZjhSrKP++C6OEaRODIdQlSH9tSN5tRsOZY66Zdc1zgSrSnaGqzbfM3ql7wHYi84e9w2megEA1t2uiIKaGT7XlBEARBEARBEARBEARBEARBiKAtH65r7BF9wdi35nx4uQ7V1zq8gFJRyFB6a5E+bBqT2USSLVLogzFdtOGl2AVwXe/zp9WKLTlVFDbDEb7mfNS6uHrVrAt/sNQjtM6xlGkvv4P2HEp9i6pv1rUdN8HyOPE17mAyhe6o4zMq6tjmh1k26i0GmzAad5Da7ITayzYrnvubdzx6qcm1fwzrwnjVUV2wnYqR54rtnA9NJxHfw2WjLgMm5pjhUbi6vE9lxqsUpM3raVjsDD6ej6VjrUct3x2FzyRDBphj+wKF/udyubKo37jo4Y6IRAALgiAIgiAIgiAIgiAIgiAIrSJJVFvS9JyVxuysdkxPmwYWTAf2dnbK2kLdGMFPB398gcnVgcij+cuaVHn0a1A+HO0KxehgW2SubV0wbwqVcWmcbdNB38yU0m3tW5QPcamszbYqRcaaxIZ41riuFmz2ag2ljcPcPv78P15VuK4/BrAqPTeDYq3ZHIVUzHE+VSOsVtF2EhuKCtcifyNU21Z4XNxw2uNw6uc4ahE9d2X65ETZIUJCdlj4tdW3RVB3REQAFgRBEARBEARBEARBEARBEGqmrceZVGFhJySeKFUUhMqaCq2LE3OtAlANekd7SQqaUkFJowtCsHY9EdjV8NomyoVeKBdQqx0Ht+CEscxMHx0l+rbFGMHm+MVB6ugwcQKwbfxjW5txonScMJwUM+K2UmRw0EZFVbSG9aYSW01fwttJly5btVrhao2r/RTQWqN1IFy23XlS0myVwm8SPb+sjrb7HxlsbdvHfoPVXhbD4m8wXwlTAA2n4zfTRe9KovqSxK9qfG9NO3sSIgALgiAIwh7IunXrAEreEAzmw8vNZWE68htybYXWmnw+z4YNG3a1K4Ig7GbI9UEQBBtybRCEPZuoCCVzHEfbso/DQ2tzHOBaiRNcYk3XovKYJkJCV5mZVkQJlwnTUZ3U/mRB7dKF5W7w+971IoA3tKhoYdMUM8PiqUWgKkwriiJvsC5YZqtra6/SuqhxeM3tGxacNeUCtBn5HBGh2urxi6s5lmwiadJ6lcpGlUl6vFdzfoTL2ETjkLC9bbsil3NJpRTaBe2oYuRvcDxXOG90Jd9Cy8PnR6XTqqydpOtionatNrTFlzZ6pGZGuTqOE/n/wHGcQgro8HO/j8P/jzjM/4FKKVKpFFDspy31tSACsCAIgiDskQRvXptvDJo3TMGy8LpqbxBFKI5Hbj4FQYhCrg+CINiQa4MgfPyo9pw1f5fZvoPp3SlyKw5zDEbbS8e1Xt9KxKHI8DtLJF6oWlLMiL8SPSrKUER0Z+JfyoZ6Vaq3+dvSX+ppbn5IYZSwGRe9azpoRhCH69pE17aILg7m49Izh/2w2W2PyGfbfqxWBK5Ggawm4jfOdrWPZFrTVmREc3CcKu/Y1Koskr0md6o4eVv7ZCrRuR7Vdqiytp1/ULWDtmd0gfgb9z/BcZxCvaRj/1b7XM8WQFJpHN/wtzk+sc1GOKOE67olfXccB8dxSKVS5PN5crmcVfCu5FdHQARgQRAEQdgDqXTjZY4jEr6xikobU0tbHZ3gBjS4ARcEQQiQ64MgCDbk2iAIeyZRv5miHuJHRf/uzr+9Ko3/axMAoo0FRrBHIvoaU8FEhYjGSlF/lXTdaitrc50tgrLKxrQu/bg2sdIUaU1BuLWRsNWuM6OLw9jW2SKTbevaQui1bbdwBHTkWwBtyM58lz5pH+LKxZ1jwbEJaK0KLywoVNnmLozpW+P5YTukatXAw4dZrA3Lua7NYyQiajqxEB4yaAqlpmBqRgWbL93YXjKytRNenzSDg21c4qTY0lrbAlhs5QIR2GzPcRzS6TSu6xbGBQ6igQURgAVBEDoUDzy2YFe7IOwkbD+mzfGYzBvDqPFFdueHDLs7wY2nPMQVBMFErg+CINiQa4Mg7PnE/b6KSgX9cRCAgZIUnAGmWNAmaErTy+ratDSLVlMbKsJGQsOFftiqaKNzWhfEtjLB0iZqmtNJxdO4euF1YfXM9p008rgtfDOjl811QcSxKTgGZVIkiy7e2bRG6ay2Xo32vWNSF77RCpQv/gazljrV+GMWb4tN0WbXgBgDylhvuxZWGq82uC8MBM7wCzVmKmRb/bg2gnKt/f8SF21rE7BtIrfZj3DZQPw1Bd5wRLDWmlwuV9hONj86GiIAC4IgCMIeSKWHCmbUb8CeMj7I7oSkcRQEIQq5PgiCYEOuDYLQMUgyHnDw/XEQgOPEB1uEVzKjJV+eLewCTrk/pVF3bSE96xIRh0IkcuL6NawztF8/wtL/7R4ntCYUU+vS8IkMdEmD68Km7bB+B2i3gk0z2ritUkUb63ruRVG0DT6u99EatmyHHTv8esEGC7ZHUN4Ufk3x2BStbX0Ile1UD3t1KT++duyArdtD4ny1B51RRynosS9s2wFbtxl+J7RRsUyt0c1BPb+v3vmvCp0veR/BL1tNM21yvoaar8ZmSYRyyEhZxG8Nvnj2tfXblvnBFEXDAnCcqGpm/quUErmth3azBZXEZYGwRSlXii4Ov3AUpIe2RQObbe/O/0fbAxGABUEQBGEPJOkNjSkCJ035IiRHHuIKghCFXB8EQbAh1wZB2LOJytZkTn/cBGCIfohv619VaUOpPlJPqfKgWCtmIUulMldrEH6r3XNlwm/Jx19bTZSs6YADB3SCcwfDiZ+CPntBswvLP4IHl8MDb8CG7V45R0OdgrwLOZuIGiWYxkQQOymocyCfh1wuuh+/vMi2QbyvXA7ufBQefYnSjWxT/OJE56j+RJQdeRRccCZ0zhSXuRreXwdP/A0efMIXbMP2bOJh3DGk4Nij4aoJ8Pzf4bZ7YeNmi8+VwmIjyjiOJ/635ELpxKtBl88WXlDwF2it/eZVohTIFrM1oY0TLtKm7VhO6k8rX/yIEjdN8TcQfZOkNI67ptpE150ZEGJ7OchsJ+hjpYQoFJwAACAASURBVEhlM3W01pp8Pl8yRrApApufjoQIwIIgCIKwhxL3lrVtzN9KaZ872k1SWyEPcQVBiEKuD4Ig2JBrgyDsOVQ6l6OigMPTHxfxF+wCcNT6KCFCa12my1T7SzRJhHBSGyU9Ckc9Vmmndb+mtVHfH2M1HOlqRubGTQOdUvC1w+EbQ6FLHeT8+of1hMbe8OE2mLfcs33CQfCdkTD7FfjF3yz2THE18Mf0LTR/eF+4ZSzM+wf85DHDXkjAGzM0eqs0t8Cji4kWnmPar3pdyP6nesPoz0O3rqX+aA1fHgUH9oYf3mX0h5j5wGfjwD3uc3DKsbBXZ5j1R4sAnISIA+/kkXDNhXDrr+D++dHlrISjpc12gpcUIopFuVdrILK1TqVLZRC1HOWEstiOcS5qU0Rhpi8Ovs1rfSBguq5r/T8QFkDDgnGZf8azvp0tAlcSf21pnU3MKOZgm9jsBOmyg4jg8BjCUamh92REABYEQRCEPZC4cTfMt+XMOpXGHhGSE9x8yjh+giCYyPVBEAQbcm0QhI5B0ijg8PTu/nssSnwIE/XScaRwYZm3bYWahCMdtG0sN5SoSiJQrQJWVPBhWZ+1bZkui3IsS8VsGjca+lR3+NIAT/x98X049Q+QzcHVR3vi8MNv+3UU9OwKx/SDZ1eF7ITaUcqPuHa9T7g95ZfVRoTvPl1heH9Y+q9QeUVpGumQz7Oehvmv+HZ8Ed7NwwvLvXLKF221601rQ8B1KNaJ2i7Kt6Nzfn1zbGGjzrbt8IMZ8PZqSKVg0lnQeBh871L49UPwznvF4uHjzUwl7PjLzGPv1ntgRzO88AqsXkMJBV+1sW1LCnm2wUvvHXb/kz3gmCPgvodJfuDaXoAwzpWSVbr0/IrTvWs5dyLXG+3aGo1N5xzRQNy5Xss1KJy6uGAnFKVqipW2MXLNNPvhZUHZsn4Y6aFtfrUHZpvVROVWU9YUzE2hOEk09Z6ECMCCIAiCsAdS8xhLVBaCheqQKB5BEKKQ64MgCDbk2iAIey5x53YlAbhS/d2FsAhRSYgIygXf1f6GrRRdGFev6JdhpMafwa359Rxb16I2KaW8UVbDAmW4rDkeL5RFtdanoGudN714LWxqge3NcPXTnmCQ97fLyQNh9ECv3IH7wvEHwasfwNotkE5BYx84ug98ojMsXwd/fRve+tBrptdecOK/QdqBBcth2Kdg2fvwiU5wxuGQqYN++8EXh8CSd2HNBopRzeF+AS+shHuf8cXOkAiMCw394agB3vi7r6+GI/rDX1+F11fB3l3hyIEwdAB0ycAbq+H5JfD2e8VtVp+GoYOgcQj03BtWvgvP/h3e/GdxO9hoboGHnoKXl3rzf38NHvwF9O0F/z4c5jwMJzRCrx6w+HXYfz/o0hnue8hLwfyp3jDsMBg8wIvuXbQMnlsM2axnr+8BsH4D1NdBph6274B0Gv7t03DMUC/S+IMP4cVXPZE4ly/61nt/r8xnDvLE30VL4YVXYfNWGHWMFwEM8Jn+cOznPN83bLL3s0CUghu1qoL4G7e82jJR7ZbYiXMi5g2OthB7TcxUz55/peKvWdYsYxM3K10/48Zpr9b/pOvN8YqDZeH0zFE2bS8HmdvD1q5NOFdKkUqlPhb/R9sSEYAFQRAEYQ8lfOMTTK9cuTyyXOGb8huvqHnbjZMtYiXuQWaltjBvaI0yFevX0maF8tWsT9dlOtwNpiAIyRCRRxAEG3JtEIQ9i1p+n5jLPg7XhGrGVkwqQtiiZBOJMVHhtZEOJS9SbaRvHIlsxURYFozYIoHDQqpZHvgwC29uhP57w5cHekLnglXwxCpYs7lY7jdnFIXi0wbBkb3g6w/Bo8vhvCPg2i/Ap/fxRLeWPDyxAi79I7z5AQzsAVNPg2718PJqOPpTcN2f4JpR0K2TZ/OkIXDkp+DS38DvXyr3M+Dg3vDFQ4uRrPkcPLXEK3fSUPjuWV607D/Xwmf6woSfwrrN8I0vwfmjoOc+Xr0dzfC31+CK22DxG179S78CXzsdDvykJ8w2t3jrrrwVno1LMW3gOH4kMp6fPfaBq86Hzw+FJcs9QXflak8A/txh8L1LvPGE6+s9cfK9D2DOI/Dtn3tjCB/fCNOu9UTmRUs8Afjfj/HqHf4Zbwxf1/XE7Gn3wM//z2t70IHws2vh80dBF387r98E9zwAd82B3/wYOvvLJ3zJE6nPuxYW/t3er6rxD9KKkbjtgXHuJ45r0CVfNaefT9JMOOrXNj5tOJVxOM1zuHyk/SpSOFcjrLaG8DPCKJE7qY8BSTJOhFNph/vW0bLsiAAsCIIgCHsgUTd7FW+eEt6hJxlbuK0o+1Fs5Ewyfak18rm0CePBQ4I+Rb3dLmkcBUGwIWleBUGwIdcGQeiY7CkCcDW4rht5rUuSOjbakQqrq1Ry2+rXrS3jbNW2bampbUKvOSavZd2aHfDDRTBobzhob5h4CDQdDJub4c5/wK0vweYd8NvX4IgDvM9rH8Jf3oL3tnrtLn4f3t8KtzzjfX/nePjiQPjSITBlbbGjmTQM7gWzXoRFq+G3L8Nne0PjgbB8LTz+OvxzfbzfE0ZC0zHF+S3b4dMXUyLGduvsiaIz5sObazxh+NJTvcjmr06FD9bD9WfDFz4L3/oqnPdDaBgI37vAix7+5i/gqZfha2fAeafAL/4HGpos/viie6YemsbAsb6Ie84YL7VyEBkciK8AA/rBk3+DJ1/wfPzOxXDCMFi6Am6fDYcfDOecCpc0eemef/orY98rr41br4aD+sJt98JvHvLGCL7sq/CDK2HBi/DmO3Db9Z6o+8ob8LN7IZ+H6yZ5YvH6TTDnURje4EUHv7QUnl8M6zaUt1cpMjZM6TOb8nWVrmBJXvaIrW9GyVuWFVdU51uStm2X6Cj/g+teeGxam7BrRseGx7QN1zXTSNuIel7VFs/PbG3YlofHNK7VdvDMMSzqVhKtw+U74j22CMCCIAiCsAdiG/8j7maoUC+mnGnfZjN4aFnJF7NOnIBb5k8rXyOtxYfWIFE8giBEIdcHQRBsyLVBEDomlUTgqDK7C5V+90X1xZoC1CamVPgZGKRyNt4XDhUIGqYslNYmAtWSstYWPWjTzxIHJerAVYVGF6MagwK2yF/bvGWdduGpf8HQ38LZA+H0g+CzPaBXV/hWI6QVfP95uGg+fHu4JwA/thIm/6XYsZfXwLjfQtc0DNgXXl8HQ/aHz+xPSWSyUvClmfDUcq/un9+AK4/zBOAn34TL5oQ2lum3z44cbNlRnN+aLd8Gq9bB+FvhxTehzoFrvuKJsNMfghXveW3c95QnAA/+NAzsC//9FehUD39+CV563RNn//wiHHsEHDYQDhnoRe+WbEe/zc6d4Krziu0HAut3bof3P/SE2oDZf4KLbvDE2MMHw4kj4P11cOrXvLGCHcf7/Nc4OO0EmPl7Sg8UDaO/4EX3/uN1ePx5r/zTL8FJn/fGHj71eHh5GRx2sJfq+dLvw19f8vx98HHP3IbNMOk7MO0aTwCe83AxcrgEbXxHoct2Q+G4VQmlVR0xXU29snUJT+ColzGqSU2tVLVidelYtrZncFFZEUzxNC7lsa1+1LKwjfB9qFIqsk2zL4G4al7bk6R6rkT4WaMtnXQcZnkZA1gQBEEQhD0Cq6BpCrbmeouNEju2doz5uDE4bGN/JKHa20PTh/Z4w69SlHD4hnl3flAjCMKuQ64PgiDYkGuDIHRcqnlYvzuS1Ne4F4oL68rqlNvRxnqN8ZO3ilTQtaR4jooerFXQKtQpM6wLnYuMagx/m8u1MR2s07CxGaYvgV8uhaP2h7tOgCH7wXH94K5X4F9bDHu+COoouGgonHMo9O4GG3ZAJ19pSDl+Ob/NbA7++o7hn2068NOyE6Y/Dr953hOu0X4qaEOQ3bgNlr7rzSsHDvDTPk86BS44qWhr41YvXXWnDPTr6R07Jx4NIw8PNahh4xYvjXOZ0O7T3AJPvuiPnath7Xr487Pw6F8pY8ELnvgLcPCnve/X3oJNW71p1/UidgG6dYVP7GMYUDD4IG/yM/3h3qmlx/rGzV69nvt5gvaOZli8rNiX9ZXG962F8EsU5QctoNEWGbg1UfXVRvDH2tpJdUwCATLqGZJJpeVJBN84kdnEfG4X1I97ZmiLxg0Lv7VmtKgms0S126+jIAIw8PMp39vVLgiCIAhCm2Le4HX0G55diTzEFQQhCrk+CIJgQ64NgiDIg+xSgp+2sRHAsQaSL95VolCssBuaj4pYLBsLOKzHWSKFHQXH94G12+Af66BFw/Nr4P1tngDcKQ3pVKldJxB1HS8i+IdfhPe3wLV/gcVr4D8Ph8mfL/c/m4N8INQaOmHBZrDMpbwvwJpNsOTdogBcMs5xKDLa9e1rBe9+5C3/3z/Dr5+iEPndozus/gDeWAXL/wVHfwaeWgw//o2XLhoNXTOQzcLLb1K+0f357TvgBzPg769767Zvg2yzbed4gnPA6+94YvCgA2H/T3jibKYejhjsrd+yzRdsjW3w5jve94pV8K2fwtoNXlv77e2Vf/d9z+b2LHTOwFGfhScXenV69fDsrVlbarPN3pVXqmyMatt7B7XSmpHGTGm6Lc5X037ZTGy2grb2oO2xRQMHBMsCYTccmRvUDVI9t2V2PaE2OlbCa0EQBEHoQJhv4AmCIAiCIAiCIAi7HlvUVNTvtz35d13SfilfEAwifMuifMPKU4S5QjFNmVBVLeH61doJ96HwCRcIK2aGca1VcVGUYBx8wlG4Tvm6o/eHu4+DhV+GO4+Hiw6FWSfCF3p7Pr2xATY0e+WbXW/ZVw6GUwbCwP1gwH7Qtc5bvz4Ln+gC5xxm6Yfpmy8qN+c9m2ccBmc0wGf7GL4G/ocJ98MUjoPN4q9rceEPC71I2PNHweEHQV7DF4+A31wDzTnYvB3u+KMnGg8bAiMbYFsWDh8AU77m+bhpa3SbGm/9hs3eJ9sS0XeDpcvh8YWeKDt/Blz6VfjljXD2KV4k8INPwEe+uFvsGDzwOLzzrpe6+f+d4onIvXrAjZfB0YfCW6vhmUWw/B0vGviOb8N/nQUXnQUv/BZuuhy67+Vt9+1Z7/uCsfAfx5amq64FbZ6HRberthN5fkS94BBapC3T4flq/NGWj9V4GOOYDK5Vpef97i0Ah9M628YmDq7ZQbrn8Bi/+Xy+8Nnd+9lRkAhgQRAEQegABDdkeXPsjtA6ABeNQwal86Bz4KRxVbiMxnEUGhdXe7YcUoX6we1dCkVKK5SGfA50SkFKoZUirTWudtGeFeqUcTtSeLtb4wB5pUuHK1LKe2lZu56/KgXUFfvkapTrknLSuCnI6TwlvxwtN7CZdBpa6mhxXFydBfNBhC3VjWU+/CZk3BuTgiAIINcHQRDsyLVBEDoucu4np0w0NUSZ1maKrVm6iBCirRlybY2Vib7lnmiLfVubJSKZMQ7w2iw89wEc/0m4cDDgR5+2uF4k8N1LfQEY+NsaeHcL9O0Gs0+DK/8CD74Jf/8ADu0JDzXBthYvmrjgRygyt6R936fn/wlvfQQH7ge/Pg9ufBheedfua8GmKrdT1u/Q9EOL4Od/gv88Hm77mt+/HKxc44m8r7wFf10CV06H//4yXNME142HXN6LED58IDz3CuVjK2PMm9u4Qmh5Swtc/VOYmoJjGrzxePOuNybwHx+Hn9nG5MUTfC+4Hn70DTjjBBg32hOMP9wAnzsM6uq86OELb/DE3yMGw/QbvLofbfQiltNpz86zL8P407wxjv/vR954wW+ttmxzTaKTKO7KVXLo24TbSlGzEW9bhE+NqAjfQHitlD2g7NRJEMlbibD4+3ElSZpqM91zuE57DMcmVIcIwIIgCIKwBxI1plIlHOWg2ULOTaNVCkfl0DoPrkYpB0dr8nmFdlIoHK98yf2cRimNi0I7CoUi7ebRyk/VhCcyKxRpUiiVxqWl1E9Xo5XXhlaKlKtxSn7JK1xSOKRI+WmGXPKh1QpSkCOLk1OkdYoc20v7GboJdXDYoR2257bROa1wVZ60U4ejimXcCje9wfjKwVuOjuPIja4gCIIgCIIgdHDaUtDdk8Vhs29lmlMFQc0zYk8Ta62aQBBKTJTgW77IjkVcC88qpXC1Tu6TTXS1zK/cDJc8C8P3h8P3g092hmwe3lgPC96FZR8WbT3zL/j6X+DoA7x0zs+9Bx9sg68+CCcdCPt2gpUfwVsb4NAe8No6r+6K9XDNY17Qb4l4C7y6Br52Pwz3x8N99HWsQu6lv/Y2yII3jEjQ4OPC/Fe98X/Xb4FcaEzg9Vvh+3Ph6aXw2U9Dl3p4fz08vwwWhVI73/EgLF4ORx8Mn9gL1m2EF5bBwiXlfgM8+wp8YxroPKz6IOS3sdPXbYBbfwX3PQQvvlq6mxYvga99F0YeCZ/uA1u3wcvLvMjgXM7cqUWeegEu+JYnHPft5Qm+S1fAEws9YRngtRXQ9A344nAY+GnveP/H6/D0i35kMTD/Wfj69+Czg2DrdnjhVaIP2KQHXzhSPzCX+ESooh3DbKXI3iSXzrJrjq1OTF/CaerLrkPG/MflWh71PDFI6xxO9eyGgk3C/QsHRgi7BqV301jslStX0r9//13thiAIgiBY2Z3/T7333nvsu+++1nVLlrxSMh+OAFZKodwUeZrZnmtmY/7v1O21HielyOfzpNMplFNHXinqHJfuribjuuTJlRhMOVDnKupdRR2QQUPeRedccF3yKQdyCtXsoHIO0FL6O88BcuDu0OhmcHRpFIxW2vO7xYEWhc57orLXvEKh0SqPqxzSW7rifqDJhKKUFeaNrGIbOeqVYrubwhn5OeoHDcTplCmWsAm+IbTWuPk8uVyOXC5XYn+vbntTV1dHm7M5w5V3pHhtSI7fjWmmU9u30O68/9fO9F+gefzaHTTuamfaC7eOO39ex8+653l8QpYDKpX/MEPTnSkY2cLsz7dUKi18jNFak8vl2vT6sPnxGznxuteYMP1u/uuwTOUKAS/fyqET3uJ7j07jyxUP0vbmH0xtOJ9f/efdvPrfh1UuvivY8DjfPuN6ljXdwf/912F4W9rze+V3H+WO0z+xix0UPs60x7VhV2G7Jq174HKOu+Eg/m/xFTT45WzL9hS8vlFyfa35Wi10KOIelq9fv57evXvXbNsaUeovC3+HI7lsEV7BfPDdvXv3mn0yWbndj1kKKzxR/aH2KN8oe1WVDwk/ZTYsInXZ8goCsOsG2xvcPOTzLrm8JtfiMvKFmGtIOG+tSzEy1VyuvQixeuVFk+7IRdep81/szuWL6xw8gbclb5S3TVt8qPP735KzlLP5HNWfqLb9+ZTj+ZrLecKtrayfuIxcztvWhXbA7ldcfwl9x6GgLu1t+7z/Xvs+3T1h9rpJMOoYL/XzxOu8SN/geFHKi/jNB/VsB65vu7B9LdSlvapW0TnJieUf0w/9LktdRpFOO6QcRSqtcBQoJ0hhX161teP6tgU1vewRmrUKvhVo6LqjqvI2QTW8PJ1Ol60z69ciAdrqBGP+mmmfK9mvVQAO202lUjiOQz6fLxGca2ljy5YtJX0Jp7M2+2gOw2B+1+qDjU2bNgGwePHiVtkBaGjw7qolAlgQBEEQOhBlN2Ulv1I1eZrZsnU9a9d/xEd1C+na+S0ynepo1grHSZOu74RSLvuoZhw3h9Y5UuEU0toTY1NpyGuHZlJ0yjWzd1bj5FyaHU2dC9p1ad6Yo1PLXii9A1TIr1QKvaEFNuRQLS44Ke8hg6u9qNy8A1lgO+is/3ppuuhDMCqS1gqaU+Q/Uqi3M6iWFMpNgZPCxUHnXNyUZmu+hb3cNKs7Z9j/gnNIDxxAl549SaWquU3yfpRv27adjRvMwXqqweH91+v41bMpHlkLC/0fYQd31Rx3sMtlX2jmwK6+7Wao7meDjTrm3FnHhA9Llx7YWfOfR+e56Jhm9u4wgcxVbPtqyCmybeuo0JF4/wG+dtKNPF2yMEOPg0dwynlf57KTDyT82C+b3bxz/dvVvHwrh06IyJE34nqevP10elRrc/PrPDRrFvc/9lf+9vaWwuJuJ0/hwR+c4NnLNrOpRpcFoc3Z/DZPPzyHuXP/wtOvf0gWyBxwMF8YPZ6LJoxm8D5mhQ/53cUnMf/E8MsK3rJvP1NaMrBz2UWj6d+letd22TWpcG04gSlPTuE/yraBwdK7Gd30C1bz1Z0iQne4a7UQi0RFVaCC8JugWGmdiMjfqkXfCNuJKqpSG0onab8GiTssNjsR1f3I1pz2Rd2wmm6JfG3R5etc7X3KxuO1RSIHfoQE05awyGqWg3IRNcK3knnLurzrjQEc6Rve+nw4vXS4T+HoT1vqaVv74X5E7T5djNwNOPggmD0V+hwAzS2wbAVs2FIsD97x1twcYTOEads8lEqE4VrepPC3iw6mtbFKF6erNRu4VEt90w5En//WBm1YxN4k531bidW7E0EUcCCW5vP5knUQL5QKOw8RgAVBEAShA2G+JZfP56mrq0MpRba5mS1bNrNx4zq2tTST2ytPHoVLHTm89NApB9JaU5+HtNKgQIUGwUnhp1RWeZrRaDfHPkqxvjN0zabo3Ky9121Vis5d02Q3NlOPKkm3rFtANzuovDeYjtYKSJHSDm6zi27WqBaF46ZQqRTglgrIRUvoTJ5UT4UiB6+nIdUJt24bbjZPi+OwWUF2R57tXxxOr0u/SvqTfVH1nVGht/2S4P2Q8G58vd8/xV9Oicfxy9Zx5/+m+e918Jl9NKcP1lwxQLN+hcPf31bcuSjFmr3S/PoL/i+0Hs3c8T9B5cB+ioWP1vHDnMvvT0nwazCo2k3z6y+67A1sfN/h+eWK6QvSTH/d4YnzsxzYTiKw/3PA20ZtYrGG/kP1274aMi1cfkULlwPJcl+FXmaQH0p7PBWvD/6qweNv4psjegDNrH79BRb+5ff86prH+evbM/nt1w8riMA9/2Mqz/9HTY4Uvnf9YedfD5JcO/31//6N6TQNNNZ17U33aq8t7/2BSWNv5On6wzjl1Il878rP0On9F1jxz/dYuK65eK3qdTLTnjrZ7jcydqvQepLeO2SX/pLzL/gFi7ftRcOpX+KypqMZwEpeXvICc397HV/57SzO+/HP+eaIcFR68al1sQ3/e8h4plw2gh5A8/uv8fyLjzP3V9dx2oK3uPe+r9NQZbCq7Zpk+9/f5vcDSgEZMl0eZ/b89zhlXJ+Ywlv486xfsrqtfQhcCfkUbO6ar9WCIADViSllZVWV9Q3BqKxuLcqOJYqwmkqGxlaZ4KepbVxdm6gJFcXUwrx5wYyyEV5nazMQSl1LuSqF3qrX2baNTQS39bua9m1ECK7r1sPDT0OvHvDqm3DbvcXo4Lh6ZbarJWyzXf4ZVu9GVGr3RHVNNyqIu1Z7rVRvo6rXGpW7M4iK/DUjYYPljuNYx/8N1gu7FhGABUEQBKEDk0qlyOfzNDc3s23bNlpaWkgF4qcGV9eRpx5X5bzUNkqT0pqMdkkrl5xyQRfTK2ulaSbPVhT1GvZ2XXAUzY7CdTQtaUWmGerdPKqT46Ve2lr6K1zvyEPWRbmeHxoXWkBngR1pnJz3irRWqiD8Rt5SatBpjT6gBTenyL7XAtk026lje98+qBFHsd8px5Pp9ylS9Z1wlYPjQjvpndFk6/nR7Sm+26L5xTktnHdg6NfdIQCK77xdz28+qmRI8fbbikd7Vtl+RjPskGYvPfEhcPoJioueznD8AodfLXG44bNJclftDtTQ/zbb9oLQfvQY+Dkah3sCTuPwEYw972uM/fFXOP/OGfx53M84peow1z2LvoceTeMRrbWyhT//7EaePmA8986+goZCtOPRrTUsCO3De3/g8gt+wbKDv869P7+Ahm7BihF84YzxXHb1u8y9uolvf/0iMrPu5bIkqYb3PZDG4Uf7kfNHe3ZOu5XTLvwl0x87i+mnfpzSm2fpf+DBLJ75CMvGXsDgVESxfz7EzId78IURe/H0MxFlBEHY6ewyWUQX07qGfVHWmYqmCoT1ulqCLEttehJwIhu2iNxAaDXXVyNm2kRjc9uE503RN0qQrhRBXMk30665ztwRYX/Mdbb2K4nlUb7FRP+W+ODz1mqY/GMvPfNHGw3xF5IfQLUeaOZBGnfQ2raJxYVaZcDWaqTVnm/hlz7aMkV1a877XY1N+AXK0jMDZWMCB5HCwq6jwyT1EwRBEISOROTbecbHdV2am5tpbm72xu7Qef/HhcZV4PolFQo/4JcMLvW4aO2NGexqF+VqXA07lGKjgpx22UcrOjsOGkUacFOKLZ0U6/dKsaVTipY01O+Vwq3L4aaUl26JPLQoyINGgVa4OxxatmhyOwBXhdIxObikyJMmp1PkXE1Lrpnm5izbsjm251w2ZVv4cNM2Pti0iTU9HNY39Gb95w8n9a3J9Pzxdzjg0gupG3AwqfouKOWQVgrVirujwnhYEW8/2nH4+6MpvpvVzDw/WypAFi2z94FZLhpaQwRqTWgOHOFyHvDIP6OemO4J7I7bXhCSkKHxiycAz7B01a72ZU9hJS8/DBx7Qkj8FYTdlS386ac38vQ+47njF2HxN0SqD2N/+P9x2UFvcefUB/wI1+rJfO4E/h14evm7rfB319D4pTNoeO8XTH9sS2SZZQ//H4sP+yrH9n99J3omCNUR9dtudyP575/yOlHRYzX7QrSWV4sxrUNikKa0gYT+2KaT1tOmMuqv6GTNhGUQ3gDmAwHHsswUYc2yNjvVfJyI6WrWxX0IfYennZCdKFvt4Vt4XUJcFzZshrUfWcTfpFQSnZNSQeAFyNRbjIbPkQptamo6rcrqmXW1rmAvdG6HLz1lthLuv7g+lPuWvKe2MdmD8dfDtqKuodVeV6PGwg3aNMeDD48Fr5QilUqRTqcLdW3XeZuvSdYH/lXaVjYfd9eI6/ZGBGBBEARB6ABEPSwI37xB8B6xl39JKz/Kk0AteAAAIABJREFU1n8NWqFIachoTZ3SaBwcncZRDs3AFu2yVXvj9HZzobMGp/DDR+GgSOGZ316fYlMXh01dFS371oF2cUijnTr09hacnIPeoWhe78I6h7qt9Tj5Olq0ZpvWbM257NixhZZtH9K8dS0btnzIPzdu4vUted5wu/BuzwG8P+SLbD35ctITf0qXG+bS84Zf0/vbv6D39Tex90nH0enTn8JJpUk5Dk6qeGPrVJn+uZwqf7ZsTnPnK3DSUXnO6lnNDWk9P/p+Z85+2kvo8v7Tnejy/TomrAOWpejy/c50+X5nflTr80wHOgFr8qFtkUvz5MOdOPsnnQv2j7+zE3cuiUgqs7WOB37Xif+Y6pf/QWe+dE89b8e1uzbDhB905qA7Mvw9PHhu1rN1/I88W0N+0okf/a2uMA5yTf2vcdt7bXViYdmaNPfd2Zkuv/v/2Tv3OCmqM+9/T1VfZoaZ4SqoIBFRuRkuGkQTRERCNC5Rg4aIYQMbdyXJLq5uvORNYlyiGwl5l+guRt5cJDHR6IbVvCZiDBIvZBV94wV3RRJFkgCKDij3me6uOu8f3VV9+vSp7uqeYQDnfP2M3V117qeqqKrfeZ4nVWUbgMP2l9NcvayRYYWxmf+fKTZHPeD7CdatauDiwlgOW9LA1atS7DpSjLMtXU8WYARD1NiWL3yHMeMWsnK7ltbby4ZV3+GqT83g1HGnMWbchzl73lf51Z/Li217+gdcddHZjBl3GqfOmM/ND75RHsd6z0Z+tfRaLpnxYcaMO40xZ1/CVcufo63k+N3Byi+cxpil6+l47UFunpsvc8kLajGrWHL1JZwx7jTGjDuby796Py/uOVRRs/szZCzw/Ku8XvVF23qWjDuNBQ/uiNjfwbpbP8yYMxezztCdjqcXc+q4T7D8FWXba6Vj8Ymrv8OvXtMyB/O7bQfrli/k7DNPY8wXHqRN3be9g9cfXMzlMz6cn+eFd/PinnybittP44y5i1mplw8x51bp//bnWB60+8wZXH7LKrbU+6LSEp8/P8w9j8L4+ZcyqdKCBXcEc66cBusf5Kk3go39mXXH77nzopjWvF7+OBl1dKnKXNMxq1+TKvHn+7l83Gl87Aemf8AL59b5P2BDnOPspI8zZwasvudhswD+3iruvGMr0+d8PNpCeP8b/GrptXzi7NPy585F17JkleG66O1g3YqvhufYqTMWsuSJreF9SgkR49L29N1ctyAY0w9z9ryI89TyvkYXew9nwVenWlvjvIivp79VRSDDtkpl5NtqsP6LEMJM9ddioFmxvYGAJTWLXyFAwEm9YtYUR+jEsE3dR4W8JmG1s/vQ9un9MImwpr84Am1n2l1tXPR2m4hSDOOeDjFE2prQVyxUOagHDiwkKPRRAtIgyHfmXNGboxQbSaXLiUkcLlvkYai0pN2i9n5I8tayqqhaSeysh6i81UTQSv/+qKKqqUy9H3H/LTP1P86/Jaa263lNZfZEIdi6gAb+4bobD3UTLBaLxdIJ/u1biw51E44Yom7WQiG4Sn5XSpJIHOEhhMDzXTqQHHAgK/NWwq2+zwBccHIkhcCTxRswQT5isHQg44j8HXYfFy9zgNQuj8y7Pol9Luz1ye7zkB2CbCKHn0jiizS+aMJLpjiQ7IXfOpDUgMGk+gykod8xHDtoKKkBxyCbWvHdNBKJlDmQkPRdcMAT+T4nAjNfX+KKfMu67GFJo9qLm/Y3HFYA3x2Tq/mFR77p+fL7jPRZ1V/w+GqHxa0+q07Pz+bRgyvF9FTi7+kx714TPAhcfKyfb1dHksV3uNx0AOZN8Fk1VEJGsG6dw9UPJnnmXcEKNUbu2ynmfd/hPkdy00c8ru9HPv1zgt2FuophRwt1v5fkprsdHm+U3Pe5DOPThQQdSRYvc7kJydJpHjf1gl2bHG74TYJH2uDxC3J19b/esS9rd8R4Vtq2+akUU58QjBrsc9s5kt4IXn3W5eM/hd7A8epx4ye474cJ5r0juf4sj3/sB+1vOdy2zmX8O2le+myG3rFbbzmcqB4DOCIerreVlT+9H8b+I1NOUI7DwvVMqLF8va2svOYSvvZ4kknzruG2awaTpoMtT9/P1l2FdAIgw6Z7ruL2jeO4/ob/zeW08cydi1j+9csRRz3OVycH7mN3sPKGOdz8zvlcdc3tXNcH2p5fxlfvWMDfeCv4+ReDmMSFsrfdzy3LxzLnu0/yNUU/6nhhKZd/9m7ePnMu191+A0PSHWx5+m4WzG1jIMV+VB5AZZw6fQ0fwqx/msu9n13MpZdt4+Zv/S0XDGuuWHHp/KnbGjjjwisYcu8yVv+/qzljsup6t4Nnf3s/HWOv56/G5Oeu44WlXPrZu2Ha1dy4fCQDaOPFFd/kullr2fofK7lyhFpFhnW3f4VXz/8XnnxGEfDCOfwq/7lnIgsW3Q5/XsVtS7/D5Te0cteMNSx8cAQ3Lrqdqzo28culi7lx7h76PHIL08NFBPHnFiDz2t18/o5XmXDNDdw+u5B2+Vf5ROIonrlhIjWGi7UoVLs27Nm4nheZyDfOGlL12G8dP5lJLOLJ/9nJnBOiRN/gHCqPgbvllz/hXsZy7eQTwrpqO2ZLr0nqCzr930chBOIDF3D5jMVc+/Pf8eoVIxlV0vH/YuW9HYz/yvmMTlS6dgafLXz08rkM+exPeHjDbK4cXZpsy6P3s7ppNned24J4tdiWsOT96/nWnHmsYBrXfXk5o/pA2/rvs+iGS3jqzXt56HOFjgbX2WeP54IFN3LViAHw3qv8fNkcvpDpDQwrvS6brtUvLOXsBQ8wad41LJk3mHR4nm6j8Re3c8Gg6O5aLIcT+kv4ai/a9WtdnHtyVfypyVowStCNXYD22Ul0fanSfoRASFnW5o/09nh5bw32XUF+afiuujn2td8HIw6vXn+c34Jyl85BWaY+qfVUa5uI+B61L5ggdZyi6tfbHZdaVMXuRDv5Ro2UOCVxYbX0siAI14lJ8K1HODYWGFWQoQ9lZdY57mrcXNWK1+Qu2RQruJb4wVEWwbVce6uJprrwG5Sv/nsQbNPL0tui56nWNr0PanlRY9rTsAKwxWKxWCw9iEqrCoXIC7j5FcYgyQEe4OdXNgpJUmRJSQ9wyErJAeFzAPBwcIWgSfq0eB4pBF54My2QPvly8PHcvKtlJ+shc7BXenSkM7i5Rhp29UfIRvy+rXBcf2hoJdk8ELf1KBKt/Ui09CXV0o9ES29INyBFfmmti8DHxyN/c5corMH0hYsU5GP7IkkikIBfcKLlCqeg/XbdDWF+TOPfZO7anR/w42uN26vRMDDL1IEJtj/lQKtk6phsfQXlHDa/nmDxAw4vNfosPy0/3+t+6XLTAcmKKzLMHlg8bqZOcJi6MsXUJ1wuHp/jwhbAT3Db3Q73pSWP/30HkxQVYGpUnM6OJIt/4LIYyeNfUPMU6vYljy9Uto8RjGtNMeopl0em5jivjv531djXTFuSG54QHD/K44FZWRoKm6eOcTjzoRRnvATHK8m3/85l3nbJir9Txn4MTD06zdQHHFZsgqtO6OY+WLqVd/74LOueHgB0sGXj7/jNTx9kXZ9Pced3ZzOkSt4NKxbytcePZd6P7uG6CcWTcdKZk7WUz3Hv5ht56I6LGFKwhJs0roU90xZyz0O/46rJ0wj0295n385vLpnMgMBi7szltGw/kwXLH+PFBWOZpFrSPdrBGU/OZpRqPNixntu+fDdbpt7IQ0uV+s6czNmjvsJHr3+DWljx2VNZoW2b96Pnua7GuMDpCVdzz08GsPDvl3LthfezeOoV3Hz1bKZECsEVGD2ZWccu4zZt7NjzOx66D6Ysmp6fu8JYdMxdzkPXFkXTSaePZcA/zORrP1zDnMVKfp7jpRPu5dGpJiHvOe49cDvPfH1yvpwzJzI63caUGxcxf+tc7rn3iwX31hOZNHAv6z69jF8/+2Wmzyj2r5a5XbfyDb7xn8uZdayS9r2pLLjnQZ764kSmm9wSW7qEjv17gJEMiSMK9h/AcIhnmb3zDdY9/RwDgI7tr/Lkmh+z8tkBXHbHvzNnaFB5rcdsrTQzfdZs0o8+yJOvfI5Rimi7Z+3D/IppLPnY4NilpSd8inlj72bJA2uZN3pycWFCx3ruuWs94xd+nUlpeLEsZwcv3vkVVnTM5a7/vLpoaX3mRMYNWMiMf/4xqz91C9NboO2hxYXr7ArlOjuRSTNOZ/knL+M2hlVvqDuSr678DXNOUvIPzvDKrKX8fO1WLpgVv88Wy+GAKgDEFYFrETWgizWvWgsrPOrVKwDFziYg8PIceucqrF0WQvCx/h4/3JYgE0ddU0XSKLGzlli3lfbVEj9YF2+D9E7E9oPRNt3a1hQ7OKr9cdum95eI352hlnLqqVcXvwHXlZw63if/akUR8sIDtcY6NKotlKiUSWIQo6MK1zYJSs/vqOmrsUlA3hNfIAK7rlsSNzfYF3cRDcQXSGvNb3p/aBJ4dRfUgbitW//qYne1+uP0q5rFr74vGPeehBWALRaLxWLpQZQtetZWaDu+g49HFped8mSypEnxLo6XBTeJK3M4UtKOQ7vj593fSRchIS0kLY6kmbyo6uLiSYn0MyQSKXyZIJeV+Jk97MkI2jNp2vcLejeNJtV3Ir2GjCP9oT44iUZEqgEn1QjJFIlkEtepHofWxUFPFf4W4f/ywm9w+34wFgLG9Uek0Vh2V5Zk8c0uN6mbBvhsXpChy41A2hyOv7mhZNPxA3yemZtlnANkXB7YAOPG+SXibx6fSWf7XLjB4YH1Lhd+xIM/uiw9ALd+OlMi/kbSkWDFj/MWvo8v0PIU6p56uqeVJTl+lOTCpxxe2gLnjaBuunvsN/+P4BdIfjajKP7m8Rk3yefCl9QHkgSrnhdwoseF2tg3jPI57wGXp7cmuOoEG6P4/cyGu7/C/LuDX/0Zf81ynpk7lnS1S6O3noe+9wZDvnhvifgbxWWfKYqxADRNZMpMuGfrbjqgIOj0Z/psXTxOM/rUyfDgG2xpg0nqiXL6ZMb10ZK/9Bgrtg3mqn/V6gMGzLiIy65fVSboVmL6tcu5/EStnBh6i4mWsXO567cXs+HR7/Gtby5jwYXfZ9TcJSy/RhFFYzGCC+aP5bZbHubJL0/jgsIYhAJWQcDteG4VK7aN4KuXaBaz7mAmnTsR/vklXl88jfHKrukToi94l310ckk5A8Z9hFGshdkXlcY2HjGW6cDqv2wFgvJqnNtZc4vibyHthInT4L42du2BTiiAlkPFK3dz7ZXhxYYBE67mrjVzS46deo7ZWkmffj6XNd3Hyqc2cuXo4PjcwaMPrSE9Z7litR6Hwcy8fBo3X/99Vs6dHArZe9b8mBXbprHk4xEXi47n+OWKrYy64aIyN9tDzpzGJBbx/Gu3MH3CVp745VqYcQuf16+z7ggu+OuJ3PbPMZo59nzm6NtOGsckYMWfdgBWALb0bKpKIBHWvTJqf4zCTUXGKo/yR8LO6XtF89G8nhaowpLWJJzb12PVTpdYD6C6mKp/r2VfJStZ3RrXIb+2XBUETW0xlRXXgjfuPrXMuNbFprZ1lVV0pYNFFcfrOYgqHYDVyjPl1cVwJCNHSE460Q/zCCEom8Aqh2ZnrPoDnS/Kwj/uOWsqu+R3bdkrpvd9Pww9pgqSXemauLOWr5XcSFezUlaFYjWNLh6brIGDtF2B3gbHcbog5NuRhxWALRaLxWLpweguoD0kji/J4fKOGMWfxRlsFzvoL9ZzlPwjws/QISGHJCcFQjg4UuAK6C19+voSv7DiL+9Cz8HPNbE3s4t2L0dOpmnf1Qc3OZJBx57LwEHjcVLHAElA4uVyuK4PQpDDwUcUbHXfxxS0vs1tMGmgusPnwothEgAF18YHqw0tkp9N90M3wn2P8hg3UHkq3S3YDEwdGmE+NEAyAfhuW/7JfvvbsB3JuKHxHmC+++ME970n+dlnM0zS41gV6n782QSNz0bcur6dgBF1CKCHaOy3twlo8RlnEkfKFqMKtu8B9rj0vTlCfXr7fX6OWJiy6Df5eJ3eXl5c8ffM/9e/5+ahD/ONaVUsU9s2sWk/TBlzfOV0AExkeJk5cZrWRmDtG2wBBgSbvb28/uxqnnr+Df5n/bNs2tnGpo07AF08BEYMLrNSbtv2BjCZUcMNzXBrdxw85JSJTKrR2rcibjOjzr+au2b8LRt+fhPzblnIR9u+zZM1WjUOmXoRU25ZxK+f3ssF5zdjErD2tG0FNnLzhadys7GUNK9vh/Gh8Gqap4DJDP+AtqkpzVEATa1aH/PjvGWXFl+0hrmdclK564GWowYAq3h9O3Bs2W5LV+ECvMqW7TCp2jjvaON1YEBTjHNr8o08ecdFDAD2vPADrvz8Uq68dTCrFxWP/dqP2TpwxzJz/mBW3PUwL14xgvEu8OfVrFyb5rIf1e5evGXaXzPv2HmsWLWROVeOALby0E+riMnvtbEF2HDrLEbfak6S/tMOmLCD15+FUTeMNF4fGmq4pnVs28jqp1bz2mtv8OTLW8ls28jrsXNbLIce/eW9yW1p8Gl60R9Yh0EVscW04FaU7w5/BHqUXmitghClglOsPDKGFWJEPiDviQsl/m+hL6IgtDlC8vEBHv+93+Uv7WXqXDSC+oVe3aIVygVffW6kIV+9FsRx9qmiqW5hbBJ3u6NtpjFRqWWRQldaDUeVFVW+sr2pl2D6tByDBgbvgIIyKx0QpaKsen7E7VJwfkSKv3phEadFZ4dQ72XVREFzCg33PK/E4jeRSJS8o9PdKqt568HkajlspkGIrVSfyXVzlGgc9BEosb5V+2nqa7U2xLH+1UX2oD09CSsAWywWi8XSgwlutMI/PITvImQGX/h4IscO9xjeSRzFO854su5/M9R/hQZvL/gCIXwECVJIeiFI+T7tuBw44JNpz+HlwEkcg3RG09hrFI0tx9M6cjzJVF8kCfJPRbnCn4OTLDhqlpIkHlIEsVmPHBct4TNmzNWbg46RjMPh8c0usweqAqvHyDEeIwEouDY+WKQlZ4zJdrllcbllrZkJx0oe3y54/E8uFw40C7nzTvOYPdS4i75H1XcDf0jHPllb8kkn+9w0JuKY6tOzHmB6NG4z4z/37yz5w0dZ+L++ydkl8VujSaXiCBBpytwomNi2ioWf/gqrGcb0j01j+LS/5pKhA9jz/PdZuNzU5qi6U6QP96dRt5lRs7/NysRCZvzzUu75m2nF2KZxGDSdmTMWce1jT7Hn/PNp+fNqVq4dzIKf6QLWNK67YzajjOOfZnCf0t+x5qkeap1byyFjwMnjGMIynnhpL7OOrbwQZM9La1nHZL4xrjZX5i0TPsfyRZuY8qWvsGjyb1gyQ81fyzFbH6PO/wzjl32HXz77Bcafmeb1tQ/y4rFX8LWxdRSWHsuc+WNZsfRB1s27nvHP/4Ql64ex4GvVxeTp19zO5SPMqdIfKI5JazpVR8MCOnhx2TzmL99My4Rp/NXp45izYDZDem/il59dzMpOlGyxHAqihAqT+BAlOtRcZ1BunWnj1lxJe4nSoFSRSuiVGsorE7ADC0qZ31CM2Z4XYE5qkswakGX5tiQHan0sMAmd+gCZBspg5FlWjul3Z6x0ifgdZc0blKmKz3pb67EurpQvSvcM2iApFZrrte6NSq+XpYvdsQ/0eGlnnJvlI2fmQnFNCFE4XMutfiObbDo/KpzQkZeJSm3uOsPasuLqMsw2xKhVLYLVNMb6a3ALXUn01cuqVG7UNTuuMK27jza1s5LVcZBG/YsTXkAdU73NPYXD/ZHbYrFYLBZLF2KK4VHiEkU6eI7E8x0kAikFTi6J47fjOzneYjAdIsmQ5Eb6+NuRXgNp6dE755HLZtnaniErG2lMj6a5dTxNvYaTbBpCuvEYkqlGpMjiiF7azWGUEuaa7vePCGpYew0n+Czo4/D5pxLMG6e7OT5MaJUcDzz+ZxfGGd4qtAleAC4+Nr+voQFA8MxmmBQjNu0ZF2S5rz3F1F8nOLpJcv0YRYxthGOAV13J1DFd7Oa4k2P/1k6gn7LBF2zeCVSJKdzQAOwUbM7A8fr74g7YBaE1Nkga0rDOz4v0DVgszUy/5kamPPEVvvW9izjr2goCRlMrLcDqlzdy3emd8JOu8OLPFrG6SYuJCWzZ9v3YZaSbWoBnef3PMEn3vtqxm0yXtLTrGDLxI4xnLbv215qzmekXzYYvrOLR7eczfu2DvDj2M3xLiWmaH4tNpAZPLB+LbqYr5tbSTYw4j3ljl3Hzbd9j3dlXl7koDvE2cs+da2DGLcyoY5VXy4xruHnqGq791+9xyeR8Pd12zA69gMtnLOarT6zn2tNbWf3jjYyf/+0I0bk6Qz42m+m3fIWfrvkUbY/dR8eMW5hT6bJYuH5uSg1m0pmVOpqm97Gw7tU36GBw2fV41/53qHpjsH0Vdy7fyKSvP8SdaqxfD56onNNiOWKoJjwYMYhAgUgkJaXKi+nhS2qfXUycYtVum/SRMve0xjQyjGgkCnGAAwtgISDpwnn9PXISlm1NxvegZTJd1C2D9TbVI/pWSquLp6oIbbI01ssyCZy6OK2n6yrr4qg2qO0UFOMZ+9p2NX9nCfpeSVCupR71eDTlE5JP/FWWv77cI5UW+fi/TiD+oo2/iK66yvkRNifi/Ait8tU2V6CWhSI1YzouCpWpFsvBd91Nsh77N4ij21ViZWfEX3V/lNWtvq+S5bDJNbS+r5oYbNpvWnRkGsee5gL6yDGnsVgsFovF0ml0i99qeCKJkAlSci8JsQvfTfBWcigbvQ/zVsdI9uzfx/533mPPDkEm+xH6DlzEBz94Pyd/8FaOPXE+LcdOp7HvSSQamhDCRXhWvionx7yP+0w6IJj9gxQv7euCm9Gdgu2dL6VIyuO8k+Gllx3uK3M37LDuCYdfOJKPjcwLt73H+lzlwNLHUmyOtQrdZ9LFOX52DNz0QJLFG5Vb1F4eU4+Bx19yWdcRXUIJsftf39j3bgUQPP2X0lvp9pcdvhujv+NOlAxCcOfT2lpM3+WRpxweL9noMXUk8JrDL6yrZ0vAoPO5duFYttx9K3eur3BitHyEmbPTbPneMlZu64qKd7B1cwcMGcZgVXDy3uDJB56LXUrLuIlMYSMrfv4ceutfv//73NMVTa2Z9dzzg/XsMXi63/Lc73iRsQzpX3up6YnTmNO0lt88vYbVP97IlEuml7jEbjl9MtMjxqJ76Zq5tXQXg5l13ecYvu1uFtxwHxv2GJLs2cg91/8tt22fzDeuOb/OkMz9ueDqf2T8tru5+a71+Vjg3XbMNjPl3Gl03LOGdU8/zJ3bpnH5xzoRB7fP+Xz+i4NZfeeXuPPRNHNmVXHp3nI6U2fAhh8/yLqKiz9GMGlGGu67n1/q19k9a7n39o3V27Z9K+uAE44r7V/H02u4t3pui+WwwvScWasFVigGUBR4gr+8S2RKLT0V8UuqGfW2aZtldFJjPqn9jovaVbUv0iTAqiJegZKYqoHw6+T/HBdcBxKOYGZ/j1uOzzC6yadBxGxlIPjq4xn150R8r1ZOsM9Up/pd3U/h01RutW31tE2tXxWLo9I7WnpTukr71b8o4h5oJpNUU9kmobpSHdqx6DiSoUM9rvxclrmX5UgmwRECxxHFRQlOPkP+sI3onHJ4Sq3twXkenOv6frX9JpfsssKfofqqGM/9qALUPqmnrSjdrselze/Lu0P2PK/EKth13ZLYtfr1tBJR6eNcp03oFr/VrJRVC+dK/wYEfdX7aypT/TS1P8irxvpVw951NjbykYi1ALZYLBaLpQdhsgAOPvN/gAQhQUoX6adx3LdJ5N7Fybnk9mfx29vZl3N5S45lYMMkxpw4kt59xpNMNSDI4uMiRA4hHRy5DyEakH4S8MHNcPB8Vx4aqq1MjMUJGR75dIrL7nc4Y2ma846TTB0iGXc0bH5N8NJmwZ17oLqPZo/jj0rABofvPpVkarNgV68MF54cvylmfKZe6HHTv7vM+36axyf4zB4qISNYt87hpja46dIs5wVvUtNZbprl8Mx/OEy9Lc0NH/EZ2QvYJ3jkRbjs7zKM06twclw4H1b8IMG8/0jBpRmuH+EDHhfOdJn9fYepS9Pc9BGfSQWr2+1/dlj1lmTx/ExhaOrofx1j3zDK56bVLjf9KgVtHucdDbv+7LD0dfh0P7it2nCO8LhtUIJPP5Xg4rcdrhwtaSiM5YajJBdqT+TjZnjc9Adt7IFdbzk8/t/w6as6CvGKLT2J4bOu4cr75rH8az9hxn9+LtIV65SrlzPv2Xl87ZOX8cyCv+aSEQOANl5fs4o9M2/nyprcqfZn3EfGwi2LuW4JLJg8mHTHJn657EHaT5gI62MWM+h8Flx5N3OWX8klW69mweyRDKCNDQ/+mIcGnc4s1tfk8nTLfz/HunZ9a5rBp45lSHoHv1r4V3z1zSu46yefY3wFS/8tt81j0o/y7o/POPV0hnS8yjNPP8y9qzYyfN4KZkW4oa9IeiKz5g9m1l3L2LptGgumaipyn/O5btEqZt54JVNem8t1l01mSBro2MqG363hf8Z+nSUz61Cea6aL5tbSbaTHfpG77shw5ZcWM+uj32fKzIuYcurpDGcTzzz/O1Y+tJY2xnLVD5cwqzPxmIddxHVX3s+c5f/MiukruXJE9x2zLdNmM6dpIUuWDIA5N8ZyeV+JvFvpxbw47It86/Rqbj+aueCaG3nok4uYf96rzLtmLmcPSgMdbNn4O36zYSw3Lz6fAcD4y29kyv1f4WufnMfrN1zB2YPSdGxfy13L3mDUrIlwd5WqRpzOrKYfsOKWLzFwwWxG9YG29d9n8aYBnAWs7ly3LZZuIyp2YyXLs0puoiOpYuVosvKr1YauxDK3Tq0gFKeEIhpFVhRve6CpOSIvIEtHIB1w3Lyd8KmtHkPSPs/tdnh5v8umA4K2rMP+UDWPKFR1T4zHPS7dAAAgAElEQVT2u9q+KCtZkxVwkFcf16g2+Mo+vf5a263WF2WhrLtp1tvpaPsq1a/XE7dtXWHwaWp7rWUXykglJf36+Qw9zmfUSMn4sR5Dj5Mkk3nh13Xyn44IRGBt0UK1aoQm8lL+uwxZbKJhcyyixOMqVZorNqSrdM6r18ooy1rP80IxNPh9pBLE3DXFAQbKhGIhBJ7nxXLzrKL/e6PWq8ce7klYAdhisVgslh5MmUVwTuIhwQdPuqT9Nhrbd+C/twucBo5uPYqhvY5maPOxHNd8NH0aWkkmVRfObkHeTRZuivP7hJvfJ2js5h52HyXuburI33BihgeuSvDIky4rXhUs/UveinVQCkb1l3x3isfF43KKa2ATkkl/5bF0h8utT7gsTsB3L6+jMSbSWa7/e8m4R11ue9nh/N8DDpw32OeBv81x3qBS09eGERl+8Zkkdz7msHy1y6s+HN8oOW+0z/FRdTg5Zv+1YPMdLjetTMGsggg8MMOKBUnOeMhh+VMuN/lAAqYeJZl3lqdos/X1v+axT2W5/nPQsNLlzqddbgPOO9Hnzr/1eemuOLfXOS78nOTxXye49WWHizfmx2beWTnuPMFh3gbtCEpnuX6BZOQjLktfKo791H6SC6d45WK6pWeQHsuCa2ez4gvL+MZ907hnToSL0qaxXPeTexnzve/xw58uYv72DugzjElnXcRVdQiaQy7539z13je5+aeLWHA3tIw9n6u+9j2mbPpf/GpV7MYz/ov38NAJd3Dbnd/j2iv3kh40lumXX8PyuWl+uKKaWlLK6iVXGgSSyXzjN7czJLbb27F8/he3M+SeB1n5+E+4+b4fQFN/Rp0xnWuX/ztzzqxf0Bp11kUMWbaMLXNuMApYQy66nd8MupvFd/6YmxfenbeyHDaCSWfP5m86UW+tdM3cWrqTAZOvZuVvPs6vfvxjfv7offnjljQDRoxl0oLbWTBrMsPrM/1VSDN+/tXMuXsht33jPqb/aDbDu+uYTU9k1vwB3LOsjTk3jK0ar7cqBbfSA86Nil+scexF3PmLway4fRk/vHUhK/YDfYYx6tTJzPmb0xkQpBt0Pnf+cgArlgbpmhk+7WIW3LGESf9zLSuq1ZOeyLV33wg3L+O269fQ0dSfKZ/6Ovf8Syv3rLInn+XIQX3Jrrv1DD5N29X8AUaXr1XM9qRB8KrnNX8loadmIbmSgFypL6aNqjWhyLvddSR5AdgX4ObNigemJef195jc22NPFg54kCuMnRRqoyR+IKQVXEuHopgqGCudCMUqRMH1bn6fDJR3ESwmF4UqZCiEibATgZlkqYov/UCQC+pVR0JXCXVVXf1dzC/V1QKh2CqKTZCyIMgpbdNMRaWSXsji0Ag/2KxkkMVxCstUDwIpS4XHsDqBKMyHUA6YYjnKuCh9VMXDYCbC+SjJoZepKsTqyVb8LqUsCLvQ0AjNvSS9exfEXkfgugLHLViiF1xAO6r1b4XVE12xwKLYn2LrK6XRxV71d91yoCx+lJQftUClpH7zghl1W2CxCqWWwqoFrSpsqjF21Ti5tcTqrUV0NcUyjpvHhOoG23Xdkv4HeXWrZl3cDdpjKSLkYToimzZt4oQTYgSN6wL+4bobu6Uei8VisRwc/u1bi7q9zu78d6pWtm3bRr9+/Yz7nntuXcnvXC5HLpcjk8mQzWZxMrCHDLsy+1nv7Gd/370c37sXY1uHMrLfiQxqOYZe6V4k3UTe85Fwwpv8nop6I71v3z7a2toKD1757X37DdBEcovFYslfO3K5nL0+WCyWEuy1oZQNy2cy64GLWPmrKE8HFkvPY+fOnRx7bP2m/aZXwbo1mi4aBC401e3B7+Czd+/iUlVdGNDdhlZ7Hf3HA4lYqkxXvNSOVYZJkDYlM2lpXdgGKcEPxt+TeF5eNPRyfuFT4vsSz88LjZ6nzmFRIw2ERV0CLMWwJ0qwK2wvm9YSS1RTgioYNNnqGYIGRVMeJzkivdp2VbgO2xWzZVWOBxnrgKmcpmRq9PnQF1KEorZSniY0B91W4007bl4Qzn8K3IRTEIMpiHYFcc5BEeiUqus8Ybv6PK80kmViccS5r69HqNZItZiJrZnKiUvqKQqruhWrvt0kxEbFvzW5hTZ9Ny3YUUXX4N8APX09VPp3wiRqq/tqFbp3794d9kP9VF1Jq2Oli85RdXTWvfTu3bsBePHFFztVDsD48eMBawFssVgsPYoLZ0zhF48+eaibYTmEVHvQ9qSPBNwDHYzpl+b0kWcx8qiTcGQO13VJpRpwEyClg/RF19yJ19jGeuiOGB/FdgernA/LNXYWi8VisVgsRwYdz7Hyrq2Mv/o8K/5aLEcAJremqjAQEOt5TxddZPnmep+2dN2mpgxRm/U0MbW8mvogih95kSofAxhf5gMB+xISectU4YPvg3AKwm9hfXJx6EWVZgZ7HNRRV2xPkQWr1dDaV7fG1bep+wwTLAGEKFrZIgvHlNqmcivY6B6UqZ6G/gVHkh5vtKigysCsGQchZdEiOBS11fL1T6Uu1fI4stVRfdLnQ2gjqMxHmQheSc1U2h8hZgVunREUYqtS+HMK1sCBICiK6fXW13Kgd+bkjqCW0zOWF3pTgaZhjtGWOOgCq+lP3a97+jMJltXisB8Km1F94VCwTbfyNVk3V4st35OxArDFYrFYLD0Y/WYpK3ycnE9juhejBw7jxNYhNCRd2tuzJBIOrusgyN/UH6xQvoHbF8/zePvtt/F9H9d1yWQyuK5LMplESlkQpFOhhUw2myWVSvHee++xd+9eHMehV69e9O/fn1QqdXAaq5Ff/SgRonxNscVisVgsFoslPnvW3Mc9+6ex5GODD3VTLBZLDegicOcKK37E1FeiijDqSvUIsJ3qVVBGJ4dGCIF0JMKn4JErL+AVrTUlwpF5F9FSIP2CxCpLJcp8Y/JiqRDBvOkjZfJtK7RS8t/Lyo56Kpa6SqgKkkqZwU9RyFMcgPKJKKlYaMdM6W9Z1iedYKKCdhZ/Fw2A9f4r6YO2qnkDNOvcYinKGACKEq6VUXk+ZMn2iH7p7UEUAkvLkoUGiLxD6sCiNy/EEbqBLv4uisQlfa7VZkBpdmevHjXnr7LopGqBXSz6BpgW1kSJusE+kyBaKRZ71P6o9N1hYBG37ij304eyrYcbVgC2WCwWi8VyWBHE+vA8j7feeos333yTvXv3smvXLoQQNDU1cdRRR5FOp2lvb+cDH/gA/fv356233iKTybBx40aSySTJZBLf97ngggsOdZcsFovFYrFYLLFYz69+sJuW5jXctnQNU77+EBcYYmdbLJbDky61wtKsZLtTEArFOWEQgMp1z/h119AIk/1miAAHge+ACBXS/IcQeUHO9/MipfRBOorVqFSlWrU2p7SCMFWpZWsonqpiZ5kWqlrJUrCkDcoKaowaDCdMobenxGK48NMk8sqS/JXEUC1HhAhYrETP45Sq+SUCpqKkGgvWK9H3O6V6eFl/9DERhv26uEwo8grFirjYYqe0xKALoVtnEI5AEMT9Baew8CA49vTq4h7zMvxf54kspuJJVQOmqdOqiXlpiFedImIGLveDOLlhnQVXzIG1sG4ZHDdGb1y6ujwVU/x4fXvQVzXmcWAlbPI80ZOxArDFYrFYLJbDDiklqVSKCRMmcPLJJ9Pe3l5yA7t//34SiQT9+vULbwYbGhro6OhgxIgR5HI5fN9n165dJBL2dsdisVgsFovlSOG17y1kOf2ZsuBebptlrX8tliMNU+zGWqlVDDJJhbEyGYwzS36bCqqgK0bph3GpVF1QsFAqLthn4jgFUU+CFHm3zI4r8iKwQyjAqgWGIqnEoNwpVqVhUFRFYC1RX4OSS91FF61JVSESRV13imUHEy6UfLIgBIeWsKEaGSFi66OmCsmidJcIxGwHUfg0ynYlY6NuzMulQgpk4P1LbWY4DIGCq1jESlEyIlKRxZWzRvtU5kP5rsj6JWllmYiuzofm7rpsPvLpg6lTY/mqLqFDMVgIZZqFOX5ueWuMsnc1Yp1fEXq6OiXBEFY8v+M0pELyrhJ/oVwQjZPelCcQS6PiwOuupA8lceqPcm19qFxYH67YN6IWi8VisfQg9JVwnufheV64ck6PtdHVqCv4PM/DcZySFXuB62cpZSGmjENzczNNTU1hm4QQ9O7dO3QDHbQ5cPkcpJNS0qdPH4QQZLPZcDWgEALf93EcJ7Q0dhynpCzXdTvRf4n0ZYUVzRaLxWKxWCwWM2O56pnnuepQN8NisdRF8Hyn0lkxOIrOCi+agWqeuOqxZmypG3h2hfBbuXpFeCxscQrCr1TED1GwPpWIEhFMLcncoFLBUk0ZWpQKLa2aShS2GwS40jo10Vj5LApSmoBcre0EurLJHDXYX5g4oe6PTm9Q4Qubo1REQztFMW3+2NMtcGOUYWqfOlfqF6Gl1eajWJQyvlKUZSuOoyy6giZYE6DE/BWaVq6cS+EaAq36qN8mZMT3MupdfVEH9VRRSx792qkKu4HFq2nbkYzJ6jeq76aY8wfTMvlIxQrAFovFYrH0IA6HVXBBjF/1pi2Xy5UItK7r4nleKNwGgm4g1ppeLCQSiTLxWr8BzOVyYQxh/YYy+N058ddisVgsFovFYrFYejZRFmu1vpxXXTGH26pmChpRfVdJ80waW4zHZ9U4tR7qf0IXofFsme5W0Bpdt9BHVYCVBc1QFtOWNcQkhAvwfZl3MY2gLFRwDZS2OUoIjZjAQHQPdE9JqRdq1Wq3osloafmdmYfI9QNlRsrmPknVDjiYUxkxN0pR0pdFK13DfHTq7U+JCAzgKGJvYOkbfMqKp4ApZHNcyoawnsyaGF1WsD5ummBtKrZsm7LRlLcr3sTpFq/6ddYUBzd412Wy7j1Yi3O6CpP4q+8PUA1aotL3VKwAbLFYLBaLpdvI5XJcfPHFuK6L4ziMGzeOhQsX8o1vfIMrrriCE088ka1bt7JmzRrGjRvHY489xpo1a/B9n8suu4zGxkZSqRTHHXccjz32GNlslrlz57Jp0yb+67/+i0984hM8+OCDvPTSSwghGDhwIPPmzeORRx7hiSeeIJPJcNJJJ3H77bfzT//0T7zwwgu0tLRw7rnnsmDBAvr37x9aB9sbRovFYrFYLBaLxWKJh/4CXrVEM7khjUOUjlc5U0T7lIJC0TbKrLCai1fDxmqiUWRZ1RIHY6AIVopRZokIHIo9ocVvELO3oAhLpe914LqiZBxjWUyr4lt91ZZQseqoA0XLVE3rjtWOwqB3QgdX5qPeCSk9QWKJ8moaw3ioyVRr59DKN9wglXE2iOB1DEpUlshzsMI8h2NRRztqWnBiyFNr3njll8f0VY0roGgAYUofVWY9HEwrW5MFsy5UB32vZCFtKWIFYIvFYrFYLCFSenhetuAq2q/7OSS6fMljjz3Gpk2b8DyPs846i0svvZS1a9fyqU99Ctd1ee+999i8eTNPP/00xxxzDLfccgtjxowhlUpx11130dbWRr9+/WhsbGTt2rW88847TJw4keeff55zzjmHTCbDFVdcwZQpUxBC8Nprr/Gzn/2M3/72t/Tp0wcpJc8//zwbNmzggQceoH///mSzWZqamuqykK41HovFYrFYLBaLxWKxvN8IPDsFIXVU96R6uKGqZWHWKDtjRXiw80Q9O3fpU2JhYPRhDKwx87vzypcUgF+w1g0ShXpe4BY6MLEuNlQxsi35DOsCo9fnilKoUFPknR/XOy5hdWrT9bEP1Mqgf0pIXCnKHU8XvTPHk3Ml4BSCyZYfq3oZxVHMC2dq5QJRiHEsRcHql/BLSfaKlrDKIoBY4r6iG+ddOuvtLS+n3KN2KBFHrqOIQ1edH+oCiYqFatbA+jEuiT4K1EUeUQs+DsZboeB6CoRhzILwbkE4M8gbXASicCKRiIwFfDijtzkQe6EoDnueF/YV8t4AXdcNx8H3/TJxvCdjBWCLxWKxWCw1PYx3lmw2yy9+8QsymQwtLS2k02mgKKQGLwrOPfdcNm3axM9//nMee+wxJk+eHL5QyGQyJJNJhg0bRt++fdm2bRu+75PNZtm1axdPPPEE77zzDgMGDGDcuHGcc845/Ou//iuDBg3ixBNPZMKECQwbNoxly5bR2trK9OnTOeWUU+zNocVisVgsFovFYrHUQWCRFbywz2azZS48VRGjkttSqC6k6O6hVYvMIH+JWFgwhA0LjqrAILDWQl1ZVcvFQFgyWP7GqregAoZioFClumIiUaioNF8xVZneZ6Bcb6uQumR+RLQZbkyTWlXI1TRJpVxdxSzvlyxLWqUPWtoSrTaYP3S31sUyQ3fNyr7AhXVJGzSRvdohoO6PZTFbImBGxY1VJqWLFjjE1WlNlZTMlXqe1vIaR7N4Nl0OIi8Nwvw9Tp35TIWfVa59+rsxIUQoaqqCaLEtouydXiASq6HWgu/6gpz4HhlESR1d9R4xypVz8FvH1FfV80QgiuvpeqogbAVgi8VisVh6MOpNZHcJwKlUig9+8IM0Njbyox/9iL179yKEwPM8PM9j7969ZLNZTjzxRKZPn05bWxurV69m7dq1vP322wwbNiyMAXz22Weze/dulixZwujRoxFC0NzczMiRIzn11FNpbm5m4MCBfOtb3+Ivf/kLr7/+Ov/4j//IK6+8wtKlS3nrrbdYu3Yt3/72t1myZAlDhgzpljGwWCwWi8VisVgslvcTujAQfOrirxq/stJL/vj1qj8ocXEsw/9RUW2SkT8q16trCZ21UI4UxmIWXGZ76pjFjryoHDjzNSnMMVXnsN7q6YN5KU9lGEhjUbLkWyAkh2MWuqU1WLOW5K9VANL6JrQ9uqhaUKXLahEgykyVy5LUhX54RM6HMH9Xz5PSqRClabqQWsXfipvrbFzMtQYVqSm/lli/TkK0UKu7PA7S6ujWswHBOzRT/GBTLGBdHFZjCaueHaLaUdb1iLQmi181fRyklHieFwrlqsW0SWQ/UqyhuworAFssFovF0oPQVwqqqDeXB/OmKJfL8cADD5BMJvnTn/5EMplkwoQJfPvb3+aEE07gySef5NJLL6WtrY1nnnmGnTt38sQTTzB58mT69+8fCsUALS0teJ5He3s7vXr1wnVddu7cyZo1a3jttdfo3bs3U6dO5T/+4z9oamri3XffJZlMsnnzZn74wx+STCb5/e9/z6hRo0gmk51eDSilxPd8QHa5+2yLxWKxWCwWi8ViOdzRrbkCApecQZq4z1660Fpm9RdlUmh6nO2kda9arB6fuHLiCruVAsK2VSpURieJ27UgbrCMbJyucpa2sXw+RLkVr9ag0jrVNKUKalXrVdVaWjPnLH+HoTYgogNVMYu/6s+yrkQVH7E9GLpY86eMhW4FX9xmmI8KaqfQ0nTmFFGrjCpH6l+ixiuiLZHnsC6wRiSLu79qmjLL3sJPfd1B2f5okTYqpq9JpI1DkC8oK6hDb4eaPqr8uIt2aklnqqved5Hqu8zAElgPRWAS0t/vWAHYYrFYLJYehH6jc7DFXp1EIsHatWvD1Xlf+tKXaGpq4vbbb+eVV15h+/btfOYzn+Gkk06io6ODQYMGsX37dqZPn87JJ58cunZJpVKMGTOGpqYm0uk0p512Gr7vc/TRR3P11Vfz3nvvkUgkSKVSDBs2jEsvvZTdu3fjOA633HILjuMwa9Ystm/fzsyZM/ngBz9IKpUKx6QnuoWxWCwWi8VisVgslnqp6tJZ2R9YZ5nSFzMG+8s2lYuBusGjJqoG4mNXmjHGspGtkKBEyK6hXbFEqwiNU7eN7Yz1YlBPWFi1tGGefBRgzwPfB99T58ZkwVteWPDMXhb3tZJv4QiDWOHk/1y3YL1bJxU1+4M0H8XYxcV6jIVVKLikbZ0Uf2vmIJwfYf562qPk68r5EOjbS8VcXfjVrX7V7VGCaZzrr2rFq9dpapepHvV71LW7mugbfMZ5F6m7nQ7Kj3INre7X/80JPq0AbLFYLBaL5X1LJQG4O4RgIUQo1gY3m4EYfNJJJ3HSSSeRTCZJJBI0NjYyevRoRo4cied5OI5DKpVCCMGePXtIpVI0NjaSTqcZOnQoQgiSySQNDQ2hANzU1EQqlWLUqFEIIWhoaEAIQUdHB6eddlq4MlBdFam+jLBYLBaLxWKxWCwWS9cRCBt6fGB1f/hd/xIh8kbWpeeppZ1dkKZMoCy0p6RJcSqqsd9x1jPHfvLXBfgoK+qIAtU5lFKSy0GmnbwA7MmixaqpQuPvqG11IvLeu1xXkEhBKl1Q8kSFmnSLzmpVHKT5CH535jVOuDiiE9RwOJQn0BZn6CJqTedHFy/wiF2vukmUC/76/OjxalXrVDVEW60xequhC6SqMKqnqUYtbark8aErwgCo9eheJ4J+Bm6hg7+ehBWALRaLxWLpQVSKtwH5G1MpBVIK4ODcFOk3XL7v853vfIff/e53JBIJXn/9debOncucOXP45je/ySuvvEKfPn1wHIdPfvKTbNy4kd/+9rcMHTqUoUOHMnz4cHbs2MGIESPo1asXt956K3379iWVSjFo0CAuv/xyLrnkEo477jhWr17Nxo0bWbBgAY899phx1aNpnGpBBv/vWYsKLRaLxWKxWCwWSw9GtejSXYyC2XrM5BI6tOwME5fXpe6P0kZr0UxLdNrCD6MFYITZr8kSNnSrazDzrCSYRdYbA72MWFaMhj6VlKMXUKHxUtumPht7PrTvg2xGIAS0pmFQX0HfJmhKgtvNmoyU0JGDPR2Ct/fCjn359rXvEzQ2SxIpNF3aZIpu/FmyLYZxdHmCOJaxlQqT5fVH/a4FdUFDLeeHcbsmogfbonTAisdz3MUghmZ0aj70c1kav5ZhcvWsir8q1d5NxdmvWxEHn8G2Wq2B9RjApjbr/wboZdcS7zcq1rHeRr1Pegxlx3FK4gP3FKwAbLFYLBZLDyKu65QiXesK2XTjlkwm8X2fmTNnMnPmTBKJBJ/+9Kc54YQTePvtt5k5cyazZs2iqamJV199lVdffZX58+dz3nnnhdt+/etf86c//YlMJsOHPvQhFi1aRCaTwfM8/vjHP5LNZjnnnHNYvXo1AwcOZNu2bZEvJiwWi8VisVgsFovF0jn0F/76C3vVC5PJErgWVAvCkm0V0kcKQUL7rWISSvXCAjE0SgirsjlS01OsCkvcWmvVqyLZwbDsjJs2iM8rgVwGDuyDpBAM7g3HtkJrQzzL2IOFENCQzP8d1ZwXg9/aA9t3w559kMwJUg0S3LBDYT5AE9Uq96U75yFOWbUOu35ulGyrVIFu5VutAVXOj7jjcLDnI6RO99SBAKm6efZ9v7x45bpoEm7VdHFi7eoWxbqb6fKFOOY69QU8wTZTvTr6O8iodlf6tyBuubrAHISU62nv/6wAbLFYLBZLD6KaC+hDge/7eJ5HLpdDSknv3r1pbGwM2/T000/T3t7O6aefzimnnMKWLVt45pln2LhxI8cffzx9+/ZFSsl7770XCsBbtmzhoYcewnEcJk+eTHNzM7NmzWL+/Pn8n//zfw5JPy0Wi8VisVgsFoulpxAlCJhEiKj4wOWFmoTGTrazK/PEUXLrRGgqb1RVkdbDunitisi6aBdXHzFZNEtF/JWQ6YCOA4LmJBzfD/r36n5r3zikE/CBvnBUL9iyS/DmLskBDxp6geMAonQgVREpFIUN5caxkg1dSXfRfFSsP2JbFF16GHfVyoQqdHY+jO6ptbGt6jpbyaMeOcH3KOFXt9Q1CbJlVdXwLs8k3Ab51Ti5lURS1Y1/pXpM7atm4Vwptm+1Num/owRvKwBbLBaLxWLpMegCsO9Lo9uZg4kQIrzpdRyH3bt3s3///jA+7+mnn86sWbNoaWmhV69eXHzxxUyfPp3169fzf//v/2X79u2ccsoptLa2snfvXtavX88555xD7969Wb58OWeeeSaO4zBo0CA+9KEP8cc//jF0BxPEH3Zdt0tuAos3mYdGTLdYLBaLxWKxWCyWQ0k1N6JR1lsBJku4MF0n2qVrOLHEG31zYFmoKjqd8Kl7KJ4a1Uf9SPfOBsGrWln538o8SshmJAf2C1rTknHHClLuobX6jUNTCob3h5QDm3bm3UI39ALhUBqfVnf3XSdx56MsNq6xsNJsdbWHKlMfsaAgzCuU80S3/I1LBVfpBx1ZQ5tr3K+Kv/p7t0oxcjsr/prE0ah0qhhsaluUgBsl5Nb6brGayBv3vV1ci+SegBWALRaLxWLpQVS3AD40wmUikeAnP/kJDz30EH/4wx+YM2cOEyZM4IEHHuC+++7j8ccfJ5fLMXPmTPbv388zzzzDjh07GD58OLNmzWL9+vUMHDiQ4cOH8+Uvf5mXX34Zz/PC+B69evWiqamJL3zhC3z0ox9lwIABYb0Wi8VisVgsFovFYukcXbWIWErZZU+lsa2FdcFXlG42iXRZCdvb4f/tgr8cgA4J/ZMwpgVG9IJWl84pg4Y2B8JciYtb1VpR2S71PpkKiqpI+R13LoLXCaFm6UP7/nys37HH5C1sjxRcB4b2FWR9yZ/elWTaIdVYHN9wEUDBDNSXEuGUmp2G0xLlNrwaZeJ6xd01U+lwkKaEQvsM9gnz+WESymO3pcbOlS3uMJ0fSgUl54mWRpjODUM5nZkPz/OU+srF1cAKt56YwFGoZVcSnnXLZNVYQrUeVt1Ym9rX3R4GTZbTUV4mehpH0KXXYrFYLBZLZzlUbp4rkcvl+PznP8/f/d3fIaUklUqRSqVwXZdly5bR0dGB6+YD7ySTSQAuueQShBD069cP13WZPn06ruuSSCT47W9/y86dO0mlUjQ2NtLS0sLDDz9MMpnkxBNP5OWXX8Z1XVzXDW8EK7oZs1gsFovFYrFYLBZLRarFoayWt16iLBY7ZZVZpYx2H57fDeveBU/ZviMLT+6ETftg2gAYmKpdqKuUPkpULEkTR3iLqkQR82oJbyoLKlogpklkGNu/8NQAACAASURBVPP3+L6QThx5oovjwLD+gn0Z2NkOXlLiJhTBUBS9Qle2Wix8EXUck9p8BFUru+MdL1WqqfcYjXvaSmnUjY11xz7miLbor3Z+xDp/KtQL5rUVcecjwBTLV/9tEmvrETPjptXfjekxgvX9UULroXr3qPYzyr12T8MKwBaLxWKx9GD02L9SmqyCu7Y+yN+IBTeOjuPQ3Nxckia40W1qagr3qe1pamoqKSuVSoXicHNzM7169UJKGVr4trS0hHFM+vbte1Bv/KwLaIvFYrFYLBaLxdITqSZoHCxiGOzlt4WCnSGNQZUyleFLeG0f/H5XqfirsqUDHnkbZh+bdyUch3qfIKuKfKG1arkQV1aO1H7HqT8UfAjF31xWkssKjmnNx/w9UnWXhAPDB8CeLZDLgOOCCP0xE+kGGSoYWdc5H5FpYhD72DL1SRTnVu9UrHJlSZdrb1OF9J09Z4Ca5sO0L9JyugKm66Iu9tYi8lZyr2/aHqdM1d1y8C4uaGNgoKGnL3+/WMzXmX8LovpXi7VxTxV/Aay5i8VisVgsPYgocbe7XUALIchms+H34NP3/fAzcDujx/kQQuB5XriaL5FIkEqlwjS+75PJZIC8dXEulwuF4MAltOd55HI54wpGi8VisVgsFovFYrF0P7pQYHpClRHbo8gvclbEt4J2Fz4O6wpOFUW1w4cN+/KflXg7Cxv2GtqjVWPsS5UEYZ9k6bZqFQltV2T9lJcP5Xny7xGKaX0p8aWkox1AMLg3uM6RLbw0JeGo5rwArPbRDxbPU/jty9L50Avq5Hz4Mv+nF2miprc6amLFfXhwzpQcA4a0elFlx4hhW7XmGIXzahWpu6XWBz1ZROOiBF7TpcKXpb8r9a3SJSW45qmWswfLICMK3Q21KXSc7/vhezj9XWIQ09gUv707+6ETjG1PFn/BWgBbLBaLxdKjOFxcQAshSCaTvPDCC7S2toZWwPv37+fAgQM4jkMqlSKbzZLL5WhubkZKSXt7Oy0tLQgh2LVrF0DoMhpg165dtLa24vs++/btQwhBQ0MDUOy74zg0NTWxf/9+GhoaOOqoo4wrGC0Wi8VisVgsFovFcnAxxcDUqSp0VRFtIzNWejwOBFBRWnTGz8f+jcOf22Fsa/G33jxfFoxJZQUrWVMMWT1tVD+i/OxWyQbFdlXKEw6jBFn4z/dAeoKWNPRprDwhW9vhnY6KSbqFtAOjWsz7HCHo2yR5a48gl/VJpIrWv8HhUSIwVfIDfBDmIyqf1H/EjcUbJfjGqdSwq5rL5YrtCca5hvMDStOW9cmUt5JwH5W1khvpiCrC75p1bXdRi5t+VZjWXTsHhhvBfl0U1uMEdzWHy3vNIwUrAFssFovF0oPRVxfqqw4PVp2BFW9zczMHDhygvb2djo4OOjo62Lt3Ly0tLaRSKfbv34/neaG18L59+9i3b19oxZtIJNi5cyetra1IKXnrrbfYv39/6AI6m83S0dGBEILGxsawHFU8Pgg9tDekFovFYrFYLBaLxVInXfU0pQpHcbQsXawJPP2qaXygI2YDD2g+ovVsQdt0MalE2BYGTbGCECi0DZ0ZS7X/BePpUkFNBnXI8Lfv5cf9mAhBVeWJHbDq7U40sIs4q1+0ACwE9EpBQwLasw4y4YMjEAV1Mn+MRU2UhizOUa1rFoK2GOejToLzo16RVm1LpMZapXxTvrA80/lRPNSi3TXrgxxFHcJvVBFxhi9Me4RYpKrvBYOQaiY3zI7jGOP/qvsshw7r89BisVgslh6MKvyqq/a64wbNdV3a29s5cOAAHR0dJJNJ9uzZQyKR4N133yWbzZJIJGhubiaRSOD7Pul0mn79+tG3b1+klKGr53379pHJZEJhuKOjg9bWVnbu3MnevXtpa2vjnXfewfM83nzzTdrb22lvbw8F4K7qb+ACK79a3N7kWiwWi8VisVgsFosJVUwwiQcmInepQq0s/oW/q+U31UW0OJWO+Ua9uSscTemNiNGHqLZ3thm6cai6LXQH7ec39mnq4gYcJPok4VPHVk6TSkDKLYrbsuAGOhC+q423aexM32uh6hyrCRQx1HR+lLlF72zdlfIqAm5UGXHHsqQfaH2oUMjBeFNTfj5odSk7K7l4PhxcFuvtC4Rc9U+PyxukqeZOujs5HMbycMBaAFssFovF0oM4HERJ1U3M6NGj8X0f13XxPI8PfOADYWxe13VLXggE8UQcx8F1XYYMGVIiXgfxfQE8L7/U+uijjw5vQgOR+ZRTTiGTyZBMJsP2WCwWi8VisVgsFoule6n4fGqwztPd4Oq/TTFrhVKA+t1QTSxhKO3A4AZ4fX/1tMfHEEHLrBVNsVUrmklG9yFwMV2xfqXKqoJi+FUWFj2DlD6BJWw+Nm6+tF6pw/85OyHg8mPzInDFdI7AdSTSzwu/jgzea4AUIAJLWiWPyQC1nvmINGSNOCakLORX4vlG5TGeHzGqiZOm5HBWx0bEKzMsRxmEsrErbI9zfujjGIjFQtTmOd5gjGz4oXgeMMyH6gI6ioPxnirSxX7Edt2Fc/DuTbUGDuICAyXv8CDfh2Bfd753091rH06i9KHACsAWi8VisfQo8re9pvud8AGmwmrETteu3IgFcXcDlzCJRCIUfgNrZPWGM5EovW0JbpqDFYie54XluK5bEpsEoKGhIcyTSqWMN4P1oI+TDJeh9qybSovFYrFYLBaLxWKJS9TzZvjMGP7G+GgV52mr0pNevU9rKQdGN8ObHbDfi073gQY4sYkS1SjocsVH0LgNk9WTxn3UrUmQK6tbFJ7fC9ulBOHgHuZ+RwVwWm/4YGvVpDiiMJbBigMp8sIvhPMrkQjliDNqknXMR8W5URZABG2J7Ra6IFzHbUccaj6ntEUP1VxRl10yqpgKVxvHWtzDx6nSpDIHm9RuHazYuPWgx+5V/1TXzr7vh+/p1H2e55HL5cKyVHFYjRN8sNtuicYKwBaLxWKx9CiE4uqnXOQ9mOKvinrDGxVDpBqBgGz6HZSpp9Hd1BwUwlWRB+9G12KxWCwWi8VisVjejwQLkwOkIhKVWFjGeKTr6qcxWaj3+Eb4cB9YsyMfE1hFAMMb4ez+kKwW91SWi0PdhdqGqg0wWU0X/idlXviUhf8EziHpT630T8I5/aEppptuNeauL8EJrH+LCnDdE1lmSRpzPkrOk1oDAsvSr52NJxyjmtLt0txNVQSWR9j5UeKdQClDtw4PjB7C7BXcQR8MdAtZfZ/unj8wtgisfQPDDYBcLkc2mw3TBgYaruuWWQR3B1H1BdbIPfEdnRWALRaLxWLpQahxlfTv+RvQnnczZLFYLBaLxWKxWCyWQ48eszF08RxDnepKoahEaDZUnXTggy0wrAmefg9e2wvtEgYk81alJ/fKuxcOLTQrmBGaLJxVw0g9a2eFOmPeCoNX1hZFQNHjnPq+LFXBDmNO6wOjWuJb5QbkhUuJ9AvHZ0HdC+exKw7CWssxHRQxrXvrba7axHpmXB131TJelh1CBaW9xrZ1KXHmQ3PjXs1auZIIeyhRr8G+75PL5UIBWEV1Yx3sCyyBHccJPfzZkGuHHisAWywWi8XSg1BF3+Cz+BfcbB9eN6BHBkX/QjIfTeZIee61WCwWi8VisVgslm5FdzsauA0FNMu44IuSORBaZPmuuI9guqvZSlaKZcJPYZsQ0OzCR/vDjAHlScJHxCiVLIZ6VtI3WW5JaGhW7eKXGitVUwXV+LDqVBSeeIv/l/nYuJRmP2wZlIILBuZdO9eCAKT08YWDkBIRCJOqL2WpxRztTEMNx5/xPYOu5kYsKIiqouSzyrkhlM+y86NCvZWOzaAYX5q6IGKNYSVBu1IzazpnDAWVWApHNEafs8CKVnelrIZCixJO9fd1JiE5cLusvvdT3TGbylA98amibxzrZL2tUkpyuVzYz2QyGVoMm4xSTF4Boyg1YKmcJ+ivmjawTs5kMpF1vN+wArDFYrFYLD2M0htBEf4Fd6dq7Fy7Wq86wYOPlDL/3CfzK58Po7AuFovFYrFYLBaLxXJQibOQ2BRvMhBAghiT+Zf16epldaKtlYRUPZ2p3jJNuJK4G6UwBfvUOK4V1KiaXV5HWC2WxSHWxd+o8vQdgaWmoiCGLnsP49cIDQ589jjom6otnyiI/j4i/9zvBEOcd3wdWgETIdZXmA/jeGnCeyyhMo6lahViLYwIE1fZr22ThQOkODbFgzD4LUtyl6++KN+rCsRSK1drk64uG64DNc1HtUmJnPPy62DgLlk32jCJoyaDDr1cUx06evi1QIQOPqPqN5Vj6qPneSULewLxVe2HLuTq/YyKUaynLVl0oV3M1LjElcT19ytWALZYLBaLpQdhukHsrri/718E0pf40kOSLTwEO3Ryra/FYrFYLBaLxWKxHHGoAgUUrc9U9JfwlVyNhuUE5RNhmduNhG3RXL0axc+Ix0Jp2FfPI3lXPHUay4hhRRrov4H1r+yiZ+CEgEl9YVSveNOckfBWB/x+F7RVMeyb2h/GtHSicVIWhD8RIfAVFtbXW7xpg8mlsDlZUZhXrbi7EF8XSGXEsSFB5gp/PkivVMgrptOvD+XWpMX9cfwwGzY5IBKAC0JdqG/Qmquevup8xBlck3CsvY8LroeJRKJkIYx+LQ3GoZpQXC2PKqQG2z3PC/+6muDankjkpUhVBA4WAJn+3dDfU6rHgp5eR+1rIDwfrm63DzZWAH5f8RH+4Z8/xsmNFZIc2MQDX1/Bmm5rk8VisVgOJ6JWBAa/e6oQXNGljaz0GCvxvSy+104ms4Nd771NLufgOA3WBbTFYrFYLBaLxWLpUZieq4JnzOBFfCB2BNZfgTgQuD8N80XWQSzhpUuEUdWq01C40fC3FktaQz1ReQJjQ9XosNIwSAqeifVEEW5pK1UuDd/DbQbxt7MGdr0TcE5/GNFcW75LjoFH3oZH34E9Bh3rA41wzoDaXT9D0QI4sHoWIi98O1LkbVCFCI/NyOIV8VDVNE2LAcryxdhsssyNEu7VpOphUu1YVS3HS8+JgjtwH/wM+B0CAbgi/xdpdVntYOnkwZQXn8HLgI+EBDgNihBcuBaJaoNWUqg5XZxrjoTQ6ja45gUisHp9FEKU7A9QBVCTkG5y/6x+qvUE19/AXbNaftz3gur1PWp/8Blc613XJZFIhO1Qy1GJsiw27YuyFFb7CyheJnoOVgB+v5LLkTUdy+05ct3eGIvFYrEcLlRzFdNTLYKDlebBTWSwIhHyD7JSekjpFX6D72XIHniHzN7Xye59lczeDfj7NyLlENzmv0MkUkhpfUBbLBaLxWKxWCyWnoEuPOhChfoyPnAzqlr9lrgjreP9/ME0Cj7Yj8ZGkVlvg96WCm6sgzRVhcUqFMdUKVAWy5X6d5l3yNvZeRCVRNQKNLgw82g4KgV3b4V9igicdmBKPxhYo+vnknZRENqAvGQokVIUXRoH+4RA5AeDYKKKgnnho7tft0ScIBFaZnkCSkV+0PogwctI/A5BEkG/JujTCK0N0CsFSYduD5MlJWQ9aM/B7nZ474Dg3QOQ2QcyKREpwNHE33rrqiOPuhAmcJEc/AUWq4EIHIiWutjqRAyq6TocWOD6vk9HR0eJq+euRBeRVTfQ6qKfRCJBIpEI378F1sBR5el9q1S/67pli430RUY9BSsAdxOzPnE+Y8eMol/fPrHS73z3PZ75fy+w6je/raO2dv6w6l/4t6fqyGqxWCyW9zUmwbenrX7TkVJy4MABtm/fzuDBg0kkEiU31RKJh4PwJZl9m9n97rPkdv03tL8B3nbS5OiTdkn1ztEuG2jHIWfdP1ssFovFYrFYLJYehMlyTHe9qYu+ukAQPqfWWHdVEatafi2jGr+1ljJ1y9y4eY3pqpj5hvpiDfXEraLM4leWfpZ6FiuKnzJQgQ8CbXth94HKaQa1Qq80nNEP2n1YsaW478RecEZfSNQpQqpjne+nT963cKlFb97yOu8mWuhWslUwabSdGU11fnUB2oghpq00bVaOB8j33z8AMifo1yg4rk9e+E25nbcG7wxCQCqR/2ttgKNbYG8Gtu2Ct/bkLYNpAFyJkPX5zK5nflRrW9VqN9inLohxXbfk/ZRqwaq6T4ZyQw815q0qhAbX4cDNdJA22N+ZGLnVrHaD/gT/BgRCsGr9rPYl+K4uEDItNjItNFLHU0/bk7ACcDcw6xPnM3XymTXl6de3Dx//6DkI4OG6RGCLxWI5vPi3by0C4B+uu/EQt8RisvbtyavhAN58800GDhxIMpksuyH0MvvYvW0Nu978T5wDf6A5kaAh7ZNM+TSkU/+fvTcPk+Q47zPfiMys6nO6e3oac+AGiCEB8ABBUDxAQQdJj8RDEiSKlqxzJdur0+tnrRVl2StT9sqWpbXWK+wjy5Ksw6JAiZAEigQP8CYhgAIIgriJcwY3BhjM9N11ZUbsH5lRFZWVWV3V3TOYnv7eeXo6KzMyMvKo7Mz4xe/7UBpi00yf/JuAsmjsRgatC4IgCIIgCIIgbFvyrt982E2XY9IPG+oLGxth4DfYErWz6BW4PctPPdpnQ0WLBo0iW6zSFVeUXzy0UF52DPpV2KNIdkR6Y2x7ls1+K3tyRL8bvwE3P9B/n//1d8NV56chh791Fr5yAg6vgQZ+5GyY3KQSorIY39aqVNx1IwXa507h0gM7l3A/NnLdlNZjc+7QolDNJZUPurzzXUlVb2MtWIWpg23B2bsUF++B6GUWfssIg9SVPFmFqVHFY8cs8RowBlanIyqUO3kDsO53vOC70DvYpNfdmh9E4wun0Huv9O+7/jw/4oK7//r9fmV5gzdDv7rdvviuZjftxO4iITi/r/lj5o6Pv6wssuFOE39BBOBTwpuuej0A//m//h7PPHd0oHXOObCPD/zLn+NNV71eBGBBEARhyyjKHZLnTBaC8w+BzWaTWq3OhedfgNKWwOXuabV4dvVJnnnqo5x1/DNMM8+ekYDqjCaMLFqFKJc0JoGAEKvARIrEGOIYUJsbOSkIgiAIgiAIgrBdcIJDPhelEx2SJEupU/CuWfb+uam3Un9lRbnouY64u9E8n6XzPBW2HVLXDtagocTuvADYZWHts5nc/O4wv9n7NGBMJyRyKgZ21jsZkX6Nhdh4juNck/NtDRW8ehKeXIPv3Qfnjm5u+4p0v5zxF7LcsQqs7WOdzeGc29Y/H24D650Pb7qnqHMg27IC5axf1HYJyf42TMOiY8XZ0/CKuY3lVz7VBBoO7AIsPPoSxGsWNaZAg1UGbBYUehP9Of53rutSUIMJr04gzQ+UyTth88vy0+4eXJhn3Zbn7h2UMkdtUd9jWdQHX6AOgqCdI7isbU7w9Z3Q7sc3uZxMoXs7IQLwKWB0ZARgYPHXLztoyOjNMHvF27n2mjdwcN8Eo+6KiOssHT3MV79yMzfdPd+9wrf+JL/13osYffEufvFPDvODP/IerjlnBFjhgb/7LX7/1u/j3/zWleyrHebGf3cbUz91iLe8Yi6t29Q5evfn+bO/vJ1nmOGqa9/HtVecy67sj3Bt8Wm+9om/5ob8NoHZKw7xg+94Awf3jBBlTxKt2grP3PnX/M7HD5+swyMIgnBGsRMfdsqo1Wo0Gg3Gx8cIQgWEJAoS0+CxF77OP7z0WYLkAfbvsUwH4ygMqGykpRxHQRAEQRAEQRCENs5p5nfsu3DPTnzwQ3P6IUcd7Y76ApFvXQoEty7hk24NtLtQeV0lOt5gTXKuTK26tmO9/3t1w5IGecekowPm1cHyers/q/K+AUPvDrsqPQEYC8ZarLHt3y4/7slIxnzV+TA9lgrPdz8N3zyaio1vuhAumkvLnO11oytgbxVeNQHfuWfz21fZIAJraO+7shbQKJWeY6eBaxQdTbhgwEPPbNXuY+gp7Z+Psi9FtmE7kIrcD29QQm4d27YZ03Z7EytUrDiwa/uIvw6l4MBUur+PHAPTAiKLG+efjW4YWgQu+9rl7yN+2Oey8MT9wjkDPZ+L8gYbY2i1WiRJ0i7v7sd+rlygVDTdDPnw076g7bfdHyDkfvw8vv7flfx++lEkisJg++zEPlERgE8xb7rq9fzo+6/tW+ZDH7mR2+/8xilpz+Xf+7P8xNX7GQWI6xw/ukyLkKk9M+w65zIO/dB5XDj1h1z35V5BFkKu/bHv45oDYftz1DXEa5TLf+mHOLgn5viLx1gcnWHf1Aj7rnw3PzvS4vP6HVz7qglai8c4uhgyddYMo1Pncs37f5Ro9Tquf7RT0+y3/SQfePdFjEJavgbR5Ayz4xPsO7AfEAFYEARBGAylFCsrKyRJwtTUFMqFZ1LQMMvc9uAnObL6VerjdaYnxqlRpxW3qCZgTfaHTumT8lIrCIIgCIIgCIKwHXEighN8XY5Jt8y5s5zwUBS2dLN0hTh2+lVOzO2eKKkn+2893a3v+q4pSmGN7eQV7nLXlol1XdJbn/r9KdvRq4o0PP8wu+0W7KAlDeNctHW//U4E9OcZJ7oU7NVmef156U+cwFqzIwC/8Xz4zksp3O6eCN45t/nQz0Cn3yDbaWtIRd/s+jLWorOTbD2LddGxKD2jZTrtwAMiyhXi4de3Pdu12Ulva8EN2FVVnDPjgl9vL5wIvNyAZxYtKgCrVVv7ZfBo0IWu9FIxOBcCvyzccde62b0zL4gW4Yu+Dnd/9sMtu3a4ck4QXq8tw5If5FPUdrdfbuBQq9UiCAKiKCIMw65c8kDbKezvQ5Fjumg7Ow0RgE8xt9/5jVMm7q7LVT/KP7l6P6PUeearN/FHN97L8fbC/Rz6qR/j0KsmOHjoh7j2/v/Gjcdz649exFWjdR655dNc/3F/Xbd8PwfNYW787T/lC9nCy9//i/z0VXPsetV7eI+Go3d+iN/4yCPpwtmr+cVfOMTB8Tkuv/q18Oi9WUUXce1bU/H36Ff/G79x4/OdbZzzJq69rLZ1x0QQBGGHkA+LUpQXeLuOjHOjHP2RhP5DbG2tRtJKmJ6ZwOWtaVnNauM5Pvvoh3kqeYBgT8BYGNIMNCcain2JJkJBaFHGZCN9yx+420u26TEUBEEQBEEQBEEYhiRJaLVaxHFc+j7pu97cZ+gVG9Z7i2rrl12WOm/FMuVFFZTts71+7Sj0SRa5edviqFte4vRsF3WWT/+ds7M12/6/W15sL3HKbOHx6NTn8timrexSh3NtU5151ltm2zuEpSP+gkWr/u/LG8G5S7XqPu9KlTtPLx5Pl22NM9WiFW2Xc3qYFUplJ04pjCX97By9SrWPW9rYfJ3e+bWdEQI2d967L9fea6L3s7tKiq+horI9HlWbuw6s7Qq/bVuKAM3eSRivbD/x16EVnDsNJ1YVtRbtXMBeTO32BecFKFgXW3SIC8sVu1Xz98aiXOlOBPXrajabheGeBxU+8yH8/fYMm093I32KbjvO4ev2JwxDoijqErLdfvrkI0xsRZu2OyIAn5GMcPC9/57r3tu75Oidv8ZvfCSdvvZtB9kFLD30af7zjffmSj7PzX/81+z7wE9y1ex+XnfoIm68PueynRxh6ZbruO7jRe5ggJgjt3bEX4AHPnIXRy4/xMHRkOjFu7jBib8Ax2/l+oe/hQ9eOcOu3RcBrk37GR0BWOH4k574C/DM7dz4TJ9DIQjCKcXlPB92oMtG1xOGp5/Qu51FXx+lFHEcs7CwwO7duwnDsC0Kr62tEWjF9PQkJtEQQGyaPHH8Hm555kaWg+eZnKwSRxBYjbEhNRWyGsKYsYRpDC/E/isIgiAIgiAIgtDBGNMO+QwdcSAvEqznXlsP/5W1LV1t8DV2K95+i8Rff571JrrdlEXiRL6GYiW7s9SWLMkmezS/jku4e/t9HKLKa7t166k07LP1+hHcspxA+3Ki2bp8xAraLm5r24clDQWNItUNu49j/nOR6u+fD+XPd9vLtOHOucxdSOU+U68mX/a1pWX9ZbbrY+dcu2tBx5pqCHMT+X3afoxEsHsMnlmy2AisBjBouiO/FX1H+gXXdscw/3UY5v5Xll/XCZz+tBuEkw+3ny83aP35e3XZ+v1yAPshmvPl8uJtPty1M63EcdwVrjqf4zffjjOlb3OrEAH4FHPKQkDHMS1TMLvlpt7OhXsA5jlyy10llRzmpiPHuGp2jtl9r6UnzHLzeR4oFX/T5Y98Lj/zVo4vH4JROP7Ml3kkt/T48/PUmGG066/zgzwz/3YOjk5w8Lt/kh/UN3PDnTkhWBCEl53dM9Nd97dB72P+ffHRx49wYn7hpLRP6HCmOX7zxHHM0tISa2tr7Nmzp53jZG1tjSiKGE1HFWE0xHaFrz3+Re5b/ApmfIWRaoQOAoLQEsYBdWA1CFixMGMtoXEvUMWhnARBEARBEARBEHYqeefYRoRe1Y6V3KHLTed+ZwLnRt9iB13PMwB20Sdab7vBvdOe1FrQ9r4hYL1ttjVAVVbAb0zvtO00oWu10g177XMioHG/jd+nkDbudHlXfvpE6ry+eG7zorQLAW2sTU3agNYGrOoZhFB4TLuV4a7zZE2uiBN+i8YBDHjh5rV/2/ckd7cbugcjOLO3CzNuE4syATMTMBr1P7CtGz+HeeSJwRp9EtEXnUP0g99VuCxQiulRywsrilZisToNad12UFubhVbP7WvvrSoldwHYgnld1RQMkmlXVeAQLlueXz8v2G6kz2/YdfqVL8oH7Le3rHy/+vLTgwrcOwkRgE8xpyYEdJ1HPvUfue6WfmUmGa0AzRWOPlpe6vjzy9SYY7Q6wkHoFmyX5/lqv00kLdb6LG6ZAvG4QLSGeW78zO1c+ANXc+HURVzz/p/lmncf45H77+DGv7kdMQALwunBifkFPvSRG/nR91/bFnTXu9/54u+HPnKjiL+ngLIHnbwQvJ0eiFx+qSAI2i7fKIq48MILMcbQaDRYnF9gdnYXgQqwCpotQK1w492/z5PBA0xMR0RhSBCE6cjC2NLCiShkqgAAIABJREFUoq1imSkWWWOPXaJiFIGK6E6s5GEtxiQkJIDdUIeHIAiCIAiCIAjCdkNrTRiG7QG4+XyMg4QUhe531m4Xojc9pAhWPmN98q90pYIPTjTrFn87wm/XBImFlRbMN2C1pbIu0QK7YZGY21VI5ab6FC+lSDXOhQq2YEkFz1Sc1On+WZWJwAaTwIExzQWTQ228tzW2pIt4SJ5dgPufg3NmUpfnZlCk4Z4fW1AordFaobRCK525nlV6rSiV5sMtDYNdNr+oTNFFUKT6Q+l5K1hWLtHb7uKAzZTjtghsYTpQ7I0Gc/+aBx4jue3lj/anL39F6TKlYKIKkYZWDDa02XnsUDYQpFMg93ETXWpFwqjv4nX5cp3L15VzOXPd/TdJkvY6Ll/uetssW1bWtzVM/2GRK9jHF3GTJGnvn/vb4sJdu313DuKyfsx+wvJOQgTgnc46Im0bE/fm+E0K5p0sHryZ33nwDq76R4d4+xsPcs7UHAff9G4+8Nor+cpf/TduePBUNUQQhH44wXcQETgv/kr451NDUYgVf+TddhJ+He5h1hhDrVZDKcXk5CRxHBPHMY1GnemZXahgNB3NmbQ4uvxNPvnIX7BaeZGZiXEITeGIQYXCoGjqgLUgYMwaAmvL3+UEQRAEQRAEQRB2IK6T3nXYx3Hc00E/TMf7sG+mRQbLjbCuIza3wW59Oue284RfayE2sNyCZ1Y0z6+m5UYCRahP99dLty9BW9S21mJNqggaC9akgkwzAb1JgaVpYC3eglZb+NLD8KYL4crzNldXmmtYsdpKxV+tFUppVJaU2C1PyypSVRhO9zPbS+fC7ly7qivM965sPycqL1cbh0O/7lWEh97Wt0w1Aq1BxQX9YjkxGApkfFUg+uZvJEPelIry2/oCcN4hGwRBewBOq9VqC8CnE0V5ifvljI+iqEv8zYeUPt3273REBOBTzCkLAb0uNWIDjM5w0SXwhRIX8Oz+SUYBGsunTuwtZZ47P/OX3PkZmL34aq5939t53ex+rrn2hzjy4F9y58vdPEEQgMFEYBF/Xz7yD0dnSv7fJEloNBporRkbG8NaSxzH1Ot1xsfHiMKQxFoaLHHv4Vv4+vFPYydWGRsNCUKNyvKIQO9oS4uiqUJWg4AJY4gSQ4hm+73ICYIgCIIgCIIgnBx8x6/L1ZgkSZcbGLpdXuURqjbXlvVWz/smN6LTdJXpiv/bkYFtWziFpQYcWVYcq2vmqpa37lPsH4PZKoyGEJzGr5e+i9mFJrYWjElDLBsD1kBiYLUFq5sUb9cMPFuH19nNH5dGDH9yG1wwC7vHN16PywH8EwdBB6lYGGhQGjINmEzPaoeL3o5Gw/a167nabSbyk53rZ5cUx1ehuk7459MBNbebys/9MCrqL4NFWqGzkf7W0EkenZm5XfRn/16x7n1qyPtYWX+d1rp9T3Xzi0JDu/us1ppKpdJ2Abv5ZffbfmGS+w3aWa8PMb9umcjr/01QSrUFXzegKC/0+vuTF8G3u8HlZCAC8Cnm1ISAHoQ7OHz0as45MMOF33olPFqUB/giDp03B8AzR+44tc1bh+OP38of/dF+PviB1zI7NcdBEAFYEE4jikRgh4i/pxf5UYN+mBj/welU0+/BNB+qutls0mq1GB0dJQxDTGJoNurU6qtMT0+jVEAzTmgmx/nkN/+cw/F9TOyuUolGshGS/R8MWypAxRWaOqCmDOPYHu23nVfHtSv7t+meC0EQBEEQBEEQhG1AXuR1HfkuVKf7KeucXy/fYz82+9bVs34+gu6A6/cKOOnC59cU9x1XjIfwrnPh4l2KXZVUONwOdIuB2btvJvi2hWADSQJxwmDRJvuQWLh7Ca7eDbtzLlOt4K0Xw9nT6fSr9q1f35PH4YY74Z9ds/Fj7kTdiQiCIBV+A525RlVab5cArLZnqNm88OuL/iYBqyHK1O3T/voNAsJr3446Z++6RdvnDDdwQ7XFXz8xsj0J57SsP8p3+voOWH+wjSsHdIV89kVj18+XdwSXhUze6n7Afqno3Hb9kNZhGLbTCbhy/n45Udtftyw/stAZyyDsOOa54euHqQG7XvVdfODa1zLbtXw/h37qfVx1FrB6mK/9XUG+3lPGt/FPfuhqDs7mZu8NiQCa9dPAnSwIQp7b7/wGH/rIjQBdIrCIvy8vRbl+Tzf3r3swbbVaNBoNWq1W+wHXf9BzD7lAO59JHMfUamvU6jVmZs7C2ohG3OSFlQf50Dd+m6fNfeyeniCKwtKH23zHgwXqgcJYaCpFU2fhnLpWOimHQhAEQRAEQRAEYVvg3tl8sRcgDEOiKCKKonaIUhhOHLPr/Ay7Hqy/bmHMV8/92p7thcb1lycmDfv87Kri7pc0e0YU//RSxRvmYLq6fcTfYVEqFUY3yyOr8Nnn07DZPlqnou+hy+Gdl8HZM4PV9/ePwT1Pb3yMtr9fg1ZxOvWzDEP++u6IwRaTjWrYDpevfvUlBG+9cqh7jcIN3EhHN6TuZ9se+LDeBbTevcofLFKWt9YXfZ2I6+6t+agK+ah++cE2TlB1oZT9nMF4bdkow/QnFoWtdvNd/mL3d8LVXWZM8fczP7gonxt5pyMO4FPM6RMCGrjlT/mz/b/IT181xzlveR8ffON7OP7SMi09ytSeCUY1EB/jqzf8KV84+a3pwwwXXnklb7ni7dSW51msAaOT7JsaAWKO3vtlbn5Z2ycIQhm+E9hHxN+Xj6KQMuuFgznVtFotms1mV5gXN9LPTTsxOEkSwjBkbGyMJEmo1dbAWqanpkkwrJlFHnrmDu566dPUJ+YZG6sQBiFWdz8ou3qLsChWQk3S1NS1po5lomVE9BUEQRAEQRAEQchQShW+WxblrPTL9XsP3cgb6pDm3fI6LFm0qMHW6A4Lm346VoOHFhSvnIIfuAhGzrCe+KJcyQXDpTfMJ45BawHefgHsnew4bAfFb9tiHT51P1y4B6bHhm/LVu7X9iLzxGZW4K34fg2MVi7U2vDrjo8Sfve3ouYGHCGAb/TNnL6Z+7e9r84Y7LuCN0C/iHdFP77AOUikPtdf5vrOnIjsXLW+UNzPEdyvrcNQJPjmXb++Y9lvX49Bw+u/KwqFna8zL5LvRM6wPzunP6dPCOiUBz5yHb/z7Pdx7Vsu48I9I8zuGwGgVVvh6JP3cPPf3cydL7u99ikeefxcps6dYXRqjtEpwMTU5p/mga/cxJ/d+vzL3UBBEPqQF4FF/D19cQ9D+VAqJ2MbSZK0OwHc9prNJvV6nSiKqFQq1Go1lFKd0M65cGFaa6rVKmEY0mw2qK+tMDIyQqU6SmwMq/Xn+PLhj/F47R4qk5ax6hg60KDBmsEf/AyQJJrYalrasGY1daOoYjChBWWx1mC0hQBMK3vRVDvz4VIQBEEQBEEQhJ1JXvi11tJqtbpCko6MjBDHMXEctx1t+fW34k3KaTSbqWu9dYvdwKlI1jKKb84rzh1XvPv8M0/8LcOF0t0KbACfmof7n4ArDsAr96Z5fAcRgo2Bh46mOYoddz8Dtz8Bhy4bvi1uv4YRQLebA9G5fdvT6VT7Qm87YE9WV4fWqEvOJ3jlBah9e2B0BBKDXVjCPPkc5t5HYHF5oKqCt76e4FteM/Q56KT3AtVO/pvtuwKFyj6pLRXBffHSTTvTg4+fB9j9LgvlDN2RGVxfm+8kzoeFPlX47mYXGcK1y48S4X58h3O//fXL+CKw63fcieyQPz0vL7V6ndGREc45sI9nnjs60DrnHEgTGJyYXxhiS7dy3b+7dej2PXPrR7nu1o8OvsItf8ov39KvwEf5jV8ur+/6//vXuH6ouu/ihv9+FzcM3kJBEE4zfMFXxN+Xl/xDT/6h8VQ8+LkRiK49WmsWFtK/d2NjYxhjWFxcZNeuXQAsLy+3l1Wr1XYboygCoFGv0Wy2mJqew2JJTJMXVh7ik9/8ECuVY0xMjUIISnfyHPus90JgURgT0iIEFE1taYQQGZeHJDtmymZvC9nY4O31ricIgiAIgiAIgrAp/Hcr12nvp95xgoPWmiiKuub15ggeTEi0fdx4w77deubdAbbrOee89VyY10cX0vfCbz8AU5Xe9bc7/UJob2V4azUJjx2Hh++ESpDVPUj9Fhpx96x6Cz58B7ztYhivDtkOht8v//rfrji913rTbKHID4BSqMtfQeVHvwd98TkQRRAGHcXdGIhj7FqN+NO3EH/0C7DSJ9P07DTRT30/amS4k6zcf9ZiFRib5jku21X/+h90sEm+yy0fHSEtY7vy+XbW7eTCzYfSzy/LO2WVUsRx3BaZwzAkCIIeITh/z3bCrB9S2c3Pu4dLo+p5oZl90dcXs/1+Or+u/N+Usny/+e3lj4dLG+e3Z6cgAvAp4Eu3fJXvfud38IF/+XNDrytCiSAIZwpyPzs9GTSEzMnYZqvVotVqkSQJ4+PjKKWo1WoYY5iZmWk/YFarVYwx1Ot1lpeX27lBtNbEcUwSJ4yMjNCMYxpmmcdevIs7X/gUqxMvMjpeIQoijDLtbcNwI3EVilhHxIRoq2hpw3JkqDQtFTfke5u/1AmCIAiCIAiCIGyWolCfPn7UKbfMd3+1cwcnva9YvvOy6+216FUsV7itEXtl7SDqTcG8XrHXtrfhXJOrLXh8Cd66V3HexACvi0kCtVo6XamkP0VYC0kNbAI6gmCktMqWMawlLRSK0SAkGjZ+8jqU7dJGhNK+29EQnQXxYucQbYYTq/B7X4L/7e1QGUIZUap7v/KXzxmHIg2HRue7YslMA3YL93lijPDd30b0vkOo8dHidugAwgA1UiX64fcQXHEZzT/8CPaRJ3sV1WpE5Z+/Hz01OXRTFIBNc/4Gbg9d2OesRNl4k/ytwi/nT7t7ge/4dZ994TIfTSFtWnno6HxfVz9x1I/65/rdtNZdjmPXhvVy6fqCc1E7fSeuL/wWOZn7/f0oyx/cj7ygvZH882cCIgCfAj752S8Caf7f3TPTA61zYn6B2+/8RntdQRAEQdhK8iPf/IdM9zB4skThRqNBq9VqC7ljY2Osra21Q9KMjY21HcKOMAwZHx8HoNlqEbeaNBotrDFElSpoxULtae587nM8tvwN1HiDiZEJgkBnD+tqw/ujgFgF1Akw2WN9QwUkVoE1EGTHS2WhgVRMYmIw+sx8ERQEQRAEQRAEQdgEeQHCz/2YJAk2i3rqCygUTPfQb2H+5WyT8aGtN+HEX/f52RWFQvHmvQOIv8vLcM898OyzqZi1eze87nWwd293OdOCpYdh5TEwdQgnYPKVMHFxqpJ6HK2vcvv8CzxbXyVQivNGJ3jzzD5mKuWC8VaxlSGgHcFYKgI3nmJLwg///WPwLRfANQcHb6vbr7aQt/lmnN64kQ5dMc7pqKFbcQB2TxH95PcRfuebUQMOUFBKEVx2MdV//c9p/sFHMF+9p9NGpQiuvpLgyg3E+IbU2ZxZzN04fxfuGV/gZGATeuF0PtSzb8zI57TdKvKhlF2oZV+c9YXgfGq4ssE8+Xb67Xd1OrdxPxH3ZImyeTfweoL2mYgIwKeIT372iyLmCoJwRnPdb/37LannF3/517akHmF98oJo/sHoZGGMYXR0tD3ib35+nmq1yvj4OGGYPpr0eyCsRCFhGGDNaPbiEfPEifv48pGPsqCfpTodEQaV9MFdKaw1PXUMhYIERZOQBIXC0ELR0IqqUQQorAaUbo8At5jsxWhnPVgKgiAIgiAIgiAMg3MDd3XON4aroycok8rmZdN5HatH/B007HP7d5HfL/2/aeBEQ3PxLtiznt7aaMAXvwgPP9xp4FNPwUsvwbveBdOZkcgaWLwfXroVjHdwVp+CfQomX9GedbxZ56YXnuChlU5awcdXF3muvsaPnHOQkWBr5ID84fNN11vpAIZU366cBa3jYFY2X58FbroPLtkLBwbzaqH7OIAHFQRPZ/Kuzfa0N699lW+FA3ikSvj+7yL8jjcNLP766LNmqfzUD9BcqWHufTiduXeW8NDbYGzjAx08KTO7r6j2Cbakmb/a948NHoR8OGVf/N1wu/u4Y/PO3HyOYP/+63Lz+mGhy8Tgfn2KfphpJ/6WXWNFbdwK8tvz27aTEAFYEARBEHYQ+RGF+RAzpyIU9Pj4ONZams0mCwsLTE9PE0VRT9iY8n3IHLeBZrW5xCNH7+CuFz7NUvUFxiZGGAmqqQBL98jyjaKsxSpFS1VoUSWyNVrashJaRlqWUWsxIvQKgiAIgiAIgiAMRFHuxy4RmG5RsY0vvji8cbe2QAQupCy08yB0VOBs8G+6nfTHUosVtURxzewA44Gfew6efrq3oUePwuHDcOWV6ed4NXP+5pRxU4OFe2D8AtAh1lqeWFvi8dWl7mLAkbUlDq8tcdnk7kH3dF26ToXtnLPgJLwe6wjGLoaVexniZJXz6Itwy6PwA1em6WbXQ5Hu107JHpqey9yXzfUZKbvpse76ilel4q8X/a328BEaR57uKqcCTeX8s6medwBVrXT17ej9c4Tv/XaaTzwLSyuEV1+JvvySDff/OId3el9KBx44qdCJv9YXf7PfhcEEimLWZ81y0Q7y6dhOhgja1SRPAPbdwO4e7IRa363r52YvE1D99vqhnl3qtiKhOL/PJxtfgPbzDe8ERAAWBEEQtgRx7m5PigTgrX7YzD8o1mo14jjGWsvc3BzWxiRYAqUhbmEDzVMvLHP4xUUqI1X2zoxx1q4qE1FEYBUmscTa8GLtCe556kscWfwG7FpjanQXSmuMsmh0JiaDF7SHdhIbhhzxZ6GJoqkUoxaMgrVA0Yg1I6Yz2hub9TKcCUOABUEQBEEQBEEQTgL9BICO03AAnMjrVzGkm3dYbO63Ez7dRDOBVmI5d3yAF8LVVWi1eufHMaytdT6bJiQltmjbSsND67Sbfy2JadlegSOxlsXWkNbqAUks1A2stCAxEAUWa9XWh4Ieh8rZ0HyWTSuxxsJnHoQ3nA+vOKt/WecwV8qe8a/5fijzzjz3UWEzWXhTx2GkQviOt6Anx7tmH//ITbzwu3/WWz4K2fW2qzjwb36e8ddd2pmvFMHrL0VfehH2uWOE3//OLITzxvD3S6lsIIoTea3ycgFDaoPuhIQuxRN/3aEtC/c8qCmip91qsJRneedvfr4fGhpSQdi5eOM4brfbD1/tHMTW2q7yTgh2LuKXk36u5Z2ACMCCIAiCsAPxR/sVjcbbqlF4+XA2q6ur7RDQlUoFYwxaB2ibYGLDakvxyc89yOfufIYHW5r5PWMElZA9KuGV0xVeOTfOa8/exVjlOR576fMs8DiV3YqgUgEVpxs1qcxrFaCzEFTGYtIprArQQzzzKdKXw5bVNFAY0pGfMYqaVowr0yUnK7vpdFKCIAiCIAiCIAhnLOsJwKV4IkrhG2ufVXMmvA3RI/6isuhTnUHBsU0F0anqABVOTkKlAs1m9/xKBXbt6nwORiAYLa4jnEjtsaTHcjKsMKID6ibpLqYUs5WSOjaAIn3vXothNYZ6nIq/QRYqOTGW8CRYgStnQbIIyfLm6zq2AtffAb/yXVDpo5I40dPfnTNJCC77znXm98Y93sz+q7P2EFxxaf9CWqUWXGOgFbP0xX+gdewEl/zl7xLt3dOpa2yU8O1vRu2aRM/s6lPhAO0i03RNrl/MglUW5eJA51cqq6zkflQkvkLHPDFsf9ygoqbfD+jPy7tj/VDPviM4n0sXaKdxA7pCSBdt6+WiaJ93EiIAC4IgCMIOwj1oluXCOBkPZ24E4fz8PFNTU4RhiFKKVqtFGIa0WobYar72zWf5w7+5hcOrAVE0y2hlmqeX4cURzcO6ym1LCfqJVZIvn+CsswJe8dp3sXsPTEbLzNpnmTXH2c0JIrVEHC4RJBXCuIJC0QprKFVHWYVOAqweLuSLRdHSFWJbwbBGYA1YqAWWmrGMAZ0n/+xYcno87AqCIAiCIAiCIJxu5IWOfH5KP6+vbf/nrZ+flwsL7c8rKpYrsn57Cycyz6B179Udt+RA2ufZZ8MFF8D993fPn5uDiy/ufA7GYNeroPZs6vh1qACmX992/wJcPLaLc0cmeHRtsavKSyamuWh8cwKZT9PAQhNaCcRdr9dpJK6WGSy08rDoKkRnQbIGJOsWX5evPwU3PwDvfV15mSzoF6HaWaFjoTPgotNfZDu5tTdIcNXlqNE+IySU4sCv/CzT7/oO4oVFnv/N32f57++k9tBhlm+/m93f847u+t70Ogi24GLz7zfZb/8+5JcrDfpmCydzjmrbk7N3s/1x/cRjN78s766bzq/vzBxd+dnpdtT6YrDblhORy+o9VZTtswjAgiAIgiDsGIoeMDfz4Jlf1xhDo9Gg2WwyPT2djg5UFpsYgiDg+PIK9x85wcdve4y7H1umZecYizRJFFBt1dmHpladpBZWiUY02AQ9MUpNwVPPTmCrUyyPK55WrwOtMRgilbCrtcyIOsEIxxnRK0wlS1TtAqN2jcDGqEpMxdao2BohLe+JvtNDYJXCKk0a7yfGWEVLBRirCK0iyRzAq1gqxhJgsJjshb/7oVcQBEEQBEEQBEFIWa8Tvud1dL3X07w4PMDr7FBV+uKNspng2xUMliECV3cIQzh0CKam4KGH0obv3w/f/u0w7oXHVQqmLk+dvie+loaDDidh7lthdF9XlZNRhR855yCffPFJjqwtESrN5ZO7ecfcuYRqyFRIBSQWagksNVPhN6+7W2tRWOotxUjYPw/yVAhnjwzfBnsO1JqQrAy/bhF3Pd1fAE6SVAQOVVLgAt9hZDuu1cbzXulLzu9/YSgIpiepHJgj3DPNyKsuZvnv7wRrMUu9J11FWyNxKZUJlVlUN5f4N93T1NLbnvaa3zNYZQBOtVlgENevvwxoh2/28/rmhWBfeHYhpJ0JxDmBTyd2oklDBGBBEARB2GH0E3i3wgXsRgk68TcMQ2ZmZjr1GtAYvnDXEW6+/Qm++dgCKg6YtRUiBWG9QRzARDNgYkzTGImYV4o4ViQBmECRELGwEBMfWWD/uRPs2g2JjQGL0SGLdppFO43lQkgMxhgiU6FCnZAVxuo1tKoTUCNQdSb0AuNqkTG1yKhaZkQtEdEgtC10KuuCHaGpAmIUAQENnYWZtopIGWZsC4PBGEWMQQ+bZ1gQBEEQBEEQBGGHUuxcG76eLe/eLxCjuxyC7TIbTAQUBPDWt8Ib35h+jqJycWzyIExcnOX8raQhcguYiCq8/+xLqCcxCkXFE202irWp63elBbUs7VJPGbL+ACzNBIy1BH22++696c+GePUG1xsSay0tA2DR1rSFv2GOZrNlaLZOjXs40IpqRaOHyIU7aA7Zdnk2GQJ6drp/AWM58bc3s3b3g5jVGstf/QYAuhIxcukrNrHlddqFy3Lcx+HbXtat+G7kXuWHgnYia3sbQ1Q4TAhof52y9Vy7fHevMYYkSdBat/P8unryIa194deJwS+XEFwkVm8HEfiKK67YsrpEABYEQRCEHUT+gcdNO9F2K+p3wm+tVmP37t1ordsjCq21rCyt8cf/6WbufmGNSqg5qHfRaDVJghqJWmU01jRDSzWpcLgyTmwN47UWRiuMViSVgGYY01IBtROWY6pGJQyojCcEgUpzxJCF/7GgrSZKAqyGWhBi1SSL8Qw6SAh1TGAVqlnFqhZGNUAlhCZgzK4xZucZVyeYqjzLqK6jgWkWsLpJrBUWWNOWRasYtwGaAK2ycaGn/zOlIAiCIAiCIAjClrDR/JU+gwhRZSk4N/r6VZQbuKyutsvXDwNt2zJwRxAeFqXSvL8DlQ0GDnc7EmxN178ldf0ux9BPx1RKYRW0koSRMKARw9iAu3W6Yi20YlLxlyx0by4P7npX/LH5Jk8+XzuZzWwzNRFyyXnjVIYQgAfBr02p/gbedRmg72n1H+5m9R/u7szQirN+7kcYe80rN7Hh/miy/crGcnRM/qr3e20tdoMHwQ+LXHa/9O+F+XuiHy5/2Py//udB1ykSpvMR78ra4a97Klnv+O4kRAAWBEEQhB2EnwO46CEyLwwPKwo78VehmJ2dRSmFsQZrDasLNQ7fd5jP/c7NqFrI1IE5tBmjoWoQWrRVhERoa7EqoRYGHB0bY74SMJIkhFYRxIqwZYh0kziwmFDRbIQ812py4JIZxqcrKAUmiUFZlMqCcSkDGiKtUGiiSj17YE9AWUKW0Rq0tmiVhqzSKiHWVRbVXhY5iwmzwi6zRM0+T8QSOonRChIsNaWo6QCtNP6Q8O0wslAQBEEQBEEQBOFU4zuyehdSqKQWvV0NncPXq76v6Gu7C/e4fnOirzW2/UFtyh95emGzkM+LcScXriM9NKojCNo0P2w9TpisGpqxphJaAjWY4HS6Ya2lEadOZmXidKYi62vQHRW0ZP/cvFZsWK1tQcLiAahEekNu1PXID27YjL5sXzy+fiF3UWV9WDPXHuLAB37mpF5HSmX75d0cjG3bC9JrPRv0YZX3LV/nflW0OO9MhfX7jzr50W3h/H5ictFyvz5/8E4+D3A+PLQTdX0hu59IPQxFbdxsbuR+9e8ERAAWBEEQhB1EkcDrPxD5D28becjSWjM6OoJSIcbEWFqYluLxrz/OnR+7i2fvfI5KUKEahMzWDc9PWUITdEIIWVAWAqt5fiIEFTGWBARZEharSMMxA2GiUAkEzRa155c5khj2nT/B3G7FaNgkChICnf2oOP0hAWUAnb7AtHfRoOiM5M0eVdvTI7bGRfYfON/egVIrrFmoWksABBrqWrGYWCZMQoxBWY1lc6PfBUEQBEEQBEEQzkTy70k9755bKGD1E40H3YzpcTaXRXzaeF7U0xFjYTVOnb9FApZVFtU+FN39Cgu1JrPjVZqxYiTafkfF2jTHcT22YBKwSab3+tlgMyGYzpk/U7oAipz2vja6mUEOyQOPEX7nm8sPltac/zv/hplrD/Ho9/8Mq1+/n8VPfZm1+x5i/LWX9hQVw0TpAAAgAElEQVSPl1YIxkZR4WDO+DIUOVGXtInrfqsHHKxSuOrLZBoYKNpCQd5g31XrC8hl9/SNCsEbwd8n6YvrIMnpBEEQBGEHkRd+tzoEdPrArImJMRjWjtf51B98mk/95mc4fscC49VxwrCCChQz9Zhqq9YT/qcRQlNXODZapR4WBttBZbMaASxXAxaDiGMnWnzz/kUeeMhwbHU3C61pTjR2cXRpkmOr0xyvTXOitYvleBxjI5QJiawishaMxlqNtQqsTvdBG4yyVE3CK8xtXJLcRqQWSEhIMDSUIlYKayEBVoAlqzEGQnH+CoIgCIIgCIIgFJIfjLxeqM6NhFbecDjmfB12fTEh533rhIrexiQWllqwnOT3T3VPu5HcdMLnKpW6gFcaLVqJpRlvLEfqy4W1kJjU/Yu1mLgFZNdpOuUdhc7wceX+PwPEp/wedDnoNxkC2tz9EHZpZZ0GKPRolX2/9M8IZqYwazWe/tX/Qlyw3vxHP8v8J76w8QZ1NtkWfPPf6fTXYBdxvlTP5y3ORTtoPUX33aLlxph29ECXm1h7ecSLxN28OHwqKDqO6/4t2SY5gLcScQALgiAIwg6jKNRzfnqYurrIHpiTWsKTdz/FJ//gEzSeaTExMQpjloiIlrZAwkQjFYBr1QhLkI4cVpaWttR1xPxIRCOESmI7yVfaI4wV9RAWRhRrYQgmQllL02iOvrjG0vIyF1w0wdTUKNgRmtaiW6BtWkdLNakGhpEgoYplLGigdQMV1FCqiaKCSsYYtYucY+/ibO4j0GtYW8FiSLQlQKEthNaAstSUxqIx1hJZSLb/O58gCIIgCIIgCMKWk++w7wkfOkxdbD4PcFd9fSrpLOsO6qosGDpS4HYPAW0srMSwVpjvNx8MO/vcdUjSD0v1FpVAo1WIAirh9nDIGgONJHV+N+tp+qhAe9JvZvXNyWfZhVgSD/gMYrMCsD2xSHzHfUTvfOu6ZSffdAXT3/1tHL/+Y6x+/T5O/M2nmPvJ97VFvvj4Aif+9tPUHj7M+JWvpnru/g23q2u/bDaUwxZ8n0+ji3iYPjzX5zdIXl4X6tkJqr4wnCQJYRi2l5eFWd5sTvh++yEMjgjAgiAIgrDDKMsb4uYZYwZ6IHTlrcnCRmOJWy2ef+wo9376fu67+QFGGWGyOgYtAEVMnEZgVoq1wHDefJPHZw1r1QpVYzFBi6rRPDZVxaoRKkZhlEJbRWAtCYqGtixHiuVKhCFExapjCbYGE8PqsuLRB2vMHYiZ21tlfGwMlCUx6Wt5QIU4gZUEViy8ZKdAGZSO0apFJYgZ0S32BA9xTvANRjmeepu1wSiFIR0R3bCQWE0Vi9aWWqhJwoQk0Sh5KBUEQRAEQRAEYQcxqAOsX97LQdbvciMyoNzmJ+R0n1VH1FWqv/jbrsa129twOu1muIHVp49INAzWQi2G1YKUtS4EsnUF07kdI3CWJVWpVCg1xnJsuYFWoKohJIpIb15A3Gps+z9IDDQTSxwb6rUG1li09tyNXQbozPPbnq+8RafRDq7DwA7S7LdiczmAabZIvng7wRWXovZMt4/VWf/0h5j53ncCUDlnHwDB5Dhn/9q/YO6f/WMwlmBy3NnysUnC/Ke/TO2+h0mWVjj6//wPzv2P/wd6pLqhZnVdl07k9/bTtu8drg9sYwRB0HbYDt/G8v68QdYd5B4dBEG7T9BaSxzHbeHX9Rfm68kP6gHa5Ta6r1vNThWORQAWBEEQhB1EWQ7gjYag0UpjtMHYhNWFNe798v3c/Yl7WHl6lV3BJIFWJLbgzdFjIm7SqARYFYBVLFYrrEYVWloTmAStFIqApg5oas1ypFiJwKjOG7fqetFK5zWblueeqrM4H7P/gGVu7xTGrBJFaZjmzgpAu40aY6osEzChX2RcLXEsuJAlZpg2LzBpXiJQzTSHhtIYBbFKt5nmLrZYY9Ih04IgCIIgCIIgCDuIzXSw+yFGO/V1C4VFtQ+cazM/oUqWr7e+U4qtN99XELep8Avpbq0lsJR7he91+dlMAMqmrVcuSwqssvfkxMDzi3VmxiKmxyKINIFSqYDo6aan+qj514MlfYU3Wejn5XqL+dUWoU2YiHQ+6DVO703bvn7LRyoBu3dFW7wHxUyOB5sTZzP8qzk/rdQmBWDAPPg49b/7PKM//j1QqQBQ2T9HZf9cT9lodppodrpn/tp9D3Psf3yEJAsLvfjZv2fq0DVMvfNtqAFNDT4aly81i0KXfdWVtenQButfqP3vVe359A5S8Z2zZWGMyximbJ5BBFt/ue/4dWnj8lEE823y8wP701spvg66z0X7uJ0GZmwVIgALgiAIwg6jKOzzxnMAWyyG1RNr3P2JB/jCn3+FqXCcST1BK6ljI1Bx/xed0bhFYCMsGqxmOYpYiUKagWI0sShjqQcBS5WQpWpIrFT6ZmYN6LQFyvoPsqTLiFE6YmU54fGHTnDi+AqvvPQAxjR79iGzJYMNsEqx36xwkAfR4RHq8W6aapqF8GzG9Dyz5mmm7TEi28CShXpWlsCmY6GVtZ0RqTt0hKEgCIIgCIIgCMJ6uPcl31Hm3GJlgsrGtlM0M/utOmUG3VzpW54t29j2oG5gOR4+gHFbGKTjokxDJWuUMlhjOb7SZKXeYtdoxOxEhSjwhNUhjv1W4ovAiTUs1xNOrDRZayZYQCtFGMBE4AlaSuH+dcUL7rMHe6YjpidPjQyjtSIMN380O3728uWbotkiuelLHFteYs/P/xi6MpxAvvbAozz1y79J7f6H2/NaLxzn2J/8NRNvfB3h7qmhm+Q7gLtDy/cGdc+f8TLx1//dva3eFTbafzSswFom1rrPSZL0iL5+ufXaXdSWonzDm2XYY/hy5Ck+HRABWBAEQRB2EEWj9fK4Bz3/Yc8P/9JdNmbphUW+cdPd/MPf3M5UOInWikQlBDqCBEw+XYrtrmesFlOpNFgeCagmEcuVcVYjTRQbajqkEWqWK5palIm9mXtXodPK20Nv8wSYxIBSGF3lpWMxK2tPce4FM8zMjqC1xtos3LV1luCEUVrsH72XicrzRGaalm6R0EDHijoTPKcu4zh1pnieaY4yYlZIbMSa1VSJqdoQjcHa3hHsgiAIgiAIgiAIOx1fUPBdZ054gGqXEFNeUe5z3tU7iMaQKTkqN8uvsqyanvnb+PUvNmne30GCtbaPSSb0pq7fLBS0tW1Xbxo5S2FUes7rLUOt2eDoQp1doyGTYxHVSsBEFBAVWEqLXKjucz+Kon33frYkiWGtaViqxSystWgmqbNZK9sO67ySwEioqDph2/vxndD92hSGmvA0VmEGERB9QXirQnjrRhN7w2d48pHDnPsbv0S4u9flm8caw9IXvsoTv/BB4uPzuYWWpc/fxvxNn2fux79/+Aa1nc2p4GuNhaDbSdzP5z/ovcoY0yO+Fhk1tro/qegcF7l+4zgmjuOuckEQdOUCXk9IzQvHaf9btyN3qw0Tfn35beV/dhKn8a1HEARBEIStpigEdGeEdecBLY5jjhw5QrPZpFqttvN8hLm3Fmvh2FPHeOyeRwnPjbBBQkIry/uTPVTlnq1MLhSPpsl0tcVY1ETbkHOnG8yGIVpr1iJNSytirbAWtAVtde5tI/8Alxs+rEBrm7qF6wr9yFNM7x5jYqKKsXXCUGPi9BgopajoOnujpxhVEagRKkGMsqBN0N5pwxhLejcNdRET9gSjusloZRSt90MyjrWadhwsQRAEQRAEQRAEoY3rhHfiQ5IkxHHccZ0x3incz1zpQrTmxGJfoOxaUIAfvVmRicYlYaf9ZYWmYruOCHSaYmwq/rb6NL5bsMnEK2x2erKQztZiMkFUazAmEwuz1+PEwpqBxRY8sByz1Iq7tpmvvwitYFcIMxHsimBEQ1QyKLxYvO/2c3ZcyypNP6XTweZagUo/sGoUlSy3sVbZxpTvQHRiXvnxO50ZRIjrCmEMBFuwr0opJqenWP7S13jk+36GPf/L+5h442uIztpDsGscFUVYYzG1OvGJBZpPH+XEDZ9g/uOfx6ysldb77H+4jok3X8HowYuGao8fAtpYCALXr1Pu9LZFH4qOjXcxJknSdQ/0DRfW2mwQzMkjf//NC7++KO2Lvq5sUX15wXqjYaq3Gl/01RsIC34mIAKwIAiCIOwginJ1AF2OXzcy78SJE8zPz3eNToTuhzerNNYq9H4NgaVOjUh1wnflywMEuvuB0SjLJDFKW4xuMqOWsCp99K7EGqMURlmUirHaoJVGE3jtIX2jpPOc3b1JBQQEYYJJLNZW0EsQrAYYkz54a6she6FDaWI1ibEVdBAT6nGsDbzwPTZ94bEKrcehMkcwOsbY+AzVaBRLE2NbKK+NgiAIgiAIgiAIZzK+i61ICMg7sJzQ4UeggsyRltc/1tcFu8qt59gtc/V2icZFlLjW2nOcmrjNqCdQG8T624U7r6n5131ID0Gapkkpmx0OxYkYjjVgoWmpJ6otlivlqeYDHDsLLMbpT1RPxeDZCuyuQFHkY+dG9k+Sv5m0vdl1qckGs4PSCq3TZS0LdQu7MvHXCcYlY97PKPxDp7yZW3mZ7z7rLJ49fISnf+U/Uz3vbKqXXEC0d5ZgfAwbJ8TzizSfeo7aQ4/3FX4dycIyz/z673Lh7/0HwqnJgdvhBitY0sEAHctzKvx2/qdrqof+EcHb98d8OjY3PwjSvqSyVG3+YAy/rvz9101rrbtcu/68fLjnfN9fmVN3Xcd47gJx9/d83fk6+wnJZcegqKxSqu1adsvybdgpiAAsCIIgCDuMstAy7gEJIAzDrofP/MNZz+eRqEfwzT8s5kXhsvqUqnTqqeKVqZTWV/S5uy22u16cSF1pHwd//RGlgIpXT/E2q9Uq4+PjbWe0oUX6QijiryAIgiAIgiAIO4t8KFM3Lx960xd/kyTpn2PSuXyzj87xW+T8Pan4VuF+i7dZDuDEpGLqoK1W/vnIuQSdZqa0ykJBK5YTOLxqWW4pWok7b+nJU9ZirRPSMmeu66tw28tt329ny8KJVtr+5xpw/ljqDC40YOYGifvmXeV+snJaK7R212x6Xa4livFQEelO2bTe7e3+XY+i60LhQiVvDdXREab2zPLSs8/ReOIZGk88s+k6V/7+Tk7c+Bnmfvz7UQM2VqtsvwoGkuQ13bYujLcgP7LEq6fntubdK8sGyThzRv6e6spCb5+eP7+9X5nz1V8Wx3FbAC4TRoucu3lx1u+j88XbYVy/ecG6rEx+20V/Z/zpIgF7q8NObwdEABYEQRCEHUTRA6Z7GMyHQykSa4f5nX+IG2Yd/3f+IXKQ9Xq36Y+OVCjVm5+3TJz2Rza7+VprKpVKWyjv55IWBEEQBEEQBEE40/HfMfu5fvPO38IOeT/Usi/G2Nw865UvahO9mkyf4uX71udzfno7yQvWDiv++kKvE2tTp6/WCmMsGoUBEgXP1OCJVUVsLMam8aCVIrUMW4vNRGDlWa/TessNlEXzDWlo6YdXYN8InDMC1aDPer5z17l56bh6le5cs0EaCxqrFIuJYk+Yve8rlbqFC7ZwJvYH+BqnVmmI7y2rW2umZ2dZnl+gvrq6JXWatTrHP/wxJq9+AyOvOH+gc+IGAvj0DESwqvcizG40/q3MN7bDYONC8kKl1rr9ncuHYF4vFLPv/vX7/fKuX3/dsnpPBnmnst8Gv0xR+Tz5Pjy3z0BhyrudhgjAgiAIgrCDKBr55uccgfKRc+5z2e8yN24/AXiQeosE4Hy7itrQXU9+JOIwAjCAC12VLg+CoCtfSr6efg+ngiAIgiAIgiAIZyLrhXv2HWdlnfHW2v5m2yJFt7CetOxmu/wLxd6+lW6P90BroWGguYmoqG5POxGc03O9FCuOrFpeaigMqdtXa4WxFmwqmjbqNZr1tR5hbGzXdLm9dACh//kGHF9cZKb+ElOjVWbn9hJFHVtwWs4Jvp12uwHfnd9pm1FZbmAgttAwivGgWyjcaa/+aY/K1hJWIvbs38ezhw9jzdYIdWv3PMSJv7qJA7/68wN9LbXq7FdZFGebyyHdLmvz5TJK7ldlYZXLROAwDLvuo3mB1w8n3bl+O/1eLq+wLwDn++pOtUBa5moelLJ+SzfPTy2wkxEBWBAEQRB2EEqp9oOeCyczjDi7EQE4X66foFtWZ1E7hxOA821Ox2an0/kyLhxU53fHBdzdiVEsFtNusyAIgiAIgiAIwk4gCIK2yJAXJZIkaYccddGT8hGoSikTULzF7rNfVA0o/haGdi3eZO+6XZbfznvmdsACtSR1z26E9jFSoFBksj0vtRSPrcJKS4HqDKRGKbRVWGOxynL3527kjo9d3yX2R9UqP/VfriesVHq2h6VHdTzx3FOYOGbPeRcBEDeb3PuFj3HnJ/+KxokXmRip8OrXX8VP//y/YmZ2T7vddL3v+5G+PCewVmT6L0ply1SaK3nUKsIut2hvXdsJ913th39lKwUai7FqS0NBT0ztYmZujhMvvLg1FSYJx/7sb5n67m9n4g2v7lvUWrLzXRb0OvutbCoCW9XJfU3nu7CVX38n6Gqt26nZfCNCXgAu6qdy4Z7jOO5xD/vX6unQfzWokcLtt38M/DqcUH467NPpgAjAgiAIgrCD8EPH+POgN1yMj5uXH9Fd9pDp6s0LtPk68tsrmlfUpjLhuizniDG2LfCm9fghm1397dpxL3BpfqLe8DRFOarK2iQIgiAIgiAIgnCm4wQK976Ud5q599Ag6MTmzb8z9XTYF1vwSjWWstDM67FuiOiebXYEz3b5XD7KobAWVlag2RhuvUGIKjAx0ROzt2WgvhlznBNRM8e2UooTTXhoBVrGey/X7prIVtNgLEzOnsW+i1/J41+/jReeeJTXfPu7mdq7nyDsuBadntYRbbvPw5f+/P+jtrLAj/1ff4gFHrrts3z413+BufMu4i3f9+M8/dA9/M2H/yf3fv0O/udHP4vOX3uqPRw8FTJVJvq6ENCQun91xxkco2hYCL2B5C8Ha7WYemsrBa7sHGXnyloyx7bFWIsxlsQYksRCqNCVgMRYdLB1B0BpzZ4DB1hdWqZRq21JncnCEkd+5t9y2Zc/TDA2WlrOZBdoyxa4f13HEP7CXKmyw7DJU+SHzHeR6Jwb2EdrTRRFXfdff9BNWSq4opDSL1dfVlk+Y5+itrv5ZfmS8+vvNEQAFgRBEIQdSJEQ7C8rehEvE3iLcndAf0G5KBR1vzaUhYYpE5DL9quzfv/Qzf6Dp1u3SODt13YZbSgIgiAIgiAIwk7BFxLy4Z6hN5rSQDkZbdevfkX6LlO5zwNRtG3rnJA2Xyx1A7p1XPzpgbdl4cUXYGFhmBYOxuQuuPDCHgG4ZjamTbmB0u1pUlfvS024f1kRQ1tY9V3CmOyzUgTW8pprDvHqaw5xw2/8KxaOPc+hf/5LnPOq17G2uMDXP/XnPHHfHcyecyFv/t4fZdeevTx+12187aa/ZHTXDG/6nn/Ci088yjdv/SzR6CgP3/5FXnHV2/j4dR/k4ivfwo/9h//OrrP2Y5KEcy+9go/91/+Tv/6LP+YNb7qaT3z0Bl552eXc+sXPcfDSV/OeH/jHzMzu4bavfIlPf+xvmNw1zU/8rz/H2edd0BZ9059OxLCGgbEwFYfdcUh/nzpx6amjdZ5+ob6FNTrh132PXb9RZ36SCYmzu0c5/7yIVqKIgnWqHRIdaGb37eXok09tWfje5hPP8OLvX8/+//2nS8skaYpqanFnm1ncuPaH7m917lyXhYAegqLrx79PuuPhh3b2180PvnECcL9t9Ou3O9WUidBF0QK11l0hnov+nuxEsbcIEYAFQRAEYQfhRlu78Fz9wi+730UPiP2crm40XlHIZuh2HK+3nfx0UfmyduTr7LcvedwLnnMCa+1eXx1+TmD38O1vy/3IA6cgCIIgCIIgCGc+vuPXd51B7/vgIOFmN/smdXKkjFyMV//jNhr/G5s0/PPG6I1ze7wFD69Akp04lZWxWXBoUCjtmaQtpLmAbUcsVhoFfPx3P8gjd3yZKw99Pw/d+lmeuPt23vsv/h0f/38/SFCJuPStb2d1/iVWF16ivraMxbC2PM/a4glefOJRrvxH1zI1ty8VicKQy65+Bzf/4W9x19duZ9+Bc/jb6/+Uy15zBZe++rX89V/8CU8/eZif/6Vf5bd//Vc5+7zzGB8f56UXjnLeBRcCmcibuYLd3rdMegyDXC7g7cyAYzHAwlqtBdbSiGE06n8Mgu/4FvQl5w/Vlpk4JlxcJG62hlqvH9XzD/Rd3sp00oXGAF+MLPxzSYCCLSV/33QDbJRS7agLSqnCUPtFgmg+Mp+bP2j45VNFkcmjyKhSFGWwqOxORgRgQRAEQdhB/MRP/MTL3YQdhcu3IgiCIAiCIAiCcCbj55p0FKXsGaaDflgxZZDQ0ANV4oUb9h2v61Vqh93Wy8Rqsrl2+kLLagJHaoqGO6/Zf23xN7UJtw+rcsKwsljrD+yG1YWXuOPjH2ZkYpIn7v0aS8eP8fxj32Tx2HNUxyd47pH7Oefga5icneMVV72VO276S6bPOsDr3/G9JHELpRSNtRWMjQl1mke4vrqITRJaI5MsxmkbPvDr/4mLLnklSmuu/+P/zi/80q8yPbObhx+4n7mz9nLg3PM67l+ALDewU6stUDOKkZ2orChFrRbTaMTEI2kY6LBPGOjw6iuH3kQEjGyiicNirCVOIDaW+YZpX7NdoZ67Y0Jnv1XPnJOFM1rkHb0uHLS7/zabzb5hlMsG3/SLwHeqKPt74QvX7neRwO1Yr/07TRzeibcpQRAEQRAEQRAEQRAEQRAEYYvIR2vq5/j1O/TL2Crxt7SwE3ldek+/Hq8yv4n+NvKhoTuc3uKCsalou1mUUiTG8lQNlmNAqa7MyBrVDoudhn5Op1PR16VOoq0Ya62pjIyig4C58y7mqnf9ICaJQWkufv2bufC1V/HALZ/hxt/5NeJWg/f/6m8TBGFaKYaRiQmuPHQtd3/+47z2O97F+a+9ivrKErf81R/RbNS44j0/zPOL88RWMX/iJZqN86mtrlCpVJjbt4/f+r0/5OaPf5Tf/LVfYW11lev+5C+6wj+39zvdeeomdTw77fPMFJU6bu9u9yi8cGyVmakKzUQR6NPLPTosiYFWYjlaSzDu3qVU+9oE2qM7rDvfp7iNZeGNkyRpi8Naa4IgKHX/FqU2O50oa1N+0FBRCoH8usaY03Y/TzUiAAuCIAiCIAiCIAiCIAiCIAgbRmtNFEXtcKRFuSfzYUbLcl4W4dLqujWG9qj5pj1P/PXrHqaarnkqFTbTik5vD3B9a9KqAnCsCc83/DnKOz+pBzh1zLoDnIm+bWs1uAOvlGJs1zTv/YV/y1f+6o+478ufYuXEMV7z/7N37gFSVHe+/5xTVd09w8www/upgoiAjwCaIBJR8aJR0WTFayKubgwYzcKu2ZB4Ex95KLp7fWRlVzd6Rc2Nq4ls8Ebj2xUN2YhkI6JBMMhDBQQcYGDePdNV5/5RVd3V1dU93TMjMzDnkzTdU3XOqVNPq+p7ft/f2ReQbG7k6aU/oayiinhZOVWDhmGYFsec/Hn++Ntf8p+PLuW8BYuZs+gmlt9xA8u+cxUjjjuB+r27sVMpLvq7Wxj/+TNY95/P4AB3/fgmagYO4MMtW1j4vR+wd/cu7v7JzRiWSSweZ8To0WnhVwQFP3+Qg7cKLTZUmEea+Jt9hglvh6n0se1Or93bwsih/bCq48QMDlsRWClFa7u7L3c32d6IEEhfKFx/cjKjFXLzfxe1HO9bEJ0WrZA7QpS1sZQy/fHxr8Hh/L/BMsHldXT9LdYWusPBPAUsnMN9Crcb/B1cd3+abdt56xYz0KgvoAVgjUaj0Wg0Go1Go9FoNBqNRqPRdJpgTspgPuB8wkahadHtF2mxHFUgpGFECr5ZCk1xzaanh8OGeylKQTEpTouh1YZNTV7Mb1rU9RdE1nYUvo92lgDk1psx9yomTj+TQaOPRkjBOX+zkFETTqL24y0kKqoYO3kaVYOGcvYV17Fz03qOnzaTcafMIF5WzrnfuJ6R4ycxYMRoDNNkxLhJXLXk39j27n+zb8dHJCqqGDXhRI4+8dQsAWnRzbdR98l2hgwfzvQzzkIakq9dvYAPt3zAuRdezLQZZ6QtoPFXKx3pm1mDFgcqennEd7HkWJ13MNLCcRSbPzzAyRMGYhkm5TK6XG9GKUimoM2BTxpTtKScwA7OtXnO/ru4/R6+1GS5CBQQPAsJmv5HSplVx/87GB3si7i+GNzRMqIIC9VR5fP9zreMoJ1zofUNEoxellLiOA5SykjRutBy+5ogrAVgjUaj6UM8/fKqnu6CRqPRaDQajUaj0Wg0miMQX4DwI9P8CK2gJWn4hb1PPiEAuiathrVZkTUjX4U8RfKIw7mNl4gQMGgwVFV1soECWDEwDMC1LE51k/axrRmSDqQjeAP2zwgQSqCEH2LtRQkG6vub6piTT+GYk0/hYLviL02wr92i6fhzSB13Nm1S8IEpGOTA8KlfZNypM5ABUWjA8FF88X9+PdAHGDTqGAaNOgbHsTNWvl5ksp/Tt2rSFzjv3HOzBKYvnnUOXzxrVo7wJALqb1gfs5WgXUGsBzTgAf0tZIHcuyWj3JhtAOWJhY5ykzc7jsJR7kfZjvvbcSO7W5rbKEsYtCAos3K3UW9FKWhLKdps2N9q83FDCgeQfqBvznpkBjAUWsco2Th8yuWL+g0Lp8FrZlDwDZeLst8PiqRBN4aOcrB3R8RsocjhYkTnqHUM9y/ff0+i8gP39UhgLQBrNBqNRqPRaDQajUaj0Wg0Go2m04TFDD8aWEqZFQ0ctoYOtwEdCL5hhSWjMaZdWgtFMqpg/dCCOggCTldWofLpCsGI11IQAvr3L61OJ0gpVwTuKvXtsK8tNNETV10hEc89N+CfHNwpnmV2mwO1SVdM3rzTPI4AACAASURBVN8uctqzFbS2w752wV+aocaCcf1gQMwVXdNpWiMwDAkhyXnQUccw49K/oV7EqbclNRahBoICn8iK/A11DVfydqNHYz0Q/TpkQJwhA+Ld1l5mAAaAwlG+mOae144C23ZQjsL2BGHbdoU2uz2FFBbJFMSMgGNyL8VRkLLxxF+Hdz5N0u6AlEGr50gVGMiN6g0SuhTkRsaT3/I4LAaHxdxwOf9aangDPMLX36AA7EcBh/PnhsXWqEjhzhAVKdyRxbP/HRZ08+UAjmoHsi2vg8vVArBGo9FoNBqNRqPRaDQajUaj0Wg0JRIUd33BwhchDMNI56X0czZG0ZkorbTwq/KJtgUqUljMKdRUuFkF+GmAVSlJhQ8RyhN/u5oCWCmoa/ejfyMQIKL2RVogdv/Z3w5bmgW7k664GKwf+pGmLgVrD8KwuCsEV1sd9Ta7jaMmfo6jJn4OcHMX97dAEhYrReTPzGpkT0ypCHfrw5Dsc0/gx2u70125Wwj3GBfePpYCbAfaWpMo5SDjMdqFxBBgyN61TXwnAEe5fW5NKXY0pHhvb5I2RwTEX698Vi5g9zvrrBahtvMuND/hyNSwKBu2eAZyolshI3gG2/HbMAwjfR32B+IUytF+KIiKzo0qEx4wFCWCBwmL5kCW6N1X0QKwRqPRaDQajUaj0Wg0Go1Go9FoOo1SKusFvR91FhQy/Ii0cERwULCIjDwLR/3micos+I4/KNg4hcWpqGbSUb+KHCU4vdxeLAQqoL0bNJA2BfvaCwnJwhOBQ9GNgdm1bYJ19dBsk7tvCwrnChv4pA0OpmBqfzcqOLpaHotbXOviBtvL4WtmIpXTXQkHI5NnBpByXFGxO92Yew3eSeWfW0EbbV8OFcKN+E4m20i12/TrFwPLxHEEElck9oNqD/UmCp6zjneeKqDFVrz7aZJPGlNu5G8gUF0gvAhm4RuHBzqu0qUKjvHIMy/TH5Vj3ZzPyplQnXCEbjja1Sd8/fWvwcHBOEFxtOD1N99qFrB6jiobJEqsDUcnB8XusFCeT9ANr4P/3xwtAGs0Go1GozmiKDSqWnPoUEph23bem3KNRtN30dcHjUYThb42aDSaw52oF/VR0Whha2i/vJSyoOCrcn50IPxGlRGFo3k7JOARnRMJ3It1hlRXw39xLY8PhO2fowgJQwKFUrC3DVbXBa24RQnCYKZkkyNYXac4fYAbCVyK8C4QtNrQaLsCcNCpOnsVOm7U8aKqjeIXf1jhH+qeNOkKvwKEkAjhpKPvBZBKpThwIEUsZlJZkQBDpiNvg7mUDxmeHbnC3U+tKcXWujY27m3DVgGxUIpM/zyxW0o/b7TXVlb/QwpvWPAVmcnZP/xuRV8fg5+gyJnPwjh8fIatlsNW0f69pS8K+yJwWAjubqIE7yg756AAXMgSuphl+fjrGmy7r4nBWgDWaDQajeYIpFBeJc2hxTAMvT80Gk0k+vqg0Wii0NcGjUZzOJMvYsufBmSJwH5uSv+6l7Fe9dpL/0NoYgiRZ3q4Xon6RrpKkZpBqVF0hwpF9+T/PdAGnRlurpSgPgXrG/xNWWpncsW3FIL1DTC1v6JfIJI3dwRB7rJsoD4FQ+JgdmF/ObjbtUM36sMA4am5/imoAD+XsxIghcJBIIXC9qNkhUIKcNzYWS8aOEVrawOWZWBZBqYhXUG1G84LBexqgqaUoioWOBqC+WS9f5SCNlvR1K7Y35Jib1OKFCITxSwEQgbEbW9dhT8GL1v9dZcvgsdZzux0J0s5uvPZPUeJsvnK+L/D4mq4bDAi2B+E41vzd0YELlVMLWT33JHAHV6PfH0J//cGMpHAfREtAGs0Go1GcwRSWVnZ013Q4N54plIpLOtIeBzUaDTdib4+aDSaKPS1QaPRdERDQ0NPdyESX8j1f0flt/R/B8XfsC10Rgj2Gy683HSxcJRdZCeLW5d8erMiI5DlW0ZvjS1TdE64DbOvvXP1bAUft7iiK9A5r2yVW+9ACra3Co6vCO7esN9wIOQ7ML3B7npOZIeMvXAv1P07jxBpG29fZFVpS+iM8KuEL5wqN4+uo3DcwrSnbNrb7bT1smu+DZGKaZHYCl7+GD6qdziu2vGikTM5fNOSracCC7dz2XbDfp+96XhCsLcimQbSdbM2THa3/Whfb/8Xo4eGB4nks3suRdgttJzgtTkoAgcH4oSjgTtDlPAaXr+o6OaOlhfeNsX0Iao/wUjgvoQWgDUajUaj0Wg0Go1Go9FoNBqNRtNpSokc81MW+ZbQYSFCBUXGEt7Vp4Wq4qvk1C88I6gihkWYgMhVMEFoz9Ad0b8ABzspALc4rgDcpW5EbFIH2NYMx5RDWSEf5oi6Tanu2S5Htpzkir1IELabL9f2p3lCqpSgHLeM9MR233rZPycEbhR4plXSp5EKRGpHnWFhd+WAWzPpyN1AtG4mP3FYAAYhhWdJHbRczrSjAOlHCOfZIln9CkT7lqIrhqN+wzl+/Wl+2Y7agWwnwEJ1fKE3LAT7A3F8Mbi7iLJ8Duf3DX5HCbRBETdKpA7bPkfNC26rvoQWgDUajUaj0Wg0Go1Go9FoNBqNRtNp/MiufHkpw/g5z4MihGEYmKYJrfmXk09jUR3ML6aNyEKeEqQ8P1w/q6hvTe2LXFmCVS8MBe0OoTNpQ1sn29neAu0RdW0HmpKwvwkG9oOKROmRtG1edPHxFaXVa1duTuOCwnERdJe43lvwI1mF8I535dkee/tF4AlxykFKgeOAISW247gisBI4TsZHWnjnif+dvbBQ5HYHKOWK0FKAkCod9ZsWlPEFR+keR67Xc8b22bN4FjJbHPYtqoVMhwYHGs21gobShP9gWcMw0teIYGRusRbIpU4vND8sjgYjhn1B2HGcLOE0GMXbkTjtL6PQehbqZzBS2DCMouoWipTua9G/oAVgjUaj0Wg0Go1Go9FoNBqNRqPRdJFihc+oaLCg+BBF/tjbjikpHjdcWIVn5q/Wm+mOgL6mVMdlIpetYEdL7rSGFti+H3bWQUs7DKmEU46BeCeyIHzcAsf1c4XBUmhOQf8uZl04EjOLpkVg9y+UUGlhXip3nYUUSMcVYR1ACklLazMNDQ04jjtIorysnER5uSv++ppqwFq6VKTbnYw1sx/BKwQIRWtTI0JAeWUVwejgtNiL8MRftyGZvuZkcgC7668CbWcLzJmN1LmVCF//Clk4d0SxgmahPMLBdoQQ6YhgX+D1I27D1s1++eD0fHbPhaJ6u2PATFQbvXEgTk+gBWDgX++8tae7oNFoNBqNRqPRaDQajUaj0Wg0hy2l2ECHcwQH8wfntJvnd0l9K7VCQNwJ1+2ord5oAd0dImVLJxtpTEFzoK6jYFstfLgXGlsz2/PTBti+TzFuWOnbrsl2xdyKEsXc1m7YMH0hqDCtsSJwJAg32BflB4Y6ICT85ysv8rOf3U9rawsg6Ffej+v+9u8597zzAyKhzMoJnD7VVPby8m1W6UXw4g8awf27rbWF539+L1Ysxl996weZ/L4QsoIOCsNuv7PEZBkV/RtBEfs9qkiUkNoTdJQ7GMixhg7mI86X6zcq8lfTc/Q902uNRqPRaDQajUaj0Wg0Go1Go9F0G50VMqKi4YL5Q4u1dI4qn/V3ocaUl8PXt3QO/s4qF7KAjdSG8kcx9yTdITNFWTgXQ30qs00PNsOq9+HPO6ChNdwvxScHO9+/Rrv0Op2oksORpP9mR4pmRFL3uHaVUhm0TPZ+S8P93r9/H+vXv8uE4ycwffrp7NtXy/yr5/HRR1sxpEQKgW2nsO2UG23q5f4WgOPYKMf22pNIKVDKwXFshADDkAhvGgCOje8x7dgp7FQbe3d+yP5d2z1HAUDZOE4KhIM03GnKTqGUg1KOGw3s/y8oGJOJ/k1vjBBR15pirl3BiNreSNgW2rfntywr/TFNM8u1IWzbHMzz21vXs6+gI4A1Go1Go9FoNBqNRqPRaDQajUZzSAgKDD7dKZp2KDeEA3SLtHINijpBTcP/3Xlj28OETq5am5fnd8d+2LoX2nKspBXlpsOw8hRjBthAeaeWk+xEsGFKByh2iHtuqvR5owCJAAnKAQflnk4ykzp3wTev45RTPs+yhx7kphtv4N131jFs6DBefukFXnzxeeLxOBdd/FfMmvU/aG5q5rnnf8vKV18mHo9z6aVfY9ppp/POO2v59fJfUXdgP2fOnMUll17Gp5/u4YUHHqa1/1G8e/AjZn/tm/xl7RusXfkslTUD2fvJR4w8diIKxfZN6/nDb3/Jpzs+YvyUaXzx4q8hhcF//OutDBg2CtM0+fI3v4NpxbIig7Pz/wa/M6jAd+8b7tE1oiydfRHYn+bnBA5GBGcN4gkJv71xUExfQQvAGo1Go9FoNBqNRqPRaDQajUaj6RFKEQdK0iALqDO+NiHCGk+WJ224jupQ7VH4ttZHoODRiVVqScGfdyve2i440JJrlxyTDuP6JxlT1cbQ8hRtVoLG7ultUZSaM7gvELRmz5nn/ZM+wqXI2EGTOZeX/vM9DBw0iHfWvU1FRSUnnDCJl196gdtu/SF/8/VvsG/fPu5Y8iPGjBnLm6v/wAM/+1fmXPQVUu3trFnzBxKJON++/m8ZO/ZYxh8/gXvvvYvavZ9y1lmzWLfy/9Eeq2DG+XN5/79/z3/8662cfuH/BAR7tm9j5LETaW44wK9++kP6DxzE5DNms+o3j9PW2sLnZ1/Mq08+ytETTuLsuVcigrnHffE3va6Z87jAZaHgNakrV4JSLPW7g0K5e33BN1guSDjit9i+f9brV+hY7itoAVij0Wg0Go1Go9FoNBqNRqPRaDSHhKDtc9T0KLr6Cl/l/PD+LEHREUKgvLylWUVF788D2x0yi1lCI0rBniZ48n14bx+0hbyWJYoxVW1MHdJMVcxx2xZwQMY73b9YJ5JdGt2wYTrbRGubTX1jqtMCVUW5Sb+yz1beEd6x7UcBKyVcYdS3hUYhJCglcJQ7BeC999bT2trKp5/u4an/91vGjjmWRx5exv79+3jh+edoaWlm69YtvPWnNbzw/DN88Ywz+c53votpWqRS7Tz4wL/x8ccfseKpZxg6dDg7dmzn/zz4b5x99jkAnD3/Fs488wx+u+xuBgwbyWV//yOam+rZtW0TCGis28vGP65iyOhj+HT7h+zZ/iFb/vwnTp4xi1g8zjmXfZ1zr7gWw7TSVs9px2f/OhQaHFLKXgoKv8F66XzE+eodwgtJVA7ffOXCrg1BgddxnLT421FbxSyvu8n335u+ghaANRqNRqPpQ/xzogpwPY6EVEgEEgch3N8AZmgIbM5DubTTZfPdQBmGkTPSLvzbcQLTlfRGCWb+tk2Bkn4OKInCfZpzRMZqRjkCB4UjXNshR4GDdH973wrXpsZGYfvlUDi4v13c5TtIlHAfXsBtCzK5nRxvHfzl+dhk29s4SqXrPFa/L3IbaTQajUaj0Wg0Go0mQ1BU6LLg60f4dtRYvmjfqDbzLqyYQoc/iSIEVkdBQxu8tRue2gSN7RCUSA2hqLJsvjCsmaMr29MRuApoETEcYXS6f5WdUDrinRCNw3RWx6pvSrF+SyO23bmDZvzR/T4zAThb6EtPRQiVfl+SPnU8lVg6Au91DY/+/BegFNdcM581a1ZzxhlnUFVZQVVVf6688iqkIWlpaeWss87ijT/8ntraPez5dDeJWILGpkZqBtQgpcEHH2zCMAxqP93DkKFDkN4BU1YzhER5OYnyCpoO7qfhwD6aDu6nufEgVQMHEkvEqagewMkzzmHsiVNpbWpk+Jjj6FfVHyENyiv7Y8XjacE34wQgAl+CYtX9qAjhUqOFw9v9UONff6Ms+sPiblTO36AddLjdsKX0oaSvCr8+WgDWaDQajaYPIYQC4d2UeTfyMsvpxiF8h+vey2dumKR30w/5H3Tc+Sqrrl/Wf4AwDJm2xlIKlJMRdkGghJMWhB3hZOp67SkhQaQlWpQSnjDt4BoQOUgkKeUKuEIIJK7InL6XT6+Wg/Dq4EgcIVACpHJASRy8NsjcsAuVEYalN+zbJnNTq47kJ3+NRqPRaDQajUaj+YzozJOUG6WYG4nb4bv/IsXfqJnhcp3NAayUItnmkCpCCIxbEssqXbXsjkjX8g602XYb3q2F//wQNu4Pz1X0Mx2Or0ly0sBWyszAAHEghaTZSHS6b2Wy4/5F0Zk6YbpBQz6McN+KZKXIdb2fQWYGcEgBJ0+ewoUXzmHp0n/m/PMv4Mtf+Sv++Mc1/Md/PEmirIxRo0Yxf/4C5i+4hptu/D6LFl5Ha0sLXzxjJt/85rX81+/n8J3v/D0DagYghOB//++7kNJdrhQCw7L43Bmzee/Nldz1rblUDRjEJ9s2MezoY6keNIyz517J2797iQN799DcUM/FC76NGYulV8PP9xuO/M2xhS+SYs/8QoJk0Ib5s6YYYTRKkA7aQecTfUtZhuazRQvAGo1Go9H0IaThCqnS+8dAIb3RjtIfsuiH5hK46RTBNhSGyH3EyX+DmhlBqPynckApB/zRhUJ5uZJ8ldUVUG1PRBYIlLIJukYZyhN6PYFWCne0cSpLBFbpEcVCKXzDLun9rfAjed06UklsHHdbKDfaWPkR00qmS0oFNtkiMIDhicACVyjXN7sajUaj0Wg0Go1Gk004mqyk56ZwqF3+x9CiFJlCOToDj6/F960ThsBKwYe7Wth/sL3DsmNGljF8UOlCaXcIwAnDtYFO5dmujoINe6PEX6iO2Zw+vIkR/VKYodcJCmg2ykgJs9PhtKPLSs/na1BcVHNHHMl5hLMjQoN20OEctQqB4KI5czj++OOZOHES5WVl/MM/fIcvfelLjBwxguHDR/DAgw+xYcN7oBTjxx9PWSLO5z//eR588CE2bNiAFbP43OcmM2LECH7603/m3XffobGxieOOO46JkyZxsL6eb9z+c5JDJ2FIydgTp3Dt7T/jo/f/TOWAgcTiCfpVVVPWr4KLv7mYyTNnU/fpboaMPobR40/ANE1ueuQ3jDj2+GixNeIdWJiir1bhgn7TvTgvbb7cvWlhX8qc6dLLoxxlBa3pebQArNFoNBpNH8LPiSOkLwQrDOH/9hOfBB/Gc0cgCmljeFJs8MYwWC7qhi9LBMbVmZUXYauUQsnAiwDlRhEbfllSgMRWrhDs+JZDQqJcyRYHRUqA6dk/g2/Z7LehsD2x2RGAcr+FCjzyC8dbfVcctpW7XFeQDty/+4K511cnuB08UdgRR7T7l0aj0Wg0Go1Go9Gk6UzEWlQdNyWQXyA4IxNomPW4GXicy6c7hEXe6MjdqP6Fy3g+T4EuqsCncGv5UUCyzaGpxe6wbHs+9bUDSsnfmw8pXJvlujw6dcxQzBipWL9XsKc5IwwOTqS44Jh6otyKFdAoy2npQvSvKeCY8tLrlZtgdJMAfIhdbQ8p0XbQEAwBFrguaqNHH8Wo0UeBN+B+xMgRjBgxHH9ExvjxxzH+uOPSLShcgWrChAlMmDAha7nDhg1j2LBhWdOqq2sYd8oZbK1XCJnCNCxGjB3PyHHHZ0XzCimpqhnIiafPSq+DH7V80oxZ6b77+X/TaxOxH4OXIxU1Izwz9Fup7PKOF3SR7/rX0bU0yk65UAq2Uq/N+QTcqGjgYF+klEgpc4TgzkYzh/vhOA5S+unjimu70LvJvoIWgDUajUaj6UNIz97Ijap1MBDpG2EhlCd+ipwbSf/btY52kCHhN/iJIiz+uvl7/b/9GzgBKmMD7aBwHAfbi6RVCAylsBX4zljKca2bhae6WgIc5QrFDq7Xs+E4Xl5f5Y16VghHoYTCSN/3ZXINS8BWDggwXdNoL6rYFX0dTyMP3tPLwP2j4+e/IVsY1mg0Go1Go9FoNBpNrpCQ8zI/6jHKewCLfHdfxLSuvPLPqVtkdHFvQgg/UVLXqLGiBeCm2gN88MIadq/bzMCBY9nzuXNBSkaUtzNrdGOk+OsgaJIJms2yTvdHAMeUdS6Xb6XhRgF3Bdf9q2+TPm+9fFv+6eF+ByYERFfllc8+lUTg3zzLwg9U8IRSb0LmfZTw5mcqhN9TZUf8Zv9QjkIEQrrDY03ydioPUderqKCJqLy5UdOj2uqMCBpuuyPB2O+zL1D7QqwT4SDozw/OK4bgOufrc2fE274m+IbRAjDwdzf8sKe7oNFoNJou8K933trTXThskCITuSuVZ/0slBv9K9wbXcMbv5y5kfR/+zfqEhw7cHOX/fHbD5IO7A2G0IIr+gLKIf23P822XQFVKjdvr41wI38dN94XJEq4Qq/jNWkr4QrbQiKVIqUESng3qUAKhfQeSkwl0sKwbxntCIWjBIbXf1u5ArPEcaOGPftoBzxL6YwFtEjnDfYii7NXWKPRaDQajUaj0Wg0HdCduS+742lM5fzouN1Dkb+zMxjCtWnuCgMs+BD3mVgpSNogW5v58+P/yZ4/b6W59QBVH29gZPUw2iedyBeGttDPzF2ojaDRKKNFdj7yF6C/CUeVlS7CSqDK7Lo1tuTItoAuRNRh7r8CSb8vwnvv4znNiaDI6wnB/r7LiMZkygSm++0LAUiRyeHrv7uKsHLOjCkJDC4Jib7pvnv9LuYU8V4rZROYUKiNcBRrpsuZgTGFIoE7c32JEpSjIonztZ/r6Oek+xkWj4N20b41dL7o5KjldZdgW4zw3RfQArBGo9FoNH0Iw3a8GzLHG5WXGTnp3jzbSMdJ37RFRfcKqbxRsv4NqQr8zkUF7oyzb8D8aF9PpHUEjnJAuDfDGCKdX8RxwFQKxwYVuFluNxUGEkcpHEchhYPtKJRn3SyVQmGiBLQJ97EhJUE4rv01tnBFZO+JTQqJHbhr92/M3XzDDo70baXBEf63u142vk20K0g7qC6PJtZoNBqNRqPRaDSaI42wGBEWH3yRJ+vxsbe+sz9MxvwKXKvk9i72t8yAChPqU1DbDI+9Byft207bBztIpVqpb9xN/4phVL71AtUnmdSUj8gRCh3goFFBm7SiVcQiMYETKl1b6lKbicvO1QtjiM5HAFckDI4dVdZpUb668tBKO1EWwFHzXZR3/grXsS1PWH94qujgt1C+ox1p0VcIfzmZNgWZf6L3cfCaEwhaKHQ8hJTp9J+qtMuAYRjp6NmgiBrcruFcuzldCbrrReyPzuQZ7kiIDYu4/iccBez33X+P2FE0cEf9DLsSFhMd3dejfoNoAVij0Wg0mj5EzHBH4Anp27aAkP6NlCcEkztiL1sAdq2jIfqBPYrwaEH/tx/56zhuDmDp5QNGSWxvnKdyQAgHpQRS+qMHQTlu3l8/CZOQCqEESPeFgaOU94DrLUS48qznAYRQrg00gB/3LJSDRKRzCIv08NLATabfinfj6dpCi/Qi0rbQeDbUGo1Go9FoNBqNRqPJS2TEGWSHAxawdBa5szsknySV005A9FGOcLMABwWfwML9J0732bF3KdYCMLvBAzom3SjgnU1w31r4uAE2tI/huDGnMvid54lZ5SjlcGDPespeq4GvXgzliXQfymMGNVWVHGwwuiSeJySc0h8GxztXv9wTsv1ctYXI1v2y96v0BODO6E1lCZOjhpU2bLw3RC8WEgozs0RAWM2IsIW2k/BE47TYGwwBzhTyTjn3HPP3iSsKi3RlERRQM2pwVj+zLi35NmvgVFZZ6xcqEh6wUoCwjXJQDHb7Vtz7tfDv7qSjdn1Rt6Mcu/66BkXvQoQHGRSyo+4MxVhmH2n0dYt6jUaj0Wj6FJYJpulgGmQ+UrkfQ2EagphZ+BM3BVZMYcUUpuWkv/3fwU/B6YbCshSm6WCZwuuPO900bSxDYUoH07CxTAdT2pjSxjIcLENhmTYx6T6Axg2BaQgsQxE3ICYVCUNgSIUUKaSwMYSNFG40r6FSSBwM4SAF3rfy7LAVhnA/Ese1elauoGt4HylEeppEIBWZeQhMhGsF1cse+j8r3n4Ghv8Ynqrt6Z70XQ78Ecb+EO55v6d7cmjpq+vdWWpXXMfY8dexfHdx5dfeOYmx4+9i7WfbrSOe+lduYfLkudy/LtnTXdFoDilRx757Hcq+rkRNO1KIuu7qa4JGk03eQcW+mkru5GKm5SOqWZVnutux4ELC5rSu6KNC00pFABXlBgOqrA4/iVjnXucL4UYAd/UJVQo3ouzpD1zxF8C2Yrw/6Yv8ecbXaD3qBJrbDlBTNZrGTZtpWPseTiqFIQRDKxKMH1TJyDLJKdUwOFZ6fyQwLA6fr+68+ItSDIu7z/yR+zxwMKjA30plRz6iFKY30DwcyVn8h6yP1728YmJUtGhPU0hUy+PMnDPdmxoKQMj+W0r3XQxe4IIf6utbQaeF3uhg46zpWVsv3wUhOEllf4eJmq4iPgC2bWPbdpYQbBhGOgADci2WwxG/3bH/swI9QtbQheydw3WiBgSERe1gG8FAkzBh4TefXXSpIm5wuX0NHQGs0Wg0Gk0fQhr+zZRnAW2QjvyVUoJQmKGb7JyPqRAyaPHif0ePu44anRi2hVYKHNu/uXRHQTqBByw3QtiziXbcaGCllDti0nHrGbiRv7YDKa8vwsnYMTvCtZpGest33G8J2MJ0c/cikEK5VtQAQmKg3P8pgaO8UaXpyGA30ljizlPCFYJtzxK72LG8q38Fp6+HN5bA9CLr9CpSPd2BbG6/GW4+EdTXeronLrvXwd2r4fldsNE/dSTc/deweHz3LKO1J94h18LcpfBUaPKYcpgyGObOgHmTPtsu9Mh6R/DEUrgiNABiTDnMnw4Lz4Tqbhp2u/mxuZx720bO+sdVPDJ3UPc02hPUb+X1Z5/gySdf5vWNe0kC8WETOWvO1Sy6Zg4n1PR0B7uXZLK+p7ugOZIp+Xzay/IFM3nx/OB1xJ32/VXZJf12Fi+aw7jy0rvWY8f+W3cx9vJHgdncu2YpF3d0TVn/IGdespTtXM2vN32PqZ9x9/Q1QXMkU2wEW/jlf6mC6xhk1QAAIABJREFURmekj6jI3qDda+ARr8P6YdnQf6btbOeEgNFDyxg5uOPKptkFy2ThWhanuqAdtdnwykfwxie589rHTKLmpGoq/jKM5t+to735APVv/4lhX5jEqAHV9C+zML3IzMExqDCgtg22NsPBIp4pB1hwTJkr/CY6e3+tFP0Md/mZaV7/bWhug2Sb+9tRuWXCWLLreYSDSAExA/rFoH8ZVAT6mTNGQuVPxdUTROWXjS4X/buY8kF9N6tq1B/5hOAi8a8J4VXpivbqOwT4+y4oTEblBi7WHrnUefnKBK/hwfd3+ayX/emFUsI5Xpq5YN1wvuNi17ujCOJ869WbzpNDjRaANRqNRqPpQ1iGL+RmW0D7OTqkBENmHsijcgBLy0HI3NF6+W+ogvYs/m+Br44qRwRGCIIvACsHbF8EdmR6vlJ+/hBBqk2ivBty6XhuVhKkZw9tSEkK5VoxS+UZBDmg3Hp4dRzH8cRed5lSKG++g5ctOC3o2p7gi1I4AqQQOP4Nr1IZEbgXjcj9rJlyCey6pKd70Tvxxf2JQ2H+DJgyEDZ+CNtq6VbhfNgZsPWMrrfz/C/g+TFwXwltzZoEN53o/t79Iew6AM9/CFc8AYsHwvPXwJSKrvctiu5a726hClZ8CaqBA7vgjU1w36tw3wZ441swpqsisL2Rlx7Zynnnz+SlJ19m+9x5jO6Ofh9ikusf5Iq/Xsra5kqmfuVSFl81jXFs4a0/r2H5Ezdw0ROPsuBfHuTGmYexwB1i8JylrJvT073QHIl0+/l04tXcu3gmg4Hk7g28seYVli+7gXNXbuHXT1/P1BIjrXr22I8TL3+FX7ywg4vnjSpQroGXHnmA7YesXz29XTSa3kGx4q8/OW0fW0TbuTG6HdTzHk+LFX/DuMGHImMl3AmdQQhBzPrsBQrDewzvymPIhjq4911oDjUiUZwzuonh/frBqDPof9IJbHv4Ecad/jlOPGYY0jBCwhGUm3CUAaPL4GA77GiFT5PQ4rgitSlckXhwDEaVeTl7KU40zEX5/+eESs8O29uxbSmorYeGlqC415OCUeaIq4jBuEEwoDx6kEKxgy4ONYUEwS616/8TiOhVQDrNcHBadq2OUYHrhxffkNXdLDeAUNXAtHSQRHTRNL4wGhaDo6J+gxSKvI2ans9GOartjuqFlxfVt/A0X7TtKPo3X3/yRQXn2y6FpvWmyPlDhRaANRqNRqPpQ5gymP/XFYKllAjpfksJUjjuDavEKwNSupGzbv5gkNJVb/Patsjsmz7hRNygyaCFkgQ7E9mLMkgpB+l4ArFUOOlvUMLNH6KMFI4tUShXlLbdJyLbAD+PsCVsbCFBOa6oq8DG9pVvlO1gKMeViZVr3ewAjjcc3MHGwMB2bLfbwl8P5UYHC3eaPxTVH9EphMwaUa7pg2yGheth3jnw+NmZybNO7bkudcTbm2BXiapi9XCYdbL3h/e92IHda+GS38DUB2HrP3SDANrbicPpJ8MwgJPhkvNg4Wtw+qvw8LuwZHLXmk++uYL76ubx+A1jSZ79IM+sn8fCE7uj44eQnSv41l8v5b2J1/PrB69lapU/YyZnzb2axbfsYPl35vL9BV8nvnwFiyd31tdPo+kDfBbn04CxTJ8xjcEATHPbueQuzr3qQe574Qoe+crhNDAjybixE1n70HO899VrOSGfLctHv+WhZwdz1sxKXl+Vp4xGoymKjnI25qsTfpkvhMgSYSLcWPP3Ic/vyILBMEJV/DKCbURZvPZmeUEKiBuQ7KQCvLMRvvMHONiWPb3MsDlzZCMjKvyGBeaQAUz8X//A6IGVOeJvEN+5tybmfrqXzI71d/nwuCskO0rRnoKDTYL9DYKYCQPLXaG1fwLKY65IfKh1VduBlnZBQxL2N0N9K/x5NwwoUxxdAxVx5doge6QHR/SyaOB8dLmPAYHejS3w8guLsOgbEsyjRoYEZxUb5auyf/oir3+timgqh3B0bVAADn+C0bPB8j5S5n/IDh4TheyWixFSS6FQjl7HcdIit182uK5dWX5wO0b1Jd/6Hukc6a9hNBqNRqPRBDCFgyUEcUMQk97HUMQNScI0sEwD0wLDIp2vN1YmMMoEVhlYZRBPuKOT4zFJPCZJxA3KEmb6k4gbxBIG8TKTWML9bZUZxOKSWNytE7MEVsLEiltYlollSUzT+0iBIcESEJMCSwhMwERhKDCUg1TtSMdGSoXh5QuOSUXMNDANgWEIsATCNLAsC8s0sAyJJRSWAMswMAyBNAWGIYlJg7gwsKRwPwLiwm0zIRWGsjGx3dzBKoWBjSVsDOF4bSpiwsYihYXtfpSN6fQyb2TNIWX3dngbuPBwE+m6AwnDToXn58CwOrj9zZ7uUM8w5kyYjxsR3TWSrF25AubNZurIc/nK+TtY/ruN3dDDQ0kDz9x5C6/XXM0jDwfFqgDGKC776c9ZPHYr99+x4pBG5Gk0hxeH7nyKnzab84DXN+3oQn97humXzmXqzqXc90JD3jLvPftz1k7+Omcfe7hdUzWaw4fwy/iw9We+stC7xdRwYKDoxojRVtth/f42XtjezK+3NfH8x82s399G0i7O/rQQnbVO/rQZblwDfzkQas9wOGVIC6Mrsp99hRBgWjgFBKrPFJWJ+PX3VT8Djipzj72WJOyuExxohBH94YRhcOJwGF3tWi9bxqEXf8F1ZKuIw/Aqt08nDYdjaqAxKfjzLvjkIKSc4MCJTN2+JmxlWQNErXoH+0+FI3w7qKcCp59frzNbPEr89KcH8+YKIXJyA4eJskT+rHJE57uWd4QbbJK5Dvg5kB3HyRJ9oyKEowTdYpdbSPTuS2gBWKPRaDSaPoRlCSxLYFpgxQRWzMA0DUxTYJrevJiBGTcwYyZmzET607yPsExEIvMhbmR9RMJExk1EzEDGTaRlYFgGImZgxNx5Mm5ixgRmXGAlpLu8uIURk95yBKYpMQy3r6YlMS2R7qdpSkwLYqYkZhpYpiRmSkzDxjIVluFgma44rExAKjAyN55CeDfUykEKgTQclLSR0kEYDtJSCNNBGu7HMmxihkMsBmUxQSLmCuAJSxIzwDIh5n0sU2FaAssAs9gkwMXiwOpn4MJbQdwMw2+FRc/AgfA9fyM89Ss4xysnfgwLnsot98RSEL+C1o/gu3e6ZW/fkD2PRnjiFzDph+78038Gbzdmt7P7NXfe6qhpDmx8LdPnsXfA/e9HrFsKVobW7fY/wjavnSdqI+qUQkfbZBdceDNc+FJ09YfvAfEz8N93HNgKt/8ss13G3gH3vJtdp7rGjQZdW8Jb993rYNFSGHtzoN3A9rr9Zpj7Ghx4F664NbBtNkRsp8C0A+/ContguL/uv4KNrZmiq3/llr0ZeOpVbxt1w3av/gJ8NwEPv5fZdkDxx3Id3P8QnP7jQLnfR69jFt7+9uuNvRMefj+znsFjtZRjvWQklAG7Au/D/H1cEnWv8IvHBrPogslAJWfNns32h1awOl8OZHsvq5fdwKUzpzB2/CQmzryOO1buoDVPceo38syd13PutEmMHT+JyZfdwGPrGshq/qMnuHT8JM58MEokSbL6timMPftB3rPzLOOj3/KLF2DqNZczvVAuUWMiVy6aDetW8PrW3HW64kvTGDt+EmMnz+TSG54NiFrruGP8JL6xYi/JTSv40eUzmeit+7J1rvgTnD522jx+tGIrOZswajk/XsHm5mChvSxfMImxd66D+o0s//E8pk2exNjx0zh34aOsDaf3fOsuxo6/juW7C6y3RlMKXTqfBnHZsg3F5xG33bPkhOHZKnNy07PcsXAOk8f7x/5dPLMpdEZ15tjv6rUmyPEXcdX58NIvfhstgNc9y31Ld3DeVRfljxBu3pp9ffzS9dzxbP5rR1HX3TzbpfYPj/Ltq/1tOoVply9heXibajS9mLBIEfWi3n/hHxQ5guWD3x3R6chbXxQMiD8qaCnbgRV0/uV0QREKsKGujX95r4H/+0Ejz21v4dVPWnluRws//6CRpevreWdfEtvp/EIMUboI3JKCBzfA6zuzpwsUE2tamVCTxIhoszxmUFMW65HI1PC+MoDRCVcEbkvBrv0Cx4ZJQwXHDXYjf3si4rcjKuJwdA2cNAISpmDrfsEnB/38xFoEDpJj+66irw95hd+syhGTRO7vAlWy5gU/+dKt+TiOg23b2a56AXE0iB/hGnU9zbz/yh5001mBOCpHb1S0bTF5i8Oit23bWX32++3PD9YLLyPftgz+t6YvnxfaAlqj0Wg0mj6EYbp5fw3PgkkIhUwLo65Iimm6Dz2Gd9NluLmBMTzhNCigejdoYYThjn8W3shU4T9hE7CDtv35AuE4KAnSlihTIRyFY4KTclAKHBscR+AYYNuZnCiiXXm2PgIlHaQjEEqBUCBsBAKlXD9rSwlSDtjKQTkCBz+nMDhS4Ajh5RNWeLeX7nICls9C4Fo7A45w+2F765gyvDoO2LjTze70gHbgiZ/BFXvgprPd3Kqtu+CeP8DEPbDxGjf3KMATD8PiFrj5f8BNFXBgEyxcCxscWHkpJILt1sF3n4eFfwt3h/O0NsPt90HdFLhvsru8Jb/3LH0Xw5giur1yOaxshcVfgcVt8NTLsOjfIbEQ5g8PrNuD7rrNPxVePQZXjFsJV3R9kDtQxDYZDvNHwtx3YNt5oXXbDk/UwU3neNu4FuY/AgdGw5JL3WmrX4XvLofWGNw0wa2WONndP1c8BQc+gSVfgmEF7r79fMGzRsPdl3m5ZD+EN2qBCYGCm2H+Trj/Rnjcb6+AUFu3HuaugUtmwuMVbpt3/xFm7cvkpp04A16dBE8sh22BnL6T+pe0mXORcPo4YD1sBKZD8cdyPSz6Z3h+INx9iTtt9wZYsqeDZbbC7f8CN7fBkjNhyUBo3QcP/woezmcr1w3HeiSbYAUw108/uQGG/xouKTEqvHbls7w0ci6LJrp/V82YzXnNN/DkyuuZfn5ldmF7B8sXXsT33xzLxYtuY/HEwVC3gSeXzmV+sj8wNrt88zruuGwey+qmseCGB/jJsDjJ3at46NrLqa0JlDv6Iq46fwnf/tUq3rt2IicE26hfxZOPJZn64wvziij1G9axlmn805mFcnF66zdlJtO5hdfe3cuVYwcBDbz0vdl86w+TWXzLv7CoBpK7V/GLpVuohaxcyMlNj/LtJ+s5/bq7eOSaLTy99C7uuOx7VP1iNi9ev4ITbrmLRxYl2fzsnfzoB3M5WL6KewPbcO09M7lixTQW3HAXi4bFSX70LHf8+BYu2h1n1QNzPGtcj7pXuOPKN6n/6vXce79f9i4urY3zu+WHZ45mzeFB186n0tj+m0d5jMncODNz7Ui+dRcXXf4ozP4etz46icHUsnbZbXx7zu/Y/vSzLJxY8mIydPFak00l5111NaMv/3mkbf72F57gpfJ5PD67EjZEVG9exx2XzGMZs7nxlkc5oQZq1z3AD78zh9d3ruDla70VLfW6G8VbdzHt6l8zfcEN3LtgFPHkFp6+cwnfv2wHiRcf4OJhxayvRtPzFJPXMfzivhg6/eq+CE22WF0g2146O7un6oyFdFYfFAfbFCs/aWHlrlbsQGOnD41z/qgE/7U7ye93J3nw/UbGVhpMHRin3BTsS9qYUjCi3OSoCpNyU2CK/NtWCKgwobUtcnYOjoJXtsOTm928vIFec1RFG6cOaYkUfwUwsqoMK2rmZ4rK3qfe7+EJxfAEtKdge63AlDBhqGv73NtE3zBSQlUCThkN63bCh3WCMksxsJ8rwguB+14lYAcN3WC33Itx1zkUBBz4O2rNo6ye81GEA3TR9QWB60yeXdJR7lwgRxgN1o1qL92XDgTQz+o4KSYXcbBvQXvocD7kYP2w6BzVVin5kI90tACs0Wg0fYgvnzuTp1/Wya36MlIqDMONrHVzASvPVsbLBWxKlCFQUnjCr2enbLj5gZHCFWg7GLFoBHMAewKpVPjDVN2/U96ob8dxxV0JSno2TY5E2qA8kdUxvDI2GIY/ik+69862AqlQjsQxvBs+obwHIQen3QsREWAK4eYUFp61jhTYKJT3UOp4Yq8Sbk6gwAqBcMvYOCjHwFEKB4FjC2xsDNPrq1IYjtduN4mXALt/B1fsgsf/DuYN9SaeDLOGw+nL4eHNsHicO7l6AmycDdUyUy5RDxeug7cvgenBZ/CdMOsGmBgWfwG2AvPg7kmZdibaMPYNeCqwvEI8B6z8ekZ0njUUtj0I96+B+V/JXrcl8+CmSZm6s6bC7T/NjtbsLMVsk1lTgGdz1+3tt2ClhCUnZ6ZdcAnMnxro63jYtQRuXpsRgJEw71pI/DssfBMe/hMsng7fPSdXCD7wJlwSkS+Yk+GS0Lo8tQfW3gjDinyXsuhd2HpDIAfvyXDBKBjzFNzzR7jvNKge7QrPq5dDXTCnbzcwbHD238Uey7vfhvsdePxrcEmg3LwOnNVX/wZuboXHFwbaBy6YBFfcn+d46oZjPYsUbNsEty+Ht8vh4S940yUsuwbmH138y0bYwYtPrmL0pddnBI+aM/nKHPjWi7/j1vPnEIzLq/3NEr6/ciQLfvkEN57i5/ycxvTzT+P+C+dyT5YQkWTtfTewbPdM/um5B7hsJOnyZ82cyLdn38DmdNlKzrtsHvEXVvD6+ms5ISCk1K96lmeYzb3n5xejks31wCRGFyNiDBrMOGC7H+FX+zuefDbJ9CW3sXCOv4xpnPWV3Kqrn0zyyBu3cVa5t96T4nw68xa+f9UOFvxyBYu9bTL9tMHUvzmXe155k1vPn53ZhuNv5uXX5jHOj6qcMY1RyQ2c+48reG3nnMA2Alb8Dn65gn/yt/OMaYyyt3DubT/nmY3zuiaCaTQF6NL5VIj9W1n9hzUMBpK7N/DaK4+y/M3BXLnsQa482l/4Ou757qMkr36Ul38wDf8qM/20yQy+9ly+/9ArXPnT2US5UhdH1641YeKnXM6CyY9yx69XseDEmen+klzHYw+tY+riJUyPw9qcmt71MXk1jz/3vUyk9YxpTBl8HWfe/CgvXX4n51WVet3NgzGRnzy7iivHB+qPSvLenLt4ctUOLr6s+HXWaHqasDiRT3jo6EW8CvwI5teMLJgnr6cAglqtLxp1tNxwJKEIFwiKv4Wb65A2W/H+gTZe3dXKBwdTOe3tbrYBwcVHlzO0zODfNzexpcFmS0NzTlvVMcHnB8c5bXCc4eX58+7GJMQEtBXR+U0H4N53oC5kSDC8vJ2zRzVFir8AA8tj9E9YHS+gW8kVf928v4pjy8FxYG+9+1pi3CAYWJ4RTQ8HpITjh8DGT2HzXjdPcZlF4JjMXp/DJS9wdxG5qnmuD/ko5XxWgetK1N9ZbfrXoRIWkE8YdZeRbZGcL/rWn+bnEu7Nx4NSCtt2b1h9oTucL9j/7kj41WTQFtAajUaj0fQhrJjh2j5bvh20gRWTmN63EZMYMQMrbrrzLAMjbf9suvl64yZGmZX+mOWx9Cc9PW5ilcWwEhZWeYx4WQyzzMIss4iVWcTKDMy48D5m+mMlDDcvcMLwrJ/BMJVnBw2G6UYxu5bQkIiZJOIx4vEYibhJPCZIJCTxmCCekJTHobrcoLrcoKafxcBKi0FVMYZUxhhaVcbQqjiDKyyqyyXV5ZIBZZKacklNmWRguZGeXlku6ZcQxOOChAmWYWNIhSmUZ/8ssUwR+Lh20IbZfTefz/03MD4ghHkkToQLgDcC3oYXnBcQOj2meiGM2/aFGh4IU/K9pR0I8yZlTxozHqYAdbnvGyJZdHYo4ng0zErA24H6K98FRsLC0LJIwLxpxS2nI4rZJtVT4SYJjwetnB1YuR6mTA4I54OzxV+/r6cPBmohy9HRhEu+Drv+Ae4bDo//HoYvgYc/yq7+/BrYPRLuP5uOGQtTSriLX3xGQPz1uzvVtWa+f2t0ne7kQCj1YrHHcnV/10L7ufWhBgsNYXVg5QZ3f80Ltc9QWDQhsla3HOvUehbbns322CdgZQ2s/fvA/prgir8lsfE5lq0bxWVnBtXESqbPngMvPMHTWcfSDl57ehWcfx2L0iKEhzGRi78ROqHsdby4bAejr7k+W9gEGDyHr341e1L8tDlcWR7OP7yXF3/zCvEr53FeDZ8NVYMZXQ5rV67JFrGiIgC/OtsTfz2GTeHsE4ET53FZcJsYE5l6LvD21ixr2KlfCYi/HuNOPg1Yw+awje1pV3NlaDuPO/VMRrODgweLXDeNpjex/lG+ffXVXHH11XzjB3fx4sGrefyNFdw4MxM5nFzzLMt2TmTBVzPiLwDGKKafOw2eXRcYONI5uvdaM4ovXzWb5BMPsDxwvax/5VGW7ZzNVXPyiLPJNTy9bAcnfGNujs326Bmzmc6zvPUBlHzdzcfkOQHx12P8FKYDqz/cW1wbGk0PU+ilfKFyUWTVKiT+hsuSrbEEjKi8PhVcbCjKN7udqLI5y47yhi3AgaTN0x818e9bmtgUIf4CbG1I8cTmJtbta+OoCpNYgeeAg22KVz9p5f9+0MiGA+0Fl92viLCw/a3wvTfgL6H7mkrL5tQhLSTyPO8mTMlR1f0OvdgU6o4Qnvjbz7W+bmyFplY4qgaGVBxe4q9PeUxwVA2kHMGWvb4jWWZ+X9G/VGAghgqP2FDBnx3v5KA9c6f7A+lrVWfbKRRo4dsk+9bQURbPkf06zA6IoGCdL1dyR7nkNdnoCGCNRqPRaPoQcQMw3ChgYXgj6AzXstkwJUI6SNGGVTaQg/UtVFSa2IkULXYLgysrsVpa3cjWWALbLCMZLydlCFT7QcpSjfQ3y2lsEcSNCtqo5WBZP5rsaqqaWqlx9pNKKJpFAktYOGY7FQ39aI1LkpX7Mfbvw0yW0ZAECxtDCpLKwaQNEwdsSFJGW7wCJdtobdlPhQWGDf1SYFuwt7KcpGFSVtfKAKk4GLcZ3WJTVVVOQ8qmzpI4sTLKGxVWCzSWmbQaNrGWNspNk34xi70H9pMyoN2QmFacpqYWkm02yonjJBRtogXVCAm7CmUq6lQDbbZFvLmdhrhrbV1XA/EWgZHqvlut3fVAPZTdnKdA0BY3BRs3wMpNsHEnbGyBDflymQ4tYG87PGJef3faxrCQnIcxYREOGF5JWigdBmyrhVmnZyysg5R113DFYrZJDC6c5OZBfvsrnmj3PtzdCkumh8rWw8q34O1d8MYOONAKK9uAULRrmoGw8FqYvweWPAoLHoIDX89ElhbaBmHCwmlHTA0Lex7h/fBZUVcPVGWWUeyxnDgZHl4H81+D4X+ARWfA/BkwLJ+NM8A+WOvArGPyzM93PHXDsU4VrPhSZh/WDIUpEfuqdQ88vw7+6tzimn1v5Qq2j5zLWSHr0qpZc7iS61i+aitXXukLGHvZ/CaccMukyOi7hBESF2p3sBk466RoASQeFliNyXz5mlEse+hZ1l43kakG8NHLLF8V58pfhsSgMAbABrbvhul5jsk0e2vZDAwu91qMT2PBP85l7Q9u4cxTlnLWvOtZdMUcpo7MXeJZ448NTakiPgAgTtjRPG4AO+uzc3naSbZvfIXXX93C5k2rWLsryfb1eUZKnHhsrs1zzSCOBTbv3AuUbrer0RRFV86nQsy8jTXL5jIYqH/rQb4x/y6+cdsoVv1jJqK3vnYHsJEffWkSP4psJM7m3TC1K/9h6cq1JoKq2VezYOQ8lj27kSsXTgR28PQvXiF+5aP5xeS6WrYD7902h7G3RReJf7gXTinxuluA5M6NvPS7l/lg01Zef3cHyZ0buyymazQ9waF8IR9eTJbNao4HawntFpqZp61SY4L3tKR47IMmtjZEC79BNh5sZ1N9O4KwDXOGKktw85RqNh9s5zcfNfOzjQ1cNa4fXxiSiCwfkxCXkCzgWrX0XVgbGoMiUIzrn2RYv/y2PCOryoiZhz7uLORQzdC4Ylw/MAXYtqKhGeKm5NiBvd/2OR9CwOB+8Gk/2NsoONCiGFjupdYSueGuR2wUcESYfiGX5eCWCV8autqHrPbyNdjJS2JU/l5/mmFkHtZ6yua5uwk6SPgicFgA1tG+paEFYI1Go9Fo+hAxy0QYgJRIA5QnBEtTIi0TpGtnHJeSwdXl2GYKe0A1Tv9B1MeHUdN/FMnW/dh1W4nX76SytQ5z4BDaRk/EHjgGZ8A47AYD3vkNhqyn//Gfo6r/VCp27ya280/UNe8hmRIYtkKKFIkWi0agzlZYViWDjv0CieoxVCTimEqQbG1GtB7ESiloUjR+8AEDD+wkLgwYfjx7x30ep6aM+McfI9f9BdXUzqATJjL0vM9hDRzMlvaD7Nn0e+o+qaNly8dYyTaqhjjEqh1SsVYMpRhpJkkAWxrg0/IyrBMnMXb8FHckpWynpeUgDUpgyhr21m6hxd7FwCHHQ/w46kQzZlkSmaqh6mA7e+z9qNpPafvzOsoP1tNCMX6LxTN9QrYNcRb+C8w9sOBn8DAwfyxMnACXDIfWTa7dcQ69xA+mutS3uaVQwjaZPhWmrIeVm2HKeFi51o3MnTs8U2bb7+CcV4ByuGQ8XPBFGFMBF7wK3+2gK4mhsOTbwN3w3ddg/riMYFj0Nih1nxUqXx6K0O5u2rxtOTlbYC3qWJZwwddh2x54/CW45zW4+TVY8rVsq/AoEj3xlBOH008uLKav/jVcsg5qaooUgJNrWP7QDmheykXjl0aXeeQV3pt3bVY+zKp4IZU8l3is+BPwhDlfZ+rSu3j6zb9n6ow4m1etYO3I6/jJ5ML1Bh8/hdEs5bW3G7hsZGXBsvVvr2I1M/mnKZlyo8+/jd/OupbVK37OQw8s4dJlSzhh4aP8+vrJJYtBeWlexz2XX839H1Uy9dyLmD5lHovnjaLqo2e59McrumspGk2X6er5VAxVp1zLI/+4hWnX38APZ2bnyobZ3LhsXp48vHFGdYMbQGevNZHEJ3PlNZNZducKVi+4mal/+jl3rBvbGRgNAAAgAElEQVTLop90LCafd8MDXDUxulT8mMw2KfW6m02StUvnccX9W6k6ZTZfPm0yVy6ax+j+W3j68iUs70LLGs2hpKvCb5Z1dECtUSog0uSxcM6Z5NfPE8JbMKJYRYs4+aKB/Yg/gZtqSHUQsdxqKzbWtbF8WxMHivFg9rA7KNqSUuxptjl5QIzh5SZL3zvIk1ub2Zt0OL6/hVIgBcQNQT9LUmkKElLQ5uTv7w+mKiot+OUmxe4WAUJQHbc5viaJkUdPOrbK4nMDLPalCovL3U7gwIgJN+fv2HKQKBwFbSloaRMcO+jwEcPyIYTgqBrFp42wvxmqE2BITwRGpaNegzmBD/d1DhNxqQCiBN3M9sgXyV9wOUQLxzkNFBh00tmrYqE8v35+4HAEcPg6HJU3t7dSKEewlDJnenB+R+30ZbQArNFoNBpNH8KKm16uX/fhTZlu9K9pmgjTQCbi2FYZdv2nyH5lNPYfxagvnk2/o8fycZ2NOeJEakYfg0zWY6x/Deed57D3baPdbiN21ASqT72Y/kY/9u15kcZkggETTqX/cV8mtel96tv30Lq3ibIUJNqaAUWZFaNCGLRSQ78RYxn55W/DxM/jJNuRTgvIZlBNtJkDaGkQ1D50KwNee4tWG6pOvoSj//r7HDhqIE5TLYkPNlPT0oQ5eggMGUqzHWeYLRkR+wbG7jqc99az/6Wnad74XzQnGnAGCmINNsmWfrQdPYGjzjiL+IxziR99IgljIE5zCyRszFiS4Y6D0WZQ9ptfULdzLWNmzCI1bgbVdhPDzCTx8qMhFeOgXUdy/07Ma2+keddfEEZTt+27RAJWO67AVEiwW/0aPGzCG9+F6YGC22q7rSvdj4SndkIruevW0lJiW21QB1wSiMQtaZuMh4VVbi7fxcfA8+/DTZcGInMdeOJVqJ4Eb8zL7u/uV4vsY8KNUL19n7vO4O7fp7bCgXOKiwIuhW215EYmt8HaWphyavcvL8jqp+B2Bx4/IzOt2GM5XX4ozL8K5jfC/Q/Dol/BrB+Hcln7SLfN1TuACIG5pa1z69Et1MLd6+D0s2HFOcXZsyXXvMJjzRNZ8NMbODtKUNm6gm/c9gDL3/w6P5kRB+L0HwmrN2wlyagcYeNgc+hgKK+iClj9wVY4LRwFnKQ+yv766Iu46vwl/K+V67jxtCpeemQjU69ZmkcICjDxQhZMXsqP7nmA1bO+l2OpmsbeyGP3vQLn38mXwmp6fBTT5938/9l78zjJqvru/33OvbdubV29z0zPvrEMIJsYGEhYJgIC7uQx/sbw+6nEn74SEp5o4i+PIdEnokYDefSJ/CIRJNEwGtyVIIqCgIAgIIzDDDLMDLMvPb1W13aXc54/blV3dXVVb9Mz0zN93q9XT926yznnbmdu3c/5fL+s/cObeemrf8VbPvM+bv/dX/Ox109Q9yTp/tGXuGPLhfzDI18aHRLbemxmKjAYZoqZuJ8mQeaaj/LZ7z/Ef//cl/jDy6J63GQG2Ia7+ELWTiK17bSZbl/TgCXXrOfqT3yUrz60nu6HNlC65nPcMF6e7nL/uM1dzNpLxtvRKfa79ThwP1+8Ywtrb/0JX6nO9RvCI+NvaTDMKmpzUE71JfyovMFM0Zk3hdDOE1Evf2dtW+rpPMMRaXXjlg94ikf2Ffj5/uKMi6O+hv/YNsQVXXFWZRyWp21e6PX5r10FfiwL+ApsCU2OZH7CYnnaYlXGpS1uNzzYcVvwzuR+Du3exsNBFwfmr+CU5hItbv3GJyzB6ztcTs1I+nzYVYAeD46VDiyAZhuWJqAzFj1vl2Ui8iWBYwlaE8eoMUeZJleQicOQB16oiFcSXpcvyLmjgUV36KgxH3qK/cckajge1IZArp1fYbxlJ5I4OlOO3vGE87mIEYANBoPBYJhD2LYESyItC23pKBGOJRGOxLIkEBLz+7ATHn2ZLlJv+gDptVfCoY3IVx+ge+ejxA6eTfrs64hd8l78jjPxn/gy6vCvyQxsAX0RJd2O2wReUVISLfjOYorWQXKhREtNOh4nhqZbhVgxTVHnkbkhhB9CU5Ihy+PA1ucIn3wEd+9m8jLAX/YG2k65iHa/yIoEHD4M3b0FMo//J2Ho4F5wCeJ15yOskGDL8+z85r14h3YjYjGaVl5C+0UX4bzjGpILkqgv9aL3baKExHGSxM57I4k/upH2JSl69rzEnvtuxXr5VTqKknimhf6gxMB7/47O087Dnr+cruwB0ol2VDJJ9rnnefEbX6JDx8i3r0CfPo/55yyjxRkiuSBOwpk5e+26M4Dn4TsH6+Q2rWJ/D5CCBdXKmoKH67l/ZwlrTwVerrNvQ3DHL6dWVnET3Av8ZVWe1akek3XnwIEn4IGlcLuEJ6uFxD7YrKLQ1qPEy91wbw+j3vEeeAaeXATvrA3PWYSHX4MFy0fE13eeD3/5JNyxeWJ361T54rPwp6ePzoG846dwO3DbWWPXf3KyIY/HI4CHvwfv2QTrfx/WVx2XyV7LBIz+tZKGa88CHinn5U3X2aYd1rXCHz8PT60bLfizE25/Zfq7dMT0wJPAjRPoACNk+fG3N8BZt/CuN1/I6nqrXADvuv1+7nv4BT52yYW4rGHtNS7ctYHvf+DS0SLm4GN87fYtjLpIM+dx8aXwg698m6eurxGRXtnAFzfUq7SJy6+8ktKHH+Kpy1y+uPdKPnvN4nor1rCYd33sg3ztXXfy/g8v4lufW8+ZtfFSB7fwtb99L7cfuJR/uPvNI+FUK8EUKsKP1cSZV13J2s88xqFDWWBqzsZG7N7zNLCeJaOEshI/f7DugTAYjiNHcD9NiQ7e+tG/4qtvupWPf/lKfnjzuWQuupSruZ+7/vNp3vU/ph6OefJMt69pQOubuenm/81bvvjnbNvucsM9V45/TDIXse6aBv3jKKbY79bjwB6eAm5YOnr/Sk88xNcm2i+DYRYx2RftkxWIh5241a7fqegDM6jaVMkJ1apig7XqVzzkK76xbYhNfX7DMM5HysGC4ruv5Uk5kpwfya4K8MoKrK+gt6ToLSl+2+9zuKBZlEryZ2fLsak/gK2/2cVXP/8A+cODrPaHkItP5bT3volG8tqpLQ6rmmMIIWh1IGVBtwfbc1A6yiqaBJanoCsWhbauCL9aR6es4EE6BrFJDCT63uYbj25jJ4EQgjeu+jSp2LwGy6NQ0Lv7oRSUU5sMi79lUfQkF4KHnfeI0VekmPwgktr16kYTYJKF1fRVokHEgoZtGWflWhd3RRSuOIBr+9UTPTxyvX1ttBxO/P09mhgB2GAwGAyGuYQjIqHXEggpojzAlkRaAulIQGFrn5YWi+6MTfLsSyk2Labn5/eS3vULkoW9sPNbJEo70Vd8knDZ6bh7V+AFWwnSTaj0YvJ0kkgniedSuHYKW1u4MiSRDCh6Pn4QQ8o4yaYmwgLY0qdVhTiyBGRJBd3MP7SF8LVf4PRsJdbehhW0Ig+7HAh66U8lyDsK3H10v/hLCv1xOhe0ohd3Uti9C/1fP8D+xbfQzmE8C8TTv2T38xeTue0TcOE5tD2zFj04SK/KkuicT+s564gvuwS2Ps/ANx8gvv1xmnUvTtol66XIFTStfTvJl+aj2hRhR4whKySRTrEwFcPrf4WOdEhx0zZCFtPqnk7bMvCb4sTDqdlUnt8IYwyvrbBuCZx3Ldz6MrznDnj4AlhfznHavx8efhHe81FYC5y3GngcbtoAf3oWxD144KdQbCeyxs5C1l0N61+J9m3zFbCuHYo9cPfjcP7pwObxtz/wLNybha4euHsjkYu3Si2b6jFZsRZufBxu/XkUuniU07QiMD4Kt8hyW/fD7b+GNe01BeXg+n+BNa3wzlPg4uWw/xV4YBN8R8G9V46IyCveBPfugPdsgOfPghvPiJYdeAWenw+3/R7TZl0Wzv9nuO2KSHDe8Tzc8iqsPWv0cQJY0QkHNsIdy2FNFopnwbUTvLfu3w8Pb4ymD7wGmw/Cd3bDFuAj18JtF49ef7LX8oHHYd0muGVtOe/vENzxOCw4FdbVE3/LvOc6uPs/4OJ/gi9eDmvS0P9aJK6vWwkPNEjnetRZCTdK+NT90DUEf1KbV7qWnT/kqz+CM//2ovriL4B7IW9b7/K1uzbw45su5K2tcP7//Uku3/BR/vq69bz6tx/iigUupQOP8eUvbOPMP7wQ7qkuoIO33fRB7nrXnbznnXv42E3rObMVurd8my//sJO118PzdSIfZ65czw3JD/HpT3fCDZ9snEOztrnn3sy9d3m8/89v5S2XfonL3349V1xwEavZxpPPPsZ933uMbs7lI//xhdEiSve3ef+7HmL1zeu5YoELdPP8XZ/jqeR6vnLZzIi/AGdecD0u9/DxP+/gpvVn0FmuZ2vrpcBDM1aPwTATTPt+miorr+djf7qBP7jjFu666n7+dM2b+dhn7ueq//E+LnzlfXzshktZ4gKlPbz02ENsOvdWPv/2mcl/Pd2+phFRWOlbeX7lzfyviyaSrpt460c/yfeu+1vec8Vm/vij7yv3PyV2b3mMBzefy2f/6c10MtV+tw5rLuJdyTu56xM3M6/SD7/wJT61rZPLgR8f2W4bDMcUKeVoJ+8UBI3665Qn6uTdHWfRuOVNRhBrJALp2ky/erTAoysNGlWnps9T/OuWLDtzM5siqB4lBaUG9mILeNOSBF0Ji/u2D3FAl/jKy3GePCD5/y+LUtJ88BE4qx3eu8rj+199jL7uQYby3fi5w5yjBbl/LyCvvYh413xEVQ7SpAVvXJzCliPhh10LFidgngs7cnCgFDmVZ0qqEYAtNJ0xWJWKQj9D+brTZfG3LAJ7gaDZBXsSP9F7C1tnqIXTZ0nzxdhy/HhJTXHww+hPaZBKRXG+q/IB62Eh8uQLAz06OPNY674uG6LHU4Or+49Rq9TMHO47quaP6t7qhAU4Uk2yWsytiLzVwm8lB3CtU7gSHrp62YlIde7fWkEY6l/TJ/L+Hi2MAGwwGAwGwxzCtishoCVaCrCIRGDbQtoWKpamZDVTKG4inkqQZhDX97DzOWwrQSGzDCfdBO3nEAgHJziIIw8SJBX9wsUthbSoPvotH5riiLhEWEUsJ4eTKpALFPlSiB/YJPMeXuBjJT1sRzCYy+Md6kWJJKkDgzi+ZMhO4XfnED3PIsIt+AWJCk8lIfuRW36BS5psZhU9SYe2ZEBh5yb6Nj1NGPMRsRbm+zb98/YR3/oS7a/0MHjmcnw3RegIhvwsBSy8+HaamrbTovcR9hfQqpNdsQRFoUmULBK5kPQ372Pg10+SLe4hHmjszguQQy34vS7CytCXGSKUaQrFAuFTvyFMO7TSRJpgSufnpnpJ3s4C/W4gDn/z57Dmfrjtefj9Z4CyAPnOdXBeefUVV8KTOfjIRrhuM6zIwN+8Hdbthzt2HuEFdLTohHv/Ai7+FtzxSBQyeO0i+Mv/By7eDrdMIABTgNt+BgdsuPFc+PbbR7tzp3xMMnDtIrh7L9xVR6S78f3Q/w2442fwKeDaZXDbTbDlbrijar0Fvxc5Pu/dCBuegU89AyuSkYt185siYXIYCes/CAsegDs2wXWbonnruuAjF07uMDbiuj+Av3wBbvkOPBBEbbjpWvjIxWNDMK9/Nzz/73DT9yLR9e43TFz+w5ujvwprM3DtJfBfl0S5kccwyWu5ZQms2wi3fA92ELX7nWvh7ivHDx0dPx0e/gDc/kD0t0PCtUvg1g9yfN+ix+CWG6H4Lbj1gYkF4N1P3M/zrOF/jht6FM6/9kMsuesLfO/hw7z1+g5Y8Ga+8lAnd/3jF/jyJz/EXfkmVl/5B9x01xdY+5ubuatme/fcm/nh/au4/Qtf4osffh+DyQ7Ov+p9fOyu9+Hec8+Y9aONLuRdH+jka1/o5oa/nVoO3s5L/4ofPvZmfnDPPfznjzbw8Q13Ai6da85l7U1f4qZ3XcrqWlte6xlccdH9fO1zH+KuPqB1JWuvuZlvfW495zd05U0d95K/4oefgb/+wv/mv7+vhLvgUm74xAY+3/x1fnD/zNVjMMwU07qfpozL+R/4KDfc8yFu//gGrv76elZf/yUeW3APn/riPXz8Q/dQAjIr17B23Xo+cMnMiL9R1dPva+pSDivdeWWj/MU1LLqerzy4mLv+qdKfAq0rOfOCy7jhAxeN+Hqn2O+Owb2Qj933Sfj4F7j9ww9RSnZw+fpb+dY/Zvja/abzMZw4HFUH2jhFTTe8c73cnuOJyZOup1oQ1pqdQwEbtuXYfQzE34lQRPt4bnuMlZkWvvjSAM8eyvOrQxlueRoWp+Dn++AXBzT7DgyStGOEOmAo30NLUxfF4gD9m/bQvXsTi697I/MvuYRiqHEkXLM0TdKuHwErJuHUdCQGd3vQ50M+hGI49fDQgsjhm7Sg1YlCPaesEbflcG5QyuKvAqU1oQLHAusEEEGTTgend76dmDX+QMe4DUoLlCISvIWgrPuWBcspB1M/waifAbh6oIdGjHbiitHLa/ONj+kEdHXJU2hWZaMGA1cmXVRVPyqlHJPztx4VwbQ6T+6JQO3/HfXE38mWYRhB6Fl6BWzfvp2VK49mQpkR/uyjf3dM6jEYDIbjzduuupTv/+Tky2P3z5/7+2Ne57H8f2qq7Nu3j4ULF9Zdtvv6pdGDoNQIS6JtkLaFsMsjCF0HmbDpLRYozlvGyrfdROr0i9j85AMUf/lvnC+3w/wzGGhZRTausUOHeNajN3gFecoalp/5jxBY7H1sPZQEHef8Me78c/F2/Jzc5m+RPbwX7UHGL0CoKJVCpJMm7R+kzwtovv5zJFddTf7R+xh89PMUB15Fk0KEcVxPEPc1Xi6kEEhkrJk4Bfpa21n0/lvInL+OfT+6l+4NnyHe3wupVkQhi60kfr6I++l7aFtzNf5//Sv9P/1XCq/toeB20PaeP2HxH/0Jvb98iL2f/UvCA93kM5AqhgR2J6WwDycXIC2ByCRpW3cVTe+5GXnK60g9cR/9n/1rliSXcajjMH4gcNw0JJooBJANA077/DM4jnOMr4KThx0/g5WPwLf/At5Z67A1jM9mEBvg3ptHh2Ceyzy1AS5+GZ7/+xGh+XihtSYIghO2f3jpjqt4y7eu54c//eC0c3IaDIaxnOh9w0xj+hqDYSzj/d6bDPVeBdcKBZVcvtXflVKj5le+Vz6bm5vHiBX1yp9MfsbHe8f3LM3Ey+wplVGVS5ayyDgc6VVpQqUQgFKanqLg5X6bT1wg8JTiP7fneO6wd9zyiNaSsgWXLnC5ZH6cF3tK/M0z/fyqewGWkAgiB/GilMcVi4aIDw0w+NxvOPTII9iBxPeLSCv6/2nBymZuvO1j/PJgkba45JolKWLW5FIg+SoSgAshDIWQC6LpkoJAj4jCAnBEJCDHJaRsSFuQtCFhRUJwJcwzgFZl0ZfovETXZ7T8tcM2S1vglM6JBaKvPHfpFI/qzHJ6xzt4w+IP4VjjJywu+ponXoPT2kPakxopIrFTSIEUFSe2GBY7TwZxLFTwre2wdVBxSnMwrORGKc3EsFIrRWVajBVia2M+14rBkxBtpxLeuXa1t3SWymVM7F5t5IKtXQcYdv7WC5dc26c3Kmu85dXLKtEelFJ1652s47z2/4xGoZ6r3c/V/xdVr1cvV3KjdgwODo4KoV35rA2tXa/s2s967Z0ug4ODR7R9PYwD2GAwGAyGOYSUEiUACVqWfxxUHmSEwA9K6KEcTQkXR5Uo7t5CaulprD7/Mg7GLXbtepam/kN43bspJfqJ2TZJ3YaKxyg67XgkUXYWOxlHWjaWG4eYDTEb6caxk8koDLWvyYUQCIFfcrBVEivhQnoeg8l2vHlLiC+4jDTnohQoz0OG3ajsXpLkSLsWBV1EWoJYzMZ1XYgnSaVSFJuacLwioesSqCKiCFYqhtuUIp5MEjoW2gLHcbAyTSQSCbQforUm5kC8pYlUh0M630PgdhBaSTJCkLM1e7w+AjvPwkIJvXE3u3/xEvubW9m6oJN2tRrHKaKHeuFwH672aBJTHc9sqOXXrwBxWGHEX8ORouDJ7cASWHG823KiU3qa+768h/M/ep0RZAwGw9HD9DUGwwlFrbhQ6+KqfhE/kR/paIil0y6zJmRxbTma8kv/UfGqIzb2CDZstVjZDA3MscecXKD58Z4iD+8vEoSa01ptDhY8dmSjGDsSze8uzJFyNKItQ+u6i4gvX8TODV8n7XVwqHcryUQbq09dxuktMZY3RYKwIycvfDgSmiVkbJjHyDGtl165WsMb/qt2co8KwT06/LiObMDRtTfp1h1fYlaac7pumDD8cwVBeV+VRsvKtVgV/vhkZ5QJuJ7jueZg1L3A6m89Xp8xXfF3uNpx+sJGwuO49UxycM14zuCpOm0b9ePV5dcKsrVl1Aqr4wnP1d+rw1zXa1v1Z6Ny5gpGADYYDAaDYQ6hyoIvohz+SQp05aFICpAOOhanKWEhcofo/uUPCVRI69mXseSsSwjOXIvYvpGhw1sohC8TFHYRlPqxrBjQQgDoRA6RjqGReBaEKAKhCWyBdm2EEPhakA08mtMtWDjIQoKY04R2mijFoOPMM5CndjIYa8MNQmL9PQy+8CR7f/49nMOv0R5zKORyxEvRo4xSCnwfIQSO42DbNkoIbNtGxDRSStx0nFgyRtGNYcVtrJSL3dJMqjlJzLWIuRbJVIwmy6KYsYgpG+lYiHgMqTUyKUnIOG7Sg8P78PoLFPsLnPm2/4a4+u2kSq2QP0zvUw+y8+mfEPTtI66nFgLaMJriZrhtL6y94Pi7NQ0nPjsehduK8Kevi3IhG6bP4EMb+Fr+Sj5/zeLj3RSDwXASY/oag+HEZbwX7UfbhTiZcM7DKzZyBlaHha1TuC7/U13EyC6PbHHnZsGj+xIMeJqzO0q41uwQIBRQCgEECcfitFaPHVkXS8Bli4ZodUfEFWFZJE9ZzsqbPkjh5y+iN1vEY3ne+LbLEUKQsKd/PkWtSDnFokbnmy5/Vs0fdgMzIh7PZiwR45Jl/x+p2OTTKQiAHdvRpT60EFGqr/LOCiGG81JXrtNZ6QJeugw6pxaySutRt2l536qW1RPAdfXK1O0gdG1/0OCWHc6tXGfZRH3PeOegnuO3UX86Xjm1g3GqxdjxxNuZEpur8xaPRyPn7kTtqS27kZBecSrPVfEXjABsMBgMBsOcQlgyCqckIzewLocHwhIgBYETw4ulyKkSSbuEq3so/OaH7N79AlbXqaQXryI1/3ScpWcT93fg7/8FuQNbCVUeLV0sBS4DFGMSXwoCrfBVgBKK0BJoW6JCQCoyMZ+MDChZ4KoCvq8RQz3IQoHsni0EO5+nWHJIWQlifoDzyhbS+w6TKYS0pzJkcwo/Fjl5tdaEnkcQBNi2HQnAto0l42gZECoPpUKUCrBsjeNY4NpIu/IArLFtm1gshhP6hE40LWMuxDQWGjWUpSWmiPshuSZB/IxTydhn4e37LeLhjewaeJX5Scjvf5lYeJhUk8CNGZlpUrwM1z0O166GNWWn744X4FOvQKEdHrj2+DbPcGJx4HG4ZQesXV3OQezBr5+D23bDipVwy0XHu4UnKi/wgzsHyTQ9xO2fe4jLb/0Jb2093m0yGAwnH6avMRhOVOq5tGqpvMyvhIeu50Sb6ov68SK7TooatUZXi0ST2K7Wh1bZbG8OfrgLQi14vjvJkG9xdkeRNjdktmlw85MBaVuxMO2zKuPVXcdtbyP2jsuwV7Zy6Ypmlq1aeoxbOQ56+B8qiq+uDtd9gog/K1p/n+Utvzfl7UaL3xXXtBgRSOsZY08GGuxXvfy+dTerWq/uFTLOZTPePTzZq632uqwOR1y7TiNRtDo0cqM6asMo15ZRr00TCcGN7qva1AHjhUmuDbM82Xu1kbA8nqP5qOSmP0EwArDBYDAYDHMILUQ0GFQKlCWQVjRCVMgoBLRjg3BKZEtFSjGHlnSSOB5B/8sE3l4K/S8wNHgOydPfSrr9fLROUwoEQfASpEIIgVJAzHLQdvSQZQmJtmwsJ4Z2HFSgsKWFhUWxWKQQuli2wI5JkgkLt5Sl9zfPY//i27T0D1FSNv3CAeXRIvLYrXF6HUWP5ZApegghCIIASiXCMBx+GAyCACk0jhToEAh8CAOkBhtNECjCUpHQ8xHEiDkuAod8Lk9WlmgqePhBiVJuACcuCYY8HAmFQyFeTtPa0Uwhodn2k/tp18+jxX6Gki4qLBILCijLomAVj/MZP0Foh3XAdx6Hh8vvG9ak4cbfhxt/DxaYJ1bDFGjpgpZNcPdP4KmyCX9tJ9zydnjP+cb9eyRs/ZcPcQcdXH7Tt/mXdxlHnsFgODqYvsZgODGZjNtrJrapZqItKy69+pXXKadeeFg97owo9285J7Cu2C2Bu1+GvlKlWMFv+116ixa/Mz/P4nQwq0RgS2hWt5RYmfEYL5KzkJKm885lpyv47WDAWe2z8YearnJoj0yLWW4Bbo4vY828dyDE1GKFV1yoSkfj+qN9Fg0dz5PNzXpiMYEaWx2hvXbxcdADq3PmTibH70yKlo1E4HoDeI7GdVKbX7e6vpnaz0o5lfeDkznGJzOzsZc2GAwGg8FwlBBCoAVoMfqhb/gvGMIu5FFuC2Gyg24cdJgnlXZpysTxZZ7s7p8QTzaTTp0CogvtNpGzPXQ8QFmgwzakkqDC6FeI1ggNEoGtBZ7S6FAQijQ6lkDHmsn2FxgczLM8XyKOTae2yTohudYApSShX8T1QlwZ4BeGCAox2pLNSMtGO06Uz9e2icfj6GSS0HEoKoGUIH2FrQUxaSGFRCqN9kOU54EX4Jd8PE8BNmgLzwsJfHDsBHa8idAv0DPQgwgkTqARfSEd+TiZnEWub4DcoT1kUj45W7A3N4RyHEQyTSg0OghYcnxP+YlBJ3zkA/CR492Ok40zQN96vBtx7ImvhttWH+9WnIycy0de2GzuU4PBcJQxfWKTphoAACAASURBVI3BcKIynphQb36tCFHrPJu0FFAV81nXfBdVeu3w7KowsZMuuzIp9Eie2lHWYzFKbQ4R3Lm5tjBBd9HhgZ0ZLpiX5+yOIrYYR6A+htgSzmorko5NfFA00FvSFMLZ46QbMW0PS77D+X9Bo8o5gI/8UAts6R5RSVqHhHq0y1oKh1VtV9GePGUaLQJRteeiSvCctSGfZ4iRW12jtah8GZ3utzK7RgTWk3RFV0eLHndACTVdQoP5lS/V7+Eqjt9qF+xkxNAjWa/WeVs7GOdIrpvaHPDV8+uJsOO1b6p5imsd09XHuDof/VzCCMAGg8FgMMwhdHlkskACErREK4kKJUJLhIph4TKUWIlfGuDc5GFK8S72Lb6C9JIliFe+y7y+/UiRp9/1IfRJ5gboyMUZyrShUppwsIvAa6NH7KBTd9Omz6CQyNCX0OiBAWKlOFbQRELnKF3yF6TOvYTcg98j8fI9BE4XQbIZv1miEiVUVoPsIp5sB93LQG4jTbE8KTfNQFaTDTwSvkY4cWKpVpROsD8fEgYax4+hm2yauvO82BpwPhkIUvS6goQdYpUK9HhFfCtJJh5H2IIh4uxvH2DVUEixO4b83FvpeeIgia3PEhYOUizuJ5HohVg/OiZJp5rJBbDfTdGT7OP1fgv7cr3k3QByfcTV3HqwNBgMBoPBYDAYDHOTyeSErJ6uFYAnKzhMJMKMWZfRAswRvfvXY7+OEYOBfTnoLzUqQvCrQyn2DMV4XXuBxWmfmHUEbZoBpGBS4m+FVRmH01vco9ii6TBW7R9xZTMj7t8F6XO5cMmfIcV0JRXNQHEXD2//O6ovms7UGk5pvwYppnEhDKuTDOe+rV/zrDZAT51xLtd6+1pvda2qnOF1VhgTEGAaB7Ce0FwtRtYOnJkov+5MCfr1wjRPVyAdb2BP7T4ecdSHcQTyemVXviulhvMBn8yDIuphBGCDwWAwGOYYQkd/o38ER78WJJqYyrEwu4ns0vMo/sGdlDIrkBsfpLj7l6AhKxXxYoGUF0f4BYJCiVJeY5XSxChiJ/bjFneR9g6RCobADxFFifbiaBLIeBwdj9FnLaeYV7T2bqODg8jCTtJBN75Q9CcWIoIuHO8g/rI01po12M0deLsu5PDWl4kd3osM+2nNS7QKyasslHrw+veT6O8m6ZcIpUWPziPnafLZPrr1AG6zxnHT9OdtSKVxRYm2QwdIDOTI50vYfgyr36bftulw0vQ/upF5ej5df/K/KKxqo+f79yFe208s9ToGA5cgtPmdIMNvDh2iw53HqZ/+BHte3ExyTy/LtKZ3/2+P23k2GAwGg8FgMBgMhtlKI5Fjopfz1U6+UWF9Gwh9us52E7atflHjNIoqtVHwWlajJth6f96mv5RmcdpjTVuJBclg3PDLs4WULbhgXpy0M0saOxLvmcoZ06MU0bITcAaqmp9+He3JIws1lI4tQAoHVXYBW9LlvK73k4p1TKu8etrlyCCJETf9LDlbM8rI2Raj9q9yTEbtc517vzYaQG1XMs6mY2i4zejgACAiAbgiRkb1jx4cM7adR3b2ah25jcI9NxKbGwm21WU1Ci3dSOSureNIc/TWOprr7UN16O25hBGADQaDwWCYQwitURCJvaFGC43UIyOjcRKIhIMT7Kc01Eu3H6MtkaBtcCv85pvYop9ix1J04ixiugU/2E5WvUZJ9ZP0E1hhggG/j0FrHoOOJuW04OoUlFzsnETkCrjFfuLxOE2dS8llYuhkG6XFF7J3y0MknQxxUaLZ8RhIFhG9B+l6NQsHcnDaVSR+7/3Yb19K/qkfsOu+O3CKexA4qHgcHXeQSpEo+DRpQc5xKElNKpDMLzrYXkhLwYeDTSQOLaGwcAm5RC9ZPUDGBtXZgptppeWgTUn3o4aGkD/7Ou6qxWR7V9B5ymmo3c+w/4VdtJ5/AW16JRtdi0E/jr24lWU9v+Wxf/87Fl32bhZf9x5kVyu93/jG8T3hBoPBYDAYDAaDwTALmCjfZGWdStSqkYWMUa/GvL/Xo6fruSCnoytUh3+dcMUyXggH85MpXVAIBVsHXHZmY6xuLnH+vAJpZ3ZHkTq73WVVxpl1Ikod2YxhKbh6wMARIMaRUQv+ENv7X6bk52lNdLK85fS6x6i2jDPn/Te6ms49sobF42griZYisnOL6E9LqkIiVyZm13kDwJ6eRNVI2J5I8G40wGO6d56unZigv6oVTmuX1WO6IZEnu15tyOTJlNdIrG5UxmTE3en2K+MJ0I2O9VzBCMAGg8FgMMwllMYSAtSI+IvWCAUIjfJ8cloj0ktRBZ/kr/6NlPtOOOsq9jUvwh/aTbJpIa1dl2N5vQwOPEfBfw0lbfAGUVkPX80jdfAgKthGvHUrOGcSiyVxF5yNbl1CGAqyKiDQcTpSKYTrgSqQUnniuQOQGyBMzEOcehVywTkU84PkSpJcs0V7JsS2B0jqXXQUf0PoNOM4SazAgoLCDzQFy8ZXISXfQdlNZHN52nUrzft6CE4/CFesZt/iG4kLReqx77Nn87Mc/vX3OHPlCtovuZT2153HAcsjP1AktXQR/vL55GMLOPyDRyn9ZjOlji76VZ7kqy/hLp5H4oZ30JURFNRFtDUtQx9Ms+lLD3Pq5Wso7Nt7vM+4wWAwGAwGg8FgMMwqGr3kH36JPwULbt13+lN4zz/RqnoS09Xz+kqaQX/y9YPAU4LNfQl2ZGOc1VZidXOJlKOwZkmO4ArL0hZXLEwgZ1OjqiM/az2c+zf6GPF0Hg13tdaaIW+An7/2XX6y/Rv44Uhu39Z4J9eccgO/s2gdcTtVd/v25GmcMe8PEEJOrwFlvZcFXRCfD5YcFoC1lETFloVfUZUcdzadv2ky7N6lgdO33I0M50SuU8Z0nL11B4RMwWIdmdL1KMH1WDGRAFpp12RF4EaMl+N3qiH/Z6oNte2ZSxgB2GAwGAyGOYTUoMoBcoQGlEYIDVYkCgs0QkmC0MEOspR+8xAq1Yp/5ltwT7uOVrdIQuVg6DD+7p+T3/EoajAkZqdJuL/Fnv8MHZlWwvQa8p5PKZbGTaQI0otwFy3EdpJoMvhoXD+PLhYpHNjKoc0v4w/lyPcNYNNE4nVvIb3wSgg9wkxALOHj2A5WyWfguWcYfPpXSJEmp3pZrvqJDQ5AdoBEXBPMi1HsL+EUBCuTnWg7y6FDB+h96Ns0c5jk766h5U2vJ7WzQPzJnyJ/uwl1113ELr0E75xz8E9dx5LWJahBSXwQ2NtP7qnvcviFe0nLvSRPPZNka4Z4IsNpSy8gfO8bEek8Qy+9QmbNGkqBT/a1reR2v8jzW5/mwuN90g0Gg8FgMBgMBoPhBKHey/navL9H+vq+Xl7ORuvV6ghjmleTXqnPE2Q9pkUhsPjVoSSv9MdY3uSxpMlnYWp2hIZui0nWr0ozPy4ZCqCojneLqhhjGa986OHv1dHCZ4pQBTzy2nd4aNt/4iuvXI9Ao+krdvPT7fexJLOaFa1rxmwbs5o4o/N64nbztOuvFwF9ZIlGa3EyaL11Gb4Pq+7luvfrsWxUdaUzFIVgZNuJxdvJMhl3bj1HcHXY6sqySj7jRsLxVENaT9fhPB5HGl76RMcIwAaDwWAwzCWEQgJaaaQceRjWWiOFRGGjcImVsiTFEF5PDwcf3YB+5kFCq4SVCtmfWUhOa6yBPSRKAe3JhdhOnMKrzzHY81sG40mW9ln4uZcZ7NlP4L6AzuWQxb0kQ1B5QRCUwE2QHyoSNtlYB2C5vwnrsX/m8DNfJ8hmIfCJEyMzpElkPTzbIpeSDA31k+jpZZ4VI9fqkN//Mjv+406KzT8mnn2VuH8IO24h+weJ93oI6VNoD9EHNuLcvRX3vhb8xOkcDBOU/I3Elzq42b289vUNeM88waAPS3SCXNInpwZoyg7heEuxEx4FO2TohZ9TeHkr2oYFhSR5T9CzqI+Ep5l/SKE7MvRTIL23nxtKzvE82waDwWAwGAwGg8FwwlL9vn5Yz2uUqLN22/Jn3TCvk9QUGonO9XQEDYQK9uYgH06u/EYMeDYbeyxeHXBpiwesaS2xtMnHnqZR9EixBaxbGGdRykICzQ7EQhgKYFbowHVsmbqszOtKDOijIISWwgLP7P3ZsPh70eKrOXfB73I4v4+fbLuP1a2vo6tpWZ3mCrqazmdJy8VIYR1ZI2qU7Ujy1ggtRjlfT1IdeDgRuGbs/Tqdfa4nIo9aPs52VNdZ7USum3945oTNyZY53vLxojJUL2+UK3gicXU2hIyfDW04HhgB2GAwGAyGOYTQgBRRyCYNlipHAio/qykZoERIqCVKtoArsRToUj+2lPglQSa3ixZboKVAODHCoBcVCqQUuIcG6ASGBDSRQQ8oCF9GKo1Wilyo0KFCKEW8TyPCEJ0rEVeakjwTmdUkBw6ilQLfRwaKolIIW6BDhdOnaQsFKpEiq0HlHALl03H4Fez+11AC/KAJX4Buj1Nob8NdcTrtBw8R+gEHuns4ZeUqUqqE5WfJDrUThi3IDhd3kYerfVoT4Pt58ANa3FbSy5fjptIMZptQg4M4QtAUjwNQsPKEQUBbsZ2SDikudHG1IpX1ybkJeu2AM47b2TYYDAaDwWAwGAyGE4+6UoJuvHA86WEqnq9qsWxUXs8JBaHoX18LdmZnxmuqEeQCi9yQxe4hl1Y34Nz2AqtavCjKL8cuku8pzQ5v6HSjdFKABaRtSEron21u4DpEr0H0jAtASiuypb7h7xcsvIIzOi9AIHnDwjfihUXidnLMdpZ0OafrBuJ25ojbIIVG6JHQwmgxapDD0XA+zxaGc3RrXc6tLEbu4eFc4ONlbh5dVr3puh1IpYOoI+7WDQ99lDjaYaTruYKrBeBqZ60QAqVGdwSVdWfSnTxXRdwjwQjABoPBYDDMIYSI8sFUfw4/lAFCR6NkpYoenbXQaKEQAVH8aCEQUiPC8o8IWS7LkiPlCBDlGFVCaVC6nGdYo0MFoUIoQRiGUS7iUA3Xq5RCq0gkpjwtVCT+qlAjlUapKH+IUgKBwlGAAivUSKLqlNLIQIEfYoc2qVgTCp+CGCI3UCDUCicWo711HpYdAyyGsv0ExQKObRFLSBwvIF8K6OsrUfQUoSWwWlpxHAfPslBKESSS0f7bFtK1cJMJ4l4RddBGFQv4Q/njdaoNBoPBYDAYDAaDwTBJGgpA1TlmG61TXqmkYFeuvkARt+C0lug3646soH+KYaL7SjaP7Gvi2e6QFZkSi9M+ra4i7aijKgSnbMHVi+JkYmPtx1JCqwMlBbkQfHV8HcH18rNKwKkI5tP2hdbHlg7Lmk/jld4XAPjai7exdsnVrGo9i45kF/NSi+q28ryu99KRPHVG2iBqPmunT1bG3KPDc0XNvPG3jQRk6h/Iekx2vRliMgLqsQhtPJyfvWq6ut7K9NFuy1wN43wkGAHYYDAYDIY5hJQyEmjLAjCMfpATmkg4FQItNUJrRKjB0ghLokRFBy4/3EmBkLK8YVlMBlS5DlnOMywrQnCoolGBWqMDCUpBUBaCtUaGkVOYUEGgQUVirg51WQgW0bJQozTYRNNCa4SK4mzJSkpjz6fU10/fc08iNDhCovsHyA10U/BKBCgsx8FtaiYWSzPQ30M+l0XoEMdxUNh4ocIPFaEXIqWM5gsIwxBV9YDrS024ZBn7gxIqnyXI9yP8EvbxyThjMBgMBoPBYDAYDCc9Fd2mnvA31XImt06U37XRhoUA9ufHKkOWgA+fHZJyigQaLBw29jo8vFdwuDi1tmZ9i409SV7pV7TFA+YnAhanfeYng6MSIjrRlGBJU+PURkJE4nZMgqciN3AxPHZC8Jgw4WUkELPAsSLH8uHCzNft2gmuXPWH5PwB9mZ3MFA6zIOv3kvCTtGZXMTaJW/i4iXX4Nrx4W0s6XBa51tmrA2iyuJbT5M86UNAVzFK3i9/qRsCvvZ7o4NTM/BjVIjpcqho0SDEc4OiTqjz0Ejkrc75q7U+ZuKvYXoYAdhgMBgMhjmKUgpZTgSslEKXfzZLFYm5yHLCGBE90OlQIYVAWyMxo7UUhLIsIMvo1+bwQ2C5HlF25FY7gVEaFQYQKnQYRjmJh9eLBGAVhGhFWTgGrSMnsg7LDl+tCQkrll+U1iitCRCEUhCi8AIPinkcywalSXo+Me0iVUjB9wgLmvxQL4PY6MDHUj4SoBiFr9FaRKGDLAtPCEoljR8G+CpESImwJL4KCfwQ67chWgeEwkfJEGWFKHkiPd4bDAaDwWAwGAwGw+ykYe7NmShvhtSZ3TlBqU7+30u7YHkmzws9HhqIWyXWtFq8dVmCn+11uHerwJuiYloMJftyDvtzDpt746QdxaktRVY1e6RjMyPECNdhKFBs7ve5oD027rpSgCujv7QVCcH5MBrXfSyxiQRp1y6HRVbRK4OjETJbCskZnW9gUWYlGw88wTN7f8auwVcoBDl2Db5C79aDtCXmcfb8i4cH3QcqJOcP0RJ3Z6QN1SGeGx3qufxWYjhMdL0FML5qXju7PL9yHc0FvbPa9VtvvmH2YwRgg8FgMBjmEEqpYQewHs7RETl3lY5CNtuy8oAHQqlI8C0Pb9RSoHQkDmspEArQoGUUPjp6CNSRuKzLuXZ0WS9WkVNXq0gEFkoRhuFwWGilozJ0JU9wUHb96kj0RUl0EEZ1Ko3WEBAMu4eVCqNPaREqQag0vgrBl4RY+MUSOoQSCiUlJW0TCvADTckvEbMFtu2gdEgYhoQafK1RWlIAvDAkUCGh1iAloYQwDCK3c8wilR9E2wLHlvgCSqHAm+3JkAwGg8FgMBgMBoNhljMq9LKevJBXrfGMq9XUKmg1Tr/xCtdV33/bXz/j6uVdmk193rArthBqCmHAoWKWU1ssvnt1gg2vOjyxX7A/LyhN+mdkFNS4pASlkuSpg2l+dUixKOWzstljQTLAtTQxSzPlsclCoL2AUslnWz+8vs2ZUPSpLLYFpCWkLPA1FMIoTLQqvyOYKd1MMDJ23QZcEYV71uWgYhqo6PFSTC4X7JTbICDjtnLZ8rdz6fK3cXBoD/e99M9sOfwsQ94AL3U/wxmdb8CxIgFd6ZCvvvhZ/t/X/0/iduKI65cVga5R+5gwjfUJiy7/UwnjLBDlvL8RYtjQIBqr5DUHp1rkbXTvT8XxW9tfaUZH4ZuNVDt9a9s53ndZNoU0cg0bjg9GADYYDAaDYQ4R6sjpKwAEww/H0XeBJcs5fJWOfkrKaCVhy0gIBkLJqFA6lWdpXfVbNwx9lBBY5dzCEokQZYevjnL7WozkItYIdDkUtFAaqaN6tQK0jMRlNFpIQJVzAisUkRtZaRnl5K2EZxbgo/A1COGgtUVou2hL4xNFnS4FAiVASZvQ1hRRaE8RhJGQjJZoaQESN5DElEARPaiHGgI/xFchWoC0BX482m8v0CAsYsLCsaxjc2INBoPBYDAYDAaD4SRhPH1lPB1h2i7hySqStaJv1WwNvDowtnGOhK5UwP7e6HtMQlfSor+kGPA1O3Mhu3JDnNVm84bOGJv7bLYO2DxzSJALJtmuKgIt2TnksnPIJWGHzE8EzEsEdCRCWt2QlKMmJwbLKP2SBrqLIYVAk3SmJuIIATER7bPWkRvYL2d7CstBwipBv8pjy+uXQxTSWYjo0xLlP8CWIwJHOdvUsKZXraNXh0qeKbTW7BncxkuHfsUZnRewIL2MdCzDvNRithx+FoBSUEDr0Yr+tt5NPLn7R1y27G1YcvrvDCqu5squNTKzHoXI4LOKEQ13HKm73sVVMzJEN5iebBvqcaS652TCKk8mT/DRpLb+Rq5hw/HBCMAGg8FgMMwhwkCjJUhbInTZzVsO3yykRImAkvaxhCQmreEfSYFQBEIRSoGtLaSwyqNtBVJE21aP6HNS6SgMdBAS+AFKhZETuLyNkgJPa4QlkNhoFGgLEQJKodFYKAQBXhg5crWOhGGhI0uxEgoCidYCH0WoBQGaAI2PIig/gktVxAtBK4FSkTs5mo5CPAfSJ6gaqai1NTyNUmgd4gmbUMjh/CaKkc9Qa6jkTdaghBXlCUaZDMAGg8FgMBgMBoPBcAyo+9trMtZHXWeygctY19SiaybqCcDL0lAIfSg35fKuOBfPc9mbD/nG9hxZPyp1Zy7AFgGdScnyjM21S+M8us/m/l3TV5AKgcVrWYvXsjGStiJpa1rdKGfwgmRAJqbq7qeM2eU0UNH3AU/R7ymSzvSlRFF251aKKGeIGhbPI2fk6PMoqiYqAmdFCK5uttb1BbvqdWq3mQl85fH4zvt5as+DPLXnQZrdNgIVcGBoFxANhF+UWYUlR+dQDnXIk7sf4JS2s1nSvPqI2lAtbM/p9w9179cJIjzr2hn1aRQteoYix0+bo+mqref+rbwPk7Xp33T0nq12m+kI0/VCTVfKrNcmw8QYAdhgMBgMhjmE8gOEFeX91daICCyFwBJEOWsdG2Hb4DggBCGaEI22JZYlsZSKRt1aEmlbCCsSfxUMS57FMBrhKiywpUNMRwl4RBANyZUIAuUThmUBFUAIRBCJzcpXxKyAmJRIX6N9TRhqglCjlEBJUNJChFE4H4UkFBpfQyg0oRbocrsR5R+vZdFYCavc1qi1QQilcHSomspDbOW7j4XS0bEYfsDVGi2idUMklWHUoY5c1BqYxoBtg8FgMBgMBoPBYDDUoSLo1IqEYwSdRqqPGD2txxRQtfpEolDVdhro9QSD/tiK17Rq9hciAdi1YHXGYV7CwpaCDleS9UeSBgcaekqKnpKHwOO65Q5/cmaCOzfb/NcuCPR0xQ9BPrDIB3C4aLN1II5A0x4PWNVcYmXGI1POGyykwE4n8fqzw1sP+ooBT7EwNc3q6yBnwJHbSPhtVN9Ma0eh8tkzuI1A+RzK7eFQbs+o5avazuL8rsvqunz3DG7jmb0/ZUF66XB46OkgRcNLeBQnpW5Wc0/rOmG+h7uEcUI6T6W6qcxvhJRyVrtjxxN/gVFib2SsGFkmy+aQatHWcHwxArDBYDAYDHOIMAyj0M7Dw18FWkThk6WU0TDcIHK9Bjr6UasECCmxbQtH2iCjPMKRuFkWeqUkFOWHOylwpYjcs2E0QlcHEPohWoRYUmIJC6sYIpVCoVC+HymxfoilFI6OHirzaCwlsUKQYZQL2A9UFEJJgVceg61EJD4rAaHSw9NKacIwGBFtwygslFIKVc4dXAqgFNYXfivzSirKUTwsAAsiAbjyACyIcssAqhz2OigfW4PBYDAYDAaDwWAwHBlTEl+qhKHh8cbVyyvi7xQ0mLI8OuICrtpWCNiVHbuNALqS0fBjgGIITx0qYgnYng3Ykw/HblRV34u9Pht7fd64JMYbF8d4eK/NS32SnUOCUuNNJ7k/gsNFh8NFh6cPappjIae0+lx0qhMlT63av1ygGfTVrMxdWivsVdzEtVSE0pkkbqf40AV/z9N7H2Jz97Pk/Sxaa+J2ghWtZ3LZ8rfRnpjfcPsnd/+Ic+ZfzOr2s6fdhko479l1Vo4d1YNChBjH9XuM9dbqsSi1Y08q91HtuycYLZgqpYbn1bvvaretzrdbT2Cul9u3Uf3Vzt56862qdGeVeRVBuFJ+bbtr93e8vqR2u/GOw3iYfMRGADYYDAaDYU4hbAssibYlyMi1qiyBtCRKCqRl44oYwraRMRvh2AjbGs4VjNL4VoCyACnQlgTHQjh25Aa2LTRlsVeDlDbacvA9RX92iOxgAd9TaA3Ci+NISdq1STVbJKXAIUAGAYQlQiVRIUgvRBZ9KHgo7WNJhbKi4bulmCIoP88p9LAoGzLizoXyg+Zw2GfKD7LRdpFb2G7o/oVImx529mo9LDhX0BAlIIJIUAdCIaIcxQaDwWAwGAwGg8EwBxjv5X49QaLWJTYZV5weL6xzbU7P6u2OggBYqUNr2DM0tvSUA02xkECNtOTXPT4v9fl4aszqDct/qd/DlR4Xd9mc1+kwUIrxxAGLXx6aqT0S5EOLpmaJwAcFTiaF8jzCokeoobsYDYq2ZtlP3NpLpmIsrhWCZ8BwPAYhBM3xdq5a9W4uXfZWsqV+NJqU00Qqlplw+5w/yLe33MmfXfgPJJ2m6bWBye2XbhDW/ESl7r5UOfurAhFPq/zK8Toi3bgyjqKmHN/3kVIO/0X1jQ2lXM9FW9vHVv4mmyu4uq7qebWicO17scmIptXCduW7rEoXV9vP1yt7vP8T6pk1atte25baMmRN+rq5gBGADcOs++DHeMeqOAee/Ts+dd/xbo3BYDAYjgZWMh6FbLYkWDIKu2yVHxqtSMgNYy55v8RQsYBX0gjHxnUcbGkhNWilkVoiHRvLckBG4ZF9X+F7HmEY0l90KBR9Cn6RfEnRM1hk74E+DvQMUiiGlJTg4KCHDjxSUrOwJcWqBa0sbm+iOQZWGODqgLS0yNgOrZZNMungugFC+aAVihBX2SQqgu7wCG89SpyNyRCtqx5kKysi0RVXLyPb1grB5S8j82FYEFdVz42WHT1WhWiUkJFIPO0QXQaDwWAwGAwGg8Fw8lNPFJiU6FIn3HNVdqGGm4jqL5OpZpLC2Z7c2JU64pCJhRwqjq5ssuJvNSUF27IBlghIWkXWnxLjQ2ckuHOLxdOHomBeR8LiTEhm06M89+nv4ra0suL/ejdNZ56GlYoTDOY5XAwJ9fC45xOC6jMiZiAEtNJ+w2VxO0ncTk5YhqYc0azMjv4t/HjbN3jH6R+YeoMq+zTOfp3MbyQqgzpG7ut6UxOUQYMQ2lMUf8ddt6av8n0fy7KwLGuMiFsrhtYTf+sJp+M5ies2qUYUrZ4/GZfuZMsfjjZY3qYS/rriLK4ur564O167q+fVE7Br21qpf65hBOCTnLXv/yjrT0+D2s9j//gvfLPneLfo+FIRuRtT5JUffpp/fvyYNWmW0sWl7347V6/pIpMozyoMsWfLo9z1jaeZ45eRwXBiI6MQzVigLRCWfqATbQAAIABJREFUxrIEwpZYjkAg8YMQgYUvbA5lc+wf7CFb8lDSwXJitLfEaWt2SSaTuFqADPB9n1Lgo1QUGPpwbzdBALbl4jguC5td5re2cTjbzLYdvbx2YIiOxYspFosc7s+yqzvPlnyWFQMBS2MeTYVeEkAqIWlxk7THXZpjLnHAkho3EcMLPWzRitLghSVU6GNpRQxwhSSmNY7WaKmHf2CNfhCMHvyUVnhiZDmKSOgui8UC0DocCf0sRkRgVfWjwArKZUiBlsIIwAaDwWAwGAwGg2FO0egF/ETr1vscRa2Vs/qzsoquP11bRu2iCUWeqt98FWm6Xpjheg7gjKNpckL2FyaqZGJcCY4lyPuabKDZPFDCosQfr3H5o1Pi3POyZNugpM+betlJR7Pq8HP0fPO7pMIEQz172flPd9N87utof8ulJBYtYtCRHGHU6eOKNQMO8K09PyFkMeBOu4zXBl4m1EHVHM1Tux/kdfMuYlXrWVNyJwom3q/JCqEnGvW7l9H2X13+p94h1Y2mj9QpXduuenVrTRCMpCqzLGuUGxgYI5AOF9dAFK7blAYhoRu5i8MwHHYg1yu7OtRz7fLx2hSG4bD4WqnbsqxRfX69/R0vj3Ajwbi2HZV6a53WcwkjAJ/UXMbaleloUnZx6u+3wn19x7dJFU65hPXrzufceVke/OS/8fCxrl8F+EG9BQX8aYzCO7lYyfoP/xH/h723j5rjqu88P/feeum3510vj2RJtiRbGMkY2wgb28EGGVDAMOAEWG8GBiaBsyQHZ3dyZpmZ5GySwxwyEyZDdo6zWXLIkrBLCAfI2CwQYsCA7XWMQRhjsDCyLdmWrPdHz3u/VNW9d/+o7n6q++nupx/pkWRL93Pcfrqrbt26t251qbq+9/v73TjuQTLH0aMVwGNozQgbrrudfzfg8bHPPHy+G+lwOE6TGIMwFqvBmjRHrjUSaQUKDylqKG0Jc3nWDBUYWDPIaj1OWVti6SGkJCci8p4hl8sR5oL0Js4aEAbf9/F9hSpsJapZiAUmiUEkWAGnZjRrfYWYneL7TzzLlVeNcvkrNvDE/sOcPDrFvEzY+Mp13HzpZsZKIUqG+EioVokrNaLyPFEUEWlNJRLMzhwjjmO0jrHWEipJyfMoKh8rJdZKVKhozgK1Cz8UGqKwFrYZFjrN7QvWiOYykGjhpeUyPySMqM84rd9gBkbVQ0SnKyyixYnscDgcDofD4XA4HBcz3XJCns5D+Wbxc6VuLQSHWkTN0FF43VA0aHvmsumAL/jVDXkuLXncf7jCTyZSJ6oGfnSyRsGL+PAOn5PlkM/t89k33f9BkcCHr6hx6IuPomNFTZcpFcbQOmb6sZ9x4sd7uOId72Lj/3gTngjOuC/nkpZ5AyvgAK4kJ7l//yc5OCOxK3jizdYmeeC5exkvbqIUDi1r2376dKGKwEC9Y43edeipWLys15Wm1/G07R+WOqjZZmU+N8TLJElIkgSlFJ7n4XneIodqJ2dv+0Sb5YSBztbRfv3NvjqFZT4dOqVaawjBjb6mqdo6u397OaI7hX3Oir4NGvtrz2t8seAE4LPE6Mgw//NHfpPRkeEVqe/U5BT/7dOf5dTkVP8bvWkbGwKIp+dIhkqMb76NbXyFfSvSojNk/Aqu2bqafGX2vOy+cuB+PvZXTsTsyM6b2DHuwfx+7vmLv+W7Dbvv9nfzx//qasa2Xs0dPMw957WRDofjdFGJBVkXLlX6o0UoDxV6+EGA8hWessTCEqmEnAe+JzBSYo3BWk3gSXzPw9oYbAI6FX+lkCijUImimhSpRjHEAk9ZPBHhCcvYoM+1V65l3apBrn7VKTSWck0wIkc4OehRSDQDtSphrUCRGGGmCL2QJI4RlSp5qTChT7msKYU5xtf4WK2bYq1E4CHwrMC3AmEssdGt4Zup31BmQkZD/UbQWrQVJAKMsGhrMCy4fRu03nSmjmFkPUdwwyHMgmDscDgcDofD4XA4HBczyxF/O7nwbOZNy7plqFudjMQrwamaIDKLa7x2leV49cwF4NU5xTVjAaOhYi42TQG4QTmx/GQiYk1O85YNA+yb7j9Q869vgd+7MuZ3nz+EFArpKWpRmVw4QKU6iadC9BNPs2n3FXiXFc+4L2ebbhKYXAEBGGA0B9NVy3S0cmeQxfKz4z/gVWtv4vpLblvWtvIiCwGtbfqSAkQ9A3IP+Rdsa6joM3b4dqBrnXZxOWh19wohMMbUjQ16UWjohW0XQiq35+3tJNB2y7meFY+NMS3iay+BtZPA3E10zu6jvQ9Zl3HWEZx16Lb/XSoMdS+RHBaO98Xo/gUnAJ81XrfzWkZHhvnmt7/HFVs3c/mWy3q+X4q3vvmNvG7ntfxjH2VTRnjPVRvxgUM//ynxa29m89gWdu2EfXvOqGuOC50tIwwCM88/tiD+Auz9CvtOXs2NawZYewPw6Hlqn+Nly92f/DgAd33sD89zSy5uCloAEgxp7l4BAoVCIZEYK5iJBVqC1gadxFgBnucRqPRVMYbZqP6DU4nU9Rt6iMAHz8MIi/Q1npHInE/e9zHJHFFlBhNVCUXAmgGJuiRPZX4OrMfm0WGe9WocOXCY2vQUMilQKAaY8jw2nsMXHgiNpyRKedgIisU85doMVoGyEmlBWIlITOrirYu3jRwjQMcHDNaCNmlImuaPgsZLpE5gX9dF3jrZ+08j0l8fkdRgQVuLqR9iJwA7HA6Hw+FwOByOi4VOYTizIkH777JuZH9vLRURuvOCxYvbf5r1kgGWZy4WTNXoGFFw27DmkRNnLjicqGienU4IRwTfO1LtWq6cGAJlEKi+YlEN5mB0Pfz5VIF1/+FjJKdmqR0+xsRPfgwHTlGbPsjI6k0oLN4KCajninYxcKXa7ktYXbDMxenk8ZWimpT52i//htesuxUl+5dsRCYE9MtoeE6bmoZKAr60C/l7m8dAdBCBz+yodP0etRgEFgp2uuYsCjufce1KKZtCrNYarXWLG7i9XGP7dL+iowjaKdxze7l24Tdbvp/w/f2Kv93E6XY3cK9wz73yAbcfi6zbN7tte9mLCScAn2X+8dvf423A5Vsu6/l+Kd765jcub8djt7JtPWCOsO+r91G+5AY2X1Zi49XXwZ7HTqMnjouGShob2w8H2lZcl+YDNrMcy4i/b//oH7J7U8K+b/wJdz9wzlrpcDhOl8DDehKrwPgSrSzaAyMSpLEYK4n9EBX6SN9DCUEt0VSThDg21JIYkQ/xciFWCpQv8XwfLwyQoUL66UzFgVwNXQNLmkg8qsVgQpTUiNij4Pnkh4pU5z1qs7MkQrBp/ZWEt1xHPo4IarPMx5JjFcHk7DRDI4PIQJJEMQUvxOR9GBiGUgHPWkJrUdpCrDFRjNFJc0ajrsYI6jeAtj4/tOUmMM19jLVIIfCReDYN32wAgyDUFgXNZRqLFulfK9Kb56i+XlvbfEihZadBcDgcDofD4XA4HI4Li055JtvXdZqQ20kkWNKk1WN9t1WnU6Vd9EakIWWtaNliqgaRbpWe1hfAV61O3dNlNrF89um5JcutKwTcf9DrS/z1JFy7CULfUJuaAwTe6CDe6CDFq64gnpmh+JMnYe8R1o2XWLtuZaJcnguawmBmmRJpuOszRQgYzsFIzXKysrJC0onyi3xp7//Be7b/Dp70l24LrTmAu53DF9JjibkYpiMo+pmY7Jn43qIlJPRCDq+GVi9Ew/1aoxofI0omwWqkzBP6qwn9VQuzBdrV5PaZIR1E3yzdlndy7mbDE2utm+KolLLpCu4kAme3zdbfsT0drsGdwigvxXJyvLfX2R6+uuEGbj8mvXIKd8tp3BB/G7SHes7+O3Qx4QTgs0zD8dbv+5Vi2+7NjAPxoX1pqN6fvcBtl21hcMtr2M1j3LfsGtdxy53vYvcr16UiIEBljkO/eIC/++KjHMoWff0H+eQ7tpA//hh3/c1+3vMv384tG3LAHE/+/DhbrtpCowryW7jjkx/nDoDKfu75o0Y+4Mb+VjOYr5+mJqFyci//9GdfOUc5g9/FH3zyOsYr+7nnj+7D/8072b1tBF/C0Uf+kE/cA4xtYdcbbuHGqzYxlvfw6/+iVqaP8OT37+VzDx9pqXHX//T73LE1x9E9f8inD76bD+3axoahHADx5H4e+uZXuefxSdhwKx+682a2r8qldSZVjj71MJ/7vx9oPdZNljE+S/HP+zl04zo2bL6eD1yzl889PgljV/Oe9/8qOwag8vQTLeGfy3EC5Bhcu5ydOByO88VEUeAFHkExxCvkUDkPLx8g8h7S9/AUeCIiEZbYCBJjIZYEiQcmdcGGnodSabhjQ0Kia8QVEBHgKTxfYY0GGyKUjxaKWClsPo8MBKYM5VpCEs2jbEJYkOQ8hQ0FAk1SjbEm5pczAd/aX+H5g0fZsEGSCwOmTp6gFOTIGcvq4SpbBhKGlCCHINQGXycorcGmll0lJHkyDmAWbvayYaGzN5qeUAib+YlkJfgGbS0Ii8ESY6gKQywaIq+gIPw0j4sxJPV8wd5FNrPQ4XA4HA6Hw+FwXLxkH94vDuvcOffiS9KVlRF6MtmDFha2KEGWqWixA/j2TbB/NjnLDV1gQ0ExWclz/4v9HceNo/CKtRY9X8ZGi9vpDw4yduuNJK+c5LKCZnR1u1HkpUkjInL7mSZFKhSuRAhgKWB9yTJbs9Q6hP4+Ex5+4R/Zvuo1vHr8V5Ysm2aiWnSCXrBYC8erMBPDplz9O9jse3ZgbZrurEs91egYh05+han5xylXD2JsjK8GKeW3smrwZtaO/iqeKrTtvEN7TrMf7SIo0JKztpEfWAiBUqrp1s26ZdtDJHcK3Zytv9P1t1Oo5G7O3X5F005ibbad2f22u3Oz+20cj6xo2y4QN9Z1yovcyWXc/izwYsEJwGeZfsI798PyHMBXs2vrCJBw6Kn700UPPcH+N2xhx8A6drwF7vvWMqobu5mPfOQ2dgx5YKrMHJ+lTJ6xVSU2XHc7v7d+HZ/+1L0dcgt73PH+d3HLeq/52Y+nOHr0BHl/gPGxHJgqE8dniQGqU8wAsI3f+Ld3cuOadH8TRyeJZZ6h0RL5NesYX0bTV4qxD76fW64sLSyoT8La9e47uWNrLhWnp08wUQN/YDVjQ+vY+c5/zaD8E+5+aHF9/sgH+Xc7t+BNn+Do0QpDa0bIj2xh13vvhOgI2993HeOyysTxE8T5EcaHcoxfdRu/++GEj32mLXfxaY9PFybu457vb+JDb9rIzjt/m827KhTWjJCXCRNP3c9ff7ZT7uSEyjLSUzscjvPHvkOHUUrhBT5BEBCGIUEQEHg+nudhlCYSlfQGyVN4nofy6y+lQEpmBi1JmOYUEkIgrZcKrsZiy1G6o0Mam5QxZiGWfPOmzFiQFpE3IEJEVCI+NsWGwjzTR58hNpbcyCp8nUPagNmK5MdPH8UWh5kuWywx+VyOuf1HuHIgZDSQDKiEdQWPy9eU2DxcYFDU8HWZgATiwsKNr7UIU795bNxEWoO1Cch6+0QaAjsRlgRLgmBW+SRCYrBpPzvMnPSxCCEJhU+xHnY66fCAw+FwOBwOh8PhcDguRNof7GfDjC7FIiG43cLZa9vlNhQWmfm60UdqT6ZrYpEAfOt6wz+fOPP8v/2QU3BZqchvP6So9fETVAq4+XJLoGsklVrPst6aEZ4NBE/ParYPy0XC0PlG1EX69jFpF4FV09TZSxrsn1DBpkHDM1MSu4IKbGIi7j/wD2waegUj+dU9y2qTjuWF5PDthbHw81PgS9McT1hs0s2Gg25fX4tP8fPn/pBKdJjVw7ewZd1vE3hDzFWe5dCJL3Pg2P9FLZ7g0rXvR6lcy/6b9XU4384WjbDQjfzAnuc13cDQKqxmxdB2cbUh/rY7bNtDQWeF6H7pFTY6W3enkM3ZMo02NtrQ3pZs3zoJxNl+Zo9Fe87l0+njyxknAJ9l+s/Z25tlCcA7r2bjABAd4cnvNBY+xp6Db2LH9hKbt9/O2Le+wUSPKhYY4Y73p+JifPwJvvA3X2FPY8MNt3LXb93GtvGrueMdD/CnX5ts3TS/hZ35Kvse+ie+8LUnWvfXcAnXDvPgp/621dH7llvZucaD2f18+S//lgebG46w8x3XM9j/kVgh1nDNNo+jj32Dz7W7aeNZjj52f9vyEXb+qw/ygatG2Paa3fDQYr/12NZNHN3zeT7xpbosO3Yzd310N9uK63j9+1bj1/Zzz1/8bTMH74733sVv7VxNfuvV3MHDGQfuGYxPD8rzk0xXNpLP5xgbzwEJE3sf5utfW+xAHh/IAZPMHOi7eofDcR655vLL0xsj0Xrj13ivciHB0BBWiPSXhJJpqGPRCIdsUbFBzNMWhsYnjjRxHJMkCWHig7V42RmNLOxPamAiIYkiPGnxTcBUVZGMX8njzx3hJ4++wN6Dv2AuyhGWVjFfLlObLzM+MkoURUweP85AGBIXC8z6UKnMEE3PklOG8cJa1pXG8LVPUp5Hi8aN7+IXCIQXoGQBbcBYS2wtibUkVmAEaAT5SCOsxtQdxKbeL41thoWeUWnomkBYFBKFwFxc95UOh8PhcDgcDofjIkXWJ8FmH8R3EwU65a1sxxr6cjb2cnT2FGnqStGiMq3m3iXqsiQWpmMwbflg1xVizDlQiSSwYzjHf3ncY7aPiNNSwFt2wFhOE01V+1KypiLLNw9WuLTkUfJfWgLwwm/7tuW0nj5KGqxVadkV6IIQMBjCaM4yUWVlKq2zf/JJ9hz+Hrs2/1rPfMCJASUtAttxGLORil9ao3Z6HC3D3klYWzBISd3uncn72/xOL0j8jRzBAFpX+eXB/0I1Pszl6z/C+Ojb0nRgQCl3OWuGb2Pv8/+RFye+SqlwOauH3kCnI9dPOPlOkaP72rjR7oyo2ngfx3FLjuCsEAy0iMKNvMK9HMLdPi/qzxLhpdsn73QL2dxtP+3rsw7obGjnrDu4fZJRN+fxS23CyvnACcAXILuv38IgUDm4tyXU856H9/P27Vcztn4bb7/iG3zu6T4qu+52dq73IDrId7PiIsChB/jC49v545vXsWHr9dAeWHogx8xDd3P3MoRHAIZzqcF29khG/AWYZM/Xlh+8uhP5rbu5+5O7F684/hh3/dm9bYVLsPdePvHFxbmTv/vZuzuEo55kzyNHePtVI4yNrGMXLC4zsZcvfynjyZ14mC/84jr+eOdqfC9h3zcXxF+AJ7/0GAd27GZbfoQNNwMNE+6ZjE9HtnHH77yLXZeVIJnkwKOP8SSb2Xn1Fsa338oHNm9j8z1f5MuPN8b0NsaHgcok+/s5nxwXPDfsvBaAR/f85Jxs51g+uXIZACPTmyijBEJKhJKgJNgIUUuFX6Ek2lq0hAhDzSRoY+o3lZJaklCLEqqRJko0SZzefGkgKs8gbXpjpqRECYkn0twlnlJ4VhBoSUEk5It5ygnI0Uv44vcf41t7DzHjDTI2dCn5WDB56gRReZbBfMBwXKEQKi69ZBRfKqYqJ8lZn0EfBgSIWpWZU5NMxhFDviCfG2jmTzHGoG2aT8VYg9b1BxKJwVpDgkVbQSwsiRBYZPrrGEtVRnUx2GJEmudXi7oA3HASx+lNfoLAF/Ub1ItsZqHD4XA4HA6Hw+G4eMkKv71CgXYLM9pavj+tpFMVp627ZgXfpSqpW08jDfPx4kZMRZKSJ5hLzq4KvCav+PGJkKem+xM6tq1NX8lsFZv071B+djbhiVMRN63NLV34JUC7gVxh0FahTfroYyWQAlYXLHOxoLaCZu/ExPx/L3yd167fxXB+Vddy1RhS/3FnD/KFIvwCnKrBV/Zb8p6l1Mj/2zQZ1N+L7NKU7DkwXf45M+VfsGbojYyPvrUp/jaOk5Qer9jwe/z0wMc4PvV9xgZvRopg2W3tGbzgNAYkey01xhDHMcYYfD+N5Ncp6kJW/IXuQujpCKSdQkwvVedS++mWNqA9RHZ7yOr2iUans+8LHScAX3Dcyo71HjDH/h+3hep9+jEOTFzN2NgIm1+7BZ7ev2Rt27avborJX+9gGZ7YO8nEzes6C53REZ5crvgLsH+SmZ2rGVz/Gv7gzjm+/O2H2defXbl/TELcKQ1H1Gmq3CQHHl4s/jYZ28KuX7mOLeOrWTswwNBwDs/zGlGiOzLx4mOLQjJPHJmlwmrylcM8uShs9F5myrshT0tcjzManw7s+vC72XVZjnhiL/f+9RfrAvwD3PcP69j9m+9n95XruOW978OP7uYLe4E3bWFDAJVnnz5HeZkdL2VGR4Z533vvaH7uV8y9Yee1ze2efvYApyZdPPGzSVIup6GOlcIGHkIoUGAEGGERRpJECSrwUYFHUMgRhj4i8DCexAiYmp5nfmaexIIWaV2BEPihwPN8pPAINqxByfQmTVoQ2mC1QVjw6rP3lGcYFDVkeZ5qkuOnLx7m0f3HCEY2cNnoODMvvsjJg4fYtHaEG193I+MDAc/84glqlVlWrVnN9PQM60dDVg0WGSoVGMgHhJ7ARPNUa9MI5eMPDsNU/UGElBhjSOohYIyX5lJRWuNpDTIVxlV9FqlBpzGjjGXchAT1C7DJuH6bnwWcyqVhsaW2CJterl0AaIfD4XA4HA6Hw3Gx0J4m57TrWentOilh7Z9t96K9qBnBXIfHiZ94zOO3rixSNVWenU3Omht4bS7P555SfQmQIwV49UYgjtHl3qGfO/FyEoAtreeDtAZtLYkRLCXp7dryH/vej7HpBIDkLPz4z/vFrutibdHGokT6/CGjfy7i5S5/zUbwTy/AkQpcNqDxZfZb2h7quXtvZ8u/JNHzXLLq3QhUy7pGjUoVWTV0Ey+euBdjYqTqfrY0tmkPNd3vV71f4bJbPnWtdfrMrS6ONswP7dv3CtHcbd/90k247dX+5e4zGxq6sb9+0gu8JPPLnwecAHyBMfbO7WwOAErseO/Hufu9XcptvYkb2c8jS9S3oZgHejhmezE7uWT9HdnzDe67cjXvunqE8et2c9c1tzFzeB+PPHgfX3/8NATlDlQO3M/H/qpTLttOhbu7W3e887f5wI3ryDdE2SQhrs0yccpnbLzUVQSOo6XF91YmiTvcyJ3R+LQzdjuv3ZoDc4I9//2Lbe7rI9z32c8wcef7+I3rVnPjez7I0b/4Z7a8diM+k+x9qM9j6bigOTU5xee/dA/ve+8dTUF3KRE4K/5+/kv3OPH3XOD5SE8hQh8R+tjAQytBLNN8t5GxxJHGRBo7X0XLaRIssdHEJg2BLK1PID2kFCghySuJpwQ+EpEYhKzhWUWAhy8lnhUIK0CnMzMVEguUqxpfaOIY4nCUr/9gD7p0CblciYO/+AkbiLjzDVfw2u1XMuILktlTXP+arUzOzHH41BTh5rVsChW+1amQqwye71HDY6oMJydnKFciikl6w25I+2hYcO4aLBKJ8DwiDPPWULGayFiEEfhWIBEc9WoL4WYQ1KNKo0T9vYWgfp22dQHY4gRgh8PhcDgcDofDcXFwPh/Gn3ZY3y6ib6+etPmaqSaW2Q4O4MdOCn75g4B3b/b5F5sjHjk+z1wnM8oZ8LpVAV/ZH3BgdunOSwFXrIG1gxCfmj+t/c1EL81fuKKuwtm2ZSKzTmKxGKqJorCEAnzZyK1nr7ErRCVK+yaNXjh3m52uf2RBoHy5SmDVBL51CJ6YsGwqJRS8NOZ7w/TbqWOL+ltfECczWBIKuUs72nTTS5Qi548T66nFBfpgJed5ZAXcdhG0Ux7bniH1z8L1t5f4uxTdhOpu67KTi7L5jfup/2LHCcAXFCPs2rwufZskxF3+TfYDDwbW8+qd8Mie/mqOp08wUelRoDrFTPsynfSZZ7idSR78/J/z4IYb+I3br+eazasZ3LCd3b+xjRuvuZ9P/e3Dp1nvCvP6D/KBm9eRT+Y48KOH+fr3s07ld/EHn7yO8XPUlNMan3Zes561Epg4wn0dBe9J9nzx84yvuovdm7bw9o+uxy9C/MIT3LP3dFvuuNBoCL79iMDt4q8L/3xuSAIfL/CRuQCRCzCBIlZQs5qqSUiMwCo/nVHHQthkg0AgkQK8SCJiDUZjdYLBIKRBSkHOE/hCUJ00oDyE8hAITJRAolE6vfMWUhGaPJVomiQI+fGpYxyvjPDMrGXi5FPccMUo79o2yivVPPa5H2IDj0GliGoJY35IadUgp6o1TkRp/hNhDPF0gjLgKw/FAAP+AKFU5IqpwzkxGmM0SRLXBe20b1XrMW8C5nTETKKZ10kaxlkFFLyAUHn4ooYgQgmBZwVKpIK3R/oeY5lLIjxSwVjZ+o3qRT7T0OFwOBwOh8PhcFwc9Ov8PRMhoqvQ262qtpDOok30sZ2LLk1GVatpOjqAAeYTweeeFnz3cI4Pbw/YWKxyvBpxqqbPWChan1dM1op8/YX+juNQHq66BITR2E4ukz5Yk1dLFzpPZCQj0hnZmTywAsAgTYI1knIEef/l6Qy01hJr0BakrT+XkQJRz3vbfGVzvp6vxp4BkYbjFfjWIcv+Gcu6gqYUZkJdi0aP0752MvQvlE2//75XQqAo116gmNvU8TtoMdTik3hqqCWwdrfva7drSONS2C2UfbvY2StHbqdw+g0ROOuK7ZQ3+OVEt35m32eP28uxj+cDJwBfSFxxGzvWA0yy52/+vEuO3xHe87/8G25ZX2Lb9bfCngd6VjlTS6emJcd/yCc+8+hKt7g3hx7lC3/1KF9gHTe+8+3ccfNGBrffxoduf5g//ca5bUonbrlyPXlgZt8/8al/eKJ15XUlCuegDSs6Po3cyz2F+0m+/vf3s/l3d7OtmIPkCA/9/f0vDUHe8ZKhHxHYib/nj2gmoaYMNojQgYJAIkOfIBdQDHKQF9QKEUEuJMwVULkAqzyMFFiRCqliRiPmDEmlRlypklRrRFFErDVVa7ECPM8jkAotFAqBlZparcacqTAXVYgSg1FVTp0oI4uDfP+5k+xkH58BAAAgAElEQVQ7dRyd97jhyiLXDSlOzczwXWsxRmLQWJtgBVhRQYgqQgjyVhCqhJyCnJQUfUXRh8BqkloZWY7YWhoBA0YnRDqhYhNmMZSFpiYA5tC2zPEo4MBEFZUrMZTzqUxPIXM+kbBsVBGlUOLlBvClIjQVcjZCWUPVSGYSnx9MjbGvfJT9s6cYUHDd2CjbB0bO95A7HA6Hw+FwOBwOx1knKwC3CxnZh/S9hI6udS+1slsC1My2jV0uVy5oD+/aTs0I5qLeHsuD8/DHP5K8ciTPzeMB16yKmKhFHC6fnhA84AmG/Dz/24/6T2b72stgqABWC1QuQFejZe93x0ivhHcvAYRI8+HahkKffZGmpZKaSHt4Cnz58puzbWwqjlprMEmMFDTF30XnkhAvu/5VE3h+Dn45lbp+DXXxN7BpL5t9ao15bREtgi+Z943LTyl3BUoVOTzx/3L5+t+hJc9iHW3mmZh5hKHiq5DizM/37PUjq1X2Emob18eG67ch9gohUEq1iKFpNDzVUmd7Pe3vO30+m/T696DT58Y27aJvr/704nT+zbmQcALwBcTOm7cwBjBxkEe6hCyGSb689yA3rt+Iv34bb+cBvt6jzj2HJvmN7SXy41dwI4+eXkjnM+YIj3z1M+THf587tuYY23AzcP5DDm8YSnNelMtPLFq3o56b92yzouPz4iyVnavJD6/jjjG4p5uqu3Z4Qdw2CV0mOToucjqJwA2c+Ht+mV7jg6cQgQJPYT2QEqpS48kaIpHEJ4G4TBJNo2sRSbWGjEFaUFKibYQR4AmJJxW+76N8jzAXIAIP6Sl0IOthkgXKCoSnCAKfwkCRVcYQ25ipyjyr4jXMhGt5+uQ+TOhxZRCye3wNl6/1yXkSoxVJkgq3SZKkLl5RD3sjJXlL3XFrkMaiSG9uhDFIqzBWUZEGKcAXkhERMqwD1hqD0QZtYdpqnqtGVE6VmS8bZuaneF5EJLUYyxTFwZCjQYmxWDGYzLE6ZxjOWcpCcLQieXJS8tREjZ/PHiVXgVVygPFVaziZeNx78CjvP68j7nA4HA6Hw+FwOBxnn14C8Io5tZb5DL+TI29lEE1Fp6bpGAK6HQM8OSl4Zsbj/hcV/+KykJvW1PjpqSpzSf+Nk8D6QsA/7PeZ6fOh3Kqgyuizj/Hst5/FKxYZ3/UGVCGHLlf73m9OKWaigB8c63uTs47NJPq19c/WgjEWa2z9ff3VWE7EVeMKJQXCs3jy5SOSWgu1BMqx5cljEdXYIqVASpBSIGQa6lsKENIipGiGwW708aXYV2uhouFYGY5WYDa2aGMYDg2DgcVrtD8b8rnZn+4hAWzzfylDpVdTym/l+NS3GchvY83wmxBCNstaG/PM4b+kXH2Byy95V1MAPq1JI6LDsmZ/W6+T3cTJ7HqlVEu+30Ye3F7bt9fzcnDL9nL8Zte3l3859O184QTgC4br2LmxBMDRA/ezr1fRb+3j0C0b2RxsZMc7R/j6V3vk1f3Oj9l340Z2DGzjjo/uJv77+9iTFQY33MAH3ns9+R/dzacfWkZzH5pi+h2Qz4+w8QogI1jvfMe72XzkYb6850hmgxGGwvR0Lc82lt/AXX90O9uKk+z5TDfH89nj0HQV1uQY3/xudvAVnqwv3/CmD/KBq86R42slx+fhJ9i/aws7Btbx+g/dycTffZEHD2XWj21h15tv51evWU1eJsxMJgyObGTXR95H/LnPc9+hrjU7LlK6icBO/D2/TD93CpRE+V5646gEXl0ctQKEF6L9AIklEAKRKEwcYGoxVidgEvyiQOZ8lErFXz8X4hVyqHwI+QDlexAq0AYbJ5goQUQJNk7/KmEREsbHcqwf2Mq39s1RLeUZIOHXt27mbesHCVZV0crHq+XQdiEUta07jK1MbwRtrQraEEUR1WqNKEqoxZokMZCATQRz5Xl8JAGSUCh8o5BWAgKDoKx8IiuIa5rx/CiXqIABaVjjSWy5xtjQGI/PvMATk3M8P2t5cVYzH0coDzwfNB6RNlyiE/yhIZ6zgn8+uB+jLJvHXuIzpB0Oh8PhcDgcDodjBWh3+cLpu8z6dvzaBZEnG97ZnoZQnKlyGW0STFZNRlxeesc1Dc/OCP78CcUVQwX+zatCIlvmwGxMZOySYtNwKDk6n+PR4326f62ldM/dPH3gx0ih0CbixW98k51//meofIiu1PqqRtiA7xxq9Zn2Gt+lzoEzdeVZaxdcrzaTJ9Q0JiKIVBCui7/WCGz9ww+PlfnQNXkkElmfFP9SFEYbNITtapK+HjwY8/ChBCMUQti6UAZSURd9UxVYNgVTga0HNBZCLhYnT/f7mvniWJMKzu3rrbX1+RJd6haZP9ZQ9GEk1BT9dIK/qCvYop7fOO2OqIvaWUdovZYeXVAyz5Ub/wM/3f97PP3if2O2/BTjo2/DU4PMVp7i4Im/Z67yLOtG387Y4M0gRF/ib9cyfWzcKRR0g4brN+sAbqm+/qwsmw+4m5u2fV+9yq00S4mznZy93Y5Lex7g9u0bZVx46AWcAHyh8KbXsG0AMEfYd38PQReAB3j84M1s3ppjw5W3se2rX+khGD/Gp/9hE3/wvusY33QzH/hfb+C905NM18AfGGGs6AFV9nXJN9ydJzg0cR3jYyPs/K3fZ/PxWfxwkvv/0+dh/TZuef3V3PJrVSZOzhLjMbRqhLwHzO/nwfv2p1WMbWSsCEwe6eF4Pns8+PBeXr/5OsbHruYjf7KNiZOzUD8mlWf3M7G17sg+q6zk+GTqGtvOe37347yrMsfEdMzQ6AD5oH65SCbZ99A3uPsbq/nQH9zGq4e28fbf/Ti7owS8Sfb8+7v5wlnssePlRVYEzuLE3/PHoZMxSIn0NdLzCH1F6HsUgoBCEBJiyVPFCwOCnIfK55GhQoYKEUiU56GsRCQQxzFxHFNNYsq2RlKrobXEehI5p/GERCmFEhIvEEhpUhtxYiBJ0PNlDtdm+NmRo8xOT3DTFRt4VV4wFpc5dWqGsoGizqdir5QoILEGawxJkmCwWKsBSaI1SaLRWiOEwg8DPD9E5zSBjBEWtBDMW0FsDZExVE1CZCyTVnCgVuaZ2jyRCJAyJEwijgiJNmXEqSmENQwWCmwt5hlfBdVqmSieoxonzMSGcmwJJFQHEsrUWBNYXlsa5C0bLznfQ+5wOBwOh8PhcDgc54VOD+lPW2RoiaXaaV9NrWv5lr22XSyn4GAQce0qw/NzPhNVj+XYlJ+ehrseVrzpkhKvX5fgqRonq1FXR7An4JJ8gU894VHr91ms0USbrmVkZoYASaU6xdTEIU7eez9r/4e3YY3B1HpbicdCj0sLEl9GzVC7C/mY6yq8EAuDUP+cCjF0iKMt2uyZ9UKiHsrX2qa22H1M0rXNamz6qSECYy2mLhSljmDSz8ZgjOXh5zXXbyiwuugRIFCi1Sn7UqDhajYWEg3lSPOz41UOT9fYWBIIoevO37pIKDLvZVMtrefIFVhMx+9fI9etoNMEhG6jkBlvSEV4YZvtFvX1NuOW70g9f68UoCRIsaAqi2b7WST+Lkz8yPSnj7EL/NVcddl/5uDxv+PU3B4On/o61sZ4aoB8eAmb1vxLLln1bpTKL1nXciaqZMkKttBZ/G2Ivo3wzt3KZvvfEEY7CaIvxTDI7f8mLCVQZ9f1clG3h9C+2HEC8AXC7m3r0vytR1/gu30kZP3uj1/gtq3bGBzbyI1XwL5eAuree/nEXx7hA792KzvGS+RHVpMHSBIqx/fz+CP38YVlR2Tez+e+9jCD77yBbSM5xsZzxBMnmAFmntrPoVVbWDuQLgeIK3Mcfean3PfVjMP1ptWMARMHf9jb8Xy22Hsvn/6ax4d2bWPDUL2tlTkOPfYAf/3FdXzkk+euHSs2Pnvv5RP/dT93vPNWdl46wmC+xHj937t4fpJDB57gwW/cXx+Dffz1pxM+8IHbePWaHH7gQeJCQjsW0y4CO/H3/CKLIVYKtDBE0lAlQSZVfFPBjxR5ZSlgQIH0BMqXqFAS5j2CYo4gCPBRSJ0JReMpSkGIzAfIXIDwPYJiGg7aD1JHsBACm2hsNcJUInS5THJ0kmeM5pBXYdyHd2zbxCWmRiwNNTGIlSadpSoERqQ3b4nRRHGc5hw2mplqDWzqXk5MWkYoifQChFAYZZmLNApF465bC4GWAq1yaCFRtYQRTzCaFxzRhrlqhaPzE5wIDIODRWbm5vnZkQKzsaDgaUZzsLYkGB4aJefniGoB02WoxM/h24QrheWqkQKvXz3E9uH+czI5HA6Hw+FwOBwOh6MVa1tFuV6mrvaQr4vWsVgjsm1/l4uvNDvXVLl8uMahOZ+nJnOcqqkOe+qMtnDfIcEPjvtcPap44yUBrxyO+PlkjYpuLbtzVcjnfxnw7MwyGqg8jmx/I970UbY+/SMApFBEP3+eyjXPkd+xlTjW2C5iScmXbC4FFL02NWuRwFVf3hSAM0d00cG3beOY2bZp6+6MbXlXb0TdaWrr26aiqQBj6+7fNPyzaazTMFFJePj5Oa5cnWPbqpBQyTR0cuNVb8+5lswah9LaNGy4tZAYy6GZmJ8eqXB8PkEKQShBCItUoulgFiJ1M6cGYFsXS+sifPv4NN6TERPb29JLuF00SK0j0/DOLpaUOzlPm+9oCr40HL+iuSab01g0VOBGH9ran91Le7/ywSVsXf9RyrUXqMUnMDbGUyVywTj5cGNXt/JS14j2a1XHiSot5VsLNETfxuu0Iyi8BMXednpFBljJfTgXMAj7Ej0K+/fvZ8uWLedkX3d97A9XvM63vfmNvPXNb1yxuu/+5Mf55re/xz9++3srUt+FwC0f/n3ec0XCk1/8JJ9+7Hy3xuF4efDOt9zCV7/14HnZ9w07rwU4K+Lv3Z/8+IrXuRTn8t+p5XL48GHWr1/fcd3eX78CfIXwZfpXCZA2nVkoJImUzHoengBlDcpa0Ame1ggMEgGewCibOnuFRCrAU+ArrAKhJGY4RPgKGfjgpzMWkyRBVyNMNcKLNKVyjj01j89+51HWq5D3X72NS/2Y2XJErbCKXCAJ4vl0xi4WrTWx0cRxnOYCNoYaPkJ5WGvTXMFRhDYGjcWi0cYwby3CWDxtUYlFGgE2FWaFUEwYw4Eo5si84fi8wUOQm5tn63CBa1/5CirzZX44cZSfnZzml8cqnCjDYEGyZTTHxgEIamUqszDJOJeOFLikmDBSihgdERRzgnd9/jl834WCdjgcrTSuW+764HA4srhrg8PhWIpev/f6odOj4KXCbDZCjWaXNz43/pZKpZ4P25cjSNx/KmjRnc7A1NtkCQNx33W0a5R7js1yrByl6y3MJ4KfT+T46cl801m5HEIF14xa7npVwtFqmWdmEgA2FBUT5QH+95+p02p/WJ7m+u98htqhxxkoraWYGyHeWGDzR/81qlgkPjW7eBspuG6sQCgl3SW29iMqWtZmy4vmunZFuLWupsu46SVtbNFULGlaixt6tLXNj6YeM9k2BWBT/9tYZup/LVIIip7gNRvybBkJ8ZrO2fOPtXCqovnxi2VemI6IDanLt/GSop4DWDTDJDcdwWS+cyIjqmbk2YWREtiW8e01XWKxgmwXnRvZ8rSUbakm+6F52BeE30YxIRfqEGJhfERWoRfNrRftudfyfrCdDkd715aYeJLlHcPTi5Z1En87OXfb3a1Zl7DWuqP4mxVC2x3D3ehVrpGTuNGObC7iTlEfVioSROMYNf7NWWof2eXtfZibm2sJrZ0Nt90ecrs9H3GvPpyp8D4zs5zZPf3hHMBnmbe++Y3nuwkXKFvYtioHs/vY48Rfh+NlgXP9vlSIkEaBUfW7WIWRkkSBFumNmyjXqFmDNpIoMcSJrf8FbQ2hhtAaAk+S9xVhThCEChlY8NObzfBEDVMXboUQSAvKWNAxNkmY1fBUXODEiZPclssxMDDAixNTHANCkVCIjqI8kQq5mYcMiU1zATdu+DydjTsgwQqkVEiZ3uJIKRmzERKDMAnS6GZZIyUIn3g2QcxpqmaORFQY8QNed8U4164dQxVmmSxO8s41Q9w0M8RPj5d5/FiZF+YipmoaIQTrCgVG1hnWejVCPcdAIc+m0RHGh0rk28L1OBwOh8PhcDgcDsfFRqcH8ks9KG+str0NofXCLOm267VsOWVsY391Ksam8WvrOWlLvuV14xWuHKnx+Ik8z88FVBLRulEPahoePSH46QM+v7Z5kJvHIyKjmYsD/vopedridRTkeW5kDZefWsVAYTUz88cpP/Esqx/5GaNvfT0mF6CrqZAthKDkSV4xFJLz6pOnac+HKhoW0cxgNValYZybNlqblQw7HYfG8bGZElnvZ+vebfPcEdnN6hGJ00nfxqYOWQGgJELbNCUVIKxoiVY9Exm++8wcPwzLbBgMWFNSDOYUoVqcL7cTSzkuG0Jz4xB1ksxtvR6tLXOR4WRZc2gmZqKcsBAmuSH8koq/QqbvM4KwqJcVUjYP/4KrllRNtWSOp2xK7qKlRe0BobPHXLQ4gxeP6YKQ35GM41dk8uy2CLqNVjRF7Nb1ncRf6P7d7ce921ZVfUzaXL3dKmudj9AXjb61i5Bpe7oLnO11NITXfsTHbLluQunZcg9nRdTG5/b9tovV7f3ulfs3W6ZXHy82nAB8lvjBnp9ww85redsKCcCnJqf4gRNPMlzB2BDM7NvLnvPdFIfD4XgZ4Qc5EmtIEksURdS0oaI11SQm0ZYagpr0SRJDLUqIY01sLAgPJX2UUhREREFZQgX5wKeY+ORjHz+n8EMP4SmSXNhyw2Xq77XWJEmCp+FS47E2t5ZqLaGaaGqViKQWUbMGW4tBSYyQdQcwGGwaCpr0MwjmdJlYp6KusAasRqGRNs1t4wuPNWIIJcFDIyUoIdACtAFjDcSWXKIZ0pbiwDCbRtZQUgHPHDpOJZqkGsRgplB+iXWlIoOlHFNRTKUWE/qC1cMlVg0PUVCS6twsflxlIPRQQmLkS2TqsMPhcDgcDofD4XCcA/oVDzq5yhbWsZDns1mA7iKv7bp62XQUjTuJQEBiIc7nCPJ1l2miMVGCjROGQ8OvrJ9n83zE01MBz82EJLb/34dVDV94RvCPL4QMBXC0korDp90v5RNvvh7/5FGmp19kbv44QwPrmf/e44y85SZk6DcF4JFAsWUgZMBXzdC7NOS8RW7IjLCZHbPsAWuId82P3Y5DB5G50/u28ViQjeteVAkSsFYircWYNDSytRJtdCqeIrDGYKmXFYL5xPLURI2nTi6EqO7tHO/vjFtwLzfeiRYX7GKZNRPqWMqme7fp+q07ehtCcNah2PiMzDhiF/4HHT53Gw+RGdvG507j2/n7sVBrZ3+wqIv27YKjaG2eWDgmLedcB/H3dMleihY5h7tU38nE3O/1Jx0r2RT1F4Tf1sDZDVG+6X/P7sDS3KZRZ7/0MwlnJYXghmu7eUbUB7g5mabtmtJNJF5UZw+6OacvRhHYCcBniVOTU/zRf/rU+W7GBcx9/Om/v+98N8LhcGRYqTDMZyMsv2OBudkaQigSBMYKhPDJyRy+L7GBwBJhzDQiEHhFBfhp3hwDWicYkzAnFLFQWAtRbNBRtV6vRah6uBSVSrRpKGYJUpAYSIwmjhOiJMEYifJCNB7VxBLbNIxMoDyUlXjVeQITo5RC+T7SU+nMVwvUXcCDrEYJDw+DkhpfGAKhCSR4MhWFy3E621YJg7CGRGtqOqYWWyKjMYlirRRIJNVahJo4ybFKQnVqikSAP6TAGiQVPP84A3nF+sEC+ZFBgjCHVT4mKVNEoGWCUQbiClPlOeZrEdec1xF3OBwOh8PhcDgcjpcO/eZlXFTCLrH+LNJTa8gFyDihuv9FhO/hr1+NLeXQlQivGrGpFLM2n3DFcMSeY3lOVD36spXWmYrS1xkjBNOlIV6MZ8jNHWd0aCPF/Ci2loaYFvVEsuN5j62DOXIqdf62+zxbNOyMwtcULDuEy20Zq4a43ylGr+3zyCzSMm1TgRa27lytu7IxJhV/ERhjUV7qyLXCYoVMw0Kr1BFsran/rUudtjW88aK22QXBbqELDUVr4eAshDMWtKxu6XN6YFIRvRHCud4nWBB36wKvrIu8C67ghvO3IQanLVpw/i6hZPZwr3aR4ReWdVjYyTvceN8inqbKfKug13KYRMuy1grPTKDseg3pcA43l2fGrVuxpRBSIYVEiXQiggCsqdcnoZHUuRHWPD1HBJKF/TbOuGaEhA7hotPFdpHg2y0scrsDd2ksQjRa0+MotDl/21am/4ke00LaQjF3a/tStDuQLxacAOxwOBwOx0XE07Uapp4j11iROlSlACVTgRUQSYBEpDl+pcSz6U2prM8wzXmQEwZpQBoPYdIbr8QarEldr3G5kuYCsYLYahIgspZKnBDFmqoxzAhJbGvUdI35KCHW9Rs4kxDHNazKYb0CJomwSVpf2g6B53lIKSnWniEQmpynKAQexZzHQM6jlPMJA0XOUwwoibQgrEYKi8Dg2XSmLwbQMQrNUDGHEQJjwA4FhGs2UiwWCXM5UIDQ+DLGlwlCGKwAbS2J0GjhI6plhCcQno82hqqwhITnYZQdDofD4XA4HA6H42VOFw3idEO89lMum1q2I23agSdglYQDP/gZE1/+LkQJamiAgVuvpXTzq/CGSyTlKrko4dKBmLX5mJ+cKLB3MiQ2YnGFZ5lKaQw5uokNooBSaa754mtfifAUItZsGQi5bDBMxcVGSFxgwdprF8S+rGsyY+yzTftmVjrOLGu6/Do0UDSqXhB5OpXrJMQiQFibvrVgGsKZkHUd2CClwAqFNRqsQAiLlek6YS3WpqJ3mkO40YbmTjo0uLW9rZJv67pFfWgId7K9RxYp62G3667JpoNSpP1JRV4yeUszAnFDSGuIwKK9bdmjmFHcRa+zsVXo7odOdTUFU7twrjTPr+xfMk3LtG9Bfe2+k26ObdGhTEfaXLYNZ3tzVYeNuy1vLF50SRGASpeZuoKbfsUWcl1b25xy0dzMNNuxoD5bYaifRCvGcqI4pPl/M5MkOrhuBfR36lx82uw5wQnADofD4VgRnHP35cER5ZEIjbERsYnTG0eR/hASQhCqHMNqJI2PrBOUtnjGohD4AiSCQjXCszGY9KY00WmO4HKSULOGyGiKAyWslCRCEKOIgao1VKyihqacxEwnhsgYEhSqEKKUQipQGIqyyFzNMlVJQGiwCdIaMOCjCAx4KAojCl9JPCmQHljPUvUTjAeh0ERCUQgDZP3HUU4IctJDpoou1igSo9Fxgm8tEohMTE1arFRIGeNbQxDm075oSFBIFaCUj7WWqBoT1+bwfT/9oSktBoMSkMut7I24w+FwOBwOh8PhcFxI9JW38gzqX8627WGFoYMJsNXcybq5aR598NsceeFxwqBIfn6Y6n8/wcy3f0jppldRuHYb3poRTJyQI+HGdWU2DUQ8fjLPsbJHZM7hb0YvwK65HDkzDUoSXr6BobfdSFHAulCwJsyhWsK0Zo5fixrX9W3mfZsTscOybiyYVkVPcQ3RKhLbpmQmkCKNZNYsWneaYlKB1ZpGjtr6Z0tT7ZW24f4ljSo2O01lbobC4Ai54gCttllRd0E2P6YyZd2J3Dy/rcVaQ60yj++HCM8jrlYJcnlES7jmBfE3df82hNw0XHDDTdl4htOSA7i+Pq1mYRyzEnCrENwuMS41Jq0nxSKxVbAwi6JDpWLRm6XLtIeH7peW86Zzc84qbZeJFoQUWJH6EZQAzIKrt+HmTQuy2HGfdR7L/sXa06E9t/Ai123dl2ytaU5WoOGZFxJRP5expu+RW8lx6jff/IWOE4AdDofD4biIGH9qCqUUoS/IhT65fEiu4JMLQsJ8AHmJzsdYK7HWx+oYk2hIdPpXGxLtY2wBkGgr0NYSakGgDZGB2BpmPUNsIcESARFQM5KKMkSeRBMyZEO0TW/GQt9DyTR8c96XFELJIJqiifGFJCcUoVD4DTeyTWeNxiqdBWmtRWtNFEVU4ohaHBHXEpKa5YVY4SEIpCAnPHIywJc+HgopvebNoEoMnkl/GMZWY+IYT0iUkpTnpxG+QnoBvvKxSHSSCuDK81CehxYS40mEIhXLJSSm12g4HA6Hw+FwOBwOx8XL0nkcOe+usBYHXwd1YqiY59JL13N4z4+Zr5yiXJnE9/Pky8PUvjVD5YlnyV+9ldKvvBpvsEAyX+WSUsJIbo790wGPn8gzl6hz1p/K4Cgjm9aw7uotDN2wg3D1IMPSUvS8BfdzB/tkw1W7XC2lk5C+LFGeughmOywjcw41dMe6IGztgoAs6tKwIH1+IEUqEhtjEKRinLXUw/DWD0BdON2355+5/wv/J3PTk5SGR7nh9ju55g23U6uUOXFoP2sv3YYfhDQsq01JVYhFgtjUiWP802f/Kztufgtj6zfynf/nbn71N/8tazZtaetxw+3bGspZyDRvbNPp2wj73BB+M+GiF2rrPGBLDWNPYTg7R6ChVS6o9p23y6qhoiHTd6u/ffZBj/oa1bafm5227bSsw6SP9lX9RETulAe567wFKZvndFM4r28gIFWGaUwC6OAebu5LLLipl27iQhUdBN3TEUlFQwJuTloQC2ta9tHlnFhUXz8llttbWMl8xi9HnADscDgcDsdFRK1oCBXg+QhfomVCLTHEVU3Z1qDmk0wrEmHT6MhCYK3CaNWcLavjCnE8jzGp8zeONVGsSRJNkhistcyKIloIDBIjwUiFFhKrUkHVExB4NZSQ+EqhIkMoNUUFeQQ5YFAqBkWIh2gKv8JYjLAkWLSwoDVSSaT08FWIyPkkfo7YmnouHKgYgbUCHaXtq81rqtUKtUpEFEXEcQ1tND4CX0g8YwitxRcQSkXo+RQHJL6frg+EIvB9lC8RfgCBl4bS9v30Rt6T4CmsJ7Hy4r3JdDgcDofD4XA4HI5O9OX6Xab426m47biyVnEAACAASURBVPYhqyEsGDS76k6L5IbMAi8MuPHX385zTzzJoV/sw2KJ4jJRXGZu/gSD5QkGT04yv+ep1G17/XaSSo0CMdtHa1xSivneoRLHK37/nT0DVu/cwa7t2whzPsJTrQ5WWGTnzep2DRNtJ1G2O8sXbKB1PER7uxZ/XBhO0RDsFvr1/7P37lFyXPd95+feW1X9mAdmMBi8CJAESEESqCUpEnpQtEiZVERpSZmULWtlWuu3104cZRMdx/FGOUqijeJYm1Wy8R5LXjs63l0vj9eSrdiybENZ0SYZmpFEUw9LlASKAEECGACDwbz7UVX33v2jqnqqa6p7eoZ4EXM/5wy6u573UbdR1d/7/f06mrZIUlsZA0iLSlNApVbi1PFoOoJfHIX8x3/289SGRrnjh36cv33iMI2FOaSUnHzub/n0P/sf+B9/8z+x49ob+oR9XlketZt87+kn2HXDa9hx3Q3UhrdQqdW6nbusCH8d4bfj8KXjACYNEdxxgYrufUXWGKtY3R9F3VSUbFkmcK7aOb9fr7GbV407i1aE8o4A3vVP9/Y93fk9z9cH2/vqXOsa72qrPkJyryKJ/IJ0wkJebc43Vb49s+XZxIaN2mZ7fQ/nheFe+YCz61Ei0zDQrPSXXfn+7riaywZx91lTebdkm44jenDHumMFJwA7HA6Hw7GJuOm112KtRVmDjmJMrIl0TGTatNtgGhITKqwUWGGw6cOFEgLPJjdbfqUK9eQhJUlbpDBKYJGdZUYtY3IPKlZIBCpdL9Fa02jExBa0SWYDesLDA5SNkVoTm5g5aVAIPEQiPqcu3yiKiHTMsg7QVqUOYEtooG0tsZBoJdESIpJQzW2taVtLK9Y0taatLWEsUd4oQeARSElFSSrCoq0hsBYtLZEQLEYhMtQoC4E0VGWbwFP4XoxSIsm9U/WQnkIohRf4HRHY4XA4HA6Hw+FwOByD0+WK67V+0OWr4tSuvGau3lyU3vWVMWVofIz/7iP/mN//lx/n1Pe+3xFNtImZXXiJRnOW8dZe4v/3P9P63ouMPXAn3kiNuBkyLgwP7lvgq2drfGe2Slt31L+LQrXqEwx5qOxRtZcwUxDDi2laRcm2Xe7hLpfoytaD6vpl2lRfQ2inf7sloiyMbebuTSQzk4Thtakb2NpOn1mbClhYwsVllmZnuO7gbdz+9ge59+FfIKjWOXP8OZ74w99lYeYs33zsz7jjhx7mb774OYy13Ptjv8DRv/0bvvFXX+DuH/0ZasOjfP0vv8D3nn6CiV17icIWQgh8P2B4fALl+WANR7/5Vb56+I+wRvOWdz/MdQdvxfODjjicdVPm/gXSMNBZ5UUSIjrbrtiAXSpv97ri3Iiy3VZc1eXt38s9OwiZW7sj/a5S+cRqJ2zJOXu6fnO6akFjXaNg/Q+/ETHSAsLYjju9K392+q67jZNQ4vnc2lno8k4e6YvEqpDPnetOrlxf6fVnO90mOqJvOpSSqH2CdEJGuWxvLXg2Db/eOXD3VrJT9/Wxmd2/4ARgh8PhcDg2FVqABhrGopUgFAqtFJoAay3SWKoqwpLl6IgR1iCxKJuKwDoA6yEToytKpW5bTyHT2adRUOucU6QOXIzFREneGxBsHQpYbIcstiLa1qK8gHolYDgYpiolsYSWAEXywGaMQWiDiCJUHBPEmqpRGA06MsShpt2OaEURy5GhHYbY2CDCkFhrWlFMQ0MDaEswCoynsIQQV0AmDmOhkpprq2nHGmUNvvHxUemNU3JDrix41uIhkYCK2wgrkVoibITUChtt7htNh8PhcDgcDofD4bis5MXJ1W+Tz4V1vZ7i+glgI9u28iP/0z/kz//3T3PqW8fw/TpSSKK4RaM5x5lz32V4aDvRlxuEL0wxeu8harcewPgetEJun2wyXtF8bbrGXHjhf7IXAvYMw+3bM9Gzd10Ke6b/2ly7ZZbFdRbAdqQr+qtXRU/q6rU93Z6WVDC1HYE/tSp2XJNSyUTcEokYl4SATsPUJj9XIBCMjG/j7R/4e3z1L/6QT/3jn+DGW9/EG9/1XjzP5/zpl7DGMH3yGHG7xVcP/xE6jnj7j/9dTj73Lb70yG9y6w/ez1cP/xF/9jv/ljfc98Mc+9bTzE+fRgjB/LkpHvuD3+H2v/Mg504e5ZGPfYgd19+A51f4jx/+eX7iI/+B1775banjNxOx8o7gXLtm4aa7LKU9mrNrgS39uJ6+2BjdswhEvkPXuqbWW4TCxTKo+DvI+NiI+JsgV4TpdIkpTKwQFoSQWASGJEJftws4PYCQyMvoi7W57wUjZCr85hzEMvkdsl/3ZvM2OrUotH0+XLYRJCnhLnRFrmKcAOxwOBwOxybia985RUtrlo2mgaWFIBKKGEFsLU2rmIsDLBqwSAuBMEk4ZJuEQL7OW2Cbb/A9ScVXVCsetcCnEigqQSIMt8MAkAiR5DKyRmCNRccWYQTGxsQiZL4dMdds0TQG368wXq8TDyu21iooqfC9lZmRCpIHRmOROokpY8ImJtYIbbDaR8cVwlDTDCOa7YjYaIaHtmKRxFISSUloLS1haFtLZAHlJeGatcHGGmti4rCNjiLazRYmjrGhJrKCWEFLQVMoWkgqwqMqFL5SeLSRViKFQlmFMAp3W+pwOBwOh8PhcDgcg1MWcrQoHvSUpMqEXFGyXR96ir+FlWWSi+dV2VLfQ3tcIEUaActoRurbmVs8yeLyWVrtebZEDcyftGgfPcXYg29FjtRhqcGrxkK2VTVPnalzYikYsMSD1ekHr4EH9sGekcQ52pe8g9fSEUgFORHKdvyaK+1Q1kFdy0X3wgEelzN3aNlhVxU608Q6VRC5qmQhnunYE4W1GJltZTt1zR/uoV/6MG9613t5/htf5k8++W84+dy3+emP/iavu/PtnHju27ztR3+GbdfszXRYpBQomdirGwuzfO+rj3HwzW/j4V/9OC88+3VOHzuSOHfliov36S9+jtFtk7zvl3+NoS1j/LtffIjvfOWvePUb7sSrVDphcTtCsFj9WXSat6Ak9nF3ry0UF1anbuoyR+VqDbk4laKgeIoem+UOaCk7bq/CFT4XnL/rRgz+nVFkLZe7ya5DITAyE3jz0yuy3L7JlWlIIu3ZTDe2FmEFiuRPpqLopaLjlk/FXysyC0kqVCeVQIik7Ku/DlYGabGPu13Rue3Saz2dxzHQL22b3fmb4QRgh8PhcDg2EVMziiWtmdWW88YybzXLQtMwllBDy0BThIBBWI2HJcBSFYKagAqKozamKqCiJDVfMhRIhisedU9R8yWeFNRGY6RK89SQzK41CCKdOHmNAaEDGsbQ0JaGiYGY0fmQsaDBRKXKSFVSDSTS8xCBh1LJA7SKDSLSiNjQ9iMwFiKL1YBOQkG3oyTfbxjHTC2eRkoJykvEXuFhkSibzJKNpaEtLXEcE2lDGGt0LAjjiDCMCcMYYoU2cSoca9rSYgQopZBS4inFlrrXCXmdYbA8dLk62+FwOBwOh8PhcDheQawIC8UVlAsyRfWgIPh0HKAbKcs6llsLS+fm+Ytfe4Tm3DJKeulyS6xD5pamaLRmAYjiFudmn6fZmmdrs0Hr+y+x/Zfeiz+5hWixyURNc++eJR47OcQLiwGDSR3lCGBHHX76JnjDjnXumNUtJ+p2tWcmrOc/lyh2xdXrJXu+XnvfgqCcOY6zZaa7ICKZU44idf+myrDNPc9rYzjx3Le59jX/Dde99hae/+ZX+f7X/ivLC7ME1RoCQVCpIj0P5ftE7SZha5nG0hyQhWgW6DBEBT6Q/B6CSAVgAUJKKrUhjNZIKajW68RhiFIeUkqkkCvCrsjyGuddwXQE4JV/8gp+WpnL0R9ln/PXVn5xfnznCrnq+ioe0vYZ5z0KWeZGfbn6abHsq3Ig505qACslVgiMBE23CJz6uZGpK10DRtIJqYxNBF8PiRGCgI0JwPnJNv3E0l6hoC0CIyzGJu+TwH8ruZwTAdiCyWqU7U82q4TidWLy/Zxezyu5mAWGxMy/XvL165XX+GrFCcAOh8PhcGwi6qqGwENITRXNmBJEUtGWqRtWGAIvvTEyFmkNWIs0uuO6FVYhrUzz6AgWQ8tiaBDCdhy/S2c1yOSGNLAGT4CHwLeJq1gKgxcsoAXE1hJh0FiWZItznuRFz2eLgGFAKA+pFCgPYy3GCEysMcbgVUAIixQ2mf0oJEoKkEnAJ+FJ/Oo1WGtQaT08G+Mbi0wFbiMkkeehfS/JZewFxL5MQmMLiRXgmZiFpub4bMSR2RYvLUbMtkIiQjwvoqZgb0thlKJlPdpG0kpzFjscDofD4XA4HA7HZqLsB/ayH+AHcmjZ3GvJ5p3cnrn3G+HlCGONuSX++tN/TnNuuXt5a5bz8y8Sxy08VaFaGaVaGaHRnKXZmmP6fMhYtIcz/+sjbHnwLuqvfxVaSmrEvHX3MpUzlu/NVdiICLy9Dm/cDvfvhx21tbdfN1l/FIrWqw/W26YvW6LpsmzbXMcmIuqKQ3hFdCsmg549fZL/81/8fYRUjIxv48gzf83t976b3Te8mubiPHEc8cef/DV++B98hDe84yH+6Df+Zz7xCw8xd3YKgNGJSQ694yH+8N//c/7DL72P5tIC8+fOdE0cFwLufOjHefapL/Hbv/qzaK3x/Qq3/uB/u+L+FVm5SUXg1WJq94L8WOvTPOtszo2Kxr2Olf+w5nFtycf82H+Z5bkg+w1wIJsWXJBms+00hkXY1FMrMrd9EgIakW0rcj2cutZLz3FpBE6RFK3LqZs5dMEiDJQ2is2PwbzzOZ2YkR+TqTM/qWu3kDx4OTe3E9gJwA6Hw+FwbCK+1p5FW5MIkyYNJpM+QHjC4ClJTfmJ05aVBwubir8AZ1WLeQXaQqwhSgy4GAvGJrPzRpoCz4AUAh+ZiL8CPA1SWDwJfkslMwQFaCvQxiT5PKRAKMM5LBVhgTgJeWPAGIg7LmLLgvWS2ZPW0JnSK0w6KxaUhCH/HL6EqgfDHgwFyWvdEwRSMGwqjNggyQOExMoIFQoiYcEaIgzndMT0UsSpmRZnz8H5FiynZ1RKEPogrSYUmghNG0loIDJOAHY4HA6Hw+FwOByOQej8UF9m0SuhS1ooOMfSFK8DYXu8h+Q4R2abTDUi2rHBk4LRQDFW8dg55DOkBMeeepbp50917ddsLXB+7jixblOvbmXLyE6CYBgpJEO1CZYa51hcPsu5uaOMRsvYzz9BfHaWLfe/Ba0kQ4S8aWcDT1qePV/tIfWspubBm3fCPXvh1ePgrcMul6+7KFuxnv7Is06F7oK5MXPnFamTMEs9nAhsFmFlpmIl10wu+eu23dfy8//6/+D73/gKS3PnueOB93HwzW9jZHyCg2+6m5/85/8bcdhiaHQLd733pxga28ry7AyjkztpN5aY3LuPva9+HWPbd3L66HNs3bWHKGxx/U23MTy2lR/7J7/O1h3XUBse5Wc/9lsc+ZsnQQgO3P4WrnvtLblcvyuCb7fEuyIid1Fwwl+QtmTj/dJlDM8E316O3WxSQaJvrp73UXA0v9xyrXf70iHQc0U5vrUIq7OLsONwzVzAWbm0NBgpk8vTpJdp5nq2iWFDKZWYIAYpv83CoNtV0esGIdtHqcT4IREIITGJ0tstPKeirbUWLUF3nct25mQk2yRLFRZZOEZWXkgc0fnPg7LZHL9FnADscDgcDscm4tlWEyUEnhR4qTO3gqUiBb7yCKQkxqJsEpFFZTd40ktn3cF1NkCa5KYrMhZtwWhBbJNgLMZaZlWITnOZWCswVtCyrOQGiS2iBVLK9KZTgbWdG1EpJcsyBBEDSTgbYWX6Xnbej/oG1QkZlIac9nw8TyKlxFeCimjhK0XVU1Q9j+EgyVlc9QQVpfCVxRcG0pDVCIExhkjHxLEhtoam8RmRiuu3+IxXNDPLlukWzISC+VjSiOFMEKYCdSL6WgEMeCPucDgcDofD4XA4HI4S+rh+ey4bQPwdVBL48xfm+MrpRSJjO+KVEgIlIFCSSQXixFwyqTrdJ45Dzp3/PrEJGapOsHXsOjwvwFrDcvM8C0tTRFELYzXWWmbnXyLWbczjIfH5Bbb99P3EQL0V8uYdDQTwrfPV8sbIsb0GP30QbpmEiioRBvu0RVHwXRXCNmPA/lh1ggFZj1RT1KV7TgjInISwIgILEHbFXduZMZAXnJTkhlvfwP6bb0drjfK8ztkqQ0Pc9SM/gc1COgvBnT/0YxhrEKJbdX/9PQ9g32YQUnY19p0PPdwp+PWvez3XHbyFLDx0x+ko6HoPxX4Vpf13oRlEwy9z0Zf2TfHAZQfptWgAsTWn4fc77IawxYrl6VGufJSCLhk0/Q1sZeWKrG9JfwczK87Y7C8TxwFUtmzg8q+9cT5CQ/b7XP5zkbVEWWGTUOtrMcjX1XoE4GKkic0qBDsB2OFwOByOTcT1YggpAV9ghcEKi5UW6Qlk4GMDD0+o5MbIJuGZASJjO3k22q0I0U6drSINz+LJ5GbNWBQwGtskTwlJeOdYqMQxLASxsBgM0ouS2YpKodIHJCUEEoGUAt9TeEoiEXhC4imJLxW+8vCUwhOS7V4LZWMio9GxJTaa2Iad3CnGKqK2j4gFsg2x0CyKmGXayWxFCUZppB/jSYUfKCqeRyUIqPoBflCjIhVbjERKRTRmmI1Cjs3Pc2R2iaWFGG0hlB6aCsaEWK1RVuMLsN4gt7AOh8PhcDgcDofDcXXQK1/kerZd5RjcaFmy47J+ASjUhv9yconHTy6sOqixlghoac0CwMHXIF51A8PHTzH2/RdovvAtIhsT+HXGtlyD5wXEOmJu4QSLy2dXlcZiWVg6g7UG+/UY+6mQif/+nRD4+GHErZNNFiPJ8ZKcwBIYr8Lb9sKP3AjVAZQWm/0jSpblF4hu8Sq/7oK5dC/A/gM5jwvi2soqu+IOTg/WJTIJiRASqdK8zhSvWbVyLkDZXAfkzm+V6gjQK/smG3W6omsCeV70XTlQPvxzXuh8Oe1Zkop19TbrOd5a+3UN8PUffy2RuCuf8AboKfKuUbFOf/QYHzb3zq6aZJHm/c2CItsk9HGaKnplfkJ6IJsKv0qAlCsprov0Ekz7heFfCU8ucqaNsvraVfuUrZc5wTpdkVU5+yfps6JCTm6zQrnWK2SvZ7+rDScAOxwOh8OxibhtuEKEoWViGtbQNIaGjmnFhrDdpCkE54wFndyT2fS1M+swvblUXvKg6YkkzLICFKLzvFI3FpndpqV3rMbLZgxKrBDEQiAUiDRks7UWKZN1SoFnDYHRSY5fKZPzKJXkGRFJzpDzuo41dSKjacWaKI5pR5JWGBMbjbYxtpqGozGJS9lYQRLROnEv+9ri6yQ0lpTgKaj4UPU9gsDDV5Jxq1AIFjFMR21eWoo40YLzFkwFRgKI5pcJgKqEIG3v9ia8uXQ4HA6Hw+FwOByOfsJv3pFV9iM9lAiS62QggbAHoTZ8+fQy/+XUwtobZ+fwfRZvvI7F6/cgp65DHPk2I2fn8Vo+cdTi/NxxlpvnCfw61WAEsDTb80Rxq1PKxeWzGGOwRwTenz3Flh96KwQ+w0TcPtlkvq2YC1d+zh/y4C27k3DPN47RiY7VVe+cmNVTCM8EueIGtvD2AvXHeqdJD3TablW3p3htIVWbbLcAm6lx6ST3rlyjBaGOwscskllxtc1OBfSLxC1K32XHK1Ejc/mDN8Kq9tzAcYrNveYGhf7ovN/I7IySU+UxdrC2ya5pUeiz0oMP4jpOt1+rOkKIzrWR7JsTUvPbQScksshes0a1iUkj+dw962MjLtlsv+w1/1e2bXFZfgysCjNtyanqdmUSRZoLOHtPmXBvV2q9XvJl38x5gJ0A7HA4HA7HJmLbtQGtMKTVVlQjQysWDGtJFEMUG9pArPw0IrPNOXIlSiRhlas2pGI1Skh8Ab6QeDbJ9yt1crsW1gBsGp5GIzEoAwKDIMYiaMoaRiSzp0Oria1FG52El7HgI/GFSkRiT6A8QTKZ1qCxyezodhNMiAQClTzwCpnM0A21IYohbkiwEo0FKzEotElCURsraCPQQiThdGKDMBYRG1RLg2gjrMUATStYNDBvJcvGwyKRwlILDdVYsGMsYDgI2OL7VIQijGLOt6LL1NMOh8PhcDgcDofD8cpiI3kpM9YUpNZxnP96epm/fGmeZtzLV9cHT2H2Xg/XXMv8wiLR6XOIL/8VreYMteoY46N7Cfw6YFlqzHB+/jjGxJ3dl5vnsOcM8iuK4NodDP/ALYSzi0zWNHfsavDnx0dQQnDrJDx4A+wfhbq/ug696tZT0Mq7MnNi3Ubp1x8bdZOuuwD9jrOivqWf8xuLnoJfic+xI0+tNG3m6rW5fZJj9g7Xa7vLKYpvepdpEC7U+Cge80JsPOhxyi7dsn3X+gop7mOLH8r2L85gWNPl2xupVJdwmr3mrx8pRGLKoJj9O9nOZrqqWFtEL36nriUOS5n89tdVtoJQ3Gtdz/OK1PXc1W752Sk9jtG3pP3pN9FoM+EEYMcVyEN8+OO3sZNpnvqV3+CRy10ch8PhuIp44cVzxBZiDaERhFoSaYm2Cm1kEg46CIHkRjK2iuI0vHmV3GGKNMxxgKbqS6oSqoFCScG49PGVSERiJVDSoqwBYxFGE1vDUmQxwmCFQEuJlQLhSfAFKKiqOoGs96yLEBaLxmqDtqZzU6e1JooiwlDQjiyN9hihNjSjkDAytK0lspLIWrSBUEREoo2OQVsBwgfhEZkaUQyhjjnpaVpopLZ4VlPFUpMwpCR1X1FRknEvyWPcarVZQhEZSdx3nq/D4XA4HA6Hw+FwbD6KOSaLf2U5PDv79jvuIOdOX0s1E2t5amqZPzs2O8CR1kBKorEtzI9tgRuvxf/604x/60XM8gLT559jdHg31cooSvpdAjBAo3WeufMnCP7ybxi5+/V4Q1Wi+WWuG4k4tD3kDTsr3H0N+HJ1O63ZBiUVt8U3xfUD9kcfA3FfiprbmvuVKIF5cVsUBOy+xxPd7kJrQcjiTqWSVXpOseKeNjkXJKyS7kS6Xb5sneOIXN7fNehyHJetzx27vBaDM9A+PU5oB+iPtSYalF1fA19XAzqBSy/AkskQK31efp6+Ey9yh8xy6ma/YRmT/J6FSb8XpUAKiUmTm9ncztn5LaDT5WtVcRA38Hpcv73W9dxWwEpu7aShOgIyJX1UMidjo2RtXHQobyacAHyV8MDf/wj3XevBqSf54L8/3GOrcR7+5X/EHduh+fxhfuW3nizf7LYP8LH3H2CUaZ769d/gkZn9PPyhD3DHTo+F7x7mw5/usZ/D4XA4rngaTdEJfRwZiElvNK1FINHWstReyfeLSRysMrsBs2CURcgk169NYtIgtEL6HsIYfE+yKOeRliRfr5R4UiFlelOJAaEIRC3NeWKS2YsyEZZXZhsKtLZdN6HZOiD9TOeGOfvTWiO9GKF8vEBTqUZEWtOOYtra0taGyFhCY4m0xUQWE3nYik+kJE0hWYhiFuMmyzYiEuBpy4hNHrADJQmUSt3PIK0gii3HlhpoQCc6NzGC+EJOr3U4HA6Hw+FwOByOq4yyPJMbEX/XS5foKSAylq+dWebw8bkLeJYUzye6/c0cv/G1qKf+Er57EtWcYWRoO9ZaglqNt/3kj/HCN/6W6eMvsXBuhpZZInj9/qR9fI9qxWerL/mH13jUUsdv1kylWmU/V+A69Y9B++Pl9E/HobqWA7Mg1F2Ia6JLZBTdgluywUpj5kVaka3K1snuCeC9mnm1WGgHFn+T/cu3XbeQ3uMYnfOUHbTXydJlvcTnjZZhkOW9ti3Nj5wvd9kBe4jY/Sjrjh6XKwDGmHS/le8+IcSKEJxuY/uMuyw2wct1decF35UJOL1dvcV9O2XKbZ+JrSvLxKo2uhT5eIuu5TKBezPgBOCrhD89Ps191+6CbdfyAPCnpVu9kb3bkne17fs4xJM8XbLVgYOTjALMTvP0zEUqsMPhcDguC3HkYzo3cxYhLEIYPJm4aZVUKKkQEjyZiJyBknhKoKRAIfA8CUqiECiZ5AH2lMBTkkB5ybJKHSUF0lOowEf5EqkUwhNJTmAkJgKtNVpr4thgI0McG0xksDa7GYy6Zuzl/zLKwrlkTmBjNUpHYMATBjyB5yehnyMriI0mChVROyA0mnYc0Q5D2jHEgO9D4HlUTZzkO0YgZZrH2IKOLZGOibEsBMltlREWDRgE+oLMWXQ4HA6Hw+FwOByOVxb9Qm4WBYfiPp3P2fb0EQYHLU+fhcZYvn2uwV+eWKCtNxD2eRCEQI+Nof/OA8hX34R59vu0X3wRYyJ23/hq3vDgO7nlvh/k3PGXOHfiJKGV1G6/DSQEgWJia51xXyHlinrYSyAqxXa9bIiL0R9F921nZS/xyw7ieNzY+XuyovR27b9y6Yqcgt1r/9WLVsohNtQvZf2x0f4t22/N/hjwZBe8P3rs32nT9bZFoX82KkD3E33zaGNAgEQmaddyIrC1FmsM1tiOczbvoO4Yk0X+tbcTt1945qIjtvhdvFYO3X4i7qq8xrmvVZmFTE8rVnaI7u+FlckXnWt9HRT/n8kE+M2CE4CvFj5/lBN37mJPMMm+twJPlGzzjmvZkU1EGpnk1lfB088VNxrn0M5xABamnuUIAEd55BMfdaGYHQ6H4ypAKkUSzUhjhcFHYBLjbXJDJDQeSR5eX2kCT+H74HsSX4ESiQAsVH5mq01uOo1GiBiBII4FkQC0QWoDbRAKSPcT0kLFw1iFQWGwGAwag5YWqw1hFBLruMvZG8dxIuymy6RYuZXJu4RhRRiWOlgJDy1BSC/NPZzc+C1JwWLFEIYxrSjCSqhXJFv9Kr70EUKgbYPYRGgrMIA2Gm2zunhILNXYJk5mC1iRButxArDD4XA4HA6Hw+HYHOQn5GaUCcFF8WH1RF/VddxVjsw+bEQAe36+zZ8em2M50hvYe514Pmb/Ebzk7QAAIABJREFUAc7v2ov3ta8iHj/O237yx5BKUR2qs+fgq7nmtQdSl1+WS1Yg8XqHs80rT0UH4waKuNaT7Mvtj4FcqgU1zZat6ufkHKAcZct7HqqPy7NrfSYmFrfPiYwXwiW7igvUH313FOUf8/2R6ZGDXHcX2v/Z91rK909xte256uKQnshYA4Wod4LENGE60fooFT2zKH2yZMz3PXXBBZv/zs47k/vlDS77ni8TiLvyHGcTN0TmBha5obIiAmeZkFeuqfxFV1y7dl3zZL8jXmzn8ZWGE4CvGr7CS+fuZM/2KjtvuBme+OaqLe67cRc+Mc2mR602zo7Xj8NzxZwWmUu4xennVx/D4XA4HK9s6sPZw7XMPWSv3PhJ4eGhsMKAlUQaIq2xIiILDK2xibs1vWnSNslMkoSWTpa1TP5mUCBQQDarUQEGS4QQoJRCKIlNxdtsYq2wieCc/zHAGJu6g5MQ0VgPawRa65yreSUfcGwtoV650UtE2TB5mBZJGUNpaXuAsUgh8T0P3/MwSCKdCs/CYJDJPiYRd60AfIVEJTmOoyR3slz15OdwOBwOh8PhcDgcVzeDhA7tlWOyuN+7tseddcXj549TFg2qF5mjrfTck5IP3rht1fHzZBON4zim1Wr1dMtlaYuKoV2zicwr9R1BPPgA8EC673xXrkopJcYYarUaSqnOM29ZOwAdYaQjtuRTKaWJQq2xWGtWhEhrU8GlW9CRSqKUwpJE7Sprx3y/lAlKXe2bq1Mvd+K6c492BKVUSsq95oVWS/9rUiIQMr2Wys5TKF9e1Mqnouq0XXqdZMvK6iWlxPM8pJSdSe55+olv2fr8NQZ0XV896yoltVqNKFqJtFZGv3ywxf3yE/Dz+1+0sVoow6UZq6vzx768sZpcpNZajC2kPUsFYInsGqvplUwmnOZaq+uXp7JQzPl+6TVWKexfHKtl/bMWnfrbtPwi+Z2v842TTRjIvp9KZg6sKkOPn9k2MlY3C04AvmqY5enTs9yxfZzRXQc5wDdT927GnRzY4QHTHHne45bXjTOx/TbgS92HeesuJiQQTnOszEXscDgcjlc0fi3C2jS3iDYYncwkFKmgaqxg2QQYLLFJpNLQWGItiQBjLVHqbjVCYBHEQmCsRSPQxiSOYk8jMmHZiETMRSCNRAiJh0jSDcgkj69RGqMgFiFWgEYjrcSzquumrfiwIayPtWCMSOqRu6FNBGDDYnoDr7XGCIuUaYidNCexj8eo9bEikaVDo5lrtYmEBekhfYVnfJRNZkParsnoFojBGOrVZElHABYG5RzADofD4XA4HA6HYxPQS+QpikmZyFLcd60Qo71EpUGEiHx5eomOK5OOzartivQ6b17Yg0QEzAS+Ytl7CWf58vSrf/413SFZtqKqdLbX2JXlYiWalzUGY+yKk1bkhFAh0vCsqwWhTMQsq0cvgbfsc1Gk6Sc6FfdD5M7ZEY6SenbaOD1+/npb5VpM/wYRKHsJhNm6Yt/1+5x/XesaLl6jWZ3yAqZSCs/ziKKo6xrO2jR/TjdW3Vgt1mezjdXNhBOAryKOPDvNws3jjI5PcmgCjuTz9962j501YHaax7/lse9144xO7uUe4NHcZodu2E4N4NyLXXmE7/mFf8p7bqhy+umP8LE/WFn+8C9/lDu2tzjy+X/N58x7+fG3HWDPlvQX8OYSJ77zGL/z+1+mLJXwnjuT7XeMVPElYFosnDrC4f8n7l/RPW/i4fvfyK3XTVLLrmAT0zz3Il9/6jCPPDnV2fS+v/cRHrjeY+HZz/Lh3y04mm/7AB97/wFGzRSP/uon+VzXynv50L+6m33eFI//L5/kMzMAu7jr/Q9x32snGc1ObGKa557lL/7tZ7va0eFwOK5UppeqtFotvCDAGENkNELJ9KZIYz2PJRMTxoYQS6wtoYJWrIltcjO6qC0RsnPDJ2zi4g08BVIRRRG+VElIaGvxEPhCoIxB2STgs68k875GpbMXfSS6FaOsQAlJxa/SFpqFNAR0drMqhOiEhBFCIJWgGbYJKgFWCKIoQnkeVkKr1aJaC6iqEGEsWkMlUPhSEbZCpBSJ01cYjIzxPYmUYLVhZGQMHYV4vsT3fQIpkpzIvsJXEikswhqUsHgycTAvGUsUatrtNnEYE4YxcbzG/2kOh8PhcDgcDofDcRWQPfvkBY9McMhzOfMv9nMpZq9KqY5gkC9r3m0JieMyE98yISkvsOTFhyuJvBhZTJ/Ub5+82xGuXBGlzAFZJij22icjq2tedI3juHRi+uUkLwZba1FKda7hrLzQff26serG6pXAZhurlwsnAF9NPPMsL91/gJtGJtn7FuDzK6sOHJxklDSv7zMjnH7wAKO17Ry4DR59JttqP7fuGgbg9KmvrO/c1/wU/+C2/dSWZzl9ehF/ZJKJoWH23HY/H5Sz/ItHuv3IN73vg/zsoUl8gOYSp+ebUBth556b+dGfm2Whx2km7v4AH7rvAKMeiWB8dpGGgfqWSUa37+eOB3+efdf8Ph/7g+R8h78/xX3X7y11RWdtgpxk3zuAL+ZWvnUvOwPg7BSPzgAc4OFffj93bPfAtJg5PUska2zZOkxt+y52rq+1HA6H47JxqtGg3W7jmySfbmwMnud1QjgjJMsSjG8JY41RAm0N1lMIAb5QTMQWHUZEYSKiSk+h4zbNVguAmi/QEUTaYjVopdFKYIwFDUolbmAb2U5mp0qQuII9T4GOsa0QZQ0+IGVyA6+ykE4Z1oKJqEkI/ORmTxrAxujYEmCQRjPTDPCkTGbCNgAMSlWA5EEgEgItDFaH1CpVhmpDfOfEDLWKouIHRO15KkBFqkQQVh6eJwk8SeD5VKoBvq8YGq0APtVKHa/upzfbqx+iHA6Hw+FwOBwOh+Nqo5eLMKP4Y/zlFiXKHG7Za975mBcm8mJMXmzrTFa2vUONXuz6Fo9f5vjMLy/ro7JjrdWv+WMOWrYLRb5exfLknZ9rOVCL12mRfJ9eaAYVqHq1e7F/i67gLDxx8XrIH9ONVTdWe5XtQnE1jNVXKk4Avqp4hiNn38lNI1V2XHcvK+Gdxzm0c5x8Xt9j0/dy4Nphdh7cD88cTbe7mR3jALOc+VoxN3A/qhy47VpOP/NZfv33v5m6fcc59BM/xU++bpyJg3fzAEdWHMWHPsDDhybxaXHssc/yiS+syLITt97Pz73nTewpO83EffzcfQcY9WIWvvsYn/z0Y5zorBzn0Hvez/vu2MXOQw/xi0c/zqeeBr74Imfu2cueVa7o/dxxzTgYQHrs3Hcn8GTnaJkTeuZ0Wp933M2h7R4sHuUzv/m7PD6TO++735gIyQ6Hw/EKoBVJtA3wZA2UBmnQad6ZMAxRrZC6MQQyQNokP0yz2aRSqaCjdPZozYO6T2wNSEGMJbKGCIP0FL7vs7C4RKVeASVphyHtOEJWPEQqxEaRpeoLtLZs2zrG2bNzbN22hWazyfDIMALwopiaXJ1DpyvPjY0wBoSJktDTKrmJj41GWDBhSE2MEYURSlTwPUWz3cZKRSsMkxvLSkBkwRgwLUscxUhZR0gfJQNQFbARbWFox0DbYK1Ob1SbCJHenOoYa1NdOo1OYw382uXrbofD4XA4HA6Hw+G4JCjVlSun5w/+VyJl7sK8UJQty1yHQRB0iU1FMSkTH3qJNsXzXih6haHtde68aFg8TlbuMhdh2TnKBLS13HwXm15CWp4y52uvPi0TptYSpC4U/USxvGCb/RXz2+avVzdW3VjN759/3SxjdTPhBOCrjEePTfPADXvxJ/ZyF/A4AG9k7za68vr+6fFp7rt2FxM7b2aCo6nIOckEwOI0X39ufeeNXnyST3XEX4BZnv6/vsld/+pu9gWT5PXV9/zAgcSN/N2/6BJ/AWa+/gV+Z/tuPvz2vYk7OMehd9/CHg849Td84tOPFcJKz/L05z7JxK6P8MD1wxx4493w9GPAYY6cvpM9uwuu6Imb2TMB0QtHOXPtfvZs38chnuRpYMUJPcuJL6fi+Fg1Kc/iVE78Tc/7+cPrayyHw+G4jIhYIrRFtwytMAKgPlxleGgERiWeJ1EIKkFAo7FE1Q9onNfUx0cxsUYpRRg1AYPyK4RxRDMKqVUDRse24Pk+jXaLa4Ihms1mcvzxMVQ1oNFu0Wy1EEOSIAgwUcjw8DBaa665boiFhQUmh0Y6uWuoGyQWz/Ow1qK1BqBarRIEAVJKWmGLOI5ptVpYKahWq3iBn+Qk1ppWq0WghlleXkYpRX14iLnFBYSULDaW8X2f4dERjE0eGlrNJjNnZ3jTD7yBF58/RtSOkdUqkUxCRVsrsCLLP9IdgkdanzAMCeNElEZJZBBcjm52OBwOh8PhcDgcjktKMURpmbNxLZHlYlN27jJRJNu2KNIUhaZijsl8rsm8oHKp6tzLKVm2rOjwLOubrM754xfrNwgXs/5rORx7CVr9HJL5/iyKhGXnvpRu2bWEuqIbNi9+luWCdWPVjdW1ynGhuNLG6mbBCcBXG5njdWicA6+Cx58D3nEtOyTdeX3/eorTb93Fzm27uAv4HHDPviQk88JL30yF0ME5c/xLJXl+n2Fm8W72TVSpb82W3cme1GV87IlnVu0BMPPFaWbevrcQVjkTZWOOPfuF0pzCAIf/9kXuvX4/tcl93MVjPA48fmqae3ZPdrmiJ+7dy05ijn3/j3kp+Efs2T3Jra+Cp58DJlIndF4IPzrLwqFJRnffzoffv8Rn/vOT3TmWHQ6H4xXComlhsQRAW0Qo36e2dYSJyW3U63W8SoDwfCr1CnNzc1SrVczUSXbs3gFYfN9HtUNElIjHrbCNMYZ6vc7Y+DhKKZrNJiNIZs/NEEURI2NbqNfrNJpNlpsNhoaG2LJlhChsU6vVOHv2LNZapqam2LZtG9V6jXq9TmQNWhsqlQrWWlqtFsYYfN/vhDGKTOLEXVxaQkrJ0MgwfrXSCe2zvLyMQNFut1FC4Ps+87NzTE5OsrS0RBiG1GsBSiQ3jPNzi5xQhr3bx/F0i0qtzvDwMJE1hJGmHUfEcYy2JAKw9AAJUiArNcIwpNmOCOOIGIFQ7lbL4XA4HA6Hw+FwbA6u9B/WBwnzWiaaFMUkKSVaa7TWXXlWs+P2cuD1KsulpEx0KS4r5lAt22aQtrwcrLed86JimYuwKLz1+nwpyF+XZUJwflkmhGWhoLPfSHqJqFcabqy6sVrklTRWryTcr5JXHV/hpXN3smf7ODtePw7PzXaE3a68vjPf5Mzsbewcz/Lf3syB7VXyYaIHp0Vjrmz5LFFi1sKrZcsmGa0B4RKn1+Uy3kWtCrDIwrE+mz0xx/y7oeb7nbDMM196idOHJtk5uZd7gEcZ557dkxC+xJEvzvLU2DR37Z7stBdvSXL6Lpx8dkUIf/oLHH7NJA/dPM7O2+7jg7fey8KpIzz1+GH+9OvrCZftcDgcl5dmJfli1r4mxGJFyJnGLOfPNJIZgy2DP9dmYmICpGVsYiuNqTM0I7DSYq0mVNCMQlqtFlEU4QnJ8PAwlelzeJ5HHMdMbKmjfEHbRMzOnEKf1XieR6VSobnUZmr2DI3mAp7nsWPHDo4eO8aePXuYbyzRakecXZ5h9vwiWifislKKMAxpN1uMjIwA0Gg0sHgEQcBiYxljDEG1gsg93IRxRG1kFKUUJo4JW23aSw1qo+O0Ysv02fMQtVBWowIfP6gwPLKFl86cYX5xEdFqE509x1BQwxhYbrRYajaItUV5FbxKgOd5aAPzNhGow0iz1G7SbIVJmGyHw+FwOBwOh8Ph2ARcTT+w58WGvFCUCUlhGK5ym13uMKqDUAyHC3TVoyzMal5oy/5eKTk2ewk/vcS1zCWakXfLvhIp9lMW/vmVWp8y3Fjt3seN1Su3Ty8HTgC+6pjl8IvT3LF9kp273wgscdPuKqvz+h7l61NL3DI+nOS/ndjFzhG6wkRfVHREY4O7RufXefyO2L2dA7fBo8+8kf07gdOpI/pr08wcytrrMA9cNwm0OP1c3qE8y+O/9+94fM+bePj+N3LrvklG9xzkvocPcMetX+ITv/tkT1eyw+FwXEnUTHJDpBsRAQLPCwhnmzTiJQK/il8PmK9DKNu86lWvIqjV8EybVr3O5OQkjaVlggBGveQmcnlpicXFRXZeey2t5QZjY2PMz89jh33aWtOwlvrYGENDQ8RxTLvdRluLNobRXbvRWnO62eT4YptRrw5DVaxSiKpg68guguowJo5ZXFzEtNvMLZ1l9+4bWVhYYLl1jtGxLWzbvp2thbAvYRhy9uxZdu++jponO8vqQZ365C58FSArgtHRMeI4ZmQ4EYkXlpdQccTwyFb86giVSoWFpUV8bwgQiGCJWCgioxkeHWF4yyjGGBYWF9mzdTcACwsLxKdOsTi32AmD7XA4HA6Hw+FwOBxXO8Uf8PuFcb3cTrRBXHHF+uSFpixFUV5QKrrv+ok0l4t8XcsEl7XKlg8rXDxeLy53n6913kHcgWX1vRz9WAxZ3Iu8+Jf9VpJFUitzRLqx6sZq/phurF49OAH4KmQmFTQntl3LA7c12VmjNK/v08+f5X0Hh6lt38eht4wk+X/zYaIvJrVx9k5AqWo64a3K/wuLRDHACBO3A1/scdy3jrEFII5Z6Cw8yuMvzXLL+Dg7D+6HbUlI7BPPp7l7n3uW04sHk/biZvaMexBOcaRMCD/xZR75rS/zCLu448EHeM+dexk9eC8/d/+T/PoX1lF/h8PhuExobZBSIKRCKElsLS0Tgy/ZumOcrdsnWSai1Wpx7PwZlJSEUYvlhmbudJs4jok1CC/5pg7DEGsV7dNzSCk5NnuKdrvN6NAwSimiCCotTbDUIgxD4jgmCALi2NA+cQLP85ienqZWG+fYC9N4nkej0aBer1OvDhF4LRqNBidOnWR8fBzpVXlxappWqwXCJxKak9NTnRmd1WoV3/dpNBq0TMhcY4mzSy18309CRkcR2s4jPYW1ljAMWVhYAHOG0bEtiaPZ95lqnERjsSKZNbowf5xqNQkHHQqYbzYIF+apzdQYGhmmUqnQDlvMzs6ytLSE9STb915DHMeXuccdDofD4XA4HA6H4+LzSg6xWZYns5g3Nb9MKYXneV3us0Fcdpe7ffoJSMVQshlFsTCfWzQvmF1JImGeQQSl4muxvvlt1zrPxXKWbkSYy67rLAx01sdurLqxejm5UsbqZsEJwFcjmaA5MsmBNzcZBZpnj63O6/vES5y+bz/7Rsa5a984UAgTfVHI3Ljj7HvXAfi9I6u2uOldexMxurDfN06+k5teM8y+g/cz8cXyPMD3HNxNjUL4ZuDIs9Ms3DzOxM6bec/YLnwzxdG/Xjn2kbMPcNMNk+x7x0EmRiB68SiH+9Zjiqf++Lep7fynvOeGKhN77gSeHLANHI7Lxx9/8fHLXQTHZUaqIH0jkEphhMXoEKRFS83QcJVrxq+h0WjQbrXwlcfQNUOgDVprgiBgZmaGMAzZunUrnucxv7RIrVZjZvY8O7dPoJTixEtTeJ5PRQgqFjxtEBaGKlVGRkbwJHijQ0n+4DBkbGIrXuAzOraF5eVltNYICzqK8SqCWw7sY98N+zl58iSLy8vccOB65hbmUYHfmcE6Pz+PsDA6NMxIfYjlWp1mK0TVx8BTGGvQUURsNFYKEIK4aohiS7PZRvgVYqHYMjZGFEX4lYDYGjwp0eYscVCDrVsJgOriECw3sL4Hw8OIapW5pXkqI8NURoY7bRUEwWXtb4fD4XA4HA6Hw+G4FJSFKy2+FnNuXmoGEeeK68rEJqUUlUqFOI7RWpe6CYvH65fvcqNtUiaGDUJRHJFS9hSVsu3z+WPXU76Xs/1a9Ss6Pnu5WAdto6wNsshi+b7NX7sbbfde7VF2vH6C7yDtmu2XF3/z9XNjdfU+bqxufPurbaxeTTgB+KokFTRHquzZ7QExp4+ViZNf4ti5u9m3e4SdEx6rw0RfDI7y+PPT3HJokomDD/GLb/+/+dT/N9VZu+ftP8VPvm68dM+nnjjCPTfexs7dt/Ohn1nik59+jBOdteMces/7eecNVYin+fYTz3Tv/MyzvHT/AW7adoBDTQ/OTfFoTkF+9NlTvPOG/Uy8fhcTwInjX+ra/dC738u+qSf5zNNTuaXjbKkkQ6ixOIXD4XC8EohJc6FEGqktQoGPJI4MyzMzHF9u8mK7jbDJrMhaUKFerRGGITqKqFQqGN0CEXPmhE9sDWEc4VcrLC0vs1AJkFKytNiiWqlgjEEphRCCKIqQUlKr1bDaYJpNpJ/kDD51NMYK8GsB0vOSEEVxjBdUUb6HEIJKYBnfOk4UL3Fm+kUsMDPV4ux0khtgeXmZKIoQQtButwGQnqJdqSchoOMYk7p6hRBobJqzN0IIRfXsWZZbTaq1WnLjKJI2MAJMFHdutDEW0ptXXyq01mitOy7j7CEjC6/kcDgcDofD4XA4HJuFtcJurtfJeDncipm4kM+7mRddrLWd51ylVCfyU/75Lx9mNn+sXvXpt7zs/aCsJZJ1nnPpLUSWifv9RLKNlLVfeN61WEvQ67UuHxo5W5+1RyYoZSGU8/ush159upH2KbtGyoTSMtdvtk2v68mNVTdWB+VqHatXK04Avkp59Ng0D9ywFz/wwExxrEfI5MdPTXPP7klqPcJEXwyO/MFhntrzfu7YOcxN7/i7fOLOWWYWY/yRcSaGPBaeO0rjVftXu4Cf+0986vAYH3rXfkZfcy//5N/cycK5RRrGY8u2cWoeYJY4cvj3eGRVPZ7hyNl3ctMNw4wOwenvPNbtIM7c0BPj0OUOThjdfYC73nozd/1wi5lzi0Tkzrl8lMcPH72wjeRwOBwXiUasqfgBxmriMKTqKWpKgjXQirDRfCcMf0UJPGOJl1tgDMpY4riJL8BXHmGzgdaW+lAFQsOusQlmF+YJqj4MVfD9SirEWsAihMWYmGZzmTCM8WUV3TYI5SFrVRaay+jlEKliVODTDjU2DAmqgkbYZu7547ymOkRUHWZmbpbRsS00R3zOnD7H7Ows7TBCAL7vIaRKayFotZaSG0Wb3iQKAdrkboYVUkkio5O8xsvLVOs1lhcbSCUwWLBQqSh8r4KwicActTWRhYonqFQCsIp2O0Rbja98pJREUXTpO9nhcDgcDofD4XA4LjH5H9wzAaIoFLwSyASGvECUiQtZfbTWnfplIpu1Sa7RzGmYiRVKqS4BI2uHvJPvUokV+f4phgMu9l8mmpWFV10PL9d918/BV3Z9Zf2Wr192nIxiPxT7JtvP9/3OujiOO8e+FI7CopiYvwb7CWdF0Tcrc9aOWX3dWHVjtYgbq1cnTgC+WvniUU7ctZd9AXBuil5BXzv5gukRJvqicIRHPvHbnHj/Q9z32l2MDo2zcwii5Wm+/cRjfObz+/nFj/co72O/yyfm7+U9d93OgZ3DjG6vMgoQt5h54QiP/slnefxE+b6PPp+K4sxyYpXTOXNDs8odDHDiu0c5sW0/O0aqTOysAhA1lzj9/W9w+I8P83RZPGqHw+G4AvEweBikEggEvhBUpEIqhbSgpMH3khsuT6yEVPE9D6VUchOlAQR+4COEJUZikSzOt9DWJ44kba2wsSaMbeI6lgKNB0istkRIrAySUNNxyJaxLbSpYCWEcYyNNdKvoo3FLLUxWF44PsUzx6ewMrmJM1iMTcoSBAF4FaI4JsSiVDIL0MQaJQUIsEoiEFhjMSI369Ya4tgijcETEo1FIfCkwPP8dBuN1YZWo4mwFmvBV6BSR3XUaqOtxvM8fOF3uYIdDofD4XA4HA6H42onL0xkogWs7TK8ksieETOBIS+o5AWKvBCX/1MqmYjcy5VWJt5tpE3KRI2icNfPeZrvm6yMWTnzImG+jGXuxrUEsV6izoVkUBdhtr4ooPV6nxfesn4tXhe9zrPe8vfbv2xdsQxZOYvhgYv1zaKUubHqxmqv8/Uqz4XglT5WX6kIe4WO5qNHj7J///5Lcq4P/spHLsl5HA6Hw3Fx+I2Pf/SSn/NS/j+1Xk6dOsXu3btL190W+AgMnhUEgCclKrsJViCFpSZW3/AWb5aNMUTaEpKElY6EILKC0CQ3WLE1RBZaJqYJhJZ0HYDEArG39o3XWjdnF+o2Rl2QSM2ydOns8qITgh0OxyqstcRx7L4fHA5HF+67weFwrEW/571BKHuGKjrHyn54LwpH2efsdXR0tEuAyD9LDlKGtcqcT7GTz/+40Xr3czxm9cqvz9cpjuNV9co/L+edaJm4lN8mO0d+eS+q1WpnMvZa25c5AMscnvnzl4lnmRuyWM5iu/Vqu7L3a5W5rP2K+5Ydr1+/FtukrH2yuuaFtbzjsNhnxXGwVrnK+ixzLAIdB+qgY6JM+MrqUOyPvPs3f958HdxYdWO1rBz9ynw1jNV2u90lHOf3z38u1res3GV12igLCwsva/8ynAPY4XA4HI5NxDOhC0l8Kcl+xHU4HA6Hw+FwOByOzUA/J1mvH87XK0RcyDJmn4tCQb99ysSPMjEBuh2G+XMV36+Hfvv0EpSK7rsy0bG4Xb9z9XPW9RKaLmR/lpWrVz3X2qfX+rx7NO+uLQpLZWLvoH3b75rrRXb8TPQtc/1m74vXedlxyuruxqobqxeKK3GsbiacAOxwOBwOh8PhcDgcDofD4XA4HI4N0881lheZermmXs4P84OIFmsJWkWBqEw4KytnMUSr1rqz3PM8pJTEcdyVbzTvUuwnaqyHMndeWZmNMZ0y9nIaZu/zeU+L22WvZWLny+3PjVBsy14hYIv7ZOuL/ZInuzaKomK2X/41235Q8sfud/3mnY75v7y4WbyG8/XMv3dj1Y3VfHtt5rG6GXACsMPhcDgcDofD4XA4HA6Hw+FwOC46g4hdl4Je7s1B9+klkGXHyYQbSAQm3/c7DsPMZXgx3HZ5F1y+PPmwqcXti2Up659+omGZGDPo/uvdpmyfoig2qNMvK/dfxk9KAAAgAElEQVR6nbr5NsqHju0XyrnXefJ91Y9sO6XUKsdvr9y1xbbIQgUPihurbqz2K/t6uZLG6mbCCcAOh8PhcDgcDofD4XA4HA6Hw+F4WZSFNC1bVyZE9HL7rff8azkL8yLSesSHXmUsOu3ynzMBKQvVm4l3mbg0iPNtUHo5CYu5msu2W0vgGkQwKROrylyLL4d+ZcvqUBTOBnWxZgJRWX/0Ew/z+xbbc5D6ll3/ZQJWdg3l3YxFgbMo6hXP30tEdWPVjdXNNlY3E04AdjgcDofD4XA4HA6Hw+FwOBwOx4ZZj2DQ70f7C+3Oyh+vn0OzuG1RZFmrXL2EikzoyIssmbiUOf3yLsP11j9fvjIBspdoVSYAFgW3XoJZ8dxFwbBsm43Sa/+i63YjImGv5b3E0Py6rF/zuWQz8n06SFny5y0Kv/lwz/nzlglna7X9RsQ9N1bdWF1v/cqWX6ljdTPgBGDgNz7+0ctdBIfD4XA4HA6Hw+FwOBwOh8PheEUyiJOrbNtBBYu1hIBBylXmnvv/2Xv3OCmqO//7fU5V9WWugKOooCJeEEy4uAFkl+gsMQR+/njQJRsU180Y86yYPCtrXom6LxPDGs1qzMoPnxhxE1cSEqMmbHCNQY0xiORBJBHB4IByUwEZGC7DzPR0d1Wd8/zR01BTU30ZBGGG8369+tXTdTn301Ndn/p8T09Ej56ckz8m71QLCktBx2j+PbjeZ76shYSKoDswyiEIh9e5LCUUFnPMFTquUF8VK2sposZH/j3YDlH9mW/fcsoTzjPYhsGylkojmG9wbdn8e1CwjRrv+bwKuRjD4m8h4ayUABbV/mauRh9r5urJM1dPJowAbDAYDAaDwWAwGAwGg8FgMBgMhiOmJ+JMeM3LsNgTvrEfdkYG0/F9/5A4ExYjgukWEq+OFuU61aKELdvO3aJ3XRfP8yLFlHxdgwSFxvBapcFjoigk8kWJKoVEwqg6FxOpwgJOMUEw7GwMlzfcFj0RdgoJlcVcpWHC+YXrY1kWtm0fEguD7sd82wXF3WC6+Vc+73JC5RbaHhb1gn1QDmaumrnaF+fqyYQRgA0Gg8FgMBgMBoPBYDAYDAaDwXDCUcrBVuimfynR4kTEcRxs28b3fTzP6+ZAhMOCXtCtmBdYjpVgdqwoJnjlRZvg2rr5MLzhML0nIkHnZ35d2XyfBQXesHCYPydf36C4diLXF8xcNXO1d87Vvo4RgA0Gg8Fg6IOEn7AzHB/yTzuejGFmDAZDccz3g8FgiMJ8NxgMBkP3MLnQ3e0WFbY1f05vEZSCblA47LqzbfvQ2qNBUSV/DBx2hZZaK/VEIShkBusU7M+wkzEcNra31BW6unallFiW1WV/UCgMh83tbWM4/27mqpmrvXGu9nWMAGwwGAwGQx8klUod7yIYAriue7yLYDAYTlDM94PBYIjCfDcYDIaTgaBTLopwyNwoASIsIvUWQSlPsKxB0SUcBjjYFkFnaG8kuAYoRIcSDtYx3Me9wU2YF8KklN3WlA26JoN1KdSvJ0J9zVw1cxX65lzt6xgB2GAwGAyGPojjOMe7CAZyF/6e55n+MBgM3TDfDwaDIQrz3WAwGE5GSokEUYJYfltYYCkmtJwoYkTUOp757WHhJOgcDTrsotbq7A0UExCjnIThfu1L9Q3+XcgNe6LV1czVw9vNXO1bc7WvYgRgg8FgMBgMBoPBYDAYDAaDwWAwnFCEXYdBZyHQZU3NUmn0BvJl9X0frXWXtWMhWnTqLZRykOYpFEI2LL6Ft51oBPsMDjspw+7fYF3z4ztcr96wjqqZq2auhs8PptHb2qAvYRaVMRgMBoPBYDAYDAaDwWAwGAwGwwlPbw6nWi7B0LJh4aQv1z287mhfJRweuZCztLfTl+pSCDNX+/Zc7QsYB7DBYDAYDAaDwWAwGAwGg8FgMBhOKKLCyYbXoLQsq8s6lb3ZcZYXVSzLOuQoDIZahVyY2bzzLk9vrCt0FULD26WUkeGCT3QnbJ6osZsXy4KiWf5vIcQhN2nYDdxb62vmqpmrvbW+fQkjABsMBoPBYDAYDAaDwWAwGAwGg+GEIygkhcPKBsW0sNuwUEjSY1G+UhRyAobPDQqEwf3hbfl2iAq9eqK6DssRCIPH5cW1qDVGewNhESwo9AbHc56gQBo1jnuDkGbmqpmrvXGu9nWMAAz88213He8iGAwGg+Ej8P9+7+7jXQSDwWAwGAwGg8FgMBhOasKiTznHhwmLRoXC5OZFlfB5QWGl0DqcpUSeQvujtn8UoSPs8gzWU2uN7/td3KJRrtGg2NKTsoSPjRKngm15NMPbFnIGFnIQhvuzVN7l9HW5+8s5JqptCvVrML0ot29QSCvkqixUrp7OPTNXy8fM1egy9fa5ejJgBGCDwWAwGAwGg8FgMBgMBoPBYDB0oScutZ7cvC91Ez4sLOVdZWFnYT5kbthlGeVEO1IRpFhZw+JdeF9U+0WJZvkQssVEP9/3D20LhpwNhpmNqmtPBY9CwmCx7cXyCQtiYfLljnKH5vs86Kosx2F4JK7Zco4NliecX5RDNCgIhvs2KArm0w2KhVH1CeYVFtd60v5mrpq5GsXJOlc/al4nOkYANhgMBoPBYDAYDAaDwWAwGAwGwxHTU7E4fGO9lOiQPy9/bnjdSeCQ8AKHBbjgcUfDQVYOUQ69IOFwwEAXh2Qp8vXMt0NQkCkmuPRU/DjWFOuTYs7XKLdhsTRKuUUL7Qs7VYPpBMsQHpeWZRWudCjPYB2iXLJ5MS1KNMzvC55fyIEbLL+Zq9FpmLlamL42V08mjABsMBgMBoPBYDAYDAaDwWAwGAyGj0TYQVbqRnspx1lYICvljMy/8kJSWGwpVaaofcWODwsLUfXJi3LB48NOz6ALtFBdS5U5KArm658XmMLOx0Jux56IglHbyhUK88cXEnIKiUVhIS5/TLCe4WOj0u6pAzAsKAXzhsNCbLBfw3Uo1bbhMRSuQ3B94LDoHNUm+fOj6hP1buaqmavF0uhrc/VkwgjABoPBYDCcRJx1yWfZv38vsbhFImnju2lsS5PpSCOEhW3FEMRws6C0hZAOwopj2zZ2zAELlHZRysPSYKMRnddUQvuHL1i16tymkFISr4hTV1fHaacPBClBCqSdC43jKh/btsHPXURnULja52DaZdPWrfgItGshsHGUg854WL7CUi6274HsANmBkNncu/CpSZ7BaVVnkUgkUMKnI9uGq7LE4jaVVVUkk5VoBFLGENiABC1zddEuEh+NC8IHbeHpGGgbjYtGgXJBugjlAlm0dpFoQKF8H0tItKfxfcXPf/Hsceptg8FgMBgMBoPBYPj4CbuuilFI6AiKWFHiQqn0go7IQvkUc5KFy1JMTMsfU+y48AuIFLp6InpFCSl5USmfdpRbsRzxKKoePRFkCp1faFuUKFesn4JCTjHxM/y5nPJHpVfo3EIi4dEgKIaGxcL8/rBoWGosRY0hM1e7Hmfmat+fqycTRgA2GAwGg+EkIpPJkEhUMOCUGmqqkrhuB4m4jfJdpLQRWCgtyWYVGguBBbaD4zhIx0ZYoPHxfRdLgaUB1XmRpTVaK6TuvCAEQOF5HrFYjH4DaqkdUJu7wNUaaVu4ysfzPGxbIlTuqc+s1HgaYm6Gg6lTUFgoX2LhENMW0pNYSmEpH8v3QGbQpEBmciKw8Khy6hhQcQrxeBwtfFIdMTJeGichqaqqIpGsBCSeEjlhV4PUnRel2kZoD4SDxEMJiWUlyV02eWh80B7gIbSHwENrH6EVWnkopbClhZ918byj88PPYDAYDAaDwWAwGE50CrmvoLgbMXh8MZEh+Hch11gw/yg3XTi/UmUM7y8kyETVOyjyRJUtLEQVc1AWK0s4jaCQEg6/GyXWfVRBpJBgU677sFi6hdo7yq0ZbtdCZSlHlCx0TthlWKhvi82DUnOhkPCZPzccKrlcN2gQM1fNXA1yMs7VkwUjABsMBoPBcBIRsxIkq+L0r6lBa5/Wlr20WwohciGF8hecWVehtUBJC2Fb2I6D7UiEBT4+vu9hKYGjrUOCL0ofEn4PbaPzolYo0m6WbDaLkBKFRuhcCCPX99BaYiNAa5SfcwBns2nS6RRKSHwPhLDIKgvSGqnB9l2E8hFkQWRAuCiZBRQkO0haHWih0donlUmR9dK42kJaFtgWUtr4HijtIbQEBFJr0D4I75DICyBlFpCAQmsfhEJrhegUfkEh0Wi/UwS2cgJw1k0fl342GAwGg8FgMBgMho+D4M18KBx+thyXWSF3Yk/KEhZbtNbdXF9RxxUqQzHyjr0oUS6/Lb8ebLhMhVyiUYJfoeOixBzf9/F9v8u6qvmyBtddLdX2xSjVt+W2Zyn3YLG+D4uGYVEpuL5qsfKF3Z7ltEN+POXbVmvdZa3XUmO21LiOao/g+r5R6+VGCWnFxk7w3cxVM1dLpdtX5+rJgBGADQaDwWA4ici5bSsRWLSnWtmzZy9C+NiOxHFsHMdBC0hl0rmAxgJkpwBsxRyEJTsFYB/Hl1hIpAbRKfhKLbsIwZATg13XxY7HqKiszIV7lgLp2Git8XwNtkYpkBZktE/ac0lnOmhvb8dVGs/NXRDaWiJcH6k0tgLh+52CrAf4aJkTbIWXJumkUQi09OnIpMm4HQhPoKVAWQIpbJQSaGUBEqFzArDGRaDQZBF4QIHQQLrzolGD1AoBaO2jPB/LlvjZjBGADQaDwWAwGAwGg6EMit3MjxIpCh1fyD0WtT0oCkQJaOUSFhUsy+oiCBVa97IQR0OYCApewfpGifXlUsoZGuZI2rOUazP4OSzUBQn37dEiKFAeaTuWS5QYFhYty3FUHm3MXKWsfeVi5mrvn6snMkYANhgMBoPhJCLd0YqurUSgkOR+MMRiMQBcN5N7qjRmAwolAClAarQU+DJ/4WahBPgChNK5cM6dArDSILQ+FBZaAK6nQXpksh6u66O0hZQCSwhAoJSPVhae5yJ9jY/CVwLfFygFWgVDxYAWOrdkr9Y5Jy50lkmAyl3aaBJYdgI7FgepsN00Gd9FkxOcM66PECCFg0AiCVxs5q9VtQQkEh9wEfnFjsltFwjQuXPBBq3QSuJ5OYFc+xrfO/kuLg0Gg8FgMBgMBkPfp1wHVikXYimCN+5LCTFRaQbPiRJaCjnkyhEMwu7nvIswuOZlXmyKcl1GiV7h8KVR+ZXjkgsLZUHXaP6cjyq4lOMULUa5dS6UX1Q9gw7BYB7F6ltoX9QYyaetlIocT+F6lRIIi82jQu0bXI827IoMu1VLzZtS+eXTKAczV7vnZ+YqXY4/0eZqVFn7GkYANhgMBoPhJMJ2fCzbw7JBWgLHcUgkkriui+u6CASWFiAscvqsQAsLhI3QCYR28Om8cBNZED5CKLQSCN3p+pXkxFIlyGmmfu58bNAOYKG1QCvZ+eMlL952XhRig9YIfAQxpBBo6eaeztQaJRVC6Zw+qwQaiVICNGghQUs83yaTVsRi4MQskHGk5SGkj7BiWDKWW/NYWKAtpJYImXP1CiT50M8IkGjQOlcPJGjVuV6wBC3Iib8yJ6oLjVZepyVaYMnufWAwGAwGg8FgMBgMvY3wTfqo/cGb7Pn3QiJNIZGoHKGiHGGtUFr59ILiWZ6gEy0q30LlCq8dWsyNWcjpWC7h9ixX2FFKdStjlFhYbv7l5FlqzAT3FROWyilflNAWFJjy9Q2nUarO4ZDEYQErKu9gHYJtECX+FapLOXUNjuOotWsL1c/MVTNXS5W12Hl9aa5Gla2vCcJGADYYDIaTiOmTL+OZF5cf72IYjidWFp8OfJ1Gi9wFpO8p0Ba2FUdaAoHEcSxS6TSWY4Fn4WqIyRgxpxov7SO1QOsUQmaIOzHcTBat/cNhanw/JwAjcgKuD8oTSGkTs+O4rov2NEJYWAKEAs9TYEuEsBAItPJJxGpJZbJoX+RCUqOwpUJ5WYTKrQ8jtcTX4GsLlERrQbrDpzXmEospsr4im/EQ2Dh2DMuKAza2HQNtoT2B8ny01thSoLWfE66FRnseWTeNtHwsoZASpMgJ1FrnRF6t/U4hWHS6gm1yajRoZS61DAaDwWAwGAwGQ++jlAhV6Jz8e5SglKeU+69U2oXK2NMb94XEpXKFn/x54fU78wJGUNCISreUMBQsX35bKeddISdivmxBkSQsggW3lUO546OnY6mc48spb1RbBJ2V+W3B92CaUWmX207hPiunToXGYFRdwvuC4y1I0OEalb6Zq2auFirD0Tr+RJ+rpejtgrC5K2kwGAwGw0mEttMomUFaPo4jsB0HkNi2jZR27gLY95DCwnddHCeO4ySw7EqkVQF+gmx7GidWgW2JTiFUABLPc9Eid3Hke4ps2qVfTW3ugtr16GhrJ9OWwrFsUBrHcTrzB19lsJNxpISstiCr8T2JY1chMx3YMoaQGosMKuNhSYmF6ryQEUgEtpZkfchkPJS0kcJCWA5SKBAOApDSwsJCuQrX95CS3BrAWiC1wM96KN9FaA8pPYRQONLCcRx8L0s2ncX3sljCJhaLY9sWQlhonROwO9JplOth2zZaCzTWcetrg8FgMBgMBoPBYPi4CN5kjxJPosSbnqSdJ+yEO1o354PCSj48bNB5FxRj8sJEUEzKnx90rhVznRUTLMKfC4lGhdIttk3rw2ug5usUFKvC/RjeHnboFer3qPpEET4nLHL1pJ5R5NMKhtUNph10Wub7Mrx26Ecdv4XKHOU6PVKihMGg0BnVr+Eymblq5moxTqa52pcwgQkNBoPBYDiJ0NpF46KtwxdVluVgyfih9U+kAKGySJXFyxwk23GAbLoFP92GcDtICHC0piLmEHds0ql2cu5fsB1JZTJOZTKBFD6OpUBlgCyW5ROPayoTgnhMIUUH2m9FeQfx/XZc7yAZrxXP78BTGXytkSKGFAm0ttCuIJt2SbenkFqh/A462veQat0N3kEcmSFhZ6lIaOK2j1ZpvGwKy4aYIxD4oF0qkg79aiuxbYXy09jCpSImiDkax9EkYwJH+igvhXJTWEKB72EJSSIWpyIZJ56wQPi4Xoqs10rWbQXRQU2tQyIJsbginrBIJuPHu8vLQ9ksmJdg+GMxmvpifickDvffk+CaV4/d85hNr8ZJ3hNnVVlH2zy1IEFysXPMyvNx0LM6912al9zCiJHzePN4F+Sos5fFX7mEEQ+u6yP5HDv67hgw9CZaX76b8Zdey6PrMoe2RY3Nvjxec3W7hcWBC56odjEYejuFbrbn114M3sQ/WoLXsUQphe/73QS1vPBgWbmHhPMiRbCeYZfh0RT5jhb5Mvm+f0hgCpY7XN+gyBJeT7O3ECX4Bd2x+X61rMMPcUeN395AMeEMovvNzFUzV08UPo652pva46NiHMAGg8FgMJxEKARKC3xPk/EUruuhhYMlPITUSOEjpIcTBycWI+tl8LwUQmVwJFQnEyQsm7b2Axw80IKw0sTjDrYEaUnws6TTKZTnU5GEdPoAtgSBBz4o7wDKFyg3g85fxAmNtMC3sgjHxpICx47juCBk54Vu1kUrj5iAyqokSdvDy/q5GmmBJTtws224WbDsOLasBhyEsInHbJSfob39ANmsSzzmEY/1w3PbsKWDZSk8L022I43yMyTjFo6tELgoL4P2LTzv8MW0FBqNj698tPI6LzA1Wlv4vo2r0gjlIITEkuUJwKsWJ6hvDG2UUF+pGfUJxexLPYZUHsMfIp7gY70F+XHnV4iNcZK/LHDhX6fYNjvLwI+3RH2HLTEufULSf5zH0sle9/3tMW6dJ1lwlmLXF7PUhvfvi9HwQ8mGMR6vXRlx/sfIthcTDH8dpl/u8eSnC5QlaixJmDJIcdMUjykDA0+/N8e4ZoHkF3d29KwgrVtZvvjHPP7c67y5cW9uDvU7l+GXTGTWF/+RGWNO6Vl6JwpNS5j92bvpskBFxSkMv/QabvvXGxlvJqHBUJzWrSz/7dP86lcv8Wrnd0N84DA+PfUfuflLUxneL3zCXhZ/5bP8bvLvWHDVKV22fWtF1yPz6cyZPZXzKnpetEzmYM9POhqsmceILy4CJvHA8u9zZbc2CPH2Y0y+5mG2cz1PrLuV0ce4eMetXQyGo0Qw5Geh8J9BJ1ZvJOxoCwpn+X3BOka5L0/0ugfLV8whmv8cdE1GHRNOM8zxapOgOzC8rZCjEbq7V/NpHC/hqCcuyvx7vl/z50eNTTNXzVwNczLN1XDb9UWMAGwwGAwGw0lEzKnAthMgnNwFoS/xRU5oFXhIkUX7raTaWhAyjdYu8bggZnsosrTs34Nj1ZCwE1i2D9InmbTJZlIIBL5y0don5ghqKpK0HNiXCy2tXXzl4nnVaA2W5SKs/JOWGm0rsiqFlA5aKrRwUYDnZ/BVhvz6whYKz22npXU/Du0k7Ay2lCgvi3Y9knYMy0niWBpwQFhYwsJ2MsRiWZTIImU7Ujokkx7a99E6g5RQmQStcq5g5WewpY+dUIAk60kQEoSAQ22VQeAjRE4AljIXDrqiChzHzgndnU9olodm3tWKiwDaBWs/FGz7UPDMSov5Ky1mT/aYN+4YCWExlzm3usw5Nqkf//xK0DDWZ+bg0Ma47i5KGspniOZqCXO3SJqgm5Ce3iRYAPCBYE0W6mOh/R8IngLmnt+TOXQMUA7PrIWGMzQL10q2fRqGFDn80FjKCjZsErywWXL1j2LM/fsstw/r/sO0XLa/eDdz7lpCY+xcrvjcVcy5bhRD2cqa9atZ/OwivvUynPcxiBbHkuHX38ttE+sgs4PG1at58dmHuWH6Wh545iGu7MMicOuaRdz9f7Jc95Mbe3X/GY4Pmbcf44YvPcybqSpGT7uaOdeNPfzd8PSdzHj6pzR8/wfcNrHMB0RGXM8DcyZSB2SaNvDa6t+zeOGdTHtlC088/VVG9zCwSd3U77Nqao+rdZSIE694mZ+/sIMrZw4qclwbL/3kx2z/2Mp1vNvFYDi2nOhCUrEb/IVCuuZDkoaFlWKhT4NhSE9EioUizrvrgvuCAkspcahUONhCxwfD1x4LwuJSUCAN7ss7CYOCafi8E7VfobswFiUAg5mrwXNP5D41c7XvztWPCyMAGwwGg8FwEqFFDEQcSyawLIWUMYTOrZeC7+KqdiwrRUWFhxPzSbs+sTgkEykEHqkOTczWZDJtCGHjSYu2tlbq6urQvkt7SzonxmrBwbaDVFbHsSVkOrKgM7iZZtysAqGwpUSSCzutbUhYWXzHw/MdfOGjpYVl+1i2xs+6+J6PRztJ6eHLNP2qLKoTCbKZdloPpojFwLZcDra1of0OamqrsK0MGfcAUipqai2EiCGtNO2pJtCSykQlruvjpTNYsRixmKS99QC28EhWxIjHLNpaU2hfoEUcUEg00vJw7JxbWkiNED5aCzxPkahMEnPipNpTpFM9E2zHXOwyvvPv+s73ea0OC5+0uPlFm3hccd+oIxeRDNEMGeJSP+x4l6KPIT3qh1nQKFjTDlMqgzsFazcJqIb6VsHa7VA/NGI/mvHnHt+bEun1knmu5qlpmv3/KXlmk2DO+YXLFBxL9WNgdsbh/h9YzP2dzcxh2aLicSG2L7mFaXetZuj1D7H8axOpO/QbfyKXXXU9c+7Yy6oFLx1ByicWp14wjvETTgHGMr7+KhquG8vsKXcz/zcbufLGvjtBM++t5rk153Ld8S6IofexcwlzvvQwjcO+yhM/uJHR1fkd+e+GHSy+/Vq+9ZV/Iv6zJ5gzsgz1dsC5jJ8wljoAxubSmT6PaV9+jAUvXsOCab0p0kCGoUOG8ebjz9P4+RsZbhU47P3n+K+ldVw2sYrlKwocYzCcRJTr/CrHBRw89kSnkKAU/DsYgjRKaCmU1ola/0LrZgaJ2hdV12JO8BPJYVdKVAyHkQ07J09kwbQQPQnpfLz7pxzMXDVz9WjN1SOp7/FulyPBCMAGg8FgMJxE+BmNcjVad4a6sSS+8vGVh+9mUG6Wi4adwf/zlc8zeHCSVGYnrteM49RQUXkqvq5mQ+OH/M9vXmHLB3twnARDz67j1q9ex56m9/nDH1by5pvv0NHWQqUj+dKs6zhryCAaG9fz6mtv0NS8B2Iun/rkhXxq9AWcOXgg2JrWbJZYTS1NB9p5d8tBGjftY9/+A6QyaTwFdszCSghs18ZtyzLs3EFMmTScS0aeQmWilnRrlkQizv7WPbz+p9dZ/eb7NLfsRiGoiA/gnMFnc96wUxh8VhXJRDVKS5KJWjoyLo2N7/CXNxvZt/cgoKisTjPsgtO5ZOQozj5jEAcOdtDS5vP2hi28vf5d9jUf4NTTavjUuIsY8YlzqKiGjkwzHe2KyooBQAUH9rm8/fb7bGjc8tE7rdql4UZNyzybO160ufaTWUbJ0qcZDMcXzajzNTQKlm2STAk+uKBsXtsC9RcpRq2VPL/JZs7Q4MMSFq9tAc7SjImF0/04kbzWKGCYz/jTFNeeIfn3Rps557vlJxF3mfkpydxXBRvaYUhl6VO60LSUe+5bweCGhTzxtZFEyjfWKYz/6sweJtwLOHMoQ4HlLSdEwHiD4QSjjecevJvl/a7n8UduZHRUeGZrEDPu/xHN717L/O8tYcbPZhIOdlEO8XGf4QoWsfDdHUBvEoBh/NVXEb/3fh55cSYPTa2KPKZx6c94c+Q/8M1z72f5inEfcwkNht5NlJAQdXO8py6zj5OeCnr58luWhRCii7BUKK0TLcRsoZC5wc/h0LhRIWR7E2GRsJDwI4Q4tFZslJuwN1BoTkb1dbFzT7T+NnPVzNVjNVd7c3uVg7l9aDAYDAbDSUS1DQmhQGfI6HYy4iCZWCt+0sWO1RCXZyNTFez8y1bWv/IC1v4/MWLgZobW7aGj+S3eWfsnPtxxkGz2NPBPoyNdhZ3eycUD3mDqJ9ZQZ68i1bqbKpVB7OrgktNbuHRYmoH9NtDh70D1H4hdM5B4djfnW9s4r3ozVfoVdg+daPUAACAASURBVG9+hvfWruDAe3vJ7gfSNUhxCsrqT9aqwHMkKb+VtrYOkqoW1ZLik+d28Imha0mkXuODPy1n55uvMPzMPXz1xiFMm3YGsZpmpJ1CZAXZ5jbOSB7gwoHvEs/+kXf/9Cu2rH+Jze+uZOfud2lJp+nwazmYyfLpzw5h8rQkA+t2sn3jy+ze8kfOOO0gtbXNJCU42TPRrZXogx7b/vI6u997ier4a1xw1j6qZBMfNK5h17vv0bY9i2o7Sj8epEfDpzVkJMu2dd2V/iDG/Y8lGH5PguQ9Ceofi/PMB+FLPMmG1+PcPC/BkEPHxVjVnt9v89SCBMnFTrfzmt6KcesPOs/7boKGxQ7bmmJcc0+Ca14NPEu4MU7ynjhPNUua3opz83/k8hnyvTh3vB5+5jAqP4f782nuc5ifr9N3E1z9ZIxt3czUgpZtXet+9U9irG3PpdO9LkeCZNnTCZLfjbMs231v+q04Q+5JMH9T4AfDPocFP4lTf1+uTMn7ElzzkxirDhT7UdHTfDr7ZcHhuo/5QZynuvX74fQ3vN61T25d6tBSppm8vDHWncT5mtnAk5tCtqttgl9kYMrFPvVnwbLOMNGH2CF5PgPTh6pAGG5By/quY/Hqou360eoMQKvNU+/AraM8wKf+k5q1b8nIPipGsrOpMkegYzYu+SHLmck3ZhcQf3tI5t2lfO9fZjB+5CWMGHkZ0/5lHs+9GyrYmnmMGHkLi5ugeeVj3DL9MkaMvIQxn23gnqU7Qimu43sjL2H2kr3QtJpH82lf+llm3buU7R8lgveBHWwHrvzE0JKHAtC0moV33sS0yy5hxMhLGHHZDG64cxGrmss//pbH1tFaJIvtS25hzMgJzHpsY+l1zFNbee7Brx9Kf/z0r/O9pVsPn9e0hNkjL+Gyu1YAi5g1srMcD64rnq6/l1UL7+SGzn7JtfUSNqdKFcjQp3j/OX7+Ioy+4QuML7Y2rzWMWbMnwbolLN+a33gKM374RmD93xL4uVE7/PTqLpt7+n1SNu8/xayRlzD5sY0ROzOsum8CI6Y8RmM53y8XXsl1k+Glnz8XHeL5wFIeeXgHV1x3JSMKOYRLzeU8nXNz1mcndH5n3sL3lu0gHZVmgXZpXrmIb9yUb9MJXPbF+1kcblOD4WOipzfEgyJTPgRrbyYvouRDrAbDrObJb4+qa1Q40hOZYD2D7sl8G+T7tLf3a7Av8vXKE6xrsF+VUvidSzv1tjYIjuNgXfP7zFw1c/VE5VjP1SP9H9cbMQ5gg8FgMBhOIvx0FuV6oHIXRUoohNQoJMKycexqdu3Yyo8feRwJXDUDBpxyFjJewYoVb/HTJ5pwRSU45yNsCysRo7bKZ0DNHki9wzmnW1wwxMLJpBl0Lth6Ow4xpNyOJgNCEotbVNgHqbZBZA+y98O/sH7tbqzEXva3f8DeVB1tajBVFVVUVnnsb9+DZj/xZDtVIk6NlyDd/h7xRAuJ5A527NjFb/6nlUQVnHbuWQyu7IfSrQjlc3DfXpIVlVhVkmQsS8LZSTq1l21b3kPYmznQkeRAthI3fRo6W0FrW5bT6/pRW7OHXbs2svmdDezZm+Y3f3ielAKRvoC4NZxU616W/f5lrMSHXHgx/HWigsrBA3hv805eeWk9HW398bzT4GhokJ3UDtVMR7Byx2G3ZHpjnCm/FHCG4r6rNbUI1r4queYnMe6blWHOUA0I1j4X49K1MGe8z8LTgXbBMysF2zpgfEFHomDbqw71rwiGD1LM/9tc+htet5j6M6glei3Uxlcc7tsDc6f4zESw6hXJ3BdtEknF3E+Wob7tsmhYCWPqfR65FFo2Sea8Jan/b4cNX3BJdB6W3hhj+i8FTXWauVcqBsagaYPkmgWy23qzR46i/hLFqHckzzdK6ruE35a8tl7Q1E8xvTMkcHpjnKsXCxqTmjsm+cythPQ+ycI/Sup/GGPhl7PMPC3qR2XP8mGjw5BnBNOHK+Z9WpPICp55WdKwyCHxTxmm13VNfdurDvethzsm+cyMQdPbktv/bLEmBc/PONymUZQ3xgpQ6VN/hmTBFsFaYFS+PJska6Vm/hCfITtseKVrmOiWnYJlwCOHXMGCba/GqH9FMGaYYsHf5ur8/LJcu/76nzNM6apLfKQ652l6U7Awrnits461wzUNL0qeWWtRP7ZcZdPitXcExBVDBpR5yiG2suYPO2Da3xQXeMoks2Yen//iIph0K3c9ehF1NPPmwn/nGzNWsP2Xi7mpS5TlDJt/fgvzN47i9jv+g+to5rUFd/Po7Z+Hfsv45oSucnTm3Z8y++ENjPnaHTw0E5rfeJhvPnon06w6XrtjbI/F68zOdSy8725erb+LZz8T7drrWreHmXXzY2w5aypz/vVRhveDTNMKHn9wHjf8fjXf+e+HmHFm97bYPuzw8RzYwK/e2EGGkVRH5NG84n5uvms1Q296lMdvHFa8Tql1fO/aBhYyids6029e92Puvn0Gr+78Bc/eOAz6jWX2o48ybcWDfGPRIG57dCbDAeqKC95vzv8sNywZS8PXvsvsgXEy7y/lgXvv5vNNcX730FTqip5t6Cu0bljHm4zlO58utrZtjupRExnP3Sz/y15mndtzB+/2ZxfxC0byjYnnHtrWs++THnL2lVw3+X6+8csVNN44LDcv8rT+kV89kWH0nVMKh3TuQhVXXHc9g7/4M557eyY3jQjV7YWneKliJo9PqoLGiNPLmcsA/g4W3/p5vvX6EK6cfRdzhtXlvlMevpabs7XAuRGJh1gzj8tu+jXjG77GAw2DiGe28Jt59/Ot63eQ6ONroRt6F2GHXPhzMARplJvuRFiTsZj7L/h3VB3yLsKg2y7vQgs6DKPyO971LkRYGIzqzyhXaSF33onoIg2Xo1C5giFlSx3bG4jqk6BL0szV6PyOd70LYebqYY7WXC03v96MEYANBoPBYDiJ8DyFVgq0QGJhYeErDy0EIBHSIp6soLr6dA7s24WrQVODpgZfVSAcSCYH4IlKhPTQOs3+lp3sO3AKp1anubx+AueP/hRVHCDesZWLLuxHTV0Mx2lHZcCOu9RWOFjyIK7fTmVlBZ+4+EIq+p+HVTmCP7/VzppGl+x+jbJdbKsVzR40e1HiIFkV50B7gvNOt+nw9pOhjU986hy+/u0Eiao4/U5L0dy2k/e37mF/k2LwqbW0tzajkTixOPHKPZwzNMn1/3gZLQfr2LjF462NHXz4gU3MOZWqfhmW/e6PpNvb+cTZF3DV1RPI+HG2NWf50/pmNq7xaGlrp19NEldVgJBksgrPi+E41XjKJZ3x8dFIW+LLHloFizFAcxGwIf856zD/fwTpYT7L/v6woFU/3Ob0/7RpeNWhYWiWWmyeXwtc4HPfZw6Hrq3/VAkHZ7PDHa8Ihgz3+XVAMKu/WDJmcYz6xigBWLBwn2LZP2UZ0pl8/fkO+//D4v43bG79ZDbg6IzmmXfpKpReLKntiDH1HcmyvEjYWfdtAxXLbjycFxcLxncKhT1h7i8TzA1v+/s0tw8DzldcG5fc8abNv44KlL/d5plNMP1ylWuHzjI1nhoqEzBlXG4d2IZnHabcWKANys0HQGge+aJLw1mHf7jW18XY8BPJL9bbTL88aJcWzNvls3J2QPS8WDD+xTjDX7dY+IHL7LMKNEzZY6wQPpdemBN4NzTDqDoAm1VbgKGKURISQzX1r8hAmGjJms05wXRMXtfoHIuXftrjyUDd6kc4JB6ymLvcZsqVR6nOh7BZulYw6iJ1OOR6tc/0syRXr7OYO9YvMZYF6QMWL/zOZs6HMPtz/iEBvHxa2f42DP+/Bn10929mHfP/dRGZ6x/l2W8cFmTHjxtJ3T9P41v/9TKz7p8UED5X84ttd/HsD69icKfIMn5UNa2TbuGJJX9kzoRJXUTSVYu38p3/fvSwyDrhUaoP1DP7iSW8+tWxXBGlqIZYftdnGXHX4c/Dp97FE98+nH/xuj3GlnF38ey84PFjuWzyZ/jetQ1868GlTP7+1FyZD7zMN29exPb67sePn1ogizXzuOErT0HDQp74aik3doY3F9zJwsz1PP7ftx4W7yeMZVTdLUz+t5/y0hfu5YrqQYyeMIjBTacCgxg9YSyjS1QVgAtu59nnZ3JeIN1B2UamPbCEV3ZO7SJ0G/oumVQrcBGDyxEFT6njPCjPkb9vK6tWrqYOyDRtYPnLP2Xx63Vc+8MfMOvsfOY9/T7pKVVcMWMm8ReXsPztGxkeEG1bV/yW55jEA58rLXzniY/5Ag0jF/HAr1fQMGLi4fmbWccTj69j9C3fZnwc3ux2ZrlzGZqfvZ9vLTuThp8s5LYx+RzGMn7yOB79u2uZX44AbF3ENxf/jlkXBM4flOXtGfP41YodXDmj/DobDEeb8LqKUSIw0GVNxrwzK78/KEycCMJSnrDgE34Pigx5Z11QQMoLMnlxKZ9mb3ASCiEO9VG+TsG65uvj+z5KqW5O0kLhco+0b4/luAi7AfP1zW+TUuL7Pr7vd2uDqH49HuO33DEVJRLm6xoU/sxcNXP1ZJ6rUQ7h4JjqCy7qPEYANhgMBoPhJEJKiRQ2tnSQwkdoCVpD5491pRSusGjPQmsW0qoC3x6IjJ+OiA9EONtAVuErBz8rsUWCisRZnDHoElr2vMbzLzTy0h8/IObuoka08dXZl3O+rMRL15K09wMD8VpjiKpqYrE4HalK1r2zlWdeaKTfwA52t9SwN+XgyVw4m5iK4/i1ObFaV2Jrn+pqm7S3j1hyAEifN9/azaL/3EkqA9d9uZrRE85h7LhPsH3HHt5dv4cz+p2B9vrT0VZJ2z7Ne1tbePH55VTWXMS+lgStmf5UxE5DuxUoVcXOra38oWUff7aaGRAXXDL+bzh71EhavT207t5H+gC0pVpoSx2gssYGLXHdAaQzlaA9EJVIK4nyIJ2ODPx3ZHQIWgIf042SuRl45K9DbkbpMX64Ba8KNgDj0QysAd6XrGoXjK/svPCXxd24TY2CZ9A8OTnsllSM/7RiemO0gNzw124X8ZO4on6Qxfx22A8lBWAuUCGXrGLMeRo2QUs7UAlslTySgVv/NpQXmiF/o2h4xeL+UvkEyzzWZ2ZoYcTTD4koHtMvsbljpWBZK0zvvKPdsl6wAM2Tozvd2J39cV+3MgFxl4ZxkrmvCJbtg+mRTtDy8gHgwiwN4dPP0tQDc5u7/0iZHR4jne00+3XJsi02s8/qFl+7S51Kj7HCDOwUeF/bajGzzod2yWvNMPuvVC7NQYopccm8TRb3jVKgLFZtgYHD9GHH8BuSZ9AsnRAqZ9xj6hCL+z/IhZAO6iBHWudDbJEsOADXTgke5zNhhA0vSH7dBA0Rwku3hwkkzJnscV/ZjuHu1MS7L4TcvOSWztDBh2n4yRvcNiY6jczqpSzcOYxvfj7kxrUGMf4zY+Hf1rL5/kldBMhr/yEkvlaM5tLL4Ym9B2mBruLOjOtDwmOcMWMnwVPNtLSGD45m+PX3ctvEOiDD9o2ree2lB5kx6Ska5v2I2yYUdgHn6jaIOQ9GiMUVI/nSDRNZeNdSljdP5co6aF62hOdSk3jg7jLEZSDz7lPMuXkRNDzKE3PKCMWdWc1vFu5g+B1XdXNuD54wifHczRub7uWKAn1VitHTuq/3fN4nxgGL2NwEGAHY8FF4exHfuGnRoY91Y27l8Zev77LG8JF8n/SU+LipXFvxFItf3chNI/J24r28+OzLxGc9yhX9epLaIKZdN4l7bv8xi6+feEjIbn35pyzcOYkH/lcBcbbsubyDV36zAibfy81jQt8Q1jCu/MexzP+3Moo5ciqzwtsuGMV4YOF7ewEjABuOHlFiQCGBoFga0FWUamtrOyRMlHrlz41yJob/NhgMBoOh2HrAUeJtoVc49PmRiL2FwomfiBgB2GAwGAyGkwhpxxCWDUiEAhRY0kLoXCgcTys6XIXCpqo/WJVnsq+tAr9dsb8tjh0/FRGrJtOqQIG0Ba0pzZ6DNulMDdt372b7zlaqLZcDLljJgTgVp2PFTgWVZv/+FhJuO6kBoJxq7NipxBIpavvtwfUEVVVVuJZNttWlrWUv0ofauEU2q8lm0nR0ZHCEoL2lhVTWxuNUWjpaeG8XJCqh36kXUNXvHGw7BiqFl92HbSWIJ6qwYjXYcYEdj5H243Ts7cBJnEbcr6W1XdF2sI1sppW/n/l31Fa/w/vvbGb/ziZ27NrPBeNqEbIFT2my2kNpRWVVf5LJGMnKSioqhpBMnEM8vodMxqb1YArLSmJXHI1VOzs5kHP/jqrJCbctB3Obb348wc2RJ2i2NcP4Oo9rpkie/5Wkfl6cKWcpbrrCZ8qg4oLUtt0CqhWjooSbguZhzfCB4Zs1Pv2rHPhA0ER02Ogg00/vfrOntgZAsG0/cBo07YYmNKPOjrgxJCFZIo8wQ4a41BcJVzlklGL6SsnzjRbTx/mAzfNvCAZe6PO5vFB7EChUJmDgabk6bGguJACXl08OQXq3zQtvSbbtgeebBB0dsCoyVc3wMyI2V2pOBxZECMZ5yh9jBZM4JPDesVny72N92JQTtBeemx9/PpcOtWnKh4neJvi1gmvOPzw+m1pzdZ76vUKBmwXbCArAR17nfHpr10vWxhWPnt+1P2tHKea8YPHUWpuGyd1F5C4PEziaMUM9aj/CL654BazaspPwjf/qcV/m8Uevz33Y9BQ3PPBy0XRam3cAG7ln+iXcE50Tm5tg9KFGnMh554SPqaJuILB0K81A8JmJyy7oHra4+tQ6YGnZouSpF4xj/IRceNrxEyYyo+ErfP6Bz3PDrQ9yye/uKugiztVtIsPPi95fd865wNNs2gnUwfYtK2DE7VxUjoC06cfMuX4FWy6/l/+aM5bqckLOHmhmO9B43wxG3Bd9SPy9vTCm56F4AfAzbN/4Msv/sIUt765gza4s29/eWvo8Q9/CAtjA9iYYX2p+7W1mM1BXzjXJxLtY/sOrqANa1zzGTTfP46b7BvHS3YcdvT3/PjkCrJFMu2EQCx//LW9+eRijLeD9l1i8Is61P+l5WPnqSf9Iw5kNLFy6kVk3DQN28OzPS4jJZc/lvWx+HYbfcVHksy4Jq/zSZnZu5KVXX2LTpq0sf2sH2Z0b2Vz22QbDsaGUMBwWgqNugEe5xU4kZ6HBYDAYTnyKCcD597B7N0oADp5X6v9QX/g/ZQRgg8FgMBhOIvIXL76v0T5ILUELLNtGKIkS4GsL10rgUUlbuoI2tz/SrsNV/dm7XyETaaprTkHpDjzvICQlu9s1XqaStLRJ6YNkMxmqJGxu2o3cmWT3wQ7SOoUVa8VKVJDSLh/sTeFWtjLgjDP5u2vPw0qewp4WwYqVu9j8yjbeeX87VoWFsrMkk2n69U+T8PohUlWc3r8fB1sdduzOMuKvRvPDn13OgAEDaGnbw8sv/4XnnnuPtX/yOG3AQFyrjQ4BzR37aeo4SPWgAXx5znWk06fgu2ezbu1B1q75kKrKU8lkNMJOMvCcoVz8iQtI2FlSGfjz2nWsfbuJXbsV0upPPN4fx4nTvHczse1Zdn4AlY5i584MwjqFyqo4vq4EefQcwNs2SJahmT006NzVzJuuuKiAIDu8JveeOD/Lk1+3WPuGzcKVkqsflww5w2LpDdnubtUgR3EN42NB8uO6kq3zufYMyTVvWdw3zqe2SfJkM9x6hVfWWrJHNx/JqmdizHwL+vfTTD9L03CZYmCl4JmnJQui0i3Sx6MSpdwV5Y2xwvjUX2TDW5K1StLRKKBOUX9INNaMOl9Do2TNDqj9QLAWzdzzQw71pGbhFFVgfedcePQufJQ6Z21+/RagJJfeU6CH10rWXsHh8NCdlHqYoGcM5eLLgd+vo/FrY7usdxk/c+Rh0SexIurkCCZx2w9nFlg3M86gHjnqPg7ijL9iEixaxBub7jpix2wkVfHyBKS6UYwZtprlG1azoWkqg3vgrr3iaw9x3bDoXOLnlF7XOJLUOuZ/8SYe/aCK0Z/5X4wfPZM5wwZR8/5SZt275MjSNPRK6i4cxWAe5pW1bcw4s/h4al27glVM5DujejbuqsfcyKN3b+Gyr9/J3RN/xwOTg+cf+++T4VP/gdEP/x9+8/pXGD0hzuYVS3jzzC/zrZFHkFh8JLNuGMnCeUtY1XA7o9/4GQ+sO5fZ3yotJpc7l6OiNZRPhjcfbuCGR7dRPWYS/3vcKGbNnsng2i385ov3s/gjpGwwHG3KDSUatU5wsRvpRhA2GAwGQzGKhWzOv4fF3/DxpcI798X/Q0YANhgMBoPhZEJa+Bq0AuXn1v21pUSiQYKSChBoEUOJSlb+eTNvb9uI1gNpaUlSVXsmTnwAqXQaLSTS6sfmrfu5/ZvPUel0sGN3ApxBSLuDrNfCk/+9jcrf72DPvj00NVdhJSvxVD927Irx4isdtHvraNq/By3jpFyBsKvZf1DS1OyBCyJTgdfqkFEWbTJOQsRwlKajpZWnn36Tiopd4J1CTJ5JOp1m156NfLjHw/chUTUI30qiY6ezfTfsfaGZ2PJdoPdj2y1UVw1CWLvZv9/l4AGFY3lksi389qW11K46QE1lFTXxSpCSXft3c6A1TTZVi1YC5UpiiVqqa4aQzqRZtXoX69aspL1V4LmVOLEatCdw3RJhZstld4y5q2DUcHXICZpIAAgSA1zqy4kKaPuMGuczb5zkjtUO01+Q3PFHmyc/HV3GhA3sE2zLwpDwPc0MtFBGOOdjhQQQNH4I48N1z+ZCTR9dfD73KRueFTzfDOPXSp7vp5gXcIfmXcpr3xfUn9/9pljTbgDNqKJ9VTofmm3mvUW39XBRDssKpBrp0t0hWAZMOK2wGNrjMRaJZtSFmoFrBa9tsUhvgfpPdRVyE+drZiN4fovN6dsEnKGYUBkqRwcMvMClvsz760daZ8iFvr5fwe2f8amPErh3SBpel/x6vWTUJ4uHUv9oVPHpq2YSX/pj5j87hQVXHXn4z3hFNbCF2KCxjC9jKcreRHXdIGAFjZtv57IR3fc3v7cVmMTFnfWO1w6C11ezofUqBpcKTd1vLDfdMZaWaxu45eZqHv/ZrYwvdU5FDdXAltggxk84uo3d/OKPeXTjWL7z/ENdQ25b5T4EYOgzDJtCw8iHuWf+j1h1+a3dQhQfwt/IEwtehsn3MvkIHLnVk7/GPfUv840Hf8TnJ+by+di+T86+kusm3883X1nHN8bV8NJPNzL6hu8XEJ1LM/hzM7ni3jv5+ctfoPn3T5GZfC+zij2wU/ZcjlN7JqzasJUM3ddsb0ntAU4tXrimpSx4dCPjv/0sC4Jr/frwSvEzDYZjQlCw7YmQG7UucHh/sZvuUXkZDAaDwVBI/A3+Xa7zt9D+YsJx1PbeQjHPh8FgMBgMhj6GkgItQCEQSiA0CA1oH5QLwgPbQThJrHg/9h+0eGdThsZ39rCnOYtWCTxPYQnQysbNJvH0EPbuH0Hju4PYe3AwieqhVNSOpCU9lPXvVvOnNRYfbD8TrYciRX927xHs3HMqb28+ndfWWKx8I8tbGwXr/uLx1ro2du5I4XsejhVHdcSxMqfiZM7BTg3HbRtIa4tAq3683eix/i81bHj7VNb9eQA7tp1L6/6LcawzsZzTSfuKlJK0edW0u+ew48OhvN04nPVvn8+WLefyzpYa3t2SYc/BNF5M49qtyAqNdvrTkjqNHR+ezjubBrFpywBaWk5F6f44Tn+cWCWWU0EqY+GLWjLpGvbsjvHe9jR794GnKvH9OEIksKzKkn1SHEHLthi3LpI8FdfM/9+H1zWtvUjTACz4/xyK+4wldNF4FQP/SjEF2Haw8FnDhmoGIliwMvS8oLJ4/lVZUGz8OBh4vmYKUXWXbPiDxfxjkGdiuOJ2Kfh1Y4xn1sL0UapLOOvcfpj3B4dtYU0w47DwdcHAs3QXYfNI8mGf4DXgorquIbzTb0kWRqYoePLP4Wc+JctelSyTms9dVDgUePljrATnKq4BVv5JskzBlPNDDx1UKi6tg2fes3jhA5h+oerycMGoYYpRUWOxIEdeZ7B44U+58OcNE1zqL4541SsaJCxstD5au5RBfMJXeWAqLL/rFr61dMcRp1M9biJXsJGFv1pN5iiW75jit7H8t09DxVVccn7hw+JjJzGrYgcLFixhe7hrU+v4r8dXEJ/6mUPC7fBJ/8BoljL/R+vKa4uKkdz2yL1csX8RN/zDPN5MlTi+ehz1k6Hxp0tYVerYQ2xlR3Ppo7bvWA2cy+AuQl6G5b97utyMDH2GQcy47UbO27mI2Xc8RWNrxCGtG3ni9v+b+U0T+c7XppazFHcEp3Dlrf/C6J2LuOfx3Jz5+L5PqrjsM5PIPPEyq1b+lgU7J3Hd5z7COrj9pnLzVwfx0oKvs+DFOLNmTCreJmXP5WGMnxyHp57mNztDu1pX8IuHNpYuW9MOVgFDz+pav8zKl/lF6bMNho+Fcm58l7vuYvDvqG3Bz+Ft5mVe5mVe5nXyvKL+D/T0f0nU62j8z+stGAewwWAwGAwnEQqN0rrzaWqBUBp8Dy00WltobLJuB22pFDX9bBIVdTg4uNkqhF9LTMRBa7Rqx0LjqSzKsvnCrK/wuc9+hu//4D94dvGTyHgtVckqnEQSz0uR9lLYtJOMa6ora5AxyYZ39pD2U9SdfTapjv0IOtB0oHQ1qBpQCkkLwjqAsHNPi1sijmP1Ixm3kRlFxt2P77Xgu620HnAYeNqZWNlKUqoVy87i4uGKFqwamzhZVMYjm1GIyhROtYPyNFpZaA2eUkih0UiksPGdDnzbw0KAjqFVP7ROgLBQQiCEjcZCCAdUApBo6aABbAe0BtGzS6016x06ANoFaz8UbNgkWNgBQ+oUr13vMipoK6l2uf3yGPWvWIxZIJk7XjEwBmQFGzYK1p7l88jfeIDF/d+PsWuUYnrn+rTb1losBOaOLiyEJT7pM/81zdcbKQAAIABJREFUm2tetbl6t+SmEZpEVrBqlaTxVM10juMF8UCPuZ+McelbFlMeE9x6qaYWwYbXJc/U5NykkaGQC7Btm8OyCCP08AvcXJsCxDyu/qTFpa9LdmU0t44OnRBzuWOGZNkvJfXz49zxN4qLKiG9T7Lwj4JnHM2ya7KlXdOl8hmiaJAW9z8f4/T2XB4tWyRz98FUiBCBNbXv20x9QjJnlCaBYO2rkjuaYeblPlOK3f0ue4yVqpOi/iyLqzcJkJq53RaC9hh/gQ0rc/32yNBQmud7zB8eo/5Vm6lbJLPH6Vw7tguWNUr6X5pmThcX10eoc5PFwg+hfpwqvF51zGPqMIv7GyUvtML0I1NVyqSKK777Kx6K38Itt0/jNw9OZMZVYxl+8UWcemADa9avZvGzK4A48WKuuH5Tue3upUy76yYu23Q9t107kcFxILODxj++zPqR3+aBaUe4Ju1RYs+7r7NqZR2QYfvG1bz23NM8t9HhintvLLj+LwDxsXzjketZ9cW7mXbNauZ86SqG94NM0woef3ARq/pfzxPfDgg9587ke3f/kWl3NXDZxsNtkWl6nWfXD+X2O6fSbVnrM6fy0JOZ/5+9Ow+Tqzrvff9daw81dVXPg0aQBGIQCCQkYywQGAgQGywIHjjEfmJykguxY8fOcbCT3OvkENsH2/EUYhviQMA4xAMOJoANGBSGIzPJDDJCINAAmlrqVk/V1VW1h7XuH7uraTXdUkuABvR+7Hqqas+1W3RV7V+/7+KqP7iGy/8H3PYfn+XkiSouqeP9f/lF7vqDa7jighf5+F9+jDPbU8OvawW/XjOfL3319X20HDGLFLdy/b/+gpYzW3i2u8CVF43f4/a4hReT4la+9L9auOojx9JCN8/e/E1eaVgC7H4caLb/iquWXUPXFTdw25Xz93oMVXHwSc3/JP/2vYArP/dVLv29f2XpRRezdOG7mMN6Hn96BT+/6//SzXz+4qav71oxvrdmXczVV/6Uy2/439x87s+58pj99/skf/ZHuDz7ab7+9Ra4/IsTj9c7SUlb6a/y7KxP8rV37em/gsn/t3zyH36RpT/9W/6/P/g4677wJ5zZnkp+B313A8dduhhu3cOujnkXl2Zv5OYvf462qz7CcQ3Qvepf+er6Fs4AHnhzL1uIcSn1xgrb8aaNnf52XxSf6LiEEEKIse8Hteej78c+3tvbRPva3fSD+X1KAmAhhBDiMBJrg3UArUE7yQccLBBhbYDCI5XxaWjKM1Tup684iFUK17q41qUaV/FTlrqMIogCUp7hmLnHctaZv0fXzjJD/SGZxhYac83s3FEEG6O0i+8XiEyRzi2bmbH4VLo6y7j5Zs497Rzed9G5VII+rv36l+jv24mN0ljjoklalSgHHIY/UFkIq4Ps7BmiUMjiuE2kPIVNWwb7h+gvVpJA1/NxlIvSijCO6C8ViWxMZFxc10V5WYx1UdpFW5OcA2uwRmGNj8FBaYvRCoUiDg0q1libnC8Fw/Gni0FhUKAUSisUYJXBqhjYm7Zlis/e8XqC0+7Du9stN7874iPHjBfUWo48I+SJBpdrH9Z8/h6H7cCRGTjrSMNV8+KR5U492vLV32mu/21yUs9qt1z/pyEXtO/u+CKW/U/LQ/e5XPs7zSUvwZEZy8fPiLh+tubjaw7kB1zDScsCnpni8Z1HNZfdAe2+5ZITY358Ply/Zu/6Q978lMPNT42darn5KvjI6LFqjzOc9Jxm49zXW3GPlj6myr1/6nHD3Q43PODwohk+rpNi1pwdcuSkEpc97McP+cLHFJU7Ndfe77Bdw0eOibnjD+En147/uv/siojeOx3++k7NiwaObbB865Jo1L+RiY9lcv/G9iTmtONc2KRgtnnDuLkARx5rOOsxzUMpw4I3FHgZTr0k5JkZ7sjPG+DYnOWsY2M+Pk5Su6+veePzmnuB78/bXbBtOfUkw0lrNP/xrMuyCdqov2WcaZx7zc955JJfcNMtP+HRn3yL2/oA6phz/HGc+rEv8ocfvJiT99DedfrF/8Sv22/lq9f/kC99+takkm/WMZx65kf449MObPgLsObWv+WKkZCkjjlnf5ivf+lPef8xex63NLXgs9x+92Ju/uZ3uel/X0n3EKTa53PuH/8T93/4dKaPCWtHzsXNv+Brn76VIilajlnChX/6vokrAqdezHe+v4XL/+xGrvgjn3+75ZMTh8BTL+b6O6dx8z99l5uu/TQ3DwENszhu4elc/sfv2jVgXvAJbvvLDVx5/TVccVsdJ3/hFq6c6HWe9hluvwb+v+9+j7+6skqq/XT+x9/ezNfrf8o9v9rjaRLvQC2nf5af//p93PPDH3L7/T/hSz+5EUjRcsx8Tr3qn7jq0tOZ86b/SCXFyVd8lstv/TTf+YefcO4tH2HO/vp9klrMpVe0cNt3u7n8C2/BHy4Mt5VuOWei8YvHmOx/y+2/z/V3t3Dzt2rL1THn7Eu46ntf59TVfzVBh45RUov5q1u/CF/6Lt/5/HKq2WaWfvjvuO0rBW77lfzHLQ6MvQmIR89/K/ZV2460gBZCCAF7Dl33NgB+M/s61Ch7kL6brl+/ntmzZ++XfX3q6i/ul/0IIcSBtuy8pdx5/yMH+jDectd97Zr9vs/9+T61t7Zu3UpTU9O489oWnkJ9fSPNhWlUSw5btryIVoNYAjBprE1hlSaMLY5rcb0YS4CppjBVH99VTJuSY8qUBgqFeo448ijOOvsiMrkprF23mVv+7V/47dOP0dDQgpfKEpQrVMqD1OUy1GUMUThAe3sHPcWICz/wIRoaGujp3clFy5bxub/+K7q6t0M0hDJlVOSgjIc2Pso6WOMQMUA17CWyEelMA4W6VurqGqjLFJg+tYOgOoTnguuD44P2PazjM1Acoqe3QhBq0mmfbM4nCit4KsIhRJkqxFWstVjjokjKPq1VgIG4grIh1kagolEfGjXGGEwMKINSMdbE+K6HshZjDD/895/ied5++/nvFzt8LvsXTfq9ITcvmWwIuJ8Yj7//isPNJ8ZsXBYe6KMRYkLWWqIoeuf9fhBCvCnyu2FXa264iEvvuJif3/M/93n8XyHeaXp6epg69c2U9ifGuyQ8elrt8eh7O9JNatfnY2+7W368be/umCZz3EIIIQ59+9KeebJVwGOfjxcKj/d87D7fzoB4YGA347TtI6kAFkIIIQ4jBgt61IccC5YYTIQhRFkPR2uctE8QVhgYGMTzNTPbj2DhCe9h8cJ5NDYowmoXr7zyMs15w5JT57Bxcy8rn7yLwf5NNOczRGEfoe1Ha2io16i4h7AcU5dx2bl9A0vPO48jZqdY9ewq1ry4gYsufj+lygClahEdhTg2xsfia4vjROjhetu5R03lsj/8M7TnEoYu2s3Q3JgnndKsfOJJtm0p09PVx2ARsB6prINKG4Kgn8iUiCzEpMDmcBQ4pHBjFxWDNQqNRZGUJ0ZqkFiXMDFonU0qi1UIOsIy/JfqRg1XAIO1IQ4RsQ3RNgQbE5t35sWJ/o2KO4Frpxxk4S/AesW9wCVTxw7EK4QQQohDSvUpfv5vWzj5sxdI+CvE2+DNVPm+VS2h96X691CuxBJCCLFv3mwV8Njn47V8fidWB0sALIQQQhxGjDHY2GBtjGX43howBoNBERCFIdXSIKlsmt87+xwuuOA8Zs88htde2cZ//vTf2bD+aaKoj4ZChnefuojfPvkwOweGeOKxe9mxrRdsisFSH45v8XyFiTQZzyWbyeC70D9Q5P3vO4s777ubTa/2cOH7L2HDuhfBBrgOKBRu7OFoi6MNroqxhFhCylWPTZtfIbLwwIMPM3XaLN61eB5B0Met/34rxb4qaa8BG2cxVZ903qd5WppsXqN0jHYiosgjigN8N42OHcAD66BIoVFYJwZiUCFGDRJbjVJpMBksEagYTS1cVIBFGY21FmMjjAkx1mBNhDHj9Lo91FU9rn9UQcZw1oSDpB4gxuUn/615Tlv+/tiDMJwWQgghxKQVl/+E24bO5uvnv2FsACHEflALZ8fe1+bB3gfBk9nWRNuTyl8hhDg87G0QO1HF7p4qfEdP29O2DlUSAAshhBCHkZxbhy3HqHyI51rCqEKlOEgqX0cqlUZZjdaao+bM4h//8Wts3bqVX/7yHq798lfoem0LKMv/+epXWLRoITOOnEE2l6evr4/cYInP/K+/oVgcRCkHrTXVapmnVz7FY489RqVSIVAZPC/Dhz96CdVqhm0bBpnaNpP5xx7Ld7//Peo9l0ip4fGJwcYRuUyWSrmE66YJI0V50DKwM6S3t5/X1m7jnNPfR1PddL7+9X/HS02jrhASVA2O5+PVpQltRGwzDBQNSvnENkJrl3y6QCpbj6N9BgeHMDampaWNzZs3k0mlARelm9FOA0FcpbtvEGP6qAwVsSagtamR5qYm+np6yPhpMlmPKNAUB6qk/AxBOUBZheseyuUqHt/5Z03vHMu7Z1rSQH+n5j+eUtxpLN+6LBp3LNf9w+XOWxwea7CcdpSlHqj0aO5cqbi5BFf9fswFb3rMQyGEEELsf6u458YB8nXL+c63lrP07+7i/Q0H+piEEKNNFN6Ovkg++vl4Vb5jQ+Cx25pov0IIIQ5fu6vAnSjU3VMYvLttvxNIACyEEEIcRoJSlVxjFkdpgqiM1tDYNgWAoaEhPM/jlFMW8NGPfpTvfPNbPPbYYwyWiqRSKfItDQwOFPnPX/wXd97zS84480zOfO972bx5MzfeeCNbNm0e+SIfhiHKJI+11tQXGgjDkMFymd87/33cd999hJWI9pY2+nq6eXHNarLZLBnPI441lUoFG0dYa0mlUqRSKQYHLWE5IqpYKuWQBSctIJvOsXHda+zY3k8uD57nYaxOKppNFWMMG159lXw+SQOr1SpBELBp4zaUUhw5exatra0oT7Fx83rq6xsJw5BqtUqxWKS7p4ehwQG01qQ8n6BaJptK46cLVANDLltA2ZhSqUxcLZNJZSkPFtFO8kEyDg/lNsSWk2bA9S9qbv4tbAfaffj9ow0PvTfi1KYD+doMRx7lcO9KzRd+BxsBXFg2xXDHZTEXHIytqYUQQggxKa/84NPcQDNLr/oPvnOpVP8Ksb+NDXjHqwIeL/gdGwLvbrujp9XWHTttLKkAFkKIw8NbNRbw2PvJPB7vfrLHdDCSAFgIIYQ4jKRSKdLpNK7rYowhCIKRL+rpdJrp06czY8YMNm/ezAMPPEAYhuTqsriuSxRFFAoFVq5cyYknzaepoYFsOk2pWOS5Z56hqaGBVCpFFEVgYpTWeI6TTAsD4ijiiCOOoKm+ntWrVrH0jNNpbmrmP39+O0319QRxRCqVplwuJ4FrKovv+wyViiMXC+rr65k1axb/dc/dfOITn6A0VGH58uVYa/F9H2MMrueglKJardDb20s2m6W3q2vkdTtKoYjJZXMU+3oo9vXguh51dXXs3LGN3t5eytUKYRhijEErS6VcIg6qpD2funwOx3Eol0r4roOjLEol+9fKYowhk03jOH5yLg5ZEWctizjrQB/GuAwnLany/SUH+jiEEEII8daaz188/jR/caAPQ4jDxJ7G/B1v2d2FwPu6Xxn7VwghxGTszVjAY+8nO+3NHMvBRgJgIYQQ4jDS2NhIpVKhVCollbn19VhrsdYyODjI6tWrGejvJZVK8a1vfYsnnniChx7+bzo7O6mrq2NosIQNQ0444QQWLlxIWK1y93/9F57jMDAwQBRF1NXV0dzczNBgiYGBAerr60m5Hu0drSxeeApDQ0N88A8uJYoiVv52JU8//TQdU6bQO9CP4yThbe0+CAKMMRhjSKfT5PN5qtUqDQ0NtLS08Nzyh3jqiSdAOwxVAo455hiKpUH6+vowUUihLkdraytRFDE4OMjQYJE4jsnXF+jv3cmOapV0Ok1TUxOZlEsUGV7dsJ5KsQiOQzqbpbGxkXwuR6k0RMvUZtpb2+jd2UVDIY/WEAchDuD7PnFUQWmIoog4TsJgIYQQQgghhDiUjFcFPPrxRCHw3lQBy9i/QgghdmdfxwIe/XhvA+HdbetQJAGwEEIIcRjJZrOUy+WkRbNSGGOI45hCoUA+n6dSSapmb7rpJjpa2/iTP/kTfu+8c1m+fDn/9q//SlNzC3EcM/eoObQ2N/HEE0/w2Ir/y+c+9zkWL17MM888w/3338/zzz/P4MAAf/M3f8PSpUtJ+yk2btzI1q1bOfaYoykNDvDSmhc55uijmDalgzvu/C+UUmQyGbTW9Pf3U+zvxUQhzU0N+L5PNpulpaUFrTWnn346XV1dvOc97+Hiiy9m2oyZvLppC//8z//Ma6+9xlB/L/mGArOOmMH27dsJgoBSqcS0adM488wz6ejo4Pvf/z5uymfmjOk0NDRQqVQ46aQTuPGG7/Hss8/S3d1NKpXi6quvpjo4xKeu/jwf/INLSHkeD//3cpY/+GtmzZwFNqZ/Zzd9vTsJggq+71OtlkmlPAqFwoH+kQshhBBCCCHEhCZTBTxR++Z9qf7d2/0fyhfehRBCvD3eTCXwePd72va+LHMwkABYCCGEOIy8+uqrFAoF6uvrCcMQay1aa4aGhiiXyxhjcDS4rksYhvzDP/wDs+fM4txzz+XL117Ld771bXzfp7m5mQceeIBf/OIXnHvuubzvfe9jxYoVzJgxgw9+8IMsPPlkli1bhud5XHfddfz2qZUsXryYL3zhCyPBs+/7rFq1itWrVzNv3nF0TJ9Bf38/PT09aK3xXU25NIhSiv7+fhoaGmhra6NYLPKBD3yA6667jnknzOfkk08ml8txzDHH0NDQwGc+8xnmzTuOVc8+zVevvZYZM2dy5JFHsviURZx22mkcPXcOxhhmTJ/Kz37yUzZs2ICr4Pjjj+eTV13Jb596gkwmw7sXn0JPVzcL5p/I+y76AKctOQNHWR599GF++rMfk8tkuHjZRXRu3cwjDz1M146QxkI9F/z++Wzfvo3Vq3/Hli1bDvSPXAghhBBCCCH22kTB7N6METzZ7U6mBbQQQggx0fvLnsYEHm/aZKp8D5WgdyISAAshhBCHEaUUnudhjKFSSca5raurQ2s90mrZdRRhGNLX10d7ezuDg4PcddddTJ8+nQ996EOsW7cOz/N46qmn6Onp4eMf/zjPPPMMp5xyCqtXr+app57CWkupVGLdunVMmTKFpUuXMm/ePFpaWti8eTOdnZ1s2bKF1tZWLrzwQoIo5KlnnmXz5s0EQUA6nSab9ncZp7i9vZ3Zs2fz6quvorWmtbWV6dOns3PnTu5/4EH+xx9+jD/7sz/jqaeeoq+vj1MWLOTiZRczffp0lixZwnHHHUdfTy+P/+YxWltbWXzKKaxZvZqO1lYWL17M4sWL2bj+ZVobG7jnnntIp9MsWbKEaVPaOH3JaWzY+Aovr11LX18fpy5eTGN9HmLDC8+vpjQ4wOmnv4fZRx5BT/dOnl/1O7Zs24zrykctIYQQQgghxMFtsmEv8KZbP+9pf6NJICyEEIe3fanGnUwr58mEwO+EUFiuSgohhBCHkVQqNTLOhed5ZLNZjDGUy2WCICCOY0wc4nken/zkJ+no6ODhRx7ihRdeIJ/Pc8IJJ/Daa6+xs7ePUrlC184e7n/gQc477zxu/887ePjhh3nllVdorG8glcpw4oknonBY/cKLDJbK/N55F3DTv90C1lKpVCgWi/T29rKts5NtO7YDUF9fj+d5KKVIpVKEQRJU+77P1KlTsdby29/+lra2Nnp7e1mzZg2/feZZBgaH2LJlC48++igdrW2cdeYZzJ07l82bN/O73/2OXCaLtZY1a9bw7W9/m09ceSUnHj+P1+rybFj/Cp6ryWVSPPPMM0zvaGfevHk0NNRzyoKTeXXjOnLZOhrr61m/bi2vrt/AjI6pnHbKKZx7znvZsuUoNm18lYcffpjOrVsol8s4jiMBsBBCCCGEEOKQtrsWzRONBby7x+M9F0IIIcYz2feKNxMCv5n9HuzkqqQQQghxGLHWEkURYRhijBmZZowZGYP3PaedxV//9V+z/uVX+MY3vkFX9w7OO+883v3ud/N3f/d3nHjiifi+j+u6FEtD/ObxJ3jokUfp3r6dGUceydxjj6O3t5f77v819//6AXzPw3VdFnV0YJTipltuwXdc8vk8mUwGx3GohAF1dXn6+nqx1lJXV0fKc+ja3omJQ6rVKsYYWlpaaG1t5a++8Hl27NjBQLFEqVTC9VP09A0kLawdh+3dXfz7bT9m584dYAwtrW3cdNNNVMsVAGYeMZ0bbvgXPM/F0ZpKZQhXaa7+/Oc49+xzeOihh1i5ciUnnXQSTzz2GI9+8xuccNLJFPv6efmltcyYNoX/9Y9fpz5fx0033sijD/032lE4jkM2naJQKGCVIYqiA/njFkIIIYQQQohJmUzQW3sMvKEN9Nh5E4W/e3tMQgghxJ5MdkzgvZ03mf0czCQAFkIIIQ4jruuOjMEbRRFRFKGUwnVd6urqqK+vJ51O8+STT3LbrT9iyZIlnHTyfLZt28YPfvADwjDkhRde4PgT5lEqV3BcH89PE8WW4048if7+fja+ugnHccBa0uk0g5UqR0xvo7Wtg87tXUSRwfUcDBqDxtEuvg/d3d0j7ah37NiBsjHVapWmxnqMMdTX19Pa2sratWvJZrMce+yxtLVPwXVdtnd1s/G1zaxduxbHcXEcB2MMhcYWmurrGRwcxPdTpNNZSqUS27ZuZ/acI4mqAa6jOeWUBZxz1ntZvXo11/z9/yYKQi699FLyuTqMMSxaeArK0TRMm8oF557Deeedx/pXXmbmjBmUBvqT6uQpHZTLZSBppR3GgbQsE0IIIYQQQhwyJhsCj30+Xihce36oXSwXQghx6NnbsYEn+3yy8w5WEgCLt9XZV/4Nl8xJU153H1ffsOJAH44QQhz2tNZ4nofv+8RxDEAcx8RxTLlcxlpLb29Shbts2TI2bdrEjTfeyGuvvTZSORzHMffeey9+Nkvb1GkUi0WiKKZzRxcAqUx2JGjGWFCGyMCal15m/cbXSGXryBcKpDwPAwRRDFjyhQJ9vT1YaykUCviez6mnnsqRR8wgn8+zYMECoihi586dLFiwgFKpRP/AIJs3b2Z7VzfFUpn29naq1YBKpYKJQeFglUsmk8UCQRihlENdPk9f7wDTp07l3e9+F+1trfzirrt54jcrqC8UmDPvSGbOnEkQBAwNDZHOZlGOpqWlhWnTplEqDnDt//k/fO1r15LP54njmL6+Pnzfp1JJ2j+jLVrrA/azFkIIIYQQQoi9tbchMIwf/I5+XjPR9H0lf3ArhBCHtrc6VN3XIHhPx3Iohr8gAfBBKZNJUx5uUTlZF/75Fzl/pgtbV/Cpb983wVKNXP65z3JaG7sPZBd+lC9fNpcCXTz21eu4bedsLv/Lj3Jah8vAi/fxtzdJkCuEEIeqnp4eGhsbyWQyu7R+dl0XYwyDg4M899xzvPzyy2zbvIXm5mZQljiOcRwH5fvkcjm6urqoRhYvlyeXyxGVShilSHk+juMQBAHF4gCFQoEotmzauo3tXd0EQUAYG6phhBqu1FVK4bseSiWBae1DleM4NDY20tPTw7Zt21izZg1hpcqWLVvo7u1Ba40lWV45Lr19A+TzeRzXxfPTOG4y5rHre2QLBUpDRYKBAO04pNNpwjDkveecg6s19/zyV6x96UXy+XrSmTQzjzyCxuYmdnR3EQUhsVfFRFDs72VgoI9p09/Ft7/9TQZ6+ygNDZLyPcIwxHEctNbJWMuOXJAQQgghhBBCHHr2JgSuTYO3NvidzHepQ/WCvBBCiMnbl9/1kw2CJ7OPQ/m9RgLgg8z0qR18+so/5ud3/YonVj4z6fXufrWL82dOgZaZXAjcPe5S72JGS/Io0zaLRaxg5ThLzT2+lQJAbxcrd+7tKzj4zD3zYs5ffDwd/Q/ztz+Q8FoIcXgbPSZtHMeEYYjv+6TTaQCCICCOAqrVKs1trcOhcAnHcWhuzOE4Dlu3biWTy5HO5ggslKsBjudTrVZRRBAERNWAXCZFuThAOp0mqFQoDxZJp9M4CqrlITQWx/GIrSH2XJQNk8A4iqhUhvDdOn75y1/ip1wwllQqRTabHQmjtdY4ro8xSaBcX1/P0NAQmUyGQqHAUCVgsFSitb0dG4cMDQ0RxBH5bJZyucRll13GlKntrHjkEZ7/3SoymQyZTAZjYo6eeyzZbB2PPrqCXC6XVPNi6Ozcyr33bmPVc88wOFAkikKiIMBxnJEQPTmeAFM1xMQH6kcthBBCCCGEEPtsTyEwvDGkHX2RfLxK4bF2F/IeyhfchRBC7B+Tea94M+Huof5eJAHw2+y6r12z2/mfuvqLI49r4W8mk+ajH74EYPIh8F3r2bxkCtP9VmadATw6zjLnzaS91oky38rJR8PKl8cu1MiijkYABra9wFoA1nPbN6/htskdyUFn+rHHM7ctTbl4oI9ECCEOvGw2i+d5SXjqOHheCs/zUcoZrgZ2UNonipMv4tYqUum6pDX0QNIi2kvnCWILsYJUFmMMvlbkcnncOCasDIGpYgcjCq6Lrg7ixwGhtahKQGvaw6KpVocITYzjemiVIp1OY2yE53i4rksUReRyOUqlUlJVqxwsmtjERLGlUirhulUymQypVIrBwUEqQ4OE1TKpbD3az+B4Ps8//zyeo3Ad8BxLqVQmk3Y564xFPPP0Srq3v8qMac1YqwBFc9MUGhub2bBxE7+699cceeQR+CmI4xBjDI7j0N3djbWWMEzG+XVdF8dzkqpq5WIsWBSumz6wP3AhhBBCCCGE2Ee7C4Fr82H8IHeiMHiiZYQQQoi3ylsR7L4T3qMkAD5IjA5/a/YuBH6STd1LmN6WpmPOfHh01RuWOP+oKXhElMsumUwj7Qsa4eXeMUvVqoQrdK574zaEEGJf1f4gZvQfvoj9TylnlxsHxomFAAAgAElEQVRorFUjN9CABWzSWnn4s44xZnjM4OSLu1YKA9g4wtEaYwyVUhkbVFBRlZSCXCZFXdpHK0XGbyCVyhBj6R8oUhqqoLXGKI/YQqVcxtGMVPba2FCtBlSrAaDxvBSpVIZUKoPnpairK5BKpWhqaqK9vZ3GxsaRixPpbIZcoZlcoZlUKkV/307Svks245JNuygbsX3rJuYdfyxhUKa9tYVUKoWJLa2t7Rx7zAls395NLlfHP379m8QmpDjYA0TEcUypVKKnp4eenh6KxSJDQ0OUy2Uq1WD4nCUtta21KO0cgJ+yEEIIIYQQQrw19hQC15ap2VMYPB4ZOkcIIcTeeCvbQr9V2z8YSQB8EBgv/K2ZfAjcy8rOXk5ra6Qw5Xjmsmq4erdmCXPbXaCLtetcTjqhkea2hcCDu27mjCk0ayDoYsN4VcRCCCEOabWAcrwxmWpjAtfGBa6Nx1ubt8s2tMaaGBNVMAriOCKuVnBNRM53aczlKGTTpF0H13EwJiKolqkGESaKk/A3jKiEAdUwwhhDPp+joaGB5uZmmpqaqK+vJ5/PUygUqK+vp66ujkwmg+d5lMtlBgYGGBoaolqtMjQ0RHd3N6VSCeVogngD5SAZU3igvwdMhIkrOCom5TvkUi6zZh/BYyt+w/PPP0+lNEQul+Oqqz7B448/zjPPPc+rr76K43jk8zk8HzJZj2w2Sy6X4+hjj6GtrQ3P8+js7OTFF1/kpZdeYvv27UmFtQKlNead8XlRCCGEEEIIcRibTAg8etmafVlHCCGEeKu83UHxwU4C4ANsd+FvzWRD4LUvdDEwv5FCYyuLmmHt6PF7F86iIwP0dvHI8y6zTmik0DqDs4HloxZbNKeNDED3a7uMI3z2lX/DJXPSdK78Il/+6ZgdN8/nkmVnctpRrWSG/0WFpS7WrrxvTAg9ufWee+B2Np1wBZfMSVNedx9X3zB23N5GFl30fs5fOJuO3PCKUYXOV37LfXfeNzJuce2YazJzzue6r50PMGa7U1h62cWcf1wrhdqBmIhy9wvc+4+373J+hBDiUDde+DuR2pf12v0uX/qVwUZJRSzKYqMYFYekfI/6TIrGfI58Jo02MUEQMNjXT2//AJUwIF2Xp6m1laM7ptMxbTrTZ8ykvaONXC5DLpcjk8lgraVYLNLZ2cmmTZv43e9+R2dnJ8ViEWMM8Pp4xlprrLVJC+hKBe06DFUNlRCampqIoyomCnC0JZ/zqMtlicIyN1z/A845+2zOOKOR6lCZ97zndHK5PP/+Hzew5oW1FItFgiimra2FTNphqDxAGIakUikKhcLImMHTp0/n6KOPZtq0adxyyy0opfA87w3BuRBCCCGEEEIcqnbX7nlP64wm35GEEEK8Hd5scPtOCn5rJAA+wC79wPt2G/6+vtzvs2r1GsrlysQLPf0Cm94/l3n5Vma8B7jr9Vlzj2+lwPC4vk/n6Vw2l0KmjbkLYfnTtaVmc/KUOgA6tz45uRfQvIRPfeJ85uZJQtPeXvqrLvUtrcw784N0jO0wPXq9Pz+fubk3rrdo2RVM3znBeszlQ5/5IEunpofX60rWa2uk49gl/NG0Vgr/8COWAwPdXXTm0nj5VppzQKmXzmISFpS7iyPbu/xzl3Famwumws7OXkKdob6pjkzbFDomdxaEEOKQUavwHfule3RlcK36txZg1m67TI8NjgLXVWAMjgupVJq6jE825RJWBtnR28VQqcQRM2ay5D3v5sT5J3Pc/Pm0tU/BaE1/qcK2rm42b9nKls1bWPPi86xbt46NGzdS6ukBpVCpFFOmTKGhoYFUKgVAsVhEKUUcxyPj79ZaLkNyQaGxsZFUrkAURRT7qwCk02kKhTwN9XlMHNDfX2LFbx5n8aKFzJl7DI+ueIy7776bnr5+Muk6mlqacf00KEO5UsKiyWTrSKfTxAa2bO1kaGiIbZ07KA4mFcSxgTAy6CAaqagWQgghhBBCiHeKfQmCx1tfCCGEOBi8k9+XJAA+wP7lltv4i6v+mGlTJo4ay5UK/3T9TbsPfwF4mrU7LmBePk37EefwenvnRhZ1NDJ6XN8NXecwd2YdHcfPhqfXDy83n/ZGgF62PzNRcjtaI5d87Bzm5iHc+QK/+Ncf88hIcDuF8//4Y5x/bN3E6+UmWO/KK7hwzvih+GkfvzgJf0vrufvGm7lv8/CM5vn80RUXs6htLud8fCHLb36alT//ASt5vRK43PkkXx5bTXzemSxqc6G4np997+ZRx9HIooveRWESZ0EIIQ4l41Wljhf+KqVGxv2thb+O42CtJY5joijCxFVUHOJiyaZTNNVnmdrWypFTp3L0nFkcf8wxHDljJlEUMTBQZNv2Lpb/+n6ef/El1r26ie07++gbLFGpBhhjyOYygEFrTWNHx0ioW6lU6O3tpa4uCV/r6+uJooihoaGRKmDP85JxfI3BcX3KYUxfTy9hGKJsTCaVQmudVAkPlcll02hr2bjxNV544QUqQ2Vc16exuYmWtg4cxyWOYwb7e4jjGD/lkHJdrFUMDVUwxuC6Pk1NWcIwZuXKpwnDENd1iWNLEEQjYbsQQgghhBBCvNO82SBYCCGEOJDeycFvjQTAB1i5XOE71980YQhcC383b+2c1PaWb+jiwjkz8JpnsBR4BIB3MaOFXcb1vfvVLs6fOYXmjvk0s56dAOe10gxQ7OLZlyexs4XvZ9FUF8w2HtslxAXYxn03/YIZf/1RTmrcy/VuuH389TifpcfWAb0897NR4S/AzlXc8tB85n54LoUZx7OIp1k5iZdAQxoPoLhtzHH0svKu+yazBSHEKKcuWgBMZtzyt2Y9sfc8z8NxnJEPOeN9aa+FvcVikUwmA0AYhoRhiNaaarVKY2M9s2bM5Yjp7bQ1NzHniCOY2t6G72gq/f3s2L6NJx97nId+/SCvvPJK0r65XKYSRmgvjXJTpFyHxkKeMAarIDbRmPGHHSAJrIMgolQqE8cW3/cxBhzHw3E8XNfFcTwgqXAOKxXKlZAgCPA8D8/xUFiUAcf3yKQz+J5HuVTEWksul6e+0AxAOajip13K1eSPrrJ1OaIoxNqYIDYoY3EcB+16RHFMabA0cl7TuRRBEBAbSxRGSUguAbAQQgghhBDiHWzsBXQJhIUQQhyMDofAdywJgA8CE4XAexv+AnD/a2w/ewbTc43MPRoeeRk4bybtml3H9f3NNjrPmEJHyxSWAncAZ89qxQMGNq2aVHjaPDdpKx1uXsvPxm3ZvJb1PRVOaky/JeuNvI4dG7jjhXFWW7mNnRfPpZBvZC5MLgBe38vAolYKU0/hby8b5Ge/XrHr2MlCiElramwYGbMcJh/mnrpowch6L6/bQE9v39tyfCKRy+VIpVK7hMBxHI9UqxpjCMMkPK21WS6Xyxhj6Ojo4NRTT+W4447jqKNmU5f26O/uZN1LL7J8+XIGenYSDJVwjMFVYOOIuBqgtcZxHPK5HGkLoYUIh8haHJKW0pEdDn7VcJVxZIgjM1yVrFFogmqIiS0mtq9PVwprIBzVctnwetvqKIpQ1uI5GmMs1UpEWC1SxGJtjHbAiRwcJ8bxXLTrEkUxDI93XKpW0CQtr5PzZYlNDCSV0QwfbzWIqAYRSqmRqmQJgIUQQgghhBCHm9EX2CUMFkIIcSAdjqHvaBIAv80+dfUXJ7Xc2BB4n8JfAJ5kU/cSprc10r6gEV7uHQl2dxnXd+cqtvcupKOxlVnnAffPZ25bmtFtovfkpPqkKmygb8NeHeG+rjdSrdu2kL//2sK9W3ciK+/hvmNbuXh+Ix0Lz+dTJ5/DwNa1PPbIfdz97GTaYAshanp6+/jRT+/gox++ZCTQ3VMIPDr8/dFP75Dwdz+otXmGJPgNw3BkWi2sdF2XfD5PFEU0NDRwySWXcNFFF9He3s6GDRt4/PHH+eEPf8hLq1dR7NuJsgZPQV06TT6bIZdycT0XBwftecmXfmMAhQGwkGSpGoMhxqAtKNdNgt/httO149VaAwxXAgeEYTjS8rnWJnr0OuhkHdd10cOvO45jTJSEvliDMREYi1JJRa+X8kmlPVwvqSi2WmGsITIxNo4BcEa1ya7tqzaecu2+diy18ykXPIQQQgghhBCHq/EuvMt3JCGEEG+Hwz3sHY8EwAeRWgj8//zR5fz8v365D+EvQC/3vdbFaW2tdEx9FzDIvKlp3jiu73qe3TbISY11dMxaAs1T6MizS5voSYv2LSgNg/V7Xmg8pV46i9FuFuhi8kW8vTzyo2/xyPRTufz97+LkWa0Uph/P+ZfP5bSTH+SbN6/Yi20JIWqB72RC4LHhr7R/3j+KxSIAjuPsMr5vbRokoebg4CCe57Fx40Zuuukmbr/9dkqlEl2vvYbO5TBxiOMofMfDRhGVOEIHESkvJpv2cXQKrUKCMAZjkx7PWBwUVitcFEZZHJKbwRJHFlAjoS4wUsVbC1mVUsPj7MZUq9WkwnfUB7xaRXAcG5S11C4tWCzJUhqsTe6xxHGEMTGGKgZLylpiLMpRI5XJWINSOgmuGb6ppHI5tmCMHb6ZkWpqrbVU/wohhBBCCCHEGHKBXgghhNg/JAB+m133tWt2O79WITx2uc9/5hPjLjcZO5/pYueiVppbZnLhwjIdGcYd13fluh18+Pg6Mm2zWPSefDL+7+g20XsQDV/XztYfD6yY9PHV1qtvXLJX61EeDn2LG/jyN38x+fUmY/MT3HbDE9zGFE5bdiGXLJlB4fhz+JP3r+Cr97y1uxLinW4yIbCEvwdOpVIhlUphrX29Sna4wrZWseo4Dr7vU61WSafTVKtVuru7AahrbR1eJkscJ+Gs6/soa7AKAqOphhbfNbhWY9FYZTDD1bHGJFGsQaGswlHgKkA7xDYJgEdaOQ8HqrUxiX3fHwmpa9XLQfB6i2mtk1DWYInMcOirnHHOggZrwILrpEiyXUMcW6pRjKtBq2R7CoV1NBqNM9xyerwxruQihhBCCCGEEEIIIYQQ4mCh97yIOOS8/AKdRcBvZe67k/F2yzs2vHFM3Ec30RkA+UaWzmoFxrSJ3oNHXu0iBDIzjufC5nEWaD6Hk2ek3zD5kc6kYjgz43jOH2/DE6zHi8OVvW1T+NB4+3tLbOOxO3/AvesqgEvz9CVv146EeEd7YuUz/OindwBJEHzqogUj8yT8PbBqYWrtNrq9sh0JaQ2VSoVKpUI6nSabzeL7/siylUqFOMlPiY3FKBfluBgUYWQII0sUD4evjouxaiTMjaKIKAowUQixQZMcj+vq4ZbOPko5WKsAjeelSKezpNNZPC+F1i7GMHKzVmEMxLEduSXT7ZjXBNao5GZtsh4KtAKVBNWRMcTGYIbPk9IaPXyOknPlorWL43g4jjfyXGsX0CjljNxGPxdCCCGEEEIIIYQQQoj9SQLgd6RVrN1RAdJMn5oHIjo3jFdp+yAbugHydDS7vLFN9B7c/wIbyoA/g6Ufez+LRoeyzfP5oyuWMMsfZ727VrF2eL1zPrMX6738IM9tjUBP4bQ/uYyl08fMb57PJVd+lr+8dNfJy3uTdqeZhinMHbPKoos+yIcWTRkztZH6VFIcP1TcNs6BCCEmY2wIXCPh74GlHQelNSiFsTYJPIdbJWvHScbA9Ty045AvFLAkgW+5XE6qfYfHB4akYtjxPbTrYNAEkSGIYgJjia0mHg5WY+sQG00UK4LYEEVJta21FqsYCVhTqRSe5+F5Hul0mnw+T1NTE4VCAa01Q0ND9PX1UalUiEyMdh0cz0U5mtgawjgitEmAmxxfcozJWL9qJPx2HR/PTeH7PtYq4jh+vR221bjKxdEujnJwtEYNf1xSo8YAHlsJXHs8enotfBZCCCGEEEIIIYQQQoj9SVpAv0Mt39DFhXNm4PkumG1suH/85R7Z2sXZU1vJTNAmevdWcNvyo/nL359NYeqp/NFfncQl3UWGyFDfUkfGdLF2c56508dW806wnpenuT6NN+F6vdxx64NM//Pzmdt8PB/69DVc2N9FfxnI5GnOp/E0dHaPWe2ZbUlL7Ob5fOrvZtBZ8vB6VvD3N62gMHUuS8+Yz9I/qLCzu0iIS31LIxkXKK3nkfv2cZxiIQSwazvo0ST8PXCqJsK6GutqjKOwriaXzaG1plKpUK1WsdbiOy5hGCbj7gKu66KUGglKjY0wNkZFgHaSEXWVJbRQqoRoFRCmUzjKJ7AxkMIow1AwRBiGZLNpXDf5a59qEBBag6/NSAAcxzGVSoVi/8DIOL+u65LL5XAch2oYJO2hHQflJK8ljCKssniug2scfAvKkpQqGzDEbzgfjutgrcZGATrWeHikSOPhoawCDFbHKGIgQiuNVsOhrgLHsbhArJJbEESgkyA4srEEwEIIIYQQQgghhBBCiP1OKoDfqe5fz+Zg+HH3Nh6ZYLGdzwy3VWaCNtF7sPPhm/nmj1ewekeFkDSFtlY6WlzCrav42feuY3V1L9arh/Ie1mPnCq7759tZ/mIX5Qgy9a10dLTSkXeJitt47oHbuf7nY9Z5+XZ+9vB6dgZArpGOljQESVXw5hfXs7m/QqjTNHe00tHRiBsO0vniCm7555tZvvMNRyCE2EujK4FBwt8DbbwqVqter1ZVSqG1RnsurpvcRreKhmRZjKWWg1priYereYGkFbSF0ChCawljCK0iQmO0S4SiEsVUwohqFGOVxvFcXN8DrQjjiEpQJQxDrGKX47Bx0p66ViXsOM5Ia+laJXEYhlTD8A1toK1Vw7dR04bbQoMebjs9fC5iCwaINZhkunaSm9J25L52q81zXDVycz2N68lHLSGEEEIIIYQQQgghxP4lFcDvWA/yzf/3wT0v9vKP+fur97zY8hu+wvIJ5u189j6uf/a+8Wfu43pn1x6YaJwVV3HHTau4441zJrT6nptZfc8bp699+Md89eG92JAQYp+MDnwl/D2wlFJvaE1sa62gjcFaOxL42uHWybVguLYskIS9engaSaWtUgqLwmCJTEwQR/hKU44CbGzQWhNhibBgYuIwaf+sXQc/5RNbQyWKqZYrBEGAshbHdfA8D0fpZPuxgRAclbSxroXRzvCYvWYknLagGAmlGWkMPfpkGGIsFovB4uhkeYMltgZjkteqtMXRCovGWEXtf6CS/2uFwqDRaPP6eTZJsv7W/xCFEEIIIYQQQgghhBBiNyQAFgeh2cxuSto/7+x84gAfixDirSLB78GjFgDXAl9jDHEYEYbhyPwwDCFO5o8NMZWqBaBJrGqGw1alFRpFbJMAOIwjrNJExqCwWGuIrRkVssYoY3ANaGvQ2sUoMI5CORplQbvuSBgdxzEaRaFQoFQeIqgESXjsJ62kwzhKtuc4aAuxGX3c4wSx1lLLh622WK2xWmEUxLw+Tw1XCitlUYqRW3IeSaqK0UnErN3knCmFVUm4LIQQQgghhBBCCCGEEPuTBMDi4LPoPcxqBOhi028O9MEIIcQ7y0jb5+FQVymFGa7+NcaMzDfGoIbDYTVqXcY+thZDMqaEUgoDKCzB8Li9aBcv5WNjQxRFRMZgtQLPwRpDEIVUwoCyjdChT2xIqnwVuFqDTo5Hew6uBcdxcByHKAgJw5CU1vjD4xNXq1XiOMb3/WQMXjVO1S+wSzWwSp4rpXFcF+1qlJOEt6+/cD0c4yqSrFsN58m1CujhoFdplNZJsKzU8GwJgIUQQgghhBBCCCGEEPuXBMBvs09d/cW3dLl3isv//LM0b3qYO+58ms2jpk9fdDF/eNFcCkB53dPcJ2PwCnHIuO5r17wl2zncfh/ub7WxdB3H2eVxHCaBbW26tRbiJBCuVQCPbRsNrwfIMaCdpDI4NgZrYnSscY0eruCFahxSiQJc18FNp5LW00GVarVKGARoa8Fxk3bOqKQ9cxSBtmRSKVLpFDY29Pb2Yowh7afwPR8VWyIToeIktLZxnFTzTpi91mYkwW8t9NY6Odba85rkOSild5n2+uPXz4fWr7fXtjY5N0IIIYQQQgghhBBCCLE/SQAsDox0I3OXXMznT7uQcn8v/VXI1jdSyCT/JMOdL3D37SuQ/FcIId5a6XQarZMgc3Sg6zjJWLujn8NwtfBwdXBtndHr1ULTarUKw2MHG2uJwhCNopL0YgYYruR1UY7G8VwiYyDSaNfFYEnnsvh+GmUsQ0NDVEpD1GWyFItFoiDAGJO0mI5jXKVJeT5WKcIwqQZWSkFsR7WtVqPGNVavH4N2kvA5jimXy2SzWdKZFEEQYIyH7/tYGxNFEdZaoigaDsq9keppY+zwcpYgCHAch1Qq2UYcx8PnBcYde1gIIYQQQgghhBBCCCHeRhIAiwPikYeeoLB0HrNb6sg0tpIBMBFhqYsNzz/JHT9/YpfKYCHEwU8qdw8NWus3hLh2uGWx1jqp5o3j4XF+dw18R1f91sYAjuKYOI4xUYROeWSzWYIgoG9oKAle3RTGGiqVClEUUVdXxxGzjqBcrbK9awflagXP81BY0uk0lUpAxk9RV1dHWKlirSWTyVAtlwmCgGw6Qzabxfd9BgcHCYJg+IUlwXAmk6FYGkS7Ln46RaVSQSlFJpMnjuPhNtHhyOvNZDJ4vkscxwBkMinK5RLlchnXdclmsyPjJLtu8pqr1SqlUom6urqR+bWQGBjZ1thKYiGEEEIIIYQQQgghhNgfJAAWB8Tmlfdw/cp7DvRhCCHEYadSqeD7PlprPM/DdZOPArXgN6mWdZJq23FaKNcCTa2Syl9tDKG1zJk7lw3rXqFrsEQunaEuk2VwoEhjQ4Guri6MMTQ2NlIoFFi3bh2l/n4ap3RQKBQYHBxk2ozphEFEsVIlKldJ+T4ZP0Xv1q34+QLTpkwBYxkYGAAgiiJia0hnMziOQxCF5NNpBoeG8NNpoihicHAQpRRtbW00NDTQ3d1NpVIhm81SKBSoVCp0de9AlzRNTU00NTWRyaTJ5/MopSiXy5RKJXK5HI7jMDAwCIDnedTX1xMEAb29vURRNFI9bYwhDMORMFhaQAshhBBCCCGEEEIIIfY3CYCFEEKIw0yt/XEcx0nQO2rc21rFb3LbtU30LuPeoij2D7BgwQK+8pWv8MRjj+P5Dg89uJzXNr7KCSecwHnnnktfXw/19fX86le/Ys3al1i2bBk7unfQ1NLC4OAgjz/5BJs2beIDF17EvHkn8MNbfsRTTz7J0bNmc/EHlnHXXXfx0po1HDFjJhdccAFzjzqaV155heUP/TctLS2ks5mkEjiKWHDKQr7xjW/guh6ZXJb/n717j7bsLOt8/33fd17Wdd/qlqqkiqSqyI1wC5dcwDRCQ1QkIDjQgzfsZgz0KOoQB8fjiBwPo+3RA6VbWhl9aBVb26ZpNNpBBA0mQkBCAlQSksqlKtT9vqtqX9dlrjnn+54/5lqrdoUgIGFvSP0+Y8yx91pzrrneOTe1alO/PM8z6Gds3ryZ3/3d3+UrDz3Arl27ePjhhwH49V//vzhw4ACNRoN/+Id/4ODB/bzjHe/AOcfRo0f5q7/+S8qi4Mfe/KNcffXVHDl8jLvuuos9e/bQ6yxTq9WqsNwYgoEyH9ApcgDyPB8Hwivvn4iIiIiIiIiIiMhqUAAsIiJyAYnjao5tURQMBgOKohhXBK9sD22MGc7R/fqiKKIY5Bx44qucmZ1l48b1nD19hs2bN3PDdddx6623curoYX7hV36Fbdu2sWfPHv7oj/6Id7/7NwkG/uzP/5zdu3dz/fXX88pXvpL5s/M86+JLOLxuP61Gk+nJSY4fPYr3nk/fdVc1s/cV38/nPvc5PvPZuynKglt+5Ed49atfzemzZ3jv+36XRrPJi1/8YihKnnjscZwxLC0ssLywyLHDRzhzapatWy+hWaszd/oMc5xheWERZwxZr8exY8d46KGH6C4ts3XrVlr1Bvuf+CoPPPAARw8fxISSdrOOMYbl5WXq9TppPaUsq5nB1losjjiuKoAVAIuIiIiIiIiIiMhqUwAsIiJyARlV/cK5GbXGGIYjfcfhb7Uxrgoe7Tv31VMMcpwxtFotHn/0MaYmXkK72eTUiRM88vBufvonf4rl5UUu3fYsdu3axfHjxzHGsHfvXpY6y8zOzvLsHTt57nOfy8f+9+2cOHqcFz73BZzcsYOFhQV8UfLGN/wIRw4d5ktf+hKxi/De4wmk9RpmMGDPnj3Umw1qzQZLy8tMr1/H0ePHKAdVNW6zXmNpYZ4H73+A40ePEUpPked0lpdZWpyn1WrhLDhjadYbbL14C/U04eTxYyzOL1DmBVu3XYzBU+QZR44cGc8lnpmeHIfp3vvxvSrLUhXAIiIiIiIiIiIismZM+C79l8l9+/axffv2VXmvd7zr3avyPiIia+31r7mJ2++4e62X8bT7/fe+Z9XfczX/nvpWHTt2jJmZmafct/F5NzI5Ocm6desoioKTJ09iraUY5OR5jvce51xVKewD3nuC91Xw6v2KELjE+6oKeLI9QVEUTLUn8KEgzwb4oqoubrVaLC0tEEKgnw+Ym5/n4osvpp8PcHHE5OQkjWaTudNnWDw7x0x7kqWlJUyASy+9lFqtRr/b5cyZM5RliY0iOr0u/UFWtVqupdTqdYI1zC3MMzU9Tb1er+YXZzm+LIiiiNOnTwNQr9ep1+tMT08yPz/P9PQ0g0GfPBuwYcMGnHPU63X6/T5FUVCr1Wi26lhrWVioriNJEkII41bPo3baoxbZo6pqqGYA3/6/PjwOhEVERkII580QFxEBfTaIyDd29uxZtmzZstbLEBERkafR4uLi035OVQCLiIhcQKy1JEmCc45+v0+32yVNU+q1GkmS0Ov1GAwGhBDIuj3SNCVyjhCqMLher5NlGT5YiiimV1qWziyxftMmllxMd7mPAVySMnvmDJPWkhVVtbBxlsb6TRw9vcD6zRcRp3WWc8/y/IBWfYoN6xOOfvUJkiRhZmaGM7OnxtW1IQQGgwGDssBGjnyQMRJV7cEAACAASURBVDU9zWAwoLu4SJQm1F1EtrhE2e0RjCfYQKPR4PjsURyGqakparUaZVHQ7XeI04hOZ4l+v08oPfNnzxJFEd3lZZyp7pMf5Bw/dAZXq9pk12o14jjGDe9Jr9ejVqthraXf74+fH1UEi4iIiIiIiIiIiKw2BcAiIiIXkFGb4pUNQEYtn0eVv6Nq3yiKMMZgrcU5x2Aw4PTsLK12u6p8DRaCIUqrFsxp7OgsLZKXOY04IWnWWFicwxpLmqZYa+n1uiT1lO7SMkVWkKYpuIiFhWWWTh2n3WgyPT1dhdFZH2st3nt6vR7GGOI4ptfr0W636XW71Tqdw/pA8AFrLYN+FxfHeBc4dvQo08Nq6MXFRRYWFphot6nVagz6GSZAkiTELgJrqdfrlGVJkiREUURZlqT1BjaKiNOEOI7pdPssLi5y0UUXEcUpnU6HPM8xxuCDpyg8GH9e+2wRERERERERERGR1aIAWERE5AIyql611o6DX+89ZVmOg2FrbbXfOoDxXNsQApNTU3S7XSLvKb0ntgkzzTadMydZ9gXWGlJbUnYHNJxhsDQP9TqBAR5HCvTmZvG1BhMbNuBCzvL8HCEfYCjpdAbEccz09DRpWoWrWZbhnCPPc/r9Hs65qgp5uO7Rlud51cK5WcMXBf3uAAaevDuoKp+jtGpF3eljvKHVaA6v2eAxeB84cfoM05NTdLIBZAOccyRJQuED3aVl8jwnTVPWbdjI7JmzdDqdcbg9mv1blB7jAhAUAIuIiIiIiIiIiMiqUwAsIiJygRm1KB59LcuSwWAAMH4+hIDPq/m5fth+ud1uc8stt/A3f/M3RInjZTd+H7U05U8/9CFmNqzjZ9/60zzx1T186UtfpAwll2zZwi/94tu57aN/we6vfIUoTbniiit4+9vfzvJih1OnTnPfffdx8GCP177+jVy6dRsLp8+ye/du9u7dS6fXrVo4Hz/OD/3QD/GSl7yEU2dO88lPfpIDhw5yyy238MQTT9Dr9XjTG9/Etm3bmJuf49N3/yMnjh3n0ku3c/3115P1M/7pns+z76tfZefOnfzAD/wAc/Pz/P3f/R2dTocQAp1uF2st7/ilX6Hf79Pr9Xj88cfZs2cPlz1rK89//vNpNBqcPXuWPXv2cPDgQV784hezY8cOjDHs3buX3bt30+v1xvd1dK9FREREREREREREVpMCYBERkQtIv98nSZJqFm5ZjquAR/NqR9XBeZ6Pg+AQAlmWsW7dOl71qldx55134pzh0mdt5eorr4KQ02jUeOlLrmWQdfnKg7tImm1+6Rf+T2q1Gi9+ybXMnT3Npk2bePvb384f/MEf8MTjTzA9vQ6AVqvFFZfv5PC+Axw9fIz9+/czPz9Pvdng8OHDeO+5/vrrsdbysY99jCNHjlAGz5VXXEm/3+dvbr+dPzx7ll/91V/lE5/4BA8//DCT7Qmmr5lg3cQ0f/LXf8quXbu46KKLuPLZVzI9NcMf/9GH6HQ6FL6kVqvRbLaot5pcumMHH//4xzl06BDLnQ7P2rGDn3/HL/H//Oa7OXr0KK9+9au58upreGzPE6zbsIn5xWWcc0yv28COZ1/BV77yFTwWjwXAB79mP2sRERERERERERG5MNm1XoCIiIisnlGFL4C1liiKxrN+gfPC4NHzIYRxq+ilpSV6vR5FUXD8+HHm5ua49tpr2bRpM0eOHOXs2TniKKXZmqIxMcnDjz3Oi6+/gete9nKKMvDEV/czNTXDD/7wa/mN3/gNXve6142rZp/73OeyadMmWq3WuOXzZZddRqvV4o//+I85ePAgv/Zrv8brX/960jSl16/WwXBO8aaNm8atmCNjSaKEmou54SUv5fLtO0iiiH/67Gf5xMf+hv/8e+/nRS96Edu2bcNay8nTs/SzjCiOueTSZzExM02OZ255kUcee5xOt0eapkRRRFEUFEVBvV5nx44dXH311XS7XT772c+eq54ezlEeVQKLiIiIiIiIiIiIrBZVAIuIiFxAzDAsdc6N5/oWRYEJ5/aNZv46qtDXAGmaUpYld9xxR9Uyush59NHHOXDgEKdmZymKgiufcyWnT5+mPbORjRs38qE//5/s3r2ba665htOnTnHizAJ3f/4+rr32JVgMDz36GA89+hiFh133P8j66ZlzM3eLgsjGnDhxgk2bNvHsZz8bYwwPPPAAjzzyCP1+n71793LmzBmSNCXPc/7hzn8YVzgPBgOOHznKI488RtbNaNaalGVg4/pNXHLxNv7iL27j8OGjzC3MU5aeyYlprI34+Cf/jvu++EW63S4hBJY7PT515z/wile9knKQMzc3x+N79hLFCfc/8CCf/szdtNttkiTh2ZdfwdGjRylKD0YtoEVERERERERERGRtKAAWERG5gIwCyVFl7ygENuFc+2drbbXfh/OqhXu9HnfccQcA3V6P5aW9OBcRjCMvC+a/9EBVJZvEnFk6wPzCAmVZct/9D5HnOcXAs/fAUeaXepw9fZpikBPHMRDz4f/5US5aP0MrrdPtdun3+5h8wNTUFP1+n4ceeoj777+fQVlgjKFer3PXXXcBVTg9GAz467/+a1qtVlUd3Olx7xe+wN49e+j1epTeE6xh9+4lHtvzKGUI1JsNut0OzWaTWrPBcmeJhx56kEAJNhC8Bwy7H3mE+3c9SLvVoigK+v0+1lru+/IuJicnOTF7uqpEHioCGKoqasW/IiIiIiIiIiIistoUAIuIiFyAVlamGmOww+pfa//56RCj143mAjtX0pqYwg8CeZ5Teii7PUoCU1NTJGnK0uIihe+C8cwtLVGr1ZicXsexQweZn59namKS9Rs2YPA0Go3xe6T1GgcPHmTbtm3UajW63S6D3gBrLVNTUwDjWcVRFOG9p9vtsri4SBQMjbhGp9utwueiIKnX8N7TWVwky3M2xBHNZrOqaB4M2LhxI/v278daS7PdInKOvCiopSlpu4YvSwAmJiZot9t0u116vR69Xg9rLY1GA2AcoI9CdhEREREREREREZHVpABYRETkAjYKKp2x4wrg0czf4SjgYS3r+eEvxtNqNnHO0V1eoNFuYawjbTSJkphOt8vRo0chBAiBtJ7SbNWZbDVpNBocP3yIyBmedfEW4shy5OBB+p0upvDEcUyWZZyZO8vExAQnT55kcnKSVqvFhJtgaWmJM2fOjFtZG2MYDAYURUGj0WByso0JFp/l9PMM5xz1WoMyeHpZD+89GzdtoNaoMchzvC9ZXFzg+MnjTE9P4wG8JwDWVHOTB3mfEAxRFJENChaOHqcsS2ZmZmg025RlSTkMiDEBY4fzkzUDWERERERERERERFaZAmAREZELyCgwHRnN/bXGfs3zxjz1DNswDHUJOa00ZsP0BiZnpinKwNGTp1hayGhPTXLt857D5PQUg37GsWNHmZ87QxRH+EGH5z3nCmpRTHd5kbOnTjHZSNl+ySXU08Z43vD84gKdTocQAouLi/T7fSZnprnqqquwkQPg0KFDLC0tcdFFF7F+/XqiKGL//q+yMDfPRLPFlks2c/jwYWxkaNZbVShrDVu2bBkGwn0WFhawsWXn5Tuo1WqUZcnJkyc5e/YsSb3GlZdfQV4Ejhw5VlUSJ8m4yndUeRxCGFdPO+dwzn2Hf5IiIiIiIiIiIiIiT+2f7/MoIiIizyijcHJU+fvkLYQwrgAGzguF4fwq4LzXZcvGGX7u3/4ML3zOFfzUj/8or37Fy7lo3QQXTU/yM295M84PeNYlm7j5lf+KFz/3OWSdJX7qx9/M9ks2MVF3XP/Ca7jlB1/J3OxJrr/uJdx0003cfPPNXHfddaRpOl5DkiRcfvnl3HzzzbzsZS9jYmKCbreLc44XvehF/NiP/RjNZpOJiQne8IY3cP2NN7BpyyZ+5t/8DGkj5fv/9ffzsptextS6KZrtBr/0K+/gBS94HtPTk5RlzuZNG/iJt/w4wRfceMN1bFg/w7O2XcJbf/InuOHG6wghMDe/SD/LcVFCFKdEcYoPBh8MGFdV/T5psy5e3R+wiIiIiIiIiIiIXPAUAIuIiFxARnN+V876HYW/I6OQ19iq1XN4ig2g8AVFURAnjnXr1lFvpPhiwOTkJFdeeTmxNTy0axf333cf+JzLd17GReumeP5zruSef7qbj/3FRzhx5CBX7bgMR0m7Wef5L3we23dexlJnkd27HyKEkql1U2RFxuTMJBdfvJm//eQnuOOOO9h1332cmp1lemaGTRddxN/dfju333YbjWabLZdczMHDh/jCfffyhjf+CP/6Na/m7Pwcux99hHq9jnGW1kSbTqdDt9slSRKmpqZ461vfyuzsLKdOneLYsWN8/vOfZ3Funuuvv55LL70UYwydToder/c1gXkURU8ZqouIiIiIiIiIiIisJrWAFhERuYDUkhqRjTAB8AETwAQIhPPaPVtrKfOcsizHs3a995Rljvceay25dXSiOv1kinRTylwRUd+4lfj0EkdOL/Gq9Rfzq7/+btZPz/DI7oe5+647yXPDZz97D7/4C7/MuslJFuZm+czn/ompmWlcEvG3n7idTZsv5rKdl/Hm/+PN3HHHHWRFRlpP2H/wABddsoX/97f/HUePHuX4iZN84hOf4IkDB3i5h99+/++zceNGDhw4wMO79zJ7eoE77/os/+k//ScefvhhHn3sqyx3BhSlYeOGLdTSFs++4jnkpaHwcOjgEf7rf/2v/Ju3/Vt2P/IYLkp4+fd9Hzaq0Z6YptFosLy8TBRFbN26lTzPybKMWq1GFEUURQHwNRXVIiIiIiIiIiIiIqvJhO/Sf5nct28f27dvX5X3ese73r0q7yMistZe/5qbuP2Ou9d6GU+733/ve1b9PVfz76lv1bFjx5iZmXnKfVueexMTEy2mpqbIsoyjR48O59kyrmQdVa3mRYb3HufcuGK4LPOq6tUaolqdKK1jTcS6detotCeGIXGJwZFEEUnkyPpdFs6cZuHsWYpBlwhPREliDY16DRc8Bw4eZOeVV3FidpY8z6mlDYyzLCwsVGtylqLwlCHQbk8yPbOO2dlZlperNtDtdpuJqRmOHz9eBbHeYwpPHMc0m03ml+ZJ05QkSQiUTE9P45wjiiIGgwFFkVOv1+n2e7RaLZaXF/HeMzU1RVpv0s8KFhe7WGtptVokScLy8jJxHFOv1/He0+/3ieN4PCcYqnt69//+M+JYraBF5HwhhKqLgj4fRGQFfTaIyDdy9uxZtmzZstbLEBERkafR4uLi035OVQCLiIhcQLIsw/vGuKp3FPaunPsLVRXrk2cFQzVDOISANxAZiwnQ6/fI85y838O5mMhYQvAsLS2QRDFZv0s+/IfMMjcsLi7TSCO6eZ/BYMDU5ATrL9rM7NmzNFsTZFlWhcBJSrs9ycLSIo2kRpJAp5fR7/c5duwYURRRr9cJITAYDDh04ABJklBPU+I4xmLIsoxOv0e73aYsS/qDDIATJ2dJ0yocTpIEF0d0+z2898zNzQ1nJccsL3dZXO7hg8HaBGstvV6PTqdDWZYURUFZlkRRhLWWLMsoigLvvSqARUREREREREREZE0oABYREbmAjGbVJklCCIEoisZhJYD31Xxf5xzGVvueHGKGECi9Z3FxEROnzKzbQJZlpGla7Sur41utFqdOnKTIMxyBkkA/y6m3mhA8eE+/KFlY7lGv1+n3+oDFmJg8H5ANlqt14Mj6+egKMMYyGBQYc64yOQRDvV4nTVMGgwHLy8uEEEjTlLReY5CfC2attePr7vf7VZtrV4W1SZIwGAzGlczWWpJanVAGsiwjy6oAuV6v02q1yLKMpaUloigiTVPyPFcALCIiIiIiIiIiImtKAbCIiMgFZGU1bxXWlkA18zeEMA6AkyQBUx0/CjSr11fnqV5n8N6zMH+WjRs3ErzHh4AvS0IIzM/1cJGh3yuI4og4TSgIOCKyfkarVietJfjS08lL6o02pQ/4AMY6BoOMxDlqzSZF7qt21Ab6WU6a1sBaPJANMvL+gFqzSdkfkOc5YIniiMJ78n6ffq/H5NQUaZqy3FnEG0jThEazSQhVuFuWJUmtRq3RwML4uvM8Z7nTI46rgNl7z2AwYGlpCahC89FmrR0HxysrqkVERERERERERERWiwJgERGRC8gomPTej9sXj2bhjgLgcfWrq0Li0Va9fkVL6ADBl2SZp9PpVDN6y3IcKocQcM5gTKDX69HPehQ+EGOptycIQI7BJTGDfobxBoshDxailHpUVfP2Oxk2ioiiGAPUGnEV1kYJvV4P76HeatHrdmm2WiS1FKhC6sFgQL1epxG1yPIBvayPc4ZGo1G1rS48xgacc9RqNZaXl2k2m+SDQTXL2Bi63S61Wp0oSscBb5ZldLvV/OE4jsfVvtba8SYiIiIiIiIiIiKyFhQAi4iIXGBWhryj2b+jbTTjtygK7JO6Fz95RrAxVatoaxwLc/PEcWc4O7farLXMnVkAqjDWe09aqxOlVZC6tLSE955mq0GSNsmBUJT0B1XlbZIk2LSOMY4ojgmhCq2NMQRj6fT7WOeoDc/XjGPyPMcEA1RziuvtCUII5HlO6auwO05TCh8wzlbvEyW4pApwW6121QI6ANZRDtcB1Xzf0T1Kh3OGV7Z6Ht3LKIpwzn3NPRMRERERERERERFZDQqARURELiBPnvULnNf6eVTp670nEM4Lhqv95bjS1ZceX5TY2JKkCQDWgCWALymKnDiJyLKMYCBOE4Iz9AY5RfAQJTjnKGyMjWOaSY3gPbbeHFcSh6LEpZa8LPEesNG4XbWxoaoiDkBZBbEmTsZr9AayYTtmYoez1bXnZUlsLXGcktYb1bUUOSFU98dFCRSDcUtnay3WRUSRPe+eWWurGcXDe7qyCnjlvRQRERERERERERFZTQqARUQuILffcfdaL0HW2Kg6ddT2OY7j8+bVjsLVldXBcC7cNMZUxxCAqpL4XHtoe14FcAgBUzowhrL0YA1lMJRAMBHYCNIEW68RxQkmSrClh7LElCWmzDHDcHpUQVyWOcUgr8Jpd3718mjd3hsCVSDsg6/em4AZXkdpLY5AXhbkZUliDJ4AK653dE+MMVgXY4wD7NdUQa/8urJd9qjKWkRERERERERERGS1KQAWERG5gERR9DVB7cp5taNK39Ec35FzFcLD9tGcPxs4hKrqFwPGGkbFr8YMv7EGDxQEcBZMDFFEiFNwCaWL6ZUeinwcKgdjMRasizBRwIaA9THBDYbHlKM3wViLAUJZQj4AHJhhm+vh2o2xWOcw1uCNxQfoDzLyPAcgdg5rDQ5LGM5JHl1bNfvYnhc4P9kogB6H5Csqq0VERERERERERERWiwJgERGRC8g4XF1RtVtVz/rx43Fb4yeFnCsrWz1Vq+MkqiqJoyjCcq79MT7gCYSiauVchkBpAJeAceAiiGJwCTkRoQQHYAzeGAIQqKprR/XGhgDOkTTqFEVBnud4X80ENm4YzlqDc6M5x0UVChuDqfo7E0aXZAzWGAaDghBKIuswaUpiIqyxjJo3r6xwXhn+rgyAV1b+jsLfKIqqCmQFwCIiIiIiIiIiIrLKFACLiIhcQMqypCgKiqI4L9wcBZXnAuFwXv47nrtrqophQ4BgsTYichFuWCGL8RhbxbehLPGhwNiA8dX+AGBd1f7ZRngDYMhDYJDnMJzfCwwrlA0Yi3NgwzBs9SWl93hnAIexFpwbVhsHCl8FryYYsA5rHaEs8CGA92AtxgdcZMmDhzIAJVFZUpYBEw1DXmtxwxnAxrhxBfDKiumVgfrKEHhUWa0AWERERERERERERFabAmAREZELyKAcMCgLBmVBGUpKPAQofYm1FmuqwLKkxIUq7LSWcQvkYZ0uJYF8UFX3jkJjO5y7G3zAG8bVwtZajLWEYAjDcBnjx2GqtWCxVUtoz3mtl72vQt2yBEsVthpCVd0bSozxRAacDRjv8WUOeR9TZhjOrc0b8MM5wliHiVJMiIkMBGcwARjOGjbG4IzFuWg8K7ksSwL2vPA3jKqKqaqV/bAFtIuiqi31sMpYREREREREREREZDUpABYREbmAREmEx4MFXwYGRc5Eq023u4wxw5m1xlNvpISiJMsynHM0GjXiOObUqVOsW7cO8pxu1iPLSyx1kqiOc9WvFcYYHBCiiDjEdLp9smJQtWI2DmM8SRxjQkHRzwnGkqQ1KAvKIscYS1mWDPoZjVYLay1FUWCtpRZZyrxH9/RJmmmEKTOKoku9nvDsy7axML9IfcZhXUGwS9TrdfpZQWc5x9gakxPrMbbOgw8+hi1b1OImgyKQ5Z688LRqLdKohi+BEuK0zuRkm16/S7mi2rcIVXA+Cn+LQJWNR4Ge93hfzSe24al/DiIiIiIiIiIiIiLfKQqARURELlDj9s+ca188CoCdc1jnqhbHviDrVxW09VoNQ1Wlm6YptVpVEVwUBWXuiaKINE2J0wRjDIOywNiIpnUEIMtzgnGktRq11iRRFNHt9Tl5/Dhbt1xEEk0M11GtsSw9jUaDpaVFQlEyOdFgqrWRSzbMcMX2bRw99ASnjh9iZqJB6C/yqpe/lOdecwXezHHq1B5CCNQakxhTY2Exo9sLnDnT4Z5/+gIXXTRFHCfU0gQfLNiEKIqp1WokaR3vPZ1Oh/0HDzA9PYVzDm+oWkMHO6wAdoTgiYbVztVcYl+1kjYBNYAWERERERERERGR1aYAWERE5AJihq2JR9tKo/m1sGL+7tCoNfLExATlsJWyH7ZM9t7TbDaZbFfh7WAwoCxLdu7cyQtf/CI63T4nZk9jnePirVs5cuwERRnYvPVSsizjkUcfo91q8uYfuYWs26FWa9DvDzhy+BjXXnstx48fZ3Jykla7QdbtMHviKI16wvrpNg/WI3bsvJSbbryOB3fdiyEwO7/M1FSNqZltzM3N4X0N5xoUpacIUGskbNu2k2ue+xLqrWmSWpM0aeLiBIMlTVOwhoWFBfYfOkhnX5dBWeAY3h9rMNhhaO6hLKvZwt5jfIkZfhURERERERERERFZCwqARURELiBVsOuGs3ft1wTBVVVwoCgK/Ir2xaOwN0kSFhYWGAwGeA9JUqPZbFKr1SjzAVmWVdXAwXPo0CFOz51labnLYqdLABqtFsE4skFBY/djTExMUJSe+fl5brvtNkLeJ4oSQggsd3o8vudR8jynGOTDGcWBPM8woWDTuinOnjlFr7vIY489xsnjh6mnCXFiSdNA7AoGgwHWRngceWEoC0eeGxY7nj1fPQL2OMYmuCjBWkewBhdVs39DCPQGGS5NKIPHl6G6Z8FA8OOK6VEIDoznBVtrxxXWIiIiIiIiIiIiIqtJAbCIiMgF5KkqgEftn0ffG1sFnXk/I0kSzLCRcRzH48DTGIO1ppqHWxR0Oh2KQYa1lnq9josjFhYWeGL/PhrNNp1uD4qCcvNm5ucXYbkLkzPYJMEHWDczzenTpwiDPmXhGQwG9PoZJ08cw5qIPK8C4HqthnOGudOznJycoN9dJFDQ7bdZXOizfqbOqbkFOt05rPHUajXiuEY+KHEuJR94ur2cenOKx/ceIIpTrIvwBqyLsXFEMACeOE1ot1tMTk6S9TKCD3hfBeSj2b4BjzVgbHU/oyiitIYocpQ+jINhERERERERERERkdWiABj4/fe+Z62XICIisipGrZtHQe6oerUoinEgHMUW5xxL/X5V2VtU7YzjOGZ5eZk8z4dVxBHWRuPgM4kcRVHQ6/UoOiXOOTZu3MjC4jKEAGlKlmUktRq22cbEtaqKNsAg69FfPEsoBjjnMMYRRYYkchjnGAwG1XzdsqQscy7dsZP5+bNEtSaYguVegUmbHDx8gqTVoNa8iDzPWO6V1EKDsvTkvZIQIlxcpz8wxPUprLVgDc5ZrHO4OKKkeo9+kZMtLbDc75HGKRFudBexDANfa3DGjquqnauOMcZgDagGWERERERERERERFabAmAREZELyGjOrzGGRqPB5s2biaKINK5+JbDW4qIq0A1FSb1epywGeO9J0xRjDEmS4KKILMspCj9uAe2LnKIoADCuajFdBI+LEoJ1BKDb71NPalgX421cBacuIut3WLdhA+QZxhi892RZTrs1QZ6X1NMaxrhxSF2WgXq9iU9TMAFrq2trT23Aez9sb+3Isox6XANg0M8BSxzH9HoZtXodAG8gjDYbsJHBxTE2MtV1YHDBgjfYUFX0WhNw1hAZS+ws0bCldhRF43vgSyjUBlpERERERERERERWmQJgERGRC0hRFGRZxtLSEs1mk6mpKYqiwFK1K3bO4aIqgJ2cnKzaPpcJ3nuSJKFWq9HtdvEhUKuBMY44jomiCJsm4+riYKow2cYRzVagnxeU3tNst/FYSg82qRPHMRhLljjSyGPKqso3hEDTG6x11Bru3AV4U7Wgtpa0ViNQVSf7YRtrYwzBGoxxECy1lsMGCN4T1z34AMGQNgzWmXOtr63B2IC3AZzFxKb6akwV7AaHCWDxmADOBEwIxGYYBhMwBAwFzjBs/WyJVsxXFhEREREREREREVkNCoBFREQuINZaer0e3W63CntdVVUbyoKyrMJU68A5R9btYa3FlznGGGq1Go1Gg6WlJfKioCzDeQHwKPgMIRAMVSgcR5Qe+nnBIM8JxlB4KD24tEGapmAsgzwjMgX4Al9UraktQLDYFSFqKKnWuWKGsacKf705N+MY48BWv+aYEMAHQlESvCd4sFQBcFUpbKoqYBswzhKcxTgLrqpkdsaSuKR6jQk4E3DBYwHrSwglblQZTBWelx5CqGJhERERERERERERkdWkAFhEROQCcvz+z671Ei4oIYRxS2gRERERERERERGR1WDXegEiIiIiIiIiIiIiIiIiIvL0UAAsIiIiIiIiIiIiIiIiIvIMoQBYREREREREREREREREROQZQgGwiIiIiIiIiIiIiIiIiMgzhAJgERERERERT7G+ywAAIABJREFUEREREREREZFniGitF/Dd4B3vevdaL0FERL4Nv//e96z1EkREREREREREREREviuoAlhERERERERERERERERE5BlCFcAiIiLPQHEcr/USZChJkrVegoh8l9Lng4g8FX02iIiIiIjIt0sBsIiIyDNQt9td6yWIiIiIiIiIiIiIyBpQACwiIvIM1G6313oJAoQQKIpCFdki8jX0+SAiT0WfDSLyjSwtLa31EkREROR7gGYAi4iIiIiIiIiIiIiIiIg8QygAFhERERERERERERERERF5hlAALCIiIiIiIiIiIiIiIiLyDKEAWERERERERERERERERETkGUIBsIiIiIiIiIiIiIiIiIjIM4QCYBGRC8jrX3PTWi9BRERERERERERERES+gxQAi4iIiIiIiIiIiIiIiIg8Q0RrvQARERFZPcaYf3Z/HMekacry8jLWWqy1FEXB1NQUy8vLhBBwzuG9J4RAFFW/ShRFQQiBJEkoioKyLEnTFO893nviOMYYM35cFAVgmWxP0e/3GQz61Go1yrIkz3Pi2GGtJc9zrKvW1e/3McbQbNbpdDpESUzWz7E2IY5jyjKnLEusteNrDaEkhABACIEQArVajTzPh/sDxhiMMRRFtc4sy4iiaHw8ML7mJEkIIZDn+fgY7z3GGMqypNls0ul0MMaMX9PpdL5zP1ARERERERERERGRJ1EFsIiIiIwVRUGe58zMzOCcGwemy8vLlGVJFEV473HOUavVAPDeE0UR1lqcc5RlCYC1dhwUe+8ZDAZkWTYOhNM0Jct69LMu9XqdXq+DcwZroSxLAiVRbPG+oN/vUaslxLFjYaGDtZayLIfBciDPs/H6qvctcK4KeMuyCm6NMeMA19hAoMTYAOZcSL0yzK3VaoQQxiG4MYYsy8iybHxvRmuAKqQe3a9REC4iIiIiIiIiIiKy2lQBLCIiImObNm1i+/btPPzww/zAD/wA9957Ly9/+csJIXDPPfdw2WWXYYxhaWmJM2fO0Gq1uPnmm1lcXORP//RPsdZijOHZz342V155JbOzs5w+fZpt27axbt069u3bx/z8PFu3buWLX/wi/+r7buKee+7huuuu45rnXs0TTzzBvffey1VXXUW3u8zhw4fZuXMn09NTHDx4kKWlJdavX0+/38fFEfv3H6DXzRgMBlxyycW89KUvZXJykl27dnHs+BFuueUWFhYW+MhH/pLXv/61rFu3jr1793L69GmuueYaNm7cyJe+9CUOHzrKi1/8UowxPPLII0xOTnLDDTfw5S9/md27d3PDDTdw8cUXc++999Jut5mcnOTBBx8c36vXve517Nixg9/7vd/jZS97GZs2beLuu+/m0KFDa/0jFRERERERERERkQuMAmAREREZi6KImZkZdu7cyRVXXEG9Xue+++7j2muvxVpLu90mSRKstSRJ1Xr5zJkz5HnO1q1bOXXqFCEEnvOc53D8+HEeffRRnve8541bIU9MTDAYDLjxxhtpNZq8/Ptu5M67PkW9kfKZz3yGmZkprr/+pWzYsIEjR44wGAyYmZlm8+bNTE1PcODAARYWFti4aQPPf/7z+av5eZaXjxAoKcoB8wtnmVk3xY6dl7G0vECj0eBzn/scAJdeeil33nknl156KdZaOp0O3W6XDRs2EEcpjUaDU6dOcerUKWq1Go8++ui4nXWj0WD//v2cOnWKTZs2cdVVV7FlyxayLOPBBx/k1KlTzM7OjltsnzlzhqmpKRYWFtbyxykiIiIiIiIiIiIXIAXAIiIiMnbixAnuueceLrnkEvbu3csXv/hFXvGKV9DpdMjznG53mcnJzSwsBM6ePU2z2aTbXabX69HrdSiKAc4Z9u59nGc961lcfvlOZmdPsn79etJ0ktnZk8zNneHw4YNsuXgjd97x98xMTjB/5jTFoMeD9+9j27ZtnDh2GOcc05MtThw7wvzZU2zZsoVykPHow7tZvGQTk5NtOp0loCSOLSEULCyc5fjxhF6vh7WG06dnmZ6eYmamzeHDh8jzfBg0z3DllVcyPz/P4cOHyQclF1+8FYBWq4UxhlarxaZNm9i3bx/OOaampojjmOPHj5PnOb1ejx07doxnG+d5TlEUJEnC5s2bmZ2dHbfDFhEREREREREREVktJoQQ1noRT2Xfvn1s3759Vd7rHe9696q8j4jIWnv9a27i9jvuXutlPO1+/73vWfX3XM2/p75Vx44dY8uWLU+5b1Sh+vWM5vjmeQ4wnulbr9fH83udMxgCZQlRVFUN9/sFxkCjkTIYDMjzQKORADAYDPAejAFrDc45+v0CZ2D0W0gcQ1FAmhqcM+MZu1lWgIE0tcPjYmq1lLNnF2k2U/LSE8K5ayrLksGgZLh8rK22PAcCNJvJ8Lw51lYzgvOy2je6P845iqKg0WiQZdl4hnEURdTrdYqiGAbMdnzs6NepqakpFhcXmZiYIM9zsiyj2+2O5wSLiIyEECiKQp8PInIefTaIyDfyz/3/PREREfnetLi4+LSfUxXAIiIiMua9x3t/3mNjDP1+H6jC1EDAAM5VAW6eF9gqn6XXy8av7XYHGFMFvyGA91CWgbIsiF11TAjVfu+rMBkTCAR8CMRxTL3RHJ7DANW6yjKn3U4JIZDGFm9sFdKWAWMszhnS1A/Pb4bh7bkqXe/D8Nqqr86BwQLVeUIIWGvH11xdt8V7z/LyMsC46nflvTLGjFs+q/WziIiIiIiIiIiIrBUFwCIiIvItMaHaznvuycdQhcWjguOw4iBrDcaGqiqYKgS2FiIHaeJIa/F4zvAokA2hHJ/AWgNYsGYc8HrvKa3Hl4YQIITqV5wQwJdVNXFZQknAD58PoYqUDeMC4HPrHy78u7RRioiIiIiIiIiIiMjXZdd6ASIiIvK9JYQqMF25Yc7fjD33dbSde74KVQ1V1W+9Du12zMRkjVa7Qa2WEMeOKLLEsSNNHbVaMt7S0ZbExLEdHxtFFhcFXFS1ka6ec2A8gWoWr7UWa834a2QNxnztNvLkxwIffj+Yj3yDgzx84D/A9v8CJ1ZlVfJU7v8YbP4t+KvZtV6JfO86zUffdjXb3/vAWi9kdX35d9h++c/xUX2AiXxbFj/1m7zgBW/iAw+c6xAze9vPsf3y32HXiuOe6rlniurazv88ear7IiIiIiLydFMALCIiIt+yURWwCQybJ1ebM9U2rhL25x87emwN1OrQblpmppqsn5lg3dQkE80GtTjB4nGmavFcS2Ka9RqtRp1mPaEWR8TWDKuGDXFkSOKIJI5I44QkcsSRxZqAwRPKsnp/gFAO12xwxg6D4HO/Do3C3qcKg7/T5vfB+/4QbvwtMLee2972hVVbwtOngP43PmrVnPjH6l5++LslCC3grr+Ht/0H2LziZ735PXD/0/w+8szyxH9/E9svv5p/c9vptV7K1/ry77D98quftF3Ha372XfzRF74L1yvyTLG4j09/+N/x86+/iauGf/auuulN/Px7P87uuad6QfUfdpz/OTL8jz2e9Gd4dJ4nuv+ypWXZ0z/H7Jsy/jz6ZT72lPfgSR7+IP/q8qtXLYRes/siIiIiIhcUtYAWERGRb9koFx3N+D33/Sgwrap8q3bN5x4bU1XhJoll3foJYmuI45g4jnHODY8s8T7FWjN+ruIJoZrF65yjCJ6yLAkh4BzEcYz3niIvKYqCsqyaOydJQghQliXeW8qiaj8dQqgqmAOYYYlyCAFjzHmtn5/8+Dth/z/CjXdCfQLeci3ceikc3wP75+DE92JxSALv/HV451qv47tRH377P8KtfXjLTvh3O2FzBo+egUf3PL3B+QvfCMff+O2dY/4xuPVv4d++E1749CxL/qXKR/n7D+3j5h+8ib//X3dw+E1vYetar+kp3Px//wk/fTnALE986QH+8bbb+Pc//Sk+/95P8aE3rF/r5Yk8o2QPf5Cf+Mn3s6vb5to3/Cjv/Onr2MlX+fJD9/LRD7+L1334T3jbf/4gv3HTN/ln75qf5ffeeRMbgOzEI3z+3k/x0T96F6+566v85e2/zLXpt7a+DT/8fh744W/5sp4mKWnjU/zZJ49wy1su+WeOW+LvP/T/cXjV1rXW90VERERELhQKgEVEROTrCiEMuzqPqmFDVeE73H9+ADw6xlcVwRacqwLVsqyC1igypGlCo5lSr8fESYRz1YxeT04URcRxShRFeF9UYa8xeF9QlqF6HBnAEXtDUYyCZVeFv4XHBoPFURpPSSAydjgr2FEWnsL48bm89zhrKA2EUJ6bObzi+kPgKQcFG1Nd07dtGd53J1x2Ddz141AbPf+8p+Hc8l3n/r+rwt//8Qvwlk3nnv+htVvSP6t/HD4wBz+x1gsRsi/cxh/MvYX/8a7tZN//QT728Fv4hWvWelVfa+vzruOGF1Xf3/CyH+anfvGtfPTtr+HXf+t/sOsNv8y1a7s8kWeOo7fx8z/5fnZf9cv85QffzrUTox038Yo3/Szv/M0jfPRX38Svv+2tpB+9jXe+4JtIb2e2c8PLrmMDANdV53nj7/Can/4gf/DJn/ge+484MnZuv4pdf/i37P6xt/Mc93UOO/g3/OHHN/CKm9p8+u5VXaCIiIiIyHeUWkCLiIjI2GiMr1ux2dH3AaJgsNgV+00VuAZwHqz32FGbZwAPPg8YD82aYeO6SS6+aD0bNk4SpWCjgHEeG5XUGjETkw1a7RpJCklqqTdi0polSR1JbKnXYpqNmFpqcbYkiS2NNKaeOBIHjoClIDKeyAQiG0gjQ2Q8FAWUJTZ44uHzaWypRYZGFGhEgZqt9jkCLgTc8Dqi0fUPv7em2pyxWL7NVtGH4APAa5+3IvyVZ6xHDwLr4JWbvuGhIitk7LrrNnjLq7n24tfwhh88wkc/8+haL+qb4y7h+3/wJug+yhOaqSvyNFniY+/9TT49/bN86I9Xhr8ruEt483/8b7xz+z4+8O9v+xdXuKbXv5qbgU/vOfJtrHdt3PCjb+Lao+/nDz659HWP2f3x/8auF7yV79/xPfKZKiIiIiLyTVIALCIiIt+ylfNxx62fTRhXBMdxdVxegPfQaFg2bNjAxo0babfbJEnC5OQkzWaTWq1Gs9mk3W6PH0dRRKPRoNVqUavViOOYNE1pNpu0Wi3a7TbtdptaLSFJI6LY4JzFOVNtkRl/b101L3j0XBxb4jgiihxRFGGtHVf+nru+c5u15z9emfU+La2hp6vqz88f+CaOfeTcLNv5r8Avvm84Q/a34G0fgUefqn9wH/7qI+dmC2//9/Dbn3+KVsPL1XGves9wJu1vwdv+Cub9N17W/n+s1vHa/33uvB9+P5iPnH/cb98Kb/pH4Ay877/A9lvBvBte+2ew/ynm1c7vg98eHXcrvPYP4f7l6jxPPve/xOj8V7/73L1531fO7e8/UF3XrQ88xYsHcOu74dq/OvfUiQfgF99/br1Xvw8+fPD8l120rrr+R77ZXs9P/rm8u7oP+0fvOZxvfE8fPvxnw/f+yJP2rTjd+OfypP9dXP0++MCKa2cW3nQrbL6zenjjaFbx03Df5V9g7lP82X/fwC/+0AuANq949as5/Ie3cc+TW8T//+3df1iUdb7/8efMAAOoKAGhqbWSpxPm1wPmOUpsZuyim1p0pIvdUGRRu9JLv2mZnrb1R/7Ydo9myp442QnlkMrueoVFmaWcyKWj5h5T1q/JXq3htuqmB01DBQaYme8f9wAzwwAziFb0elwXl8vMPff9+dxzz53ra97vT+UrjL9jGI9sqfJ8/OxOZiQMY/wrbgGH/TwH8hfzyNhE11qfmSzIP0i1vfuHX2+3AYO4OdLz8ep9BSzImUzCHcOIuyOR0Y+uZvunnpOqLp7dzrqcrjVL13h+QG2f7uT5uemMTjDWME340XzyPvYKf+yX+WTnWrc1UxMZ/ehi3vL6vBpjfIU5Pxrdco6WF1fhOcIKnnety2z7tJjljxr7jB87m/yKy64xtT4eN9rXPmh5P6a6jhWXMJZHnit2W3v1NFsyhhF3/yt80naY2PatJv6O8eQd8z4Xzed3NOPnruUtr/NrrJU6m+1nznMgb7Zx3mYV801ZMl3a8fnbvPYujHzsUZLCO9jOEk/WvFSoKGZvy20hmoz842xO97Oa125cM3cN8EyZA7q+Avnyx+dFPHLHMO57xVcga+PAqkTjc+DPvervH2T6A7D7tbd9B+AXd/JS7mkmTH+w/Qrh2ireWjOf8aNb7ynP72z/M9x6T53N82WnfS/t0M558eeeKCIiIiLiLwXAIiIiEhAzDkxOMDmduFbONX68imCbmiAoCKJiwhkw8Bb6RvbDFAROswOrNYSwsDD69YsgNtYIhnv16uVqG22id+/ehIQE07yGb+/evYmI6E1YmLUlDI7o25s+Eb0IDw8hNDSEoGAwW5yYzSaCgy2EhgVhDbVQV3cZTHZCw4IJ72UExiazHafTDiY7JjOukNiM2Wxy/eD2p7lNAHxNFb/eBsCS4bBrP/ygCE5e6fwlF49B+i6IT4JtGVA8Eo4fg5RNcNI9sHWtN5teBVPHw/sZ8MKdsGkXpLzpuc+iTTD3LzDlh8Z2xcPhncMwcUfH69JeOgxT34dhCVD8sB9VzF/A1DzgHyA/A4pHwOFP4Z7feh6n/jhM3AybGmD1w8aYpvaB9F/DO52fos5Vw8zNUGaG1Y8Y+58ZBk9vh1/8ydgkdAQ8HQq/ONr2HNQfg184YG6S64HjMOB1+CIWXsqA9x+GFBtM3QQ73JKUlFTIBH7wK8g73skYz8HUNZD+J0i51xjj+w/BPfVwyWvTbUVQ932oWg3On3SyX4fxfm8DlkwxxjrFDPO2wy+ax9QXlmRA8TDj15cyXMdP7mTfcl1Ul+1k98B0xsUbv0ckpzKhtojflXkFm/E/5Vdz4zi8biO7LzY/aGPvxqXs7T+f9bNcO7CfZvvcVKa+dJqR83PZVlDAy7Nv57OXchi7qJSa7hx8bQVbNh/EmpVKknsH2o/XMjpnI9XxOWwoKGDbxkXcf7GIZzLm81ZXK4UrX+HByUs5EJnOv+YVsK1gDfNGVHPsL24Biv002+eO5cGnXqcmeT4vFxSwrSCXhYk1nLrovjMbJ16bzeR8eGDpr9lWsIZZAyvZ8rN0ni9vG8jYPi1gwZIKhj62ls0bl5AWeZDnMxax/aNi5mQVEzF1LZsLNrIipYYtP0vnX7wqEg+vG8vUV6u567G1bCsoYPPi+6gpWsqDT+10hbGDSJueCmeK2dsmF7vM3uIibAk/5SFXW3Dbx2t5cPJi9pLOyoICthUsJa32dRZMTievzett7F+3iPfiV3Ow4jhV+emuFsDyTVVzvILDjCbjvo7WtjVEJI4liUo+OHq+S8c69WYBW0ggY2xcy2OBXV8Bus0IbU/9trztlx1qyvndFhsjH5vUfmDroQ8TpucwuOI/eetY22dPvVvE7vBMpqf28f3y2gqenzKZBWWQsbSAbQUFrHywhu1PTeZBjy/UNN9TP2PQ9FWuz/Bo/jc3nZmvVvnet7frcU8UERERke80rQEsIiIiATGZTK41gFurfgGcbtWxjQ4IskJkZC8GDBhARERvHA4HjY2NhIaF0LtvL4JCTDgcDsxmM9bQYMxmK44mO42NjTQ1NWI2mwkJCSEkyExQUBA4nNhsNmwNdQAEB4cY6/Y6TEAjQUFmLBYnjiAn4ASnmeBgC1HRkZiwYLfbqa9voMlmo6nJjtlsITgkGJxmGu0OHK51gXGC3W7HYW+ZsFElDG0qhbtLUgYcDof0P0DcnyAzAVaPhyG9fW8/7yhULYYhzV/lGwETB8GQHbDuD/DSGOPhA2/CEgfsfxqSQlu3TewLcR/Arh/CRNcx+t0JlanQz22foTUwqQKOTIEkH18brD9uBMQMh3ce8a+F9Y4/ea1/OwL61cIP/gRlV1zjaYB1O+DkANg/x3OeSR/APe/7cSA/TJwCM90WJE25A75YDUsOw8/vBMyQMhw45DY2l7KPgRiYNMD1gBnyH4OZt7ntLwYqX4VtR2HKD1wPxsK2OTCgEOYVwboI+PlkmDnMa3AOWLcJikJh/1Nu7x+QMqrtXOrvhJlxbR/36Tgcd4XvLfscCUPWG1XfE4dBYggkjoABF4ztR46ApHZ3KNfXad77XTmDH5nfGnhE3sfDk2HOe79n5QOTaa3LszLysdXMejeT51/NZNziBPj41ywvGsjCktY1MKvfXM0zZaP51QcbyRjoemnyaJLiIhg/fS1bHktlbnzXRnvq6EEO1ANUc6K8nJI3d3JizBLeXjgajxVILfGs2FlO1h3Nj44maZCNTyav5Xflp3koo/Ngy9vhPRs5QSbbVmSS5JprUvJkZrlVCn6SP5tnygYy6zfFPHt364iSksd67e0gW6pWsSc/ncHN+0qMoOae2Wx5s5yFY1Nxr4c88Dsbm/evYly4ay7DrPzv2KU8M/00s35TzELXsZLGxFDzUTrrSj9i5QNu+7hjCXs+yGRoczVn8mgG2Y4z/pfFfHBmMhkDISI1k6zwHLaXVTI33u0Nuvh73twJE158kMEAtgrWPV2ALaeAPT9rPe9JYxKIeXw8z7xaStaL7uM/yJHbi/l9yrdpfdfvNlttDTCMwf392Dg6hqHAKX8qZr+s4sC+g8QAtrPH+aC0gO0fxZCV/wpZzf99C/j6ClQfJmRkYn23mL3HHucut7XOa8p38hapbHjA//uD9e5HmZVQwPOvlzNr+NjW+5Ctgi2vVjBy4WqSrPjoMmDj8EuLybflsO2dRa2V1smjSYyZzX1LCtj96BomRDTfUwcy6zdFbveV0SQ9MIa8Semsw4//QF+He6KIiIiIfLepAlhEREQCZ3JiMreGvx6tkU3Qq5eZgbfGcFvcbURE9sZhcmAKMhERGUG/m24irFd4S0vnvn37uto5h7ZU4FqtViIiIujbty9hYWGEhIRgtVoJCwsjPDycXr160atXGEFBFoKDLYT3stInojcRffvQp08vQkNDsAQ5MZkdWK3BOLHT0FhPU1MDQUFmwsKthIYFt7SLDgkJITg4mKCgICwWS8uPUf1r8vnTrcyQ+BBUPWNUXB44DHFrjCDSl4X3uoWiLqEjjWrVvOZCkwYoPmYEe0leyeyQ4TAFOPLX1scmTnALf11GDjH+PHmh7RjqP4eZvwWGw66MANYvvtMt/G0+zh3Gn5euuh44AS/Vw9Opbec55D6Y6e+xOhLjGf4CEAr3xADV0FxskzjaaNG9w709cg3s+Bxm/iO0/Nv7nZ7hLwC3QQqeFcAADIAXnoEvHoEUB8wqgriXvVp4/wleqIUXHmn7/vmScnvn27SIgJkjvB4zQ3oyUA+V5wLYl1x/le+QXzGIjPvcE9k+JKVOhneLKPFuWxyewMLnciB/Dds/rST/5wVYF651C3SreG9bOWRmkjbQ86XWfxzLBE7z8fGuVQoC7P5lDlNzcpias5jlBZ8xdPUeKnLdgs1mCZPdgg6XOxJJAg78pWvHj4mJB37PB//jVRndHJzbKyh5uYrB89d6hL/tyfppa/gLQPho7n8YqKlp2/71x6mu8NelfyL3DweGZ5LhfixLPCPHA0eqPFrSjny47TkaOmIMcLB17WTraNIyrZx6vdyj/W112U6PKkbbwZ3kn4ln1o+9Q/dBJI0fDTsrOOE1/Al3dzHxl57lWAELcozP8IyfreW9r3LYtr+YZ8e2fjmgK9dXoKxjJpMV7r3W+Xnee7MUa1YmEyLbfakPRvW8rWgj293ulzWlBeSfSWX65HbCWdtBSvJPc9eM9DZttgcnp5LETj7+M8BpPigphwdmM8/7vmKJ56EZo/0b5nW4J4qIiIjId5sqgEVERMSDCaPC14nvSleHw4nF9TcIu91YIzckxIzD5MBmA3MwDLptEAMHDsRkgcuXL+MwOenTuw/W0FCwgDnYTN++fbCYTNjtdmw2G01NjS3tnoOCjdTPZDIRZArG4XDQYLNhtkCvkF5YLBZMJqPdc4Otjrq6OsxmsFqtBFmCXftrMvYZHIrJ5MRisRAWFuxa89c4bpPdSVOTE6fDff1fV8Wvw4nJZMLpaK769Qx9Ta7Uu1srgnvDlJ/AlBrYtM21Bm9Da0Vvs5EDfb98QB9awsv+XxnrxJbtB9P+do53DmiuPG2CyuNQ9ilUnoHKOjjeXjvqczBzE1QOhuKMtsFxR6YMaPtYP1eZ0MkLQCycPWfMIfF7PnZghjD/D9exGqOS98gXsP80XKqHsgbw6H06AKbGwNQ/wgv3QD/g7MewyQzve1Xi1p+DXRVw8hzsOgt1tZ7r73rrnwD5I2D1YZj6Fgx7EQ4/A4nmTs6BD0MC6dc6CIb4eNj7fZBvhk/Kijk1MJ1xwz0fj0iZTBaz2V5eRVaWZ4BhHfMEKzLHMCcjE1v/+bw9yz3cq+HUMeDYbOKL2jnoZ6eBrlWDzvrNcZ69G7BV8dZzT7Bg0XyG/qaYWT7yRduZSnb/fg9//rSKvUdPYztTeU3B0eCHl/Js6U95fvpotidMZt7s2WTcF0dEc4hb/RknamHc//GnXH40Qwd7P2YlIhwoN8Jb94/duDu8v4URgfUm4zV9vfdiAc54hch2G6cqS9n7/mec+LScw1/YOHWsbevYkRNnMzh/IyUVj3PX3dBcIW7NLGppsV1TfRqoZPmPhrHc59ysnDgLI1u+weJrrvKNZgE4zqmzkNTO3wlanK/mBBAT3vmXHhi7ioOuFuA1H7/CjJlrmbFqEOW/bK3oDfz66gJLAmmPDSL/1Z0cnh3PSAvw+R62l1vJ+o1X8OyHiNQcZg3MJH9nJVlz44HTlLxWijWroP0w+WI1p4BPVk0mbpXvTax/OQ93n+fER3DX0mE+q55DLf6PtrvviSIiIiLy3aYAWERERDyYTCZwOjHhu8rVZAaHw6j4NZvBbAG7wwFmiIi0Eh0dzffihlBfX4u9yUG/qEiCQiy8zQUSAAAgAElEQVRGu2eLiV69w+kT0Ytgi5kvz1dTV1dH3759iY6OxmLGaMMMBDW3frY7aGhowGKGoKBeWK1WbDYbX331FbV1V7A3NrWEsE1NDTQ22rFYLMTExGCxBHP1Sh12u4OGhiYcDoeretcIbh0Oh+u51hbQdtdzzSGxvTkcdhrnw+l0urWDNoJyp7Ob1wWOgJmPQ9i/wdT/gpljINH9+Y4C13DPatyZ/wSZ7YSIkc0h3zmY9TJswmgjHH+nEdTWf2q0gG6jD4x0QFE1VFbDkOsUFoZdx7+pnvw9/KAUCIcpd8DE7xsttye+D097bTvxH4FdUFYDUyKMtZETEyAlpHWbA6/DlAqIjIQpt8HMFOjfG3ZshbyOBmKG/qPgnRC4Zzts+oNn4O/3OQikr08n24aGdPy83EC2g2x/9TTU5vLgHbm+t9lcyieZj7dZDzMiciC22ioYFO0zlBiatYYVKe18cyAmkJLydljjeGj1Wk4dSef5J18h6R33Mdo4nJvJ1LwqIu5OJW1MAlnzMhnc9zNKHl3N9q4eMzyeWQUHyTi2k1dfK+Kl2ZN5PjKVDTtyecgtJLOG+BPIWFsrh6+32grWPZpD3ud9GDn+QZISM1mYOYiIz3fyyHPFntsOn8SshFye33WQhXePxlpVzvaKQcxbluC101Sezc9sZ51UK4MiPX+/YXOVbhHz94kMJpcPjlwmY2A769e61Bwp5wBj+VVix9t5i7j7cTb/8jNGz1/MsrHlbHjA/fWBXF9dc9fknzIydy0lHz3ByGQrJ8qLOTxwNiu8L3V/WBPIeiyB/DXFHJi1hJGH/pPnK+KYt6LzMHnC4o1Mj/e9lfV7reckwnot//G8TvdEEREREflOUwAsIiIiATGbwekApxOCg40/m5ogMiqU2+KGEBVzEyEhQdTanISFhtE7ohdOpxO73U547zD69OlDY0M9X12sITw0lJtuuong4GAATDgIDg4mONjSEqiazUYr5qZGI5htbGykvr6ehgYboaGhNJkbqaurw2QyERoajtXqxN7koKGhkatX66iva+DKlStcvlyHCRNWa5ixvyYHDY2NNDY6sNtNOOxGpa/TZHabqxkzTux2h6sS2Hjc4aqObq9KuntONCQNA34P9V5PnazGs/QMoAEOV0PiKKNKlTAYAFQGQYp3u18vBz6ATUFeawU3H8eXcFiYCfUvwqRNsP8JSGpnveIucb0Fx89AkndVWgNcDHB3dcay0QyJcj3ggKL3od8w2J/pGZif9bG+cL9RsHAXbPsYpgyFooswN9Ntg2p4oQLuuR+Kf+D2uAPK/Bxj6DCj1XSla6yhrjLn/VWQNNTPnfjLVV3sXZx18i/Gn/HXUrUl3cp2sJQttfHMenEx9/sKVKqKmbFqI9s/+ikrklsDCtvHv+aZPFi4cQ1/fmoxy4tHs7ll/UgrfQfCCXsEI5MDr6QLiCWeWb96nJKMXNYVT2odw9mdvJRXSdLqPW7jAuzwgc8dfcbpahjpft+zn+bEIeCOtltHDJ/MwjWTWfhUKcsfnc+C5cUk5acTEx5BBLD7j5U8O+ab0/K4+t2N5FV6rckMYCn3sbXRznb5klIOLx5NxLv/yScJP+Xf3SrEreERwGdYB40myd+1weXbJd74IsDydRs5kLKoTYviFvZKtrxUCg+s4UdduLdHPLCYfy0pZcGajfz4PuM4N+z6uu1Bpj+wmn8pq+DZMRHs3lzJyMdy2wmdOzf4gUwmPLeY10ozqS4twvbAGrI6ug247hefWQeRlNzRRI176oHjVdgY1Oae+lWtr7+0eQn4nigiIiIi0jmtASwiIiIBMZnAYjL+EuF0rUEYERHC9773PQYONPr7Xq69QlRUFL0jenH16lUammz06dub8D7h1DfWY2usp09Eb3r3NlLD2torgIOoqChiYmIIDg7GbrfjdDqxBJkICjZjNptpaGjg8uXL1NXVtYTKQUFBRET0o2/fSEKCrTTY7Fy5Us/Vq3XUXq3n0qWvqK9vwGK2EBISisUcjMMBjQ1NNDQ00tTowG6343A4cDgcHi2dm/+3w2H8OJ2eP93iT7DuuI/HHXDgOBDZNqh76RBccng+dvK/YB0wtTkE6A0pA6HsMBzwTpC9fHEB6AX93ZNQB5T5qv5tFgo/nwkzG+CeX3d+jED0v8MIQ/M+bBt+V+4x5uk3B5RVArdBfPPffC/CcYdRueyxvO4p2OZjvWNCYOKdxjrAuz6GshiY5N7K+gLsB+K9/n23vsKoqna36y042dD2EPXHYRcQ7wr5+iXAQjO8sBtOOtpuf02qodh73dh6yPsI+t8G9/gI87/wdV7kOrvM7uIiGJ5OxuTRJCX7+MlIJyPcxvayitZ2wrUVrPt5AcxdzayUySx8dix7l6xm+5nmDeIZ98ggKCqi5IzvI3cna8Jsns20svf51bzVvJbt2dMcAIbeOshjW9u+UrZ4vT4iZhBwkI8rbV7b7mRLrdfGdq/f+6fyo/HAZ+f5X4CIsTycaeXUy7lu5+Prd+r0QeB2Bnvc7G3sfc93j+6I5FQm1Bbx3r5ySl49zYTpD+L+XZmIMWOZQCX5vzvYdq1i6SEGkfHs4ww9U8CMp4r4pMbHJjWVbHnqp6w7O5ZfLZ7ssxNA56J5aPEiRp4pYPmrxn3mxl1ffRiXmoptSykH9u3kpTOpTH9gUOcva0/kZObNH8Tul57gpXetZGWkdnxOIsaQ8gB8srmYA973Gg/xJD1g9X1PrSlny7pKn6/yEMA9UURERETEX6oAFhERkYCZXW2gAXr3DmHgoAHcHBtNUFAQ9rqrRPTtTVCIhfr6WoKtQfSL6kdYWBhXr17F1thA317hhFgs2O1Gu+bIyEjCw8Nd+20iPDwci8VCXZ2xvq/dbgeH07X2LzQ2NlBbW+taq9dBU1MT9iYHTqdR4RscFGasG9zQSEODHbOpCbvdiQkLTqeTpkY7DQ0NNDaBvcmJA3DYXcGu2ZUgOI01ju0+wt6Wbs+uttDtdMv2jwOeLoI8Vyvie+6A+r9A2XHYdAVWZ7ZdrzXlMoz8N3jhfqPa9+RhWHICkobDXLdq0SlTIDMP7vkVrL4PklwVsGf/Au98AeseN8LlxKHAhzCvCOYOh9AG2PVfUB9Fx+W2sZA/B+ry4J4XYf9TnhXEXTYAVifAyApIeRmeTjbmWXkAdvSFuXTSVhkoeg1Ch8L+/4F1FyE/w1UZDRAFKZEw6/ewxAwpUVD/Baw7AvFRvveX8k+Q+Bqsvgozx3mF8nEw0wy/2AkDrkB8b7h0ApZcgEl4hsCXTkLcapg4GCYOhXgrHDkBeZ9C3QCY2VytHQqrfwL7i+CeNbBkrLFfrhgh9NT/69UWPBAxsL8ATibBxAHGPvP2wA5g20Nu5wnoH2vM9YV3od8IqLwIc+/r6oElIJ+/zWvvwl1Lx9BuEbh1NGmZVrbkF7F73mgeirRxIHcx+bYctj2WgBUYnL6YFa9P5pnlxSS9ks5gC9yVs4ZZb2fyzKR09s/L4ceuby9Uf15O2ZsRTN/+OCO7bSJWxs1exbg3F/Mva0oZ92IqEfFjyAh/hfzn5nPzvEzuioTqio384rMYxgG7PaY4mblxReQ9kYlt8XzSbrNSXVnES3tiyBiDRzhyeN1onj8/m+lpw4gBbJ/vZN3vYOTCVO5qHsviAmZ95D33ak6U7qTm4Y3M7Up72Wt016h0rBSw/Ilo5mUOI4ZqDuev4c+RY4HSti+ITGV6lpUZa9ZwM5n8KtWrtW/kZJ795U7G/yyH0Z/m8GzWWAZbAdtpPikv5VjCajY83LU1nuWbw5own235Dcx4YjUPjt3IuIfTuX/UGIbyGfsPlbP9zXKqSWDh1lzPyvJAxaXz7NwiHslbQv74ncyNv3HXV0RqJlnhs3n++RjIWtX+er1+MtpKr+Zw3HzWj+ms/0EfHlq8ijcnLWXq/ceZtTiH+/tbARunKst573gC//riZGKAkdNXMa5oMc9MyuTE0tnc39+K7Ww5r+Z+xl0/Hg0FnRwqgHuiiIiIiIi/FACLiIhIG80Fh80Fk04Ak5FzOp3gcIWi1jCIjrmJ6JgY7HY7V69e5aabbsIabuXLSxcwWcxE3tSP0NBQbDYbDpyEhobSYG+ivq6W2JibiYqKwmIxYXYCJmO93ytXr1Bfa/TCDbOGEBISgqPJzpUrV4wwGLBarUbg3GjHhLFGsLGuL9iaGqmtraO+voHIflFculTDpUs1NDXaMJvNgJmgoBCcODDRRKO9NdRtznq9q329M15j+9YA2NnVkuA7oephyPsf2HUU1lVA/xCY9D14f5IRTnqb9Ag8XQFLdsCuJhgSDvMmwsJ7vCpaY2HbfLhnB+R9AEscQBCkxMLM+1tDzCGpsP8qLDwKk47DkAj4+cOQ8gXkeVeKeouFTT+Bs7+FKRtgx4LuCYETH4Hjt8C6vZC+3Tgn6QlQPBnyjnX++i+q4OlPjYrabY9Bplcr6Zkz4NJvIe99+AUw8TZ4YR5UbmonXB4KU0Ph6XpYPcrruRBYMhPqX4fVu+CsGTKHwTs5UPSc56aZ04APoPhTmOc6t0kxMHeisdZzP7f+PKHDYNcMyNsNee9BpcN4rycOb/ulgIDEwrYM+MXrMPVDY7wTB8P+RyDJ+x/Xh8Guf4Kph+AHf4KJ9xoBvFx/p/bt5DDxrOiw9SiMnDibwfm5vFl2ngkxG5lRUE1W/hOtLWEtcWQ8+zhbMpa2toIOT+DZ7cUM37iRl15dzNSLQHg0dyWOIW32o66wtBv1n8yzC4sYv2ox6x7+iBVjR/Ps9lWwPJd1T5ViC49mXOZqXl8bwZadOz1fa01g4ZYCQp9bxavPzWY7fRiZuZh//8/7OPyEZ4Xs4DGPELOugH/JOY8NKzHxY5n+4h5mpbhV1bnN/dXXljL1rA0i40i6L52Ft3X3xP1jTV7E27+EZ3J/zYIcG9b+Y8l6rogNfX/DWzt9voKkf57NzVty+d+spYz0kWMNTt9Ief8CfvFSActnFxiVm3HxJKVk8liywt+eImbsIt4un8xbBQX87t0ilhe9AliJiU8gad5G5mWMZWjXSn/dWBn52GKyCmazbnkRE36TydAbdX1ZR5PxWAxbcqvJWppw7S3rXW2lY1LbW7/Yy8B0Nr83iPwXc3l11Wzya4HIOO4adR9Zj41pbezcfzKbS2PIX9u8XR+Gpj7CvPxckv7ffPI7O441gHuiiIiIiIifTM4u/2vl9VVVVUVc3I1ZsOj/Ll52Q44jIvJ1Sxs/lpI9vtaT+3b7tzUrb/gxb+R/pwL1t7/9jVtuucXncyaT71LV5sdNTs91bU1esafJ7CTYAkFBEBICN998M7d973uEWIMwm830H9ifK1eucOrMKW4bciuhvUIxmUw0NTUQGhpKUEgwX331FU5HE7cNHEjszbH0iehDfX0t9fX1OBwO6urq+PLLL7EGhxAbHUNwUBC1l69wpeYy586dI9Rq5dKF81y9fIVbbrmFYIuxRvDVujq++OILzn95EZMlmF69etHY2MTZL87Tp09fGmx2Ll78iqtXbNhsDTQ1AmZjXeGGJiPQNZmMot6WtX4dRtjtea7AYQKc5pZz58DZbgBss9la1ji+ZsfBVGSEupmdLCfXYzlgyTLYlABfPPJ1D+bbpygXpsaC8ydf90jE6XTS1NTUffcH+W459gr3TSkmY8ce5g7vfHP59tC9wdMneeN58PV03v6vx7u8/q9IT9PR/98TERGRb6eaGl/rulwbVQCLiIh8h7SpYqW17NVkMnmEv+2xAxYgom8ksf1vwRISDGYL1jAr5y9cpKmpgYGDBmGxWAgP701d3VWs1jBMJjPnzlVjs9m4Pe5Wom6KwokTW70NExZs9Y2c//ICjY2NhIWF0Su8F1cbGqi7eIm6K1dpqK3DZmvEVtdA375RDB16J422emovX+HLS19x5coVTJYgoqOjuVpn46+nT/PlhSvcfvsQLJZgLl+5RG2dDbvTQXCQFYsZHE4TTU1NmExNmJrPj8kEOI2qX1M73Z2drWWaTqfTr/Mm3eSEsVZu+jUsAygi8u1m48AbGzmVsIiHFP5KT2Y7yPZXTzNy8SSFvyIiIiIiATIdOnRI/2IpIiIiIiIiIiIiIiIiInKD/d3f/V2379N09epVBcAiIiIiIiIiIiIiIiIiIjdYU1NTt+/T3PkmIiIiIiIiIiIiIiIiIiLybaAAWERERERERERERERERESkh1AALCIiIiIiIiIiIiIiIiLSQygAFhERERERERERERERERHpIRQAi4iIiIiIiIiIiIiIiIj0EAqARURERERERERERERERER6CAXAIiIiIiIiIiIiIiIiIiI9hAJgEREREREREREREREREZEeQgGwiIiIiIiIiIiIiIiIiEgPoQBYRERERERERERERERERKSHUAAsIiIiIiIiIiIiIiIiItJDKAAWEREREREREREREREREekhFACLiIiIiIiIiIiIiIiIiPQQCoBFRERERERERERERERERHoIBcAiIiIiIiIiIiIiIiIiIj2EAmARERERERERERERERERkR5CAbCIiIiIiIiIiIiIiIiISA+hAFhEREREREREREREREREpIdQACwiIiIiIiIiIiIiIiIi0kMoABYRERERERERERERERER6SEUAIuIiIiIiIiIiIiIiIiI9BAKgEVEREREREREREREREREeggFwCIiIiIiIiIiIiIiIiIiPYQCYBERERERERERERERERGRHkIBsIiIiIiIiIiIiIiIiIhID6EAWERERERERERERERERESkh1AALCIiIiIiIiIiIiIiIiLSQygAFhERERERERERERERERHpIRQAi4iIiIiIiIiIiIiIiIj0EAqARURERERERERERERERER6CAXAIiIiIiIiIiIiIiIiIiI9hAJgEREREREREQ8X2DF3FHNKLnzdAxEREREREREJmAJgEREREZEe6HzJfIYnjPL4WXvE31cb4Zf7a30GYUc2+Ln/o6xNmM+Oc74edz+Or22ubYye56Ht/ivWe+5j+Pqj1zBPH/vrYH6Bvkf+bn++ZD7D55Zwvt09eZ93/+bd7nXQ7FwJczrbxgdf58x7XgHNvdMxuObf4TkKhOtabG9/50qY08G1XbG+nfPfDp/XmPexOzimr3M5PGEDFS1bGOfH97VozNV4ru1nsL19th2z+/GuZY5tt/N87zu+1n2fi9bz1um5co2h3c/tkQ1u+/MxFo/xtPN8QPdFERERERERQ9DXPQAREREREelOR1mbMIPC7M0cq8h1e9wV1rCUvXlpRHe0iyNb+GzWIY7luX4/V8KcCRNYe+shFiU2b7OB4TknWbn7EFNim3+fz+27c43fW163ig8BSGal93HOneT2gkMcc+3zfMl8xk2YD+77uIYxni+Zz7jlQ9hakUtCy/43EFexgATXa0rjdnOsIsrj3M2J283LaVH+z9NNwpOHOPak2/H3pPg43673KHkpeytyW587V8KcCaMYnr2ZY0+OuIbtO+B6T+LczjscZe16940usGPuBJbtS26dt9vjw/f4voYqilZBcjIf7vlvzqd1co25jYUV7u8BcGQDc/56ARKjujb35GToaAxHyijsbGyBOLKFZSRz774yys+ldX7tdgePeRvvy7i5dPLZbudcAhXr51N1DhICGnsUU/IOMaVlH6OYhvf74bqWhm7mWEXr4xXrN3S+e7/mmMzK9u4Xfl3rQHIn90Sv5yvWj2JaAmytWEBC7PdJTYZle4+yKLHtZ7Bi71bI3uwxvuwCt/uor2l7P39kA8MnjGJZIJ9zERERERH5zlMFsIiIiIhIj3GBHXNnQMEhH0GBEdYcm3WScZ1VGyYu8AwgYtN4PBsK9za/7gI78rdy74plrcFG4gK2Zu9jWZHbNitd4d7updzr6zixaUxxO0502kyy2cdnf/Njqp2O8SgFy/eRXeAKe4HotGWsTN7KK80VgrFpLEpzCx4ZQc4KV4Dp9zwDV7HeFcJ5h06xabxcsZnswhkeFYWBbt+R8x+V8WH2Zq8AagSL3K6X8yUrWbZvGlsrvIO1KKbk7WYlq3xcQ0cpLUwmddlMsvetoqDT8RxlrSuce9njPQASF7Q81uW5tzsG4z3Nzp7W2QD9VrF3K/eOX8bj13hddF0UU5Yt5d59Jznd7jbGvaFqxW6O+Qg7E57040sXXXHuvyndN42tXvejhCdbP5f+8WeOnvy51rsi4cnNZHOSqnPGuMaOT4bCMh8VzUcpLYTscdcY2iYuMO6hAXzORUREREREFACLiIiIiPQUR7ZQOn63K/Dwbs/qaluauIC9cZuuLUg499+U7ksmdYxncDcoLhlOnHSFp0bg3Cbcu1GOlFHINFI9wp8o4obCh1Vn/NuHX/MM0LkSXilMZuWy9ioOjRC6MN/V7jbQ7f3hM6xqZgTn967Iaiegi2LKrGlt93GkjMLkFMbGusazt+Mg9HzJJgqTl5LTQSVk1+eewuPtjcEVSKaO63B4AXAF32OiSMhcyr0dntvr6G8nXZX27TiyhWX7pvH41/J53EppdwSXnc3Rl+vxfpw7SZXbr8YXV3zM0ec9qIvafMFFRERERESkYwqARURERER6iIq9uAKeo6xNmGC0SK5w/ezOYpBru+gxKVQFFCR4VbL97SQfMoQ4r4rB6FuHQAAVem3G76r27DAU9HOM5/96EpKHtMy5Wcfh7QXK9+zj3vHfNwLH6zHPdvbZ7v4D3b4TzVXQ09pbV/TcSapoG3p7uGUI93oEXq5Kadd5ix6Twr2FmzpYt9TrPLfnGuY+KG0m2T7GUFG0CtoNtwNnBNkpjI0FYr9PqnuF+Q1zlLU5WzsI7ZtbEad027z9FpvGqhXJFOYEvja0p87n6K3Ta71LjM4GH2bPdKuYHkGqj3C2u8/5NX3xREREREREvnMUAIuIiIiI9AgXqMIVeB4po9C79WlsVGvYFvt9UvE3SDBax3Y9mO3Y+ZL5LVXKr8T5bk97o8ZYsX7CjamS9BFMe7hliGfL7EC375BRmb13BSybMIrhXQnHYocQ5/67d6V07PdJTd5H6UcdB35xt/pxnrs89xGkZnuP4Silhd35/noH2UY74NYW4tdR4Qy36v4yUis6r7a/N26gx+/un73hCaPadAUozBnl8bzxM4Fl+wIbanRaLsd2L4XlExieEEAQ7Ncc97mu4+Yf9+vZz2t93yrGuc9xrldFucfzK2FZ2xb7CeO8q+KNyvCVmW3bP3ufV3+7MUTfOsS/DUVERERERFAALCIiIiIi7TlXwpyECSwburmLwWznotNyW6qUV7HSKxA5ytqE9sKd7hyjcZxpJ5aytyLQtUm7oLNqXe9Wt4Fu74fm894cjgVUnemqEr79FuNXY61V94pI/4LQqr/6ccxrmHtC5lJYvqUllDtfsonC7qyCdbWTdg+Uo8ekcO++Msq7reK0HdmbXZ+bzWSzlWmdretN29bnrZ+9zWT7OkSBWweBlp/drEzuwnhj03i54lBrEOwdsvri1xyTWbnbfXxt1zLu9FpPXspe9zl630dant/NyuR9LFvpY+yJKZ5toFtaovuYltd5XeTnl1bO//WkfxuKiIiIiIigAFhEREREpIeIIg5XWJaYQnbhDM+g49yF1tDi3H9TypCOw9IjGxg+YRVxBW2r3Yyqy5NUeYVc7bVd9ld0Wi5bPVqpjmBRRQfhTgdjbK818OmqfTDUbe7nSpiTMIOqFT6qj6/HPNvZZ7v7D3T7AEWn5XKsYBofNgelsUOIo5PqXY/WzMaawZ7VmqMYt3wf7FtFgc/qRj/XYr7Wucem8Xh2cyh3gfI9+KzI7KqKolV8yFamuX9JYcIqPmQfy4pu1FqtI1i0e2knLbe/Qe2DY9N4uWIz2e1eG774N8fOtLnWAxbFlLz2xu7ZBrpi79bOW5wH6HSVH23TRUREREREXBQAi4iIiIj0EAnjcK0/OoJFFZuJc7VcNYKpLS1h6PmPyogb10EQdmQDw3NOsnJ3O9VprpDws795PnxDA4rOxugzPLxA1Qm3tYzPlTDHFSD7bJ97PeYZm8bj2R0FhEagmj3LFUYHun1XeJyrEeSsSO4gJDPW+21Z2/RIGYVMY2s7laLe66I2M1rmdhLodcPcEzKXUpVfwvkjW1g2dGab6tCuc6057aNKdu+KZK92wNdZ83nyVZnqEp02M8DQ9XoayO3JflaAN/Njjn7x40sFHTM+H4U5G9q8vwmZS7m3sIwKV/vnDtfRDtSRDUzr1vblIiIiIiLS0ykAFhERERHpKRKzSN0zwdVC2bt61tXa+MgGxlXN7LDtaMXerdy7YlkHYZmPEKQLAUXFeq8Q5cgGphW6BbQdvbazMfoIjM6XrGQZresEG62LN3dwLrpnnt4SntxMduGMtm1wXdXI3us3B7p9R86XbGgTulYUreJDt3a10WnLWJm8lWkJ3iHXUdYmTGAZS9nrqriu2OsWBnuIYsos93VRjTbbLVXpiQtaWvK2WQP1yIaW7a557rHfJ5Uyluaf7Nbq3+bgO9XHsaPTZnq2A74BEp40KlOXttvKewSLCqZRmBNgu+9rda6Etd7HO7KFZfsCD0g7n6Mnf671rmj5fHi3pI79PqnJWyldX0Zhdvd92aBi/SjXl13c2tOfK2FOAOsHi4iIiIjId0/Q1z0AERERERHpLkaL0rUJoxievdmrLfIFdsx1hXd5HQVhRpXsh4UTGL7c+7lkVu422jBHp+Wyl/mMSxjlem4aWwNcP3dQ3Em31zfv/5AfwYl/Y0x48hBb149iXMIq11NL2evW5vl01T4o3MfwwrZHyC4wKou7Y55tGeF8qvvYWsZ+iJfbzD/Q7YF9q7y2NeaUw0mWTRjFMo8nNnPM45qIYkreIcaWzPd6f7ycK+GVQsguaOd6Skwhmxm8UpLFy2ltn45Oy+XYmBLmTBjFcI9npl3ZvVoAAARuSURBVLG1ojkc7MLcPUQxZdYQluUPYVW3Vf82V0Fvbuc6MNoBT8svIafletvn+7w3f0YLZ3hdh63XsX+MLyuMW76SHWNymeJrk8QFHKvIYsdcH5+b7M0c8/NLBIGqWu59vGlsrcjtwmfI1xx9nFfX5xy/rnV8flbuXbHbd1cAoPnLDctyZrB2nHsHAmPt62XLt5JdsKDdWRTmjMLzluN5T2nzfPZmjlV045cXRERERETkO8F09epV59c9CBERERER6V7nS+Yb67C6aQ41RbruKGsTZrgCqkBDym8T4wsTpeM7CgJFRERERERErl1TU1O371MVwCIiIiIiPVB0Wi7HfFRdilwboyJ30dc9DBERERERERFpl9YAFhERERERERERERERERHpIRQAi4iIiIiIiIiIiIiIiIj0EFoDWERERERERERERERERETka3A91gBWBbCIiIiIiIiIiIiIiIiISA+hAFhEREREREREREREREREpIdQACwiIiIiIiIiIiIiIiIi0kMoABYRERERERERERERERER6SEUAIuIiIiIiIiIiIiIiIiI9BAKgEVEREREREREREREREREeggFwCIiIiIiIiIiIiIiIiIiPYQCYBERERERERERERERERGRHkIBsIiIiIiIiIiIiIiIiIhID6EAWERERERERERERERERESkh1AALCIiIiIiIiIiIiIiIiLSQwR93QMQERERERERcedwOKirqwMgLCwMs1nfXRYREREREZHvluzs7E63KSws9Pm4/l+0iIiIiIiIfKOYTCb+/Oc/8x//8R+89957NDY2+vU6h8PBH/7wB9avX8+uXbv8fp2IiIiIiIjIN0174a4/z5uuXr3q7O4BiYiIiIiIiFyrTz/9lHfffZfBgwczadIkrFZru9va7XY++OAD/vjHP5KUlMSYMWNUOSwiIiIiIiLfeE1NTR0+76sSuLNwWAGwiIiIiIiIfGNVVVXxzjvvEBMTQ1paGmFhYW22sdlsvPPOO3z++eekpKQwYsQITCbT1zBaERERERERkcB0FgCDZwjcWfgLCoBFRERERETkG+7s2bO8+eabhIWF8c///M9ERES0PFdTU8Mbb7zB5cuXmTRpEkOGDPkaRyoiIiIiIiISGH8CYDBCYH/CX1AALCIiIiIiIt8CX375JW+88QYOh4P09HRuuukmqqureeONNzCbzaSlpRETE/N1D1NEREREREQkIP4GwIFQACwiIiIiIiLfCleuXKGkpITLly/zD//wDxw6dIjo6GgefPBBevfu/XUPT0RERERERCRgCoBFRERERETkO81ms7Fnzx7OnDnDrbfeyg9/+ENCQkK+7mGJiIiIiIiIdIkCYBERERERERERERERERGRHuJ6BMDmbt+jiIiIiIiIiIiIiIiIiIh8LRQAi4iIiIiIiIiIiIiIiIj0EAqARURERERERERERERERER6CAXAIiIiIiIiIiIiIiIiIiI9hAJgEREREREREREREREREZEe4v8Dc1MQF6gXiNYAAAAASUVORK5CYII=" height="600" width="800" />
[Image
Title
Author
Publisher]--->[Image, Title, Author, Publisher]]]>
  </system-out>
  <testcase name="searchFeature_106" time="8.224" classname="testcases.MainBookstoreTest"/>
  <system-out>
    <![CDATA[<img src="data:image/png;base64,iVBORw0KGgoAAAANSUhEUgAAB4AAAANuCAYAAAD3oxQnAAAAAXNSR0IArs4c6QAAIABJREFUeJzsvduTHMd95/v5ZVV3zw0YgATBC0CCIgARhMElaUEUuRaPtd7VieWejbAcsbERa7/5af+mfdr1ky8PthWWV1ytDumzpMSbSFAEiAtBEABBEHdgZjCX7q7K33nIyuqs7p7BABwQEPX72I3pqa7KysyqRoj41PeXoqqKYRiGYRiGYRiGYRiGYRiGYRiGYRiG8Y0yPz+/4W26DW/RMAzDMAzDMAzDMAzDMAzDMAzDMAzDuCeYADYMwzAMwzAMwzAMwzAMwzAMwzAMw/iWYALYMAzDMAzDMAzDMAzDMAzDMAzDMAzjW4IJYMMwDMMwDMMwDMMwDMMwDMMwDMMwjG8JJoANwzAMwzAMwzAMwzAMwzAMwzAMwzC+JZgANgzDMAzDMAzDMAzDMAzDMAzDMAzD+JZgAtgwDMMwDMMwDMMwDMMwDMMwDMMwDONbgglgwzAMwzAMwzAMwzAMwzAMwzAMwzCMbwkmgA3DMAzDMAzDMAzDMAzDMAzDMAzDMO5jfvrTn657XxPAhmEYhmEYhmEYhmEYhmEYhmEYhmEY9ylR/q5XApsANgzDMAzDMAzDMAzDMAzDMAzDMAzDuA8Zlr7rkcAmgA3DMAzDMAzDMAzDMAzDMAzDMAzDMO4zVpO9t5LAJoANwzAMwzAMwzAMwzAMwzAMwzAMwzDuI24ledf6XFRVN7pDhmEYhmEYhmEYhmEYhmEYhmEYhmEYxtrMz89veJuWADYMwzAMwzAMwzAMwzAMwzAMwzAMw/iWYALYMAzDMAzDMAzDMAzDMAzDMAzDMAzjW4IJYMMwDMMwDMMwDMMwDMMwDMMwDMMwjG8J+b3ugGEYhmEYhmEYxv2NJu/lnvXCMO5nVPXWO1WI2PfIMAzDMAzDMAzjbmIC2DAMwzAMwzC+UYYliQxt1mpTU5AMu5XfDX+yhhCqPxIGY46/gybHbuxQ124tnWeJfRAldHj42OFrlPRZxoxDk/1FqzmI+yUfrWvA65dt65rBRgd0/F0a+z/U3Gri755KvrWmR5LPx3z9BrvF638PxqEj3QFCVzb674Jx9+3tHnc7x4jIyLHrPe+4cw63Z3LZMAzDMAzDMAzDBLBhGIZhGIZh3AOG7NPIZ6Pbo4KE36V1XG4liOI4RxO2Wv0fQLahCvgWbY10RQGffOjSD2+JT95nY08m69hvNdYr4G53/nTMFfl2S7Uh/z1WEt8TVnlexCe/bkT3fOlxzt12Y1G83q44TqXtnQrb2M5qvxuGYRiGYRiGYfw+YwLYMAzDMAzDMO4LUsX7bSCVpqlJk+Q9Y94njA9Df0NoMxUqlaxK/rxz/Jhtt1Nm+m7fK6n9jL8b94ThSxE33+blUdU1U7fi5LYuc2yvKAq++OIL3nrrLb788kt6vR7eh/s7y7LGvs45JiYm2LFjB/v37+cP/uAPaLVa6z/pELH/8Xwmfw3DMAzDMAzD+F3n0KFDX7uN559/HjABbBiGYRiGYRj3gDGi4pbu4ndZDsc6u5UAjlZ3aEia/BmPapQe3gBGixun55SGcU6V76j6XS29PW5bGKvW4lbrXSWK5dsqp3u37wUZM7rfMbm2erh81d219urVnXh7TnRDGblPG3JThyqmr7+XdWnyVWTw7aRol5eXOX36NP/wD//ARx99xPXr1ymKom7bOVe3Gbe12222bt3KqVOn6Ha7HDx4kCzLxqaB73RNYUsCG4ZhGIZhGIZhmAA2DMMwDMMwjG+YOxQT9WHD9Wnvd1LRO0gAj1S2HeO7ROKxGylzdOj9mBq7AqqCT8XwutLIw2nn9KcO/Yy/Rc087thbsYHzIsO/3slDCmtzT9YKXq3pkfGu8ss9FIn13SAb041G4vdrlmAWEebn5/noo4/42c9+Rq/XI8uyWvrC6PVWVRYXF7l8+TI3btyg0+nw/PPP18eMWxt4LaLoHel/9bCFSWDDMAzDMAzDMH6fMQFsGIZhGIZhGPcDOvTLWHcxXiLeTwz7m4G3rsSvDNKvqe4cOyIdvx7yRjCcNo5bY1884GPqVwVBg6SVVOiu0jdZReTGyYmB6OHDiCJ4vdx6bsaPc3xb3wZdttaDBTr8lEE65lWm6O7dgWujwqqPAzR+v40OjhOyKEh2ZyNcXFzk7NmzeO/Jsqwu+RzbTpO9zjlUFe/DWsMxPVyWZRjTBspa7z3ixohhwzAMwzAMwzCM3yNMABuGYRiGYRjGfUMqF1dJSzb2u18ZMrxDH2lSDBkBN07EqQ5emRvT0Ib0cM3tdYZXBEc66+u3blIpXamT0MNyfz2lpb8eaTnhcZWRf1fuqvWyVo46XX1ZVtlnPe38LtMQo/FhhDtIAxdFwdLSUhCuIjjncM4hIvR6vVr6xrZ7vR7tdrtO/PZ6vds+56rjSMdg8tcwDMMwDMMwDMMEsGEYhmEYhmHcHzTX+LzVHvevllqfHJVaA6f53zFKboys+nrIKusAj+xWpX5JXuuNWjZr9srwGOskcDLeb2i92fEjjzr+zkT7emTbsGC8nVK/d5fBwxaCNOot38seypp3WyxTrrd136Qllr0PKrxep9cr4tbXUtpGv9+vyzB77+uyzMNpYO897Xa7kQKO4vh2SIVyWm46js+Xft3jMAzDMAzDMAzD+DZjAtgwDMMwDMMw7jq3yhKOy52u1cb9Is/GcevcZFjaN+7nk30FX/vQoF9vldK8E6RWsomMHb/jYP+h3XSsl07WOB4qPSxjk7/SODaWa75bxZiVQfntUfGmDNYjpjlAANHkyt55/1Lxe7dSmqH/jZM2P5PkffpBXXJchz6/e0JxteTtmqXAG3H59fdtnHSv19FdhzRNj/fe0+v1uHnzZl3uOS3znGVZLZmH1xvOsoyiKJifn2dxcZFWq0WWZeu+H1ZbK/j+eajAMAzDMAzDMAzj3mMC2DAMwzAMwzDuOmuJmrTc80CENkVZ3LMuJry+FOu9YEx5Y20MUSvPlohsqeZHwTMQRdJs5u50cZVEcEOzK2glRAfXYlx7ox1NV22WyiLrsFwd2ncjB5xOfaioHYS7k9Gyz1qvgTyqeJXRQtK3zqynRzcJvvX2yw7fimaZ7qF31RLOkujVRr9k3Ihub1XmdZNUSV999KvntSEeeHsSOJWnCwsLLC0u0ZnoMDs7O5KobZwz+ftIVZmfn+fcuXN89dVXqGpd/jmmgON+MR0cP4vJ4LIsuXHjBr/5zW/4/sHvs/WBrauWdB7u/8rKCtevX2d+fp7Z2Vm2bNlCp9OpE9GGYRiGYRiGYRiGCWDDMAzDMAzD+OYY8rxxJdxGoA9F6xK0mgQTQ2JUieuY3o1s7MZSqzMRvDa1oaZ/xrVxqxHX8lU2Pg+bJnkVVwVdxwvK4TSvoI2Q6ODtkDgctsNNC1y/1aQ/cbxfL1+7OuG+iY8QhDK6o1lyqcc0MJRVuWFccj+OOVaS+1KbN/pwWlo0mNggCAf7bcg4G9KwvnDJNQznrb95Mu57dJe/W+nDHfHZh7TfSYR5NcmujTejqepxSev4M6ZvDx8+zNmzZ9m2bRvPPfcc27Ztq8s0j8N7T1EUdLtdjhw5wq9+9SvOnDlDnuf151H6xlRwLNkcBXA8P0C/3+ev/uqvmN08yzP7n2FiYoI8zxvlo9OxRPl76tQp3nnnHY4ePcqBAwc4ePAg3/nOd5iYmKhLUd8OdyuJ/nUSybaGsWEYhmEYhmEYXxdRq5NkGIZhGIZhGHeZRKZBbXU8fqCa6qhmKH2ssWRwJct8Jdg8kNWtDjRlmgO81/8Dv+6Hr9bQFUF9kp5VDwQppHhEPaoer+CyViXmBgpsnAq5kzEG+Tgk1WQ43Rpw6UjiMarUJjuuvyqCxLVzJYwrRG1j+0mpZw3JR5dleCcU1Sc+nq+ywW6D5WN9PWrxOSoXYy/7/YIsd6CKKOQuD9dCBg8koFCUBZnLBiLYxYcTBoI1ltr2ongN921e9SMTQbUM43Ub91xynT4dGjOEORYRCh/uNcmy6Lcb+wwesgifZWzcd0qrPnkPbRdvI8XVTyZIIsylsSpzuLviPRLHN+hcTNvW404SuHFe+v0+Fy5c4L//9//Or3/9a65du0an0+HAgQP81//6X9m/f//I+r0iUkvjs2fP8u677/Lmm2/y6aefoqqNtX1j2jeK2LQMdPq5qobvgnNs376dgwcP8tJLL7Fv3z4ee+yxhgBNBfAvf/lL/v7v/57f/OY39ecvvPACP/nJT/jxj398R+L0bgrguCbxrc4xnIY3AWwYhmEYhmEYv1/Mz88DcOjQoa/d1vPPPw9YAtgwDMMwDMMwvgGG/jE/WpuR4GGyQaFUcJUILRD6QB8oq12Gc25RXt1rAQxRtiVDjI4UcCJkKuQaNmc4cC6MuRpnoQPpPW5MdzpGN+hKLdTTMr+SvFzdX8gUMoHMCVk0hqqo92SxdK5qYpgrkaNRQlZK1Dm8hDH2aF7PoYD4hpBmWVWkzliL0pCL9bjzjJYIThSnUIo2bGh80MC5IAk90BehBxQMrlc6Hl8VXW4BbSCTeO0d61h69o7HPXzf+OqahQcqqvuMMP9xiMMCOG5Lx/N1cYA46BLmogW0iHdh+ihHc3JEtUpkV/dSlMZR+noND5VU0jdKxChh+/0+X331FX/1V3/F+++/z9zcHN57FhcX+fDDD/nrv/5rXn31VV544QWmp6cB6Ha7nDlzhk8++YRjx47x2WefcenSJa5fv473njzPR9bkHVnPuJK+w9sgPBBx9epV3nzzTY4dO8auXbvYs2cPe/bs4emnn+ahhx6q9/uf//N/8tprr/HJJ5+E8VYS+ciRI7TbbTqdDq+88kotmNPz3I1y4+NIxTsQxn0HpyzL6uEIcetan9kwDMMwDMMwDGMYE8CGYRiGYRiGcT+QpP7qRKJXVMAL9BSurfT48voSRXuKwmWU4hrlh5vlYtevqzZUGFeNZdUrlhsuoZKKnkkHD7QdD0862lQJRYFSgvhdAhYVbhaw2FMWuxqy0mvIm/WOIRXAJYP0rySfxzLFgjLZcmyeFKZzmESYlCAxnYTArxsqwVunayXa0nA1VaVK+woFwrLAInBT4WYPFnueXhGSoVGursV6r28U2ZBKTcGhjbFOtGB2yjHpwhg7CC2p5qERXJfq/wXvlULgeq/k3M0+S+T0JYxRa5UKop5MlZYvmJaSHVummMmgI0KcpkH7G4TEOdL6WQsVodQgpLsu3GdLCvMFLKx4ev3KrTpXPRwwSGRvxIMVgiKqOC3JfEnb99k2M8GDEy02OcjrZHZS+FybLUiyXvb4c4zOoojQ7Xb57LPP+NnPfsZbb73FwsICAJ1Oh7IsKYqC999/n+XlZY4fP862bdtQVa5evcq5c+c4e/Ys58+fr6WxiJDneS1bh9cIjudNhWtanllEyLKsLhs9NzfH/Pw8Fy5c4OjRo+zcuZPvfOc7bNu2DeccS0tLvP3225w+fZrl5WWyLKvbWF5e5siRI3Vy+YUXXmDTpk0NAb6a+L3rSduq+cXFRS5evMi5c+c4f/48y8vLTExMsHXrVh566CF2797Npk2b6jFI80tnGIZhGIZhGIZx25gANgzDMAzDMIz7gFQhpgt8qob0bw/48sZNXv/oFN2pbazkE/RdXpWLHs/qnzTPu9ECOErHTEOK1KMUQCae3PfZ1nHse2iaLU/O4jTIthLoKiyUyvn5Jb5YWOHiYsG1ZZjvCiXZkAy5g8LQGgRZLYAFVKKkrMpVV0pdvIKWbJrI2Dbt2T6d88jMJI9NT7KlJXRcEKS5A9STSUhm1vKLqlq0C+JaVfE4uh4WPVztFpxbXObs3AJXloX5rrDUE0oPWXbr/0wbrJt8q/EO7gMvQYLG0syuGnOmJTNtz/ZZxyObJnlkepJtEzmzLWFKhFwq0Z2Uwo73TQ/h3NwSrx+/yHWZoOsyCjIUh4jDqeJ8Se4LOsUy21qeP35uNzumHbmTurzyhnuuen4GiWxF6KN0Ba71Sr5a7HJhqcuXC32u3lSWumE/XCgNHdPMoeK33NZDFeMQwgMQmS/Ii2Wm/QrPP/Uo+x/ZQmdCyNQBHtFxJYOrRz1E4sUfKSk/nBSNSdS4bu7//t//m3/8x3+k3+/jnKtlY5Zl5HnO/Pw8b7/9Nr/97W/ZunVrLYC73W5d4rndbtfHRfE7LIC993XiN6aDxyVw01RwXC/45s2bXLt2jXPnzvHBBx/Q6XTIsozFxUWKoiDLsloct1otVJVWq8XCwgLvvvsuKysreO95/vnn6zGkpbCHSdO6d4OiKLh48SLHjh3jo48+4rPPPuPUqVPcvHmTyclJHn74YR5//HEOHjzI008/zc6dO5mdnR08QGIYhmEYhmEYhnGHmAA2DMMwDMMwjLvO6v+Sn3o8j9aJ0VBm19H3RShXK8L563P88v3fMjfxEDdbU/RdCy9upBR0xK2yfbV+bIRvCP0WKD2ZBsmoKOoEpwXtssuu2QnYt5MXnpwN5ZSBZa9c7Smn5nu8e/RLPvr8AmevLbLoHdqexJNV6+lW5xmWNnprPTdY/9fVG+Latqivtvp6rV/xSls8rXKFHQ9M89xTO3j+ycfY+1CbRyYyZjJHR6GlGsYc8s6oakjxxqYECnH0gUWBs4t9jl1a4P1T5/n1Jye4qTl9N4G6DirZ+q6D3vp6SVXyWNSjLiRzY81l8VonUjP1ZL7PpCt5ZtdjPPfkDvbvmOGpLTkPt3MmCf/h6AgiWKjSxC6I+zPXbvDz33zMBZ2gl3coXI7HISrkGq57q+wxVSzxnZmcvbufZOuEYzq7i/K3Si8rVKXEhVKERRGu9EuOXb7J+6eucuSLS5y9Ms9SmeFdGKUnPBwgWVav2cuIAL79Xjs8mUBLC/LeAg+6LpOTHR7bMsO2iXZ1H1YPDAzy1oNBSXNL/ckYuRrLIwOcOXOGn/70p/z85z9neXmZycnJWqLGRC5QC9WlpSXm5+fr0s3pS0TqdofTvansjRI43T68D4S/48qybAjkiYmJun9LS0v1Z3me1/3N85yiKOo2syyj2+3y61//mqWlJcqy5Ic//GEtkIdLM98t1DdXFL927RqvvfYa//RP/8TRo0eZnJyk3W4jIszNzXHlyhUOHTrEG2+8wSuvvMJ//I//kRdffDGsq+x1XesHG4ZhGIZhGIZhjMMEsGEYhmEYhmHcdcapOmnIr4Zc0lAWFZeRuYxelQBeQligzfLkZpZbM/RcCz8kB3zyq4tLhN5mz+4UlYFI1loAh7OUlLS1YKLIKCamkOnN9Ahrny4DXyx63j89z8/e/y2XesKCtulPb6LMWpSrlLUdOxZda0RB0salU0OAshLUEluoSgarkvtqjd6yx82e56tPr/Drz77kB3t28H8feJRnHpwJQi8L0rCWy6JBkGYO76FQWHGwoHDiOvzsw5P85uwlLnaVlalH6bsWvT4oOS7P16p0PW7E68NJlWKtHjRQrVLPJc6H93N4bl4p+PjiUZ7aOsm/2fcI/89zO0NK10MnNFM/cFAS1jHuZS26U5vpyhQ3adETVyWABSmV3HsmtI/vwbzz9FoZfWHVBxc2Ai19WIO6kqYFwgJwAXjj00v8n6NfceLyIt3WNN2J7fQ8IC6s0axKPzZUlamu07ahudt6uCLpVUiL+z4TWc6ELtHrTNFvtSgYleFryvFGd1Yvb3zx4kX+5m/+hl/96ld0u12mpqZqcRoTuFGwpkK41WrVa/zGfZxzDemakqZ5hyVwbHv4mChkx6WFY2nomFQuigKgLv2cnicen2UZk5OTHD16lH/8x3/EOcef/MmfNM5HTOXfJcRJkMBeKYqCv/mbv+Ff/uVfuHTpEg888ABlWZJlWV06O8syOp0O3nvefPNNADZt2sRzzz2Hy+7sLjMMwzAMwzAMwwATwIZhGIZhGIbxzbGmd6ikhg/rf4oIHo/iKAkisp/l+IlpVrIOS1mHXhYSwEHfDFZS1ap8aFjf9dZZRX/Lvt0moqgL5Z+dht9FFPEFGdBzbbqSs0Lwap9f7/HWp5f5/46f4/NuzlI2yQotCskha61bc4prlk0dzQRLNR9N7a6i+FRHquJUaOUO9UBrimUtWdIucyXo2atB+u5R/tUjm8L6tgpOBMSh1eqxXj2Ioy9wo4QT833+9v/8lsNXl/iqaHEza1PkEyg5vgXOtYJk88UdTftqhFCpoGlqOMSDES0RjapRWC5LOuLozfWQ4xfJtOTHB3ayLcvItDoMQRz1WtWFc/TyDgtli+WsHRLAklWlpktyB0JOrn36eYHPAJG6xPJGEvsUxutRcRQ4biJc6Cv/9NHnvPnpRU7Ne+azTXS1g4rDtyRcN1Ukc6jL8F4Hyzg3ziHr+74MDU40rI6cuwwn0NeCnssokPruG5H/MvKmudOYtXcB+v0+58+f57/9t//GoUOH6kRvXLs3XYs3FakxLQshZatDD1TkeV4ndocTx+nPmBgGGinjdJ80GTxuDPH3WPo5SuG0zXEy2nvPxx9/DMDKygo//vGPa5Edj4n73Y10rYhw7do13nzrTf7lX/6F8+fP17K33W7Xot05V6euy7KkLEsOHTrE1NQUe/fuZWpqqiHWDcMwDMMwDMMwbgcTwIZhGIZhGIbxDRMdR6oeorgCkoSbx1PiJaNfpYB7Al2X0Xc5fcnRWgBX+dVYJlYq+bsOv7GxEq6yhBmIB9HQEecUJ1BITp+cHhkrwHwf3j9zhbdOnufEjWUWJ2Yp29P01VHiwLkQP10HIgMxt2oQOCmjW6+NizbKS6uGEslFLJksDicZpQ9lnM8tLfH251fp5C02TU2xb5NDUFoIwUGHFGkpQgnMl8KJa0v885EveO/CHFeZZLk1TTdvU4igZOEcuFBq2LXYiKtSp7ErAZwa4Jh4FslIixv7rIXXHO0Lx+eW4cQlZjZt4sUdm3msk4e1nWPjMUrtMjRv09cWpWtTSoYXBwguzxAPhYeSHO+qtZe/9ujWQMJax+pD8ndRhC8Xu7x+4kveOnGBz+Y9czJNL5+mR4ZXDZHeKO819B3nGvdF4xTr+GLpUFlyp0KGIt5TEspS+3Sl7uTerNO/o88wJNvCFVZtilBV5eLFi/z85z/nvffe4+bNm3XS1ntfS95UgA6naofHJyL1/uPGPixTY/vxffw5LgWcvk/7kZ57uO2036l0hiCpl5eXOXz4MM459u/fz2OPPUar1Wq0fbfkLwrXrl/jpz/9KRcuXKjl77gxpvOdZRk3btzg448/5te//jUvv/wy09PTVgLaMAzDMAzDMIw7wgSwYRiGYRiGYdwDdKTAa0ztamKIBdUST4YHCpS+ekoJEi3Io8YqoXWSUBktUyvJZyMRxuaHg19Gtt9CRkjyUwZvS1XyUHCYkpxCWiwCn19e4IOzF/n0+iKL7RlWsgnUtVCp0oOqY0rcDi2AK/XWwaY1JKPWNaAHPk2HzuElnNtlQTCF9XNzPBMsqPLZ3CITp2/w4PQUjx94kBbxP65Cb70oJcIKcGG5z0fnrvP60S+40trMkpuil3UoXUZJGe4EJ3gfOh1E1tdXpJ6qLLfUxa9rvRjvAY0RcQ0pbe8cvTJHWx2u9j2fXFtm6sh5tm9qM7tthraDLJrldO5cjrq8kqgOr4KIC6WngbIs8Coh0e5l5O7fKOoy5ApeHD0RbpRwcn6F1z74jNO9Njdbs/SzaXrk+CwLiWunVWngULY7zIdDU0FbIaxTANO8iorgNGz1WpDeeW7ouMHXZ/y9PthzlKIo+PLcl7zxxhssLS3VchGaadwoH1M5ma7PW59ySFgOt5Uelx4/3A7QWEs4JQrk4ZLRaVo3tpmuRZwK1bSssnOOhYUFjh49yrlz53jwwQfHCuCNlquqys3Fm5w+fZqPPvqIdrvdKKMdBXwcU1xPOfbHOceNGzf45S9/yb59+5iYmGiklw3DMAzDMAzDMNaL/ZeEYRiGYRiGYdx1HFHNamUdo3AUbe6FOFSLIDqq5GktUp2QtTKoStWqxMLFUrcvKiMyszpxWiW6+ikjkqruR9Lj5vZxwkTiyIK7FsHFCDKKSrWupyqKg6xFkXeYV3jn2Bk+v7bEcmuKojVN6doUPohXCOIwywaGd1Qp+SqyK0jdw4H91ZHuxsRk6HYMxapWorQeBLgsw2WO0gcZXOBotSdYUYWW8OmVBd45fpp/88wDTGVCS6RS8oLHUSDcVOHUtQV+e/46V6XDYj5NVzoUZEHYV8lcJxLOR5D+awrg4eu4LpLoaD0B8T7Uar1coShLwOE1w0sHEeWDM1/x0t6HeWLzFNMTDifQqu7heP94rZLUcc41lJz20S+LoM4hLuwTErAbT3wIQiXMbRfh8krJiatdTs33WZzawpJ06KmjgFDmOdpW70OHncNlLtwGdfo8fdBC1oiYN/uSXkdBQ1nqqhR0I7WbHCNJA8024n2tjR1TQSsirKyscHPxJv1+n7IsG5IzStIoVKNMjWv7xvZSsRr3jevvpmsFp+2mYjfuNyyDhxO/8ee40s5RBpdlWYvTcQnieO60XHQ957HEtR8kbVdLE9+K4eTwcEo5bjtz5gzvvvtufe5UZscU9jDpnPd6PU6cOMEXX3zBli1bmJmZuWXfLCVsGIZhGIZhGMYwJoANwzAMwzAM4xthIOAGYnWV8rI4RHyd0qxzm97jix4ZJZmUlJKDKFoXkpVQcjm2HysiqyaJQkFVBklJmiIuCe5WbVdvpVrPl6FEbnSzOmhPqz9UPColDiV3gpa+EqkZi5pxegmOX17gSlfpZW36uKp1wZc+VOHNgvAOCt2jPpjazOWEJKUHUTKJa5dKLdXT8HJDqmlZtRukNAriHJmrBKxXSu8BwftBehagX3py16LIYKXscaXnOHx+halHJ8hbYa+sEqE94GoJn1ya4+Nzl+llmymkRUkWRDihwrTLMnxBkIP1HZKKw8E4Bp8N50ZHiTliBbTs41xYFxeEPGvjPagTvHrUB32biVD1lBMkAAAgAElEQVR6UMnxGaxowU2fcezcZfZsafPgo7PkVGWgG2h1f1Q9FklE/EBjehTnBvfZ3dBW8XGIknANTpy/xP/74Sm6kw/Qa01RZC28ZFVc2JOLq8YfEsue8F3LhhP6yVjvBBdfKmTkOOlD0lfPuHmN5xsTcx/pV2B6epqdO3eyd+9ezp8/Hw5L1vkdt+5u3A40hOq4xHBZlrUwnpiYYHZ2lieffJLvfve77N69m0cffZQtW7YwMTGBc45er8fCwgLXr1/n888/55NPPuHkyZNcvnyZfr9Pr9cbmwqO54x9SkkFdrpv3O69Z3Z2lmeffZZnn32WqempDZGkq61ZHLd1u11OnTrFBx98UG9PU82pnB5eIzlK4qIoOHfuHO+88w4PP/xwQwAPr5+cntswDMMwDMMwDCPFBLBhGIZhGIZhfCOMCqRYSrZOAUu6xyDFmgG5QAvoqKdTFvRdH6lKKoc0ZxB7Ltb8rRK4oaS0r9sSsuC9qqRwndhMTl9XSBaPrza6+Lm6RElXDq1a6zR43yCrVBSttJYTJUPIyoK2ePIMChUuzMO1bsaSCoXLUTeqBEUV0TCGDCWPc1comYOQhi6C4MxaoA6XyuikznNd/lgULUpQjxNBXIYq9HsFgpCJI3eOvvdVSeOwSm68TB5H4TJ6Wc71lS4ff3qaZ7btYbbVrtKwgkcpgKtLysVFz0Ih6NQESKuew9AbF1KaGlLTOSC+QCqxXc9DLXz8QHTL2gK4Gi2q4Jzg1CMS+lf0uyAOT1aJJ4fgQ/ljqdK7OLzL8a02J86e59yjUzzz6CzTDHlIbSbZB3I3ZrK1eVmDH75L8leS6wTLJdzoKde6sJJN0ndBwIc0ekydKpm4am48lAUtlLyaXvU6fJLmQxDr7puSA23xZGUPKXs478kI3/GQ3q8C2tV5SH+Okb9aP8AQSiLH8sePP/44//k//2fm5uY4evQoy8vL9dq/KePW2o0SclgWl2VJWZZMTEzw1FNP8fTTT7N3716e3PUkm2c3s2nTJmZmZpicnKTVauHEIS70MYrePXv28IMf/IC5uTmuXr3K8ePH+fjjjzl79ixzc3OUZUme5/W5Vys5DQOBGpO/qkqe5/T7fTZv3syLL77IT37yE2ZmZhrp4dtJ/Y6bp3HJ35jy/eyzzzh8+DCXL1+uSzd772upHt+n6eg0GRzLdZdlydtvv80LL7zAzp07abVaY5PLa62vbBiGYRiGYRjG7zcmgA3DMAzDMAzjG0MaLiyVYDpidyrJUUm0lkLHezpFl8neMqVmOFdQSlSzVSJOQzI0JIF9td6tJmJMktLPoxqrqal9UkK5Ek0MBLDGIWklgivZCA7FAx6RIIAdkBUlE97TKpbpLa9wbb7Dkm9ROEVdjooLbQTvWp3WB0mmJZkvyNTjKuHoBIQSrdbRpehBJVIJo69LHYe+h8nXqs+ivpJUocxz7kMSEskoXRbkJ4OLFIVyKC8MpQiL/R5nL15kpXySkvagpDJCCdxY7DG/UtIXR1GXwU5K/npPWDVXyT20fEFWdsm0mr/0wmgcVbyS4/Oio3dREIT4ovotoySjh6PfbkPeDqLb6+Cuk+polyOtNtcWrjK3skKf4Xzy6H1Tb7uzoOyGEJPtyz1lsQu90tF3GSUueWhBEeegrPLUqmQ+3Gdt9bh+eIBhpNqz3FnqUlTJ8LR8n1Zvibb0aPULstLjqrt2tWR0/SBDHBwMVLcMUryxX9PT0+zfv58//dM/RUQ4duwYy8vLY8sYD8vDNPUbRWxcb3fXrl0cOHCAAwcOsGfPHh599FEeeOCBxjq1tSDVQRvtdpt2u83MzAwPP/ww3ntWVlZ46qmn2P/Mfo4eO8rhw4c5fvw4i4uLtFqtWtqmfRyWprFfcVvc9w//8A/5D//hP3DgwAHyPB+7HvHtMm6u0vGqKqdOneLkyZOsrKwECZ7I3rQk9Lj20pR2lmV88cUXnDhxgt27d7Njx47GGIfPb/LXMAzDMAzDMIxhTAAbhmEYhmEYxjdM1K61fq3k3iAIPBAozoVUaAfYkmc8vmmSxak2S1m7SjO6StIGWShV+jf+VIkStJIMQ5VkJUlvSuMTKiEb+6d4jb2uUssSSidT6d5B/wXvg2h24kJSVxVXCh1Vtk0KExQs3nSU6lAnqMvqRHKVfw4v72n5kk0txyaXMylKS2IqOBwhEubAVyZ6kGCWWgDLYBhhrd9q7V2pPim9IpXEWi488/0+N0qln4X1fAfVjeM6t4o6pV94bq506akOyvjGVCCwuNJlpV+iklGqElZtHiQXVTxOIPeeji/Z5JQHJtu0fD/IdtXq8oXS1IhjYCRvkQCuQ+QS1jLux7RojnctrvdKrquyXHr6LsNrXB9VwsMJ6qrS3o4+jr4KReMOuf+IuV6PVALYs7Ti6XvFu3A/VN8MFI9zWVVWPIjfKfE8ON1hSj1Z2QfKcB8lVJfjDjqnOC3JypJOu8MWydjackzUBcGr7+PYcVUfakz2h63xekVxGE4TrlCn0+FHP/oR169fZ3FxkRMnTtSyME3YxmNEQooYaKSFVZVNmzbx1FNP8YMf/IDvf//7PPHEE8zMzDTaaSRUfVNsNqchfDY5OcnevXvZs3sPz+x/ht27d/PWW29x6NAh5ufn60RsKkbrazAkg+O5+v0+W7du5aWXXuLgwYN0Op1GH76OKI39GFeGGeD69eucOHGCc+fONfqZrvs7vL5yJJXCsVT08vIyH330EXv37q0F8HB/DMMwDMMwDMMwVsMEsGEYhmEYhmHcY+okLdRyr04J+7B+7gTw+NZN/Jvnn2Gls4Wem6BwYS1ZrUpAS21ro3gpq0Yq8SXErGzYHOWv1yStOcinauIolJB6lUouS/W5uIE29pW4dQjeh8adgHOVEPJKpp7JqQl0coIPvrwZyhhLWJcYqsVhqwRtpp5cSyZ9n12zs+x+cIpHp9tMOcGXBVSCSKTSfpUgSpOnca1jSbYrAwGMgqoD58jbLbr9HpcXlvjs6gIfXVykdA4lq1PTdVY7mjrnkFaLokr8KukMhjWDSx8kdeaCDPfEJLAH8WH++z1m2o692zbxhzu3MVH2iEW6Xbw/hpKVt6pCrEJY51eVic4kZdGrUt0ZPRVOX7vJB1/d5MtuQV+lupYhcx5Fly89vaJA8gzNsnqMI+dilQ9G9kseMLj17neEJj+7RclKUVIiqLhQ6lrqLxtZFkpAu36PSe2zY7rFv9r1AA+2cqZEyUM0eEP6FR5aCKK5owVTWrDv0Vm2TmbkdXac6rtQSeb0Wld9do3J1uq7PShFnJYSnpiY4Hvf+x4nT57ks88+C0esIjGHhWq/30dEmJ6e5sUXX+Qv//Iv2bVr19gSxt57YilqEQFXlUVGGsnk9Nzxd3HCjh072LFjBy+99BJ/+7d/y+uvv8758+fp9/vkeV6XRY7ni8nfPM/r85dlifee/fv3s3PnTtrt9uAc1ZjGjXU9NNrwWv+9l6Z6Dx06xKFDh7h69SpTU1ONa5GW045yfXj+YqnrKLudcxw6dIinn36af/2v/zWtVqtxzmEpbhiGYRiGYRiGkWIC2DAMwzAMwzDuA2KCtvRKJiFFKgLqwXmYEHhy62Ye+P7TqLhKOAp+qJ1UZ7ihttN9pLG/NralAi1trxw6NrYgY84x/Juv94a+CF8slfz29DJOC9Rn+NKjWYZzGaUPUjRDmaBklhV+uOdJDu6c4vFJYZqwZqpLpdnI6AdlgIfHHAVzemxI9QpeO8zrDO+fb3P8ny/Qz3J83kacw1Vpa1eljFWh9FAgdWnk4V6Ia4HL8UDpC/qFwzsfxLETMpFQctiVPPXQVv5438P8XzszZulUYxyX841lpNeWV5r+KYLoRH2tusBXfppL/3yDy4sFZTsPYtgrLguSS0XIWjnOO7rLfYqiqNt2yXibvVq7P99EZrF6lKBOAiuunu/Se7xk4XeUXq+L89DRHo9syvjBd2Z59blZHhCYYeP/g7l6nIBW9X4yc0y58HvsvMqo23caH8hYewajOExTuVNTU8zMzDAxMUGv16Pf79fCMU2npuvt9no9ALZt28arr77Kq6++yuOPP14L07hf3e1EQsffU9E5nAYeV4Lae8/MzAx/8Rd/wZ49e/i7v/s7Pvzww3pN4nGyNk0JRyYnJ2m32yP9oZq+KJ1vh0bi2DXHAiF5/Prrr3Px4kWyLGuU0Y7v47WJojpui20XRVFvb7fb9XrGJ0+e5IMPPuAHP/hBPY7h+TYMwzAMwzAMwxjGBLBhGIZhGIZhfIOs/o/28R/2HSoa1q/1HsHhCOvTTglMdqpUG7cWam7Mfqn4TT8b7tVgf5/sIbU4TXs9XgA3hbJnIAyXgTlXkGmZlJ1OksnOgfeoljjfp1V22dISHmln7GgHMZdVr3F9Hj+O5ra4cnJ6Zk+QuTeAB1pCXnSh1Qdthb0liuL4R1DQhdcR0RzP55U6fZrnrWrN4YyyTvQq+JKs6LMpUx6ZyHmsDVuRShKO9n2t8Y4jvb5KEPldwvxNa4/ce3KBvlYiMEbDK1Hmsqy+hrc6p8Q/7nF12oF+CxF0FakEP8RIdRToWSa0VJlxnodyz86O40FgCuprsJEIYe61+plpSMfXqVKNV0wRqVLqUJddv10WFxdZWlqiKIrGWsF1crciimPvPc45tmzZwp/92Z/xyiuv8Nhjj5FlGUVRBJEpIa2fCsn056pjX6UsdDx/q9Wi3W7zve99j263S5ZlvP3220xNTTVSs1GylmVZi+zY/okTJ7h06dKIeJZk0fVxa+neitXW/u33+1y4cIFPP/2U+fn5ui9R9sbf47zGtobLQ6dCPi3Jfe7cOY4cOcLBgwfrdZEbYxrTN8MwDMMwDMMwDBPAhmEYhmEYhnGXiclIGSzKOmAo1Vc7ClVUfShZi5KJ4ESGVskdPdPwO1nFGKlWUjYpkTxe4IY/o4h0cZ3d6iOp+jwuZRx/RnlYJu9b1Ye+GvRAaviQfBZFfWg1E2hJWAd5UmESyKQSc9o839poLXFdNTdVFWio+tUXWAHaCuJ9YySaxDO1kr8qUpeeTrrTlOQqiLpQ6tlVY9aBgMqqctctLZnAM4Fjspojp4OUdnVYMse3HvWw4PfVWsWZhLLiedDTqIYC3iIO1UrXi6f0JahHKonqtdmH+w4N5cBVsqpUt1Tyt1oj2jFYG7q2wRrWmi49k1oyTZC/U1pdgzGJ3DvqGuGUXsO3t76HGXznw37VFZPBtvr7OTL/t74Lzpw5w/nz5+l2u3UKdTUBGiXr7Ows/+k//Sd+9KMfsXPnzrr8cF3OOZG/d0JjveBKOsf2AbZs2cL3v/99iqJgZWWFEydO1GnftO/D5aVFhC+//JKvvvqKmzdvMjMz0zhPpCiKkRTzeknLQQPMzc3x+uuvc+XKFbz3tFqtWqYPjzktC62qlGU5Ns0bRX2r1eLatWt88sknfPHFF+zcuZM8H/wzTiqVDcMwDMMwDMMwUkwAG4ZhGIZhGMZdRquSw+M/rNKWDGSqRBEURRVBFsFAHmk8oKEHB++q/GCdc0w9c0lIpRZAwUDKjhPAgpAhtFBa9bbqlXiqtA+1MtWBuIoC2ROEWixhXFY/caGvPpUmUTJVjcRyyA6t246kMrjRieF5r4WaVOIzncu4Am56lAOqtZbV1ccjvrpYiYCKf2pzLqRaiNh7DWsS+yhlQyFlh5ApZF4RjesoD15xrH4wFY2U8Vo0yjJX/dA4h4QhKJ5SS3w1niDKQwLY+wKvHufCvbieFPC9p74SQcKl675KJf01qtMMfIkWHjxkGq/40DXYoF7FuVNVHIMHOlzsX7qnuJFbOt2jelJi1b6pKv1+n08++YQzZ87U4jF+Niwo47bNmzfz/PPP82d/9mfMzs6OJFjT1Ol6U7S32i8K4LTt7du38/LLL6Oq/I//8T8aqd50bd30eOccy8vLfP7555w9e5b9+/ffUX/WS7fb5YsvvuCXv/wlKysrjYRuHEcqjIuiYNOmTTz44IOsrKxw6dKlRn/ivlEA53nOysoKp06d4t1332Xbtm0jUvt21zM2DMMwDMMwDOP3AxPAhmEYhmEYhnHXWSuhNRC24bfBP+ZnLmdQd1grCaqVGFXQKOua2nfQbp0lxFUqWAkCeBnlZuFZ6Bd0EfqV3EtLGTsgV6UjsCnLeKjlaItUicg0g1xJG22OBaJoq3o2JCi8xmHVRg6tSuEKsUwqlN5T+rBLJkqmMSkcpGSU0Y3zxp5J7GE1H7X4Cev4EoW6NMVv+KjqucTZiPIsth0Unvc+mefmVZCYFEbAZSAZqiFp6yrZ7/se8Rpkozal4yB9KnXJ63iN1pP7i3LfEcSzEwklnqv2xQ3mCLSWvVKVH85cSJ4TR7HBjunuyOSBkI/3Vrw/4jX3VN+xLEfKwc0jLumXbGwfY5tOhEyDiPY+ZMnrpyLiHFeiuplAH9dgmu+uNldSUFW5fPkyx44d4/Lly+R5XsvFcdJQVWm1Wjz99NP8+Z//OTMzM4N0aRIlT0sP34q1JHG6Pc/zRknnyPbt23nllVc4c+YM//zP/8zc3NyIVC3Lsm5DVWm32xw/fpzDhw/zzDPPhLLKZfz7YnSd5Fv1M+3r8LgvXbrExx9/zJkzZxrlnuM40nPEdX6fe+45Dh48yPnz5/nFL35RX5s0nR3nInL9+nXeeOMNfvjDHzI9Pd0oM20YhmEYhmEYhjEOE8CGYRiGYRiGcZdZjyqJkk9qfThIMcYdpI6WNksOa2NLM48rQ4JIgR5wcUX58MwVfnX4FDfdBF3XocyE0lWeR5WWevKix0MTOc/t3MaP/+ARtlbCdTgVmZ41Fk6+1bgdUahopaqrdVDrQXu8r0qkjoyCxm/jztVMJCsNiwWj1nhcH11GmEUF5xBxUJa1lBc0rFk8ZmzVap8oSXJWpJLC1XWLKe84cTpuhE3uxMEqA7lZC3nAq1RluKu+iVbi0Yd7J00zMkjG3gnrTS1/XVQlVurGieCckIkjw1F6guB21brGZYmLJa4d9HxIxferF6TXcgP6NvS7kyjYkz3SpxeGD5DBDyE8jBCkvavGXiWKnWNlZYX33nuPS5cuNcoOpwI3LSFcFAVPPvkkL730Es8880yzRLKAyzZWNg7L1HR93JTZ2Vn+/M//nA8//JD5+fnGPnG93Nj/KGGvX7/OF198wZUrV3jooYfq9ZWH0erBGslGP0+l72rC+8qVKxw/fpzl5WWyLKsTwGmp6nRd5QcffJB//+//Pc899xwnT57k/PnzvPHGG3jv6/lOy0LH18rKCkeOHOHUqVNs3ryZTZs2rWuODcMwDMMwDMP4/cUEsGEYhmEYhmHcZdJ0r4ri6mSfJJ8Pkn7hbZL4E6ljpwMPIfhmgd9wmFZqr04valX6V0LKkCC4bpbKV0slx64ucdXDci70coePktArbV/SLro8Mtln8/QyKzpwlMFXaq2s09QryfvG9mFTqx6nitMwPpWhHXRQ4rZeG7mekuGRD87kk6kc9CVNsDZ1+WrBvyinqUoiiySlvJMBDquh0NckmZzs6yVe13iUq8tOr4qs+estGJQI1tonDiVGqdaCrl7xKBEhneahab0j1rNu8ddBY1qe6LQrUViWqHqyPKjt0ody41lVRrlEWMExT4srhJT8FNUawKwnw78+Yls5kAu0RMjj96Ca8/j9b8SQqWQnihM3qNQNDUmvWt2jAisrK/ziF7/g+vXrtFqtOlkaJWUUjXmeUxQFk5OTPP/887z00ku0Wq1GchUdCOA0KbueJPB69knF9fB2J46tW7fyb//tv63LO3c6nUbZ6PhyzuG958aNGxw/fpyPP/6YH/3xj8jy0fV+41yJG5+KbqSjffWZa679e/ToUT788ENarVZD/sJA5DrnKMuSTqfDs88+y+7du9myZQu7d+/m5Zdf5oMPPmBlZaUxB7EEdJrm7vV6/OIXv2Dbtm3s27fvtubXMAzDMAzDMIzfP0wAG4ZhGIZhGMY3RCxHG/VU45/tNf1tXNZVqvToGCM3lkpeJuu+aiVwPdBXYdELN0rhmuYsaYu+d/hKeLoSOiq0vWeqFJa8q9brjb3Sdag8TbzsIIcb32TVy8UXgtd0VdSQM3Y6FNZN5LbU8zik4cZ2bli+Jr1SbZSoDjI9Fm/2iLoqOZnIxVTujpwpCshUxlc/a0cv9Zq/q3Z5mBHjf/sM8uWhESFI0DD+5KWDnxLf3+ekafFwz4f0pdcSROMzEJTR6ztBJKOUFtf6yrHrfbae67IZmETJ8Th0TQHs1/is0TdV2s4x1c7ZOtlm+xTMOJhE6ACtxsMRGgdU3YvUiWAFtNQ6PS6QlE4P8ndubo4PPviAkydP0uv16nRplIpRTKoqZVnS6/XYvXs3+/fvZ+eOnaPlkIVGevibkI5pWeYsy3j55Zc5efIkFy5coN/v12MaV7q5KArOnTvHr371K57c9SQ7duygM9EJH1bPmYR7ZSB/0xR1muANhwyi+XHfTz/9lN/+9rdcunSJiYmJuuRzJE31ighbt27lpZdeYuvWrWRZxpYtW9izZw9PPvkkJ06coCiKRgo6Cu44fhHhvffe48UXX+Txxx9nZmZmJNFtGIZhGIZhGIYRMQFsGIZhGIZhGPc5wf1EVdnMC48Q08NaH1nvrV4rpxdkX+kcfZfTp0U/a9HPMtSFkqoOJVOHUygzh2atpmLV9G0ihWrBPVxyWRpbhSh+PZmG9W29goo05GSQjwMBLEPnbsaC15rFUakujW2J2K22CJ5B8eYggaWSxamQXk0CD86W1HZOh7bGcRulW+v07yo/AUQlpE9VqjTpQP6qJmsY/w4QU7/1uNUjGq6jcx6vPmwjrMGMesQJpWtzrd/n8OUV5vQGk6K0tCSjrNK5qxPuab1lFNjhaTvHbKfNo5vb7N3meGLzJI9MtXmg5fAKGUpWPxSQJM5jOrhKq4rXag3hkm6vy9LyMuKEXq/H0tISp06d4rXXXmNxcTEcXcnMmEYdLv28srLCgQMH2LNnD61Wq5bjw6nYKJq/idthuATzrl272LdvH0eOHOH06dNMTk6SZVk9npQ8z5mfn+eDDz5g27ZtPPvss0G8uiBkszzjoYceYnp6ekTcpueOhEdvBuWcAY4cOcLx48dHylGngjzu3+l02LlzJwcPHmRychI09PHhhx/mj/7oj/j000/r8tXxOqUJ57j94sWLHDt2jKeffpq9e/fWojiKf8MwDMMwDMMwjIgJYMMwDMMwDMO462jj3Z3+O/3Yssoj+wxElNeYEgyyUTWuuwviQDKHZjk97+ghFBDWTwUygQLBCRQilKuu+jsyxCDLVEF8nXQdZpCs1SDhdG3F6OpzJEJspBfpDI2n0ppjPtHGJwKVFI2lo6WuyisSylV70bp88uqkInxMV9fe9PWpHgRIg9hpClrU44iluAdp1jBP1WwJSfnou9TPDURiwhVoOWhnSjsDpyUlJZ5Q9jcToSz7gAMnlD6ju+y5dPoSuShOC5yWVcn2tdHqC7bWrSCqZOpp45l1nse3OL63+zH+cNc29j4wxQOtjCmFjghZvEqqSYlnrW8llzm6Sytcu3aV8xe+4quLF/DeMz8/z+nTpzl27BgnT56sk6NRTMa1gFO5CCEZ/Nxzz/HEE0/g1ZPn4Z8KiqJARAZJVhf/Prn7qdNaAFex7TzP2bVrF08++SSnT5+uE7PDieQsy3DOURQFX331FX/913/Nm2++ybZt25iYmABgcnKSP/qjP+LAgQNs3769IYHHjctlQZyrKlmWMTc3x6lTp7h48SKdToc8z+n1eo3zx9LaZVmyZcsWvvvd77Jr164wNh+u5UMPPcSf/umf8nd/93csLS3Vsje2E6+XiNSp58OHD7Nv3z6eeuopnHMjZbMNwzAMwzAMwzDABLBhGIZhGIZhfAOspc5uLVGG9xhuRYY+8wxkVC1qgtEclCNWKL2nKAvIFHUhHaxVGVn1Jb5K80ZhHM+17nRq3VFPWOu20YVBu0l4r152d7iR5MBwflfnUof7spYgH+pY/fvwHCrUcwKExKWrs554CevEltVcD59/lHESnLr9b0KqajXRrpq9cEt4nC9x3uMEMnGDSHPVNy+OAqFAKFl/yeN7SQ50gAdnWjy4KWdCSlp4CvV1yFkclKXiqSRb3gYRyrJAM0XLovoeubXXaI6sURIcqvu2LOlqSek883MLnPnNpxw+e5FX9j3OnxzYwSPiyIKiJkvvGQH1PpQVdjlF6Xnv/ff5p5/9E++89w5FUYTdKtmbisOUmCxNBS/A008/zfbt22tBGhkus3wvSg2nsvnRRx9lz549fPjhhywsLNRSNE3MpmWj49q5Z86c4cyZM/UYRIT/9b/+F//lv/wXfvKTn/D444/f8txpieif//znHDt2rF7btyiKkJyuPo9yOs9zFhYW2L17Nz/5yU8GbbpYyUGYmZnh1Vdf5bXXXuPixYu02+26n+nPeP4vv/yS48eP8/zzz7Njxw4rAW0YhmEYhmEYxlhMABuGYRiGYRjGvaIul5yE/GAkTTsufTnQB6sIR5E6CVkXIY7rhcbyw6qVFKxKFDcaclW53LGNNzopMujguLRv0qV6DLHAslZaWOukaZKkrAKPPiZQ42mStZCFuO7pcMr6NoXIOIssaVsudCBuX1X0SfJn1RsJawcLNNcyrhhTIHr9/VwPTZ9bDwOqa+KkmtPhWYtGszm39zsClGWBcxnTubC1kzHbdlxcXCJr5fishRfFq8e18nDPAaUKpQclQ7REXV7NiVv3Aw9rimIFxCO+pEdJK99E17c4dr1PcewrRHL+3d5tSDtjGqjUa732dHiFRxDmbtzgnffe4/CRwywsLNRJ0FQaRikaxWEUpDFZGl95nvPMM8+wefPmWiCn6drGEO6SCE7X211tm4jw4IMP8uijj7Jp06a6vPXwcWm6OZ2HuG8ssby8vMyoHSUAACAASURBVMzRo0fZv38/jz32WC27x507Htfv97ly5QqHDh1ibm6uLqmdznW6Lm+v1+ORRx5hz549bN++fezY8zzn5Zdf5siRI1y7dm0kjRyFfpZltFot5ufnOXHiBEePHmXnzjHrNRuGYRiGYRiGYXCL/z41DMMwDMMwDOObIajYsD6pqk/KIq/9j/u1VEw8Xb0GqjQ0ZC2C44FhSdG0IPDgQ61fgyOVgbAeU9R4td7VrStJ4lXAV2sRq7jwaox20APf1NSper5lD9bu1/C2dOsgX6xRUMcYskpYv7ju8VozMVDddTnpMRJ4UJo5HrX661afD+9bXwWJ46Gez6oAdPXKkrHGs/hB/4eS0vcj8ZYvixJUaQs8snma7z66jSm/QktKnPOohGLQ1XMQ9ei8Cl6EUsGro8ThxVFK9vVfLqPMcsq8RdHq0GtNsZRNccVPcPJGwZsnLvDxhZtc7pasUJVkB+pHJgScA/UF8wtznP/qHPML87RaLTqdDq1WqxaesfRzFJKxfHEs/xwTwmHOhO9+97vMzMwk89hcx/ZeEfsRperU1BRbtmxhenp6pI/peFJBHUtYR0ke52ZiYoIrV65w4cKFdYluEaHb7XLy5Ek+//xzFhcXx0rqeB5Vpdvtsm/fPp555hnyPA+lnxkI5Sij9+zZw1NPPcWmTZsoimJERg/36fTp0/zmN7+pr2t8GYZhGIZhGIZhREwAG4ZhGIZhGMY9QuOSntUb1ahYlcG7gDCsU4fUqlZ769AJqj1lsGejhG+aSo0KdKBeY9u+EXnV6kBNTeawU5WhHss4QSkj4nFwhoGm9OLHyt818s+3YKSzyeiTTzQkf6P8jUJYtDqzKk6bvWLoN62izCPyV6nWP05GnKach2ZinGZej/yN8xzS3w4kXNtQvpogPKvroBJkZ0iLD+7Aer3mtUR3fAihEuRjdxiZnbtBcm5VclUem53m+Se280hHmKJH5nugBfVDDfFW0+r6igzeI9X62bL6K/nOpLrcK6MvBM0yNG/Rl4wV12Yln+K6dvjk4jy/OnmRswsr3AR6sUsar0P4WnktWF6+yfLyImVZ1HIzlZGpDE3loIhQlmX9XkRotVo88cQTdfnneh1a/ebk73rPk2UZ09PTzM7O1qneYYalbfo+fTnnWFhYYH5+vpHcXa0v3nvm5uZ45513uHLlCv1+vyGbhyVyWZbMzMzw3HPPsXfv3uqv59G2RYQtW7bwB/v/gCeeeKKWuum8pCI/z3Nu3LjBkSNHOP35afr9/rrmzjAMwzAMwzCM3y9MABuGYRiGYRjGN07yP8PjP/SnYmDY9K4XDS1nSdFa1SgnKnkkg/RnPKZWc9pM66JaSeo0h5gcuKbMc0Ov0b7Gz+oSy3HAMtBpYcdBzjY9Y5SwGvsZ5c0q3RrdnK5IvNo+SfIXSSpND0omx1dT3TfbHGyJha+bmv12uL0jkpkbs0BtkM4OxA20uyRlt4E47rVuyTQ57RCcjrnm4uu5GZ31jXnFJGi73Ua0pK2e7VMZzzwywbOPPsAWVpjoL9IperTVkzuh5RyioD486CAaVqzOxOFE6iLl9asS/1I/dBFegysfH8ig7lP6AIX30OsX9FXQVoeiPcGitLjSF97/7EtO3VhkvlQKwGtVGSA+EFE9jLHSXWZpaZF+v1+XbI5yMJYj9t7XadKYDv7/2XuzJ0uO+u77k1l1ll6nl1la060ZjTSrRoOEFhuQEAgk88gsjx3hF5vXfm/whXFw4X/B/4IjfGlfmAgTwQ1h+3kMQtiYEEIYEJYEjIQWtI5m71l6ejtdVZnvRVZmZdU53dOzSUjz+yiOpvucWjKz6owtPvX9/YqiqCWDtdaMjIwwMTFBq9WqCVBjXC/iWCIP6it8o2iKa/8aGRlh+/bt5Hle63XsxWlRFBRFUUs5G2NqYjdJEvI8Z2FhgaWlpb4Ub3xu/3Ov1+PYsWN8//vfZ3V1Nay138cYE86dZRlFUXDkyBGOHDniyj8ratvXEszG8tF7P8pHP/pRhoeHWV1dDZ/7sfsew54zZ87wf//9/7KyslJLCQ8auySEBUEQBEEQBOHmQwSwIAiCIAiCINxwfJpQo+P/F1yD0qUIKD9VA6RpM/27WTfsBEJ9FAmx9lQYElBVeWVjXILROVlVDkW5V2NO+nL/OTFgsNXsFInVpDYJq6JRKGODp7Q4gaE36sEa7KrTb0VIrdZPv7Guro7ev11cLNmirEZZjfY+1SqU0eEc/ZnEMkXsL4QKcdMBZ69+bwarm/OwAz67/P3hzu3yvv4Oi9VtuY0yWGVcr2BVPk6gdBDeg1AWtIXEOPnr1bhX3NWDB9W863f59RDA5ZGsBWNIgQ4wBtw+PsSffuYQ9+wYZjsrjKwt0c0zVG8N8qL6bhgDmSu+rLBo2yyBXaa5wxemfnqN791r0Mo9OmCLDG0NLQ0traJ1VxijKNAUaZu8NcSZVcMbZ3NOLxoycGJe+VVSQdTnuWEtz8lNPc3rxS842RhLQy8J0zQNfWW11gwPD9dKDofrk+jqmYz3UPx61jtnu91my5YtNdEdl4D2wtv35/WiO5akvsexF8ZN/PrEnDlzhl/+8pecOHEivBf3FvbH9+uepilHjhxhx44dpGnqti9M35ystSitmNkxw+7du9m6dWsYW9zDOB5nmqYsLS3x1FNPcfHixdpYm6JXxK8gCIIgCIIg3Jyk7/cABEEQBEEQBOHDT1Ve+IpTvZs9fuO4KjpZX2o2fB7vH6VhG6WPQZelbuNjrCMDm8dtDKCmIny62FhveyvhFDZ2MtEL16bgtMofBzdWa0H1j2397rVeq9bHWLrd6pOydLJLHddXwYvMwaK5oWOtai7+usJ2kMxtXsvLEYba2CscO6yrAQoUvu9zcw0GX/HBYy/fVYNXY7NjvxacPExcctIUjOuEXUNtvvR7exn51TH+581znFg5R6s1QqZbFEkLSxJkNcZgDdFXq0x8h2BvmVEvbzlU+QhCUZDGZYfRdFInH/Mix1gFKkEpjbHW9cJGUagE0+qwUgzx9tlFTl5Y5ODEFoy17ngWCuNss1KawhhMlHaP5SdQS8A2k7SxENRa0263ozVr3JvvkfTd6DxNgam1DhLbi924V3Cc9vU9f+Oyys2+wl6eDioXHf/+xhtv8PTTT9dKZcefx8fyYv3+++5nx44d1THLB2kGletO0oTbb7+dj370o/zmN79hdHS01re4uX2e58zPz/PMM8/wyCOPsGPHjloaOpbegiAIgiAIgiDcfIgAFgRBEARBEISbjMHCLv7Zi+PN5UovR72EtCpTshajDBZTSsbyH0XojeyFm/bpUnxitFFkuZTdNuRiB825nvKtj8+fv3bAIEDdL07c2tKaun7NlRxtHq959pCGVVEv4YEjjQS0rWZ6TSLHL4vtf1BAA9qakHTV4K5JfF2Uz8MOJixReQpDKVH9Fbdx2eRqgnWxff1ElV8q9zyBIrGKroUJpfjIjgmS3LBjuMtLJy/x9sVV5nurrJqUjJTcuh7ISpvqYKWA1eX9qKIHDoz27YPL1HRR0E4SlAshu4cG0jaFSjHGYlSCShO0Lkv7Kvd9UEph0jZZ2uXt+QVOnh8mv21L7f5SShN6hFsne3VSCVCfho173A5iUDnnD1pKNJ6nJy73HL/v5zqonDSAVlXa1m8fH08pxYkTJ3jxxRd54403QunneM1i8ZvnOSMjIzz66KPcdtttQRi7g1E7R5O5uTnuu+++UGY6TgH7BHC879raGj/72c/Yv38/09PTroy3sSJ+BUEQBEEQBEEQASwIgiAIgiAIwo0iKsuLLYsPE1KWVhusKsp+s06GhcSpjRK21jRKV0dHV1Sp1Q0cVjOdG29aCWi/ZX3PqmMvGGXRytbSsZUoX38JLApTyl9bCsX+zsbXX8IFzTzAjTuX7TscO0HrHHG5FjaS8o2R1rFYZSP5azBKEUonW18+uZHeDsOqhPu1zRVCn1xUJYCVDufVwP2zU8yOj3DH9gV+c+Isb13ocb4Hi5lmpXAjTRJQyrpRe1FYPohQJc4Vhfbi22ApUGhaKsFaMAUUaEzaYdkmnFvusWQLcpVglC5Tw5SjVuQk5EmHs5fOcX5pldyvUXmjB0FJUZWOb4jOOPkaC+D1EsDW2tBH+INCnuehRy70y9RYfjeleHPuaZqG8sxBFBt33/s0tbWW3/zmN7z00kusrq7W3vfnawr1qakpvvSlLzG+Zby2bSyaBwnn8fFxDhw4wAMPPMB///d/k+d52KYpqb2Efvnll3n99ddD+ej4UZYP0nUVBEEQBEEQBOH6IgJYEARBEARBEIQbRJSQoy4RTW0L/07Zc1Spsqyu64msUFU74vJVt4WVug0qtZHiq1K10Y6+VLSNxGTkS8uNKjGtfE65ksZu21iNDhDB4eNIcKtSJlsfh+3vHnxjaI5TgdXgS3xbV9NYAVpZlC3C1htnwMu1UE4GV++tp4w3ku5Xj8ILU+uSnVTdiLV1/wHcVoruWIftY9u4545tnFyG4xfWOLuYsZKDSpKyGLQt70x3DG3insWl7NalLve9nZVFFS6ha62m0C16aZtTKznPvvo271xcxqLJTRpy4NYqCmvIjKKdtOlZTc9ajLUUQEu5WLw1TrJrlYTevs0euM1SxM3yyPGf4EpFr66u1som/67T6/VYWFiovef7GftyyfGaeFHa/DvBGEOaprQ77VqitynVV1ZWeOWVV3jrrbcGln2O98nznE6nw+zsLHv37iVN05q0LYqi1pc5LkPtxz81NcVjjz3Giy++yPnz52v9fX0/4HgO8/PzvPjii+zbty/0D/Y9jgf2G5Z0sCAIgiAIgiDcFIgAFgRBEARBEAThxmMJ5ZRjzdRMwVZSRWEUFMq6P20lkat96z+rqmHroNNH8tlpQS/zdPhMh22B0HdY26qCslVgtEGbSGFb0ze22rxr0tknnKOTay/qrrXY9joMOFilf8ukJEn5cjJYY9C2cOWhjSsRrbEkVP8R2T9OU6Z+ncz3KVldpr+tispos/61vPbJlle2TFrb8t7JC0uaKjq4cuJtYBgYH4Jd3RaZSV055iiTbBtHbSbQTSiNXc0mLbfLgRUUC8C7NuX4u8ucml+iSFJ6aFfS2bqUsVI63OckLdBp7Z6yQei6uaVpytjYGMPDw2Agy7LQG9f3gDXGhN6xcW/YWIpmWcbi4iILCwshbfq7zvLyMmfOnCFJkr4UdFOW+tLY8XfQ9wNOkoShoaFaD2QvV7WqVP+bb77Jb3/7W+bn50mSSr4PEua9Xo89e/bwyU9+0pVjLrfxY4jlb3OcnuHhYQ4ePMiuXbtYXl6m1+vV0txxgtg/APDcc89x6NAh7rnnnr5S14IgCIIgCIIg3JyIABYEQRAEQRAE4YbjJauXr6FFbLMXro/XRnlfo1zJ6EGStSaBN9nPNOg9G++vGn9WWypbVgEuza01Pk1oohTw5fA61Cd++8/ZFNhKxTLy6giJY0CF3LWqfW7KkaG0K02MQlkVUrPa2CDDiY6wcVno6Dy1eLWqfTRg62vC3VLR/IKghVQrEsrrbl2/47ZWDClLbiwmAaW1SxCbAq20+z0aeXOMJjqPn0NSvpcDyzjJnAGj9EjNKsqOoFULlKaIgt+u/HC1FopKJtckpzKMjowy1O2iUORFTrvdJssy8jwnSRLSNA0y83Lp3izLePvtt9m3bx9jY2OXXeP3Ey+sL168WFsTL0ibiVzfNzeWrD6J2+v1GBkZYcuWLeE41d8NVVL2xz/+Ma+99hpZltHpdMLn8ZoqpcjznMnJSe666y7uvffevsR1fP5mGeh4LmmaMj09zSc+8QnOnj3LsWPHgsj3At8fV2tNu93m1KlToUfxnj17NixTLQiCIAiCIAjCzYG+/CaCIAiCIAiCIAibZZAWtChV9YHVRL1UbZUZtViUKUWj/5xYUvoyzvXksP/HYDCXUbGxWlZEJZ0bKlj5Os3lCZX1EtQXpfYb21C5OuxbO2E1d02BsnEn5Mh3h9+uN/E6xe+W71kDyqBqdlfjO/ZWun5wLtlCEPT+HeVfXhpbJ5TDMSIHfiN0lE9qhxVWZQwYU1bbdqW3E1PQsoYhaxnGMgqMAmPAiFIMA8PWMgIMW/caspYhLEPAEG6/YSzD1rrjWEvHFHStYYhy3/LVtobE5GAK56iVk+6UK60x7jNTuPGpqny1f2LCYNBKMzU1ydTkFO12OyR34/LPcWnh9frfeiFYFAVHjx7l0qVLN+BqXF8uXbrE2bNnWVhYCHNolneOZW8896IoyPOcPM8pioIsy9i5cye33nprtb2u7sgsyzh9+jTPPfcc8/Pzofxy83xxOeaZmRn27dvHzMxMn2zdjHz116Tb7fJ7v/d77N69m1arVbvGfru433OWZbz22mv84he/cClo239cQRAEQRAEQRBuLkQAC4IgCIIgCIJwnRmcC63Eq99MhfRpSGoGaVj2UcXJ34K6BPbnCfJXWQzuZYNcaxaYdsTi0Ub72MpNRttHKWAvLctj+5rNtrZ1v9R0szNl6jSW1pVArZKqtjaG6/Py/6hQsjiUFi5XzfUgjspaK1zJ5qDtm8WeG1JeeZFd6nQvyIIsj6LIEdd/rtGaquZKWyoP5uaorEVjSZUi1YoURUtBS2sS6n2n45dfkeo9S1KuVNkAGGUtibWkuFRwgkWZAmzhVt6UyVCtyjUryocEirIEdzl6656KsMqCdb1ix8bGOHTwILft3k2apiwvL1MURRCba2trtV7AfeseCUxjDL/61a+4ePHiwG1/l/CJWC+AB/W4jf/0yVzf77fb7TI8PMzExAT79u3jvvvuY8+ePQMF6fLyMv/zP//Dm2++ydraGkmShNLa65Wevv3229mzZ08oK+3H4Me0mRSuT/bu2bOH/fv3Mzk5Sa/XC32CB805TVNOnDjBc889x4ULF0LyOR6npH8FQRAEQRAE4eZCSkALgiAIgiAIguD82Dp+4ErCY03R6jxblY/VNnjTgfuYSBz6hKQxCqOhUK6sbl4rJ2xKteeTlE6mDirVG+StjcWoQ5e53Fhs4rePfK+XqDrOIFtbl6FU4traSjrGOhXAllLPAEYpjNI1QeuPGc8l1nmbuSw2OqOiLtML4uQupXk35TnrR48F+aC5Nk5ait+ynHKcPC1lu1Hu/EW5//V6Mtk2JJdR7hq7vq4J1XASlLK1eyDs43/Qg0pW1x8qqN52C2SwKJ1gsRjr9HqikvK7YEox7NbHGNCJRlkDphTC2qC0uwv9vWWV21fhEqrGWhKd8OlPP0KWFaysrPLGG2/QbrdJ0zQkXX26t7Y+DQHpewG/+eabnD9/nizLBvapHSRIr7dQvFxK1VrLhQsXOHXqFCsrK3Q6nVAa2Y/H9/f14lMpRZqmTE5Osn37dsbGxsLv9957L/fccw8zMzN95ZqNMczPz/PEE0+wtLQUzpGmaSizHadwjTGMjY1x+PBh7rjjjr7Etf97xxiDSgavWy2hbVy/4MOHD3P06FHefvvt2tigKnvtx7OyssI777zDK6+8wj333EOSJrV5hXEIgiAIgiAIgnBTIAJYEARBEARBEASgSjbasjiylxZXZIAZIGD9MSKfZpUqRVmp/hplkC24BK/SFCql0Io1BWu4l5d0OmRqB/trTUPoUvUj9mP171sqKZkDxip02RM3twajQOkUa3KMN8I4iRePvp6ldRJbq9QdyygnFkMq0J3d6jZGt8i1dpI7ms/gDOfmyydXaefqeDmuL22hyhc+NRuXjy1nohWUQ8+j+cXzDAlpq9EkGBKs0mAMppwjCnJjwvnX8MnY+lyupTS0vxeqa1wdKW9sq8szxZ2RvSTfSEjH1zhOA9voT//UgMWtcxDnzuK6e6FM6GqlSJIUbQuspSxkXpZLVxrI3b1XSnVdzmliYpIvfvGLPPbYY0H4KqU4efIkP/vZz3jiiSc4ceIExhiSJEFrHRKsUPXF9Z//5Cc/YceOHdx1112D5x0JyGYC9nrRFLHxewDbt29n9+7djI6OkmUZxpgwnzRNQwloX/J569at/Omf/ikf//jHmZycDOdJkoR2u0273e6TtQAXL17k5Zdf5vnnn6coinBMpRTtdjv04vVrurS0xEMPPcSBAwfYsmVLX+/dUK45Wf/OitfTS+IHHniAl19+mWeeeaY2zmY/YM/p06f5zne+w/79+0O/Yr9GaSr/848gCIIgCIIg3EzIfwEIgiAIgiAIglBSqberVzultGn+1oj9Kgj1c5XVQYgCQbpaqyh0Qo82p5cUpzPY0oXVhmBWjT+bxClVlwL2P6sg7PxrDbgAXFCarNVhzUKOxWoNiSpTspStfzWJSoCsVtq6Lpndb64cr6XAgE5QyjUONkVBYRVrVnNuteD4YsZZ2kGOXgtxieJB8vc80Es72LQArbDWoHRSrkyVA1ZAYSpx2HwcwCdaoxUu51uQKI1CkxtYUwlZa4j5As6UKewu/bL1Su69jbZ1QfFqC1v/oE+M+49sYzbN/asUtKpfIxUf1W2XA5csnC5gWXfIky6FSiisezCg6lHr5LCxxpV6Lm/U8lGMMkEc92MGrROGh0cYGRmpzmkto6OjbNmyhR07dvD3f//3obSzUookqd9VXmqmacrRo0f5yEc+wv79+4NMjeWr/9MnT68ncXnk+JyxvLTWsn37dj75yU+yurrKN7/5Tay1JEkS9vNCtigKtm/fzoMPPshnPvMZpqenQ7J5I3HtPzt+/Dg///nP6fV6fWsWvgflmL2Ifeihh9i1a1ft+M3E9UYloAcldTudDocPH+ahhx7ihz/8IaOjo0FG+/n6/sDgylYfPXqU1157jTvvvJPh4eGwRpspPy0IgiAIgiAIwocHEcCCIAiCIAiCcJPji+C6crMb1IK+WmIB4hPAWApbYDGubG8ZNla6LD5sLFYpCt1iyRY8/845eisL/HqooG1cWdskSZyMsU4al242lCqu/l3lMn2+GVtPPBdYUJoMWETxxsWM1dYwmdYUpUlVCqwt3HSMAWOwxq6bkA6CMZSB1k7+op1itcp58aRFUShOXFrjv984w9JKypAtyvENKlK8yWXHi2pXlrgo07dGKzJrWSDh3SXIkjboUhNbU5bIditjLRhj3Yh9IjyqilwLblt/ZW2ZcnVzRGls0iFTlvM255nfnuf1dsaYymmXevNq7jh3/rpwbRSujsboOwGHm6NWxjuI/aBcq1Ld7lpVRzX+ELbMr9d6JUejsYbCWlbRnFMt3lpKWU1HyVTLpaKVDuezWHfv2+pqR6q3mpmtztFcMy8iu90uO3fuJEkS9u3bx69//WtWVlZCArQpAn2q9cSJExw9epQDBw6wb9++aiYDygffCJHYFKXN95VSDHWHuP3223n00Uc5efIkv/jFL1heXg6S1svZVqvFrbfeyu///u8zMzOz4bib6d+VlRWOHTvGK6+8Et6LJbBPBPuS02macuDAgZD+jeW1L9+8uLjo7lW1sUAftNZnzpwhW8tq5a7j0tOxEM6yjNOnT/PCCy+wc+fO8HDAoJSzIAiCIAiCIAgfbkQAC4IgCIIgCMLNjo17jRJk2PU5dNTX0osc/7IFirySeOUHprBlaFiT65TMtPn1iYscO5szrDKUyTBWkaYJpvACOA1yzPfW9XPDKlBR51plUMaHkl2f2sJaVJJSoOhZxZJNWEm7FGmKRbt5GNexVgNYgzW5m4OpRKNXO96Tpgo0ThZjQWt3vLIWMEppVNLGJAlnV9ZYfPs8r5y0JCan6gjccMyqXNdNXCavJZMkpZflqDLJnBtDptucz9tkqo2xLt1sy360KLcu1lgwhlQp0jLx2kw7qzBAZ0bLqaGUpigsSmmMSsh1wnzR4+lXztEyK7RZI8GCiXOtm59bf+JWlT2N/VMGJkj0WABbW0pn666Wu22sr9rsPrfNwtDl10JVt5S1tkovqwRU4u4jDWBQxvWjLVTCmu5yqUhYSUbJVYophbq7r1z9bFXeW60kIdE6Orsq07/984/xMtAnfcfHx3n44Yc5ceIE77zzTpCAvoSzF5E+IbqyssKvfvUr5ubmuOWWWxgdHa0SuaW8fC9SpM0krDGG06dPc/r0aaanp9m+bTv79u3jz/7szwB44YUXuHTpUnggRGvN2NgYe/bs4eDBgwPH3OyN698DOHHiBK+88grHjx8P6+lfxpi+8tTj4+N85jOfYdu2bUGyG2O4dOkSTz75JL/4xS84f/587Vgb0UxdW2NZy9bodDq1pLTf1othn5bOsoyf/vSn3H333czMzIT0tKR/BUEQBEEQBOHmQgSwIAiCIAiCIAjvCVWWVZEqGOtoOqogtYoEQ16WSrZYtEpcCV0LVqesknCm6JECSqUURmN7xqs5pyaD0DM+2utaD1tqAliV1k7j052KwoKi5VLH1p230IokTVAGbFGAtahEoa1F2YIUaGtNN1W0gRZVyWV//OGWZji1aJNRZDm67XruehVTmLIUdZJisKwaWFgzLmaqDKrMC9fXEcyAvOsglIJEKUxmyU2CThLXo9cajE0gHaKwitwUKB9y1K7PrLYGZazr02sMbWtpK0hspUVde2DXmVZ7oa28ci0gcZIts2BQGNXiTK+HVimpTlDWYov+++RK+067/VzPaDcRizJFVHm8lMDxYW2VAXeLBcpL8NraljLW+kS2CkFcJ4wpS2enZEWOTlW57gatLKBZ6YHRLYxO3Ri1QiuFKQzWuu1SLC0MW4bajHTa5YMG/g63odR27aGKSJT6EseekZERHn30UZ5++mmOHz9e9aEdkEDNsow0TXnrrbd46qmn2L9/Px/5yEdot9pOXOp6GegbIRTjucSy+sKFCzz11FM8+eSTfPrTn+bxxx9nYmKCj370o6RpSqvV4plnnqHX64US0Nu2beOOO+5gx44drK2t0W63a+NulrW21pLnOUmS8NJLYwSd7wAAIABJREFUL/Hcc89x8eJFRkdHg/Rt9tJdW1sjTVPm5ub47Gc/y+joaDjWysoKr732Gk899RTvvvsuWuuw7lmWhZ7MG60B1K+V1jr0a47XftB7P/3pT/n0pz/N3r17Q+9jkcCCIAiCIAiCcHMhAlgQBEEQBEEQbnaUEw4aXz7Zl/+tepFeKzZ6KWA41eyaGmOUNdrGkNkuGZYCTZq0QtrOmBydJqhEk2WazCROyqoWprCuX3BUphjKBHB5Jh1K5toggZVSqBAydRlZYxVGaVDalUm2BiiC/HH7QaI0Jl+lo6ClYDRN2b1jC6Np4uR0NN8E2DraZbqbMETGamJZhZA+9hsbLBnW9V0lJTM52osgoGi4UF/i2l72srhUaaHAJqBUQoHrSwvummdZgUoS0iQlNzlpqihMJQo7qaZjFRPDHUbbKS0q+euvpbJejiYY6/rjekGdJJqiMFAKtNy6yeukTWYLDBaVxit3rVSlmFUS33VNoRxnjiu5i7IY/0Y5w/LbgA5eup7itICxCms1ttUiSRTWFqxZg8Ilv02agk7CKLRSYI3rIawgwZLanGRlkV27ptg5uSX8x7oCysNUX8UgoEtRWhh0ovvK/G7ZsoUjR47wzjvv8M4779But0nTNJRK9uWDvfwsioJXX32Vf/7nf2bfvn10u933TRoqpTh//jw/+clP+MY3vsGpU6e4cOECRVHw5S9/mXa7zYEDB/jiF79IlmU88cQTjI2Nsby8zO23386hQ4dQSoXk7CBsea8r7QS6T0G/9tprtNttjDEURRHG41O8/ngTExPs27eP2267rVZi+8yZM/z7v/87586dQ2tNu90OEnmjNW0K4Ljkc5xajufjxbD/uypJEtrtNj/5yU+49dZb+dSnPnWtl0IQBEEQBEEQhA8gIoAFQRAEQRAE4SanKsFcl2Lh82vwPz4N6ijLEQMjacId20eYbltOrfRYzddIWy3ywoB2os2LDpMbcqUx2onCwoBOE2yifDNWl6gMZynLWZcCWFkvf3XocVyVMXYJYKMVRdmvFhRWFbh+uKZcIVWmVXNSoGUK9NoKIx3FkTtuY7zVcnK0nKxW7j+2to0p5iZTto4kLGZrrBUZvhdwiNwq14PY2KLcX1GU/WGDZY3Vsp+2qiSw90H1a+WMpcaiEu1Ka6NcGeiyzLJNXN3jWjrQgrKGBEPL5OjVZQ7tm+XW6SnaEER3PDRbmmAbXgCGIrdgDUppl4w1lWy3pWy3taLS10q0KEHibiyAlY3XrezIq7z0r0Sc9mlfWwngoOm1e3igMEWZEFYoZd09g3W9n5UK62asDaXDNQZt1kiyFYbzJfZu38Xc9GhNACutwr1VnTuShZpQ2tm/52XhgQMHOHr0KCdOnACqXsF+XkqpUCZYa02WZbz00kv80z/9E3/8x3/M7t27gSpper0Z1PfWWsu5c+f48Y9/zLe+9S1OnTqF1ppTp07xxBNPsLq6yle/+lU6nQ533nknS0tLLC4u8pOf/IRWq8WePXu49dZbQ7/eQeegXFdjDKZwc3vxxRd55513WF1dpdVqhTk3S1L7n+fm5rj33nvDtv59P5Y8z2m1WuG8rVarJpTXo5lQBmrz8LI3TVPyPO9LE7daLd544w1ef/11Hrj/AbpD3SCvBUEQBEEQBEG4ORABLAiCIAiCIAjCe4bC/UfISKK4dTzlwI4JTvcWWM5yMlv2i7VgywypS026briunm+ZeES7n01RWrl6orc6mxNxvnivLY9jAF2W1HXOMBLVpdWsZIkr6assaGPoAG2TM54qbp0cYf+OMcYTaOPkth9JCmxpKfZMj3LHji0cf/sSK3mHJG2X0reUkMqPzXep1WWpX2pj8NRLANc+GlAU2p2nzHe7Ur7aJaatAuV7/Vrj0q8WEu1KPif5Gq18lam24siuaXZPjTAEJKoSwAYwymK0odBFWX67jDhbX87Zp2tVuc5ld2Olymt9PbFhcCpEZn2GNzpTqPzsrm0otazcvQd+fapdCnBlwMsHC3wK2zYTwUqB9bLO33XV/aVwAtiPV9uctMgYMj3umB5m/7Zhdgy3SNctgx3L5/Iub/SzdUN1v+/evZtdu3bx61//muXl5b4esj416sWwtZaFhQV+8IMfkKYpDz/8MHv37mVoaCjs40tRXy+h2BS08/Pz/Nd//RdPPvkkb731VihxnGUZb7/9Nk8++SRjY2M8+OCDzMzMcPfdd5NlGaurq/R6PXbu3MnIyEhNyq53o/k553nOj370I9566y2gStbG24SHUoxhbGyMvXv3cvjw4dqanjxxkueff57Tp0/T6XRqcjaW9Jtdl7hktR+PH198zeJxaq25cOECL7/8Mi+/8jL33H3Pps8pCIIgCIIgCMKHAxHAgiAIgiAIgnDTYyOl5AtAG3wn1/4Czldy5ApVvqGBroJtLbjv9ls4diln/uQKa1mPdtolM6aUb2UiV+kg3lClrDSAsihMKPfsy/MG6WcBn8BU9a65fsYug6oA4/q/egGrSsllwVqXvkyxJKagzRpD+Sq3Tg1xZNc2ZoZhmKoHsAslWxIUIwr2TI1x5NatHD19iZVsuWw9q1ybX5WUwtGJUycjy9RsPWcbjbwsC+tnYWsf134OpaKtLWVmKbGUibZX4ZpbA1pZWmaNdr7COGscnt3G/pkxdgy3GMb1BPYjK8Cll1WBUU4Ae+kLTjC75TAY46UjhI7MkQi97liFspEsDRFa/4Z1ojbs0JTt/s4KO1SHjg6BspiylDDWoKnLQndNjXtOQalwjTUWbQvSYo1uvsoW1rj/9jn2TQ4xkUJq/RhUFfGu8vruO+Kn0ejvGpcMnpqaYtu2bQwPD7O0tBQkYSwV42SvF44nT57ku9/9LouLi3z2s5/l8OHDDA8Pu/OF78fgZO1mqAnr8mEBYwyLi4v8/Oc/54knnuCFF15gaGgIrXVIuhZFwdtvv803vvEN8jznoYceYm5ujk984hMURcGZM2eYnZ1FKRXSu0r1906OU7Z5nnPs2DGeffZZzp49W+up2xTrWmtWV1eZm5vj8OHDzMzMhOP1ej1eefUVnnnmmVoK2x/LJ4KvZp3ie8qPryiKWklvf04vy19//XWee+457jx0p+uDrK/uWgmCIAiCIAiC8MFDBLAgCIIgCIIgfODpl2dBhgZ5ZUvN6Tco5QegrBOpynoJ6koAawoUvlxplav1pwtKap1wXVPteZWpsbSsYgy4d89WXj99nmPzl1hduYjSoFWbXKdYlWCsxRSZK8HszBnaWmxRuDkpV5q3SnhqbzxLaVx9prAo61KnXu45/etGpnGiUtkyKUuV1tS4Hq3tokc3X2Q6KfjIzu383t5bGLUu/etzfn7FE6CLZed4hyOz4/z63THW3r3AfG6cEE2G0KkmMwZl8zLg7PrHKhuXdK3KFUfqcROlucsEtHUlqY0pKGzhnHrqxKc1Bm116cwVqlhDFxmtUkjeNt7h03fvY240ZdjaUnIHuxv6/VrrflLW9co15fprpXyW241Fa2zhU8HRml9uKpsg3PLlL6rS8ZHCLSVaeNf4VQprBdbJ+fL+UcpGAtafyYvY8uEE5b9fJqSDXR9pSHTielmrsoy4hcQaWhjapkcnX2HCrnDbmObje2fZNTYUPVCgQsI3cJnF8mlX38Nba13r9dvpdEIS1b/vU6N+/3a7TZ7nnD59mu8/+X3OnzsPwP79+xkdHe0rBb1ej93NorTCGsvi4iLPP/883/rWt3j99ddpt9tkWYbWOohTP95Tp07x7W9/G6UUjz76KDt27ODx//U48+fmGR4e7ks6ryd0rbVcvHiR73//+8zPz6OUqpVtjtfVr9fa2hof+chHOHLkSK0378WLF3njjTd44403Qt9fIJRfjoX0ZmheH99n2Pcm9inl0AvaGNI0DdvOz8/zm9/8hlOnTzGzY8ZJYPG/giAIgiAIgnBTIAJYEARBEARBED4UDBAwZUTQBQ6tk6ng+pWW9jPBJT4VBRoFptRbytJWhoSyxHKljn2w1ldK7jt7rCoHkVT+kEngM3fdhk0S/v3ZVzmdwSU9RC/pUtDCqhQbSc/++TZrCNfH2ty+ngLu/1yXyUYXby1lHZZUGdpmjeFiifH8Eo/efYjPHNzJ7iEYot4Xt9TQgBPD48ChqVH+3wf30Xvyf3jpwiqnM9d3tDCWNEnLEtNlGtnqIKWrsQ0a7eUoL5LSToArJ2SVVkFfWqyTzxYSZUltQZovM5otsW/rGF+4dz/3zGi2taBjLAnWBbKBBEUK6LLqc4cU197UoJWX8Hn5c1mG2UKinGh1grVSsdeKpblSg+6DQXv0oxs3ie7bwm8w4BzWPTSRhMuXl/tHDyTkPbpJzrBZZTi7wP6pLv/fo7/Pgck2kwl0cfeUV9jNHPjgMZWnKwWjTpw8PHHiBMeOHePSpUskSRKStHFK2FMrmYzrJbu8ssxPf/ZT3njzDR5++GG+8IUvsGvXrpoEDlLVRj+X8nmzLC4u8stf/pK/+7u/49SpUxhjgsiMSy8DdLtdiqLg5MmTfPOb32RhYYGvfe1roGB6epqiKEI6trk28fystRRFwcLCQiiR7dchrGMpWf35syzj1ltv5c5Dd7Jz585ayvett97i5ZdfZn5+nna7Hfb1c4kl8pUSJ4HjOfjxQlW22p9rcXGRN998kxdeeIHpz0zT7rSv+LyCIAiCIAiCIHwwEQEsCIIgCIIgCB90amaoUpCRh3HJW+UUlMb1eG3bgiFyhuwKtjAYVWpM64r7tihIih5d06KjTJCcMDh9Wjufr8A8QLApLIm1aBRDRjHbbfHw/hlGhlL+89fHefPcJS5my2TpEDZtU2nC5lyb5x+kyeJ1KQ9QliU2QV5bV07aUqY03eamsChj0MqQFGsM2x6zw4r/9cnD3D+7lTvGUrZoaFvbL+OUW2dloY1lPNHcPjbE//PJO3nq1bO8cOwCxxaWWcoysjwhaaWhBK5WaZlijkoRx9VyN7oIzVmrujz0ZYuVKUdsyuS3ydFFxpDNmWrBXbft5GO37+C+uRGmEkWnFOEhRV0eTytFG8uQyelkKySJJTcZhfLPGbg7ztpSfyqNT9r69LnFVsL1GvBztZdflitGbWJ8l7scCgvGgim/V2urzAwn3H1glk/svYVDUx2mE/dAQavvnvLliuN3VE3ixlLRGreu58+f53vf+x7PPvssq6urKKVI0zSUD15PKsa/a63Jsox3332XJ554ghdffJH77ruPu+++m9nZWbZv317JYAXal/0u09bxcX1atSgKsiyj2+2GksXHjh3jySef5N133w3nBUL553ieXnJaa7lw4QI//OEPSZKEL33pS0xNTYWyyHme18o5918zxfz8PM899xwvvPBCkMbxefw6KaUwxtDr9fjUpz7Fntv31BK9q6ur/OpXv+KVV14Jx4/39SlevwYbpYDj8tTNHr/Nbfx5YlkdH//MmTM8+eSTfPzjH2dkZGTdcwqCIAiCIAiC8OFCBLAgCIIgCIIgfOgoJY4KPwGmFBApiYKkyEh7S7RXzzGadEhVCxN1d7W2IKGgZQqGkjbpyhBtqrK4sYkyzRBuoP6uS30S5B8WOsqyRSnuGB9m5PYZRpOE37x7kXcu9jiznHFhZYHF3porRL2BMBkkmtdfGx3WJ84FB1FeSnBloJsqJka6bB3rMju+hf3bhvjY3hlu6bQYh1KMVmWk476slGdKcYnOyURzzy3TdHWLXRNjvHbqEm+cucjFtTUu9S6xmucYC5okGmv/3EJudROi0/cJdj1QwYQ11G6u1pDYgpGWZnqsy47RUfbOjHFodhv7to6xs6MYBtJQTrvKsYKbe6vI6KxeZDRvUeg2Ba6/McrieknH/ZlLAexT1r5U9Kav30Zzja7p9ZTAdnOHU5fZSmFoKRhppUxvGWJuyzT7to9w1+w0+7ZtYUJZV/rZlg8PqChp7w4QxlM7biQLfVLVWsulS5f47ne/y49+9KMgVb2ojeWvT4s208BNQVkUBadPn2Z+fp7Tp0/z6quvcuutt7J79262bt3K5OQk4+PjjI6O0ul0gnj1qdmVlRUWFhY4f/48Z8+eZWFhgZ07d3LXXXcxPj7O2NgY+/bt48UXX+T06dNkWVYTrIPGCE5WHz9+nO9973tYY/mDz/0Bs7OzITnsx9DskeyP9+abb/Kf//mfnD17lna7Hcbt1zHeJ0kSxsfHueeee9i2bVvtOC+//DLPPvssr7/+eii37cs0x9dooxLQTdE7SMgPSg8334vvhdXVVZ599lleeOEF7r//fiYmJgaeWxAEQRAEQRCEDxcigAVBEARBEAThQ0W9V6i1Bosp47kuwalRjKSWW8YTjsxuYTlp0VNJVKAWsMaVPsYy1Wlx63iLDi4FWqWEfTlo1W/IgpDwnXlVY3Tu81ZZKjix0O222XpgJ4e2TvLWuUXeOb/A8QuXOLesyJXCrmfAmqfccG3UOj2Lfc64Su5qaxnrtJiZGGXX1kn2bJvgtqkuY0DbGFq+BLIO2tzJzgFnbVkYVU6Y3rtjnD0T47yzfZmX321zdnmVExcvsZStYZTvjLvB3DZIVzfPC65nr1aKHJfc9UWXtYLEWloYJrttdk1PMDc5wR07tzDdbTGMS6N28GW73fq5lXJHSbFsHWpx5JZx5mxKoTRGaSdirQkCOoy/LAcdy1J7PQWw//k6p4Avd7jNnE5bSzfRTA13mZ2cYO/2ae7YOszWbuIeJDCWtr//Bh13QMBdldeimQL25ZT/z7/9H9459k7oDQtV/1gvhNfrk+sTuP6YaZqGZO2xY8c4fvw4Y2NjbNu2jZ07dzIzM8O2bduYnJxkeHiYTqeDUoo8z1ldXeXixYvMz89z4sQJjh8/zsLCArOzsxhjuOuuu9h5y04ef/xx8jzne9/7Hu+++24YpxeaMXG56qIoOHHiBP/2b/9G2kp55JFH2L17d18JahXdu35Ni6Kg0+nw4IMP1s7nj+3XwFpLq9VidnaWvXv3MjIyUn1uXP/fiYkJ7rrrLoaGhihcPfTaOg5a141oCuC4dHdzu2Ya3M/Dp60vXrxIr9e77DkFQRAEQRAEQfhwoOzVNJ8RBEEQBEEQBOF3iP5epl6pFUWOtQatQGunb3tKcwm4ZBSLFlaBQpfSzFaeKVGuF2oX2KJcv94h60tBVxbV+EbDJU6gWp87xuL6vlZDrcartKYoexMbpegBGbAMLCnFsoUVyk6rG5Z/Xk8L96MvW6q3Sim3gWEFw7jXiLW0AFMUKBRpoknK+sBBrtr4WG6dvJDMgALIyrku4+Z3qXCf2aqt6uXntpl5UGWec6CwVddaBaTKzXEIGMGXH4ZWeZ1TpdG4+0Arp3+NBWMySBJ6SrMAzFvFQgEqiZPVl+dKrtuVcCPKQK9/MkJidyNcOXDoqmqth6wrIZ5YS6osSdlgOfj2sDhxCei6wLTYvn63L7/8Mv/wD//A008/HUTvIGnoxWrcQxYIyVUvHOP0cFwaOc/zIJeTJEFrTZIk4XcglGLOsiz05vXH7PV6PProo/zxH/0x991/H0NDQ2RZxj/+4z/y/e9/n+PHj9NqtcL5/Lg98by01qytrZGmKX/5l3/JF77wBbZs2UKr1aqJWmtt6I8M0Ov1WF5eDufx6xJL57iPb7fbDf19w3oUhtXeKnmeh7E0SzH7OfgS0+uxUUJ4vQTwRsfwa97pdBgaGurriywIgiAIgiAIwvvPwsICAM8///w1H+uee+4BJAEsCIIgCIIgCB9qnPStcqmuJLFlGEWiYET5AtGOENSEkENNcOKqje8DW08Z9+dVq8/qWc/ywMpryXKMvtatMQxpTWKdfB6ilKXRuDZSH5t1fn5ujVAtZsC2Gmjh5u7/VNaLOoUyuMFGJaSrbG5UTrcMYadAqqGtXLK2W85vSjtBu978Br2/ubLE1Z82enlZ7efn55aU7yWqkUNW1b4o159Wl0cZR9NCMZUQ0qsWd+2g/p6N3ttobldL/6MQ7w31O7r+PlQPVSjKstmUyWogURbfVdlai603+o0etKje0m7jICibgjdO+cYi0ovJmDiZGh8vSRKKogilhL0A9ceKSyXHYtcYw9raGnmeByHsk6hpmgaprLWm1Wrx4x//2AniPOORRx4hTVP+4i/+gna7zb/8y78ECRyPr9Pp0Ov1anP20jrLMr797W9z4cIFvvzlLzM7Oxs+x9YlqrWWdqtNe6KNKQxK13vzNhO4zfdjMTw8PFxbz0ESN07mDmJQr9/N0CxV3TzH5c4rCIIgCIIgCMKHDxHAgiAIgiAIgvBhxFqMlwJeYlDKIwsd5dKfBf1BQ18k1aUaVRBOutzAEHlcGj1Ko1K/qvZhXZAFAdM4h8KJsRZQWENhDWhd06sDFcaAKtTrEY4UJ3WVjcojlynW8pfU2pCGVtaibLk6YYJuZVUozOwleaXTgwD09ZCNEzIaJ17B9c0dUOU3yNfmHDY7V49PlcYSWOPKOydlyWtUOfYypW19EtIad09o5dYg0WAN2ljaClLtdLBPeCssrt9vfa3tgHum1uf2Gojn956iqjluNA9r3X3mE9W2cIJUKy/8VPUQgqr2GXTQ8F0uU6hKqSAwAaanp/nYxz7Gc889x9LSUhCx7piV/PQp3zjpS3lcL38HpX9jkej3b5YhbrVaNaEZ9+T12yZJQp7nvPDCC6RpyvDwMPfffz+jo6M89thjaK359re/zYkTJ0Kq2JeVbpZp9j8rpTh37hxPP/00xhi+8pWvsG3btpB8VeUFC2PTVdo37tdbu8SN5K0to+t9ZbSN+/7oZFAZ97qEXU8Qr/fZRsTlsJvyWeSvIAiCIAiCINycJH/7t3/7t+/3IARBEARBEARB2CyD9Fac261nESvRpoKgcsJVBambRq8WtvzZlj2AFamqjmqVAqUaZ/RWz9aHoOq/xvvUp+JlscJYnFikTKNaS6o1LXBjgfLn/td678evpPFnWs43waWbXSLTH0+FdXCdb02pd0tB4+eo6jOsPEt8Hdy6ubWrupBqXAI6sZbU2nXn0Wq8Elz/5MvP11Y/W0jK65lgq/OU72sF2qraHeSG7HRx9bMXVaoU/QptFYmtrpE7Tzk+W62xfy+JXpebw2Zf7vjX73hX+lr//ovvseo+q4xx/J1S/V+W8smB6kcVbrJYpsali9M0ZWxsjLW1Nc6dO8fy8nJNPDZlYLyvv75eiDZ72MbbridLB738Z/HxvJju9XosLCywuLjI5OQk4+PjTE1NMTU1RafT4fjx46ysrNSSys2exc3SzUtLS5w5c4ZLly4xMzPD2NiYk8DRkOMewfHYPPE5mqLZWBPGU0sIq7owHpQobv48aA2vlL6+xabxfyvs4GsvCIIgCIIgCML7T6/XA+DkyZPXfKyZmRlABLAgCIIgCIIgfABZryBwXQDXxAuU0ldHfsmJTa1cqtWlcL3sLBOGQbDEZw7m031e+ahIbfYHF+MyuCokZt1vFoVRZQrWWnSZjvUpR10Kaz9Onxq+mpcn5Iq9PPK/K+eyk7C9DTFVnzJVYRaxrKnimkpF76uyQLRSWFWWX1Z+a7/+5VzLNa+Nud+rh+Nfdr51L1WOOb6+ZbIZ1TcnN3zrvbXbrxSWphRfSrmrpKxPcaty/Kp23kooDxhzeXxdOfKrftE89nv08g9T9H9WfmNCOtiGNbVKR1v5+ya+Ek38tSk/U/1r60nTlNHRUWZnZ1lcXOT8+fMsLS0B/YndZq9aoK8nsBeu/jxxKWgvhsMoL5NsbZ7Lp2hXVlY4ceIEq6urTE1NMT4+zrZt25ibm2NtbY3Tp0+ztLQUSlvH8tWL2ljGGmO4dOkSr7zyCqOjo4yNjTE6OhqSyU1hGovpQYK8Of6BaV3VP/+NjrUeVyppm9tbW1Ui8Knw8LsIYEEQBEEQBEH4nUMEsCAIgiAIgiDc9HjlU6lWFf2b2s9laeJSWHixiAWLKeWjF4EKrZ2VVBaU9pKnlAmmLBtso7LNkXAjEkDu836B5YVnQ4dU4/UiUCt0qcF8edya6GKTknTAi3jM0X4DTGn5o8JPXpeWUSvt1t7SKBnbn8QO6WClMJHki8fhxKpGKx0ETf2fdeazCQEcj6ZearkqQV36Iaz1d5J/PKBKqKoQH9dRUlKBcdI3SbS7f2pr6I6jy9/1OuLJa9Br5XqI3EHrt9nzDqRxX4bS2n5fFUn08ttRXd/yAOFTf80b36FSWNaEZCn1p6eng0A9duwYKysr5Hketlsvmevf8/191+sr25TC/v1YEnt57JO78WexzLXWkmUZv/3tb8nznG3btrF9+3bGx8e57977OH7iOCdPnmRxcbHWS7g5j1heK6XIsowXX3yRNE3Zvn07ExMToWfyRjJ2kKxulsn2pbHXE8MbHXcjrlbSDkpo+2uYJEmQwYIgCIIgCIIg/G4hAlgQBEEQBEEQhIDPcTb7zQ6UwbH8Uyr0vSQWUEFWNn7HyWFdE8llyeAB4/LljgerhpB1rCxxKZOd2C0FpO8jC/hesrVzXG2KTVUr5IWwO1ZUlDkcu8woqyTI2TCSEDlVDbG5gUqM5unm6gWsrqSwKtePTRzySlOCzcOpKu3t16E6pBdIZVJUqbA2lbAtBbWOhJZ1Ced4CvXU9NWL1veLzUjidecwYAdVrrVWYQVD+tn/GW6ZWtq/FHo0vu3rJU7L84yOjnLLLbfQbrd59tlnSZKk9uCCF7MAeZ6ztrZGnudYa1ldXSXLMqy1oYduXCZ5vWRvXKbZJ46zLAt9gGORGm/nZeXRo0dJkoTZ2Vm2bt2K0ordu3eztrbGyZMnuXDhAkmShP67/phe7MbJ5VarRVEUHD9+nNXVVebm5picnKytVTP1u97fL5dL98ZrsdH7N0oAr3feuFe0IAiCIAiCIAi/e9wIAZxe85EEQRAEQRAEQXgfiP+H/HpJaGsrRaSUC7DW9vQSKTpEkHNDES3HAAAgAElEQVQD/ED83mDhGweAVST7bN92oMptq3TyevT1DObaBYaqqjRHE4tzl9U7fvvger0QDoNTDfPXP7Z6adx4S1VGcksBpVRYxP4pXv2ca+nFMAP/m/vTKhur7bJcdWPM3sXbSFD7PsDRmppGkjqslS1L0H7ABNQVjXbgxmrAb/77GX9HGjuX3xFb24f+38rvWl/Z4ki4p2nKLbfcwiOPPIJSim9961tcvHgRX3rZy8Esy9i+fTt33303H/vYxxgbG+PcuXO8+uqrHD16lFdffRVjDEVRhPSr1jr87u91rTV5ngcZ61O/7XY7/AzU+vhaa8nzHK01MzMzHD58mAcffJDt27eHKW3fvp0//MM/pNvt8q//+q+cOXOmtn+YepQCTtM0JI0vXrzI008/zfLyMl//+teZnJik1W7VxhNL2sslhOPzXS+u5VgftO+WIAiCIAiCIAg3FkkAC4IgCIIgCMIHlCCBvIwcYKCUUqHMcdyd16pSOlKlEDfDuulNW484xknS9TOT6wlghfVlchUMSgAPGtemUb7EcRh8OILyQrP8uSqnW59N0GuRaLvsaaNUdJ8e30T68FrxyVNHs490nE6MpXe1edzj1u9TPWjgRTZhfQde9U1I0g8/tacQGn9Gv0ZJdH/nWGXrm2zyu5skCaOjo8zMzKCU4tKlSywtLZFlGcYYsizjjjvu4JFHHuFzn/scDzzwAHv37mVubo7Z2VlmZ2eZm5tjamqKNE1ZW1tjbW0tiN84Udzsjdv803/u076tVoupqSkOHjzIQw89xEMPPcTDDz/MwYMHmZiYCIJaa834+DjT09N0u11ef/11VldXa2Wla0s4QOaurKxw5swZlpaWXE/gkVHa7Xb4nvvVrh6AuLwAFgRBEARBEARBuFakBLQgCIIgCIIgCIEqE1hptj49FImNSsXZyteGva9RcNQr1YbEbPNlG7K6KVZsNI9qjJsQwIM883qv8kx1BVr23y1PrFDoshq0qpta3Lp6oTt43eJEYthL1XPRsTPX8VW8wbLJHX5QyfABEtpGW1UtgcuPbN/2NpTvrtatFkwVAVzS/zDEpj6vyfXaowiXxUvg2267jTzPWVxcZHV1lU6nw44dO/jc5z7H5z73Oe68805arRYAnU6HrVu3cscdd3D48GF27NjB9PQ0SimWl5dZXl5u9MFev5xy/H78/Th48CAPPPAAjzzyCI899hj33Xcfs7OzDA8P9/Ul1lozOTnJ3NwcZ8+e5dy5c6yuroY086AUrz+vLxe9srLCSy+9RJqmjG8ZZ8v4FieByx7o+O/2Jso9C4IgCIIgCIIgXA9EAAuCIAiCIAiCEHCyrfpdNQReU+LV9o2dUrlvn7S8EuExUABfZls1QP2F8tQ2Gt8mBPCAOQ7e0P+r7H5bLkTV1zbSbf6NQceuJTQ3e+71t29euxtNPQ1cjWLdMdSur1+/AQLYmposrq3pumt2E4m12Pr3P5VQ5zJLdSUCOO6TOzo6yuzsLENDQ2itmZub4/Of/zyPPvooc3NzYZ88z8O+Wmva7TY7d+7kyJEj7Ny5k16vx5tvvglAURQhCZymKUVRrNsX2PcEBpiamuKrX/0qX/ziFzl06BDDQ8PoRPeVdYa6QB4aGuLw4cOcOnWKCxcusLKyEspT+xLQcTK4KaWttfz2t78lSRK279jO1q1b3d9Hev3vgAhgQRAEQRAEQRBuFNIDWBAEQRAEQRCEGnEx2XWJY6eq/6PrwmYPZNf5OTpOlW68wUnYq/7w6mheAtX4zH+eXP9TXzv+HlKN36mLsQ2XbVM3q3Cj8OLVWsu2bdt4/PHH+exnPwu4pG+73a6Vb261WrVyzb5Pb6vV4sCBA6ytrXHmzBl++MMf0mq1SFP3Py/4/r++x28sX+N+w0NDQ3z+85/nzjvvZGxszJ1Xx6XIKwlsTfRASCmVJycn+epXv8ro6ChPPvkk8/PzdDqdIH69BE7TlDzPQ19gnwbu9Xo88cQTdLtdDh8+HObp6eurLAiCIAiCIAiC8AFCBLAgCIIgCIIgfKCIVSE0jVrcv7L+gUVZZ+As1m1n1+vBe+Vs/jD1WK13gv1++gaJl0hCDj6DWeeDYJ82dZr+0taDjqbqn7+vruly94Kiaa4HbR+KXIs3G4gt/9W48v3bKLeWm/1+NtOt653cWBMEaLfbpdPpkCTJuvvFyWEvU8GVk56cnGTXrl2hXLTfzm/rRa0XsUmShM+LoiBJEu69914mJydrY/CfhXlZV+2gmSa21rJ161b+95f+N91ul29961uhJLXfVykVnqSP9/dJ4ZWVFVZWVsI8B5WoFgRBEARBEARB+CAiAlgQBEEQBEEQPoTUOtx6+au8PPZFY12/1svXbC63rdHcfj1hcvnj1loU1w73XsnE/li0bayNl+d11olVX+Ys667UlR1ukww623pR3AHb9lURv9wg4xrFYoEHUluWdQTwAMKDG1eBta5cfFNwelkK9c/iJLAnJIjLNK4vC91qtUIJ6EH7eQncHI9P8XqB7LdVSmGNDeWYm/I33lZrza7du3j44Yc5d+4c//WD/2JxaTEcv9kPOD6HUqo27kF9iwVBEARBEARBED6oiAAWBEEQBEEQhA8pXq2GfrYW8KJDVVJo86JuI/m3XqPcDUam+vcbnADeRBrvKn2NDfsN6nkbS/RB8nfzxna9cs/Nyso3hs1cm2ayvPFpsNe2do0G9wpW0bo2z3qTizVVJd8rNi+Br3X94rLKGwnSuPQz1EVxbZzWkiQJRVGE97TWQfoOOqY/n08JN8/tJXOcwo178w5iz549/NEf/RFZlvHzn/+cc+fOhbHFArpZiropptdbK0EQBEEQBEEQhA8aIoAFQRAEQRAE4aagv/Ps+1xx+Heg7LHDrqNgFTr+pUoEl3vd3KynrX1k2GIG9Jv+Hbjc7yuVZt9YuF9v/EMf/udY0A4s5d0oKR1v52Vsu91my5YtaK1DSWUvXJsC2UviWDprrel0OkEYx+hEYwqDxQZZO2is/rNut8u+ffv467/+awB+/OMfc+HChdCL2JegjsfkE82Dzj9oHQRBEARBEARBED5IiAAWBEEQBEEQhA8cVQfZjbu2Nj9t9gdep1/wZc575Z/1b1aNfXCy8KqOfZWogb9d7pxXP6YBV+UGs5kzbLzNph8b6Lu+Qky1Lu//Cl1Nf+GYsbEx9u7dy+joKIuLi7UUcJqmWFvJ2zzPw59ZltHtdtm7dy/T09Ohr3DfebWq/R12ufEmOmFiywR/9Vd/Rbvd5rvf/S5LS0u02+1a/+G4D7AkfAVBEARBEARB+LAiAlgQBEEQBEEQPlA0VNyVlNq9jHncWLBcHyGqNhr0wMO9l/I3emeDcOv6G1ztOf0HN2KulxG7m5WAmztcNAXRv4N4L0pgX63YvdK069DQELfffjt//ud/zn/8x3/w+uuvs7i4SJZlLC0thRLP/jU0NMTExATT09McPHiQhx9+mE6nUyWLNzGeZhnpZjI5baVMTk7yB3/wB1hr+cF//oDzF86TJAlpmoZ08qBz1UpOS/JXEARBEARBEIQPOCKABUEQBEEQBEEQBEHYNNY4iToxMcHDDz/M9PQ0J0+eZGVlhTzPWVtbA+p9htvtdpDAc3Nz7NmzJ5RlvloGidw0Tdm/fz9Yl0T+zne+w8rKSjX2SAD7VLAgCIIgCIIgCMKHDRHAgiAIgiAIgiAIgiBsGosF63r77tixgx07dtTSuc2UbdwT2Avh6zaWRio4SRJGRka48/CdDI8Ms7S0xE9/+lMWFhYGyl+RwIIgCIIgCIIgfBjZTMMtQRAEQRAEQRAEQRAEALTWKD1Y4sYy1VpLURShP7DWuk/+Xol8bcra+FixWFZK0el02Lt3L3/zN3/DXXfdRbfbxRgT+hJfbuyCIAiCIAiCIAgfZEQAC4IgCIIgCIIgCIJwxcTJXhjcO1drXSv1bI3FGre9KcwVSddB6eGNEsVKKcbHx/nKV77CAw88QLvdptfrBQmstQ4/i/wVBEEQBEEQBOHDhAhgQRAEQRAEQRAEQRA2jU/ixonbZho3lsJKqSB9lVZYXDJYabVhIrfJlQpgL5/37dvHn/zJn/D4448zNjZGnucY0y+frZFy0IIgCIIgCIIgfDiQHsCCIAiCIAiCIAiCIFwXmvIXy7qy+Hr2Al5vHNZaRkdHufPOOwHIsozvfve7QH9JaW7ccARBEARBEARBEN5TRAALgiAIgiAIgiAIgnDFxGI3/hkquWupkr/xduvtdz3HFo9lqDvEoUOH0Fpz7NgxXnvtNRYXF0MS+L2Q0oIgCIIgCIIgCO8VUgJaEARBEARBEARBEIRN0yy7HPcCVsqVdY7LROtEo5RystXYDY91PWj2JLbWgoKRkREOHTrE17/+dQ4cOMDQ0NBgaV2OvS8hLAiCIAiCIAiC8AFBBLAgCIIgCIIgCIIgCFdMs6xzU6Y2xa7WOiSB34txDRLB3W6XgwcP8rWvfY2PfexjdDqdsN+gvsCCIAiCIAiCIAgfRKQEtCAIgiAIgiAIgiAIV8TlUruDPn+vyis3BbD7xZWjVkrRbre54/Y7+NIXv0Sr3QKc/BUEQRAEQRAEQfiwIAJYEARBEARBEARBEIQPHX3lnW1Vpnp4ZJi7jtxVJZUt8P+zd6bPUWPJ2n9q8b5gjMFm37dplm5mppeYuXMn4v7X98udiInpGbqhgYaGpjFLgzEGr3gtuxa9H/ymnMo6R1KVy7bKfp4IR9nSWfKck79M2zqScjvzSGqKoiiKoiiKoqjdFi8AUxRFURRFURRFURS1b+R8jHMOyOH/X+jF5oXegYGBrdP5+ncah+d4QZiiKIqiKIqiqDYT3wFMURRFURRFURRFUdS+U917ifO58EJvEASbF3r//7XeuEdA873AFEVRFEVRFEW1m3gHMEVRFEVRFEVRFEVRB075/OaeeH0hmKIoiqIoiqIoaj+IdwBTFEVRFEVRFEVRFLXvVKvVInfv6u9zudzWXcBA3Z3Bcucw7/6lKIqiKIqiKKodxQvAFEVRFEVRFEVRFEXtG9l39qZ5h28ul0NQC7a+D7a+pyiKoiiKoiiKajfxAjBFURRFURRFURRFUftG9q7dpLt4eZGXoiiKoiiKoqj9Jl4ApiiKoiiKoiiKoihq3ymfz3sv7rqO5/K58DgvClMURVEURVEU1c4q7rUBFEVRFEVRFEVRFEVRuy1e5KUoiqIoiqIoar+KF4ApiqIoiqIoiqIoito3SvsO4KQLwLxATFEURVEURVFUu4qPgKYoiqIoiqIoiqIoiqIoiqIoiqIoiton4gVgiqIoiqIoiqIoiqIoiqIoiqIoiqKofSJeAKYoiqIoiqIoiqIoiqIoiqIoiqIoitonyuw7gKvVKoIgQBAE4bFG3r8TBAFyuVxYP5/PI5fLoVarNWWPtsPaI59SRj5zuVxoQ7VaDX+WY7VaDdVqFZVKBbVaDUEQIJ/PI5/Ph2OX41JPxmHnRqunpwf5fD6s67M7aax2HNZ+bUMul0OhUPDOscsOeyzt+rrskrlqpK24ccpx+V7PpayRPqb7k/WuVquhTbpdqzj/0WU6OjoAAOVyGbVaLXaMeh1s33beC4VC6Fe2bj6fR6FQ8I5Vt0lWyaqvHlklq772rMgqWSWrW22SVbLqq0dWyaqvPSuySlbJ6labZJWs+uqRVbLqa8+KrJJVsrrVJlklq7567cBqX19fqjHtB2X2AnBcoMqCdCARgDRc4ojidBKo5RiA8DOXy4VJQgcQ3b58HxdE0thrj+m2fHDrpCDlZEwiCYByXoNo5ytpDDY4t1pigx6/DSQiHTTt+FwBVQJN0lgaSYwu+5OSvh6nttmOVey1QdM3VlcfWmSVrLZSZJWsklWySlbJqnxPVrcvskpWySpZJatkVb4nq9sXWSWrZJWsklWyKt+T1e1rN1k9SMrsBWC7yLsdUFz92WDncqokO4Ngc6eBtJPL5VAsFlEoFMIdCHJel9H9aRtaMUZXULdBzJaTQGKDhoVO6ruCi2tdW73OrmRlx2vhd82LK9DawGh9tlAoRHZNJSXRtEpiwrat+5PEIDu6fGPwzUFcv2SVrLZijL5xAGSVrPrbJatklay2TmSVrJJVskpWySpZbZ3IKlklq2SVrJJVsto6kVWy2gpWD5La4gKw/tTnXD+3AjKXNFy27ziH03VzuVzdThEdiPUxeQS2y45mFAepL5DYOXc9nsA3L2ls8K2pfuxEKxW3PrqM3iXjWwMdSHRQtLuGXIlHz6MNQGmCaZqk5bNZP+ZDbLPjtetpk4HPTrJab0czIqtklaySVbJKVuW4/tTjc/1MVt0iq2SVrJJVskpW5bj+1ONz/UxW3SKrZJWsklWySlbluP7U43P9TFbdIqt7w+pBUmYvAIt8gUjObadd3ZaVPm7L6OAhjueDymW7DaD6WfPFYhH5fB7lcjny/gCZB58tzcgmHRdcAOreYaA/bRKyCcyulR6HrbedsTQrOw4dSNKUj1sXCSxSTydQ+ziGRsZuH0/hk7QpjziQ3V7aPmunHafPJ3Qfek7IKlndKZFVsuqrS1bJKlltTGSVrFr7yGr9OMkqWSWrZDWtyCpZtfaR1fpxklWySlbJalqRVbJq7dsJVg+S2uICsG/BdkO6T3EODUaStNPpwKjbtecAhI9lkJ0lsrskKQg2I5lb2f2g7bW7X+TT2pImkLrG6wrajQSWZuZB7/JIG0Rs+UbWXvq0yV9+AfC15ZsHvVZx0gnf7kKz6+oLko0EeLJKVpNsb1Rklay6RFbrRVbJ6k6IrJJVLbKaPF6ySlZ9tjcqskpWXSKr9SKrZHUnRFbJqhZZTR4vWSWrPtsb1W6yepCU6QvAejFcDmgdqZnFsxCntaORdm19C4suJ4FDgokNKgJ3KxxV5lInJGDrBfDyaZOMBcoVTNJAbsfgWtvtjjPOLlfAdNWRYy578/m8cz1cvmmTiSRjm3AaHZNuX85r35Hy2ndcLCX1HTdHZJWsktXkMen25TxZJat6DsgqWXWdI6tktRmRVbLaSLtk1S2ySlYbEVklq2SVrJLVeJFVstqIyCpZ3Q1WD4IyfQFYK26xWr1wur24nTmuvl1lm7FPP9pBgko+n0etVqsLKo22r4F1JZ40ScgVgOwuDd2X7VvO63K+Oo3KV1/sswkwbXLQbet5S7JZj1knRLt7x/cOAZctvnmTdiUJSXlfwEwKora/NCKrZLXR8VmRVbKqRVY3RVbr7SGrZJWsusdnRVbJqhZZ3RRZrbeHrJJVsuoenxVZJataZHVTZLXeHrJKVsmqe3xWe8XqQVGmLwDrBdILntZRfUoKdrYvlyMltavb9wGvAbLti8PrgKIfHyEBRd8GHwT1Oz/0Od2W7l8HBD0OX3LwzVkjAd8VVPSxNHC6/EOP03VOPtPsIEnbr/ULn//JHMka2Xr2FwHdlvYjsd/Or/iIfPkCZhpO4pKkz5ddZckqWbVtklWySlbJalK/ZJWsktV4kVWySlbJaiP9klWySlbjRVbJKlklq430S1bJKlmNV7uxut+V6QvAWjooyqd2ehfovvMCnYbZttusozWiuARhx6HHIoEdADY2NiI7hiTgy/fVajUyDqkPoO4Z9bqcS77g7pr7tHMWF5ht8HPZauvIlyuguOYirayfuNrwJTmRDfQ6EQCb7xAoFouRF8nbsem11+3KbiPddiPJ2o7V9UtFWpFVskpWyaqrXbJaL7JKVtOIrJJVskpWXe2S1XqRVbKaRmSVrJJVsupql6zWi6yS1TQiq2S13Vnd72qbC8CNSBZZO1acXAEqy9Jj6uzsRBAEqFQqqFardcEG2EwCxWIxrKuTSpYd37V2rsAlP8uYdaKQHTf68QxZl9ivdwvJmso4daDV47KPmcj6eMkqWSWrZDULIqtklayS1SyJrJJVK7KaTZFVsmpFVrMpskpWrchqNkVWyaoVWc2mDiqr7ap9cwFYBwTtMDYw6kCjb59vt0Bid5d0dHSgWCyGu4B0Gb3DRMZpHx2RRWmbdYCwaynSCUQHknZYVwB1AV4ne/1VLBYjY9Jjbgc/Jqtklay2hx+TVbJKVtvDj8kqWSWr7eHHZJWsktX28GOySlbJanv4MVklq2S1PfyYrJLVdme13dV2F4A1JC7pcxYWXVcHj3YJJCIb9CWg6EQh5+S83hEEZHsXiZYNnjaY6E89Rpsg2mG8OvHLzhidDPUxoD7hi7IyVrJKVskqWW0XkVWyCpDVdhBZJasAWW0HkVWyCpDVdhBZJasAWW0HkVWyCpDVdhBZ3Z+strva7gIwkOwY1vEsXPqRCrp8M33thqx92iY5p2+Xt+dlzBqsLIwrrVzBXgKMfLrG2W7j1WN07faxyc+V9EVZGS9ZJatklaw22tduiKySVX2erDbX126IrJJVfZ6sNtfXboisklV9nqw219duiKySVX2erDbX126IrJJVfZ6sNtfXboisHgxW211teQE4TjpwyKc4HbAJnX6xdFwb7SCxVV4OXqvV0NHREe4SkmPtCJRdS5EOEvKz69EBrqCb5TkoFAoAUJfQ9Q4hCZ5x73holzUnq2TV1nfVyaLIKllth3VziaySVbLaHiKrZJWstofIKlklq+0hskpWyWp7iKySVbLaHjporLa79t0F4IMqCRbyLHnAvQtjv8mV+PajdOKXL50wdRkq2yKr+9tPyer+EVnd335KVvePyOr+9lOyun9EVve3n5LV/SOyur/9lKzuH5HV/e2nZHX/iKzST/da++4CsIXHOpm8XFuXa+fAKTAVCoXI8+T1mPL5fOxOi3aSToBasq7t/DgB1/rIeurdX7JTCIg+Q1+r3cYLkFWySlazKrJKVslqe6wvWSWrZLU91pesklWy2h7rS1bJKlltj/Ulq2SVrLbH+pJVstqurLa79t0FYKDeeawjFQqF8HnyrqDiqtNq+5Lk2wXigsiVHOzuEgkwrqCS1R0nrsSg11bvmgGiCdE11qxLEgOAyHq6gqGcl3qucbZDACWrZJWsktVW2ZckskpWySpZJavZFFklq2S1PURWySpZbQ+RVbJKVttDZJWsklVqN9R2F4CTApwvULp2GPjad5VJgtsHqKteKxxcxmh3AfmAswE0zj6fbFlf8N2J3Tlxa6q/l/mo1WqRnUNJ40yz1o2omf702tnx2rHKLwk2+bvWNm5srl8o4ny2kTUlq1t9kFWySlbJqktkNb3IKlnVfZBVskpWyapLZDW9yCpZ1X2QVbJKVsmqS2Q1vcgqWdV9kNX2ZXU/KtMXgH3O6pKFRwdH+czlcuGLtwVE+QyC+t0HaRxC2vLZ08iY0jqg7CDRjwnQwBSLRQRBEI4VQLirRMYKIDLeRubaNSY9z/a4q3xcP3YtrSQoyprqsbsCqu/xGI3YZMumLad9z6dcLodarYZisRgpa9c1zofT+JKdgySbksr4+iOrWyKrZJWsktU4230iq/5yZDW5bbJKVsmq2x7db5xNSWV8/ZHVLZFVskpWyWqc7T6RVX85sprcNlklq2TVbY/uN86mpDK+/sjqlshq+7B6kJTpC8BargX0Oap2HPle7zKQuvK9/JzLbd5+L/X0+STbGh1HXCARQLR04JPy1Wo1db9S1iaLpHbSgrNbsonQntOfNijpefWtma1ry/mO2/NxCUb7lqxHR0eH0w6ffbYdaUv7lqyrruN65IL9ZUN/6jbT+jlZJasAWSWrZDXJ3qyIrJJVshpvb1ZEVskqWY23Nysiq2SVrMbbmxWRVbJKVuPtzYrIKlklq/H2ZkXtzOp+V9tcABYlLZYNJrqcDZq6vN6hoevptlohHQxc43EFY1cAALZ2TtixJckCJQHUtevCBaI+5yob16c9liZBuGz22eGy0QZv12MVdFmXfInLV1aPzWWb9OVa16SAp/t3zaH4WKFQCP1Jt2l9K01fumzaXwLIKlm1IqtkVZ9vlchq9BhZJatk1S+ySlbJarLIavQYWSWrZNUvskpWyWqyyGr0GFklq2TVL7K6u6weFLXdBWDA7+AW0LSA+QKH7SfOeXR/rkBmy+r+fOV0YLM2usadZpy2rg5SuVzOuVuokT62o6RAon+2wLp8wVXG1Y/Lb5KSVpztSQHWlRzS7lxKkm5L+pDjLt9JSuJJSSDJL8gqWSWrbpFVskpW09tOVrdEVskqWXWLrJJVspredrK6JbJKVsmqW2SVrJLV9LaT1S2RVbLaLqweJGX6AnAaGO2nPq8dwuccFtRqtRpb3jpKkrPFBVZX0JO+NeRSRn81GjCtNGy2XxuwXP2lhSwuWLraSUo0ccdcQd01/64kkRSgfWOwdsQlI/nZrq0dj6vvJBb0OG2ysGsal8Rc0nMTZ2OcfWSVrLraJKtkNa2N9jxZJatklayS1fo2ySpZTWujPU9WySpZJatktb5NskpW09poz5NVskpWySpZrW8za6weFLXdBWC7yHGgJoHmglW+17tmtC0uh21kHHZXjr61XWDWz7SXT/uycy05LrtPfNKOr22qVquoVquRRypIn77dJWnHLvKB72orrt008++D2L6IXMrJ3Oo59tln5y+NnwHx7wPwJXbbf1wZ13zIeHTf4ufa76zEnrg1T1pPV9tklawm9SUiq2Q1SWSVrJJVsqrLkVV32yKySlaTRFbJKlklq7ocWXW3LSKrZDVJZJWsklWyqsuRVXfbor1k9SAo0xeAk+RzcLvAEiiSglOcg1sHlDabdST7MvNCoeB08Dj7tJISRyM26ccYyPsDGgmeSXalSWCNtBuXUOzPehy2nk7KcYG70bm2j+CIs3m7cvmw7JDSO5T0eyFc9rTaPrKKVOcatYmsklWyuiWy6hZZ3Z7IKlklq1t9kdXGRVaR6lyjNpFVskpWt0RW3SKr2xNZJatkdasvstq4yCpSnWvUJrLaWlYPijJ7ATgJ/DhpZ/AtvA3Evn7lpd3iRMMpPPcAACAASURBVC4HbcQ+aUvKyu4R144g69R6t0jaIJPGTntO+tc7S7Q920kKcQE7jVy2x82FL6BYH7GJQj594/UFV5ePyLrVajXnexl0O676jcjHjSQnPVZJFjqxxSXetP1JO2lEVt39+uwkq2RVlyWrW+XJ6pbIarQ9survg6ySVbJKVn39ktUtkdVoe2TV3wdZJatklaz6+iWrWyKr0fbIqr8PskpWd5rVg6JMXwBO47hxCxfnZI0EN92O7KIR6SBgy/raEofTO3G04/rsbgbi7dS3sEkCcZVJa0NSXRsckuxKqhPXlq5vj+vx2jbS+KRu0+4cSpIej/WFpOQY16Ztz7Zp+/QFfj1vui5ZJatxdiXVIavR82SVrKa1IakuWSWrZJWs+uwiq2TV1xZZ9dclq2SVrJJVn11klaz62iKr/rpklaySVbLqs2unWT0oyuwFYN8C6kVKG+ziyjWy6DpgWIdxQetqWwcSuyNIt+tqQweatIBKm0mB1dqoA5s8317bb22JG2tcXy75klRSnUaCkMten4/pHTX2vD6mvxrp17apE12rkqk9rn3NjlcfczFky5BVskpWyaqrTBqRVbJqz+tjZDXaL1klq746ZNU9Htdxsuq3VZcjq/Eiq2Q1rkwakVWyas/rY2Q12i9ZJau+OmTVPR7XcbLqt1WXI6vx2m+sHhS1xQXgZhZH17GgtkoaKHkkgH0ptfQn54rFYgQW13Pjrf36WBycrnZsGV+7ccdcL+LWQcqVJCyYeqyuxOKy1Sdbxwa3RsbpkjxCQgcS3bbeBSQJwb7fwSbXZtXM/KSVtlH6ksdb6DmQc641SzPvSSKr7jJkNVlklaySVbLaqMhqa0RWySpZJatk1S+y2hqRVbJKVslqIyKr7jJkNVlklayS1YPHqr54vt+V+QvA2jGzLHnMgA2U8nOhUECxWIw4mivo2ONZkbZLw+QKDHHPoM/SmJLkClDaftfz/V2PH8i6XPbqIOkqY9cVIKtZEVklq7YOWc2mX5NVsmrrkNVs+jVZJau2DlnNpl+TVbJq65DVbPo1WSWrtg5ZzaZfk1WyauuQ1Wz6NVndv6y2Spm9ANxucjmdK0jEBZOsO6EOECIbSFx17G4UV5su7dWc6DXTx6z9tpx91v5eK23g1usqO2lsfb0WMs6s+6tPZJWsktX2EFklq2S1PURWySpZbQ+RVbJKVttDZJWsktX2EFklq2S1PURWyWrWWN1t8QJwguKCp3V0DZveMSNA6QBi27bnsiZXUJTj+lZ6KWNfeO8bmz2eJlnpvndS1m7X2slY9SMI7Fzthq3bkR6ntll2BdmgmVU/JaubIqtklawiUi6rIqtklawiUi6rIqtklawiUi6rIqtklawiUi6rIqtklawiUi6rIqtklawiUi6rIqvNsXqQlNkLwFkOlIA7kIjz6e/1MQuYqy1xxiw6orZNj9MVFHXCcI3VN0Zdz9Z1yZZvtXy2y88SSFzjzeIaJskGTzu/zQT/vRZZJatklaySVbK6VyKrZFWfl2NkNXsiq2RVn5djZDV7IqtkVZ+XY2Q1eyKrZFWfl2NkNXsiq2RVn5djZHV/KbMXgO3CZUFJzmGDJrC120J+dpXJuuxa6EBpv1xl21E6OMQFOD12Xbed5LLXNS7XWtpEmBWRVbIKkFVf3SytNVklqwBZ9dXN0lqTVbIKkFVf3SytNVklqwBZ9dXN0lqTVbIKkFVf3SytNVklqwBZ9dXN0lqTVbIK7D9WW6XMXgBuN1mnsrfY53I5FIvFyO4DW1+UVWfUUBUKBW9y0MFT6rWjbFJzjVUfk90lspvG+kA7yJUg7DkZX7uKrG6KrJLVrIusboqsktWsi6xuiqyS1ayLrG6KrJLVrIusboqsktWsi6xuiqyS1ayLrG6KrEZZPUjK/AVgeyV/r2xwyedYeueI/pJy+XzeGVBsf3s9bp80JHYMdrwimRc7Z3FBdS+Vxo64sbajbGCUT3tMyrrWfq/HTlajIqubIqtklazuvcgqWSWrZDWrIqtkFSCr7SCySlYBstoOIqtkFSCr7SCySlYBsnoQlNkLwBbKLCyQDXyuTx0kZEdJEGw9S15AdD1iwBdcsqJ8Ph95Ubp+jnoul0OhUEAQBKhWq5E5iNtVsZ113Um/sDbrwCHjrdVqzrG6fGEv/DetP7nGKi9ID4KtXTHVajUsb5MnWc2WyCpZlfJklaw2IrIaL7K6KbJKVskqWc2qyCpZlfJklaw2IrIaL7K6KbJKVskqWc2qyGrjrB4kZfoCsEsuB7LBNSnY6vMW4KQ6Uka+9Hn50k6k4QMQBlRX/aSxtjrY+ObJHrf2yhht4JRdMgKYrR9ng8uORsbRyrlxzYfuQ9bUBhOpq8ftShS++dbnmxlPWr/XZVw+rNdPf0riD4IAhUKhbryu/shqa0RW3SKrZBUgqz4bXHY0Mg6ySlZ94ySrZJWsklXfWMmqfxxklaz6xklWySpZJau+sZJV/zjIKln1jZOsktU0rB4kZfYCcK1Wi+ww0Yvmc5w4IF0L6yuvJXU1YNouF1iutjSI2iaBUAciCUauQJIUKJOkIXcFZpfETgn+Yp8v6OhjMi8yZ3q3RdogYAOTtsva2axssLQBxGeXlsyNjLNQKKBQKMS+P2A762p9M410P4VCAfl8HuVyOVxTl61SRidEHVgtE2SVrOp27feunxsRWSWruh05RlbJKlklq0kiq/4xklWyKvXkGFklq2SVrCaJrPrHSFbJqtSTY2SVrJJVspoksuof406wepCU2QvAApa+7d4Gy+22r9v0ScAR59ABRO+EEaW1UTurdmSBzQIr52xd3a8OOHZcrvG62tMBTgcEGaveKdOItL12vL4kEZfUdHBJ6w+udbL2uOxtRFJHkp/Mpcy1lJH5lP7lUQxp+pRdO+KH2ofsuOy8F4vFsEy1Wg0Tup1H13y45lr/MkBWyapLZJWsWpFVstqIyCpZlXO2ru6XrCbbYOtbe1z2NiKySlblnK2r+yWryTbY+tYel72NiKySVTln6+p+yWqyDba+tcdlbyMiq2RVztm6ul+ymmyDrW/tcdnbiMgqWZVztq7ul6wm22DrW3tc9jYiy2qxmNnLoi1XZkdqgRHn9gUg7Qw+J0hyTNd5cTQBT3Z76N0j2rF9NuljelwaYN2fJALdj+xUsG3Zn11z4QuaNljpnTJyXieXuPHFAaiDo4xXJyvfurqUtryda9f5nZAea61WC3dY6fHqIKrrpLFJs2GTkSuh2F8KdDKsVqt1fuMLrto+1y8AZJWsWpFVskpWyWorRFbJKlmtHydZJav6HFklq42IrJJVslo/TrJKVvU5skpWGxFZJatktX6cWWf1ICnTF4D1JxANSNoJbbk07UobvrpyTu/Y0UFEB12XtJ1x7Vu7dPB07fawATqpXXvOBZeGW49VyuodJGmDU9J5vUvHjse1Rq42kqRt8QV+PSdpApNt37e2+pzMpQ7WOjnpdY1LaK5xxc2PK+HLLhedIJJ8ytqi+9D2klWy6msjSWSVrJJVsirtk1WySlb94yGrZNVlE1klq7YN3T5ZJatk1T8eskpWXTaRVbJq29Dtk1WySlb942k3Vg+KMnsBGIg6jeyksI6vA1cji5cmCOj2bSCxQVXXSbIjDhCX02sbfO0njd93zs6nHascS0oIjUiDJm3bXSwu233B05dQfOvjqpMG/jRz4Eqksm61Wi1MEvJoikbm1ZZ1/TIgx31JXxK/nnfX/Ln6sr6vRVbJqradrJJV13GySlZdfSWJrJJVskpWyar7OFklq66+kkRWySpZJatk1X2crJJVV19JIqtklay2J6sHSZm+AKxlA4trF4IOTs3IQiXBUr6Xdl3lGg1mdkz2Z3kkg90tJKDr8j6g7Pc2aCcFEVGaBGXXwnfe2mbXKy6h2ISqA22SbXFByn4fZ7er3bh2XPMrvwzYtbV+5mpT9+lL2HonkvRp11b60zuF4vqMm5c4e8kqWSWrZJWsktU4u13tklWySlbJqm2TrCK0n6yS1Ti7Xe2SVbJKVsmqbZOsIrSfrJLVOLtd7ZJVskpW25/Vg6RMXwB2OYoP7Dhntg7oWnAdLKV9DVaa9lslHRTFBhtYXEHbFVCsja5dG74gouvaQK/BbmZsrvbkpeU6ePoShPwsc6CDYpK2k3DStK3lSqxBEKBSqUR2gYnvAe6xuOzVx3RikHPVajWSfKRcXJvNiqySVbLqbtceI6tkVeqS1XQiq1H7yCpZzSqrCwsL+PTpEwDg2LFjGBoacvZPVsmq/nTZSFaZV+PabFZklaySVXe79hhZJatSl6ymE1mN2kdWyWq7sHqQlOkLwFo+Z5adNNbhbR1XELEBQgeqOCB1//KVFuw4Z/MFPRljEASRAF8oFLz92nZdAVcCiB6vnWf5TAoccYEsbrzStq7nWlNX/0mB3pU84gKmr31ff2nlm1udLHSQ1+OJS/jWX6S87ICS4Az4E36asST90mFFVsmqr0+ySlZ9NpDVepFVv8gqWSWr2WN1dnYW4+PjADbXZ2hoiKySVbKaQVZdIqtklaySVfkkq24byGq9yKpfZJWsktX2YPWgKLMXgDWscWV0WaB+B4xLFlppQ+DSOxRcbbmA09/rNn3j8rVjA6Cta0HTO2BsvXw+XzePOnjIOF3BQtujg6fPNt947Xnbrm3PF9z0uuq6dmy+BNJIkIsbo6sfW8eXtFzH9FrIbiG9s8k1Vus/UkZ2BUni99nusiFtgPT5Nlklq2SVrNr2ySpZtSKr7vHZdrRtPpFVspo1VtO20w6sLi0t4dOnT1hcXMTGxgZWVlYQBAH6+vqQz+cxMDCAkZERDA8Po7Ozk6yaumQ126wyr7pFVskqWSWrcf2TVbJKVskqWd1/rB4UZfYCcJziHNm1kNoJBTBdz341qmbq2THEBUAX6DYoyZcNrGnGGhdIXEDaIJg2aVi5gol8ShLTbetkqL/32bGdQLIdxQUh13k5bnf3uB6V4fNhnfRddqQJ9GkSd6Miq2SVrJJVskpWtyuyuiWyGmX1n//8J2ZnZxvqv1gsorOzE6Ojozh37hz6+/sj7Uu/ZLV1agdWq9UqXr58ibdv32JjY8NZdn19HQAwMzOD169fI5fLoaurC5cuXcL58+cjZckq82qWWWVe3RJZJatklaySVbK6XZHVLZFVstqOrO53ZfYCcLMLol/EXavVUCwWI8GzUCiE5cRh7e4RDVCz9uo+tfQjGNIozg4LfS6XQ6FQiIxBJwUb9Fz2uYBMSmS6rm/crrbj1tjOUxAEkbW19fX3epdM0hgakQ14+njcOqXdnaSDvOwEk/dC6LqSJKrVaujHuh+XjWnG1UiZVswnWSWrZJWsNjoWshrfNlmNtktW9z+rzahSqaBSqeD169d48+YNDh8+jJs3b+LQoUN1fZDVaB/7ldXJyUk8ffrUe+HXpyAIUCqVsLCw0FC9g8gq8ypZ1f24bEwzrkbKMK/Wi6xu9UVWySpZ9Y+DrNbbS1bJqktkdauvdmX1oCizF4CblSy03o1QLG4NMwg2X7yuF1/vuhDgWuF8eyFtuys5xMGeNelgKZJ1zefzkXWV8jZgynGpsxdjb7ZPSQDyC4AkQtnhJZ+uQNYOAY6sklWySlbbQWSVrEqfZDXbGhwcRFdXFwDUjQkANjY2sL6+HpmDIAgwNzeH77//Hjdv3sTJkyf3xngjsro7rAZBgPHxcbx8+TKM6YVCAcPDwzh37hzGxsbq6qyurmJubg4fPnzA7OwsyuVyw+M76Kwyr5JV6ZN5Ndsiq2RV+iSr2RZZJavSJ1nNtshq9lg9KGr7C8Au5xDnqdVqqFQqALZ2kUgwsTsD2iFQ+qQDoARG+ZLkICBZ2Ow86KCqtRsQ+uyzO6OAaFCRejqBaJtlZ9FeKWnufD6sE4PMQz6fjyQIm/jk5yz6Mlklq2SVrLaLyCpZ1fWy6stkNcrV6dOnce3atfC43OmrfRrY9PWZmRm8fPkSc3NzCIIA5XIZP//8M4IgqLsITFabV9ZZHR8fx/j4eFj3yJEjuHnzJnp6elAoFNDZ2Vl3V3Bvby96e3tx6tQpAMD8/DxKpVJD46xUKnj79i3W1tZw5cqVA8Mq8ypZlXpZ9WXmVbJKVslqu4isklVdL6u+TFbJatZZPShqywvANtD5ylgntE7mqp+1oJLGHt95OW4DgQ0ccW3shBqZ47gA42rDlQSBxh/jkEatmjNXO66Ab6V9PKsiq1GR1Wh5EVnde5HVqMhqtLyIrO69yGo6xbFaKBRw7NgxjI6OYmpqCo8ePcLGxgYqlQp+++03HD58GL29vdu23yWymtzObrE6OzuL169fh3N17tw5XLt2reF2Dx8+7LVRpMc0NTWFBw8eoFKpYHh4+MCwyrwaLS8iq3sv5tWoyGq0vIis7r3IalRkNVpeRFb3XmQ1KrIaLS9qF1b3i9rqArALAvuzOFAut/UYAf3sfDkuu2a0o7qCjc+O3YYPiA+c8qltz+W2nr1ugRTFBZwswGLXx36J9DFdR/vDXo0naf3sGuif5d0P+lEIemeU+HHWRFbJKlklq7p9skpWWymyuqWDzmpcvTSsjo6O4osvvsDjx49RqVSwsrKCd+/e4erVq9s3fpsiqzvHarVaxYsXL8K7Do4fP97UxV+Xkli1j7U7KKwyr5LVrIl5laySVbKq2yerZLWVIqtbIqtkNcusHhS11QVgIN0/gAQiG0RE8tJtHTi189m2mrFht6QTgg4e+rw8LsIG0DRBcyeUlAD1zzoYAPXjdQVaeXyAPqafp79bciVykSu426Ap73zQfgxE1xSA8/0PWQieZDUqskpWyepWW83YsFsiq2SVrG611YwNuyX7niA71rSsnjp1CtPT05iYmAAAfPz4ERcvXkRHR0fLbT5IrGpmssbq7OwsPn/+DADo6urCxYsXWzo/aTmRf/IdJFaZVxGWyQqr2rassbrTYl6NiqySVbK61VYzNuyWyCpZJatbbTVjw26JrGaf1YOitrsAnKRisYh8Ph8GCnmWuhzXTiZ/dEtZey6rsv/s0hL4ZDxSRhKIzEmaYLLX0glQFARBmPByuRw6OzsRBJvvCJC11v9I0fWyLp0EddCUoGr/0WnnRb70c/WzvMZklaySVbKaFZFVsgqQ1XZnVdQMq8ePH8fU1BQqlQrW1tawsrKCoaGhnRtIgsjqzrI6Pz8fzuXAwAAGBgZ2aGTJOoisMq+SVebV7IisklWArJLV7IisklWySlap1qutLgD7HEI7Ti6XCx2uVquhXC6HcBWLxbodClJPgqoOoHst184WPU5bTpKDDY56rLnc1mMWJNhkbax2XQCEY7HjkmRQqVTCF8VL4rA7inbD9kbr2ICpbXb5oiQEXdc+CgRAGHD3SmSVrJJVskpW91ZklaweBFZtHfHnRlkdGBhAR0cHKpUKarXarl4AJqu7z6rc/QsAhw4dangMcUpi1eaaSqVyIFhlXiWr0ibz6t6IrJJVskpWAbK6E7Y3WoesklWymm1W96Pa6gKwSzYo6N0S8r0ERpFefA2bdly9G2MvpAMEgEgQcQUSKymjA6OM0e4qcn262mq1JHj7zmkb9brKz/n81uMvXOtVKBRQKBRQLBZj+9oJxc2ZDZyyA0bXk4Bp11/Xt4lFs6DnJisiq2QVIKvySVZ3X2SVrJJVsupjVXxbty3zsxPaz6zGKSus6vPyT5adlLVPJP8AI6vMq8yr2RDzKlkFyKp8ktXdF1klq2SVrJLVnddOzVmW1XYXgDX8QH2glJ37Iv1HtjiUBUmfd/1h3ox9SfVcfccd1zYl1dP96/mRzyDY2nWi51FA1XXTQpFULi6BWdvlS+8gkd1BrjbtzzbAyHhd49lu8PQF/aSyOrDb4O5aB22bKxHodZRHR9j2fPak/SWlUZFVOM+TVbIq58lqY/aR1ajIKlklq/Xz3CyrvrbSiKwm+0nWWG1kfM3W9bHqWsuDwirzajZYZV6N1mVeja9HVskqWU1vH1mNiqySVbJKVu3PWWV1v6ttLgBbh9O3/8ut5HI7uYAiZaW+D3ANkQ4ohUIB5XI5VUDRAFtb9TGfs/mcWicFKaehsknBFyztPNRqtUjy0fan2THkCgAu+12JxxVsdRCR8+Vy2WuLLQu4A67sqs/lcujq6oq8TN6OJe1aSRmfT+l2tI3yJb4lu1wA9z+EkoKf73tRR0cHgmDr0RqN7o5qNumT1a1yZJWsxn0vIqtukVWyqm2TMmSVrNr2k9pMw6r1dd8f8a62faxWq1XMzs7i48ePWFxcxPr6OtbX11EoFNDX14eenh6MjIxgbGwMnZ2dO8ZqrVbD4uIipqensbS0hNXVVVQqFRSLRfT09GBwcBCjo6MYGRkJ74ZtllU7R1llVd9psLS05LW/UaVhdWNjo87+VrJaq9UwNzcX+l2pVHL63ejoKDo6OkJbtf2tYnV1dRUTExOYmZlBrVZDZ2cnRkdHcerUKXR2djrnTI9V/qH06dMnTE1NoVQqYWVlBUEQhGM5efIkjh496mSAeZV5NU095lX+DkxWySpZJatk1d9mo/XIKlltF1YPkjJ/AVjAsY5fq9VCZ5My9rEBjUoHA3FUaVPvTNDOFudw0pZ2KoFY13U5pS+QtNJBJahIMpLxFgqFcLzykm47Tg2kbkPa1Z/AFugWZL2u0tbGxgYqlUrLximSf34Ui8XIi+dtgLay8y47q1xz4lovnezty84lWO5k4NEvk7c+7JIrGOok5RNZJautElklq0ltklWySlbJ6nZkWS2VStjY2ACw+UjggYGBplldXl7Gs2fPMDMz4/yjuFwuo1QqAQAmJiaQy+Vw5MgRXL16FYcOHWoZq/Pz8xgfH8fCwoJz7jY2NrC6uorZ2Vm8fv0ahUIBR48exY0bNzAwMBCOpxlWgejcJLEaBAGePn2KV69eIQgCdHZ24s6dOxgdHd3WHPhYHRwcxMzMDIDNC8DlchkdHR0tZ/XevXt49+6dt978/Dz+93//13v+1KlTuHPnTuSYj9Xl5WU8fvwY09PTqf1ueHgY165dw7FjxxpmtVQq4fvvv8fy8jIGBgbw17/+FT09PQiCAKurq3jw4AGmp6frfG9ychIbGxu4du2ad9wAsLi4GHLk8t/19XUAwPv371EsFnHu3DlcvXrVeSeJjIl5lXmVeZW/A7dKZJWsJrVJVskqWSWr2xFZ3XlWD5IyewFYFkIWTTuq7BDQgSQJ6kb7lU8J1C5QbGBPssOec0HnCjS2fKuk+5AdF3a8cl4DlXasPtslWEsQ0WsqQczWb4WkHwkeOijoHUhJSVHmQtbJV17mR8YpyV/60GNtRklzZJOefOmkaMesbXH5YNy6klWy2iqRVbJKVt1tk1WySlZbI8vq1NRUeAH40KFDGBwcrBsnEM9qpVLBo0eP8P79+7o/UvVuf1G5XA5tmJmZwezsLEZGRnDz5s1tvZd2fX0dT548wdzcXN28iR1iS61WC/+Al3n49OkTzpw5g9u3b9f5b1pWpXwaVoMgwPPnzyMXf2/duhV78Xe7rB45cgS///47qtUqVlZW8OHDB5w5cybSvm7H1WcaVuP+WbEdaX4qlQp++eUXvHv3rmG/m52dxffff4/R0VHcuXPHWd7Hqi+nffjwAQ8ePAgv0AII7zSuVCqJLAdBgF9//RWvX7+OjCeXy9XdNSO+W6lUMD4+jqmpKXz11VcYHBxkXmVeretDxsm8irrvWyH+DkxWyapbZHXre7JKVrcrskpWW83qQVFmLwADqHM42d3gCyKu4LVd6cBsg4o4vpY4mYbPJXvOBuc0QaSRcbrK6j+gxW4gGiwKhUI4VrFFl9W220Qjbdu+9S39spbyadtoJKC47NIBQs6JD+Xz+cjOEt98+pKh7U+Oi3Sg0uOxwdna6movjW22f92u9C886d1RLh929ZMUZMkqWU0rskpWySpZtd+T1frzZHV3WF1bW8PExASATR87depU3Vjlex+ry8vL+OGHH7CwsBCe6+3txenTp3Hu3Lnw7lLx3SDYfGzWxMQEXr9+jeXlZQRBgOnpafzwww/46quv0NPTk3qMYtfCwgJ+/vnn8E7PXC6Hvr4+nD17FsePHw/HpVmtVCp49eoVfv/9d6ysrKBWq+HNmzdYWVnB119/7XxMcBKrEuvSsPrixQu8ePECQRCgWCzixo0bOHHixI6yevToUQwMDGBhYQG1Wg2vX7/GyMgIent7nf00y+qxY8fQ3d0dKb+2toapqSnUajX09vbi+PHj4Tn5J6H0NzQ05O0XAFZWVnD//v06vzt37hzOnz+Pjo6OSGzK5/OoVCp4//493rx5g6WlJQRBgKmpKfzzn//E119/jf7+/tg51V9WMzMzePjwIdbX11EsFnH27FlcuXIlnINyuYxXr155fbtareKnn37Cx48fw/6GhoZw6dIlHD16tG4tl5eX8fz5c3z48AGVSgXLy8u4d+8e7ty5g8OHDzOvMq/WnWde5e/AaUVWySpZJav2e7Jaf56sktW0yiKrB0mZvQCsHw0g0OrdBjqYAf7FjVNcWXEKgUH3JXXFAe3uhzQAaGh0YnCVacTuRmSDrwQNmUdtl4zTl7R0G/Jpy+jxSiCRL59tzUr3Z9sS23Ticz2WI24M1k7tezoo6yBlk77Lp3zjbnY+rH32yyYJXcdlm07i2kdEZDW93Y2IrJJVskpWySpZJautZxUAnj9/juXlZQDA8PBweEEuLatra2vho3CBzbsdr169ijNnzkTW07IaBAHGxsYwNjaGT58+4dmzZ1hfX8fy8jJ++ukn3Llzp6GLwPPz8/j555/DOy+7u7tx/fr18MIZgAijmtUrV67gypUrePXqFZ4+fYpKpYLp6WncvXsX3377bd1FYD2HLt/L5bZ2qEsZF6vPnz+PXPy9desWTp065V2rRpTE6sWLF/Ho0SNUKhWsrKzgLBZ7TAAAIABJREFU3r17+OMf/4je3t6WsToyMhKZ/yDYvEN2amoKANDV1YWLFy+GbXR0dITvbnPFDa3V1VXcvXs39LvOzk5cu3YN58+fj/xDw7JaLBZx5swZnDlzBlNTU3j8+DHW19extLSEu3fv4rvvvgv9Lg2rokqlgsePH6NUKqGvrw/ffPMNDh06FClTLBZx9epV73o9fvw4vPjb1dWFW7duYWxsLFJG+29vby/++Mc/YnFxEXfv3sXKygrW1tbw5MkTfPfdd5E76ZlXmVdFzKvp7W5E/B2YrJJVskpWySpZJatplBVWD5IyfQG4Vtt8tJN1OFlwVyBqBLS44OMCW8OnA59+/nocZNbh9M4gXSYJJJeDNyMb0PQxgT2Xi+7gl/nWO2nEZn1Xg7ZREqD0pXeQyKO79FzJPG4HRtfaStB37QiqVqthQNHj1eNwJU87j7p9Ox92TnS7ds1t29uRXlO9Dtr/dKKwwd3Hifg+ALIaY7fPzkZEVskqWY3aqeuTVbIq53S7ZDV5DAed1VqthidPnuD9+/cANi84yTtE07JaLpdx//798CJcX18f7ty5g8HBQQDpWR0dHcXAwAB++uknrKysYGVlBU+ePMGdO3dSvS9rbW0NT58+DS/+Dg0N4csvv0RnZ2docxpWL1y4gEOHDuHHH39EqVTCzMwMHj16hDt37tT9k0Gvh/U/7ac+Vl+9eoWXL1+iVqtFLv7uFqtnzpzBysoKnj9/jiDYfHfzv//9b1y/fh0nT54M67WaVf2Zdgy2fKVSwU8//RTxuz/96U84dOhQJNcksTo2NoahoSHcvXsXS0tL4eaDb775JnzcclpWJyYm8PnzZ/T09ODbb7/FwMBAxD+S9OLFi5DF/v5+fP311+jr60uVV/v7+/HXv/4V33//PZaWlvD582eMj4/j+vXrzKvMq8yr/B2YrJLVVDZIe7YsWSWrZHVLZJWs7idWD5IyewFYvyxcQ6odpFVBsVEgXTBrWGzgsBK4bKDxBX/b527IFRAEFB/oFjQLl949Im1Le8DWy+OlrVaMIUk6KUkAtUFF2nKtj9TXiUWvqw66rRhTM/L5mV5TSf6uhCjSPi7H7eMgyCpZbXYMSSKrZJWsklWySlZbpdnZWfzyyy9YXFwEsHm37FdffYXh4eGGWH369ClmZ2fDNr788ksMDQ01xWp3dzdu376Nn376CaVSCQsLC3j//n3k3bQuBUGAZ8+eYWVlBcDmxcCbN2+GF3998rE6NDSEr776Cvfu3UO5XMaHDx/w8ePHyKOKXazaGBbH6tu3b/Hs2TNUKhXvnb+tUBKrf/jDH1Cr1TA+Po5arYaNjQ38/PPPmJmZwc2bN8M7n7PGqva7rq4ufPXVV3V326Zltb+/H99++y3+9a9/YXV1FXNzc3j79i0uXbqUilVgc60nJyeRz+fxhz/8AQMDAw2Nb2ZmBi9fvkQQBOjq6sLt27fR19eXal7Enq6uLly5cgUPHz5EtVrF5OQkzp8/X/cIbuZV5lXmVf4O3OwYkkRWySpZJatklazuhshqa1g9SMrsBeD19fVwkfSiAW6n8wWrZpTWCcT5AESCgwZOAqreYaBB1DtuxHZtv3bWVjunnldrg+5bB3MZpw4S8r0ct3cqSBvlchmVSiWcH2nX/uNIzjW6jnHl9bxa/9H1xCb5tO8v05LgodfbJgjdl5ZrF5TvnyqiRoKj/lnqWvvtMdfa6XXRNsvYZLcXWSWrjY4naawAWdXtkVWyaueJrEZFVqPHmtV+ZLVSqWB1dRWrq6uYnp7Gx48fsba2FvYxMjKCW7duRR63nIbVubk5TE5OAth8ctGNGzdw9OjRunlqhNX+/n6cP38ez58/R61Ww7t37zA6Ooquri7v+D58+ID5+XkAm48B/uKLL+rG0iirR44cwdmzZzE+Po5KpYLx8XGMjo5G1tLHqm7Ppbdv3+Lx48eRi7+nT5/eE1ZzuRxu3LiB3t5ePH36FBsbGwiCAO/fv8fMzAxu376NkydPtpzV7fjz3NxceKdsoVDAF198geHhYW/5NKweOnQIV69exaNHj1Crbb4D+syZM6EfuVjV2tjYQKlUwtGjRxu+kB8EAV6+fIlKpYJcLodz585FxtNIXj1+/Djevn2L6elprK2t4cOHD+EjtplXmVeZV/k7cKPjSRorQFZ1e2SVrNp5IqtRkdXosWZFVslqq1g9SMrsBWAtHVR0sNruYjXirBZm1x/wFjJ93DqafLr+kHYF6e3YHidfEPbNtUDu+pJ68iU7R/RODd2WrmNl57BVcvmMy5+CIAjvQte7S/RYZU31OurAHJfg7Hq7/KBZpfUd6VeXl8Bo11Qnf73Ly/5iQ1a3Z3ucyCpZJavRumSVrLr61HVc5ZoRWW0PVn/55Rf88ssvqcd0+PBhXL58GceOHas7l4bVd+/ehY9cPnr0KM6cORPW2w6rJ0+exOTkJD5//ozV1VVMTU3h7NmzznEEwebFSvEbeaSvr6xrHuw5YfXUqVOYnJzE6uoqFhYWMDMzE94F7GPV1Zce48TEROTi782bN3Hq1KlU655GzbJ6/vx5jI6O4u7du1hYWACwuRn5xx9/xOvXr3Hz5k0MDAxkgtV3795hY2MDAHDkyJHwcdVStllWz549izdv3mB+fh4rKyuYmJjApUuXUsVTWc/z58/X5b0kffz4EXNzcwC2NkBYpc2rAHDixAnMzs6iVquFF4DtP4aYV5lXmVebtz1O/B2YrJLVaF2ySlZdfeo6rnLNiKySVYCsNsvqQVBmLwDr4KGdT0Ntnd8ea6UtVtZRXIHG7jABtnYy2PquQGMDmMsu67SNOLCdV1vfBjhf+675kWfFVyqVSHKQxCLfS5uudbY2Js1F3Dhd9V11dN+S5KrVKorFIoIgCIOKLqvXVO+8seP19e1KwHFjaVSuhOfzGbsG2iY9H3qcZJWsWhvJKllNElklq2SVrNo+mmG1WQVBgPn5eTx69AjDw8O4ePFi5MJpEqurq6v49OkTAKBYLOLChQuhTdtltVAoYGxsDIuLiwiCADMzM94LwHNzc/j8+TOAzUfg2rsvt8NqsVjE8PAwVldXUalU8OHDh/ACsItV24dl9ePHj3jy5El4sfD69evhnb9ZYLWvrw///d//jefPn4d3PgdBgOnpafzjH//AiRMncO3aNRQKhT1j1frduXPnYttshNVisYjTp09jYWEBQRBgamoKFy5ciNR35TVRb28vjhw5Unc8Ka9++PAhfL/Y2NhY+NhtWzZtXh0eHkZXVxfW1tawurqKlZUV9Pf3M68yrzKv8ndgsuoYS6Miq2TVVU5EVuvH6+ubrLZOZJWsNsvqQVJmLwBrpQkQtowLBNf3PofyBcOk/sX5dCAR6UckxNme1IdrLK7jjQDoekRDXN/6MRAAQsCCYPMfXxsbG+HuEduOKwi6xmYTj29N4+yWcq7HE7jWwpckNzY2UKlU0NHRga6urjAQ6l1Qrno+ufpxyY4/qV1XfdcvGa62JRgCCB+Bof1a1jTulxSy6i5HVuNt1OXI6la/ZJWsSt9klawm2eT7+SCxOjAwED4q2bema2troe8FQYBSqYTJyUlMTk5icHAQt2/frruD1sXqzMxMePdvX18fRkZGWsrqyMgI3rx5g/X1daysrGBtbQ29vb11Y5udnUW5XAawefekfvdqK1g9evQoPnz4gGq1GvYlF+hcrPo0MzODhw8fYmNjA4VCAVeuXAnvFs0Sq7lcDteuXcO5c+fw4MEDfPr0KTw3MTGBT58+4erVq5H3IbvsTWuTrpeG1bm5udDvent7I49KbgWro6Oj+O2331AqlbC0tISVlZXwXbxJ4xsaGnK+dzour66trYV3XHd0dNQ9Qt32myav9vX1obu7G2trayiXy1hcXAwfZc28yrxq24yzyffzQcqr1l7+DkxWyaq7f7JKVslqsk2+n8lqcntktb7dnWR1P6otLgAD6UDOwgJqW0QSUPfatlZKz7WMT3bES0ANgq3nsUuZarWaOnjGJZjtyO5isYFRPzJBj0nKSlJ0BRBpQ89Nu8iVRGUu9I4vl4/bduL6cPW1FyKrZFXa1p/tILJKVslqe4is7i6rp0+fxrVr1yL+5VO5XMa7d+/w7t07LC0tIQgCLC4u4t///jdu3boVeayuVS6Xw9LSUvhH86FDh9DZ2RmuaStY7enpQVdXF9bX11Eul7GyshJeANaSu38BxL4HVtQoqwMDA+jo6EC1WkWpVMLy8jIOHz4cy6pI5n9ubg7379/H+vo6CoUCrl69ikuXLqWah92S5aenpwd/+ctf8PHjRzx48ACrq6sANt91++TJE0xPT+MPf/hD3d2qaVltVouLi3V+14x8rPb09KC7uxulUgnlchlLS0vhBeCk9nyPHo/TyspKeEG7p6cHg4ODDbfhsqWvrw/z8/OoVqtYWVkBwLwqdZlXEXtcn2Ne3T3xd2CySlbbQ2SVrJLV9hBZTcfqQVJmLwBbGBspvxuyTqMd0vVPkFwu530MhBxz1dstufq1ayBfOmDa8co4C4VCGED1rhIN8k6qUZ/R5fXa6nXN5/MoFovhGCSguNqx/bvm11W21euvfUs+bb+ypjYR6mMydgmqPp8lqzsvskpWyepWebJKVl02ktWd1X5gtaOjAxcuXMCFCxfw8eNHPH78GGtra6hUKvj5558BIHycsotVufCay21d+Golq/l8Hn19feEFv+Xl5bq7Izc2NsKLW3KxNm37aVnt7u4OLwhWKpXwArCLVZfm5uZw7949rK+vI5/P4/Lly7h8+XLbsDo2Nob/+Z//wdOnT/HmzZuQ16mpKSwtLeH27dvhRcvdYFXultV+l6a/tKwWi0UMDAxgYWEBlUoFS0tLGBsbi7Thq3fo0KGGx/P58+fw8c+9vb11F9R94/EdE0713fKVSoV5lXmVeXWXxd+BySpZ3SpPVsmqy0ayurMiq2S1EVYPgjJ7Adi1GDpo+cpqZ0/T5nZt0rbJpw0K+pzegZB1h0sarzwyIZ/Ph4DlcpvvkMrlcuGz5PVjFCSgNrpGNoE1am9cOVkv24cEE3mGfLFYDF8qrpOlTSxpkr4c3y0fSNOPDag28Xd0dCCfz4e7heLaJau7K7JKVslqa+zZaZFVskpWW2NPKzU6OoqBgQHcvXsXy8vLqFQqePHiBY4cOYLu7m5nHVmvfD4fXmxqNau6b3nMs5a0D2xeAO7u7k6c12ZYFTuCIEC5XI5lVevz58948OABSqUScrkcrly5gqtXr4b9tAurxWIRN27cwMmTJ/Hw4UMsLi4C2Lx79d69e7hx40bk4nwSq/ofaI3Yq/9Bk8/nvb65XVb1neYuv3Mpn883dTdyqVQK7a1UKnj+/HnDbbik74xfXV0NcyrzKvOqFvPq7oq/A5NVstoae3ZaZJWsktXW2LPTIqutYfWgKNMXgPWCyTGf7C3hrVRSgPYFD19ZwB300iaMnZa1Q0MmgUMHSFsnl8uF0MmublmfRkFrNkBoaVvtP13s2tnjEhwloNhHEdi2XPZkIbj4Aqj+2VVez52su3zJbiGySlYbKU9W40VWt86TVbJKVsnqbqm3txe3b98O71ZdWlrCmzdvcOXKldAeYXV9fR0bGxsANi+89vX1Rda3VawWi1t/psljcrW0HR0dHc67J1vBqrRbq9XC/uJYBTbvTr5//z5WVlaQy21e/L1y5cqesNsqVoeHh/Ff//Vf+OWXX/D27dtwPn755RfcunUrfAR3EqvNzoHL7+y4WsGq9iO5eK/l6sPnf0kqlUrh9zMzM5iZmWm4jTRiXmVeZV7l78CNlCer8SKrW+fJKlklq2R1t0VWW8vqQVFmLwC7APY5Qpzzt0I+x9COaJ3MSoKkdtI0feyWkvqXQGKfDy9BQoKMHJexdnR0oFgshrtKJLjYfl3BuNVz4mrPd0weHSCBRKSTln6/nMyP1Jd5SKO9ShoinRx00Ndj02sqgdW+606LrO6cyGr0GFklq2SVrFqRVbLaiKT/w4cPY3R0FG/fvgUATE1N4fz58+js7IywKhfhbP39yqrrj2UXq7rcq1evwvOnTp0K7/y1ajdWOzo68OWXX2JoaAiPHz9GtVrF+vo6nj9/jq+//jp8D1UaVlutVrFq4+x++GcJ8yrzKvPq7oq/A0ePkVWySlbJqhVZJauNiKxGj+0mq/tFmb0A3NXVFQkscWrE+Vr1B7gOCLp/DZI4l5yT4+0meTyADt464OtHCci5Wq0WCT76Sx4zoNXqBOCSb91tQBC79bPjbSLUYwUQmQORHGuXoKIDoE3amkEZv/wCIImCrO69yCpZJavtIbJKVslqNnXy5ElMTk6iUqmgVCqhVCqht7c34qP20WB6J/x+ZNXKx6rWyMgI5ufnUalUMDk5iYGBAVy6dKlFo2m9GmX13LlzKBQKePjwIarVKpaWlvDu3TucOXPG20cj67uXrO6VLl68GL5326c4++wdKsDmRoVisYhKpcK8CuZV5tVsiL8Dk1Wy2h4iq2SVrLaHyOr2WD0oyuwFYHFCGyj0olpZR7TlWhFIdBDR/djHIMjOCh1wkvrei0DjsskGSVkHgUfGqwOCy3aZE6kvoMo5O2etGEuaObRlZE3FPh1ExE47J7quXn9gK4j4/Hcvpe3XtslX0ppKGZkv/ZgFsrqzIqtklaySVbJKVslq6+Syqb+/H11dXeEfvqurqxgZGYmwane8Z4HVtGqG1Tif0+uvff3YsWMYHR3Fs2fPUK1Ww3e77uVF4Fazevr0aUxMTODjx48IggBTU1M4c+ZM6P9p1zVrrKZpeyfU2dmJwcFB57k0eVW/80v7pPbhLLDKvJos5tX9lVf5OzBZtWVFZNVt/26IrJJVskpWySovAGdCsoByO7fsXtirXTTicNqZLAj2j0tf4PS1rz93Y5y+QGK/XMFSl9Vt2TZ1opCfi8ViJCBJgNrp5OgLInbHi7Vfl4+zUYKZjFd21Oh59NXdCbnWyfqvfLoCuvV5W0Z8VMqQ1Z0TWSWr8klWySpZJau7rYPEamdnZ/gu02q1irW1tQhPQRCEj8oSlctlZ5vbZVU/gqurq6vOXnnsVblcTtx9vx1WxY58Po/Ozk4vq/bnK1euhBd/d/si8G6xeurUKczMzKBaraJUKmFjYwO9vb074sPa74IgqHtEm8tu1xiTWBV/BoDu7u66mC2frfinSXd3t7NfLeZV5lX5ZF5tz7xKVqP26/JklaySVbLaapFVskpW07N6kJTZC8DVajVyazeAcIFcOxGso1iw9XFXeV1HyxVEdDu+HRXieBa2tNKO66rvst8lscE3H7ZN/Qe9DmwWDF9g1X1a+CRoWIhd66r7943djk0fS5LuX3aM6x0kup24sWp7tLRv6uQv5eOSkM8Pbftpx+nzXf2zrz+XD+v2qtVqOHdk1W0bWSWrZNU9VrJKVl1j1fZokVWy6uorTs2w2tHREXmPkHCmJRdeAYSP/z169Gikz1awWiqVwu/lwqueU/3OI3lkdW9vb+K8NMIqAKyvrwPYvADc1dWVyKoes7z799dffw0vAudyOVy8eDEsp9tpN1b7+/tRLBbDd2YtLy9jcHCwIVbTHpdHnUnfS0tLGB4ejoy1Fayura2F5/QFWpd8scd33qqzszP8fm1tjXnVMVbm1a2fff0xryaLvwOTVdeYmxknWSWrZDVqjxZZJauuvuJEVv1j3Q1WD5IyewFYnER2kcgfvQKw/KHtglkvpByTwCTvAEoLuX6clA4ePjhdAVOf8zm6KwnIIwlcNupy2r4kkFx2S18WKB1E5LgvgIsdejeQ7UfqVCqVEGb7InlZU1cA0btS9HGXbJDR/et+JVHJ2toE4FvDRoK5TY76nA3USf5h59N1TPu8Kwj65teuoS3j2umv54qsklVph6yS1TiRVbJq2yWr0Xp6nGQ1nlVX/z6lYbVUKoUXPAuFArq7u52sDg4OYnZ2FrVaDYuLiy1ntVarYWVlBcDm+vX09NSNp6enBz09PVheXo5cEGwlq6urq+GF6GKxiP7+/oZZvXz5MoIgCO8E/vXXX5HLbV4EbndW5Y5x8ZlcLpeK1Ti741gdGBjAzMxM6HeiVrFarVaxvLwcttnX1xepp1ltdO1cebW3tzdkQPy4UCgwrzKvMq86bODvwGSVrJJVsoq69u1xskpWffNkbSCrZPUgKbMXgK3EAeVLduhLYJEvgUL+eBQn1GAkBRLXbgoNdVIAaoUssBZmXc7KBZINtNK23ZWk//G0U5Kx2DWT57jr9dR2Sl3f+GXcFnQpI3dKuJLwTksSY61WiyQzva7608oG7jR1XGV2w3fJKlmVumSVrIrIKllttcgqWd0JVkulUvgo2nw+770D8vDhw3j79i2q1SoWFhZiH7+slZbV+fn58E7M7u5uHDp0yMnqkSNHMD09jSAIsLCwgHPnztXNJdA8q3Nzc+HFzb6+PgwMDKSqZ224dOkSarUaXrx4gWq1imfPngEALl68uK9YlX+MxLGq/2mi/TANq9bvgiAI7wpuBatLS0tYXV0FsOV3cbJ9NMrq4OBgeAd1qVTC2toaBgYGmFeZV7czjFRiXuXvwFKXrJJVEVklq60WWSWrZLU9WD0IapsLwEC941gQxJl8IOnvfRDqtiQQxQWRpMDUrOxYG+kvLtjYMdqdSPrL1X+SkspK/3EBQW7zz+fzYRIQm2yQ04FR960ThwQpadfa2exYG5H2oSCIPg5Ez0mc71pb42y37bna3kmRVbJKVsmqnCOrZHUnRFbJalLdZlhdWFgI363a1dVVdwek6PDhw+jq6sLq6ipWVlYwPz8fPo7Xp0ZYnZ+fDy9E9/f3o7Oz08nq8PAwOjo6UC6Xsbi4iLW1tfB9wa1g9dOnT+HF7ZGRkaZ4lj4uX76M9fX18ALms2fPEARBeIdwu7Oay23+syuJVd8/M9L4+vDwcMTvFhYWcPTo0Zax+vHjR2xsbAAADh065Lzz3CXJGY30FwQB+vv70dfXh/X1dWxsbODTp0/hXebMq8yrOy3mVf4OTFbJqpwjq2R1J0RWyWpSXbKaDVYPgtrmArB1FO1A+Xw+fNRApVJJBMJ13BWQXO34bNpJSf+uoOIqJ9/rIGiDpJ2PuICZVnYufeflsQA+GySQSDDRu+X1WPTOEjt2aV8eQ6HfSRAXyFzHtytXstZzYNdGz4dr7V3HXb8gSBn7eIad9luySlbJKiLn9HGySlYbEVl1i6yS1aQ6zbL64cOH8ILnwMCA9w7g3t5eDA8PY3V1FRsbGxgfH8ef//znlrBaqVTw8eNHAJs7oU+ePOlldWhoCAMDA5ibm8Pa2hrevn2LK1eutITVxcVFTE9PA9i8G/TUqVO+KffK9nHjxg3UajVMTEygWt18J3A+n8fFixfbklX7yPDe3t7IWrtYlZ3t2l6Xfa7j/f39OHLkSMTvZOPBdlnd2NjA5OQkgE2/O336dKp62l7to76+rZ3Hjx/H/Pw8giDA5OQkzp49i46ODuZV5tWWjc0l5lX+DkxWETmnj5NVstqIyKpbZJWs+srJ92Q1G6weFLXdBWANuAZD7xLQDqhl4XIFXl1mLx3K5djWbtc5fcwVQPSXjNE+imw7QTJtXW0vEN39oR+PIZ9y3pXEpC0bjGT3iPyjJW5n0G4kBlfw1P6r18Vlo66r2/Ql/Tj/3cnxklWyKuXIKlklq2R1J0VWyarVdlidnZ3FzMwMgM0LYEkXPM+cOYOPHz+iXC7j06dPmJycxNjYWOL4klh9/fp1+H7X/v5+jI6O1tkq5QuFAk6dOoWFhQXUajV8+PABJ06cwJEjR7bN6osXL8LHUB85cgSDg4OJY/NJr8etW7cQBAEmJiZQqVTw7Nkz5HI5XLp0qe1YnZqaCu/UHhwcxMDAQMS/XKz29fWFj09z2ZPE6vnz58M7daenpzExMYGTJ09ueyyvXr0K/W5gYADHjh1ruA3XmF1j0seOHz+O169fY3V1FYuLi5icnMS5c+eYV8G8yrzaOvF3YLJKVskqWSWrZLV1Iqv7j9X9rra5AKwDg+vRWeJQsqtE/rDWTqqDjj6m29CAucpkRTqwWDCB+p0nvnG6guZ2gmiaurILxJfAgiAI3x8ggUF2hOjnzMs5mQNpt1AohO8bkDblcX5ZkB63fC8BVEvvlnGttQ6guj15BIP1Adf3OyGyGhVZJatklayS1Z0VWT24rFrZ42lZXV1dxePHj8OLeSMjIxgdHY2148iRIxgbG8O7d+/CC5mDg4Po7e311klidXZ2Fq9evUIQbL7b9fLly+jp6al715Jm9eTJk3j//j1mZ2exvr6O3377DX/5y1/Q0dEBoDlW3717F94N2t3djcuXLzfchkuydrdv3waA8CLw06dPAWy+ExhoD1aXl5fx/v370N7jx49H1tbHarFYDO2Q9dS73pNYFb97+/YtKpUKnj9/jsOHD3sfV55G1u8uXboU2rQdpcmr/f39OHHiBMbHx1Grbb4n+ujRo+jr69tWXl1ZWUF3d3f4juRG6gLMq8yrBzev8ndgsqrbI6vZElklq2SVrJJVqhm1zQVgHQB958RBZQeBvFQcQLizwALkCsK6nywFEmuLD1xXwLSBUs+nlLdz0ujYtxOEtM12TXRgLxaLkT/kZU3tIwN0YNqOXa2Uy7/0uWq1Gtou5yVYSh3xb7umeu1kvpKSzE6JrJJVskpWbTu6H7KaXmQ1XmSVrFo1w+qnT5/w6NGj8G7X/v5+fPHFF6nGf+3aNSwsLGBpaQnLy8v44Ycf8Oc//7mhi3Fi8+fPn/Ho0aPwkcLHjx/H8ePHw3/m+Fjt6urCF198gbt372J9fR0zMzP4/vvv8e2334YXgRvR1NQUnjx5Ev5hf+HCBRw+fLjhdrRc/0C4ffs2giDA+/fvw4vAQRBELgLvBKuLi4t48+ZNeHG9Ga2vr+Phw4dYXV0FAAwNDYV/6bNkAAAgAElEQVSP6tZ9ueags7MTnZ2d2NjYQKlUQrlcDjcNpGX1+vXrmJ+fD/3u7t27+Oabb5q6CPz582fcv38fpVIJAHDixImmHvctaobVq1evYnp6Gp8/f8bq6mrIkaxPI3m1XC7j8ePH+Pz5M7755pu6C8DMq/FiXmVeteLvwGRVviereyOySlbJKuq+J6tklWpMbXMBOC6I6HMCigRHveNAytrgo9uK6283pcfmCyLyqcen5ZqXOLD03GzXdt965XK5SHDQ56wtEijk8RCSJOx66oApn7VaLbIjZS/X0zevOuDpT1c5O14pr4NtVkRW68+RVbJKVsnqdm0nq9GxkFWyaqXLJrFaq9UwPT2N8fFxLCwshOe6u7tx69at2Lt4tbq7u3H79m3cu3cPpVIJS0tL+Ne//oVbt25FHgcdx2qtVsObN2/w/Pnz8A7kI0eOhO/LTcPqyMgIbt26hQcPHqBSqWB6ehr/93//hz//+c8YGhpKNZZarYZnz57h5cuX4eOJT58+jStXrqSq71Icq4VCAbdu3QrfeSx3UQPAhQsXImO032+H1SDYvOj87t07nDx5EtevX0dXV1fq+h8/fsSTJ0/Ci79dXV24fv16eEeDqz+xX8r39/djeXkZGxsbeP/+PQ4fPtwQq11dXbh9+zZ+/PFHrK+vY2lpCf/85z9x+/ZtHD9+PPU8vH79Gs+fP8fGxgYAhH7UrFw5KE1e7erqwpdffon//Oc/WF9fx+LiIr7//nvcunULR48erSvvmudarYbff/8dv/32GzY2NtDf3x9rK/NqVMyrzKv8HZisklWyul3byWp0LGSVrAJkNeusHhS19QXguOMCjpzXu2XsM8nj/lhP09duytrlCxAyVvkHjk0Oct7WdwWv7djnO+8LkDaxabuArUelyT+O9DnXWHQ7viC3G/KN11VGj0P7r971I35sdwa5+rJtJ9m2XZHVTZFVskpW6+un7Ws3RVbJKlmtr5+2r92Ui1Wtt2/fYmpqKsKiVblcxtraGiqVSt35/v5+/PGPf2z4XbdHjhzBd999h//85z9YW1vD+vo67t27h4GBAZw/fx4nTpyI7HCXuSyXy3j37h3evn2LpaWlsL3R0VHcuXMnvKCYltXTp08jn8/jwYMH2NjYwPLyMv7xj39geHgYly5dwtjYWGT3tmh1dRW///473r59G17UzOVyOHv2LL788sttr30cq8ViEXfu3MGPP/6ImZmZ8CJwrVaL3AncSlaljUqlEo5b3rV8/PhxHDp0KDJPlUoFS0tLmJycxIcPH8I7xYHNu3lv376N4eFhb/+u48ePH8f09DSq1Wr46OXr16+js7MTuVwOy8vLePHiBQDgxo0bdfMGAMPDw/j6669x79690O9+/PFHDAwM4MKFCzh58qTz8ccbGxuYmJjA77//HvG7sbEx/OlPf3LWaVTN5NWhoSHcvn0bDx8+xMbGBtbW1vDDDz9gaGgIFy9exLFjx8J10f9Impubw5s3b/Dp06dwAwUA9PX1ee+AZ151i3mVeZW/A5NVskpWW2Gf7zxZJasiskpWs8TqQVDbXAB2Sf/xp48BW7sn5Lw+rnczJDl/o9pJh7UJwfUPLldy8AGsx6/tdoHuGpev3Tjpso0GnlwuF+4S0buFtI1ip67jC7g7LV9C1nPuO2/nXPuxK+mLXPPrWh+7nmn8dju+TVbJKlklq82KrMaLrJJVa+tBYlVrcXGxqbaLxSLOnTuHq1ev1r33NC2rhw8fxn//93/j/v37mJmZQRAEWFxcxKNHj/Do0aO6C1FBENS960jbYdcuLasnTpxAX18f7t+/j8+fPyMIAszOzmJ2dha5XC7y/lkA4XuatLq6unD16lVcuHCh6fV08abnTc9fsVjE119/jbt372J2djZ8r22xWMTZs2dbzmqxWERvby8+f/4cll1aWsLS0hLGx8dTj3FwcBBfffVV4oYBl7+ePHkS09PTmJiYQLVaxfj4OF6+fBle9BffkEcx+1g9fPgw/va3v+Gnn36K+N3Dhw/x8OFDdHR0ROZAfMjOx8WLF3H9+vXUY4/TdvLqsWPH8N133+H+/ftYXl5GEASYn5/HvXv3kMvlIu8Ky+VyKJfLdXPT09ODy5cv4/Tp05F5Z15Nb78+zrx68PIqfwcmqyKyml5kNV5klaxaW8kqWdVj3EtWD4ra+gIw4F4wDZDd6Z4Wdhuk0/at67uCXbOygUTfIq8Dpx6b7d8FvyuA+Oy19XU5G+RcctWz/fqCmitI+ObWZZd9Zn6S4gJvM/IlPf29byySFKwvu2z0tWPLxP0y0Oqx6/atyGrUBrJKVm0ZshqtT1ajIqtk1eqgsdqMCoUCOjo6cOjQIZw4cQInTpxI9Oc0rHZ3d+Pbb7/Fp0+f8Ouvv2JxcTE8p+9MdNkzOjqK69evOx893Sirg4OD+Pvf/46JiQn8+uuvWF1dDecwzo6Ojg6cOXMG165dQ2dnZ3h8N1gtFAr4+uuv8cMPP4QXgX/55Rfkcpt3IreS1f7+fvz973/H3NwcxsfHMTs7Gz4COc1Yent7ceXKFZw8eTK1H1q7crkcbt68iXw+j4mJiZBbvT65XC7x0dS5XA7d3d347rvvQr+TC/9Ast+NjY3hxo0b6O/vD+PidtSKvDowMIC//e1vePXqFV6/fh2+EzsI6jdN6DbkjvtTp07FvqdM9+lry9ZjXmVePUh5lb8Du+3U35PVaBmyGq1PVqMiq2TViqxGbSCre8/qQVAuyOgMlUqlyM/aEfUfp9Z59U4R/Sx5+azVasjlcuFt6b7hJzm+PeeqK/1rm9MEMl8fGiCbDOSchkbvnNG7+xu1Ick26btYLIbPft9ue/pTxqEff5HP5yOPKNNz4tN2xq2DiYy3UqnE9ucK3nF2uR75oH3Yrr+MNwlhVyD0+bLrF5RisRj+86XRRExWySpZJauu/pLG56tLVptvT3+SVbJKVrenNKyWy2V8/PgR09PTWFtbw8rKCqrVKrq6utDV1YXBwUGMjY1heHi4jtFWsloqlTA1NYXp6WmUSiWsrKygVquhp6cHnZ2dGBoawqlTp3Do0CHn/BwEVkulEmZmZvDp0yesra2Fjwnv6OhAd3c3Ojs7MTIygpMnT3ofK6zbboTVcrmMiYkJzM3NoVwuo7u7GyMjIzh9+nT46PBGWLV+t7y8jFqths7OztDvjh8/jiNHjoRznFVWg2DzDuAPHz5gcXERq6urKJfL6OjoQE9PDwYGBjA8PIzR0VHvo6uZV/cXq66yzKvp1e55tdn29CdZJatkdXsiq2Q1bjxklawC7cNqT09P033upOTJZg8fPtx2W19++SWANroDWBbSBbc+Z4Okz4G0w9qg0irYdkLaTg2XPq8Dix5LXPDcTaVNiDZp6PHqutoPdMDVfenzOy3pP21frqSs19CO2Y7XtmGD3m6vOVndFFklq2SVrO6WyGpUZJWsZoHVjo4OnDp1KnyMr9gBJP+DopWsdnd349y5czh//nyrhuZVu7La3d2N06dPR9ZK/lHSyD+/mmG1WCziypUrALbefyb//NL/jErLamdnJ06fPo3Tp0/X2aK1k6y3itVcLofh4eHwHcu7KebVqLLCaqvEvLqpdsurLpHVqMgqWSWrZJWs7p3I6v5jdb+obS4Aa8UFCAEoCOp3Ftg/pK1D+hzQnt8NJ3H1awOe2GF3/+j3e0kA0ZDpL93ebskGRHtMj9eVAGVtgyCoe1ebTY627Z2Qax6TEq7Ll+zOIJH8E0jO2fXW5a2vuGywa72T80NWySpZJasAWd1pkVWySlY3RVbJKlklq60QWSWrZHVTZJWsklWy2gqRVbJKVjdFVrPP6n5UZi8A+4KTDXC6vAamWq1GbmsPggDFYtG78LYfVx97IQ29C3gZp4xVwyfAya34OgC5Ekgj8iWaVsraLPbKoyAkuOiAIgHI2poVuONs0D4sZe3jMXK5rUdh6PJpx+dKKmkTiU3ASWMkq1GRVbJKVslqnMhqcyKrZJWsIrSDrPpFVndOZJWsyjmySlabEVltTmSVrJJVhHaQVb/I6s6JrO4vVvezMnsB2BUs5LgNCPpLwLLPNc/n83V1bfs2qCQ5oHXaVjqrDc52N4UeozxvXeyR56zrYCJt6GAjAUXb7gq2LsXNZZL0IxBcbUi/hUKhLjno8RaLRRQKhci86GTmSqR7KZ9Pi/2uR0PodbE+oduxCUeXTbJjO2NwiaySVbJKVnU72iaySlZbKbJKVskqWSWrZNUnstq4yCpZJatklaySVZ/IauMiq2SVrLYHq/tdmb0AbGWdXQNh4fIFO/14AddjBfSnL3jtllw7fuR4tVpFpVIJg6WeEwFJS9eV9uT7QqEQCTjNKi7wpJUOdhLobADRZa2S7E9KDjslX8C0wU7K+hKmbkvX0fOij0s9+wuELtfIurl8y1fO9kVWyaoWWSWrZDVZZNUvskpWyWpUZJWsktVkkVW/yCpZJatRkVWySlaTRVb9IqtklaxGlVVWD4ra7gKwDZjiZOJ0GiYbLO339pjU9cFoA9pOS49TAqYEEZsgXMFPw6clx2W3hu5rN4Knbd+VAGu1GsrlcmSswNZL1F0J0NeP9Z04W5qRywZfu66Er4O9r64tL75qy2ofjhurTTqtXHOySlYBsirfk1WySlYbF1mNiqySVYCsyvdklayS1cZFVqMiq2QVIKvyPVklq2S1cZHVqMgqWQXan9X9rLa5AAwgsqtC4JKdBnGLJ06Uz+fDHRhpnCrO+VxAtFJ6p4wEEDtWHQBcdrvOadtlR4muI+elH5sgWi1ZFx3I7Fh9Y7DroxOiHaseoz3WavBdPiI26R0zUiYu4ds20yRrV7+uZLGTAY+sklU9BrL6/9g79zi7yvLe//ZlksmdkAQSSJBwSULAXCAaIQItINiagyi29VArtdJzao8clVrac/QoWqkW0drS2lqxFatIBbloQAImFSEEJOQmhBgsgSSQmIuBSUgmmT17nz9mnr2f9ez3Xetd+zJ7z8zv+/kMs/da73W97+9dYX7reRe1avO50lGrjYFapVY11GoUapVaTaqvXqhValX3gVqlVm0+VzpqtTFQq9SqhlqNQq1Sq0n11Qu1Sq3qPgwmrQ4H2tYA1pNCiwNA+QmSQqEQG2JuRSef9XE74HGLhGthcYlNT6aQxdlVtvRTP0EStwWCLccuDq40spjYskTg0v4QUSTdkGxbfGMqfbYLneRN0ybbFtdYu657mptsyGKkb4K2TFdffGn00z+uxdTVV9+i63vSyIWU4Zrv9lpRq9Sq5KVWqVVXf3Ub7GdJS61Wt59ajUKtUquufNRqFGqVWpW01Gp1+6nVKNQqterKR61GoVapVUlLrVa3n1qNQq1Sq6581GqUdtDqcKFtDWBBPymTJCz57psMruOuyaTzyKTW7ZCy9BM7ceK17Qrh6NGj5SdfpB69WLrqci1irj7rMmx/tMilz/p62/wufIu17GMvNzDJb7dJsGW7rp3kLxaLkReKy2/J77vBuPqh2+PDd2OK63M+ny8flydk9PWMmze+NL7x9PW1VIq+lF6unS3PdQ31jT+undQqtUqtUqu+Pus81Cq16qrXtotapVYBapVapVZ9fdZ5qFVq1VWvbRe1Sq0C1Cq1Sq36+qzzUKvUqqte2y5qlVoFqNXBrNXhRNsawPopFwBVIfUDSanUF+KuhZbJRF/G7SJpgbFp5AmZVvRRsO3UNwwtdouIWq6LoLdv0DceuaauLRJajTxJk4Qswr6FTvoMoNzHViw0Uqe9Aeu2STr7DxJ9w3HNZbuVCUCtDhTUKrUqUKv+NNQqtdoMqFVqVUOtVqBWqdWBgFqlVgVq1Z+GWqVWmwG1Sq1qqNUK1Cq1OhBQq43V6nCibQ3gTKbyZIpMOD3pLM1cUKVsWfz0Yic/dvGUxdJVjl50gUoofdJiOVCTUwtE91cWT+mjfNZpfMdd5+0TJPapkIHqq2vB990EdHqLfqpKfus+u8obSGzd0l593V3ts8dt/6jVaqjV5vSVWqVWqVVqlVpNbkcjoVapVVd6C7VKrQrUanP6Sq1Sq9QqtUqtJrejkVCr1KorvYVapVYFarU5fW2mVocTbWsAa2HpJxJcA9TsyacnlhZaqVRyPvnim0T6uJSR5gkSmci19jdugfMdk/7aBVTaLuXq83ox0ell2wAp194cWnVTtPWGLgK2f/oGIbTyiS8feu4B7qdf9M1RxldukjYttVoNtdocqFVq1VeO5AWoVWp14KFWqVVqlVqlVit5qNXGQ61Sq75yJC9ArVKrAw+1Sq1Sq9QqtVrJQ602nmZqdTjRtgZwT09P1ZMJQPVAD9QEtIuiXTxc7dOfdYh6qVR5QkZeiq77ERfO3grBifCln7ItgCwctv/y1InO79o6QNLbunznBoqQNuhrYRdO10Lpyj9QuK6xnsP6ZmAXRH3MVY4dV2q1ArXafKjVaF5qlVqV9LYu37mBglqN5qVWqVVJb+vynRsoqNVoXmqVWpX0ti7fuYGCWo3mpVapVUlv6/KdGyio1WheapValfS2Lt+5gYJajealVqlVSW/r8p0bKAZCq0ORtjWA7T7kloEeKL0Q6N+9vb1VIfN6oZTJZReSnp4e9PT0lCeiFqddrAYaV93SLqDv/czyA1SeKgFQ1Q/9HgA7ZnoRkjraAWmHvQ72hiELiR1fVz9aMZ5Jddo26yeC7By24ypjqseVWh14qFVqlVqlVm091GrzoFapVWqVWqVWqdV2gFqlViUftVqph1ptHtQqtUqtUqvUKrXaDjRDq8OBtjWAgej+3Emh9s3GJQQ5rrdJkCctbF55akR+rMHdysUjLbLYyUKof1w3hqQnSDRSRitJ01ZJ3043fBe+a6qvt8xje3OUc3ru2u0vqNX2hFqNnqNWqdV2hVqNnqNWqdV2hVqNnqNWqdV2hVqNnqNWqdV2hVqNnqNWqdV2hVqNnqNWqdV2hVqNnovT6nCibQ1gEaQeqJCBlTyNwlWuPiaT3y4qskjIdy0uQT95ETqB66Ge6yJt0jcC+Z7L5cp9LRaLkSdlbH59DV39ThrngcA3l/TiKd9l3F39aBfi/kFif+sxKRaLVeMqTwXpcXQtqtRqfVCrYVCr1Cq1Sq22Amq1cp5apVapVWq1kVCrYVCr1Cq1Sq22Amq1cp5apVapVWq1kVCrYQw1rQ4UbWsAA6haYJLSNpOkhcxOML2YyHH7RExcmS4hNmvBrAVdvzxdohcI39i5FhXXd1vHQOJrg26r9DXuSZmkm2ArF03XYi6f5bhsl6BvIJLG9cQUtUqtDjTUKrVKrVKrvnoGGmqVWqVWqVVqtT3msat+apVapVaj6dphHrvqp1apVWo1mq4d5rGrfmqVWqVWo+naYR676qdW/VodTrStAWwnV6jw6kkTV798dpXjaps9ls1mkcvlypPPLrpWVK0kbgF3jYu+LrKI5vN571NCrhtinAjjrkmam2fojSkNtv+uOkNuhPW2KWQu2RueK68rrWyRoZ+Ocv3DgVodeKjVcKhVarWVUKvhUKvUaiuhVsOhVqnVVkKthkOtUquthFoNh1qlVlsJtRoOtUqtthJqNZwkrQ4n2tYABqLidQnPHnflB1D1FIctI4mkhdEKyT4Vk8lUQu5l+wRddshi5GqHTxwywUP7pdO76vAt6Lpf+lrncrlymYVCwXmTqWXxjGunr31Jae2inlSv/pzL5cp59U0iTZuFZi5GcXPB3ggEGUM5l81m0dHREdkWw3WTAKhVVzuo1erzru/UKrUq56hVapVapVbj2kGtVp93fadWqVU5R61Sq9QqtRrXDmq1+rzrO7VKrco5apVapVap1bh2UKvV513fW6nV4UTbGsAyMCJOLcBGlR8iOB0qbxcxPXFEUDqNa9Hr6OhAPp9HoVCIPG1hResTQNwCmZa4BVG3ube3N3INpK920dT5dXr9UvHe3t7I4hPXtoESZtz11r8B9wIufbaLpvzoOWTPJ7WhHqRNrnkq7bJjK21z9T2fzyOXy0Vu/nKzoFajUKvNgVqlVqlVapVarR9qlVpNqotapVapVWqVWg2HWqVWk+qiVqlVapVapVbDoVap1aS6GqHV4UTbGsB60fIJxzdgIYuE5Pelj1sUdL6QBUYWWHmZejabjSyixWIxsi+5XYRte9P200eoYPXi4FoIZMG1i4uk1f2UfvhEac/Xg71huBYFfS6pTTa9npeuMctmsw1Z9C325mPbr9PZPsgx3UZ5+gdAeS4WCoVy3nw+H8kj6WV89U2RWkXV5zT99EGtInKOWqVWqVVqtZFQq/4yqFVqlVqlVqlVajUt1Kq/DGqVWqVWqVVqlVpNC7XqL4NapVZr1epwom0NYNlmQIvMRagg0qDL801wmTz2vGtBkYVURCch+LKo6MXGLiq+tvkmeVri6pDzegFx9Ven9V0nuQ4iQumnXUDtjaneBdN1fXyLshW/vVHqG19c+bovrj6FtjMt9lrZa2i1Yp8KknGRp7rknGybIIunHNf5qVVqlVoNh1qlVqlVapVapVapVX85aaFWqVVqlVqlVqlVatVfTlqoVWqVWqVWqVVqdahrdTjR1gZwLpcri1CLzDUZah24pMnqmtz2iQpZFK2Q5LgspPpGIAuqXkAlrS6vXjHF9Tlu0dSLpUtk9gmfuBuclCNPDOlroq/bQIov5MagP+vr4jpny9KfW9E/aZ9Fzydpn9aXfNb/cLE3dK0FmcPUKrXaLKhVapVapVapVWq1UVCr1Kp8plajx6lVapVardRJrabvM7UabR+1Sq1Sq9QqtVqpk1pN32dqNdq+Zmh1ONG2BrCILJvt2wpa9l/X2wzoSeASSBIhg+1aRCSfLHL6iZi4hU2LUvqSy+XKWwtIf137zLvaWqv4XAuk/ix1+Z6u0AKy19+WJ2n1tZP+6jF1Xcc0/UkzllKH77zto2+hcx3X10XXpefMQKH/0QEgcuOS4/r9DZJHxl2PbbFYLD9Fo6+P1im1Sq2G9IdarYZapVapVXiPU6vUKrUa3x9qtRpqlVqlVuE9Tq1Sq9RqfH+o1WqoVWqVWoX3OLVKrVKr8f1pZ60OF9rWAJanT7SI5bdMvnoIHWzXgqWfknFNMhGTa4HT9UoZsvBK/zo6OpDNZiOLlZ2kVtD1YBcGvYhIG21aXxm6n/qY67zeU9++YL0R/fK1Ucq1YyHndX9daV39sdgy5CeXy1U9eZR0E6oH181BxtTOrZAyLFqn1Cq12iioVWrVlYdapVZ1GdRqfX0ITUetUqvUKrVKrVKr1GpyH0LTUavUKrVKrVKr1Cq1mtyH0HTUKrVaq1b1dtFDnbY1gF0LYz6fLy+ecaHo9U5CO4GsgO0iIsKJm2CyuFhjW84VCoXysVwuV366pFgsVvW1UdjrJIuZbbdL3K5r7LrZubDXQD9Fo58YSkNIel/7Ja/v+rr6EbfgucqR8Zc+13Mz9P0jwTdO9kaon9yRm5huoz6ny/K1mVqlVtNArVKr+je1Sq3aPNQqtUqtUqs+qNUK1Gq03dQqtSp5XVCr1GoaqFVqVf+mVqlVm4dapVap1aGl1eFA2xrAGhkcWUhEcDoUvbe3N3WZvsnuEoJeRFwLl15wbFm2TpvWTuZisVjupyyipVIpsqjYsmtFFjTbZ71IS7vtNfP1Neka2DpkXPXiUsuY2vJdi6VNp29ySf3Q55JuvrYcnV7667oRhuKanxaZP3ru+m5KrptjSP2ucqhVajUEarUCtUqt6jSuvlKr1eVQq9RqvVCr1Kqr3dQqtUqtUqvUam1Qq9Sqq93UKrVKrVKr1GptUKvN1+pwoW0NYDsQ9kkFEZo8hZDJZCJi9w22Ph63KOjzWuS+9rnKd5Wpy/ZNYFk09FMl0l/9dImkl4VA91u33bUQAJUbg87vuxm58uvvrgXY13c5Jn2QvPbJEjumITfIkJuW7advcXbdCOwNIa4doWmkj3ELtW2Dbp+dR3bBkznjuy5aM7bfcdfE9R2gVqlVapVajdZJrVKrrrZTq2HfAWqVWqVWqdVondQqtepqO7Ua9h2gVqlVapVajdZJrVKrrrZTq2HfAWqVWh16Wh1qtK0BbMlmsxFBy6STF3LLnuQ9PT0AooueDpOPW2S0oIvFYtWCHDc5XGKLyxs32eSpILuo6MWlUCiU96HXdfhuDDaNXENJH3dj0E9hxPU/BN1nW65udz6fjzxVYvsq6XQe1+IsnzOZTKSPSTeSpD76+huyoNq65Troxc03T5MWP11eT0+P90mvpPlor22ahZFapVapVWrVtodajUKtVveRWvVDrVKr1Cq1attDrUahVqv7SK36oVapVWqVWrXtoVajUKvVfaRW/VCr1Opg1epwYdAYwEBUHCIAPXgSki7ndDi6Xvz0giQLpeSThcS1WLaCUqlUftm2LJ6ZTN9Lxzs6OtDT01MWW7FYREdHRySvvhEA0ZtD2ic1Bhp9w8jlcpEnafTTNIJdIOzNYTCgx8r2Uz9to290dg7rl7O3anGjVqlVapVapVZb31cLtUqtUqvUartCrVKrArXa3lCr1KpArbY31Cq1KlCr7Q21Sq0K1CppFoPKAAaibr0VgEw+veBp8YioZPHQZemnR6RcvcD4FtBmiVDq1vXIYm4XFb23fj6fL5/TZdn2t8uCmVS/Hqtise9F5HIT0XvuA5VrZudIOy8mdq7q3/qJMLkG9kZvb7Cy4MrNR6j3HwBaE6FQq9QqtUqtUqsDD7VKrVKr1KqUT61Sq642NApqtQ9qlVqlVqnVdoBapVap1Ur51Cq16mpDo6BW+xjqWh1KDBoD2C4QdtJowejfMgHliQR9XsrVC4kuz1e/PhZK2oXXV59eBPSTQLpvVmD6BqAXkFYvJCHI+AHRp3+k//l8dArrG4D9qffm1yzixsF187Y3TJm/em7ofxAMNNQqtUqtUqvUavtCrVKrulxqtRTQTSwAACAASURBVH2hVqlVXS612r5Qq9SqLpdabV+oVWpVl0utti/UKrWqy6VW25fhoNWhwqAxgAH3UzJWGJLGPlliJ6EWpV1IbF2twtcGvQBmMn17r8tTJEDl2shTJbKoamE1oh3NQo+tbq9ePCWdTuvKp/sa149m908WuTjsXHY99SRlAZUnglw3/bh++trRyHGmVivHqVVqlVptfLtrhVqlVqlVarUR7WgW1Cq1Sq1Sq9QqtdoMqFVqlVqlVhvRjmZBrVKr1Cq12iqtDgcGjQFsFw855pt4clw/WSHnZHsE/aSCnUy1iC6p7bXgaoMs3plMpryPfLFYLC8o0mfb36SbQlK9zcDVFj0msnBKm1w3EzsH9MLpqyOpDc0gzc1fbgByE7RlFIvFqnc82HGvpx31QK1Gy6NWqVVqFZHyGtn2WqBWqVVqlVpNW28zoFajUKvUKrWarg3NgFqlVqlVapVapVabDbUahVqlVqnVdG0g6Rk0BrALPZEEWSRlAsoxSSf7ruuFxJap8+ly6mlno9BtLpVK5f4ePXoUhUIBI0eOREdHR/nGEdfXwYJeQGQ87A1RFhFZSPT5gVoYG4EdJ+mTfoqmUCiUbyI2X6P72qjyqFVqVaBWqVVqtfVQq9QqtTo4oFapVWp1cECtUqvU6uCAWqVWqdXBAbVKrVKrg4PhpNXBzKA2gIHKgmKfQJBzOo3GPlVhF1H948pv62omuh1AtF96ywSdVn/W4ff2KRnfIjNQfXMh/Ul6GkQfj1ss7dMmSembRcgTWa60vrlnx1UvpL7++ebyQECtUqtxafQ5apVabTbUKrXqSkutUqs6bSugVqlVDbVaKdtXJ7XaWKhVapVapVapVWq1FVCr1KqGWq2U7auTWiVpGDQGcOiCZSeLFZd92sQ3wUqlEnp7e6uOW5o9KbUQLNIXeVpGthOw/dU3BYtvwYi7eTQSX/12vPV10Au9Rj89Ij+tXBTT4htj218ZY3l6RnD9w8E1hnHXoxHXilqlVvVxapVa1eVQq9TqQEKtUqvUKrWaVE/IuVCoVWpVH6dWqVVdDrVKrQ4k1Cq1Sq1Sq0n1hJwLhVqlVvXxoajVwc6gMYCB6ATTE8S10NhFRD7rhVQLTKeVMl31+RZSn/DixGJJKlvn0QtjNptFLpcr7yVv08h2AmlEFbJ462siP7aOuOuWpi1CXF128ZS8oTeipLpdx0L7l1SOK7/0x56TcZabnR7fRi6e9ZRDrVKr1Cq1Sq2G98n2gVqlVl15qdVKWmqVWgWoVWqVWrV1u45Rq/681GolLbVKrQLUKrVKrdq6XceoVX9earWSllodPFodDgwaA9gKKm4Q9cJgn4yRySWLiohNFhZdrn46QZCJ6RK467uvbS6saHRfrYCkrSNGjEAul6tqn3yWhUTSSF/luujFx9WetCLxLVq+suwxl1B96e2NTn5ns1nnuIb2JSmtrS+UuPR2YdbH7ZyTdPL0kLwjwb403mokVDtaB5I+zTygVqlVm55apVYlLbVKrfrO+9qXVG7SOWq1uh3UKrXqg1qlVn3tdeWlVqlVOU6tUqsAteqCWqVWfe115aVWqVU5Tq1SqwC16qJZWh3qDBoDWGMHUS8evvQy6fRTBpJeFhaZdPpHyrVlSzmuc3HE5XP1S09cWRiy2Sw6OjowYsQIZ375LWKSuuQnl8shn8+XbxQavbjY/C6Srn09uBZz+e5aNG2b5LOMr06TRNJC0aiFxLY15Cbluulls9nymMqPLd9VZ7OhVqlVapVapVapVVedac+HQq1Wp6dWqVVqtbrOZkOtUqvUKrVKrVKrrjrTng+FWq1OT61Sq9RqdZ3NhlqlVoeKVocSg9IAtpPFHrOLpOu3L79MTNfTJb5F2Xe8Hmx7ZQGRRV4/QWLrlnbrp0b0YiLiyuVyVf2UxcP2zYXrXNKCaPPaY67xtGNr69B9kEXG9aPzu8YqzYKYJq1vXti+hlxPOaavqR7TuLRSh08rcW2sFWqVWtVQq9QqtUqt+qBWw6BWqVUNtUqtUqvUqg9qNQxqlVrVUKvUKrVKrfqgVsOgVqlVTbtrdbgwaAxgLWohZKELKdeWqZ9icE0+mycNoQuSFlUm07fNQz6fjzz5ohcKV17bT0E/lZLNZiN9FGHG3Yxc5aa97nHYOkNuTvZm6Dov19K3oMQtdnaO6LJ81yiu3a6FU8ry9cOHjJuUKe8VkLHUNxXX/HLVVc9iSa1Sq3HpqVVqlVqlVm2bqNXk9tgyqFVqVdJTq9QqtUqt2jZRq8ntsWVQq9SqpKdWqVVqlVq1baJWk9tjy6BWqVVJP9i0OhQZNAawRk9012T2iUovtoLks8dlQbFPKrioddK46tV9ErHLtg56IfHVG1emXRDlnBaGnEsSlk6rv6fF1VbbRt/NyrbbosdW/9g0tba5lhtK3EIfsiDr/upxsX3VWyjIMddTN7X2IxRqlVrVbadWqVWAWpU0Ng+1Sq2GQK1Sq7rt1Cq1ClCrksbmoVap1RCoVWpVt51apVYBalXS2DzUKrUaArVKreq2DyatDmUGjQHsGsCkyZ8GV35ZQPVi4hNyaJ1WxPq4/i4vdpeneCSNPEECoNw2F1Y8rvb19vZGbhL6ZmGfFHL1OVSIdjGKSxNXp164Qm4UOl+pVCpfR53eNaZx/UxazH198h1zlZWUz6bV/dB9zWT6ngLTC6rr5pi0KNt6k+Y6tUqtUqvu9lCr1KrtJ7VKrfra52ortUqtUqvUqqsuapVapVaj9VKr1KqrXGq1+hi1Sq1Sq9RqHNRq5Ti1Wl3uUNPqUGbQGcBA+KQMWcxc6MkiApPvVmih7bLt02XqBUYWEanX1u3qm06TdgKXSiXvoqLrdIna1Z+kvqcdD1+eWvqqt1/wXd+kBUXmhB6LNH1xEXJN7DVPyiPt008kydzVP7W0JQlqlVq17aZW/VCr1Kqth1pN1xcX1Cq1GtpXapVaTdOWJKhVatW2m1r1Q61Sq7YeajVdX1xQq9RqaF+pVWo1TVuSoFapVdvuwabVoc6gMIBdgrUi9E2spAmXtBhY4fie7Agp39ceab/sGZ/L5coi0j+uyW+fkNDt1vn0tbKfXXXIj7x0PK5vOr0dl9DrEXqD8GHzuxYh/d1eO90P3V9XuSF1h+YJKd/iuhH5sBqRPstnXzt85YS2TeehVqlVDbXqhlqlVnV91Cq1atum81Cr1KqGWnVDrVKruj5qlVq1bdN5qFVqVUOtuqFWqVVdH7VKrdq26TzUKrWqaWetDhfa1gDWExWILh568Bo5cL6Jbb/rxTNk8Y1bsOSpHNk6IGlRj+uvXvhC8rlEr6+x9FMvoK7F3NUvVx1JQgwVpV0QfdgFxfZTnqKx7Qu9+cb12VWebw678qatN2le6Osl24HIsd7eXuc4pLkZ6M/UanVZFmrVn86mpVap1bhyfWVRq+4yqNXweqlVOL9Tq9QqtVr9nVr1l2WhVv3pbFpqlVqNK9dXFrXqLoNaDa+XWoXzO7VKrVKr1d+pVX9ZFmrVn86mHUitDhfa1gDWyMT1TbZGD2yc+HWd8uSMhKHrxcU1kXU4u+TX2wcIdtsA/VuXqUXu60PcQu1bTOR4sVgst1Pnd42Fa4zsQhI3TmmxNxy7wMRdE7sg2rJ0f1390vMpZMEPvdmEXhtXu5PS2/pcfdBbR7iuS8hNnFqlVi3UKrVq20GtUqvUKrVKrdYOtUqt2nZQq9QqtUqtUqu1Q61Sq7Yd1Cq1Sq1Sq9Rq7QwmrQ4X2toAFqFq0gxUoyZuXJnyNIjdZ96XN5Ppe/Kmo6MD+Xy+PPFdC4jvuz1uF4VQ0brK1Xm1iHRaEZvefz1OwDZs39e2tDeyWvvpWmh1X2Vxtwtj3I3JV2Zom3zHLK7xSMKOqSWfz5fnoDwFZq9xUn3Uqvu7PU6txkOtUqsAtUqtxpcZ2ibfMQu1Gg61Sq1Sq+52UavUqoVapVZrKZNapVbjygxtk++YhVoNh1qlVqlVd7uoVWrVMhS0OhTJlIZbjwkhhBBCCCGEEEIIIYQQQgghpA3o6uoCAKxfv77ushYsWAAAyCakI4QQQgghhBBCCCGEEEIIIYQQMkigAUwIIYQQQgghhBBCCCGEEEIIIUMEGsCEEEIIIYQQQgghhBBCCCGEEDJEoAFMCCGEEEIIIYQQQgghhBBCCCFDBBrAhBBCCCGEEEIIIYQQQgghhBAyRKABTAghhBBCCCGEEEIIIYQQQgghQwQawIQQQgghhBBCCCGEEEIIIYQQMkSgAUwIIYQQQgghhBBCCCGEEEIIIUMEGsCEEEIIIYQQQgghhBBCCCGEEDJEoAFMCCGEEEIIIYQQQgghhBBCCCFDBBrAhBBCCCGEEEIIIYQQQgghhBAyRKABTAghhBBCCCGEEEIIIYQQQgghQwQawIQQQgghhBBCCCGEEEIIIYQQMkSgAUwIIYQQQgghhBBCCCGEEEIIIUMEGsCEEEIIIYQQQgghhBBCCCGEEDJEoAFMCCGEEEIIIYQQQgghhBBCCCFDBBrAhBBCCCGEEEIIIYQQQgghhBAyRMi3ugGEEEIIIYQQQgghhBBChj6lUqnVTSCEEDIEyWQyrW5C20EDmBBCCCGEEEIIIYQQQkhDodlLCCFkoHDdc4a7KUwDmBBCCCGEEEIIIYQQQkjd0PQlhBDSLuh70nA0g2kAE0IIIYQQQgghhBBCCEkNDV9CCCGDAXu/Gg6GMA1gQgghhBBCCCGEEEIIIcHQ+CWEEDKYkfvYUDaCaQATQgghhBBCCCGEEEIISaRe45fGMSGEkGZQq5E7lI1gGsCEEEIIIYQQQgghhBBCvNRi3NLsJYQQMlC47jlpTN2haATTACaEEEIIIYQQQgghhBDiJI2RS6OYEEJIswk1afX9JU2eoWIC0wAmhBBCCCGEEEIIIYQQUkWIOZuUhgYvIYSQRpJ0X3EZuGnM4KFiAtMAJoQQQgghhBBCCCGEEBKhHmO3EcYxIYQQEofPpE0ye0O2ex4KJjANYEIIIYQQQgghhBBCCCFlajF30x6vtX5CCCHDhySTNilPnBmcZAQPdhOYBjAhhBBCCCGEEEIIIYQQAOnNX3uskUZwHDSJCSFkcBNirqZZ66U8m8cedxnBQ9EEHjQG8IEDB3Dw4EEcOXIExWKx1c0hhBAyTMhmsxg5ciTGjh2LcePGtbo5hBBCCCGEEEJI00hj/urvhUIh8od1/cfyYrGI3t7e8m+h1j+o53I5jBgxItKGUBNB/yFfPtsfSVcqlcp/h87lcshms+Xzctz2s1AolPuaZBpIWXGMHDkSuVwOxWIxUmdIXumjrVP6kc1my33R7c3lcuU6C4UCisViOY++dr29vZHrpP9m7+u3HC8Wi1VpOjs7kcvlkMlkgsoKxRcJCPT9zQdAeczscZ1Pz42kulzzUh+T6ynX0Ka12AhG+13y2jGyczWXy1GroFaHslalvXFazefzXo0ONRO47Q3go0ePYs+ePcjlchg/fnx5chFCCCEDQW9vL7q7u3HgwAF0dXVhypQp5X+8EkIIIYQQQgghQ4Vazd9SqVQ2IQQxt8Rs0AaENnBC628Utl7dJm0k2HS2zZJWDJXe3t6yAWPNKx+tiGAWM0gMpWw2GzHLgIohog0ond+OqRA3nq00Tnxmp6DH3s5PbTCGbDXbbFzzVxt0ct6agDo/tUqtDnetuh4u0G0YSiZwWxvAR48exSuvvIJjjz0W48ePb3VzCCGEDENyuRzGjBmDMWPGoKurC6+88gpOOOEEmsCEEEIIIYQQQoYMoeavzwi2EXdistgIRxutlVR3M5D6bL/ESLORd4A7kk8Mmp6eHvT09EQMCQlgckXPDSSuuqXdQN+42YjJNGOq64mL3msVPmNLG2fyW4w2PT9cZlIrxjPp2uo2u8xg+a4/U6vUqtTRDgy0Vq0JrNMPJRO4rQ3gPXv20PwlhBDSNsj9aM+ePTjxxBNb3BpCCCGEEEIIIaS5hBjDOtJMzAe7TacrUqtVxJkE0uZisVg2Wyy6f3qrXGu4DQbsFrnaUNNmku5zaLSgNeFagWubVxfa+PHNz3YyfXzt09v8AohEAkv7qVVq1TLctCom7lAyen20rQF84MCB8rbPhBBCSLswfvx4HDp0CAcOHOA7gQkhhBBCCCGEDHp8f/j3Rf66PheLRfT09ES2jwWiUVv6D/ZJZkRS22rBVa4v6g5AuS/aKHJF11kjZiC2U63nutiIOh1lKO8UBSpjKhGTOmpSt8HX73YwULSxZeetKxLSZZq12hjTxJldNmrSjgm1Sq1SqxW0CWzzJ0UCt8P1CqVtDeCDBw/S/CWEENKWjBs3Dl1dXTSACSGEEEIIIYQMSdKYwjYS2EbW2a06Q6KzmomvfpeRJu/gtGaKjsQTQq6Zq45WGYw+A8TVnjjj0WWa6O++/ANB0na3+hroKFjJq9PFGZHtsHWwb9y05sQwpFapVdd3X/6BYCC16ooAHgpmr4u2jXE/cuQIOjs7W90MQgghpIrOzk4cOXKk1c0ghBBCCCGEEELqIuSP/XEmg/yxPZvNlt9Raf+Qr9GmiuunWdg+xLVP/9gtYuWYfhdnXBmtxmcSWdND/+g80lcZV5e5knRtXQ8NJBFiPKY1qpLSt9rs1PW4onetOZlk/LrSyvylVqvLaDXUqrsdtdYZ2qZQE72WNO1A20YAy97thBBCSLuRy+WqnjYjhBBCCCGEEEKGAj4TwBXxq82Hjo4OZLPZqveKusyqtJFnkq6e/xf3le8yR6TN+Xy+6rj0tVAooFAoRMoPjQ51Rbe50oaaUzq/z+yx7bOftSkI9F1r6aveSlfSJ5lLrv64+uWKuoz77DOxrOHla481NoHou3Lt1si6DjEZ4+ZqK6JiZWztu39LpVLEEJRz1Cq1ahluWrX1699y3vV5sNG2BjAhhBBCCCGEEEIIIYSQ5pDGqIozf+W3RNrlcrmqd29KlLA8UN2K6CltgFmTwmUcJf3BP5/PR/qqIzdtlJ5FGxqNeMDcZ6xYE0RMIemfNlNchlY2m60qT8avt7fXGXnpattAjXdcXbaPPiNP91nSyY9sm6zz2WvejP4mjW+xWEShUIg1IfVxapVa9bVtOGhVG766LdYETmIwGMM0gAkhhBBCCCGEEEIIIYQkRvzK7zgjWBsVEmUoRoTPULLGjpDmD/Fx6X2Rfa5oPH1OG2JyvFAolCPu9BazxWIx0ldtLuk26vJDowaTSDJu5Lz0Q9puDRIxTWxEn0QbSj91H13XPjRaNJS4iEhflGFSm+R6yLVJisy0ZbmueS2GkKtvIWOp+wFUtgDWbZdxkmMjRoyI9ItapVaHo1at8as/+8zgwWD2uqABTAghhAxR9r92APte7cLh7iMoFHpb3RxCCCGEkKaTz+XQOXIEJh87ARMnjGt1cwghHm7fAPzdamDdTqCH/6sSS0cOWDgN+Mi5wFXzW90atzEin+02svl8vspYiouga0b0mcsUcEURWiNB2mnTSaSlmC/aVBLjRRtLtgxX+xoVNeozzmwfXf2110RezWjHVEca2r5ac8ll1tSDz4yU37pen0loP9vzvnlhIwZ9JqivnWmx1yrE8BKjEEBZa3obYJm/1Cq1Sq1WP4gwWA3eJGgAE0IIIUOQX774Mnp7i5g4fixOe8OJrW4OIYQQQgYR6559HidOndLqZtTM668fws7d+7B3/2s4/eTprW4OIcTw8QeBf18P7D7Y6pYMDnp6gZ/tAD72I2DtTuDmtw9MvdYQ8Rm/8l2bRfoP62K46PeN+kwbyVOruZL0x3vbFzFIdF4b+Wh/izEmppJcC91PMZ9s9F0zzIW46Ddr6OhoT31NrNEXYk7p6EQxGl3v40xLPddJG3Sua6CNI59J5Gq7NtJseQOFywTT18kav662Sh+oVWp1uGtVt91nBNvfgxUawIQQQsgQY/9rB1Do7cWsmdMT3+9BCCGEEDLUGDNmNMaMGY19+1/D/tcOMBKYkDbi9g00f2tl98G+a3f2tMZEAsdFRMXlcRnB8mO36NR/5Jd3cIoBIZF5eotalyEQSsgf6OMMFp8B5DK5pK+CGCrZbBb5fB75fL5sQth3jlpTx7YtLXFmpK7LZZ5Zk8QVjedKr8vK5/PlY9lstjyuSf2tF5cZKb99c1R/12UkmUTWsNORtAOFT1euiF8xCe22wTpCklqlVoezVn0mvP7u64s93+4GMQ1gQgghZIix79UuHDt+HM1fQgghhAxrOkd0YN/+12gAE9JG/N1qmr/1sPtg3zUcqK2g4/7Y7orQ8pWhjQgdfVcoFMomhKRt5h/SXcaV732nIW2x0XliImmTRQwm+85RV357rFZcBqEcj9vW1/Ylbkw12jTM5XIoFAqxfW0EtlyXKWP760sbUpfLeMvlclVzR5usjUa3X7/nVurX5m9IORZqlVqVNI2kHbXqM+F1OUMh+hegAUwIIYQMObq7j3DbZ0IIIYQMe8aMGY1f7f11q5tBCFGs29nqFgx+BuIauv44nmRo6WhC/V2w76eUd3Bqw8VGgEn6JOLSWCPBRsm5IuCsuWSvgzbGrXmjjTj9rlHXO0cbaRLaa+CK5rPj48vrSuuL9JTtdXWkphiG1lgKJSS9r/2u6EFfPp3HZ/S4Ig+tMSlzuJH4zDgd1eva7lnPQ/tbR9JSq9QqterGVf5gNoJpABNCCCFDjJ5Cb6ubQAghhBDSFhT47yJC2ooeSrJuGnEN0xi81mDx/bhwRULqP+BL5F2xWEQulytvz5rWiIj747zPXLHGjk7nKssaCTadvQ46ylAiKTOZDDo6OhIjDGvFFTVpTRZr2PnMItdxfX0ymUwkGtQabB0dHd5oyjT4ro8dCz2mSf2w+NJYI8ke0+3Qcz1tP13z06KjQ33v+bV5XSZpXBuoVWp1uGj16NGjQXX4jObBZBDTACaEEEIIIYQQQgghhBDiJI0Z4Prjv0X++C9Gi95qNpvNlk0I/c5RaYfvj+w+88OedxnX9fzh3kZT6vJ0PRJhKD+uftrIRlfZvuugozt1vtDoRWuWxZl0ru9i6ug25PP5cnSlfd9oLQaTrx0+kzAuvStNXF1Jae11t4Zq3BjK/HCls8afzJe4KEaXGeZrc9x3gFqlVoemVpNoZ0M3LTSACSGEEEIIIYQQQgghhHijGH2mTC3mTDabLRsB8l3ewZnL5VAsFlEoFMpRWtZU0qaRz5zwRUz6ogJtX20d9pgmyYTRpkexWCy/a1QiDOX9qtIXaburrbYd8llMJYlkDLkuPkINnzgjSs8JMdEkwlD3VefXBpzLpNPttyaonYOhJk9o/3zHXFGa8r7ROC1Zw9A1NyVCE0B5m15XmUnzUZuUaa4PQK1Sq0NTq77ytFZ0WtfxwQINYEIIIYQQQgghhBBCCCGx+P5oXkuEmI286+3trTIPRo4cWTYPrPklf4zX7ysVc0obFLW+w7MZf+yXfkqknTbT8vl82Vzq6elBb28vOjo60NHRESkjl8uVP2uTUPe1HdHmkmwhrLectUaS7Yc1Cdu1nxqXsWnPy5wQZDy1QSgmXKvMJ2qVWh1qWvXNmcFq8sZBA5gQQgghhBBCCCGEEEJIhKQ/3FuzJu0fz22UleT/dW/FSCllgEwOQA5ABkAJOCLZigAyKm2x71h/MkRakuk7hkox5c9V/cpI+9TBotSXB0Z19ieM/HKWlYr8yL5+9pfZC+AI+j/ohusOFNX50LaUAtJ5dhiuuq66kFJ1WjldlS8LlLIA8pXzhwFketHfn1xVkeXxKGXdjVfjkQn1nApVzUZG5koK38oOSzW56NdyP7MAOvrmLvoLkc/lCziiL5nz4jvGsv9DRL5y8jDgsoRCu1oqGV1Ysn0/Je2F9qK/Tx19FclPIaae/v9k+tueOB76XLncPEojOmMyxRTnqku/fz0zsu8y5s35XjVMekxVmSd2HG0LUzSuDfpBBJd5LwaxHLMR39rUb1dCdq4YCoYwDWBCCCGEEEIIIYQQQggZBrj+6F9LxJ1vi+jQ/HbbVt8WsRHzsKTLUEaUx4CsKiT0u6uOyInKL6cZWou3Y/J4vM2q6+Cq3nui33hzZU9jYrv6XSoZAzLuGqQ4n8lUjLOq8TCua5rxiPUSE8bPd7pWS89ZX2BhJddnj1FcYxUR9PW34xEZDjuh5KSahyFtCTHiG2mlesc+5XiUzMHodWu9+ZuEfiBHG8Gy7XMul/Nue13P6wFaQS1tdBnD7WoW0wAmhBBCCCGEEEIIIYQQUoX9Q77L+K3F0Ih7T2cIESO0pI6h+nPV+VLUh4pEi2Yq30OjQF11paJm5zD+VFy7gq54CjM79nqj3wBLGC/neCDqIdYzHq203VxmaQTfgHgMU2cZASfTGP0hxZfMgVJcwYGmb7OR5SrVeNgEKftSi+c70IaiNXHls94CW9K53nOst/Cu5d3EzcD3YJHL9HU9iNSOhm5aaAATQgghhBBCCCGEEEIIiaWeqF+NNg/0Mec7GeEwqxymXqMMLa+JLOmUeRkaLVtVliNq1RcwGdeWWnFF6jrLL7mvf03jkXKqlMtR+Wodj3o8+fJ4qAtRa5B3bFtcEyFFpGza+lKXU1JbY6ep0GNc163XBo2HtMd50DUeSfkC6kracnigsO2wuzLI9s1xZql8dr3DOck8HShz1XW/EazJ3q5RvPVAA5gQQgghhBBCCCGEEEIIgPQmRCNMi4ih0H8sAxM5KgcTTEE5EdmW2J2kUlfSNtI2rccctcahc1tkRx0ug1iXb32oJIvCddmqjGfPddXlWw8saYvlJBO22eNRL17/MiZaNCm6V659yXURSv7PDTc1XQkSJpIYrRnbfmuQIjoe2ph3tSW0b950KcajKk2mks6W5c1Ux3jE6qeNsYawfc8vgLLxK+avbBkt59qVtEbvYDaGaQATQgghhBBCCCGEEEIICaYZf9wvGwxJ6fp/x6arJVQyoeKysRVTtjNK1XE8tH2dHgAAIABJREFUtg8JBnHGfqjBTXNF6PqKiTPZdbENtUdShIkmGf0hVdWTr8oXMs59CYDX9G1QWxpZRlV+OzdiHmQAlLFaY1tqHg8xna3563uSIqDCRq5y5csWYybGRas2G7sFclIb49LoczYqeKCN1KRrOZjN3RBoABNCCCGEEEIIIYQQQsgwJ9R00Olqff+v4HpHY8SvKRnvxlWdxwgN+ZN+VYSxq2xleKXalllH1aqIyNg6dNlJbXOFmoZERyPeX9UGc1y7vUPvGI9QeyV0PLyRugFURUbXirmI3vkZdzz+VHz1KtI1dRm63c6QZU+ehDlXK3Wb1qaAUtWH8AoHYjx862Y970VPS8iWyK5tou2xbDaLTCZTtQV0u2O3sQ655oPRLKYBTAghhBBCCCGEEEIIIaRmXEZuSB6LLcOmcBqjpYQoW4dJVT7n24LXdSzB7LLBhWIIZeK2j40rsxT51Zfclz7jTq9Px313HgsYzmaPh5STaOg50OPhi1JONuoqmcrl2LYnFN60qN5MiuDvkopgT4qGDTBNGzkeafoAOLbbNhodiPFwlRP0juSkMgMMxpB37NqHbGppg2s9dx3XprAYwHrL6FrxvXM+zXuGfSb3cIIGMCGEEELIkGcTbr3+Dvzq0mvxiUumtLoxhBBChhl79+7DY4+vxrbtO7Bt+3YcOnQYJ82YjjmzZ5V/CCFkUDEJWHstsLAb+PgXgC+1uj0DiC/6N80f+u02p6F/zC+f9fz93hvIWOXMBjY0qQJEjc44kzXEgPURSZsyotFlsMVF/4acr2pXwHhkXOk941FrdG+IqViP9VPOG7J9cIM8pkZaVWW5ygDHGcENaEMtJm+acsu0YDycEfGBZRSLxYZthWzNVxdJ0cauNC6TVx/XRrD8lnf/6ncCpzGBbUSu63y9O04k1TnYontDoAFMCCGEkCi7H8GNN6/AroRk89//WVxz1oC0iBBCCCGDlIceXoF7f3g/Jh97LGbPmYWFC+ZjzOhR2LZ9BzZv3oJ7f7AMl77tYlz1e7/T6qYSQgYT7wZKZwPPrQXm3t2C+icCnS2otl1ph20/g00miSJMUXbE9AnZBlcbaybqMDbK1mdQq22PrddVVV4mGkXrNMsCLlTZI9QRlUmostOMR6jhnFBMTeeq0pmI39gL7ogEboR9FBKVHOdTSZRvJInvSYA621ILJc9nZ1o9HjbC1hXNbPI2cjx8Q592PHK5HIrFYiSNNXJDTeJmGJZSb5IpLO10tSeTyUS2hg5loO4jQ9XsdUEDmBBCCCFRjpmLK66aiMPy/bVNuOf+TZi05D244A2VZJNmtKJxIRzEs/d9F3cWLsQNVzKiiBBCCGkVt/7rbVi7bj2uuHwpLn3bxZFzZy9cAFwObP7FFnz9X7+JzZu34C///GMYPXp0i1pLCCEp+CUw94ZWN2LoYN856dzmOOMxdJQBFLfVb0OcIFS3y1lsCoM1MZ8OL7Z1u4zngLpjt2AOTO8cD2PIxTbHVCRZ09o/jbCLfFsGlw1hxzlXO+oNMA/N6/OtrBHpNEtLrpMoNz6wu17qzQ/EjIfrYYmYdrRyPLzbVaPPABaD1UbRVsr0d9AVuevK79qtwZVXG82+9/+6HvJxbfesyxID2OZP09d6CIl8Hg7QACaEEEJIlBFTcOYCtU3w7v1Yfv8mjD91HhYNiojfw9jx/Hbsm1podUMIIYSQYctDD6/A2nXr8ZfXX4eTZvifGpszexb+6tOfxBdu+jK++x934oMfuHoAW0kIIcRHMyOxXGZE1R/lHVGvsWarcQ8jBmuCsxgcgeowpDK6DSFZJZrR1e6YKE1X1GTGkzamyd622nSR7Zplu+A04xFzOAN3VHHaKF7fmLnShkYje58iMMZpzXUgfrhjE9tTjnMl005blu862vFIjMxV1epmuExXX1keD7q6kriL3eDxiMuX9ECA0/T1jEc2m60yUCVSNinyNykyt1bitoSOw2fs6nKt4e3Kr9P77hGh2zU30vwd7NHCNIABXHv9p1rdBEIIIXVwy02fbXUTCCGEEEJIP3v37sO9P7wfV1y+NNb8FUaPHo1rPng1PvWZG7Fwwfy+6GBCCCFtRbO2edaRZ+XyVTVl/8cV/RtpIJxmUVVeVyRtQpHRwurEFqrbHVN+xvO5KlGMARtqiDsz269J4xFTTx1Vpy7HmcaX0UZbB5jZaal3CmnTt7w9d6ij3ODxCHj+IFWhJcA90QMe4GgUactyjYfettpVYLFYLEfHyron5q82U5Peu1uvKRkX7Wvrtb9tXt+74V3pXWlcbXOlkeNp+x77sJGjXYPZ8LXQACaEEEJIel5Zjhu+sgqHFv8hbrryFHOygDXf/Cxu23o2/uTTV+DM7Cbcev0d+NWl1+IT5+zEnd9dgdXb9qOnmMeo6bPw9suvwEUnmzdoFfdjzX13YdnT27HvKIAREzHznItx9TvnYVLW36xdP74FNz60p+/L7jtw7fV9HyPvKy7sx5of3oXlG3di1+sFAHmMOm4a3nTJe/A7CyYGdL4bWx+9F9/7yRbsONCff/o8XP2BK3DmuEqqwy+uwnd+8Ag27ehGD/x97fqvVfje/auw6ZWD6CkCHWOmYdE734urdFueuQPXfmsPll73Pkz66bdx+9o96Jl8MT7x8Qsxtf+a71u7HLet3IAdu7vRg/5yfucPcNXcsZH6evZtxJ3fWYY1O7rRk81j0qwLcfV/vxAzRwV0nRBCCAngscdXY/Kxx1Zt+xzHSTNm4G2XXISHHl5JA5gQ0jgmATe/A/jgKcAx8lfQAvDcC8DHvwU8YJLPnAf8w28CF00COrMAjgKr1wNbZwJXTQG+8Ungmv60Kz4JXHQAyPxdJb8cO+U/gVvfBlzU/0/67kPAN5YBH97Y3O4OJHGRXKHvrQzZyjRdo+B/T29yVkhWi+tYYvGu6NGkymshaVvfAOPMG/1bAxEvsr6hTJ+n5N8eOXE7ajFSHZHktaLzBs2hqicOKt+dEa4uBzbGeKx3PFLNizhBJREzHrbo1IZtTJPSjod9OKRkvvsaWSwWyyaw/Ggj2D5sU2vEb4iJ6TNmbf1xUbk+Q1b6kc1mI+ld0cB6G+m4e0GtfU8yfYeS4WuhAUwIIYSQ9JywBBdMX4V7Nm7ElitPQeRNuweexk83AZMuXIwztVn7+ibc+g9PouusJbjqvHHAge1YsfJJ3PPP+9Hz0Q/hsqn96Yp7sPzvb8GyXRMx/5IrsHRyHj0vr8WyR+/CDTsP48Y/XYzxnmZNOusyXD15D9bfvxwbJizG1W/tizoqv6/48CbcdvMdWPP6WMxcfDGunjkOOLIf6x99BD+9/W/xwt5r8ReXTPGU3seW738ZtzyVx6zzl+LqE/PAge346U+3YcdhlA3gw8/cgU9/axMwfTGWXjUD43EAW368Avd89cvY9cf/F1ed3l/Y7kdwy9dW4NBJi7H0vX3pnl2+HKtv/yf0jLgeV8/V/1Qr4Nm7v43R57wPf/O7E9FRPt6NDd/+Mm7d2I3xJ0l9QNfWJ7Flz2EAFQO455UV+PJP9mDGZUtx1QVA1+YVuGftCnz5u+Nw0x+dDXrAhBBCGsFL27Zj9pxZyQkNZ8yehVWPP9GEFhFChiWTgBV/DFw0Fnh1D3D3y0A3gDNOAxbOAr7/EeDKv1Mm8Bzg/ncDZ2SB514E1nUBneOBixYBC4sp6h3ZV07ny8DtLwGdE4HffgPwv64Adm4Ebmx8TwclQduNZiK/+tOqY5mK6Rd5H62JINaHqrZN7k8UOZ6p1FPlYyXtE+toQ5WpmBA9WzaXbL88iUtA9D29YlLZ65CJ5jGHqppaZaZn3GNhkwHJl8dFUB6PsShRlxKdbDtWSrjgJfU5tvoYk9m2xVSRnMeRIaPmot6K22VO6mjgSL46SBxT33joYy5jOsGFDRmPouprHOU1IrnISJ6qdmWiDzaU9Hj4HH7VX1ummL2ZTKZsAudyuYgJ7DJiNc0yLn0RuLWgt7bWkc8AItHP8l2jv8dtI0380AAmhBBCSA2MxflvnYV77tiENZuvwKw5lTNd69diK6bhXW+dFsmxa9VGzL/uelwjRi/mYdGiafjnz9yLZXc/iXP7jd1dK+/Aslem4LLrrsVSSbtgHhaceAc+ffsKLHt+ccVANXRMnYVFUydi34+XY8MxM7FowVx1toAN378Xa16fhqXacAawaPHiPhP1obuw8k0fwkUTfP3egtVPdQNz34Nr3zGv0o8lBfRIkqOb8J07NwFnvQefef+8sqm6aN4sjP/yLVj+8JNYerqY2J2Y+7sfw7sWVaJ9F80eha5P34s1azbh6rnzUGE/dk1+H25aHI1S7lr177h1YzemX2rM6wXzcJFp/b5N+7H0o9dW+r5gFkYd+mvcvvlpPHXgbFwwDoQQQkjdbNu+vaYo3pNmzMChQ4ewd+8+TJ48qQktI4QMJ/7snX3m73Nrgbl3m3N/BNx8CvC5pcADy/qO3XoZcEYeWLkcuPjRStqZ5wNrLwPMnkV+xgNYC5yi6vzc/wQ+MQO48reBG23Y8SAnbeSuK+JM/1E/ct5RpI26K+8SmxAOaN/LmWSqJhHqZwUVVKo+JIUn9aucPsapC4lq9rbflusxFuuxZIoBpmoiLmPe0XYXadrump5VQ5RkSJpkEbPUNKgUM66x41HjgLjeK1wTNY5HrWOh87rGI0253vEomXJcfTMPbbiMbG1k2i2d9Y81R3V++e16kCbEJLbbS7tIMpddZqzLONbfJfLZ5slkMhFDPOR+4qo7qf1JhvpQJGYTRUIIIYQQPx0Lzsb8bDfWb9yiju7B6id3AnOX4Hxros5ZEjFdAQCjzsZFb+oEXtyKLUUA2I7VT+5xph01by5moRtbX9pTW4OPbsTqjd0YdfbF1e1AJ+ZfugRTsRNPrd0fU8g4jJ8AYOsmrDmgDmfz6Oj/V1XPxrXYcHgszv2NedGI2uwULJo3EXhxK7bKseMWR8xfAMCoGZh1HIDd+7HL1D5rlo2m2oPVq7cD0y/DhxIilwEAc+117cSiebMAdOPw4eTshBBCSAiHDx3GmNHp95UY3Z/n0OFDjW4SIWQYcuV0AAeBL91dfe5L9wHPAVg4s//AJOC8KQB2Atc8Gk279VHggX0pKu4GvmHq/OT2vt/HjE5RziDF9Ud4+ZHoL6Da+NXowLkgPBmqzJr+n6poXvsZlWDLTKbfaMrAbWqFtq9WSpGmpyoyk3F4bDW0Rddds7EY8xPqwZSNObUNb7ltAZNG3s9ab/xgLWMRV1Zd9TdgPCJl6nkeUIYrfeh4pBd6WDEDHR/qM4V97dBGrTV7xQSV87lcLrJNtOSPWz91GsGay7odIeVJGXHf49LpOnt7e9Hb2xsxfOX+IP3UkcI6v+t9wrrPvr7afg4nGAFMCCGEkNrIzsW5Z3diw9q12PCeWZifBfDKWqzeDcx/+zy1RXEfk6bPqDoGAOMnjAOwB/v2AjjuAPa9BuC1e3Hd9fe66921B0CA2Wl59QD2ATjlFPvO4n6Om4LjAWz41R4AvncBT8Pb37UYm771JG77q8/inpPPwdKlF2LRSWPLfdv36n4AB7HyHz6Flc4y8ti1G5h/XN+3nte2Y8NTG/HsK69gx/b9OHT4ILqOAjjO5puIqVXG9R5s3w2MP/8k77bYmklTp1Ud6+jMl8uprpMQQghJz0kzZmDb9h2po4C3bd9Rzk8IIfVyzAig+1fAN1wn9wE7u4EzxgH/C8A/zgamAdi6D5WHNRWH02wBfQD4kj32KvAqgIkh/2gfpNiorbg/0vsix5z57J7EdRheNcV6SUZPvVVleiI59XG9jazdmrkmbPv0NsG66FJMez11t9JY0+htd8vXL2FbZ6CSxno+reyLtF8M1Kptpc0casD0j6UmE7rO8RiIfqWhrMe48Uh6yEQlD3tAozp6V6+LNlLWprWf7TFrMPvKqAX97t+k9rgMZ1calznt6k+oiZvUruECDWBCCCGE1MyZbz0Hk9aswur1Bcw/O4+tT2/AvlFn43fmVqftiN13pBOjVKDQqLkX43cXeEzYY0+qp8l1M2rOO/CJz16ILasfxLKfPo3b/+FJ3Dn9Ylz/4QsxtdzHabjgvUsw09nnTkw/pu/Trv/8J9z0o53AmGmYNXsK5l6wGDPGHcazy+/Hmqp8ee817BgZtiFd/BgQQgghjWHOnFnYvHkLcHm6fJt/sQVzqna7IISQAaTQ6gYMXkK3Cw0xib3bHscYMEnmbrBRaw5HooWTIkz7/+Nsi8PtsttZ++pxNTU2r6OdIVs822whlonD16sLr9+u+hZ592pSGQENSppDsUV4Mpfb4LpAuv0yX2ow4NOOTz1j08zxSNuuWsajfNoa1fbBgBTjEdwmk863JbMrIlebwNlsFsViMZI27rNvi2hX3UFtDzB649Z310M++p6Qy+Wq8tgoYV/bg94p72jTcIAGMCGEEEJq54QluGD6KtyzcRN6FnRi9ZqDmPTmxTjTYTTuckbuFrB12x5g1NmYOg4AOjF6FHC4OA7zF1RHEdfFMeMwCcALL7wALHL8cXn3HvwKwMwZJySXlR+LWee/B9edX8C+VXfgb+5bgW+snItPXDIFo0d1AtiP/OR5WBTnVRc3YdnyncibdwUDe7BreWin+q7Xvl++gK5LpwRFARNCCCHNZs7sWbj3B8v6DN3ZYYbuoUOH8NCPV+LSS+wb7AkhpDZePQp0TgQ+CEcU8CRgWieAncA/AkB/hO80z+vHJ/IvqEEkbc0ZSiQ6NkXWNFG+VRG4pUTvKBHrK3nL0WZZSJRuUqUpwxATPLCWoI3ScntSupdxZmlQG2rIk7oc6YuNMG2AMarz2DmU2mR1FTSA4zFgc9L0pc+gdTeg1vGodT2R7ZIBVG2N7IoUdpmvckzeJdzOBmhvb2+5fdLPXC4HoLpvruhoX9TwcIdxIIQQQgipg7FYtHAasGkj1qxdi9WHp+GCt1ZvMwwAeGYtVh8wx7atwPLNwKh589D35+FTMP/MTmDzKiy3L8BNy949iLyqa8Q8LJoLHF67wlF2NzY8tAq7sjOw6KyxMYUW0BOJCshj0rl9bX/ttb7OjT9rLqbjIFb/ZCNiX6u7fw/2FYHRU6dF3xW8bS3WBL9j7BScu2gi8OIKfO+Z7tBMhBBCSFOZM3sW3nbJRbj1327DoUNh7/P927//RxwzYQKuuHxpk1tHCBku3L8TwFjgz95dfe7P3gmcAWCd7Pf8BPDcUaDzROA7c6JpF14G/LbvDTFDnLTGrStKq96os6o2lQvo+5HgQ5umKno3iaTta2MuRdXpgLLqMZmDom1LnrahceZvcN6Ea5c6v+pUCYnD01RKmf4IWKDq/cIloHrAHMZ/XBR2qrakSZgywjU2UQPHo96xtOOhywVQPflNZfahkwEZj6RyzHtzAZTNUYma9b33VvIPli2Q5T3Iup/6/cByTL8jGKjcZxrd18Fy3eLg82uEEEIIqYvxi5fgzPvvwj33dwJzl+L8CZ50Uw/gns/fgq2/dSFmjQN6Xl6LZY++gK4xc3HNb1fey3vmf7sC85+7A8u/chO2LF6CC2aOAwB0vbwJ69d34uJPXIH5sS2a0veu3I2rcOePJ2LRuO3YN+4duGxuHot+771Yf9MdWPaVm/CslH1kP9Y/+gg27M5j/vv/ABd42t/HFtz2qWXoepO0q4DtT/0YGzARF72pvw8TluDqSzfixofuwidu3oTLzp+LSSMBHNmPrc9uxPaZ78V1vzkFmDQLsyauwMqV38at2QuxYHK+75qs7cGkSUCoBzzzHe/D0v+6Bcu+dRNunHchLjprIjpQwL7NT2PrtCvwJxfW8L5kQgghpE7edflS/GLzFnzhi3+La/7o/d73+h46dAhf/dqteP6X/wUAeHTVapy/5NyBbCohZBAzcQrwnfdUH195F3Dj3cBF/xO46Gxg/wxg5ctAN4AzTgMWjgVefQG48oFKnk9uBO5fBFz1XuCMF4DnDgHHTAEuOh7Y2gWcwe12Ygl5z6NOF1uW64BE7Hq2OdaRe1X5S+6gy6qy49qhIzcdBlHEV9LRrDbSWLWnXLSr3a7L5OiHPV/DqWDiAkCTol4j581FS9qWN7H8ABxDp5tQW5muqGVXxQHtiMmSmK6W8YikMQWVVJrQOZVmi2lXu+uN0yyZgsvvKPalUccaNR6+PKH5k3ZQkO2fdQSs6525rryDJRJWv+NX99f3YNFgMrdbBQ1gQggZRrzz0gtw30M/bXUzyFBjxDycf/YyPLumG2fOm+vdtnn0We/BtSesxa333IvVrxWAfCemn3UZrrlyCWbqENhRc3HNdX+Ilfctx4NPLcdtqwFk8xg/eRoWXHIhQjaSnH/l+3DB7jvw04fuwrP5sbjof7yjUvb1H8LqH96LZU9Xyp500jm46qMX49wTkt6lOwUL5o7DPSrv+BPm4aqPvh3nqp2jp17yx7jh2OW4bfnTWPb9TQCAjjFjcfypi7F0gRiy0/CuP3kPDv/7Mqx56F5sQB7jT16Mqz56NnZ87RZsrarbQ3YKLvvwxzDph3dh+cZHcPvGQn+7ZuGy84ZpqAIhhJCWM3r0aPzl9dfh6/96Gz71mRtx6dsuxhmzZ2HG9OkYPXoUtu3Ygc2bt+ChH6/EMRMqT199499uAwCawISQIKbOAK5yPF9y+C7gG/uAi78G/MO7gd8/EXh3/z/Duw8BK38GXPMDRP7NvfJe4MrDwM3nAAtnAQsBvNoF3P0AcPjcvohh4ifp/ZBJ2G1NKycQ5KZ43xvsyZqxB0NdoJjISSnTWZR1u5L65EkbMbFjPJ1Yo9jbyPjqPd57YhmpKglsX0jRIZHSSVWkalZQaLbndA3jEVteQv3OuRGqhRrakDQfazGPY/OmCHOvdTx8/Wm0HWnXRm2ORuqNMUMHgwEcZ/La7aDjDODB0NeBJFNqU4v8hRdewCmnnJKcsAFce/2nBqQeQghpNUPVAL7lps8OeJ0DeZ9Ky7pnn8fCM08f0Dqf/d5f45+fnYs/+fQVjvf/bsKt19+BX116LT5xCaNRCSGEkHZn3bPP48Spjbtnr123Hg89vBLbtm/HocOVFyTMmTULc+bMwhWXL8Wjq1aXzV8A+OAHrm6ICfzyrj0D/u8iQoifzCdb3YLa+M7HgKsmAd/4JHBNqxsDoPS5OvI6/hRso3blj+r6e7FYjByX7/J7woQJkTz1/BF+X29/zFKc++Z6d2dMmWkiPxOjEh1Gn7P+QEOwLhxGVVB1Ce8IrodypKW6IJHqSvHXuJ76XSZ/Cl8zuQ1JBXjGI7HuJo4HgKooazse3nyu9LXUj/rGw7an6oCvsJjxcJYXk8/XjrT9eMOIo0HpZD21EbCyxur3Auv0cXZfPeuyrVfWf71ds+s9xCFl6jyu9mcyGeTz+UiEcNxuE0l1d3V1RbaS1ltK6+9Slh4D+ztNvUl0dXUBANavX19XOQCwYMECAIwAJoQQQki9HN2IR9d2Y9L5ix3mLyGEEEKGO2cvXICzF/b9EWLv3n04dPhQ1ZbQYvaKCcxIYEJI2zAJOGMigIPAyla3pY3xRvDWgq+YkvpVqjZxyl5QjLtT3oo5wJVLEykZm85FiGuUYF7pOhpiEtaaR66Bd0DCzEa9dW8jqCVKtb8ZCQeTC7HZau1WTWNSikaHl2odjzrbYfPWGzWs55rzxd8xlacej4QEWpqJ/TDjEUrIeqqNytA87YzPzPWZrUNl6+tmQgOYEEIIIXXR9eQqPFuchne9dVqrm0IIIYSQNmfy5EkAJjnP0QQmhLQjf/ZOYGEW2LUDuL3VjWljfH+ktwT9YT4gGjKyFbIvkTqZKTnOe+pwbifdb046zcGY6iPt0+5TiE/jiex1Zk0RsegvJHWTqqKgvfk8RnnJ+6WONiW1wTTCtsFZnuNgDUPoPZfx1ZuS8rtvvU8vuBvVaNsw6NoEjIfXz/Row0XobtD1RPV6ywwZj3La6mhY1zlZa3O5XPmzjs6VXRkGMzbiVl8L171jsPe3mdAAJoQQQkgNbMHyew5i/IiNWPboTky95FpcNCE5FyGEEEJIHNYE/u5/3EkDmBAyIPzZ+4FPTgGe2wNsPQQgDyw8GThjLNDdBdz87Va3sL3RW5XGbc1p0w9M42JMWU9617Fy9HBIeqknU6nfGlFpex9rSjXA/6iKHEWMeebqgK9TKcy6JOrtZkaiX3Vb28A7ck65hMjRmscjoO4QfJpKU570T/oaifJNU05MtpqiqOtNX8d4RLKoB2ZcPzYN0GcCJ22R3K7YqF4b4WzTxd1DBlO/mwkNYEIIIYTUxK4n78Uy5DF18ftw3aV8ty8hhBBCGoMYvt+943uYPYvv7yWEDAzr9gL7pwMLTwPO7X+1TXc3sG4TcPNyRv8mERq9FlyelGOO2+jciKdiXaCkML6A886oX7VVcZyfo72J8scUl6LKqExJ2qseaza6BkTaVoqmixjlDTB/fXOhKpEngZxybg2eskEhkZzevCnTuyJjy12IMxhd44HKuXptsSCjNeA6afO3nL+NxyOxsMDxSIM2dX3Gb6XsqBEcFynrM05DdmiIM17reRWAvMtYl+Wq2/XOel+fB/RBozaFBjAhhBBCamAWrv7CZ3F1UNq5uOamzza5PYQQQggZSpy/5FxG/hJCBpSVDwCnPNDqVgxuisUigGoDIjQquEzIPq39xor29Kr8F2veqqzOenQ0IqLl2za4TOey0YiKmVVulzGC4qIlM/pduAERoLasWu2Okv2QcRhWCQa77nvN9ddy3kQu23lSUufi3hHtuqaNGI9aje8MonVHxsM1f33jgdq2mdYGa6p+JIyHPhc6HuXPch0SzN+4IavH/A3dlto7HspkjVsPxey1xqjrYZtSqRRZf7XpaSOC48oJJa7tcs6ar6767NbOrjbY+0qxWCwf03mln3Hm9nA0g2kAE0IIIYQQQgghhBD4qs8cAAAgAElEQVRCCKkZlxngiibzRa+lIsSJyiDy3l+dpWw6lfwektM8MmYvUF2Hq6k6Q4gpGHdpQq5aLWl8RndsGaVK3loNztj6HfX5/JvIFsIxiLGv25AUGNyI8Yhtu+NYM8YjzbyIPOCQIr9uSy3jkdQuKdu2zab1zafyGhAwHhk4rkcKfPMmyYS0kb6Nwm7RX0vbQtDlh5iuafqbJjJZm8KDcTvsRkEDmBBCCCGEEEIIIYQQQkjN2D/623OuqGBXWsEVNZvciPjTVUafLd8RrRdcvqOtIUZUIyjGmFm2voghbcw9nymmIy+tkW0/h+C6LiFlxG2J7C0jpbmYBl8+13jEjo/DZZTxCHUe6xmPRpbhKy9NwY1uf6PGIxZHZHMSvohYX8Rv3BbPrq2P5biNxq1nm2YpW+f3bdUct8a73mfsilL2vf/X9sFXB6EBTAghhBBCCCGEEEIIIaQOfH+Q1yZA3HsaXZ/9IbKu+mPSx5QRG7VrD+po3xT1RaIhU5h6oaSJLI0cl7bItdDlmK2TJX09xmAjTcoq4zfAAHeazgM4HonVucbDhKP6IpbroRFjKk0tN7mGa9qs2MxafcCSGQ/vZ1Q+pzV+9ZroioRNilxNirC1Rqytz5adZOzqdL5dH1zv5tVl6rp1G+qNzrXXSqJ/k/oy1KEBTAghhBBCCCGEEEIIIaQukqJ6fcaHPhf5Q32aMNF+s6a8DW7/75279uKX/7UNxUIxGskKlTabwemnnYQTpk1xFisfMs4Tle+u5okZFok69rBt2068+OIrKJVKGDNmFM6YeypGj+70Z/BQdflt5G6m+rh2FcvGaA04iqurHJRK2LVrL7ZseQkAMHnyRMyde2rlusZU4Bgi/GLzVuzevU+Kjr7fV9qeASYeOwGzZ5+Mjo6Ouvrhqqfke3jAMR5HjhzFxo2/QPfhIwCA0aM7MeeMUzF6zKiatt5ueGSvmVf1bpedug0l4Ocbf4GvffV2TJt2HN7/gXdh+knTEsxLM+6+vZ5jDN+qOZOm7WqtizN95XPcehpimrpMWdfDOM3eHjm0v7pdaduk0/f29lb1td7o58EIDWBCCCGEEEIIIYQQQgghNaP/sO7bEjQpf1U6ncWxHWtI9O7DD6/GDZ/5Jxw61O2tO5/P44s3fQz//b2/VSnEYQpWtakOXMXce99/4uabv4mengLOOOMU/Mu/fBqnnjojvhx1MYJNqFL0txi+SYZiYkRxQNrEppkQ2VKpbww/8X++AgB4+9vPx7/c+pmao3b/6avfxT13/zgx3aWXLsFNX/pzHDOxI1X5vvE4cuQofvn8NnR3H8GYMaMxe85MR+bqz8899wL+8A/+EodePwwAOO74Sfjil67H+Re+KWg8fNP2tVcPYOvWHSgWizjxxONx/NTJ3v5I9Hrs/GhwgKXV+P79r2HrCzuQATDjpBMwacpEAMCRo0dxy1duw09WPIFsNoNJk4/BNX/ye8jn8+X2A47twx3XOulz3LoT8GxKGdf2xzYS1hfZ26hIVik/NOI3qSxfGS4D1pU31JRN2lballcqlcpbag9H8xcAsslJCCGEEDKYyOdzrW4CIYQQQkhbkM/x30WEtBMdlGTdtOs1TPOH9VKphGKxGP/exjTRv6409fgkqpxM/0+ppCI4VZKS+R5XZBrrIe566rYkHm+UMdfEHVTjrqH3MqgMtYxHaLuC0gWMx969r+JvPv91fOwjn8dXvvzNxHqluHu+/3DZ/O0rZz/WrHkGPT09YW2Dux/PPvM8/s+ffxHX/e+/xk9WPunMY54T6OuL7wKb8XC1oxak2A3rNuPPP/p5fPyjn8cTq9eVz+eyWYwZM7rvcy7X/9k9WRulj1r6oi9bLpdDLpdDNpuNGJrFYjGyLjbbrNRms9AIg9llbtu+1rrlcy35JE9vb6/3vjOUYQQwIYQQMsQY1TkSu/fsx3H9T0QSQgghhAxHXn/9EEZ1jmh1MwghioXTgJ/taHUrBjcLp7W6BY3DFTFcMQn6v9s8jmMRJEwxsl1r35cRIzpw0knTMHp0Z8QEyOfzOHbSMSiWSv2RgnrP5P7P0i5VXrH/sM806TMepF99/0myHpIMGO1dFEslZJAxEYOZaNSnNFJfuVKp71tGIjwz5UuWgXtcYj2TUl9bgP7tZR3hyKX+MGP5LW2Ndr7cABRL0rZqw6eqKSWghFL/+FVvbavzzThpGs4663RkMhm8/vphvPTSy+jtLSKTyeDkk0/E2LGj+9K94QTkcn3vEM0gg2LfxXRsXS79K1VtnS3XoVQsoVAo4OWXf4VtL72CY4+dgFLyTEb3kR7cdeeDkWPF3iIef2wdfv99l+O44ydFtkKufOivV+ZH//Fye0rAwYOHsO2lnejuPoKuA6/3m6M26rRvHDL9YcDlcZU+F81I9E+oUglA1r+1cHUUaF9dEm2sw6cl74EDr2PbS68AAA4ePFzOk+/I42++/Bc4761nY+LECTj/N96MXC5ntncuoVisfI/0o9TfHcd+4DJGIaZoWTuJKau3Ig7dHaFWpK6kbZX13A5N73rfr430tds9h7wKIC227a56XZ+HAzSACSGEkCHGpGPGY/feVzF50oTyVieEEEIIIcONw0eOYtpxk1rdDEKI4iPnAh/7EbD7YKtbMjg5bmzfNRyMxG0L3dA/yJcqJoytcsb043HL3/8lFi6YUzZAddTi44+vx7r1m1EqlnD66Sdh9OhOrFq1Hpdc8hYsWnQmenoK+PnG57H6ifV4/vltGNk5AovOORPnnjsf06ZNQS5X+f/vbdt3YfXqDVi37jkcPnwEp546A0vOW4C5Z56GzpiHk6regQljEyp3d+cre7BmzSasWfMMXnvtAKbPmIYl5y3AvHmzMGbsaOzb9yp+9KPH8NqrB9A5aiQu/2+/gSnHHYsXX3oZ9y97FGPGjsI733kRJk4cj//65TasXPEkenoKOO64Y3H5O38TI0cmPERVAnbs2IUnntiINWuewZHuozjl1OlY/Jb5OPvsueXdyXp7e/Hznz+PJ5/YiC1bXkQmm8G8N87GkrcuxBvecAJyareO/b/uwuOPr8Pqx9ejp6eA889fhF//+rVopf0Ui0W89OJOPPbY0/j5xl+gVAJmz5mJt5w7H3PPPA1ZbQD1/77u4x/AdR//AABg/dpN+OAHPol9+15FPp/HZz73v3HBhYsiXdz9q3144okNeHrNs3j11S6cMnMG3nLeAsybPxujRo1EJgN0HzmK9Wufw5NPbMC2l15Bx4gOvPGNs/Hmt8zDyTNPxOOr1uJnT27Eju27AACvvtqFB374COaedRpOPvnE6onaz13f+1E5+veU007Czpd/hcOHj2DDhs144YXtOO74yr9xnvn583js0TUAgLlnnoYLfuNNKBaLWPHQarzwwnbkclksPrdv/v3o/kdw/w//E93dfe8Vfm7TL/Hw8sfw5sXzMeGYcSiWSti1cw+eenIj1q55BocOd2PGjKk4b8k5mHPmqRjbH3F74MDr+N4dD6BQ6AUAvOXcBXho+WPYt3c/lrz1HLxlyULs2f1rPPzgo3jllT2YOXM6LrnsPJx2+snl8eh67QB+9uRGrHvqGezevQ+TJk/EuW89BwvPmYtx48ag+/AR/OyJDbjv7ocrfd34C4wbPwZvfst8TJ48Ef+54gn8et9r2Lf3VUw9YQrOfOMsoAQUCgVs3boDTz6+Hls2v4BCby9mz5mJNy2ej9NOPxkjRvRt7/3CL7dhxUOrAADHT52M46dOxk9WPoEDXQcxf+Fc/MYl52Ly5GN9w5SauChWn9nrM0hDzeGk7Y/tttNJ5frKi3vHr29ba5u/FuIM6OFs/gI0gAkhhJAhx8QJ47Bvfxe2bN2BY8ePYyQwIYQQQoYVr79+CN1HetDRkcfECeNa3RxCiOKq+cDancC/r6cJnJbjxgJ/sKDvGg4V4kxhHcgbeX+mTmu+yzEfB18/jMdWrcPLL+8uHxs/fgwuOP8cZAA88sga/ONX70BvbxEnnngcjh7twd69+zF9+lS88Y2z8PWv34lv/fsybO838gDgjjsexHnnLcANN/wpZs16AzIA1q59Djfe+C/42VPPlM0xAJgx43h86EPvxfvetzTo1U26L5GIRgDr1m/G5//663jqqWdw9GhlO+DvfHsZfvd3L8P1f/FHOHqkB/cvewSPPvo0xo4djUmTjsEVV1yEb37zB7j163dh5MgOnHLqDJx37gI8+OBjuOlvvoFisYQrrrgY77rykupdfnU0M4Bnn/0lPnPDV/u3JC6U051wwnH4vd/7LVz7kd9HJpPBN//tHtz2zfvw4osvl9Pc9b2HcNZZp+PP/+KPcMEFfabr/l934VP/7xY8+KNHceTIUQDA3d9/KPJ+2qIycNY+vQk3fu5r2LjhFygUCv1ty+DU02bgQ396Fa78nUtjY2yTrKCXXnoFN/y/W/D44+twpPto+fjU2yfjvVctxbUfeR8yGeAH967ATZ+/FXv37i+n+Y/MA1jy1rPx6b+6Fl/8wjfwzM+3lM+9uPVlfPhPP4v/d8OHcfUHrkAGmSpz8dChbtx3T+Vdxe9699vw7DPP48EHfopCTwHfv3M53vyWBf19Btat3YQvfuHrAID3/v5SXHDhm9DbW8R99/4YDz7wU3SM6MBf/N//gVNPnYGPfvhzkbruu/vHWPHwatz2nS9i3vzZ+P/snXecFPX9/5+z5W73eu/AcXBHh+Po0kEFBUSMGkQUE01iEltMYuovxRZj/BoTjBpL1ESxd0AQlSbS21GkHuXg7uC4Xve2zO+P3Z2bnZ0tdxyC+Hk+HpfdnfmU93w+s0vc177e71079/GPx19i/brtPvv6yn8/5LvzZnLrD68jIT6W2tp6/v7Yf5S1yevdnZJDxwFY8tFKxo0fzvFjJzmw/6iyN59+8gXPvfwICYlx1FTX8chD/2bZklW0qGp0v/v2cm6YfxU/uXM+1TV1/P2x/7B398H2tV20mDcWLeblRY+RPC6RD95dwafLvwAgJjaKAYMKcDidrPxsPU/943/s3XPI53pz83L4we1zmTXnMiIjzOzfV8L//dW9dimpSZjNJsrL3J8RH73/GYcPHeOndy8gNi7aZxyft6Ss+rwKViRY42wOV/DsSuEy1I9xtA7gYP30avyGqgEf7Jo7K3AH42zdxd90hAAsEAgEAsFFSO/cbGrqGqiqref0/hrsqv/oFAgEAoFAIAjFyYrK8x1CpzCZjFgiI8hISxLir0BwgfLYdCjKhH+sh+3lYBf/qRIUs9Gd9vnuMReX+BsSb5bWjnxnr3L06skGlZXVPPHEKz5O3b59ezJhwjA/NdArEnszFa/4dD1PP/MW1dV1JCXFMWHCcCoqzrBhQzGrV2/hz39+ildf/Stl5ZX87bGXWL+hGEmSKCrqT/fumSxZsprS0lM8+uh/GD16CH375ga9FB/Xms8JKCuv5OGHn+PLdds9MbpFF5fLRWVlNc8//w4ZGSncvOAqior68eWXO2hqamHjxmKmTh3FRx+uBMBms7N2zRaKhvZj3brtuDwpfa+cMYGSkhNs3LCTNpUACBIRZhNjxxWRnBzPbbf+P06cOKWcNZlMOBwOyspO09zSgtFoZOnSNSz856uKi9dkMuJwOHE6nezcuY+f/+yvfLj4aTIzU3j55fdZ/NFKnE6XMp7NZuf4sXKfGADq6hr56U8eoKK8EkmSuOzysZhMRlat3Mihg8d58P6n6J3fnUKP2zsc1Gtua23joT8/xUpPfdwhhX3p178Xy5etpaLiDE//axGDBufTr38v3ntnhSL+RsdYKSzsx/79Rxhc2JfsrPQgzlGvCOh/pnjnPkoOu/PlxyfEMnRYf4YNH8iypWsAWLp4Nb/41W2k6mQ6CS6aBRfU7A4n/3j8Zdau3qKsh9FowOl0UV1Vy8svvEN6ejJz58306+sVfwFaW2x8tuJLP/flzh37ePuNpdx2+1yio6001Ddia20jv09P0tKSWL9uO7U19bz0/NtcNn0ciUnxQePV4p2t/OQp/vrgM5Qed9876vfI0ZIT/PPxl+jWI4uRo3w/VM9UVvu8ttna+Oj9z5hz7XT6xOUFvJc02aND0pXCJpy9uzboj3GCpHQOJPjqjXG+uRBiOB8IAVggEAgEgouUxPhY8cWnQCAQCAQCgUAguOCYN+RbJmYKOk57KdN21EU2JZBkzXFZ0172FfVcLpkmT0pdL01NLbrCTUxMFNdeexmFhX3I69mN115bSnV1HSaTkWvmXMptt12DZDAwf/6vOXjwOCtXbmbnjv1UnDrDzp37kGWZgoIePPDAT0lJSaJHj0z+8Y9XqK1t4Pnn3+Fvj/089BKo4lKHuH79Dop37gcgMzOVvzxyD+PHD+Nvj77Is8++ic3WxiOPPM91353OyFGDSXh1MVVnavlq72HefusTn5TKS5es5YYbZrBl824AkpISmDJlFB988DkPPfgsjY3NPjElJMTyyF/vpaLijCL+5uRk8OS/fs+Agb15990VnKo4wz33LqCpqZnly76guroOSZKYNHkEDz9yL7Isc8vNv+HA/qOcOlXF00+/xl13zWf9lzuUerzTrxjPAw/dRW1tA3f85AH2fVXi3mqPiPP2m8uoKHf/WG3qpWP49W9uw2A0EJ8Qy+uLllBb28Cyj9cypLCvZlFR3ST+wpZ3nTds2MnWrXsByC/I5ee//D4987rRt18v/vyHhdhsbTz91Os8+th9NKvcq3m9uvPTu+aTnp5MVlYakZZI7rn3Fr5Yu5UXX3gHgB49svjpXTcxpLCvT6pvLy6nizWrNlNXVw9AVnY6BslAdrd04uJjqa9roKWllQ8/+Izbfni9zh0SwN0sgznSzMN//Tnvv/spmzbuBGDGzElMuewScrplsG3zbtas2gSAxRLJsy8+RP8B+Tz6l2d587UlNDe3sPiDz7lixkS0YvL3f3g9KSmJPPPkq9TXNyLLMpeMG8Ytt36HZ59+jS2bdgGwdcsebgMiIiP4+5O/5723ljNu4gja2tp44A9Psm7tFlpaWtm4fgc3zJ/FXffewpNP/Jfdxe57fs510xg5qpC8/B56V4ksw4fvfaqIv5mZabzwyqNEWiL4+Z0PsmPbXk5VnGHJh59TNHygT9+oKCu//N2PSE5O4Pf3PUZ9fSNVZ2ooPV5Oft88Raxvr1esWmv/0tfB9+Mbgjo9dLDavoILEyEACwQCgUAgEAgEAoFAIBAIBAKB4MJBUj3KmuOyKh1xoH5KuuL2FlarhT59comNjVL69+yZrTv95Mkjue++75OQEMupiirKPGKjw+Fk0WtLefsdd01StaB84OAxmptaqK115zc/dKiUG2/8NeCug+tl374S38l0tBNFbNGck10uysoqFWG2X/9eTJgwnIgIM7d872o+/HAlZWWnaWpq4dCh4xQW9iUrM42qM7UcOnSc117/GIfDicEgYTAYOHasjCee+C8tLe56sPNuvJJISwRGoxGz2YTZ7JUP3OtoNpuRDAZ2egRogFlXTWLgoN5EREQwd+6VHjsk1NQ0UF5+xr32URZmzJxEdnYasgwLFlzN7377BOBO5VxdU099nXvd4uJjmHXVZFJTk0hMTGD27CmKAOxdrv37jyivv1i7lWuu3uWux+upayvLMseOlfkvbDjIcPLkKVpa3MLukZJS7vjx/RgMEg6HUxG7jpacIDk5njGXDGXv3sPY2+zs2rmfBfPvY8iQfnz3hiu4YsYkJk8dDRKKAJyUnMC1108LOH15eSU7tn+lOKEPHjjK7bf9PySDRGNDk9Lu3TeX890bZhATG607joym1qwEZrOJq6+9nN27DigC8KAhfZk951IAFm0qVppPuXQMY8YWAXDLrd/hzdeWuK/7yAnPOvvenHf9bAFms4l33lpGfX0jZrOJ+QtmM2nKaOrqGhQBuLnJfe+2ttr4dPk6Nm3YyX9ffJdjx8pwqBznrS02rFYrk6eO4YN3VygC8NCiAVxz/bT2nMvqa/a42It37FOO/fCOeeT17g7AjQuuZsc2t7B/YN8RxfXuJTcvh+tvmInBaGDR/z5kw7ptADQ2Nfs4tTtiJvXRRruy3Pk5dteGqlOsrgPsdVdrXcOhag8HGjucOAThIQRggUAgEAgEAoFAIBAIBAKBQCAQXDjofeevc0xG5QRWDniea7SEtLQk7v3ZTQwY0Fs5ZzaZfLp6ycxIIT4uBnCnwPXW7DUajRQW9nWPga8Q1KdPLrt3H8JgMOB0OklJSWDGjAkYvfV+PRPk5mYFuurQlyxJmExGRVhpaW6lubmFiAgzDodDqZ0LEGW1EBcfw6RJw9m16wC1tQ2KM7OgIBeLJZKdO/fz4QfulNAREWa+c+3lAIwdN5Snn/kjDqcT9aKaTEby83uwauUmZZ76+iacTnekTU0tyEBsTBRGg0ERkJ0OJ/X1TbhcbidhXV2D0t9iicRkMirrZLc7aGxqRpZlXC53Py3twjT0zu/B8OEDMRgNPg7NgYPy/RfUX1PXJcJsxmBwpwpPTU1iwqSRRMdYPbVe3esRHW0lOiaKW394HX369uSD9z5j86ZdNDU1s2XzLsrLTpOdk8HoMYV+bm71bapN8X340HGfmsEOu4N6u3/R9LLySjZtLGbK1DE+Y1RXuR3e9XVNNDaoHNyKYOr7xlDrqFHRVuV4fX37nOr6xhGRZh+3tBdvX4NnE8wRZiIjI93Cc4TZL/4P3l3BY395jrr6BoYU9uO+3/6IzRt28smytX5tfeKVZWSXfspj77EI1XynPD9CAKitqVeeR0ZG+vWPi4/B4EkRb7FEBI1DNzbv/3SRJhuOgHquBFLt3Hp1gtXH9NoKzj9CABYIBAKBQCAQCAQCgUAgEAgEAsEFj5L1OUTNTa8QoxYiTEYDqamJZGWlhpxHMkhIBreKk5AQS25uFpIk4XQ6iYyM4Lbb5pCdnc7nn2+itLSCuXOvwGKJpLGxmYyMZE6ePI3d7mDIkD7MvnoKDfXNvPLKh0ybNo6Cgh4BVUivgLVv3xFmXHk7JpPv1/ezZ09h6qVjSE1N5PTparZv38sTf/8fY8cV8Y8n/kdVVS0A2dlp5Oe7XY9zb5jBwoWLABTH480LZnPsaBk7d+7H4XC7kwsL+5KdnQ5ARkYKGRkpPmuuXtxLxg7ltUVuR+ibbywjJSWBESMH8f77n3H8WBmvLvobKSmJ5Od3Z90X27DZ2vjPC+9gtUZiMhpY+M9XleGmXjqatPRkUlISAWhuauHZZ94kwmympraOV1/5yHdyYNz44bzyP/fx2tp6Zl8zlSFD+nDoUCmv/u9D/vjnO3zEebm9q8pVrrWPth8q6NOTmNhoGhubaWxqZnBhH74790rq6hp5+cX3mH31VHJ7ZiNJEsU797N790GefvZPvPP2Jzx0/9O0tLRy8uQpTp50p8lWC5KHDh5j2dI1FPTtSW5uDgaDKpUuMmvXbFYc3jExUVw151LlPmhoaGTt6i2cqaymqbGZNas2MWHSSGXtAD79ZB0P/PlfVJ+pYcvmXdrdQ5LAHNkubn7+6ZfueslD+zNh0kgeefAZZFnmizVbeOjPTzFsxECeWviK0n7Q4D5ERUcpKao7iozb3btm5Sbq6hqItEQw+5rLuG7ulbzlcRlrUQv+Kz9bT0ZmKr3yc8nplqHb/tLp4xUh+dmnXiUmNprYuGie+uf/lDaFw/r71AM/J3jF4G+oHqqkKNd82KprDgux98JGCMACgUAgEAgEAoFAIBAIBAKBQCC4MNDU+vU55T0eoD5usHNuwcLfuRgKk9nE9ddPZ8OGXezZc4iVKzcxbtwCYmOjqKlpICEhlv79ezNy1EAKC/tyxRXjeeml96muruOee/7KH//4Lxobm3E4nFRV1fH7//ejduexRshWO+oaGpr9YmlubmHkyIFMmzaWV15ZTGtrG88//w7PP/+O0iYtLYm//+PXij25e49MxowZwvr17pS/MTFRzJw1iQ0bikl8azk1NfUYDBJTp47GHGFqXx8/wdSjZ0lw5YyJLF/2BcuXfYHdbucfT7QLawB3/PRBnnn2T1x3/XQ2bdrNnt0HOVFawW9+9bjSxmg0cMklQ7nl+9cQGRnBtddPZ9PGYhobmzl08Bj33PWwat+86+N+nHrZGKZfOYFPP/mSE6UVzJn1UxISYmlqasFud5AQH8vPfnGL/7UoF6Hnrm7fjwEDezPnO5fxwrNv0VDfxO9+9Th/e+Q5Wppt2GxtlBw+zhMLf8fRIyf5599fZueOfbz63w9wuWTa2uzufUhPJj09FVl212pOS0vi9OlqGhua+OmP/sQdd9/EHXfNx6ASh5ubW1i6eLXyeuLkUdz/8D1K3M3NLTz453/x1utLcblcFO/cT+nxckZfUkhqahKVldU4nU5efuEdtHj1baPRSO/8HpjNJux2B5s3FrN5YzGL3n6CoUUDuPl7c3hj0RJaW2289MLbvPTC28oYmVlpXHP9dOLion1c3CHRLLbBZFBSV9ta2/jn/73IU/9o/wGDlv4D8/nwvU8BWPXZBlZ9toG//v03AQXg8ZNGMmnqGNau3oTT4eSxv/xbOSdJEkUjBjJr9lSMRmPAzwM9YVPvdwPK+0PyrQ2M5rNKeSnru5cvFNTxaePUO+51AwdL33whX+/Fzjn+iYNAIBAIBAKBQCAQCAQCgUAgEAgEncBT71dWiSg6pT8DohUe5E5a8QYOyufhh+9ixowJxMZGY7c7qK6ux2qNZNiwAZjM7vTF1igLd941jx//ZC49erhTPdfWNuB0uigo6OE5JrVfRyfCiY628rN7F3D3PfPJyUlXrtFsNnHJ2KE88ODdjB49xKfPDfNmKM+vuHICiUnxDC3qR0am2+WbmprEkKF9MRqMQeeWcAduNhl56C8/49bbriUrK005HxkZwYSJw7nxplkYDAYGDMzngYfuZuasScTFtdeqTU5OYO68GVCKq2IAACAASURBVDz8yM+weNyol146hnt/cQs9ctvrMmdmpXLJ2KHt86uu9cGH72bB964mPT0ZcK+zLMsMHtKH9MyU4DvtvZ/8nI2eeQwGfnLHjdzz81vI69UNg0GitqaBtjY7Od0y6N4jC1mG+PgYrpgxke49smhtbVPE3/SMFG794XUMKewLEmRkpjLvpquIi4/xvRavi9Lz98mydVR46k0DXONJye3FGmVh8JC+WK3udMuHDhxl31clJCTGce99tyqCqMFgoP+A3nTv4Z9uXJIkLhlbxJRLL2lPT+4Jwmg08IMfz+X7P7yOLI8b3LveI0cN5vd/+injxg/vWBFc8Pshh9lk5prrpjFoSF/AvXexcTEMHzm4PRy5fV1mzp7KpZePVd5n4BaylcA1JCTE8vNf/4DrvnslcXHtax4dE8VlV4znl7+9ndxe3YLeI/6fHSGQ298f2n7fNI+snvgdKOW23p/gwkGSL1CPdklJCXl5eV/LXHfe94evZR6BQCA438y+fAIffLLmfIfR5Sx89P6vfc6v898pgUAgEAgEAoFAIBAIugJdV5vKdep91NZ3dLlcPse9r72PcXFxXRZjlcM3aaWOEdX/GtAvu1lb28Dpyhpkl4uICDMZGSlYrP61PwEqK2uornbXT01MjCMtLck3Bhnq6uopLT3FkSMnAZmePbuRlZVKQmKcTypfm62N8vIzHD9eTk11HcnJifTMyyIlJZGICP3aotVVtZypqmvfI50LjouPITPDLW7a7XZOnjjtnqOmju7ds8jplkFSUrxfatuWllZKj1cAkJySSFJyPC6XzInSClpbbe61yUzBYokMW63ypvKtOHWGY0dPUFfbSE63DHrkZpOcnODTtra2gRMnTnH06EnMZhO9e3cnPT2Z6Ogon41z2B2cPHmKw4dLcTic9OnTk6hoKzWefYmJiSIr2y04u1wyra02KsrPcOxYGfX1jWRnp5GVnU5aerLvGmhc4RLQ0mqj7ORpnE4nSBLZWWk+NXDBXY/4VMUZSo+XcbK8koz0FLp1zyQ9Pdm9VoDNZuf06SpKj5dTVVVLXFwMuT2zSUtPUerIyrJMU1MLx4+Vc/jgMaJirAwYmE96enJ7PV0ZzlRWU1Pbnlq5e/csIiN975fGxmZOnTqDy+UCIC0thbi4GOwOO6XHKjh48AgREWb69M3D5XLR0mJDkiSSUxJJTHS/T51OF3W1DRw8cJSK8tOkpiczpLCfcv2tLTYqK6spOXycpsYWcrplkJmVTnJKgnKf2+12jh0tU+7X3vm5SBIcO1qGra0Ng8FAZkYqUdFWGhubKS8/DbhrU2fnZOB0uqg8XcXBA0ex2+30yu+B1WqhrrYBGc99mhTffg/V1HPk8HEqyiuJT4hlUGE/YmOjKS87raTMTk1LIiEhzrOeMo2NzZyprOHQwSPILsjN60ZqWhLxCbGKUNnQ0MQpj+hujXLHBnDyxCmam1pAgvSMVGLjot0OX8JH762Ub7V3qUhqMBj8avCqCaeOsBq1a1cvzbPBYNC48t3/DvgJ5qqYzuZ61WN466t77301HZmjsbFRGU/96P1TX6NW2A7kju5oDHrU17vf+zt27DircQAKCwvdMQkBWAjAAoHg24MQgLsOIQALBAKBQCAQCAQCgeCbxjdBAD7j6HzVwnDE4nD6+xzQpnQNc/4wuwScX30N6tSyPmlmOxODti5pkGC7Sjjo7Dh+y9/B/eiKOLT3lITHKSy5n7vC2A/taVmvwde4H10xlny2N3snYwiUgdn7PNR+BB1T7wOki/ejIMrRiV7+qIXIrhSAteMDyue81umr/jdAzwHsjStcYVQbpzbVtLcOuxCAQ+MVgEUNYIFAIBAIBAKBQCAQCAQCgUAgEHxj6GpHUyDhtSOTyQGedxafmCT95z7tNUqjrL0o7eDeC+3CxdRqZl09rv+LMPt0YQwyKBcoE2A/vCmmVe38bjJt+wt8PwL+uKID8Z4LJ6L2fRdsP7y1nxURn/bjfu3P0X6oBdlggqf6XLD6utrXgQTfcN24WtevWlz2On0NBoPyWk8A9p7XcwUHu6ZgcXRGXL1Ava9fK0IAFggEAoFAIBAIBAKBQCAQCAQCQafRutACffGv/lJf6+7qyi/rOzKStq2PkBrMSqxy5J4tZ+Nc9hMXw5koSB+viNbR69IburPXI6leqAXXcPZD6XMWnK1wGvb8IfZDiaOD++F3T3vH6Uhs6KyDej9COX+7eD/ORsQOtB4d6kTX7IdeumSlnY6IG0j8DTVGMEKJq+oMD4Ai6AYbX33c6XT6OWn1BGvtvFp3rbqPLMt+cQRy46rPaedVj/FtQAjAAoFAIBAIBAKBQCAQCAQCgUAg6DTBUpBq22kJ5HrrarRplN2TB2rsf14tQnVIdA0yfLjHw0J7LerXWnewppk2be7ZiL/hHPfOIUmatVQ7ZvUGCrAfynjhBBskTq1A2pn9UPoE2g+vq1RnP7yHznY/Qsamd64L98M7Rlc6jzu7BF2xH9q0650VfyXAZrNhNBoxGo2YTG55Tp1i3+uiNRqNymu1A1cZS+PEVR93x6jvLlYLu3qpjc/2M1gds8vl8nEDq49723pF4nDm1aZ+DlWvWI1WkP62IARggUAgEAgEAoFAIBAIBAKBQCAQfO2ov7RXUo56z6naBZQGglgD/UQ9rWsvVJ1PHfFLL45gNXk7LVpp4tI1W4Zha/RZgxCO34Cx+IYSaKoO2WbD3g805wm+HzId34+w7zNN44CiaJDBfETSEA7TDoTy9eyHdpIw3x8dqcnrXZ+Q75sA73vZ70mI4NSn5SA/AJDCiCnUVLL7uNPp9KmnbjQafcRRaHcJa+v8BkuprCWY0Kmtb+udU5v2OdAYwQRbbV+vG1hba1fr7g10XZ3JDqGOQT3ntxEhAAsEAoFAIBAIBAKBQCAQCAQCgeCs0BNz9c6rUTvB1I/QcfE0kN4V0K0bQLkKKiLpoKcrBNGlO4VuKGEoZT4xnGVQZ7MfIcVS7TFZp9k52o/OCHveDMg+fS/w/QjYP9BAIX/5EDqGzvy4oEsIlZ5aDxmlZnNH6Mw+eMVWp9OpOIG16ZK1n4l6IqbXYasnkgaqCawdRy1GB/vcDiYKh6pRrO6nFWTVjmB1e3WqZnV9Yb35ArmdvQKwwWBQ4tfOdbEjBOBvOfN+cT9j0lo58NHDLFx7vqMRCAQCgUAgEAgEAoFAIBAIBBcbHRUdwh/Y/1BHBb2uFp9kzWOn+msFLPXrAOJWMDOzzwn8XbK6rtIOODf9OuvEdb44m/1QO0DVB+RQ7vHQp4Puh24sXbgfXZ0qu7Pj6L0ONm6g/QjpVg4jho7uR4dRxawVeL1OYK8bGAKLnOE4WYOlQfb+qdNOhxKb9QTmQM5cbSpmdRvvnGqxO1D65lDXG2gedWps9Vjq6/02IQTgi4qx3PnnaRRYgzRpKeG9P77E519bTAKBQCAQCAQCgUAgEAgEAoHgYifUF/bq2pBhfREfwB7o7SZ1NKWzztBBmoQtynVYTfP0UWqueh/1AtIb2zun53qDiWmBUGoha6YKui4BrlV3P4IJ2J2I1zvPBbUf3gW7wPZDfVx3PwJdm84wnTnn066j+6GK96z3w9M2UKzBdGL1fuhmFAgSt+451X54Hahq567dbsfhcChuYKPR6IlD/0cz6v7B3LCBXLMul0v5U7f1OmWDoZfCWX3OG4Pa8eud09vH6XQqzly1YOsVagPVhdc7rp5LPZb63xr13N+2VNBCAD6H5Pfq2aXjHTx8JPzGDgd2PTd7qwNHl0V0kZA/lnlTiihMa2DZA0IcFwgEAoFAIBAIBAKBQCAQCM4WvS/r1aJDyC/iA5z2ikG6OkUwF5/s8xASPYes7nwdELlkTx9Fn5JVj8HEI9n30NnaavW6a4/5bU+Q/YDO70e4aOPR7d6J/ZA0MSqPegqh+rhatFW166w7NpRwHO5++NXyDdBHK7B29P2hpSv2w+/HHt7HDuyHNphA+xHqOmXVY8g9DXZ9OvuhTWmsFmS9oqVXIFWnMPbWD1aP4+0fNDxNumU9p++5cMZqXcTqebRuYG29Yz2C1Q32rpP3nLa8wLcVIQCfI668bDJXXDa5S8f8eMVKlq5YGUbLVg58LFI6h01GPoW9UrG2NJzvSAQCgUAgEAgEAoFAIBAIBIJvHNov94M519TH9R1sAcy8ei47dUNZv4/iTA3DQdoZfAyHAebwEQml0OJTsLnCbdPVl+qnsXkm8nFnql2YemOoxMazSbMbyp0abD+0TlJZ6uRaBXCXdnRvu0qeUu+HQpD9kDyTex875Z72zh3iXKj3R6hz4QbRFWvZJXsawKUsSfiIlHpCrMvloq2tDYPBoKSFNpncMp66lq13DC16Ll6t8OudU/3onTvUD3PCyd6g9/mvFr21aaG9cQdKC623Tt7r1Irp2lq/oeoNX+wIAVggEAgEXwsLH70fgDvv+8N5jkQgEAgEAoFAIBAIBAJBVxPoS/tgYoVeXUn3cVUb5ST+YlYgodFnjvb+HRVQw2kvSfrPAwakNEajjgXo1sUGtqBiXSABO4g7VA6yH3pi9Hnfj0DrrHQK3M57vKNa6Vloq/rjBVmIUPsR0ITdERc7Xbcfuu919YEw9uPrIJR47YPmhykB23mb66Rx9gq2Xmew2g2s56z1Ptd+Buv9AEdPoFUfD5ZWWi/2QJ/xgVI56+EVn71pnPWuK1BKa73r1bs+vX4XO0IAFggEAoFAIBAIBAKBQCAQCAQCQafRusiCOa1CphwNIfToiorhhxp2n3DHDOhURnMi0MBBxNWOzh+GNh4UtZtXIrjQqDf/2czdVfvh188rIoYrIKr2I5j22BHxOtz2wcboyH4Eu+VCLUeg+cM9HnK8YAGEeexs17IzaOs0B90PjajdUclRWyvdKwB7HcFGo1FXCA2U6llbJ1eJLYC71udSAvQNB3XfcONQ1zhWtwv0qL5W7fWq1zHYNV7MCAH4HLF0xUoOlhzt0jE7VAO4K8gZxYJrJjIgKwar+/1GS105e1a9z8vryn2aTvnRb5nTy0LFlj/wTOm13DalgJx4CwD2mhLWfvwB7+2ogZyJ3DZ3LP1TLJgNgKOVin3rePm/qzmhG0QmE+ZezbR+mcRZPYdaGjnx1WpefX2jb5/xt/DorDysp7dx54slzJk9kTG9U7GaAJeDljMlrF/6Cu/t1bT39rfmMefR+5kD0FLCe3/01gNOZPisGUwryiMj2vOWcTloaShn/ZvP8d7Bzi6wQCAQCAQCgUAgEAgEAoFA8M1HT7DQngf/dKAdRRFTvGmEO9hX1fWs0abMDThmCJ1bSVF9tvF0po+fet3+PNzxwtmPcyXu+owRRGnzphUPJwb1fnzdQmOX7UeIWMLdj85KZdp01Ho/kujIfpxteuez3Q+f92hH96MLPnBkWcbhcOB0OpWU0Gaz2Uck9X4Gu1wun1rBXketfmzhfQ7rOWi1bttg44QSkLVirdPpxOl0+rietW3VNZO98QQSxb9toq8aIQCfQ752wbYLSZ44n3unFRBnAloaqahrAWsiGfGZDJ/9A3IyXuGhd0r8+pkTb+FXw/Mw1VVSUdFCfFoi1sQ8plw/F9rK6T+/iAxDK1WnK7FbE8mIt5AxcCp3/cDBfc+t0wQxlttvn8qAeBO4Wqk/3UAzVpJTYsgpmsG9WZk88/j7HPCLwsK8713NmBSoP1NJnaePNa2AKd/9AfZ/PsfiKqCploqKSqzmWDKSLeBqpep0A3aA1lrqAUhkyo9+zJxeFnA5qD9dSbPLRHxKItb4VHIyACEACwSCC4yysrLzHYJAIBAIBAKBQCAQCM4RWVlZ5zsEXbRfyHvp9JfvKuGksw5MPbpESAoWkDq1s6zfxEu44m9XuWy7ilAu03DH6Io4fJ7o2XYlkIK4TtWHzkaMP5/7oeVsBVztOJ1tL2v2wyeuIMKoj2P5LPfjmyr9qQVRtYjpdDqVz9mIiAilFq7WBftNEz0D1Y/3itle17P6R0bh1CP+tiME4IsSCwWz7mfhLP8zFVv+wENvhuiePI3bphUQZ3JQse19nnm9mCrPqZxLb+Guy/PIGDaNOaue5r0qTdde3anY8goPvemRZZPHcucd0yiIzmT8/FTMthLee/IlPvf0G3D9ndw6PBVrr8HMYR3vKSMlMucmt/hrP13MohffZosSxETuvHUqBRmDmTNrNX/9qMY3iLT+jGkqYfGTL7HcaxHOmcavbh9LjrUbw6/IY/ErJbDtfR7fRrsT2FbGmse9rl8P+dOY0MsCrkrWPLmQt1SW45yx0yhsCbGWAoFAcJ64UL8Q+LbhdDppbm4mNjb2fIciEAguMMTng0Ag0EN8NggEglB8E3/w29H0m4pwE8D1J6sb4S/0hHQ3yppangGco9p2PvNq6xFLOgHoxKg3Rzh4YwmnudqpqFt713MuYH7iAE7HoCmmgwTWYXkm3P0IdD3e/ud4P8Kumau93/TmCrS4EgH3I6y5wzymjsnvvaGaO1jboOmQO7gf4b6XA00X7HWw+8snAFnnXJiitU/TQO3DqEvrFXd9xlU5erVpj/XEUK9bNtA8nRWK1a5dL4GcwuHMGay9Og2293Uo4febKoR3Nfreb8E3H4cDe5v/n8MeuuvwWUPIMYH9+Dof8RfgxKcfsLkMMGVScIlO56q9vPWmypNbtY5FX1UCYDY5OPB5u/gLsOfNbRxpAQyJ5IxVjVM0g+FZJmgr5XO1+AtwYjWLdpQDJnJ6jdQJooadb6nEX4ATy3lvn1soTk4bHHoRvGRYiAJoquGIJkf1iXXLWbwt/KEEgm8Do4YPZdTwoV9bP4FAIBAIBAKBQCAQCATnn3C/kO+IY6sz7sNw+mj1AFmWqamp59DB4xwpOUlra5t7HKl9TFk7uEa8kuX2P20soWJyuWQaGppwekQaWfNns7Vx/FgZJ0+cCuPqAiOprqeurgFZ1q/RrCCDrc3O0SMnKDlcSmNjc9hzqePvCnT3w6+B5lCA/XDJLsrLTnPo4DFKj5fTZmsLObf2r6O2Ur1bXhH0vWPpjRlQce/g/GF214q/DoeDqjM1OBwO/7CC7YdeDDLU1jbg0jQOJFKH/CGHTvuwfiBBF+2HZu4wmmrm83W6hjrvdQJ7UyJ7BdhvosCp92+B9rX32tTXqibYdQtXcDvCAXyO6JaTxZwZ07p0zDffX0zFqcowWrZy4OOHWbi2M7PkUZgZA7RyZOdnVPmdr2HnmRomZCWSnDUW8E3bXHVym19K5qryBlpIxdpSxh6/mPZS3zwNrPj8HKGgfypxQEvpXne6Zu2Ye2uoGptJcmImU8DXtdtQyY69/n0OlNbQMjgRa3QMw4EtutevDa+cqivyyInNY86PZmBesoT1+sWKBYJvPUmJCcy/fo7yeuOW7WH1GzV8qNLv4OEjVNfUnpP4BAKBQCAQCAQCgUAgEJwb1KmftV/Ma7/kP1vBIpCjsrOsXLmJzz/fSHJyAi6Xi6amFmbOmsSQwr5IwGuLljBx8kiys9LCiy/A80DY7XaWL1vH1MvGkJAQy/KP15KYFM/IUYNxuVysWbOV4p37SElJ4uprprLys42MGTuUtLSk9nlkfYew4kD0rJd32d56YxnzbpxJVJTVL2uy17l46OAxXvnvhyQkxGIyGTl1qorRowuZduV4TCaj39wdueZgyCrnckectr6DuB+0XQ8ePMbbb3yM2WwiKtqKvc1BU1MzV86cxKAhfQLWSu3w9Dr7IaufqPdDtehaw616Pzo6N0BraxtP/O0F7rhnAdGxUQBUV9WSlJwQ1ljl5adZtng1N9x0FTGxps6/9zwX8O4bS5k7fzbWKEsnBnGzbPEqsrLTGTS0X9jrEixuOch++LSjvU1n9kWN1zmrddBqz2uPqcXfYPdqKLH06xSNg/17oPda3U+vlq923UJdS1f8m/NNRgjA54hB/fqQ36tnl45ZNHggS1es7NIx/cnEaoFgaaSDYW/zrwscnBrsTv+jOdFWAKy9prHw0Q4K6S2N+uKu90dtJhNx4Y5VtZzF67ozb3w34nqNYt5do5hzuoQd65ezaF15x+ISCC5yqmtqeeXN95h//RxF0A0lAqvF31fefE+IvwKBQCAQCAQCgUAgEHwDUach1RMbutKR1ZXf5R8+XMrCha/yr6f+H3HxMciyTGlpBQcPHKX/gN5EmE0MLuxDfHy0f1pYbzya1x3F5ZI5caICe5s7dWN+n1wizGYAnE4Xe/ceYtZVk8nOycBoNNB/QG+io6P8xvGbX6vsqig5XIrD6fJpqn5edaaWxx59gbt/toDu3TORJImGhiY+Wf4FjQ1NJCS2f7valfvhFeOUePzc2p75whDo0DTZVXyAF/79Brf+8Hpye+ZgNBlxuVyUl1XywrNv0NzUwuixRcr1dLmHMMh+BLqWzsSh3o+ICDNjxw/HGm1Rxnr4T0/y2MLfhzEQfLl2K5nZaURFW/32RpZVtXx10NuPI4dLcTp1xIAw8C5fXu/upKQmhWoeNCbQ/LggyH4EOtXZ+0Pt5oXA4qxa4DQajRgMBt06uOrXegRLrXyhEsj1q0YtCH+Tru3rRgjAggA4qK+oIVhij5YzDec8CntdJVXB6uy21lJ/jmPYs+Q5frdhMDNnjGVMQSZxaXmMmf1jCkds5OUnlrDnHM8vEHyT8Aq+4YjAWvE3XMewQCAQCAQCgUAgEAgEgguLc/ElvFZgVR8Lq7NXyFO5/7T9P/98IzfMm0FmZqoyWb++efTrl6c4Mvv164XBY+d0OF1IEtjtDtra7ERFWTEa3U68llYbssuFxWLBYGiP2uFwYDSZcDqctLbaMJtNRERGaOJtj6xHj2y3e1SWabO10WazY42yKq7bnj2zMZqMPmlsbTY7drsdizUSk9GoGtf9YHc4sNnaiIyMaHfvyoHXs6SklP4DetOvfy/lWFS0lZsWXO07tOxOUW23u2P0roUau91Ba4uNSEsEERFmJW53TU/JR7F0uVwggUEy4JJlZI/A1dpqIyIiApPZCDI4nU6aWzxrGWH2TZercz3V1bUsW7KKH/7kBvoP6O3TpndBD356102UHD7u09/ldNHc0orRaMQSGdE+hwQOhwujUaKtzY7D7iQq2gK4xajWVhsuWSYqyoJEu/jmcslIBomWllYkScJiicQgSbhkF60tNgwGA5GWSJ+4HXan+5pVOJ1ORSDz1nYFiebmFkwmE5GRZmVNJYPE6HFDMRgMuJwu2ux26usbaWuzu+8TCWSXjNFzT3jfNg6HE4PRgNPpYvqMSUiSARlwee5h931k8lF3fcRVl4vm5lbMZhNm1f54Hx0OB60tbURaIjFrrk/23AetzTb3OlkjkTzvJxnolZ/rHkf1ASHL0NzUjNFkJDLSdw0B2ux27G12LBaL7z0aRAQ+ayd7e3idGkudAln95/2c9WZd+KamgdYS6BrCcQx39Y+MLiaEAHyO2PXVfnrn5XbpmNuKd3fpePo0YHcAOKjYuJCF60K1PzfU29x1BRynN/HQcxvPTxBqqopZ/N9iFpNIwcRpzJvWn+SsUcy7uZTf/bf4fEcnEFxQhCMCC/FXIBAIBAKBQCAQCASCi5NgqTnDFSrOxgHppwMEcXRmZaXx5brtzJg5kSirxVcQ8rB27VaKivoTFxtNcfE+Tp44TXV1LU6Hi7j4GCZNGsnu3Qc5dMgtIGZkpjJ9+liMHiH23XdWMGXqGD77dD3NTS24ZJkBA3ozfOQgjEYDMrJPbMXF+0lMiCMtPZk3Xv+Y3bsO8P67kcTGRuNyuUhMjGPqZWOIiYnG7nCwY9te9u07guySiYq2Mm58EekZKXgFyV0797N5826MBgPmCBMTJo0IuYZx8TGcqjhDbW0DCQmx+jVOXTJbNu/iq72HcckyFksE4yeMIDsnHXALlbt3HaR45z5cThfmCDODh/RhwMB8Wppb2b3rIP0H9iY6pt3NvHPHPuLjY8jr1Z1TFWfYvWs/tlY7ZyqrmT5jIukZKZQeL2PDlztoaWkFSaJ//14UDRuIQUd89rL/qxLi4mIoKND/vj6neyY53TPd1yXLlB4rZ8OX22lrs+N0OunWI4uJk0dh9KTd/XjJSrp3z2Lnjq9Adq/XxCmj2bFtL8ePlYEsk5GVxrgJw4mKstJqs1G8fR+nTp2hproOgLxe3RkxajCfLv+CqqpaXC4XBX16csn44Upcb7+5hLk3XqW8drlcbN5YTJ9+eSQmxnPwwFGaGls4sL8EW6u7lnH/gfkMHzW4fYzXP2bu/FkcPnyc9V9s5fixk7zzxlLGjC0iLi6WDV9u48qrpijtW1vb2LR+O8NGDuaGm2YrxxvqG1m+ZDVtbW3YHQ5GjR5KvwG9/day9FgZa1dtxCWDQYLsbpmMnzhS2Z/Tp6rYvHEH9jYHkiQxfPQQ+vTN8/ygQOZMZQ1frt1CQ30jMpCcksj4SSOJiY0GYPOGHeT3ySMxOQEJKDt5ilWfrveIoZCVk8G4iSPd7z8Jtm4qZt+eQyBJGCWJiZeOITMr3TfoII7fjqDu6xV+/T6OdJy/ej+g8bp+9dppP2PVGRi0aOcL9GOdcyUihxJm1fGpUzx7++oJwFoHtTbzhHAGtyME4HNE6Yky/vnvF893GJ2gmCNVVzMg1kJGnyJYt+28RLHlRA3z+sdgzchnDBtZf16i0KOGA6tfZ2Hmz/hTUSJxaXmAEIAFAi16IrAXIf4KBAKBQCAQCAQCgUBw8aP+8r0j4kKH6p16/kd3eI1D0PtczcSJI9i2dS/3/fL/uOqqyYyfMAyr14UpuV2gmzYW06dPT2Jjo9m6ZQ9bNu/h1tu+Q2pqEjt37uf/HnuRhIRYZs+ZiiQZ+OC9T4mMNHPppWMAWPLRatZ9sY0rZ05i+IiB2GxtLFm8muaWViZNHumJX1KC+2rvYbp3zyQ7J53hIwZy6NBxCof2Iyk5gdqaejZvKqa5EcpoHgAAIABJREFUqZWYmGh2bN/Htm17GTtuGDHRURw9epLXFy3lzntuwmCQ2LZlDys+WceVMycSFxfDqVNVPHT/04rwHIi8vG6MGDmIX/7sES6bPo5Jk0eRmpros9CbNhWzbu02Lp8+jpgYK4cPl/L+uyuYe+NMkpLi+WrvYVZ+voEJk0aSlBhPdU0d7779CT1ys2mz2SneuZ/cvBwfAXh38QG652aR16s7Zyqrefxv/2HujbO4ZPww4hNiqTxdzYfvf8bgIX3p3iOLuroGlny0koTEeHrn9wh4PXv3HKKgbx4msynk/VV28jTvvfMJw0cMIrtbOq2tNtau2kxFeSU33OQWYz9b8SVGg4EFt15LTEwUmzcW8/Cf/0W37plcNn0CJrOJtSs3snXzbsZNGI6tpY0P3/uU1LQkZl09FZcs88nSNXz5xVYSEuO5dNpY7G12nnvmdeLi4xg4uACApR+u1AjAMju37yUzO53ExHhKDh/nndc/Zv73rqFbjyxaW2y8uegj4hJiKejTE2RY/MFnzJ0/i9TUJEZfUsQH73xC0fBBJCYnYomMYOWn6xkxutCdVlmC0uNlHNh/hKKRg3zW5cVn36Sgb0/6DRhCdXUdR4+eUARg75qeOF7Oi8++weUzJpGRmYq9zc6yj1bicDqZetlYAF545jWu+s400tNTaGho4qP3PsU6bybdemRha7Pz7htL6dEzh8ETR+B0uti6qZj33vyYm269FoDtW/eQnplKYnIC5eWnefXFdxk7cQSZWek4HA5WrviSxoZmZlw9lS9WbWLH1t1MuXw8UdFWyk6e4tknX+UnP7tFSSN9NrKnVvBV49L7XJJR3Myg/xnpFX296Z59ugcRNLXCaKjj5xOtWOt9DCZkawmWRlvQjhCABX4s31TChNwC4vpO595ZDl7+qJgq1fmcsdeyYIyF9Y+9wufnKohPt3JgTDcGxBYw545p2F9bzhafIEax4PqRWDcv5Jm1ZznX2lrqZoHVmki3fOCg6tylV7PAXszi1SU+a5AR4a7DYW+uOcvJBYKLl0AisBB/BQKBQCAQCAQCgUAgEHQWrzYgSe01SL1CMJ7XIS3EnmPR0VZ+9/vbOXDgKP99+QMeeuBp5lxzGQu+N4f4+BjPcO3igslkZOy4IkZ4xLGYuGjWrtnMtddPp2deDgDzbrqK3/zq/5jqEYBbWlq5YuYELp82VhknKsrK+++uYPCQPkRFWZSgZLzih4TJbKJP3zxSUhPJz+9BWnoyVVW17N17CBkZlyyz7outzLnmMrp3zwRJontuFiWHS9m2dQ8DBxawfv125t44k9zcbABye+ZgMhl56P6n9ZZDWTqT2cTsay5j8tQxvPq/D7h1wW/oP6A3d9x9E9k56ciyzN/+8hwvvfoo0dFWQKJ7jyzOnK7myOFSEhLj+WLNViZOGkVhUT+QoUduNoMH98VglLDZ6vRT76rc2jIQExPF/JtnY/A4b9et3UrPnjmMnzjCI2xBTEw0/33xXf704N0Bt7umpoHo6KiwflywZdMucvNyGDthmDJefkEuC+b+gklTRpOZlQbAdTfMZNDgPgD0zOvG8qVr+O68WfTt53azNjc1s6t4P22e2s6JSXFcMWsKeb3dQnXbVDu//9VjvLvk38rcP77zJj58d4UiAHsXRK/urAw4HU4mTR3N+EkjlDWaO/8qXn7+bR762y990qDHJ8QRnxCHNcpCQd88ZZyJU0azZVMx02ZMAhkOHzxGaloyUVarz3xf7TnInOunk52dQY/cbJAkn/Mul4uP3l/BzDmXUTR8oHK8d5+eOB1Ope3YCSMYOaZQOd/Y0Mim9dvp1iOL3cX7cTicTJs5SbnInnnd+NNvH+fokRPk9sxRrt0ly6xduZERYwoZM67dNd27oCdOp5OG+ibWrdnML357u3ttJPc9aDQa+PTjtcy9ebayNh0lyEeKgqS+v73PpcDiZjDhtyvQposOllr5XAmqesKv3vwdJVDs38T6x12NEIAvSiwUXPEHHp+md66BAx//nWeCpXbe8gqL8u7k1uGp9Bx/LX8aM5OqMw3YMRGfkojVBDSV4Dg3wXvYxjPvdOd384vI6D6WBb8cxfV1NdTZwBybSHK0CWjlgCvkQGFQzImqIjKSExl+62/peboBc2QNn/3lFT5P6sbw4UUMn9ZKfXUDzS6Iik8lzgo4KtmyanVXBCAQXLSoRWA1QvwVCAQCgUAgEAgEAoHg28HZignqGr4+x1FpvR22DaueSlDQJ5cHH76bhoYmXlu0hH8/8wY/uv27xMVF+3SNjIwkLS1ZGcISGUFer+5ERJqVNhkZKZyqOKPEbjAauWp2e4pdWYbU1CTi4mOpr2tUBGBFhNUrWKxz/S6Xi+Id+xk4sICDB4555GOJNruDjet3kJmZSmxsDAkJsT79hg0fSPceWWjFRT3i4mP48R038v0fXMe6L7bx2CPP8eM7b8RkMhIVZWXj+h3t/WU4fbqauIRYkGVOn66iT9+ePuPp1QjWoo5n2IhBiniHDMU79pGalsRnK9b7pMH9as+hoNeRnZ3OmTPV+veSJu33qYpKpnjEe++YBoORq6+9nI3rd3D1dy4HcDtsVeT3ySUtI1l5HRMTjdPhxOlyIQMpqUlER1uU84lJ8fTO901J3SM3h6ozNUF+v+D7ymA00qNnDpLUvq453TIpO1mhvxD+Q9B/UAGfLF1NS3MLZrOZ/fsOM+OqS92OTFW7u395K6++9B69C3LJ6Z5Jv/75xKvurcaGZiIjI90/EMD3dxjeGsMAI0a3i7+yDPGJcRw8cBSADeu2ccn4Ye2TSmAwGpg4dTTrVm2ih0cARgZbqw2n00VWTobfJRqNRk6WlmMyGlnz+UbPe8q9+Q11DVRX1wZenwBLFVYt3wCZBoKhrvPrfe6t76yX2hgCC5qhPmsDuWbVzttzKf7qpWnuyLzqPsFqBmuF7m9zjWAhAJ9D8nv1DN2oAxw8fCT8xiYTZt0TVsyh/51lz5sLefzktdw4qYD0WAvJGe5/nOxtrVQc3svaJe+zJvxoOsfe93noqXIWXDORARkxWBNTsQI4HLScLmHH+uUs6pIaxSW8/NE64maPoiDRfa32qkrqAUpKONA9lp5JFuLSLMQBOFqpOnqAzz98mzUnumJ+geDiRisCC/FXIBAIBAKBQCAQCASCbyehvrz3ax/O61CNvASpBewlNjaauTdcyYv/eY/y8kpFAJZllbajTuGKR9hQKT4Gg4TD7nS3ldx/6v4ALtmlEiZCC0t6590iB7S12X3qYPbokUWP3Cxk3CKSXmenwxn2PACRkRFMmTqa5qYWtm7Zw6jRhdhsbdjtvuPkF+TSp29Pxcks6xVBBfC6tzXX3tpiQ1IdiIyI8AnMJcvYWttwOHytSd//0XcDRO5m0JA+fLZiHRMmt3gcyxo3rUvG5XRiNJncqb9l/wTZLpcLk6ldTjGZjD4uZkmSMKhEU1kO4aqUJL+6xZJnbuW1wbePyyXjdLY7ooxGAyaT0VfU1tznoYSvlLQkJINE2clT7vEdTrr3yPK7/j79evHDn97IgX0lHCs5wbrVm/nx3TcTFWX1nVf2nV+LxRrpc73q8NTvCfV5l0vGpTOg/5p6B3L3a2uzY3c4kJCQkZGQsFitTL70kqBrokdn5UOtGK6OWyv+gnsNXC6XrltXu5fqNheyyBnu572ewKu+pnCvT69G8LcVIQCfI668bDJXXDa5S8f8eMVKlq5YGaTFOhb+sWOK6KLH/sCiAOdOrHubv4Y53Of/fjhwOui1L3FfkDTNwWLgxEZe/ufG8IIIMU/Q83uXs3Dvcv/jW5awcMuS8OYXCAQBUQu+QvwVCAQCgUAgEAgEAoHg4iRsYVdHyPA579fe2zDImJrTymuvyKSjAZSWVtCtm6+D0OWSkZAxm03BJwwTp8PJu29/wo03X6XEUHmmhsamFmLjY1TXLqkEUdnnmK9r2StOSgwd1p++/fLomZejuFtbWlqxWCJpabFRV9tAVVUt8YlxSv81qzdTVnbaZxYtZyprsFgjifHU5/W2a2mxYbVa6JGbhd3uYMTIQSQlJyihtrXZMRjcgmRWTjr79pVQVNRf6d/c1ExUdBRWq4XWVhs2W5vPvKtXbiS/b2BT1dBh/amrbeCy6eMUsdXhcOJyBk8TmZuXg8FgYNOGnUyeOlq9mMiyzM4dX7Fj215u/v53yM7OYM/ug/TKz8XgyTNudzj4ePEqHvrbfe0/OtCIl1rHbEg8tVm9w6kfvSQmxlNTXUtiknuNa2vqOXnC193rFtu9QehMoz2gaRMTE012TiYH9h1h0/rtzJg9FZPZXzaSJImk5ARGjy1i2MjBPPaXf1NeVkmv3t2VcWTZxbGjJ0nPTPXp29TQTHRslN+Y7nHbn4+fNJJ1a7YwaGg/DJIBlwwup5M1n2/gR3fepOwXSFgsFiIizBw9XEp+gfue8a5DQ30jWdnptLXZGT9pJBarRXl/2GxtIZ3onZYLNZ81umZ+owEDbuFWeZQ9wr9H8HcZJAzg82MI9XNZ8nfQBhI5gwmqfuFrXLPBcSFJMuACgqynQVIWQrlNPe8VJRLllzLB/w1R/9ClI3ybawSH4QUVCAQCgeDs2bhluxB/BQKBQCAQCAQCgUAg+BYTzhfxQQUrbW5c2beZrDnsI47psOzjtfzy539jx479HD9ezpEjJ/jog8+RgeycDPx9oOHRLsyAxWph08ZiVixbx4nSCg4fPs5br33MkCF9SEqMb5/DJ1CvQKJyv3mvS5YACckgMWz4IN56Yyn7viqhrOwUW7fs5uEHn8Fud2KNsjB56mief/ZNDh44yonSCtZ9sZVXXn6fLE8dW4DtW/ZSV9eIOowDB47yu189zupVmzl2rIxjR0+yft121n+5nUvGFWE0GvnDn+/gqSdf5cD+o5w8eZod277i6YWvUlF2CkmSGD1mKMuXrmbvnkOUnTxF8c59PPqX52iob8JqtZDXqztvv7WM48fKOH6sjNdfXYzd4fC7AdR7OmhwH44fK2fDum2cPHmKQweP8cyTr1K8cx8Ap09XceRwqd9+REdbuW7ulSxbsornnn6d/V+VUHqsjCMlpbzzxse8/fpSxk8ciSRB0YiBHNh3hC/WbOHEiQpKDpfyr3/8j8uvnECGWtgMcWtIAeq9Kvvok4JXdd5rCZfhqu9cxjtvLKP0WBknSiv47JN1HDtyQnvr6wze/twrYiuHZJkjJaWcOVOD0+UWzocOG8AXqzdy6MBRCocN9BvWbnfwizsfYNfOfZSdPMW+vYeoqqwmKztdmVIySEyfOZl3Xl/Clg3FnDxxiiOHj/P3R55l7epNukumdr/LMvTtn49BMrD0g884WVrOieNlvP3aYnr26k52TobbOS5JbjVUgrETR7L+i61s/HI7J09UcKzkBP/+53/5bPla4hJiufzKidz/u79z+OAxystOcXBfCX/540JKj5UhAwf2lXDieHngH5yo11Uds+x7yudzR/Jtq20kSRKS0dD+J0m4lPZyu7grSe63Op5rNrj/ZPX4Ej6vvY5gbbrlcOhMv2CpqNV/Bnz/JNm9hepj4calF592vlBtvk0IB7BAIBAIBAKBQCAQCAQCgUAgEAi+dnS/jA8irOmlUyXAsXD43vevYfPmXaz8fAOyS8bhdJKbm82CW+ZgsUTgcskMGzGQKE/a4D5984iNba8LbDabGDykD9ExVsVhKAPXfXe6Iv4YDQb+/OBdfPThKg4cPIrT4WTi5JEMH+EW2kwmE0VF/bFEWZCBvn3zSPQ4dg0GA0XDByh1gi2WSAYOyicqyoIEDB8xEKPRwKqV7jqnFkskt3z/O5jM7pqrgwv7YjabWLZ0DUaTEaslkof/+gs2byrGHOEuILhn7yFi46KJi4tRZJgxlwwlKTmeTz/5kq2bdwEQHRPFz3/5fdLS3HVuBxX2xeFwsmbVRpwumYgIM7Ounkp2TgYSEv0H9AZZZu2aLZ5UtxI3zJ9FjGf9Lp02FpPZxJKPVoIM2d0yuPe+W0lOTkQGUlKSGDp8gM9+Jackcf3cK/lk2Vp27zqILMsMLRpAYVF/AGqq6jhRWkFuXjf3fSG13xdp6Sn84YG7WbNqE0sXr0KSJJxOJ926Z3LPL28lJSURgIzMVObdPJvPV3zJvr2HABha1J9xE0cocUycMhqz2bcA4/CRg4mJab834hJiGTCoAJPJiGyJoN/AfKJV56OjrIyfNNKTRhxPvBLjJo5U2lwydhitLTY+XrwKWZbJ7dWNW398A3GxMSC7awZHWiJ84jBFmJl25UTl9RUzJ6uc5fDju25m+ZJV5OX3YNLUSzAYDGRkpWGz2bnlh991p7bWYDKbuP3Om1izciNOpxOn08WdP7+VSEukT7usnAzu+dUP+HTZWnZs34PL6WT0uGGMumQosgyXjB+O2Wz2Sd2enJxIv4H5AEREmLl+/ixWfbqeZUtWARLZ3TKYefVlSp/BQ/sRG+euPZyansztd93EJ0vXsHvnPpwuF/0HFTDWs4ajxw3DGmVl1adfIhkkjEYDN992Lbm93K7lg/uPkJ6ZSnb3TE2KZr8l8EN9DR1BliSPw1flGPc4W2UJtzPcexhfgddnSokgsunZEU7dYT3XsVqkVZ7j617+uuhouYGLFUm+QBNgl5SUkJeX97XMded9fzgn457XGsACgUCgw+zLJ/DBJ+emgvfCR+/vknE685ncVXN3hK/z36mOUlZWRlZW1vkOQwA4nU6am5uJjY0936EIvk5qVvDr6fex5+YXefunhUSGaF75zu2M+k0v3j7wS4q+lgAFFwLi80Ggzw4eLpjHob+s4T/fSTnfwQjOA+Kz4SJk69/Iu+Ewj6x5huszQjf3+/8Fzq94/pp5PJn7ACv+MZPUUAMEGkdw0XC2/72n60jU1Jf0frGvfu1yuXyOe197H2NiYsJOzRnqi/lTjgi/Y139BbaPwIL787e1tQ2TyUhkpP/8fv21A2hRHb91wW954eWHcckuWlvbiIgwYzIafeLo7DV4V9DhcNJqs2OxROimt3U6XdhsbURG+p93uVygqWPcPodMa0sbSGCJjGgXg1SXabc7sNvtWKyRSFKguW1EREToios2mx2X7CIyMsKnhm7Qa5fdqa5NJiMREWZk5ZcBskeI16kN63U4407LbWtrI8Js9qT6bj+nOMllmdZWG0ajAbPZ3GEh6WzvWaWWrizTZmtDRsZisXRuLM24bTYbBqMRk8mEJEHl6SoW/t+L/P7+u4hQ3f/aa3A6nZ77KDJoGmWXS8Zms2EymTx7rrapBhjcJ0aZVlsbBknyiSdYe1trGwajEbPZ6LdXDocTu91BRITZp+6yttZu8Dk0Bzr5q5NelhYl1bNR3d8l+7l59eNwd/LWDTYajeCScTqd/qn0g9SgDnYuWP1d75yyLIOrvV4xqnrV7v7edQ6enj1cvPsULN21mmDXV19fr9RfVj8qjmVVTeZADuRALuOzob6+HoAdO3ac1TgAhYWFgHAAn1OEYCsQCASCi5MzvHnbBH7NA2x8/jthfwklEHyT2fZof659PkSjCZ73hM1G3dcSlUAg+FooWcSs6Q+yZ4L4d08guJjR+7c+MqOQ/8/em8dJUV39/+9b3TPNoriBEgEX5MEARkfUDEiCSx5QIy4JBr+OwUcMPpJo1GgkajRqNBohJpK4wE8iiTySSEKiEUUlccG4EBVJFHAB1AAGBWVfeqa77u+P6uquvn2rurpnhkHmvHk13V1177nn1nKnuj51zj3pvHFc2TCUXvapC1ufTJp0GzUtCG2GIaxUK6QVJ1S22/GXJRIJOueifOPYK8o3HYWXrTkX5enQsWOHUltmO7o4AjGybO49kUzQ2SKu+jgJo+1AtLJNtC24r+jYKVUknprtJ2uS1jljfRIJh06dOhbVD+6P2lQhkjbuvlYKOnYK9EcVPlg1mEDDSnvbq1Oy2KeSokrRMTB3rMVUZcdmsCKlgqJSpct8P4oibQ0x27I4EqXI29N44ugL815h8JCjqE3VRtpIJBL5fWlSHEGrosXqkI0YjIjt0MH+KLVtfyil6NAxVZT9usjvZIKEeX5ocJRTvD8C/oTtj6g+GLvY6ku5uaL9aNm8Th6hKfqplFv8AZkYAqvjOGjtlgiipmisVfw5e9siUnhXRwRgQRAEoUVorWwKgiAIOwN9zpzGg0MK3xfNHMOtK8Zw55VDC2JQ5x50Aeg+gnvnjzAsbGLBtJu5tbGBP15Ut0N8FgShZVg05zcsPWUYx8+ZxRMfjGT0gS1g9IO53DBhLkddP4HTY0QECoKwoxjGtdMaGACkVy/mxflzmTlhHH/54xj++KerGNgWInCqjosfeZ2L26BpQWgtyokBzclXGVY1blQp2NO/VuOSL7R+4fBD49epQPyNU99qQxfKxrXZHAxdze5TSLstmb1V5/+roE4zfSiqH5iH16pRN3N/VHys5N5/cft97LHn7nzjnBHRNsIcr5Lg/ohjNur8jN2mZX+UOlXcXly/giajH/DQ1mh7lVOcgwKwzj2wYBWBjYjhSikXYexH29rq5SNijchfrfzoeYV2cp+Vg6uix32tNQkXErYsBH7Es3IAhVbZlle8d2FEABYEQRAEQRCEMnTpW8/gvoXvqReALb0ZPKQ+ZjRgmqUvzGZB34bWcVAQhNYhPZ+Z961h9K/vp8+W4dw9ewmjL+7XfLtrFzJ97kYGXN98U4IgtCQ9GTikPpcyuZ7jR47hyrMncto507j14XP4Y0PPNvZPEIQdQVBoChNPK+GyK/6nfJsU2mwpirSbXCRyvrGY4aLN1VnCIjIrshG2P3aACBQlplfSvCk+axXoTwX7g8qKhvoS7Nb3fziusvqtsD/iRi6H1avqAQ3j/CiK+K1yf8Sp4uQa10oVJ0dWgFL5xMneseGJp1qBm+u/cnMCrfZOat3cAyKEOPP7auVlCdAKsnm/HbTjbc+sLwgrb01oGupcxmjb9AB+EVdpT292dUXPIbT3OYDD8zsIgiAIgiAIgiAIQjsm/epcZtLAyXU9OfnMYaz44zwWZcvXEwRh1yF11DmMHQQLXl3CxrZ2RhDaAeVSj2r/ZUl7GlqzjDji2wNL9K02XhZfzGJx2wwrGtJcbMrWDQpGgahUs15FAmcL7g/fXvA9Xy1i40TuD6oLXo3Y/RXZiMSyP2x1m+ODWb9S4dZPj1zJ/ghtv4Ko3zAbrXZ++A9KWPaH7fyI40PJkKYdXBzAQSuHrOPQpBRNSpFRiibHoclxyCrv3V/XhPdqdBwygTItM8NufPJzw/vCNJqs1rnPiqzjidVuTtD2xWtXQRZNFo2L99kNrNNYygXW518x/Yw7t/OujgjAgiAIgiC0AGuZObY/vScshDXzufviEdT17U/v+gZumL3SKxJcXjeUC+6ezxrLTfQ1L0zj8jG5cn2PpP6cW5j5jmXms41L+MuEyxhe35/efftTN2o80xdu4qUJ/enddyILzPJblxeXP/kybp29XOZUE1qBhdzatz8XzFoLwJpZ4+jddyhXzwOmNtC7r3cM3vpatJX0O7O51T9n+tYz/OKJ/MV2LgiC0Eps4smZM9j3whEMTECXIcM4adVkZr5sOQ9Xz+KCkPPaGwP8v0ve+ND7nGnAPK4e6o0HvcfOYk2JzeK/m2fdOIulWy1uZtfy0tTxnHtyfW58qWf4mPFMfXmtUbDwtzr9zixuGFUfaywSBKED1AJb/bl4i//OF/HaRHr3HcfM1XZLa16exuXnDKVf3/70rh/BtyfMtp/XRQSuswN41wkjqa8rXNve/dqm0urZTSyadQtnDT2yUK5kfLD4VzeUs8ZP46WiwUnGEaF1iRJ/S8SWCOGyhBANQOtScUYbCo9NEC0nlMYWhkLqRtbRgZdvQxt9sRmxKGdB4bs5/mto0f0RJRw3Z3+U3baWVyWVIveHxSlt2R9F+yakephLNv+buz+C7YUdK+Zn0+8w4bS190d+kbk/bHYs+yNYLkr4LeeSMs6NrAMaT7zNJhI0OQ6NCYe0o9juKBpV7uU4NDrQ6CgaHUU66b0aHUgraEooGhMKHTGHdxRa6/yrXLlg+eDyrPbEXK0csihPoNUF4TaTy2ftaKf4hVOyDBx02Vd1gm5R2up2hqSAFgRBEASh5Vg3l1svXswe513PvQ1rWDD1Zu644gJSna6DCRPYeN547m1IsebVSfxg0hjOTc7iqYsCqTRfm0j9mD8yeOx47hzbk1R6GY9MuIWrR62kwxOTC/Mkbl3IraMamLqunrHjJ3NT9xTp1fO476JzWLOXxa+tC7n16w1MZRjXXj+NAXvBmoWT+dEVI3h2leGDILQwXQaN48FpI3jmjvFM7XUVD47qD0C33uF10q956SYZdhU/ntafbnjn0+UjnmPFI7NpiQy0giCUYfVTPDynJ6MuzJ1wex3HKaekuXzWPK4cMsyb87tiDmHUtGmc8M4Mzr1tJWN/Pp4T9qIwh3iO9DvTuGDSYo4afz33NuD93bz7ek6jGwtvHErKL7h1IXecM4a7P+jN6Zdcz4P9ukF6Jc9Mn8Ct583lxdse5f6RRsraVTO44e46Rk+dz03VdUIQ2hfrXuaZedDrykNiTvtgZ+MLE7nggTWcceFEzr4E1iyZwV0TxnPa8jRP3T2SXokKjC2ZwmlnTCY16ipuv/sQUqxh0SMzeO39NBy1e7BVnrjjfF7aOJIrb5ucv7a+47w1dHliBqMD1yIrZo1j+DXzGTDmOu69JHcdPmki5w5bwr3PTOCk4DW2jCPCDiaOGBlaN1fZGtkLscIQdaBYNb749ZvTj9jkojTjyByqyk591veHzV4oZfwp2/5ncH8El0fajtmvivwpVyDu/lAhRSvKHRzXKbsPYdXzKZ29KW3J5NIn+9s8q8DRhTl4s2bka6IwL3ACb3kllxDVoLUlfXNOUHUDPXRzkcDtT2bdeRF4fylnAAAgAElEQVQBWBAEQRCElmPW6/QK3EwafHRPNpzcwNRxl3F88Cb0kCmwvJ7Lfz+PRRf1Y4BfP9GPm2bPY3Rf/9Z2PYN7plk0YiIPzVvJ6aN6AmkW3DWeqauH8tPHJjOqB/myxw/qzQWnXs/SIqdy5dNjePCxqxjcKbd4SD1HdhvHcddN48lzJnCS3LwSWolUjzoG9+jJimlAjyMZPKQuukJ6IXd8fxrpMdN46pr6vNAzeFAd3S4aztX3zWX0z6sVnwRBiMuKp2fxbI+RXJl/4GJ3jj95BFw2m2evH8bptgeOyrI7fYbU06fDPCBNn6PrGdy9tNRLDy3jp49NK/yNGzKNLusGccGM2Tx7xdDc3yzv79vdH9SX/D0cfOIITp4wkrOumchfTpxU7OucNMfOb2CADCKCEE02zZoP5nLf967nyU4juHdUc56+msetc4bx3J+uKgi9Q+o5qe8t1I29hbufHs5Ph+0eaSHIgqcms5QGHrypgcE5e4OHjGBsSXadWTzLDB69pS53PVHP4INg6cm3MHXuEkb7D0GunsUN18xj8C1Pcf8o/6GRegYPOoQup47h1pljOCn4wKSMI0IZbBFlxXM66pJlRfVz/1nn4C1pK3qeVrNsOcJ0yOYKjXHq+32x9slmILjMVJgtAl6JIFXB9mju/rDtaR22sePULeNHS1Ak3Fa6P6LsGibzDwjsoP0RVbbIsZiYPrTqww4hPpamWY7wIcK5oPlqxotykcFaQ43ropRGu8r7rrwx0RdS/XqucnAdRUKD9uf9VcqbA1hrErg4jhM+r24roJTCcbyIY8f3JzcJcdbVnhCdG8CVUiS1JpOgZGMoM584oHBxLOX8/jg6F8Vbhc/tGUkBLQiCIAhCyzFoJMcHoxpT/Tj2OICRnDciGIG0O0cOqYdVy1gZnEytbkRA/M3R90gGAy+9n0tVl13CEzNW0uvCywI3u3P0GMmFZxvL0vN5ZOpKBlwwsiD+5ug1ZBiDmc1r71bWTUFoTdLzZzN1VT/Gnl0QfwFI9GTw8HqYvdB4yEEQhJZnCX+5byG9zhrKgMAj9V2GDON05vLAnJWt2/zZY4y/cSkGnzgS2MgGP11s7u+b9e8hKQaeN4bjmcvDzxmpXgcN5ciqxGtBaA9M46zcVA29+x1J/cnjmc4I7nzEiICtgtHnjSiJ8k0NHcklPdLMfHVxRba6desHPMczrxgpn0tCgOoZe25d8fVE70GccRis2FBIZ7907gyepYHzzjAyBnSq54ThsOKVxcVp6mUcEVoJM0VnpTJGVJpXqyZSRnispH1b+UptqFJNxJqmOo4iGqZPNitatNLyhu9hn4tVN3u7zd0fOuIVhk1gjb0/QlbbfDKXx6Wt9kewWHOP+bj7osiv4KIq9kcZk5HLo+zEreOgcFxwXE0iq0lmNTUu1LiKhAvJ3Cuh3dxySLmKDq4ilYVarUi5ipos1LqeQBzLRyPlc5y0yP56x3HyL7+8g8JBkVAODoqk8UpovJcLjlJFLwX5d//l+OUjXkkUqoL+Bvvtui6uu6NnTG57JAJYEARBEISW47BD6FW0IEWXTrl3Q9ftkEiRv5EdiB5Ir1rCk889xbvvLOfZf60kvWpJsdi1ZhlLt8LxX7Dnz02ZN77WrWEFsOjmEfS+2e526v21cFTXcr0ThB3CxjUrgSXccHJ/brCWSLF0NQy0RA0KgtBCvDmPmat6MupEI+Kvy1DObIAL/jiPpQ0N9Gml5gcfUqLokuqcAuaxdBXQnfzft7C/h3Q/hD7A9A9WAoG/cf16Gn+rBUEoMIxrpzXks9OkPtefgb3jR+aGU8+AQ1KW5d3odgiwbCVrqI+dYrrXmddz7dzzufW8embWjeCSceMYdVxvupQIwP3pVXK90IXU3sA7y1hDHd2Ajf9ZAizhgi/MCGlxOSug4J+MI0IEZvRZlLgQGQkcJc5q33bpMu9LhIPBUL2gABZRJYpgRCYBwTAy8tIP+Qwu8pflRLcif0Kie62+NLNPoXVi7I/QZVHRmLb9EVW+DDZB0vcn9v7w21fFq/O2q9wf1VDt/jAfJggVe8PsttD+yLdpfNGE7I+g+Bz47pfPn/sE+tHM/RG3b1VvA39s8PuS20H5sVKDVoDyBFUAF43KiZ4+vvDpBETvhCa2IFrkUsTYawrEfsSvWT441kfZ8SKYS5eX1lOR0ep+WRXcdmWwpq5uxQjpnRERgAVBEARB2ElIs2BSA+fevZwuRw3jjEF1jL6kgV57LOORc25hplE6VWu7iRbOSeMnc14/e53UQS1xY08QWpJhXDu1oSjysECKnhJ1IwitSJqX/jyZFaS544z+3GEt8xuefLOBPoe1jgepRIfWMQyQqOzvpyC0L3oycEg9A1vcbip6gr4uXajozOzUj7HT5jPqzdnc98AM7ho3glv3Gsadf5rE6cbzIyUPR4bRt4E7rxkWIkJ3K37gRcYRIQblosqgOCKtXCSajaC4V9wA4WqNLnprOQzXI7sSjCwNCr9BxyIELZvu1dwkpy25PSrdHy3VdqSuWWZ/5OvnxNMSTTHmAwb5/dGqeZAroyK9qwUeiihbP2qOWFv6cH9/hInYVeyPttw9NgHTT23s66S++JtQbonAq7Q3djpAQitQiRJRNSjiRgmeNjE2GBkcFH9tdcLsBIVXBahA5G2YAKwTdl+9NNOhXQjFFukcjIBuL4gALAiCIAjCzsHq2dx19xJj7jEgC88Ey+VuOL307nIYZEY9pdm41VjUqQtdgGWpngweEhIlJQg7EalOXYBlpHrWM1gOWUHY8aTn88T0NAPGTODaoTYpZBkPXXwLd/15PmMPK07VvnRFaUaJFcvmA4e0vJ97daMX8Owby2GoZW7S1ctYCpzUtxXaFgSBl1Ya0fXAmveXhZSeX4jeD5JezKJ50OvKnlQznW6Xw0Zw5YQRXHnFXG445zIuv2EWg6eOjB1J7JPaoye8A12OrmewaLtCG1NOBDYjCQsVwwq1jNBjzs8bx2ZY1GlJ3Zgqblh0q9VmGYoEogrrlvgQFVkbfA98ba4AF4yidGL2IS9KGRG/2vjQEnPhlqbyLo1ENNd7YmeZvORRfgX6Ze1DzA1ezX5pqfPD6nYLnMCmDddouyTw2I80jupLjOMkeGwVtk+8iNS2mrs1kUhE+hgUlctlfAiKwDtaeA07l9rbnMAyB7AgCIIgCDsHq1fyEtDngOK5x9IvzGV6cEG3Ok6og0X3z+IlU+x9ZwZ3mZnrugzixFNCygvCjmb5yuI59Cx0GTSUk1jC1Ifmky5TVhCElmfj3FlMpx+jzh7B4CH1ltdIzh6ZIj1rLgv8kzQnxr60cHHxebt1Ho/MCDuT57NidTMcTdVz8ugUK+6bxMxV5so0Cx6YxrOdRnDKIMlyIQgtSxd6HQbpFxazNBtYnF3OEw/NC6mTZvqj89iYLV66dOZkptObUbaHOKIw7NB9GCcPB5at5ePKLAEwYMhIejGDBx5p5fnNBcGCbY7JIP4cn/m5PsPE3YB45xezFI+FWd8XOYvey9kwRcaAX0WGYwjXlfZDU7rd3ODLBa0VWivvs0v+3fus0a7GdTVubp395ZUrfeXs5Nrz2tf5l9Y6v9wrW4gEz9fXufYD5d28T9rz3wUCfSh++X0g3xe/v64u7luJD1rnfPPb1kZf/Jcu2q7mNs9ve9c7cPz+uoF2PF+8/UGuT6F9yW+HkJf2+5nzXxfvD533Uxftj/B+6OK+GMdi0WGcO47jiL++PaWKvwfPjfz5XuY4N/2Ie+7bxN+graKo/FAjlJ7jEeNVPm1zIkEymSSRSOTn1PXnqMV1cYBkYK7d3KFR8srmXuUIRsCWEz9t5YrPC1203Lben2c3b8dRuA7ohPcefGWVzn8OE4irif4Ntu+6Ltlslmw22+6if0EigAVBEARB2FnoN4hRnaYw9cbL2PeSBgbsBWsWTuYny7pxPPBkvmBPRl17EdNHTeHcr6/kWr/sklnc92g3Bo+EBbOChnfn9PE38/Cp13PuCYsZO34MJ3RPAWlWLJnHE4vruP3nIyqOlBCEyuhKn74pmDqZu2Z14+S9FrJm74s4vc5SdK8RXHvbbIZfM4b6d8Zw7eih9EoB6ZUsmjeXN+tu4c4zZc5qQWgdVvLIA3PhsOsiIvBTDP5qA6np03hg7mUMHrE7pOo54+LeTL/7Ms7KXMWVpxxCat1iHrhrLvueWQ/mw0k9enM8aaZOnsJRo+v4+IONnNAQlno1wo8rpzH2hQauPnUkL14yhrP7dYP0Sp6ZPoGpL3Rj7O9u5iRJGS8ILUxvTj5vKLeOv4Wzxm7ix2Pr6JZeyTP3TSDdfyQstD3q1Y/BqycwdOwSrzxpls6ZxK0zl9Bn7AzGVqj/LrijnlvXjuO8M/rTDUh/MJs7HoKBVw7Lz19cEYedzy/GPspZ153GaS9fyoUjPbusW8Yz82azx9kzuPioagwLgh1bak6bOFH2Vn3MuT9bBVO8DTZvE3LLRclWt9rari7+r9SOLrgftvlCasZCG3WKxPB8w7kyvhPBKkoX5gz1hUGlSztR1o+CN8riV5gNbV1nXxrqR1D48yM/c45o11tWKKCtVc2s4JHtRfqli2y6ltLhdgs7z9+GClVyTBf5bDk3ImnDgMyyYnXws3/IKvv3SCwh70VjnusWtqEukzVdBZ4D8/TVyI6UEz2jRN9y9fzIdltEcP6zo4rKxvEp30YzxvTQdNLtLAJYBGBBEARBEHYOUvVcO/NmuGESd1wxl3SnrhzfcAt/nNiF6bNnFxetu4xHZx/CHZMmc9cVY9jYqSsDh4/h2qljSE2bxlTTdo+R3P9ET6b+fBL33TyOqVuBvXoz4OjjGH3hIBF/hR3CwEtmcO3yi7jjmjFM36uOm6ZfFFq218jJzOs+jZ/cNY0bxk0jDXTp3Y/BJzZw4RARfwWh1fhgHo8shAHXDyqe79KkbgSX9JjGHQ8/xZoRI+lGioGX/IYHkzdzwwO3cMFM6FLXwLW/nMYJb1xWnMkCoPtIbpq0hO/dOIkLnk7RrWESJ1fjb6c6rv3TUxw7bSJ3PHA9565OQ6euDBw+jvvnNnD8gZLLVRBag25nTuLR7ESunjSZy8ekSXUfyiUTHuPimmlMn2ETgLtx8vUTueS5m7n1ikksWAddeg9j9M8ncuWI3pXN/wv0GnQW3e6Yxg/GrCVNim79hnLez59i7Ik9y1e2kmLglb/j0f6TueuuyVw+exOQolu/OgafNo7RFQrUggDFIm8Upvjgp8LNRwiGiBu+vmkXyar0uZo6ploXZjNCMG5OH4p03vy287dlsFxeSc25onNCYG4DlxWR/H1ZnRxpqst2sdxXSgPr/M9uoUjRhtOFDzr3Ht0VqwGvuXx7JWp1qT++mGvo2KAKqlWMjWMeFuW8D/paqY5lE/1LKTWqlC/u+RG+OtdNVbI5S2TzkPNDFXfaWiZKR9bGe6U0Z7wwdcWiwyZKR8+RzT3d4DgODiofCey6bnGkbUjn7QJ+0L+Y4mpg3C0Zg3VxynLbOB4l5uriwcdaL9K3YPWYf0tCbQX6WOJbO0DpnbTHy5cvp3fvHTPp2XfH/2iHtCMIgtDWnDF8KI88FZaW7LPLryb8eIe3uSP/TlXKhx9+yP7779/WbrQZL93Wn3Mfuog/LryMgW3sSzabZevWrey+u6TfFAShGBkfBEGwIWODIAjlaO7vvaib9baUnv53U5zwv/vvu+22W2QbtrkhrVG/WrMyHR2z1CzxJuhDS9iLMmiIXGZRuwxZQdtBu9rfb4V1hf1X7GtLiuYl/lRa2HBGR22YCjZUnGK2eXmbu09MQ3kbEam+i8g1vMP3TdETFUHhr+BYMM0zqlBU+eUt+lzo+WHZHrbFYd9j7d8YZcra8M8ZZfSlUjuBz/07bQc8ATihnBLhVWddb1xVdtHTiyj3LObTSGvvGjIYjRuGOfaadWyCa3B9aZr+MgJwwJbZplnOVs9f5uBNFZDV5STw6H64rsuWLVvyUw8E34NTEpjiuK0PJs2NLt64cSMACxcubJYdgLo6L92cRAALgiAIgrDrkF3CgqeAE/tHR24JgiAIgiAIgiAIbUIikSi6se+LyDZaSgiz2Ym0bQh4+bSvZpmgUlgS/lha1P+s7cWiXCle5im8ReKvi2JTWvPBRnhppeLFlYp3P4UN20BnAx1wQ97Jffa/a+Oz+b0568w2zXU2X1qy/eA6IZTOnTW9esDAOs3QY+Hgg2Dvvby0w1opLzN3Lre1ojQ9cuj5YdnuNtE96nvRPMKVdiwGwT7EFZzjCNSO4wQennFLBEgnNz66rhtuyBemdWVpkn3xNuzhG6110bzE1WITlW0PAfnr4lJJWTOq2Z8H2J+juL0gArAgCIIgCLsMKx6exF2rUpw+fhBd2toZQRAEQRAEQRCEdoKfwtS/uW6mDzWjqMyb8EVRWi3gj6nNVlrXusym8EQ0UE7MqhadEy514OVqWPyJ5qG34NkVik+34oUK+pvZoSB4OnjLlbHOXxb8HvxsKxvECZQz15nRn35ZM8wzuM70xWy/3LrgIRZsz6wnInAoW7Yo3noH3npHMesROPaLmjNP03zxKEgmNU4+GjKXgruKgz6oFVdCS0/lGppWO6QPFQ4HgXZKS7muWxgflQJH4TiJkodk4kTQmuuCUa1hfoR9tuG6boktGzYR2IzKDfoVOY8w3nCmHOUNdgbBcr5N13Xzgm8wg4XMASwIgiAIgrCTs2b2eH70ag+OPXoQffYC0it5cfYMps5eQq+Rk/jhKZI2URAEQRAEQRAEYUcRjOINm1syLOKrpW7Im6Jvi+l6Md1rbns2IUwbBXwhWmuNm0v5rDX8bQVMfE3xn03guqpY3LUJoSpinY8tZW/Qyah5XMNsBZebZaLqh9kz1wUPAlv+4KAQ3lq5sHdR0ml49u/wxmKH8/6f5v+dpckqjXK8+N+8JBhyvpib2XxAo612gw4cCyVzFjc7F3gpfsSuQpVsK9vYaHtoxhQ8g+n5zShf2zzrFftsiLlxI4TD2ozqp62Mud4mJPvL/ehqXwA2pzRob4gALAiCIAjCZ44uhwxl3znTmH7zFJauA9idPkOO48rJExl1XG+J/hUEQRAEQRAEQdiBBCN/w0QHWwRYpdgyy9rWlyz3RRdV+t0UWW11VcT6cu2W62qsoMmc+Ku1Lor+zWY18z5U/Gi+YuP2wFysUUJrnHVBgdQsb4uyDQrLYZG9lbRvftaWdVmLj2Z0s61983vUwWQTvqsNWTVtV2IjrP0oO8E+lWsnpk2tFWs/gZ/frdBovvE1SCQ0jqPQjs5tMk/YtOnvpuBb7vwoJxqXwzzvi2xGqc8RT5FUI1oX7YoQoTMYvRv87ke0ViJihqV6jjM/cGsQJhhX8zCQTYwOiuDmfPXtVfj1EQFYEARBEITPHKl+I7jp7hFt7YYgCIIgCIIgCIJAqeDQGkJCS0QLlug8MYS4qJ6U88O2GZoVfJqP/gXtat7fBPe9pdjYpOJFydr6a1Pq/JctpXOwA7Y2KokuNj+HrYtqz18eLFNNBHE5ETgKc7tG1atENaxEII4rTttU1Srav3+6osf+miGDFEppXBdPCEajULEebKh0mIi16bT9PG/ukNRSYw4Ui5jlomnNzArBNMbBcdcXiYPzCUfZ8+sF39tCLA1LzRz1PSry14/6NWlvqZ99RAAWBEEQBEEQBEEQBEEQBEEQqiaRSOQ/2+ZybC7NsaTBLjKWMWqLWoxZNZ5Pcctq/13n5/vVLmSy8Mj7sGhdwKlyqZFNYRdjWTCStpzQa36uZJ0p8paLHDb753+2RSzHSSMdle7aqthZltnE1jDVs0qR1bo+TvSyWb5S0TlG+Q0b4c+PKvr2cdlvX68hV1M2FXRcNyquE7XfTFHYKGsLls5HDzul5cv6QrO6X2zLMr9tUAj2PwfFYF8M9b/HTdncltiE6eD3sPmPg8KvORWBIAKwIAiCIAiCIAiCIAiCIAiC0AzMCDJb6s24kcEVaFDVY2nET/VcLtK4mgDOqqMHdfG7mxeBNdsympnvJcjqXCvB+W2zOQNhoqgppJrvZgfizsFrfrety1IqBgcF6iDVtB8W3WsKxjZBOk4krblTww7YljqAw+yYKmPc9mx1gv6Xs5Ovo3h1gWbpcui6jyaRUChfaFX2TVfObLXnfUkd31AVxvJVVO6886OHqxCBQ9fFSH0cNeet/9mca902125QHC5Ha4qmNtvl5gYO1gvOhRxM9ezP9xv8m+NHQ5s22mNK6Hh7XhAEQRAEQRAEQRAEQRAEQRBCaMmb6xp7RJ8/9635PbhcB+prHVxAsShkKL3VSB82jclsIs4WyffB+Fyw4aXYBXBd7/XYSsXmjCoIm8EIX/N72LqoepWsC76w1COwzrGUaS2//fYcin0Lq2/WtR03/vIo8TXqYDKF7rDjMyzq2OaHWTbsKQabMBp1kNrsBNpLNype+od3PHqpyXXuGNb5+arDumA7FUPPFds5H/gcR3wPlg0bBkzMOcPDcHVpn0qMVyhIm+NpUOz0X56PxXOthy3fGYXPOFMGmHP7Avn+ZzKZkqjfqOjh9ohEAAuCIAiCIAiCIAiCIAiCIAjNIk5UW9z0nOXm7Kx0Tk+bBuZ/9u3t6JS1+boRgp/2/8sJTK72RR7N31YnSqNf/fLBaFcoRAfbInNt6/zvplAZlcbZ9tnvm5lSuqV9C/MhKpW12Va5yFiTyBDPKtdVg81etaG0UZjbJ/f9X28qXDc3B7AqPjf9Ys3ZHPlUzFE+VSKsVtB2HBuKMmNRbiNU2lZwXtxg2uNg6ucoqhE92zJ9cqzsEAEhOyj82urbIqjbIyIAC4IgCIIgCIIgCIIgCIIgCFXT0vNMqqCwExBPlCoIQiVNBdZFiblWAagKvaO1JAVNsaCk0XkhWLueCOxqeGsjpUIvlAqolc6Dm3fCWGamjw4TfVtijmBz/mI/dXSQKAHYNv+xrc0oUTpKGI6LGXFbLjLYb6OsKlrFelOJraQvwe2ki5etWKlwtcbVuRTQWqO1L1y23HlS1GyFwm8cPb+kjrb7HxpsbdvHuQYrHRaD4q//vRymABpMx2+mi25LwvoSx69KfG9OO7sSIgALgiAIwi7I2rVrAYqeEPS/B5eby4K05yfkWgqtNdlslvXr17e1K4Ig7GTI+CAIgg0ZGwRh1yYsQsmcx9G27LNw09qcB7haogSXSNPVqDymiYDQVWKmGVHCJcJ0WCd17mNe7dL55a7/+971IoDXN6lwYdMUM4PiqUWgyn9WFERef52/zFbX1l65dWHz8JrbNyg4a0oFaDPyOSRCtdnzF1dyLNlE0rj1ypUNKxP3eK/k/AiWsYnGAWF76zZFJuOSSCi0C9pRhchf/3guc97ocr4FlgfPj3KnVUk7cddFRO1abWiLLy10S82McnUcJ/TvgeM4+RTQwft+n4W/H1GYfwOVUiQSCaDQT1vqa0EEYEEQBEHYJfGfvDafGDQvmPxlwXWVXiCKUByNXHwKghCGjA+CINiQsUEQPntUes6av8ts7/7nnSlyKwpzDkbbQ8fVjm9F4lBo+J0lEi9QLS5mxF+RHhVmKCS6M/YvZUO9Ktbbctsyt9TT3HIhhWHCZlT0rumgGUEcrGsTXVsiutj/HpWeOeiHzW5rRD7b9mOlInAlCmQlEb9Rtiu9JdOctkIjmv3jVHnHplYlkexVuVPBydvcO1OxzvWwtgOVte38g4odtN2j88XfqL8JjuPk68Wd+7fS+3q2AJJy8/gG3835iW02ghklXNct6rvjODiOQyKRIJvNkslkrIJ3Ob/aAyIAC4IgCMIuSLkLL3MekeCFVVjamGraau/4F6D+BbggCIKPjA+CINiQsUEQdk3CfjOF3cQPi/7dmX97lZv/1yYAhBvzjWCPRMxpTHkTZSIay0X9ldN1K62szXW2CMoKG9O6+OXaxEpTpDUF4eZGwla6zowuDmJbZ4tMtq1rCaHXtt2CEdChTwG0IDvyWfq4fYgqF3WO+ccmoLXKP7CgUCWbOz+nb5Xnh+2QqlYDDx5mkTYs57o2j5GQqOnYQnjAoCmUmoKpGRVsPnRje8jI1k5wfdwMDrZ5ieNiS2ttC2CxlfNFYLM9x3FIJpO4rpufF9iPBhZEABYEQWhXPPLUvLZ2QdhB2H5Mm/MxmReGYfOL7Mw3GXZ2/AtPuYkrCIKJjA+CINiQsUEQdn2ifl+FpYL+LAjAQFEKTh9TLGgRNMXpZXV1WppFq6kOFWIjpuF8P2xVtNE5rfNiW4lgaRM1zc9xxdOoesF1QfXM9h438rglfDOjl811fsSxKTj6ZRLEiy7e0TRH6ay0XpX2vWNS59/RClRO/PW/WupU4o9ZvCU2RYuNAREGlLHeNhaWm6/Wvy70Bc7gAzVmKmRb/ag2/HLN/fsSFW1rE7BtIrfZj2BZX/w1Bd5gRLDWmkwmk99ONj/aGyIAC4IgCMIuSLmbCmbUr8+uMj/IzoSkcRQEIQwZHwRBsCFjgyC0D+LMB+y/fxYE4CjxwRbhFc9o0ZtnC7uAU+pPcdRdS0jPukjEIR+JHLt+FesM7TcXYZn77R4ltMYUU2uSsE8KOiXBdWHjNli3HbRbxqYZbdxSqaKNdd12oyDa+i/Xe2kNm7fB9u25ev4G87eHX94Ufk3x2BStbX0IlO1QC7t1Kj2+tm+HLdsC4nylB51RRynouhds3Q5bthp+x7RRtky10c1+vVxfvfNf5Ttf9DxCrmwlzbTI+RpovhKbRRHKASMlEb9V+OLZ19Z3W+YHUxQNCsBRoqqZ+a9cSuSWntrNFlQSlQXCFqVcLro4+MCRnx7aFg1str0z/x1tDUQAFgRBEIRdkLgXNKYIHDflixAfuYkrCEIYMj4IgmBDxgZB2LUJy9Zkfv6sCcAQfhPf1r+K0oZSeaSeUqVBsVbMQpZKJa5WIfxWuudKhG3zS+oAACAASURBVN+iV25tJVGypgMO7NcBzusHww+AHrtBowtLP4VHl8Ij78D6bV45R0ONgqwLGZuIGiaYRkQQOwmocSCbhUwmvB+/vsi2Qby3TAamPAlPvkbxRrYpflGic1h/QsoOPRq+dRZ0TBWWuRo+WgvP/AMefSYn2Abt2cTDqGNIwXHHwJVj4OV/wl0PwoZNFp/LhcWGlHEcT/xvygTSiVeCLv2af0Aht0BrnWtexUqBbDFbFdo44UJt2o7luP4088GPMHHTFH990TdOSuOoMdUmuu7IgBDbw0FmO34fy0Uqm6mjtdZks9miOYJNEdh8tSdEABYEQRCEXZSop6xtc/6WS/vc3i6SWgq5iSsIQhgyPgiCYEPGBkHYdSh3LodFAQc/f1bEX7ALwGHrw4QIrXWJLlPpL9E4EcJxbRT1KBj1WKGd5v2a1kb93ByrwUhXMzI36jPQIQHfPgK+PxA61UAmV//wblC/P3yyFWYv9WyfeDDcOBRmvAH3/MNizxRXfX9M3wLfj+gJd4yE2f+Cnz9l2AsIeCMGhm+VxiZ4ciHhwnNE+xWvC9g/YH84+Uuwe+dif7SGrw+Dg/aHn95n9IeI777PxoF7/Bfh1ONgt44w/S8WATgOIQfeKUPhmgvhzt/CH+eGl7MSjJY22/EfUggpFuZetYHI1jrlhko/ajnMCWWxHeFc2KYIw0xf7L+bY70vYLqua/07EBRAg4JxiX/Gvb4dLQKXE39taZ1NzChmf5vY7Pjpsv2I4OAcwmGpoXdlRAAWBEEQhF2QqHk3zKflzDrl5h4R4uNffMo8foIgmMj4IAiCDRkbBKF9EDcKOPh5Z/89FiY+BAl76DhUuLB8t22FqoQj7bdtLDeUqHIiULUCVljwYUmftW2ZLolyLEnFbBo3GjqgC3ztEE/8ffUjOO1hSGfg6mM8cXjO+7k6Crp1hmN7wYsrAnYC7SiVi7h2vVewPZUrq40I3z07w+DesPg/gfKK4jTSAZ+nPw9z38jZyYnwbhZeWeqVUznRVrveZ20IuA6FOmHbReXs6Eyuvjm3sFFn6za4bSq8vxISCRh3NtQfDj/+Lvzucfjgw0Lx4PFmphJ2csvMY+/OB2B7I7zyBqxcTRF5X7WxbYsKebbBS+8ddP9zXeHYI+GhOcQ/cG0PQBjnStEqXXx+Rene1Zw7oeuNdm2NRqZzDmkg6lyvZgwKpi7O2wlEqZpipW2OXDPNfnCZX7akH0Z6aJtfrYHZZiVRuZWUNQVzUyiOE029KyECsCAIgiDsglQ9xxLlhWChMiSKRxCEMGR8EATBhowNgrDrEnVulxOAy9XfWQiKEOWECL+c/17pb9hy0YVR9Qp+GUaq/BncnF/PkXUtapNSyptlNShQBsua8/FCSVRrbQI613ifF66BjU2wrRGuft4TDLK57XJKHzi5j1fuoL3ghIPhzY9hzWZIJqC+BxzTA/bpCEvXwt/fh/c+8ZrpvhsM/y9IOjBvKQw6AJZ8BPt0gDOPgFQN9NobvtIfFq2C1espRDUH+wW8shwefCEndgZEYFyo6w1HH+LNv/v2SjiyN/z9TXh7BezRGY7qAwMPgU4peGclvLwI3v+wsM1qkzCwL9T3h257wPJV8OI/4d1/F7aDjcYmePw5eH2x9/2fb8Gj90DP7vDfg2HmHDixHrp3hYVvw757Q6eO8NDjXgrmA/aHQYdDv0O86N4FS+ClhZBOe/Z67gfr1kNtDaRqYdt2SCbhvw6EYwd6kcYffwKvvumJxJlswbf99/XKfP5gT/xdsBheeRM2bYFhx3oRwACf7w3HfdHzff1Gez/zhCm4YavKiL9RyystE9ZukZ0oJyKe4GgJsdfETPXs+Vcs/pplzTI2cbPc+Bk1T3ul/sddb85X7C8LpmcOs2l7OMjcHrZ2bcK5UopEIvGZ+DvakogALAiCIAi7KMELH//z8uVLQ8vl3ym98Ar7brtwskWsRN3ILNcWlrpOxAVunIu5Sus0Z32yJtXuLjAFQYiHiDyCINiQsUEQdi2q+X1iLvssjAmVzK0YV4SwRcnGEmPCwmtDHYpfpNJI3yhi2YqIsMwbsUUCB4VUszzwSRre3QC994Cv9/GEznkr4JkVsHpTodzvzywIxaf3haO6w3cehyeXwvlHwrVfhgP39ES3piw8swy++xd492Po0xUmng6718LrK+GYA+C6x+CaYbB7B8/mSf3hqAPgu7+HP79W6qfPofvDVw4rRLJmM/DcIq/cSQPhprO9aNl/r4HP94Qxv4C1m+D7X4MLhkG3Pb162xvhH2/B5XfBwne8+t/9Bnz7DDjoc54w29jkrbviTngxKsW0gePkIpHx/Oy6J1x5AXxpICxa6gm6y1d6AvAXD4cfX+LNJ1xb64mTH34MM5+AH/3Km0P4hHqYdK0nMi9Y5AnA/32sV++Iz3tz+LquJ2ZPegB+9X9e230Pgl9eC186GjrltvO6jfDAI3DfTPj9z6BjbvmYr3ki9fnXwvx/2vtVMbmDtGwkbmtgnPux4xp00VvV6efjNBOM+rXNTxtMZRxM8xwsH2q/ghTOlQirzSF4jzBM5I7ro0+cjBPBVNrBvrW3LDsiAAuCIAjCLkjYxV65iyetdZG4GkacuYVbC7MN05dqI5/NNoLE6VPY0+2SxlEQBBuS5lUQBBsyNghC+2RXEYArwXXd0LEuTurYcEfKrK5QyW2pX7e2jLMV27alprYJveacvJZ1q7fDTxdA3z3g4D1g7ABoOBQ2NcKUf8Gdr8Gm7fCHt+DI/bzXW5/A396DD7d47S78CD7aAne84L3feAJ8pQ98bQBMWFPoaCoJ/brD9FdhwUr4w+vwhf2h/iBYugaefhv+vS7a7zFDoeHYwvfN2+DAiykSY3fv6ImiU+fCu6s9Yfi7p3mRzd+cCB+vg+vPgS9/AX74TTj/p1DXB378LS96+Kp74LnX4dtnwvmnwj0/gLoGiz850T1VCw0j4LiciHvuCC+1sh8Z7IuvAIf0gmf/Ac++4vl448Vw4iBYvAzungFHHArnngaXNHjpnn/xW2PfK6+NO6+Gg3vCXQ/C7x/35gi+9Jtw2xUw71V49wO463pP1H3jHfjlg5DNwnXjPLF43UaY+SQMrvOig19bDC8vhLXrS9srFxkbpKiIKl1XbgSL87BHZH0zSt6yrLCiMt/itG0bosP898e94Ny0NmHXjI4NzmkbrGumkbYRdr+qJe6f2dqwLQ/OaVytbf9+YFDULSdaB8u3x2tsEYAFQRAEYRfENv9H1MVQ1Pcw+2F1zYupsLlIgnWiBFxrG824QK3Gh+YgUTyCIIQh44MgCDZkbBCE9kk5ETiszM5Cud99YX2xpgC1iSllogn9VM5KhQg/pvBbRgSqJmWtLXrQpp/FDkrUvqsKjS5Nt2uL/LV9t6zTLjz3Hxj4BzinD5xxMHyhK3TvDD+sh6SCn7wMF82FHw32BOCnlsP4vxU69vpqGPUH6JyEQ/aCt9dC/33h8/tSFJmsFHxtGjy31Kv713fgiuM9AfjZd+HSmYGNZfqdY3sGNm8vfN+SLt0GK9bC6Dvh1XehxoFrvuGJsJMfh2Ufem089JwnAPc7EPr0hO99AzrUwl9fg9fe9sTZv74Kxx0Jh/eBAX286N2i7Zhrs2MHuPL8Qvu+wHrj3fDRJ55Q6zPjMbjoBk+MPaIfDB8CH62F077tzRXsON7rf0fB6SfCtD9TfKBoOPnLXnTvv96Gp1/2yj//Gpz0JW/u4dNOgNeXwOGHeqmev/sT+Ptrnr+PPu2ZW78Jxt0Ik67xBOCZcwqRw0Vo4z0MXbIb8setiimt6pDPldQrWRfzBA57GKOS1NRKVSpWF89la7sHF5YVwRRPo1Ie2+qHLQvaCF6HKqVC2zT74our5tgeJ9VzOYL3Gm3ppKMwy8scwIIgCIIg7BJYBU1TTDXXW2wU2bG1Y3yPmoPDNvdH2X5Y2iiH6UNrPOFXLko4eMG8M9+oEQSh7ZDxQRAEGzI2CEL7pZKb9TsjcX2NeqA4v66kTqkdbazXGD95K0gFXU2K57DowWoFrXydEsM637nQqMbgu7lcG5/9dRo2NMLkRfDrxXD0vnDfidB/bzi+F9z3Bvxns2EvJ4I6Ci4aCOceBvvvDuu3Q4ec0pBwcuVybaYz8PcPDP9sn30/LTth8tPw+5c94RqdSwVtCLIbtsLiVd535cB+ubTP406Fb51UsLVhi5euukMKenXzjp3hx8DQIwINatiw2UvjXCK052hsgmdfzc2dq2HNOvjri/Dk3ylh3iue+Atw6IHe+1vvwcYt3mfX9SJ2AXbvDPvsaRhQ0O9g7+Pne8ODE4uP9Q2bvHrd9vYE7e2NsHBJoS/rys3vWw3BhyhKD1pAoy0ycHOi6iuN4I+0tYPqmPgCZNg9JJNyy+MIvlEis4l5386vH3XP0BaNGxR+q81oUUlmiUq3X3tBBGDgVxN+3NYuCIIgCEKLYl7gtfcLnrZEbuIKghCGjA+CINiQsUEQBLmRXYz/0zYyAjjSQPzFbSUKRQq7ge9hEYslT04H9ThLpLCj4IQesGYr/GstNGl4eTV8tNUTgDskIZkotuv4oq7jRQT/9Cvw0Wa49m+wcDX8zxEw/kul/qczkPWFWkMnzNv0l7mU9gVYvREWrSoIwEXzHAcio92cfa1g1afe8t/8FX73HPnI765dYOXH8M4KWPofOObz8NxC+NnvvXTRaOicgnQaXn+X0o2e+75tO9w2Ff75trdu21ZIN9p2jic4+7z9gScG9z0I9t3HE2dTtXBkP2/95q05wdbYBu9+4L0vWwE//AWsWe+1tfceXvlVH3k2t6WhYwqO/gI8O9+r072rZ2/1mmKbLfasvFIlc1TbnjuolubMNGZK0y1xvpr2S75EZitoaQ9aHls0sI+/zBd2g5G5fl0/1XNLZtcTqqN9JbwWBEEQhHaE+QSeIAiCIAiCIAiC0PbYoqbCfr/tyr/r4vZL5QRBP8K3JMo3qDyFmMsX05QIVZUSrF+pnWAf8q9ggaBiZhjXWhUWhQnG/isYheuUrjtmX7j/eJj/dZhyAlx0GEwfDl/e3/PpnfWwvtEr3+h6y75xKJzaB/rsDYfsDZ1rvPXr0rBPJzj3cEs/TN9yonJj1rN55uFwZh18oYfhq+9/kGA/TOHY3yy5dU0uPDzfi4S9YBgccTBkNXzlSPj9NdCYgU3b4N6/eKLxoP4wtA62puGIQ2DCtz0fN24Jb1PjrV+/yXulm0L6brB4KTw93xNl506F734Tfn0znHOqFwn86DPwaU7cLXQMHnkaPljlpW7+f6d6InL3rnDzpXDMYfDeSnhhASz9wIsGvvdH8L9nw0Vnwyt/gFsugy67edt9W9p7/9ZI+Opxxemqq0Gb52HB7YrthJ4fYQ84BBZpy+fg90r80ZaX1XgQ45j0x6ri837nFoCDaZ1tcxP7Y7af7jk4x282m82/dvZ+thckAlgQBEEQ2gH+BVnWMtdFcYrnLAk6oMmgdRblJMF4Ys9xHDSFizkn8KtMK++CNoEigcJxNZks6ISDSji4QBKNdl20cnFxSToJVNCG9p4kTKBxFGTQuIEraAcvnZPWng+KGpSqKfTH9ZYnnRqyjptLrxO0X3wBq5VLh0QNqqmWxqRL1t2Gg0KpRHAjlW43y/fgk5BRT0wKgiCAjA+CINiRsUEQ2i9y7senRDQ1RJnmZoqtWroIEaKtGXJtjZWIvqWeaIt9W5tFIpkxD/CaNLz0MZzwObiwH5CLPm1yvUjg+xfnBGDgH6th1WbouTvMOB2u+Bs8+i7882M4rBs83gBbm7xo4rwfgcjcovZzPr38b3jvUzhob/jd+XDzHHhjld3XvE1Vaqek34HPjy+AXz0G/3MC3PXtXP8ysHy1J/K+8R78fRFcMRm+93W4pgGuGw2ZrBchfEQfeOkNSudWxvhubuMyoeVNTXD1L2BiAo6t8+bjzbrenMB/eRp+aZuTF0/w/db1cPv34cwTYdTJnmD8yXr44uFQU+NFD194gyf+HtkPJt/g1f10gxexnEx6dl58HUaf7s1x/H+3e/MFv7fSss01sU6iqJGr6NC3CbflomZDnrYInhphEb6+8Foue0DJqRMjkrccQfH3s0qcNNVmuudgndaYjk2oDBGABUEQBGEXJGxOJWvZwLujHFy1EVfXAAkclQE3i3a193Qf3o8FVzl4/xQ6EbSmcZTGVaCVQiUViYyLQucmvHHJKk80TmhFUtWQdRvJBn5RKVfjKgeXBDqhcLRLIijYaoXOJlEqQRJFVitclftlivcEonYgzXYSWQdHKzLZLUXbJngR6qgE27Vme3YzHXBwHZdEoqZI2HbLXPT68yv7Tzk6jiMXuoIgCIIgCILQzmlJQXdXFofNvpVoTmUENc+IPU2stWoMQSg2YYJv6SI7FnEt+FUphat1fJ9soqvl+/JNcMmLMHhfOGJv+FxHSGfhnXUwbxUs+aRg64X/wHf+Bsfs56VzfulD+HgrfPNROOkg2KsDLP8U3lsPh3WFt9Z6dZetg2ue8oJ+i8Rb4M3V8O0/wuDcfLhPvm34nvv83d95G2TeO0YkqP9yYe6b3vy/6zZDJjAn8Lot8JNZ8Pxi+MKB0KkWPloHLy+BBYHUzvc+CguXwjGHwj67wdoN8MoSmL+o1G+AF9+A708CnYUVHwf8Nnb62vVw52/hocfh1TeLd9PCRfDtm2DoUXBgD9iyFV5f4kUGZzLmTi3w3CvwrR96wnHP7p7gu3gZPDPfE5YB3loGDd+HrwyGPgd6x/u/3obnX81FFgNzX4Tv/Bi+0Be2bINX3iT8gI178AUj9X1zsU+ECtoxzJaL7I0zdJaMObY6EX0JpqkvGYeM75+VsTzsfqKf1jmY6tkNBJsUBZkEAiOEtkHpnTQWe/ny5fTu3but3RAEQRAEKzvz36kPP/yQvfbay7pu0aI3SpY5uQsxpRTaVbiqiW1NjWx0F5LcbR2JhCKbzZJIJMCpJaugNqHp4kIqmyGrCr9OPHEVarJQoxW1WpHCRWVddNZFuZqmpMJpSqIbNSrjoMgQvCJ2HAedcdHblVdGGxeLjkZrhdPkQBPgFs937GgXV0FWOdRs6UT2Y00H7RT5WHz5o9hCEzUqwfZsguRxx1DT9xASqY6BIhbBN4DWGjebJZPJkMlkiuzvtvse1NTU0OJsSnHFvQne6p/hTyMa6dDyLbQ6H/29I73naZ6+djv1be1Ma+HWMOVXNfyyS5anx6TZr1z5T1I0TEnA0CZmfKmpXGnhM4zWmkwm06Ljw6anb2b4dW8xZvL9/O/hqfgVX7+Tw8a8x4+fnMTXyx6krc2/mFh3Ab/9n/t583uHly/eFqx/mh+deT1LGu7l//73cLwt7fm9/KYnufeMfdrYQeGzTGuMDW2FbUxa+8hlHH/Dwfzfwsupy5WzLdtV8PpG0fha9VgttCuibpavW7eO/fffv2rb1ojS3LLgezCSyxbh5X/337t06VK1TybLt+ViloIKT1h/qD7KN8xeReUDwk+JDYtIXbK8jADsuv72BjcL2axLJqvJNLkMfSViDAnmrXUpRKaay7UXIVarvGjS7ZnwOjUKtOtFyPrrHDyBtylrlLd9tvhQk+t/U8ZSzuZzWH/C2s59Tzier5mMJ9zayiaU98p4z8EX2gG7X1H9JfAehYKapLfts7l5gvfs4gmz142DYcd6qZ/HXudF+vrHi1JexG/Wr2c7cHO289vXQk3Sq2oVneOcWLlj+vE/palJKZJJh4SjSCQVjgLl+CnsS6s2d17flqCqhz0CX62CbxnqOm+vqLxNUA0uTyaTJevM+tVIgLY6fkCFmfa5nP1qBeCg3UQigeM4ZLPZIsG5mjY2b95c1JdgOmuzj+Y0DOZ7tT7Y2LhxIwALFy5slh2AujrvqloigAVBEAShHWFL36ID67TKsGnTetas/5RPk6/QueN71HZI0uhqEolakrUdQGXYmwwJnUEnm4ojZdG4GhJJcHHY7Dp0zjTRpVHjZFwaHU0yC27WpWljlk6NHYHGIp9IOLjrGmF9BifjolXC+y2ltZea2VXo7aC2OWS3exdXiYQ9DQ1NDpl1Dmp5R5xMAsdNoBIOWdchkc2SdWBTtpHddS3/7lhLj7HnUvNfB1PbdV9P8K5w227dupX1671Haqu77HP46O0afvtigifWwPzcj7BDO2uOP9Tl0i83clDn3B5rhMp+NtioYeaUGsZ8Urz0oI6a/zkmy0XHNrJHuwlkrmDbV0JGkW5ZR4X2xEeP8O2Tbub5ooUpuh46hFPP/w6XnnIQwdt+6fSmHetfW/P6nRw2JiRH3pDrefbuM+haqc1Nb/P49On88am/84/3N+cX737KBB697UTPXrqRjVW6LAgtzqb3eX7OTGbN+hvPv/0JaSC136F8+eTRXDTmZPrtaVb4hD9dfBJzhwcfVvCW/eiF4pK+nUsvOpnenSp3rc3GpPzYcCITnp3AV0u2gcHi+zm54R5W8s0dIkK3u7FaiESiospQRviNUay4Tkjkb8Wib4jtWBVVsQ2l47RfhcQdFJudkOq5yNaMzom6QTXdEvnapEvXudp7lczHa4tE9v0ICKZNQZHVLAelImqIb0XfLeuyrjcHcKhveOuzwfTSwT4Foz9tqadt7Qf7Ebb7dCFy1+fQg2HGROixHzQ2wZJlsH5zoTx4x1ujcSvFhmnbPJSKhOFqnqTIbRftf9bGKl34XKlZ36Vq6pt2IPz8tzZowyL2xjnvW0qs3pnwo4B9sTTrP71A4b5jlFAq7DhEABYEQRCEdoT5lFw2m6WmpgalFI2NjWzevJkNG9awtbGJ7G5ZMihqqCGrNJAg6SiSriKlNUkFKIUTyAGdABSK7Wgac4/LppXDJx00nRsdOqezoDUJlSDRuYbtTS612ksl7aObwG1KoDK5uX+VQmmHhJsg25TFbQTVCCqbyD3pGPZYrUanXGq6ahSN8FZHSHQkm9xCpjFLo+OwQcH27VkyXzmaPpeORn+uB7q2I46TQFUg4XoXv+A4Scxfm7Hn8UvXMOU3Sb63Fj6/p+aMfprLD9GsW+bwz/cVUxYkWL1bkt99OfcLrWsj9/4g30p+D8x/soafZlz+fGqMX4N+1d01v/uKyx7Aho8cXl6qmDwvyeS3HZ65IM1BrSQC534OeNuoRSxW0X+ofNtXQqqJyy5v4jIg3mMBhTLyQ2nXp+z4kFvVb/QtXDWkK9DIyrdfYf7f/sxvr3mav78/jT985/C8CNztqxN5+atVOZJ/b/vDLjcexBk7c+v/+/uTaehjrOu8P10qHVs+fJhxI2/m+drDOfW0sfz4is/T4aNXWPbvD5m/trEwVnU/hUnPnWL3G5m7VWg+ca8d0ot/zQXfuoeFW3ej7rSvcWnDMRzCcl5f9Aqz/nAd3/jDdM7/2a+4akgwKr1w17rQRu69/2gmXDqErkDjR2/x8qtPM+u313H6vPd48KHvUFdhsKptTLL97W/x6wGlgBSpTk8zY+6HnDqqR0Thzfx1+q9Z2dI++K4EfPI3d9VjtSAIQGViSklZVWF9QzAqqVuNsmOJIqykkqGxlccX9Wzz6tpETSgrpua/mwNmmI3gOlubvlDqWspVKPRWvM62bWwiuK3flbRvI0RwXbsO5jwP3bvCm+/CXQ8WooOj6pXYrpSgzVb5Y1i5G2Gp3WPVNd0oI+5a7TVTvQ2rXm1U7o4gLPLXjIT1lzuOY53/118vtC0iAAuCIAhCOyaRSJDNZmlsbGTr1q00NTWRSCRQflpnnSBLDa7KeKmXlUsSTa2GpMrS5LgQ+CGSJYuLYguKGlezV9ZFqQRNNYpNjiabSFKb0aSyTTgpB71bE2zR4BYuCt3tTbmgYAdUwrtibtK4aQXbkziZwlOkqOhfVFprdCKL2leRbUqzfVUjqjHJFp0g3aMnzpCj6TriRDoccACJmg64ykFpB6V1y/7gKUe6ltvvTnBTk+aec5s4/6DARh0AoLjx/Vp+/2k5Q4r331c82a3C9lOaQQMavfTEA+CMExUXPZ/ihHkOv13kcMMX4uSu2hmoov8ttu0FofXo2ueL1A/2BJz6wUMYef63Gfmzb3DBlKn8ddQvObXiMNddi56HHUP9kc21spm//vJmnt9vNA/OuJy6fLTjMc01LAitw4cPc9m37mHJod/hwV99i7rd/RVD+PKZo7n06lXMurqBH33nIlLTH+TSOKmG9zqI+sHH5CLnj/HsnH4np1/4ayY/dTaTT/sspTdP0/ugQ1k47QmWjPwW/cISu/z7cabN6cqXh+zG8y+ElBEEYYfTZrKILqR1DfqirF/KmsoT1Ouak65a5/+POSewLSI3mKI4SrCNEjNtorG5bYLfTdE3TJAuF0FczjfTrrnO3BFBf8x1tvbLieVhvkVE/xb5kOO9lTD+Z1565k83GOIvxD+Aqj3QzIM06qC1bROLC9XeXmmuRlrp+RZ86KMlU1Q357xva2zCL5SmZwZK5gT2I4WFtqPdJPUTBEEQhPZE2NN5Jq7r0tjYSGNjozd3h86QyWpQGbKO60Xg4omijlYoDbVKU0MW1wXV5JDRGXA1WTSNymF9ArLaZS8cOjgOOIqEBjeh2NRBsb6zw8aUQ1ONS23nBG6NJpv0ZgLOqmxubt/c3L8asts1jZs12W0aJ6sK4q+TwFUJmpRDFoesdslkGkk3bWdbYxNbM1k2bc/wycat/GfDBlZ3U3x65P58+qU6aq77Afv+7Eb2u/R/qelzKE5NJ7STwEGhlYuu8vo0+NSj7elHOw7/fDLBTWnNtAvSxQJkwTJ7HJTmooFVRKBWheagIS7nA0/8u7JU2J8tdsZtLwhxSFH/lROBF1i8oq192VVYzutzgONODIi/grCzspnHfnEzz+85mnvvCYq/ARI9GPnT/49LD36PKRMfyUW4Vk7qiyfy38DzS1c1w9+2of5rZ1L34T1MIc68dwAAIABJREFUfmpzaJklc/6PhYd/k+N6v70DPROEyoj7266tif/7p7ROZb+fYtglXMurxpjWATFIU9xATH9sn+PW06YymlvRQcWwFtwAyng5lmWmCGuWtdmp5OWEfK5kXdSLwHvwsxOwE2arNXwLrouJ68L6TbDmU4v4G5dyonNcygi8AKlai9HgOVKmTU1Vp1VJPbOu1mXsBc7t4NBTYivm/ovqQ6lv8Xtqm5Pdn389aCtsDK10XA2bC9dv05wPPjgXvFKKRMLL1ufXtY3zNl/jrPf9K7etbD7urBHXrY0IwIIgCILQDshfwFH8WyR48QZ+IG7hYkorhcJFaXA0KFxSOkuN0mgcHJIkVZJGNJtdly24OEBnDR3dwoWZUgo/qXJWwfbaGtZ3TLC+s0PTng4JN0NSJ9CJWtxtGZJZB7Y7NH0KNWuSdNhcS02mhiYNW7RmSybLtm2baNzyCY1b1/LpprW8t2EDSzZneNvtyIp9e/PRgK+w/ZRLSV44id1unsV+NzzEAddP4YAf3sYew08gdeCB6EQSR3kitYO3jRKqOCV1q7MpyZQ34KSjs5zdrZIL0lpu/0lHznneS+jy0fMd6PSTGsasBZYk6PSTjnT6SUdur/Z+pgMdgNXZwLbIJHl2TgfO+XnHvP0TpnRgyqKQpDJbanjkTx346sRc+ds68rUHank/qt01Kcbc1pGD703xz+DkuWnP1gm3e7b6/7wDt/+jJj8PclX9r3Lbe211YH7JmiQPTelIpz/VllkG4PDRGym+d3dHDs5tmzF/quX9sB/4bpL5czrwtdy2PHhiB743p5YNn5XgbKHlaQI4lJ7BuS1fv5MBR1zKrI+MstnNLJlzJ5eNGs7AI45iwBHHctz51/HYv0vNrn3p11x25nEMOOIoBg4fwy0Pv1c6j/Wmt3nsF1dx1vBjGXDEUQw47iwum/IKa4uO30+Y9Z2jGPCLf5Fe+jC3jPZsTnw9aGYOE793FoOOOIoBRxzHudfNZOGmtpo1ex96Hg4seItlZW+0/YuJRxzFuIc/CVmfZv5Pj2XA4NuZb+lO+qXbGXjE6UxZHFi2tHhbnP69O3lsqVHZ378ffsL8KZdy3OCjGPCdh1kbXPdRmmUP3865w4/19vOl01m4yfOpsPwoBo2+nVmmfYi5bwP9/+gVpvh+Dx7OuT+Zw8pqb1QK8fn348x4CurGfIP6qAcWEofScNGJ8K+Hef49f+E+jLznNSafGTOaN+sdJ/26F6vMFR2z5pgUxb9ncu4RR3HSr21/wHPn1im/Zkmc4+y/vkrDcPjrjMftAvj6OUy+ZxX/3fDV8Ajhre/x2C+u4vTjjvLOnTOvYuIcy7iY/YT5v7kuf44NHH4pE59blb9OKSJku6x9aTrjx/nb9FiOOz/kPBV2aUyxd2cWfE3K+RrnRnw1/S0rAlmWRdnwfLVE/4UIYbb2KwnQjPTXF7C0EfGrFCj4r84xW4ojdGJZFlxHRF2bsNrcdRjrzH7YRFjbK45A2xy/y20X028bYYph3NMhhkhbEeYTC2UO6n33zRXI9VGD91C94VdzzhXTnYDZUKKGE5s4XPKQh6XRIr9V5f3QkMu6VxBVo8TOagirW04Ejfr7ExRVbTbNfsT9W2brf5y/JTbfzbo2m+1RCJYU0MB3x/+orV0QBEEQmsGvJvy4rV34zBB2sRZM0RJFUitqtItDBuUosjpBGs22JDRpRcKF3ZViH52ARBO1KNxAOG3Cv0R3oCmh0EkNNR3ING2l44Ys2z9xSW5xaNzi0rQ5g04rNiSb0MkkrpPCVR3J1NaSTnZG79GdZNf9Se25Hx322p9e3Q8g1XV/6LwHTaoGcNFkcTQkswlIapqURuOS0A5aQSLrzd2rcj+gW4NyN262v+fwG+DeAZmKb3h4er1nf8/Pu8zZR/HsXx1u7+Iy54vevu7eI2pOz8D8e+acd0sVDwNf29/1/ErXcPs9CW7cBucf6TLnAA2NivnzHb73cA0vr1P8JjhH7se1nD/V4SFHc+OQLD/YG6/8K4qN/sMIymh7fQ03Tnd4tqPmoW81UpfKFUjXcPvdCW5E84sTs9zYGTYsd7h6bpIn1sKzp2aq6n+1277E75DtGbXs/edr+f/ZO/c4Oaoy739PVV9mJjOT2yQBEiAhQAhgLmAIvIYQQkRYNgIGjARZw8ouUXdBWLn4qsgirAK+svBulLxeiKIgKhtYVLyEyCUst10uYQWiEFCTkMAQyHVmerrqvH90V/Xp01Xd1T2TSWCeL5+hu6vO/VRVqup3nueZ85Bi8lifm0/UDEXx0pMuf/UjGAqMN48bP8Vd30ux+E3NFcd7fHYEdG9yuPkJl2lvZnnuEzmGJm69sDdROwZwTDxcbwN3/+gnMOWzzD7IOA6Li3iUGcvX28Ddl57Flx5MM3Pxpdx86Viy9LD+sZ+wYWsxnQLIse6Oi7ll7VSuuPL/cC6dPH7rNSz78rmoUQ/yxVmB+9i3uPvKRVz75qlcfOktXD4MOp9eyhe/uYS/9Zbzs88EMYmLZW/8Cdctm8Kibz3Mlwz9qOeZmzj3E7fzxnHncfktVzIu28P6x25nyXmdjKbUj+oDaIxTn6/h41jwT+dx5yeu5+xzNnLtDX/HaRNaq1ZcPn/mtiaOPf0Cxt25lJX/dQnHzjJd7/bw5O9+Qs+UK/jrIwpz1/PMTZz9idth7iVctewwOujk2eVf5fIFq9nw07u5cJJZRY4nbvkCL536Lzz8uCHghXP4Rf59+wyWXHML/Pl+br7pXzn3ynZuO3kVF90ziauuuYWLe9bx85uu56rztjPsV9cxL1xEkHxuAXIv386nvvkS0y+9klsWFtMu+yIfTo3i8StnUGe4WMGg1rVh+9o1PMsMvnL8uJrHfvu0WczkGh7+/RYWHRQn+gbnUGUM3PU//yF3MoXLZh0U1lXfMVt+TTJf0Nn/PiqlUAeexrknX89lP3uUly44jMllHf9P7r6zh2lfOJXDU9WuncFnGx889zzGfeKH/PLFhVx4eHmy9b/5CStbFnLbSW2ol0ptCUvetYYbFi1mOXO5/PPLmDwMOtd8h2uuPItHXr+T+z5Z7GhwnX1yPKctuYqLJ3XAOy/xs6WL+HRuKDCh/Locda1+5iZOWLKCmYsv5cbFY8mG5+lGmu+9hdPGxHdXEPYm7JfwtV6029e6JPfkpvhTl7VgnKCbuADrs4/Usgq2Bd+oMEUfGOrx/I467LuC/Driu+nm2Ld+7444vHb9SX4rKl06B2VF9cmsp1bbVMz3uH3BBJnjFFe/3e6k1KMqDiTWyTf5MI1TFhfWSq9p2MsalJ/z9rZ6y6goMK6giD5UlNnguJtxc00r3ih3yVGxguuJHxxnEVzPtbeWaGoLv0H55r8HwTa7LLstdp5abbP7YJYXN6aDDRGABUEQBGEQ4VdZVaiUwik+lChf4+Oh8QCNVqCVJq1yZABFmjweu5RPl1Z42sFF0aR82j2PLBrPWFFZusnz0SkHVzmoXC/ag53a561sjlS+haatI3H8FrxhQ2D/UThN7bitHaRaR6OGjiDVNoJ0+wiyrSMgm8FXDlqroutmyBctjdPaK67ITOMpja8UaJ+0dvBxwocPx3HCvvcXhX4mv8ncug1AM77euL0WTaN7mTM6xeZHHGjXzDmit7GC8g6vvZLi+hUOzzX7LDvaAxye+LnL1V2a5RfkWDi6dNzMme4w5+4Mcx5yOXNantPbAD/Fzbc73JXVPPgPPcw0VIA5cXE6e9Jc/12X69E8+GkzT7FuX/PgRcb2IxRT2zNMfsTlV3PynNJA//tr7OumM82VDynGT/ZYsaCXpuLmOUc4HHdfhmOfg/FG8s2PuizerFn+98bYHwFz9skyZ4XD8nVw8UED3AdhQHnzj0/yxGMdQA/r1z7Kb390D08M+yi3fmsh42rkfXH5RXzpwf1Y/P07uHx66WScedwsK+VT3PnaVdz3zTMYV7SEmzm1je1zL+KO+x7l4llzCfTboSfcwm/PmkVHYDF33DLaNh/HkmUP8OySKcw0Lel+08OxDy9ksmk82LOGmz9/O+vnXMV9Nxn1HTeLEyZ/gQ9e8Sr1sPwTR7Hc2rb4+09zeZ1xgbPTL+GOH3Zw0T/cxGWn/4Tr51zAtZcsZHasEFyFw2exYL+l3GyNHdsf5b67YPY18wpzVxyLnvOWcd9lJdF05jFT6PjH+Xzpe6tYdL2Rn6d47qA7+c2cKCHvKe7suoXHvzyrUM5xMzg828nsq67h/A3nccednym6t57BzNE7eOJjS/n1k59n3sml/tUzt0/c/Spf+fdlLNjPSPvOHJbccQ+PfGYG86LcEgv9Qs+u7cBhjEsiCo7sYCIks8ze8ipPPPYUHUDP5pd4eNUPuPvJDs755r+x6ICg8nqP2XppZd6ChWR/cw8Pv/BJJhui7fbVv+QXzOXGD41NXFp2+kdZPOV2blyxmsWHzyotTOhZwx23rWHaRV9mZhaercjZw7O3foHlPedx279fUrK0Pm4GUzsu4uR//gErP3od89qg877ri9fZ5cZ1dgYzTz6GZR85h5uZULuh7mF88e7fsugQI//YHC8suImfrd7AaQuS91kQ9gZMASCpCFyPqAH9rHnVW1jxUa9RAShxNkUYAkmrolpVXLuslOJDIz2+tzFFLom6ZoqkcWJnPbFuq+2rJ36wLd4G6Z2Y7bujbba1bVTs4Lj2J22b3V9ifveFespppF5b/AZcV3PUNB/lmEufi9/tY60Bai2UqJZJEyFGxxVubVKUn99x01dnk4CCJ75ABHZdtyxubrAv6SIa6Pv7rGrWufbvKIHXdkEdiNu29a8tdteqP0m/aln82vuCcR9MiAAsCIIgCIOYCjcpvsInT4/jsoVD6dUZsv5WHL8H7adIaY2rfbqVoksrco4GUjhak0EzRGlanYI7mxQOWnv4uoeUm0Vrh3yvi9+1na4eRVdPmu5dDu1DJtM04jiGjJ1C5v1Dcd023Gwz6WwGlXHRThrHib5lcSH6gUKFtsakwgePwk1emXvn3bAQMBCA6zVHa67oYprrr3W52tzU4fPakhz9bgTS6TD+2qayTeM7fB4/r5epDpBzWfEiTJ3ql4m/BXxmnuBz+osOK9a4nP4BD/7oclMXfO1juTLxN5aeFMt/ULDwfXCJladY95xjPKsszfjJmtMfcXhuPZwyiYYZ6LF/7feKe9H8+OSS+FvAZ+pMn9OfMx9IUtz/tIKDPU63xr5pss8pK1we25Di4oMkRvF7mRdv/wLn3x78Gsm0S5fx+HlTyNYK0e2t4b5vv8q4z9xZJv7Gcc7HS2IsAC0zmD0f7tiwjR4oCjojmbfQFo+zHH7ULLjnVdZ3wkzzRDlmFlOHWcmfe4DlG8dy8Tes+oCOk8/gnCvurxB0qzHvsmWce7BVTgK9JYq2Kedx2+/O5MXffJsbvrqUJad/h8nn3ciySw1RNBGTOO38Kdx83S95+PNzOa04BqGAVRRwe566n+UbJ/HFsyyLWXcsM0+aAf/8HK9cP5dpxq550+MveOd8cFZZOR1TP8BkVsPCM8pjG0+awjxg5V82AEF5dc7tgvNK4m8x7fQZc+GuTrZuhz4ogMKe4oXbuezC8GJDx/RLuG3VeWXHTiPHbL1kjzmVc1ru4u5H1nLh4cHx+Ra/uW8V2UXLDKv1JIxl/rlzufaK73D3ebNCIXv7qh+wfONcbvyrmItFz1P8fPkGJl95RoWb7XHHzWUm1/D0y9cxb/oGHvr5ajj5Oj5lX2fdSZz2NzO4+Z8TNHPKqSyytx0ylZnA8j+9BYgALAxuakogMda9Om5/gsKjikxUHuUiUoLkNSiZjxb0tEAV1rSn4aThHvdvcUn0cGuLqfb3evZVs5K1rXEdwAs7EN+WqLKSWvAm3WeWmdS6OKpt/WUVXe1gMcXxRg6iagdgrfKi8tpiOJrDJmkOOdgP8yilqJjAGodmX6z6g9cucRb+Sc/ZqLLLfteXvWp63/fD+LimINmfron7avlazY10LStlUyg209jicZQ1cJC2P7Db4DhOWUzjwYIIwIIgCIIwiLFdQPtolKfIa4fNajJ/co7jTfcthrOGUXot+F30aIe81uQdB6UVSkNKKUb4muG+j6+VcTPrQm+aHblt9HgeeT9D19bhpDOT2Ge/E9ln36PBHYevigF08r3geuA49JLG14qUKoXWeU9S7NxrnTBztLnD5/QzYSYARdfGu6sNbZofz/NDN8LDR3lMHW08lW5TvAbMOSDGfKhDMx34VmfhyX7zG7AZzdQDkj3AfOsHKe56R/PjT+SYacexKtb94JMpmp+MuXV9IwWTGhBA99DYb+5U0OYzNUocqTjYFZu3A9tdhl8boz69MbgeYAYjs6/5bSFep7eDZ5f/A+d/4x+49oBf8pW5NSxTO9exbhfMPmJ89XQAzGBihTlxlvZmYPWrrAc6gs3eDl55ciWPPP0qv1/zJOu2dLJu7VuALR4Ck8ZWWCl3bnwVmMXkiRHNcOt3HDzuyBnMrNPatypuK5NPvYTbTv47XvzZ1Sy+7iI+2Pl1Hq7TqnHcnDOYfd01/PqxHZx2aitRAtb2zg3AWq49/SiujSwlyyubYVoovEbNU8AsJh5obWrJMgqgpd3qY2Gc12+14ovWMbezD6l0PdA2qgO4n1c2A/tV7Bb6CxfgJdZvhpm1xvmtTl4BOloSnFuzruLhb55BB7D9me9y4adu4sKvjWXlNaVjv/5jtgHcKcw/fyzLb/slz14wiWku8OeV3L06yznfr9+9eNvcv2HxfotZfv9aFl04CdjAfT+qISa/08l64MWvLeDwr0Unyf7pLZj+Fq88CZOvPCzy+tBUxzWtZ+NaVj6ykpdffpWHn99AbuNaXkmcWxD2PPbL+yi3pcFn1It+MyRR1aeIKH+wqnJ3+CPQo+xC6xWEKBecEuXRCawQY/IBoEBjxP8t9kUVhTZHaf6qw+N/drn8pbtCnYtH0bjQa1u0Qrz75SC/jsjXqAVxkn2maGpbGEeJuwPRtqgxMalnkUJ/Wg3HlRVXvrG9ZYhi3tw8Y0br4jugoMxqB0S5KGueH0m7FJwfseKvXVjMadHXIbR7WTNR0Jxiwz3PK7P4TaVSZe/obLfKZt5GiHK1HDYzQoitVl+U6+Y40TjoI1BmfWv2M6qvtdqQxPrXFtmD9gwmRAAWBEEQhEFMcKMV/Hl4OFoVNCjVi08vbzr7sDk9kjfUFHrdFziQ35P1dqB8BY7G0YqMgmalSXuaLgVdXR75bo9eX+Om9kEzmZbWI2ltG0/LYUeRzQ5Fk6YXB1d54Bdu3vNpF1elUBrS2gPlo3Apvul8V5F09eaYfTVTcXjwNZeFo02B1eOwIzwOA6Do2nh3kdUce0Rvv1sWV1rWRjN9P82DmxUP/snl9NHRQu7ioz0WHhC5i+GjGruB36Njn64v+cxDfa4+IuaYGja4HmAGNW4r0z75b9z4hw9y0f/+KieUxW+NJ5NJIkBkk11qN97PRR/7AiuZwLwPzWXi3L/hrAM62P70d7hoWVSb4+rOkN3bn0bdViYv/Dp3py7i5H++iTv+dm4ptmkSxsxj/snXcNkDj7D91FNp+/NK7l49liU/tgWsuVz+zYVMjhz/LGOHlf/ebf8k1ju3wh6j49CpjGMpDz23gwX7VV8Isv251TzBLL4ytT5X5m3TP8mya9Yx+3Nf4JpZv+XGk8389RyzjTH51I8zbem/8vMnP82047K8svoent3vAr40pYHCslNYdP4Ult90D08svoJpT/+QG9dMYMmXaovJ8y69hXMnRafKHlgak/ZspoGGBfTw7NLFnL/sNdqmz+Wvj5nKoiULGTd0HT//xPXc3YeSBWFPECdURIkPcaJD3XUG5TaYNmnN1bSXOA3KFKmUXWlEeRUCdmBBqQsbSjHbCwLMIS2aBR29LNuYpqvex4IoodMeoKiBijDyrCgn6ndfrHSJ+R1nzRuUaYrPdlsbsS6uli9O9wzaoCkXmhu17o1Lb5dli92JD/RkaU8+qZcPHJcvD62lKLl/TtLkqPOjygkde5mo1ub+M6ytKK4hw+yIGLWmRbCZJrL+OtxCVxN97bKqlRt3zU4qTNvuo6PaWc3qOEhj/iUJL2COqd3mwcLe/sgtCIIgCEI/EhXDw9zm+g69CjQujk8hvq6fwfG70SmPTexHznEZ6/yBYWzGyTeR9T3ac3nyvR4bu3vo1S00ZSfT3n4UrUMm4LROIJMdQzrTDK5PwTl04Y1h+P+ivpYOvihQapDcphzks2SYw6ceSbF4qu3meC+hXTMeePDPLkyNeKvQqXgGOHO/wr6mJgDF46/BzASxaY89rZe7ujPM+XWKfVo0VxxhiLHNsC/wkquZc0Q/uznu49hv2gKMMDb4ite2ADViCjc1AVsUr+VgvP2+uAe2QmiNDZqmLDzhF0T6JgShlXmXXsXsh77ADd8+g+MvqyJgtLTTBqx8fi2XH9MHP+kGz/74Gla2WDExgfUbv5O4jGxLG/Akr/wZZtreV3u2keuXlvYf42Z8gGmsZuuuenO2Mu+MhfDp+/nN5lOZtvoenp3ycW4wYpoWxmIdmbEzKsdigOmPuRUGiEmnsHjKUq69+ds8ccIlFS6KQ7y13HHrKjj5Ok5uYJVX28mXcu2cVVz2jW9z1qxCPQN2zB5wGueefD1ffGgNlx3TzsofrGXa+V+PEZ1rM+5DC5l33Rf40aqP0vnAXfScfB2Lql0Wi9fPdZmxzDyuWkezDN0PnnjpVXoYW3E93rrrTWreGGy+n1uXrWXml+/jVjPWrwcPVc8pCO8aagkPkUSIQIFIFETdKVVQJf9uetefpFiz21H6SIV72sg0mqLmWxxHHVoAKwVpF04Z6ZHXsHRDOkidoHERHbEtg+02NSL6Vktri6emCB1laWyXFSVw2uK0na6/rIvj2mC2U1GKZ+xb2838fSXoezVBuZ56zOMxKp/SfPive/mbcz0yWVWI/+sE4i/W+Kv4qmucH2FzYs6P0CrfbHMV6lkoUjdRx0WxMtNiOfhuu0m2Y/8GcXT7S6zsi/hr7o+zurX3VbMcjnINbe+rJQZH7Y9adBQ1joPNBfR72qOiIAiCIAjl2Ba/tfBJo7RLVm8nzTZ8x+X19IH8wf9fbOo6jB07d7Kj8x12dCpyvf+LEWOuZdqUu5n8vq+zzyF/S8t+H6Rp2ARSzU04TgqVzxa8AQkGeRb/lc/MLsXC72Z4bmc/3IxuUWzueyklMh6nHArPPe9wV4W7YYcnHnK419F86LCCcDt0is/FDtz0QIbXEq1C95l5Zp4f7wtXr0hz/VrjFnWIx5x94cHnXJ7oiS+hjMT9b2zsh7YDKB77S/mtdPfzDt9K0N+pB2vGoLj1MWuRg+/yq0ccHizb6DHnMOBlh3vF1bMQMOZULrtoCutv/xq3rqlyYrR9gPkLs6z/9lLu3tgfFb/Fhtd6YNwExpqCk/cqD694KnEpbVNnMJu1LP/ZU9itf+Un3+GO/mhq3azhju+uYXuEp/v1Tz3Ks0xh3Mj6S83OmMuiltX89rFVrPzBWmafNa/MJXbbMbOYFzMWA0v/zK0wUIxlweWfZOLG21ly5V28uD0iyfa13HHF33Hz5ll85dJTGwzJPJLTLvks0zbezrW3rSnEAh+wY7aV2SfNpeeOVTzx2C+5deNczv1QH+LgDjuVT31mLCtv/Ry3/ibLogU1XLq3HcOck+HFH9zDE1UXf0xi5slZuOsn/Ny+zm5fzZ23rK3dts0beAI4aP/y/vU8too7a+cWhL2KqOfMei2wQjGAksAT/BVcIlNu6WmIX9rMaLfN2qzjk0bm09bvpJhdNfuiowRYU8QrUhZTNRB+ncKf44LrQMpRzB/pcd34HIe3+DSphK0MBF97POP+nJjvtcoJ9kXVaX4391P8jCq31rZG2mbWb4rFcekdK31Uumr7zb84kh5oUSapUWVHCdXV6rCORcfRHHCAx4Wf7OW8c/Kk0+AoheOo0qIEp5ChcNjGdM44PLXV9uA8D851e7/Z/iiX7LrKX0T1NYk89+MKMPtknraqfLsdl7awr+AO2fO8Mqtg13XLYtfa19NqxKVPcp2Owrb4rWWlbFo4V/s3IOir3d+oMs3PqPYHec1Yv2bYu77GRn43MkhMawRBEARBgGgL4ODTXm3nk0brDK77JineRuVd8l0euqubnZ7LJv99jG6ayZEHT2LY8KPIpIeAyuH5BXdULilSwRJHncEnD24v0BcXeXsftVYmJuKgHL/6WIZzfuJw7E1ZTtlfM2ecZuo+8NrLiudeU9y6HWr7aPYYPyoFLzp865E0c1oVW4fkOP3Q5E2JxmfO6R5X/5vL4u9keXC6z8IDNOQUTzzhcHUnXH12L6cEb1KzvVy9wOHxnzrMuTnLlR/wOWwIsFPxq2fhnL/PMdWuwslz+vmw/LspFv80A2fnuGKSD3icPt9l4Xcc5tyU5eoP+MwsWt1u/rPD/Zs015+fKw5NA/1vYOybJvtcvdLl6l9koNPjlH1g658dbnoFPjYCbq41nJM8bh6T4mOPpDjzDYcLD9c0FcfyxVGa060n8qkne1z9B2vsga2bHB78H/jYxT3FeMXCYGLigku58K7FLPvSDzn53z8Z64p19iXLWPzkYr70kXN4fMnfcNakDqCTV1bdz/b5t3BhXe5URzL1A1Pguuu5/EZYMmss2Z51/HzpPXQfNAPWJCxmzKksufB2Fi27kLM2XMKShYfRQScv3vMD7htzDAtYU5fL0/X/8xRPdNtbs4w9agrjsm/xi4v+mi++fgG3/fCTTKti6b/+5sXM/H7B/fGxRx3DuJ6XePyxX3Ln/WuZuHg5C2Lc0FclO4MF549lwW1L2bBxLkvmWCrysFO5/Jr7mX/Vhcx++TwuP2cW47JAzwZefHQVv5/yZW6c34DyXDf9NLfCgJGd8hlu+2aOCz+xtl3kAAAgAElEQVR3PQs++B1mzz+D2Ucdw0TW8fjTj3L3favpZAoXf+9GFvQlHvOEM7j8wp+waNk/s3ze3Vw4aeCO2ba5C1nUchE33tgBi65K5PK+GgW30tfz7ITPcMMxtdx+tHLapVdx30eu4fxTXmLxpedxwpgs0MP6tY/y2xencO31p9IBTDv3Kmb/5At86SOLeeXKCzhhTJaezau5bemrTF4wA26vUdWkY1jQ8l2WX/c5Ri9ZyORh0LnmO1y/roPjgZV967YgDBhxsRurWZ5VcxMdSw0rxygrv3rXIJdZ5jaoFYTiVCBa12OVGbM90NQcVRCQtaPQDjhuwU74qHaPcVmfp7Y5PL/LZV2XorPXYVeomscUaronxvpda1+clWyUFXCQ1x7XuDb4xj67/nrbbdYXZ6Fsu2m22+lY+6rVb9eTtG39sWA+qu31ll0sI5PWjBjhc8D+PpMP00yb4nHA/pp0uiD8uk7h01GBCGwtWqhVjbJEXip/V6BLTYzYnIg48bhGldEVR6Srds6b18o4y1rP80IxNPj9biWIuRsVBxioEIqVUniel8jNs4n9741Zrx17eDAhArAgCIIgDGJsi+BCOF6N1oqcdsnot2jq7sTbug2cJvZtG8P+baM4sG0s+w/Zh+HZdlIpU9DNkLIX6qk0KHBI8V6+9ejrKsKmg3OsuDjFrx52Wf6S4qa/FKxYx2Rg8kjNt2Z7nDk1b7gGjkIz8689bnrL5WsPuVyfgm+d26dmlcj2csU/aKb+xuXm5x1O/W/AgVPG+qz4uzynjCk3fW2alOPej6e59QGHZStdXvJhfLPmlMN9xsfV4eRZ+DeK177pcvXdGVhQFIFH51i+JM2x9zkse8Tlah9IwZxRmsXHe4Y221j/6x77TC9XfBKa7na59TGXm4FTDva59e98nrstyTGe5/RPah78dYqvPe9w5trC2Cw+Ps+tBzksftE6lrK9XLFEc9ivXG56rjT2c0ZoTp/tVYrpwuAgO4Ully1k+aeX8pW75nLHohgXpS1TuPyHd3LEt7/N9350Dedv7oFhE5h5/Blc3ICgOe6s/8Nt73yVa390DUtuh7Ypp3Lxl77N7HX/m1/cn7jxTPvMHdx30De5+dZvc9mFO8iOmcK8cy9l2XlZvre8llpSzsobL4wQSGbxld/ewrjEbm+n8Kl7b2HcHfdw94M/5Nq7vgstI5l87DwuW/ZvLDqucUFr8vFnMG7pUtYvujJSwBp3xi38dsztXH/rD7j2otsLVpYTJjHzhIX8bR/qrZf+mVthIOmYdQl3//av+MUPfsDPfnNX4bglS8ekKcxccgtLFsxiYmOmvwZZpp1/CYtuv4ibv3IX876/kIkDdcxmZ7Dg/A7uWNrJoiun1IzXW5OiW+mOk+LiF1vsdwa33juW5bcs5Xtfu4jlu4BhE5h81CwW/e0xdATpxpzKrT/vYPlNQbpWJs49kyXfvJGZv7+M5bXqyc7gstuvgmuXcvMVq+hpGcnsj36ZO/6lnTvul5NPePdgvmS33XoGn1HbzfwBkS5fa5jt6QjBq5HX/NWEnrqF5GoCcrW+RG00rQlVwe2uoykIwL4Ct2BWPDqrOWWkx6yhHtt7ocuDfHHstDIbpfEDIa3oWjoUxUzB2OhEKFahiq53C/t0oLwrUBq0VsUqdCiEqbATgZlkuYqv/UCQC+o1R8JWCW1V3fxdyq/N1QKh2KpKTdC6KMgZbbNMRbWRXunS0Cg/2Gxk0KVxCss0DwKty4XHsDqFKs6HMg6YUjnGuBh9NMXDYCbC+SjLYZdpKsTmyVb6rrUuCrvQ1AytQzRDhxbFXkfhugrHLVqiF11AO6b1b5XVE/2xwKLUn1Lrq6WxX9eYvxuWA3Xpo6z8uAUqZfVHL5gxtwUWq1BuKWwab5jCphlj14yTW0+s3npE16hYxknzRGG6wXZdt6z/QV7bqtkWd4P2CCWU3ktHZN26dRx0UIKgcf3AP15+1YDUIwiCIOwe/u8N1wx4nQP571S9bNy4kREjRkTue+qpJ8p+5/N58vk8uVyO3t5eVK9mJzne7tnF8+5Odg3fzoHtrUwZOp7JIyYypm0sLdkWMo6LgypzqzJYMW+kd+7cSWdnJ+CHDyDDR3SQTqf3WPsEQdg70VqTz+fl+iAIQhlybSjnxWXzWbDiDO7+RZynA0EYfGzZsoX99mvctD/qVbBtjRbpIar4Mj74C34Hn0OHlpaq2sKA7Ta01uvoP3alEqky/fFSO1EZUYJ0VLIoLa0f26A1+MH4exrPK4iGXt4vfmp8X+P5BaHR88w5LGmkgbBoS4DlROyJE+yK2yumtcwSNSpBDSI02doZggbFUxknOSa92XZTuA7blbBlNY4HneiAqZ6mbGrs+bAXUoSitlGeJTQH3TbjTTtuQRAufCrclFMUgymKdkVxzsEQ6IyqGzxh+/s8rzaSFWJxzLlvr0eo1UizmBntueqJy+opCau2Fau9PUqIjYt/G+UWOup71IIdU3QN/g2w0zdCtX8nokRtc1+9Qve2bdvCfpifpitpc6xs0Tmujr6+H922bRsAzz77bJ/KAZg2bRrwXjbDEQRBECo4/eTZ3Pubh/d0M4Q9SK0HbU/7eBpS3d0cPiLDsYd9mEmjJ+H6ORzHIdOUxXU0aBftq8iVlLu7jY0wECJ1nHttQRAEQRAEoQF6nuLu2zYw7ZJTRPwVhHcBUW5NTWEgINFzki266MrNjT5t2bpNXRniNttpEmp5dfVBlT4Kz+GFGMD4uhAI2NeQKlimKh98H5RTFH41oYBsFlZdToSSr+JCHsP2FF20Wg2tfW1rXHubuS9igjWAUiUrW3TxmDLbVGkFG9+DCtUzon/BkWS7MSspqDowa8ZBaV2yCA5FbbN8+9Ooy7Q8jm11XJ/s+VDWCBrzUSGCV1MzjfbHiFmBW2cUxdiqFP+cojVwIAiqUnq79fUc6H05uWOo5/RM5IU+qsCoYU7QliTYAmvUn7m/wtNfhGBZKw77nnifZS8cCrbZVr5R1s21YssPZkQAFgRBEIRBjH2zlMfD9TTNmTYOHzWBiW370eRqunsL8Udc5RRcEilQu+lFXOD2xfM83njjDXzfx3VdcrkcruuSTqfRWuO6LplMJrSQ6e3tJZPJ8M4777Bjxw4cx2HIkCGMHDmSTGZg4g4Hqx+VqlxTLAiCIAiCICRn+6q7uGPXXG780Ng93RRBEOrAFoH7VljpI6G+EldEpK7UiADbp14FZfRxaJRSaEejfIpudwsCXslaU6McXXARrRXaL0qsulyiLDSmIJYqFcybPVJRvm2VVUrhe0XZcU/F2lYJTUHSKDP4qYp5SgNQORFlFSvrmCn/rSv6ZBNMVNDO0u+SAbDdfyN90FYzb4BlnVsqxRgDwFDCrTKqz4cu2x7TL7s9qGJgaV220ABVcEgdWPQWhDhCN9Cl3yWRuKzPEdNUFaPZfb161J2/xqKTmgX2s+gbELWwJk7UDfZFCaLVYrHH7Y9Lvye8AMbVHed+ek+2dW9DBGBBEARBEPYqglgfnuexadMmXn/9dXbs2MHWrVtRStHS0sKoUaPIZrN0d3dz4IEHMnLkSDZt2kQul2Pt2rWk02nS6TS+73Paaaft6S4JgiAIgiAIiVjDL767jbbWVdx80ypmf/k+TouInS0Iwt5Jv1phWVayAykIheKcihCAKnXP5HXX0Ygo+80QBQ4K3wEVKqSFD6UKgpzvF0RK7YN2DKtRbUq1Zm1OeQVhqnLL1lA8NcXOCi3UtJKlaEkblBXUGDcYTpjCbk+ZxXDxZ5TIq8vyVxNDrRwxImCpEjuPU67mlwmYhpIaWbBdib3fKdfDK/pjj4mK2G+Ly4QirzKsiEstdspLDLoQunUG5SgUQdxfcIoLD4Jjz64u6TGvw//1ndhiqp5UdRA1dVY1CS8NyaozRMzA5X4QJzess2iMEFgL25bBSWP0JqW/yzOJih9vbw/6asY8DqyEozxPDGZEABYEQRAEYa9Da00mk2H69OkceuihdHd3l93A7tq1i1QqxYgRI8KbwaamJnp6epg0aRL5fB7f99m6dSuplNzuCIIgCIIgvFt4+dsXsYyRzF5yJzcvEOtfQXi3ERW7sV7qFYOipMJEmSKMM8t+RxVURVeM0w+TUq26oGBlVFy0z8RxiqKeBq0KbpkdVxVEYIdQgDULDEVSTYRyZ1iVhnGfDIG1TH0NSi53F12yJjWFSAx13SmVHUy4MvLpohAcWsKGamSMiG2Pmikkq/JdKhCzHVTxM1K2Kxsbc2NBLlVaoQPvX2Yzw2EIFFzDIlarshHRhixunDXWpzEfxndD1i9LqytEdHM+LHfXFfNRSB9MnRnL13QJHYrBShnTrKLj51a2JlL2rkWi8ytGTzenJBjCqud3koZUSd5f4i9UCqJJ0kflCcTSuDjwtivpPUmS+uNcW+8pF9Z7K/JGVBAEQRAGEfZKOM/z8DwvXDlnx9rob8wVfJ7n4ThO2Yq9wPWz1roYU8ahtbWVlpaWsE1KKYYOHRq6gQ7aHLh8DtJprRk2bBhKKXp7e8PVgEopfN/HcZzQ0thxnLKyXNftU/993+/zolJBEARBEITBxxQufvxpLt7TzRAEoSGC5zuTvorBcfRVeLEMVAskVY8tY0vbwLM/hN/q1RvCY3GLUxR+tSF+qKL1qUaViWBmSdENKhcszZShRamy0pqpVHF7hABXXqclGhufJUHKEpBrtZ1AV44yRw32FydOmfvj00eo8MXNcSpiRDtVKW3h2LMtcBOUEdU+c67ML8pKa81HqShjfLWqyFYaR11yBU2wJsCI+assrdw4l8I1BFb1cb+j0DHfK6iqDvcvjVRRTx772mkKu4HFa9S2dzNRVr9xfY+KOb87LZPfrYgALAiCIAiDiL1hFVwQ49e8acvn82UCreu6eJ4XCreBoBuItVEvFlKpVIV4bd8A5vP5MIawfUMZ/O6r+CsIgiAIgiAIgjCYibNYq/flvOmKOdxWM1PQiNq7ypoXpbEleHw2jVMbofEndBUaz1bobkWt0XWLfTQFWF3UDHUpbUVDooRwBb6vCy6mUVSECq6D8jbHCaExExiI7oHuqSn3Qm1a7VY1GS0vvy/zELt+oMJIObpP2rQDDuZUx8yNUZT2dclKN2I++vT2p0wEBnAMsTew9A0+ddVTICpkc1IqhrCRzJYYXVGwPW6WYB1VbMU2Y2NU3v54E2dbvNrX2ag4uMG7rijr3t21OKe/iBJ/7f0BpkFLXPrBigjAgiAIgiAMGPl8njPPPBPXdXEch6lTp3LRRRfxla98hQsuuICDDz6YDRs2sGrVKqZOncoDDzzAqlWr8H2fc845h+bmZjKZDPvvvz8PPPAAvb29nHfeeaxbt47//M//5MMf/jD33HMPzz33HEopRo8ezeLFi/nVr37FQw89RC6X45BDDuGWW27hn/7pn3jmmWdoa2vjpJNOYsmSJYwcOTK0DpYbRkEQBEEQBEEQhGTYL+BNS7QoN6RJiNPxqmeKaZ9RUCjaxpkV1nLxGrGxlmgUW1atxMEYGIKVYZRZJgKHYk9o8RvE7C0qwtroewO4riobx0QW06b41li1ZVStOu5AsTLV0roTtaM46H3QwY35aHRCyk+QRKK8mSZiPMxkprVzaOUbbtDGOEeI4A0MSlyW2HOwyjyHY9FAO+pacBKRp968ycqvjOlrGldAyQAiKn1cmY2wO61soyyYbaE66Hs1C2mhhAjAgiAIgiCEFKxse4uuon2U6l+LYa01DzzwAOvWrcPzPI4//njOPvtsVq9ezUc/+lFc1+Wdd97htdde47HHHmPffffluuuu44gjjiCTyXDbbbfR2dnJiBEjaG5uZvXq1bz55pvMmDGDp59+mhNPPJFcLscFF1zA7NmzUUrx8ssv8+Mf/5jf/e53DBs2DK01Tz/9NC+++CIrVqxg5MiR9Pb20tLS0pCFdL3xWARBEARBEARBEN5rBJ6dgpA6pntSO9xQzbKI1ij7YkW4u/PE6Q79+pRYHBh7GANrzMLugvKlFeAXrXWDRKGeF7iFDkysSw01jGzLPsO6INLrc1UpVJkpCs6PGx2XsDqz6fbYB2pl0D8jJK5WlY6nS96Zk8m5GnCKwWQrj1W7jNIoFoQzs3JVeOcSWDHroi1tGPe4lL2qJayxCCCRuG/oxgWXznZ7K8up9KgdSsSx6yiS0F/nh7lAomqhljWwfYxr4o8Cc5FH3IKP3fFWKLieAmEYsyC8WxDODAoGF4EonEqlYmMB783YbQ7EXiiJw57nhX2FgjdA13XDcfB9v0IcH8yIACwIgiAIQl0P432lt7eXe++9l1wuR1tbG9lsFigJqcGLgpNOOol169bxs5/9jAceeIBZs2aFLxRyuRzpdJoJEyYwfPhwNm7ciO/79Pb2snXrVh566CHefPNNOjo6mDp1KieeeCLf+MY3GDNmDAcffDDTp09nwoQJLF26lPb2dubNm8eRRx4pN4eCIAiCIAiCIAgNEFhkBS/se3t7K1x4miJGNbelUFtIsd1DmxaZQf4ysbBoCBsWHFdBhMBaDw1lNS0XA2EpwvI3Ub1FFTAUA5Up1ZUSqWJF5flKqSr0vggq9bYqqcvmR8Wb4SY0qTWFXEuTNMq1VczKfumKpDX6YKUt02qD+cN2a10qM3TXbOwLXFiXtcES2WsdAub+RBazZQJmXNxYY1L6aYFDUp02qpKyuTLP03pe41gWz1GXg9hLg4r+nqTOQqbizxrXPvvdmFIqFDVNQbTUFlXxTi8Qic1Qa8F3e0FOco8MqqyO/nqPGOfKOfhtE9VX0/NEIIrb6QarICwCsCAIgiAMYsybyIESgDOZDO973/tobm7m+9//Pjt27EAphed5eJ7Hjh076O3t5eCDD2bevHl0dnaycuVKVq9ezRtvvMGECRPCGMAnnHAC27Zt48Ybb+Twww9HKUVrayuHHXYYRx11FK2trYwePZobbriBv/zlL7zyyit89rOf5YUXXuCmm25i06ZNrF69mq9//evceOONjBs3bkDGQBAEQRAEQRAE4b2ELQwEn7b4a8avrPaSP3m95g/KXBzr8H9UVZt07I/q9dpaQl8tlGOFsYQFV9ieOtFiR0FUDpz5RinMCVXnsN7a6YN5qUwVMZCRRemyb4GQHI5Z6JY2wpq1LH+9ApDVN2XtsUXVoipdUYsCVWGqXJGkIezDI3Y+VPR38zwpnwpVnqYfqVf8rbq5wcYlXGtQlbryW4nt6yTEC7W2y+MgrY1tPRsQvEOLih8cFQvYFofNWMKmZ4e4dlR0PSZtlMWvmT4JBU+GXiiUmxbTUSL7u8Uaur8QAVgQBEEQBhH2SkET8+Zyd94U5fN5VqxYQTqd5k9/+hPpdJrp06fz9a9/nYMOOoiHH36Ys88+m87OTh5//HG2bNnCQw89xKxZsxg5cmQoFAO0tbXheR7d3d0MGTIE13XZsmULq1at4uWXX2bo0KHMmTOHn/70p7S0tPD222+TTqd57bXX+N73vkc6nea///u/mTx5Mul0us+rAYMbT/CLLqEEQRAEQRAEQRAGD7Y1V0DgkjNIk/TZyxZaK6z+4kwKox5n+2jdaxZrxyeunrjKbqOAsG3VCtXxSZJ2LYgbrGMbZ6uc5W2snA9VacVrNai8TjNNuYJa03rVtJa2zDkr32GYDYjpQE2ixV/zZ0VX4oqP2R4MXaL5M8bCtoIvbYuYjypqp7LS9OUUMauMK0fbX+LGK6YtseewLbDGJEu6v2aaCsve4k973UHF/niRNi6mb5RIm4QgX1BWUIfdDjN9XPlJF+3Uky6qrkbfRZrvMgNLYDsUQZSQ/l5HBGBBEARBGETYNzq7W+y1SaVSrF69Olyd97nPfY6WlhZuueUWXnjhBTZv3szHP/5xDjnkEHp6ehgzZgybN29m3rx5HHrooaFrl0wmwxFHHEFLSwvZbJajjz4a3/fZZ599uOSSS3jnnXdIpVJkMhkmTJjA2WefzbZt23Ach+uuuw7HcViwYAGbN29m/vz5vO997yOTyYRjMhjdwgiCIAiCIAiCIDRKTZfOxv7AOisqfSljsL9iU6UYaBs8WqJqID72pxljIhvZKgnKhOw62pVItIrROG3b2L5YLwb1hIXVShvmKUQB9jzwffA9c26iLHgrCwue2SvivlbzLRxjEKucwp/rFq13G6SqZr+b5qMUu7hUT2RhVQoua1sfxd+62Q3nR5i/kfYY+fpzPhT29nIx1xZ+batfc3ucYJrk+mta8dp1RrUrqh7ze9y1u5boG3wmeRdpu50Oyo9zDW3ut//NCT5FABYEQRAE4T1LNQF4IIRgpVQo1gY3m4EYfMghh3DIIYeQTqdJpVI0Nzdz+OGHc9hhh+F5Ho7jkMlkUEqxfft2MpkMzc3NZLNZDjjgAJRSpNNpmpqaQgG4paWFTCbD5MmTUUrR1NSEUoqenh6OPvrocGWguSrSfBkhCIIgCIIgCIIg9B+BsGHHBzb3h9/tLzEib2xddp562tkPaSoEymJ7ypqUpKI6+51kPXPiJ39bgI+zoo4p0JxDrTX5POS6KQjAni5ZrEZVGPk7bluDKI1S4LqKVAYy2aKSp6rUZFt01qpiN81H8Lsvr3HCxRF9oI7DoTKBtTjDFlHrOj/6eYFH4nrNTapS8Lfnx45Xa1qnmiHa6o3RWwtbIDWFUTtNLeppUzWPD/0RBsCsx/Y6EfQzcAsd/A0mRAAWBEEQhEFEtXgbMDAWwfYNl+/7/Ou//iuPPvooqVSKV155hfPOO49Fixbx1a9+lRdeeIFhw4bhOA4f+chHWLt2Lb/73e844IADOOCAA5g4cSJvvfUWkyZNYsiQIXzta19j+PDhZDIZxowZw7nnnstZZ53F/vvvz8qVK1m7di1LlizhgQceiFz1GDVOjTDYVhUKgiAIgiAIgjB4MS26bBejEG09FuUSOrTsDBNX1mXuj9NG69FMy3Ta4o9IC8AYs98oS9jQrW6EmWc1wSy23gTYZSSyYozoU1k5dgFVGq+tbdr44vnQvRN6cwqloD0LY4YrhrdASxrcAdZktIaePGzvUbyxA97aWWhf905Fc6smlcHSpaNM0SN/lm1LYBxdmSCJZWy1wnRl/XG/68Fc0FDP+RG53RLRg21xr1GqHs9JF4NENKNP82GfyzryawVRrp5N8dek1rupJPttK+LgM9hWrzWwHQM4qs32vwHV3jsmsQKO61dcPwNDD9Oa2nGcsvjAgwURgAVBEARhEJHMdYpjfPbvjVHUjVs6ncb3febPn8/8+fNJpVJ87GMf46CDDuKNN95g/vz5LFiwgJaWFl566SVeeuklzj//fE455ZRw269//Wv+9Kc/kcvleP/7388111xDLpfD8zz++Mc/0tvby4knnsjKlSsZPXo0GzdujH0xIQiCIAiCIAiCIPQN+4W//cLe9MIUZQlcD6YFYdm2KuljhSBl/TaJEkrtwgIxNE4Iq7E5VtMzrArL3Fpb1Zsi2e6w7EyaNojPq4F8Drp2Qlopxg6F/dqhvSmZZezuQiloShf+RrUWxOBN22HzNti+E9J5RaZJgxt2KMwHWKJa9b4M5DwkKaveYbfPjbJt1SqwrXxrNaDG+ZF0HHb3fIQ06J46ECBNN8++71cWb1wXo4RbM12SWLu2RbHtZrpyIU50nfYCnmBbVL029jvIuHZX+7cgabm2wByElBts7/9EABYEQRCEQUQtF9B7At/38TyPfD6P1pqhQ4fS3Nwctumxxx6ju7ubY445hiOPPJL169fz+OOPs3btWsaPH8/w4cPRWvPOO++EAvD69eu57777cByHWbNm0drayoIFCzj//PP5f//v/+2RfgqCIAiCIAiCIAwW4gSBKBEiLj5wZaFRQmMf29mfeZIouQ2iLJU3rqpY62FbvDZFZFu0S6qPRFk0a0P81ZDrgZ4uRWsaxo+AkUMG3to3CdkUHDgcRg2B9VsVr2/VdHnQNAQcB1DlA2mKSKEoHFFuEivZ0JV0P81H1fpjtsXRr4dxf61MqEFf5yPSPbU1tjVdZxt5zCMn+B4n/NqWulGCbEVVdbzLi/MCCJTFya0mkppu/KvVE9W+WhbO1WL71mqT/TtO8BYBWBAEQRCEQYMtAMe5ndmdKKXCm17Hcdi2bRu7du0iiM97zDHHsGDBAtra2hgyZAhnnnkm8+bNY82aNfzHf/wHmzdv5sgjj6S9vZ0dO3awZs0aTjzxRIYOHcqyZcs47rjjcByHMWPG8P73v58//vGPoTuYIP6w67r95va5MHZ7RkwXBEEQBEEQBEHYk9RyIxpnvRUQZQkXputDu2wNJ5F4Y28OLAtNRacPPnX3xFOj+agf6945QvCqVVbhtzGPGnpzmq5divasZup+ioy7Z61+k9CSgYkjIePAui0Ft9BNQ0A5lMentd19N0jS+aiIjRtZWHm2htpDjamPWVAQ5lXGeWJb/ialiqv03Y6uo8117jfFX/u9W7UYuX0Vf6PE0bh0phgc1bY4ATdOyK333WItkTfpe7ukFsmDARGABUEQBGEQsTdaAAOkUil++MMfct999/GHP/yBRYsWMX36dFasWMFdd93Fgw8+SD6fZ/78+ezatYvHH3+ct956i4kTJ7JgwQLWrFnD6NGjmThxIp///Od5/vnn8TwvjO8xZMgQWlpa+PSnP80HP/hBOjo6wnoFQRAEQRAEQRCEvtFfz5Na634TfhJbC9uCryrfHCXS9WrY3A3/tRX+0gU9Gkam4Yg2mDQE2l36pgxGtDkQ5spc3JrWisZ2bfcpqqC4iozfSeciWAcdapY+dO8qxPqdsm/BwvbdguvAAcMVvb7mT29rct2QaS6Nb7gIoGgG6muNcsrNTsNpiXMbXosKcb3q7rqpdjjoqITK+gz2qejzI0ooT9yWOjtXsbgj6vwwKig7T6w0KurciCinL/PheZ5RX6W4GljhNqo+LhgAACAASURBVBITOA6z7GrCs22ZbBpLmNbDphvrqPYN9PvFKMvpOC8Tg4130aVXEARBEIS+sidF3jjy+Tyf+tSn+Pu//3u01mQyGTKZDK7rsnTpUnp6enDdQuCddDoNwFlnnYVSihEjRuC6LvPmzcN1XVKpFL/73e/YsmULmUyG5uZm2tra+OUvf0k6nebggw/m+eefx3VdXNcNbwSruhkTBEEQBEEQBEEQqlIrDmWtvI0SZ7HYJ6vMGmV0+/D0NnjibfCM7W/1wsNbYN1OmNsBozP1C3XV0seJimVpkghvcZUYYl494U11UUULxDSNDmP+jh8O2dS7T3RxHJgwUrEzB1u6wUtr3JQhGKqSV+jqVovFL6qBY9Kaj6BqY3ey46VGNY0eo0lPW60jdePIuhMfc8Rb9Nc6PxKdP1Xqhei1FUnnIyAqlq/9O0qsbUTMTJrWfjdmxwi298cJrXvq3aPZzzj32oMNEYAFQRAEYRBjW/7aFsH9fdMWlOf7fnjj6DgOra2tZWmCG92WlpZwn9melpaWsrIymUwoDre2tjJkyBC01qGFb1tbWxjHZPjw4bv1xk9cQAuCIAiCIAiCMBipJWjsLhIY7BW2hYJdRJoIVSqqDF/Dyzvhv7eWi78m63vgV2/Awv0KroST0OgTZE2RL7RWrRTiKsrR1u8k9YeCD6H4m+/V5HsV+7YXYv6+W3WXlAMTO2D7esjnwHFBhf6YiXWDDFWMrBucj9g0CUh8bEX1SZXm1u5UonJ1WZfrb1OV9H09Z4C65iNqX6zldBWirou22FuPyFvNvX7U9iRlmu6Wg3dxQRsDAw07fdz7RTvucL3E9a8ea+PBKv4CiLmLIAiCIAwi4sTdgXYBrZSit7c3/B58+r4ffgZuZ+w4H0opPM8LV/OlUikymUyYxvd9crkcULAuzufzoRAcuIT2PI98Ph+5glEQBEEQBEEQBEEYeGyhIGpprY7ZHofWxT8giNmrMSz9bAWnhqLa48OLOwuf1XijF17cEdEeq5rIvtRIEPZJl2+rVZGydsXWT2X5UJmn8B6hlNbXGl9reroBFGOHguu8u4WXljSMai0IwGYffV3sP8Xfvi6fD7ugPs6Hrwt/dpFR1PVmp8x0trjJOGfKjoGItHZRFcdIxLZazYkUzmtVZO7WVh/sZDGNixN4oy4Vvi7/Xa1v1S4pwTXPtJwd6DBtthvqqNBxvu+H7+Hsd4lBTOOo+O17MtxcMLaDWfwFsQAWBEEQhEHF3uICWilFOp3mmWeeob29PbQC3rVrF11dXTiOQyaTobe3l3w+T2trK1pruru7aWtrQynF1q1bAUKX0QBbt26lvb0d3/fZuXMnSimampqAUt8dx6GlpYVdu3bR1NTEqFGjIlcwCoIgCIIgCIIgCLuXqBiYNjWFrhqibWzGao/HgQCqyovO+YXYv0n4czdMaS/9tpvn66Ixqa5iJRsVQ9ZOG9ePOD+7NbJBqV3V8oTDqEEX//M90J6iLQvDmqtPyIZueLOnapIBIevA5LbofY5SDG/RbNquyPf6pDIl69/g8CgTmKr5Ad4N8xGXT9s/ksbijRN8k1QasauWy+Wq7QnGuY7zA8rTVvQpKm814T4uazU30jFVhN8t69qBoh43/aYwbbt2Dgw3gv22KGzHCe5v9pb3mu8WRAAWBEEQhEFMnMvn3blKL7jZ9TyP1tZWurq66O7upqenh56eHnbs2EFbWxuZTIZdu3bheV5oLbxz50527twZWvGmUim2bNlCe3s7Wms2bdrErl27QhfQvb299PT0oJSiubk5LMcUj3dXHwVBEARBEARBEIT66a+nKVM4SqJl2WJN4OnXTOMDPQkb2GX5iLazBW2zxaQyYVtFaIpVhEBlbejLWJr9LxpPlwtqOqhDh799rzDu+8YIqiYPvQX3v9GHBvYTx4+IF4CVgiEZaEpBd6+DTvngKFRRnSwcY3ETZaFLc1TvmoWgLZHz0SDB+dGoSGu2JVZjrVF+VL6wvKjzo3Soxbtrtgc5jgaE37gikgxfmPZdYpFqvhcMQqpFuWF2HCcy/q+5T9hziM9DQRAEQRjEmMKvuWpvIG7QXNelu7ubrq4uenp6SKfTbN++nVQqxdtvv01vby+pVIrW1lZSqRS+75PNZhkxYgTDhw9Hax26et65cye5XC4Uhnt6emhvb2fLli3s2LGDzs5O3nzzTTzP4/XXX6e7u5vu7u5QAO6v/u4Jdz2CIAiCIAiCIAjvNkwxIUo8iCJ2lynU6tJf+LtW/qi6iBensgnfqLf2h6MpuxEJ+hDX9r42wzYONbeF7qD9wsZhLf3cgN3EsDR8dL/qaTIpyLglcVsX3UAHwnet8Y4au6jv9VBzjs0EhhgadX5UuEXva93V8hoCblwZSceyrB9YfahSyO54U1N5Plh1GTurvTPaG1wW2+0LhFzzz47LG6Sp5U56INkbxnJvQCyABUEQBGEQsTeIkqabmMMPPxzf93FdF8/zOPDAA8PYvK7rlr0QCOKJOI6D67qMGzeuTLwO4vsCeF5hqfU+++wT3oQGIvORRx5JLpcjnU6H7REEQRAEQRAEQRAGlqrPpxHWebYbXPu3XVxoJVjcbn6PqCaRMJR1YGwTvLKrdtrxCUTQCmvFqNiqVc0k4/sQuJiuWr9RZU1BMfxaUNULApxPYAlbiI1bKG1IZu9/zk4pOHe/gghcNZ2jcB2N9gvCr6OD9xqgFajAktbIE2WA2sh8xBqyxhwTWhfzG/F84/JEnh8JqkmSpuxwNsdGJSszLMcYhIqxK25Pcn7Y4xiIxUrV5zk+whg54ofheSBiPkwX0HHsjvdUsS72Y7bbLpyDd2+mNXAQFxgoe4cHhT4E+wbyvZvtXntvEqX3BCIAC4IgCMIgJG6l4e62YDVvxIK4u4FLmFQqFQq/gTWyecOZSpXftgQ3zcEKRM/zwnJc1y2LTQLQ1NQU5slkMpE3g41gj9NgvKEUBEEQBEEQBEGoh7hnpvCZMfxNpGKU5Imr2pNeo09sGQcOb4XXe2CXF5/uwCY4uIUy1SjoctVH0KQN07WTJn3UrUuQq6hbFZ/fi9u1BuXg7uV+RxVw9FB4X3vNpDiqOJbBigOtCsIvhPOr0SjjiIvUJBuYj6pzYyyACNqS2C10UbhO2o4k1H1OWYsearmirrhk1DAVrjWO9biHT1JllMocbDK7tbti4zaCHbvX/DNdO/u+H76nM/d5nkc+nw/LMsVhM07w7m67EI8IwIIgCIIwqAjib6hIoXKg3BebN7xxMURqEQjIUb+DMu00tpua3UFokSyxTgRBEARBEARBEOoisKwM0IZIVGZhmeCRrr+fxnSx3vHN8L+Gwaq3CjGBTRQwsRlOGAnpWnFPdaU4NFCYbajZgCir6eL/tC4In7r4n8LZI/2pl5FpOHEktCR0023G3PU1OIH1b0kBbngiKyxJE85H2XlSb0BgXf61r/GEE1RTvl1Hd9MUgfW77Pwo805glGFbhwdGD2H2Ku6gdwe2hay9z3bPHxhbBNa+geEGQD6fp7e3N0wbGGi4rlthETwQxNUXWCMPxnd0IgALgiAIwiDCjKtkfzdvQAVBEARBEARBEARhILFjNoYunhOoU/0pFJUJzRFVpx14XxtMaIHH3oGXd0C3ho50war00CEF98KhhWYVM8IoC2fTMNLO2lehLjJvlcGraIshoNhxTn1fR5hp7p0cPQwmtyW3yg0oCJca7RePz6K6F85jfxyE9ZYTdVAktO5ttLlmExuZcXPcTct4XXEIFZX2OtvWrySZD8uNey1r5Woi7J7EvAb7vk8+nw8FYBPTjXWwL7AEdhwn9PAnIdf2PCIAC4IgCMIgwhR9g8+oP6EeCsJ5Ydx867cgCIIgCIIgCIJgYrsdDdyGApZlXPDFyBwILbpyV9InMNvVbDUrxQrhp7hNKWh14YMj4eSOyiShC9o4lSyBelbWN11pSRjRrPrFLzNWqqUKmvFhzako/Bn/14XYuJRn32sZk4HTRhdcO9eDArT28ZWD0hoVCJOmL2VtxRztS0Mjjr/I1wy2mhuzoCCuirLPGueGMj4rzo8q9VY7NoNifB3VBZVoDKsJ2tWaWdc5E1FQmaVwTGPsOQusaG1XymYotDjh1H7PFCUkm+Hdgn2mO+aoMkxPfKbom8Q62W6r1pp8Ph/2M51OhxbDUUYpUV4B44gzYInKE/TXTBtYJ+dyudg63muIACwIgiAIg4zyG0EV/oFDwUV0vuyGVKhOwZUMoP3iA7JG+z56L4rrIgiCIAiCIAiCsDtJsgA2Kt5kIIAEMSYLL+uztcvqQ1urCal2uqh6KzThauJunMIU7DPjuFZRo+p2eR1jtVgRh9gWf+PKs3cElpqGghi67N2LXyM0OfCJ/WF4pr58qij6+6iC3usEQ1xwfB1aARMj1leZj8jxsoT3REJlP1ggJ1oYESausd/aposHSGlsSgdh8FuX5a5cfVG51xSItVWu1SZbXY64DtQ1H7UmJXbOK6+Dgbtk22gjShyNMuiwy42qw8YOvxaI0MFnXP1R5UT10fO8soU9gfhq9iPOE2GUWG27p47rn/1vkRmXuJq4/l5FBGBBEARBGERE3SCK5W9fcdDaA+2hdb74UCPiryAIgiAIgiAIgw9ToICS9ZmJ/RK+mqvRsJygfGIscweQsC2Wq9dI8TPmMVtH7Gvkkbw/nuIjy0hgRRrov4H1r+6X1hTcZ88cDpOHJJvmnIZNPfDfW6GzhmHfnJFwRFsfGqd1UfhTMQJf0SKz0eKjNkS5FI5OVhLmTSvufsS3BVIdc2xo0Pninw/aKxfySuns60OlNWlpfxI/zBGbHFApwAVlvqqJ0Jprnr7mfCQZ3Cjh2HofF1wPU6lU2UIY+1oajEMtobhWHlNIDbZ7nhf+9TfBtT2VKkiRpggcLACK+nfDfk9pHgt2ehuzr4HwvLe63d7diAD8nuID/OM/f4hDm6sk6VrHii8vZ9WAtUkQBEHYm4hbERj8HqxCcC2XNlqXboJL4WcclPbx/F58r5t87i3e2foGec/FdZoaengXBEEQBEEQBEF4txL1XBU8YwYv4gOxI7D+CsSBwP1pmC+2DhIJL/0ijJpWnRGFRxr+1mNJG1FPXJ7A2NA0Oqw2DJqiZ2I7UYxb2mqV64jv4bYI8bevBnZDU3DiSJjUWl++s/aFX70Bv3kTtkfoWAc2w4kd9bt+hpIFcGD1rFRB+Ha0KtigKhUem7HFG+KhqWlGLQaoyJdgc5RlbpxwbyY1D5Nax6ppOV5+ThTdgfvg58DvUSjAVYW/WKvLWgdLHw+mgvgMXg58NKTAaTKE4OK1SNUatLJCo9MlueZoCK1ug2teIAKb18eCpzm/4h2dKYBGCelR7p/NT7Oe4PobuGs2y0/6XtC8vsftDz6Da73ruqRSqbAdZjkmcZbFUfviLIXN/gKGl4nBgwjA71XyeXqjjuXuPPkBb4wgCIKwt1DLVcxgtQgOVpoHN5HBikQojImPLix1BVA+npejt6uT3I515He8SG7778nvegnNONzWv0e5GbRYAQuCIAiCIAiCMEiwhQdbqDBfxgduRk2r3zJ3pA28n9+dRsG7+9E4UmS222C3pYob6yBNTWGxBqUxNQrUpXK1/V0XHPL2dR5UNRG1Ck0uzN8HRmXg9g2w0xCBsw7MHgGj63T9XNYuikIbUJAMNVqrkkvjYJ9SqMJgEExUSTAvfgz065aYEyRGy6xMQLnID1YfNHg5jd+jSKMY0QLDmqG9CYZkIO3AQEfJ0hp6PejOw7ZueKdL8XYX5HaCTmtUBnAs8bfRuhrIYy6ECVwkB3+BxWogAgeipS22OjGDGnUdDixwfd+np6enzNVzf2KLyKYbaHPRTyqVIpVKhe/fAmvguPLsvlWr33XdisVG9iKjwYIIwAPEgg+fypQjJjNi+LBE6be8/Q6P/9cz3P/b3zVQWzd/uP9f+L+PNJBVEARBeE8TJfgOttVvNlprurq62Lx5M2PHjiWVSpXdVPt4+EVr396dr7Jty2P0bv099LyK9jbRRJ6hTWmahuXJ+c38xUmRH4Q3lYIgCIIgCIIgDF6iLMds15u26GsLBOFzap111xSxauW3MprxW+sp07bMTZo3Ml0NM99QX6yjnqRVVFj86vLPcs9iJfFTByrwbqBzB2zrqp5mTDsMycKxI6Dbh+XrS/sOHgLHDodUgyKkOdaFfvoUfAuXW/QWLK8LbqKVbSVbgyiNti+jac6vLUBHEhHTVkdtNo4HKPTf7wKdV4xoVuw/rCD8Zty+W4P3BaUgkyr8tTfBPm2wIwcbt8Km7QXLYJoAV6MCV291treR+TGtbU2r3WCfuSDGdd3y91OGBavpPhkqDT3MmLemEBpchwM300HaYH9fYuTWstoN+hP8GxAIwab1s9mX4Lu5QChqsVHUQiNzPO20gwkRgAeABR8+lTmzjqsrz4jhw/irD56IAn7ZkAgsCIKwd/F/b7gGgH+8/Ko93BIhytp3MK+GA3j99dcZPXo06XS60pVObgfbNj7I1k0rYNda2lIuQ5o06YxPSyaN4yg8ncND4+c1WudRGV14HhQEQRAEQRAEQRgk2Fa/ttvNIMak6TbUFDYaIfETbIzaGfUIHG4yQ49WqShqV1IvstEqXXRB9u66hfK4MahWYIUiWRLpfV+Hm3TxU+ndI/qteAZ+/fvqff78qfD+Awsuh48fCQ9vgXW7wAHOHQttfVRCVNHHt9aqIO4GKwXCuVNFC2BCK+FqNHLcxJajLevQKFfNMYUn3V86Vwqqt681aIXfDboXxrYrJnZAeg8Lv3Gk3IJVclsWhjYrXn5Tk98FtIB2CisqVDB5Cah5jkecC5WLTSqtW+1FNKZwCpXXSvO6a24zPS4E11/zvV9c3OC+UK3soC+mVXPwPRC7o4Rgu6/2mAXjY+6L82w42MRfEAF4QJj5/ukAXP+v32T9xk2J8ozbbx+u+Oynmfn+6SIAC4IgCP1GVOwQm/eyEGzfBOZyObq6uhg//gBcx0EpjeModL6Xv+x6jfV/vpd9On/NUN5mVNYhM8wlk9UoXAr+ggBf4ag0CsilHTzfJ5/XKPq2clIQBEEQBEEQBOHdQiA42LEoA9HB8wr+eOPiBEfRp6dSM7MiXvSsIe42GuczdpuhwoYudXWyBtUldtsCYJkJa5VqrO3lbn6Lz9OA75dcIhfEwFK+3eHp19eQ9w2LY6vJdltTCo5sgz/tgtP3gf2b+1a/otCvwPAXirFjFWhdxXTWIrDc1uZ8BBXUmg/je0XSwAJZxyWIp3ZSXSYkm3X4PRonrxg7DA4e1Vh85YHGdWC/dkDDHzshv0ujWhQ4oJUPuugUug/vc8xzruxQUMmE10AgtRfK2Jaw9j77e3ANjoyzruNj9yYlzqI26t1jnNcHU6B2XTeMERzXtkDwNS2hgz/TyGV3Ct3vJkQAHgCam5oAEou/ZtqkLqP7wshpJ3Hm7KM5dJ9WmoMjIt/Ntk3reOzhX/PzZ98uz3D8Ym6YfxDNbzzNP962jrPP/Wtmj2sCdvD7e2/g1kfP4As3HMU+XetY8eX/ZOjffojjDh5VKNvvZtOzD/D9Hz/Beobz/jPP4sxp+9Ne/Ee4a+tfeOoXP+Ondp3AyGkf4ux5R3NoRxPp4p1Eb9cO1v/Xz/jGfet21/AIgiC8pxiMNztxdHV10dPTw5AhzaRcF1QaT0GObl5+4ykef/O3uN7v2X+kzwinBRxNKRhVxFOnIAiCIAiCIAjCICWwNDNf7AfungPxwXTNabocDQhf1DfyuBUhuJUJn5RroOWJ4suK0fGSNSmwynRUWT3a+H+lbhjTIGNMSjqgrQ7Gl1v+W8W/G/Cp7HBQpCEAo8HXGu3r8DOIj7s7gjG//0AY1lIQnp/9C7y4qSA2zpwAB40qpBlrvEZXwJgsHNYKczv6Xr8qLiLQPmHfldZAYSG5clSorTsoSppwxIKHis0qVK8rUpvzEXdSFCvWiVTkahiLEqw8/5+9Nw+T5DrrdN9zIiKzsvbqRb2otUttLbYkyzJeZIyNgAYvgLDxeFhshu0CNjP3mWEwAwxjhoFZmOHeQfdhhsHDMoAMNiDb8ibLuywbybKt3dq7tXZLvdReuUTEOfePyJN5MioyK7Oquruq63v7qc7IiBMnTiwVFXF+5/d91jW6eR1aCyQKlSj2jm8e8dehFOydyPb30aNgYiCyKDd6IRvdMLAI3O3XLn8f8cM+dwtP3CucM7Dse1HeYGMMcRyTpmmrvLsf+7lyga6i6VrIh5/2BW2/7f4AIffj5/H1/67k99OPIlEUBttnK/aJigB8innVtS/nJ95xQ88yf/Whm7nz7m+dkvZc8UO/yLuv20MFIKlx/Mg8MSETO6YY33c5B955LhdM/Ak3fmm5IAshN/zkD/P6vWHre9QxxKvCFb/yTvbvSDj+4lFmK1Psnhhi9zVv5heHYj6nv4cbLh0lnj3KkdmQibOmqEycw+vf8RNEizdy02PtmrZ/10/xvjdfSAWy8lWIxqbYPjLK7r17ABGABUEQhP5QSrGwsECapkxMTGQvayp7QaszzVcf/CQHF75GdbjG1OgIC1SpJzHl1GJNu7PiZLzUCoIgCIIgCIIgbEaciOAEX5dj0i1z7iwnPBSFLV0rHSGOnX6VE3M7J7rU0/xvJd2t5/quKUphjW3nFe5w13YT6zqktx71+1O2rVcVaXj+YXbbLdhBSxbGuWjrfvudCOjPM050KdirtfLyc7OfJIWlRlsAfuV58N2XUbjdHRF87861h36G7Li2Hc+ZEKy0yg6lyvZdN0+y9SzWRcei6xntptP2PSCiu0I8+Pp22XZt86S3tOA6jJcV+6Zc8OvNhROB5+vw7KxFBWC1amm/DNDtkz++RafSd1DnhVA3v2v9zXtnXhAtwhd9He7+7Idbdu1w5ZwgvFJbBiU/yKeo7W6/3MChOI4JgoAoigjDsCOXPNByCvv7UOSYLtrOVkME4FPMnXd/65SJuyty7U/wY9ftoUKNZ7/2cT5w830cby3cw4Gf/kkOXDrK/gPv5IYH/gc3H8+tX7mQays1Hr3909x0i7+uW76H/eZJbv79P+fzzYVXvOOX+ZlrdzJ+6Vt4i4Yjd/8Vv/uhR7OF26/jl997gP0jO7niuivhsfuaFV3IDa/NxN8jX/sf/O7Nh9vb2Pcqbri8un7HRBAEYYuQD4tSlBd4s46Mc6Mc/ZGE/kPs0tICaZIwNTWBtYbUQGIjFhrPctsjf81T5iHC7ZpKGBKHihP1gN1pQJkAIpvFnjLdj00zdUzzxXtzHkNBEARBEARBEIRBSNOUOI5JkqTr+6TvenPfYbnYsNJbVEu/7LDUeSt2U15UQdke2+vVjkKfZJGbtyWOuuVdnJ6tos7y6XsG21uzrf875cXWEqfMFh6Pdn0uj23Wyg51ONc21Z5nvWW2tUNY2uIvWLTK+x3XjnOXatV53pXq7jy9aCRbtj7OVItWtFzO2WFWKNU8cUphLNl35+hVqnXcssbm6/TOr22PELC58955uRbFjs5/d1dJ8TVUVHaZR9XmrgNrO8Jv21gRoNk1BiOlzSf+OrSCcybhxKKiGtPKBezF1G5dcF6AghWxRYe4sFyxWzV/byzKle5EUL+uRqNRGO65X+EzH8Lfb8+g+XRX06fotuMcvm5/wjAkiqIOIdvtp08+wsR6tGmzIwLwGckQ+9/677nxrcuXHLn7t/jdD2XTN7xuP+PA3MOf5j/ffF+u5GFu/dO/Y/f7foprt+/hqgMXcvNNOZft2BBzt9/IjbcUuYMBEg7e0RZ/AR780Dc5eMUB9ldCohe/yYed+Atw/A5ueuQ7eP81U4xvuxBwbdpDZQhggeNPeeIvwLN3cvOzPQ6FIAinFJfzfNCBLqtdTxicXkLvZhZ9fZRSJEnCzMwM27ZtIwzDlii8tLSA1pqJiQmSJMKGkKoqTx29ky8/dzNzwWHGRkukJQhsiLGWJRUwH8CIsQRZDK9NOLZVEARBEARBEATh5GGMaYV8hrY4kBcJVnKvrYT/ytqSrlb5Grseb79F4q8/z3oTnW7KInEiX0Oxkt1earssaU4u0/zaLuHO7fdwiCqv7datp7Kwz9brR3DLcgLt6USzfvmI3SDvlr5u28K3QjUHgncex/z3ItXfPx/Kn++219SG2+cydyF195l6Nfmyr+1a1l9mO762z7W7FnSiKYewczS/T5uPoQi2DcOzcxYbgdUABo3u1MQL1u0VXNsdw/yvwyD3v275dZ3A6U+7QTj5cPv5cv3Wn79Xd1u/Vw5gP0RzvlxevM2Hu3amlSRJOsJV53P85ttxpvRtrhciAJ9iTlkI6CQhNgWzYzd1PRfsAJjm4O3f7FLJk3z84FGu3b6T7buvZFmY5cZhHuwq/mbLH/1sfuYdHJ8/ABU4/uyXeDS39PjhaapMUen46/wQz05fz/7KKPt/4Kf4UX0rH747JwQLgnDa2TY12XF/6/c+5t8XH3viICemZ05K+4Q2Z5rjN0+SJMzNzbG0tMSOHTtaOU6WlpaIopBKpZl4XkOsZvnGE1/gvpkvkw4vUClHqCBEhZYo0dQIWAxCFq0ijg2Bccdpg7zRCoIgCIIgCIIgbBDyzrHVCL2qFSu5TYebzn02Bc7VvsX2u55nAOygR7TeVoOXT3tSa0Hbe4aA9bbZ0gBVtwJ+Y5ZP23YTOlbrumGvfU4ENO7T+H0KWeM2ytvyMycy5/VFO9cuSrsQ0MbazKQNaG3AqmWDEAqPaacy3HGerMkVccJv0TiAPi/cvPZve57kznZD52AEZ/Z2YcZtalEmYGoUKlHvAxvf/FnMo4f6a/RJRF+4j+hHv79wWaAUkxXLCwuKOLVYnYW0bjmorW1GeMvt6/JbVUbuArAF8zqqKRgk06qqwCHcbXl+/bxgu5o+v0HX6VW+KB+w395u5XvVl5/uV+DeGvLuDAAAIABJREFUSogAfIo5NSGgazz6qd/jxtt7lRmjUgIaCxx5rHup44fnqbKTSnmI/dAp2M5P87Vem0hjlnosjk2BeFwgWsM0N3/mTi5423VcMHEhr3/HL/L6Nx/l0Qfu4ua/vxMxAAvCxuDE9Ax/9aGb+Yl33NASdFe63/ni71996GYRf08B3R508kLwZnogcvmlgiBounyXiKKICy64AGMM9XqdmZkTbNs+SaCyUZCNRoAKZvmHr/8xz+j7GZ0sUwpCgiDKHjKTlNiCRrPAOHMsULXzlK0iICzUf91DrDEG0/yDtp75rARBEARBEARBEDYqWmvCMGwNwM3nY+wnpCh0vrN2uhC96QFFsO4zVib/StdV8MGJZp3ib1v47ZggtbAQw3QdFmPl3iCXb6hIzO0opHJTPYp3pUg1zoUKtmDJBM9MnNTZ/lnVFIENJoW9w5rzxwba+PLW2C5dxAPy3Aw88Dzsm8pcnmtBkYV7fnxGobRGa4XSCq100/WssmtFqSwfbtcw2P0MKM+rhSo3v6iuLuetYFl3id52FgdsUzluicAWJgPFrqg/96958HHSr57+aH/6iou7LlMKRssQaYgTsKFtnsc23QaCtAvkvq6hS61IGPVdvC5frnP5unIuZ667/6Zp2lrH5ctdaZvdlnXr2xqk/7DIFezji7hpmrb2z/1tceGu3b47B3G3fsxewvJWQgTgrc4KIm0LkyzP8ZsWzDtZPHQrf/DQXVz7fQe4/pX72Texk/2vejPvu/Iavvy3/4MPP3SqGiIIQi+c4NuPCJwXfyX886mhKMSKP/JuMwm/Dvcwa4yhWq2ilGJsbIwkSUiShHq9ytTkJKEeJjEpadrg+cWH+fQjf8VC6RiTY6OowHY8bKpmoChlNcYqGipiMQgYJqViUiDo0SJBEARBEARBEIStheukdx32SZIs66AfpON90DfTIoPlaljREZvbYKc+nXPbecKvtZAYmI/h2QXN4cWs3FCgCPXKkuDpxe1L0BK1rbVYkymCxoI1mSDTSEGvUWBpGFhK1qHVFr74CLzqArjm3LXVleUaVizGmfirtUIpjWomJXbLs7KKTBWGjX5ml9O+sNvXruoI8z3e3M/R0ulq42Doqy4lPPC6nmXKEWgNKinoF8uJwVAg46sC0Td/IxnwplSU39YXgPMO2SAIWgNw4jhuCcAbiaK8xL1yxkdR1CH+5kNKb7T924iIAHyKOWUhoFekSmKAyhQXXgKf7+IC3r5njApAff7Uib1dmebuz/wNd38Gtl90HTe8/Xqu2r6H19/wTg4+9DfcfbqbJwgC0J8ILOLv6SP/cHSm5P9N05R6vY7WmuHhYay1JElCrVZjZGSYUhTRsJaanuP+J+/g7mOfwI4uMVwJCMOgIwdSfrSlVZq6ClkMAsasoWxBY1i/bEKCIAiCIAiCIAibG9/x63I1pmna4QaGTpdX9whVa2vLSqvnfZOr0Wk6ynTE/23LwLYlnMJcHQ7OK47WNDvLltfuVuwZhu1lqIQQbGCd0Hcxu9DE1oIxWYhlY8AaSA0sxrC4RvF2ycBzNbjKrv241BP4s6/C+dth28jq63E5gN+9H3SQiYWBBqWhqQHT1LNa4aI3o9Gwde16rnbbFPlpnuvn5hTHF6G8QvjnjYDauY3SL/1TVNRbBou0Qjdd29bv7mmauV30Z/9eseJ9asD7WLf+Oq11657q5heFhnb3Wa01pVKp5QJ287vdb3uFSe41aGelPsT8ut1E3g4zhlItwdcNKMoLvf7+5EXwzW5wORmIAHyKOTUhoPvhLp48ch379k5xwXdeA48V5QG+kAPn7gTg2YN3ndrmrcDxJ+7gAx/Yw/vfdyXbJ3ayH0QAFoQNRJEI7BDxd2ORHzXoh4nxH5xONb0eTPOhqhuNBnEcU6lUCMOQNE1pNGpUa4tsm5xCqYBGaojTo3z6ob/gseQ+xqeGiKJKc4Rk7wfDutKQhsRas6gCRrAUDXR1xzDFYvDeigVBEARBEARBEM5w8iKv68h3oTrdT7fO+ZXyPfZirW9dy9bPR9Dtc/3lAk628PCS4v7jipEQ3nQOXDSuGC9lwuFmoFMMbArBTcG3JQQbSFNIUvqLNtmD1MI9c3DdNtiWe/nWCl57EZw9mU1funvl+p46Dh++G37u9as/5k7UHY0gCDLhN9BN16jK6u0QgNXmDDWbF3590d+kYDVETXV7w1+/QUB4w/WofbtWLNo6Z7iBG6ol/vqJke1JOKfd+qN8p6/vgPUH27hyQEfIZ180dv18eUdwt5DJ690P2CsVnduuH9I6DMNWOgFXzt8vJ2r763bLjyyIALyFmebD33iSV+69kPFLv5/33ZDwgZvv81y+ezjw02/n2rOAxSf5+kcL8vWeMr6LH3tnwt233cGjvg15V0gE0KhtAHeyIAh5uonAIv6eXopGFG40968vQBtjWg+uSqmOhzz34Ae08plkrt8lkjhm2+RuUmtopEscW3qMTzz0lyyVXmTbxAgq0F0fbote0mphSGo1sVI0lKK0cQ6XIAiCIAiCIAjCaccP9+wLE2EYtt7vkiTpECn6zh25yjb1Wm/FOotivhas1w717Id8BtOc//yi4r7jml0V+PFLYLLcb+s3J0plwuhaeXQRbjsMbzsHQq8+rTPRtx/h1+crj8N3XABXn7M6Z66/X8vC/3Zh0LDnG4VOQ7v1xGCbXdc9sghvJPRLLyF47TUDnQNFtv/K5bvGnW8nCNueF1C/96p+3LiuH8yVd/dR1w+mtV4W1c8Y0yGG+nl0XXjofB/gWq7TQcL7dxNn84L1SqGhgUIBOC+In05Ty0ZCBOBTzMYJAQ3c/uf8xZ5f5meu3cm+17yd97/yLRw/Nk+sK0zsGKWigeQoX/vwn/P5k9+aHkxxwTXX8Jqrr6c6P81sFaiMsXtiCEg4ct+XuPW0tk8QhG74IrCPiL+njyIBeKVwMKeaOI5pNBodHQLugdBNW2tbIxjDMGR4eJg0TalWq4BlYmKCRFkWzTQPP/917nnxk9RHZ6iMhIRBqWfI5yIWQ0tah5pW1EPLaHxyj4EgCIIgCIIgCMJmwg3Yzb9bFuWs9Mv1eg9dzRvqgObd7nU0dZ7+XpO9sM9uZeBoFR6eUbxkAt52IQydYT3xRbmSm9lv14VPHIV4Bq4/H3aNtR22/eK3bbYGn3oALtgBk8ODt2U992tz0fTENq3A6/H71TdateOOD8pIhfAHvhO1c6rvVdpG36bTt6n0t/bVGYP7HQHQhV7ib9GPHz2hH1HT9Ze5vjMnrDpXrW+46OUI7tXWQcj3tfn75gvUrp1++/KRIfz+u6JQ2Pk6/eUbpc/zVHOG/dnZ+GycENAZD37oRv7guR/mhtdczgU7hti+ewiAuLrAkafu5daP3srdp91e+zSPPnEOE+dMUZnYSWUCMAnV6Wd48Msf5y/uOHy6GygIQg/yIrCIvxsX9zCUH0l3MraRpmmrE8Btr9FoUKvViKKIUqlEtVpFKdUK7ZwPF6a1plwuE4YhjUaNpeoCw0MVSuVREpOyWHuaLx78KI8v3cvQmKVSGm4+ULa32Q+p0iSJJrUhSZCwYBSjxlLGYkILGJSFVBtUACZuvp+orflwKQiCIAiCIAjC1iQv/FprieO4w+E1NDREkiQkSdLhZvPXX483KafRrKWuFVN85rL+2OYMC8RG8e1pxTkjijefd+aJv91woXTXAxvAp6bhgUNw9V54ya4sj28/QrAx8PCRLEex455n4c5DcODywdvi9msQAXSzuX+d27c1nU21LvRsbINdn1/QIrRGXXIewUvOR+3eAZUhSA12Zg7z1POY+x6F2fm+qgpe+3KC73jZwOfA3TMyo29T8XUDPFTmBLZtT/C64YuXbtqZHnx8d6z77BXVzheOXV+bHxI6Hxb6VBEEQUvw9SP+OeHa7Yf78R3OvfbXL+OLwIP0AZ5pbJE/PaeXaq1GZWiIfXt38+zzR/paZ9/eLI7FiemZAbZ0Bzf+uzsGbt+zd3yEG+/4SP8r3P7n/OrtvQp8hN/91e713fRff4ubBqr7m3z4j7/Jh/tvoSAIGwxf8BXx9/SSf+jJPzSeigc/NwLRtUdrzcxM9vdueHgYYwyzs7OMj48DMD8/31pWLpdbbYyiCIBabYm4njA1sQuDJTF1jix+m08/9FfMl44yNjGECnRHGBifvl4IbERMACgaGqraEjZfgpS1WNKm4GvQVpOyVUcHC4IgCIIgCIKwVfHfrVynvR/C1AkOWmuiKOqYtzxHcH9Cou3hxhv07dYz7/axXc85563nQsY+NpN5Rt+wFyZKy9ff7Lj9LGI9c8OqMXj8ODxyN5SCZt19xV+GetI5qxbDB++C110EIwOG4lYMvl+bNQS0j9N7rTfNOor8ACiFuuJiSj/xg+iL9kEUQRi0FXdjIEmwS1WST99O8pHPw0KPTNPbJ4l++kdQQ4OdZOX+sxarwNgsz3G3XfWv/34Hm+S73PLREbIytiNUfnvddrjlfM7b/LK8U1YpRZIkLZE5DEOCIFgmBOfv2U6Yde305/cbRtqV812+7tMt9/vp/Lryf1O65fvNby9/PFzaOL89WwURgE8BX7z9a/zA976R9/3fvzTwuiKUCIJwpiD3s41JvyFkTsY24zgmjmPSNGVkZASlFNVqFWMMU1NTrQfMcrmMMYZarcb8/DxBEBBFEVrrVg6pSqVC3STUmOXxF77FN57/BAsjR6mMhkS6hFX9h3vOo60m0SUaNkJZSLRhoWQox5bIZrlv7OZ+pxMEQRAEQRAEQVgzRaE+ffyoU26Z7/5yP6TLBSbfednx9lr0LpYr3NKIvbK2H/WmYN5ysde2tuFck4sxPDEHr92lOHe0D7EsTaFazaZLpeynCGshrYJNQUcQDHWtMjaGpTRGoagEIdGg8ZNXoNsurUYo7bkdDdFZkMy2D9FaOLEIf/RF+BfXQ2kAZUSpzv3KXz5nHApoanItVzBN04Bdx30eHSZ883cRvf0AaqRS3A4dQBighspE//QtBFdfTuNPPoR99Knlimo5ovTz70BPjA3cFAVgszzHgdtDF/a5WaLbeJP8rcIv50+7e4Hv+HXffeEyH00ha1r30NH5vq5e4qgf9c/1u2mtOxzHrg2+8Ntt20WDffztFYV5LnIy9/r7kRd/+yEvaK90bM5URAA+BXzyti8AWf7fbVOTfa1zYnqGO+/+VmtdQRAEQVhP8iPf/IdM9zB4skTher1OHMctIXd4eJilpaVWSJrh4eGWQ9gRhiEjIyMANJKYOK6TNhoYYyhFQ9jAMlM7yNef/xyPz96DHqkxOjSa1ePC9Kxhf2KlaCiNNZZUWWpKk1pLyVqsboaoURqjNCkxqU1QNli5YkEQBEEQBEEQhC1GXoDwcz+maYptRj31BRQKppfRa2G+z3+N8aGtN+HEX/f9uQWFQvHqXX2Iv/PzcO+98NxzmZi1bRtcdRXs2tVZzsQw9wgsPA6mBuEojL0ERi/KVFKPI7VF7px+gedqiwRKcW5llFdP7Waq1F0wXi/WMwS0IxjOROD606xL+OGvPA7fcT68fn//bXX71RLy1t6MjY0b6dAR45y2GroeB2DbBNFP/TDhd78a1ecABaUUweUXUf43P0/jf30I87V7221UiuC6awiuWUWMb8j6jpoWcxeBwIV7xhc46duEXjidD/XsGzPyOW3Xi3woZRdq2RdnfSE4nxqu22CefDv99rs6ndu4l4h7skTZvBt4JUH7TEQE4FPEJ2/7goi5giCc0dz4X/79utTzy7/6W+tSj7AyeUE0/2B0sjDGUKlUWiP+pqenKZfLjIyMEIbZo0mvB8IoCgjDCsZUUAQY3eDQ9H18+YmPMK2fpzIVEuqh1oNdtwfTgdqsQmIiUq0JMSRKU9OGkoEIhdEKo3RzWwZrDbD1HiwFQRAEQRAEQRAGwbmBOzrn64PVsSxctGrOa07ndaxl4m+/YZ9bn0V+v+z/hoETdc1F47BjJb21XocvfAEeeaTdwKefhmPH4E1vgsmmkcgamH0Ajt0Bxjs4i0/DbgVjF7dmHW/U+PgLh3h4oZ1W8InFWZ6vLfHj+/YzFKyPHJA/fL7pej0dwJDp26WzID4OZmHt9Vng4/fDJbtgb39eLXQPB3C/guBGJu/abE1781pX+Xo4gIfKhO/4fsI3vqpv8ddHn7Wd0k+/jcZCFXPfI9nMXdsJD7wOhlc/0MGTMpv3FdU6wZZm5i93/1jlQciHU/bF31W3u4c7Nu/MzecI9u+/LjevHxa6mxjcq0/RDzPtxN9u11hRG9eD/Pb8tm0lRAAWBEEQhC1EfkRhPsTMqQgFPTIygrWWRqPBzMwMk5OTRFG0LGxM951IsTbABAHVZIZHnvlHvnXkVmaGjjAyUqEclHGvKf6D6uoxgCLWEbGNCK2hgWEhtFTizAWcrqF2QRAEQRAEQRCErURR7scOEZhOUbGFL744PMepLRCBC+kW2rkf2ipwFhKXbDvZj6WaKKqp4vXb+3CXPv88PPPM8oYeOQJPPgnXXJN9Txabzt+cMm6qMHMvjJwPOsRay6GlOZ5YnOssBhxcmuPJpTkuH9vW756uSMepsO1zFpwENVRHMHwRLNzHACerO4+9CLc/Bm+7Jks3uxKKbL+2SvbQ7Fzmftlcn5Gya3Z566svzcRfL/pb9ZGD1A8+01FOBZrSeWdTPncvqlzq6NvRe3YSvvUNNA49B3MLhNddg77iklX3/ziHd3ZfygYeOKnQib/WF3+bn4XBBIpi1jeb5aId5NOxnQwRtKNJngDsu4HdPdgJtb5b18/N3k1A9dvrh3p2qduKhOL8Pp9sfAHazze8FRABWBAEQVgXxLm7OSkSgNf7YTP/oFitVkmSBGstO3fuxBKTquxlSicJNoSDLyzy5AszlIdG2DU1xFkTFUaiiMAabKpJdIMj1We599AXODTzLRirMlmZQIcBKZZAKTAWpSxW6fZITZfEhv5H/Knmi33NKupWMQRYragqqMeWChr/cf9U5lMWBEEQBEEQBEHYbPQSANpOwz5wIq9fxYBu3kGxuU8nfLqJRgpxajlnpA9hY3ER4nj5/CSBpaX2d9OAtIst2sZZeGiddfMvpQmxXS5wpNYyGw9ore6T1ELNwEIMqYEosFir1j8U9AiUzobGc6xZiTUWPvMQvOI8uPis3mWdw1wpu+mdvivhhzJvz3NfFbYpC6/pOAyVCL/nNeixkY7Zxz/0cV74w79YXj4KGX/dtez9jfcwctVl7flKEbz8MvRlF2KfP0r4I9/bDOG8Ovz9Uqo5EMWJvFZ5uYAhs0G3Q0J3xRN/3aHtFu65b1NEvt2qv5Rneedvfr4fGhoyQdi5eJMkabXbD1/tHMTW2o7yTgh2LuLTSS/X8lZABGBBEARB2IL4o/2KRuOt1yi8fDibxcXFVgjoUqmEMYZAhYSkJCnMpopPfe7b3Hb30zwUB7ywc5QoCtilUi6dLHHpzjGuOnucofJTPHbsC8zZxwm3QViKgBhsjLKQqmwfjbIEqEzE1Qpslqc3GHDAn7WK2CrqVmdjvJUiQbMUKEZsglaq9VyvAY1a6/uoIAiCIAiCIAjCGclKAnBXPBGl8I21x6o5E96qWCb+orAYPAmYxGaC6ES5jwrHxqBUgkajc36pBOPj7e/BEASV4jrC0cweS3Ysx8ISQzqgZjrjVIVKsb3UpY5VoMiGVy8lsJhALcnE36AZKjk1lvAkWIFLZ0E6C+n82us6ugA33QW/9v1Q6qGSONHT350zSQju9jvXnr887vFa9l+dtYPg6st6F9Iqs+AaA3HC3Bf+kfjoCS75mz8k2rWjXddwhfD6V6PGx9BT4z0q7KNdNDVdk+sXs2CVRbk40PmVulXW5X5UJL5C2zwxaH9cv6Km3w/oz8u7Y/1Qz74jOJ9LF2ilcQM6QkgXbet0UbTPWwkRgAVBEARhC+EeNLvlwjgZD2duBOH09DQTExOEYYhSijiOCcOQemzAlvjHh1/gf/39Z3ly0RJF26lEU9TnLE8PaZ5QJe6YM3BoDvvFF9m5K+LSK9/M1A7LeDTHDnuYKY6xzZwgUnOkeo7QlAhNiQBFElaBevbSZiIGHS5sgIQyiSqTqiUCm2KMphpANTUMe0NBWyF01PJQN4IgCIIgCIIgCMLygcf5/JR+Xl/b+s9bPz8vFxban1dULFdk5fYWTjQ9g9a9V7fdkn1pn2efDeefDw880Dl/50646KL292AYxi+F6nOZ49ehAph8ecv9C3DR8DjnDI3y2NJsR5WXjE5y4cjaBDKfhoGZBsQpJB0DrLPwwLHpL7TyoOgyRGdBugTrkYvpG0/DrQ/CW6/qXsY0z3motlboWGgPuGj3F9l2bu1VElx7BarSY4SEUuz9tV9k8k1vJJmZ5fB/+p/Mf+Vuqg8/yfyd97DtB7+ns75XXQXBOlxs/v2m+enfh/xy+cADLWzhZM5RbZfl7F1rf1wv8djN75Z3103n13dmjo787HQ6an0x2G3Licjd6j1VdNtnEYAFQRAEQdgyFD1gruXBM7+uMYZ6vU6j0WBycpIg0ihlsGkWTubY4gIPPHmcW776BPc8PkdipxiOAtJIU4qr7KkF1EpjVIeGiCqgrEGNVWgATz83iilPsjBseVpfBVpjsIQqYSJepMwxhtUJymqR8XSWip1hyC4R2hRKDUq2ypCtoYmzh3el2p0A1mLR2ahTNBCTakhQ2QuQ1RgFVWAhUJRSRUSCISW1CoMF76FXEARBEARBEARByFipE37Z6+hKr6d5cbiP19mBqvTFmyxHENZLOJzJYqt4hw5DOHAAJibg4Yezhu/ZA294A4x44XGVgokrMqfvia9n4aDDMdj5nVDZ3VHlWFTix/ft55MvPsXBpTlCpblibBvfs/McQtV/KqRupBaqKcw1MuE3r7tba1FYarFiKOydB3kihLOHBm+D3QfVBqQLg69bxDef6S0Ap2kmAocqLXCBbzGaO65VVwl0RfQl5/W+MBQEk2OU9u4k3DHJ0KUXMf+Vu8FazNzyk66i9ZG4lGoKlba5Z81cYtmeZpbe1rTX/GWDVfrgVJsF+nH9+suAVvhmP69vXgj2hWcXQtqZQJwTeCOxFU0aIgALgiAIwhajl8C7Hi5gN0rQib9hGDI1NdV8KARtAqyK+eK3nuCTdx7k249No+KQ7ZQoaYWu1Ug0jMUBY8MB9ShkWmviJAvjnIRgiJieiUkOTrP7nFHGt2mMTbDWYMMSc2YSmARrscpgrCFMI8rUCFmgklbRqoamSqhqjIUzVOwso8xSUQsMqTlCWyW0MSE2e8k3FWo6JLZZgOd60Hx5ThUlZdhhDUYZlFFY7XIOC4IgCIIgCIIgCCtR7FwbvJ51fw0rEKM7HIKtMj1ivvYiCOC1r4VXvjL7HkXdxbGx/TB6UTPnbykLkVvAaFTiHWdfQi1NUChKnmizWqzNXL8LMVRNFiVrWRma/QFYGikYawl6bPfNu7KfVfHSVa43INZaYgNg0da0hL9BjmYjNjTiU+MeDrSiXNLoAXLh9ptDtlWeNYaA3j7Zu4CxnPiHW1m65yHMYpX5r30LAF2KGLrs4jVseYV24bIc93D4tpZ1Kr6ruVf5oaCdyNraxgAVDhIC2l+n23quXb671xhDmqZorVt5fl09+ZDWvvDrxODTJQQXidWbQQS++uqr160uEYAFQRAEYQuRf+Bx0060XY/6nfBbrVbZtm0bWuvWiEKbwuzCHH/6e5/hW0cWKUWal6hJ6nGDNKiSqAWGEmhEMJSUODg5SoxhZCnGaIUJFEmkqUcpaQpLJ2KOqhrlMCIcSbIQU2mC/4ijjGIoDTEaqkGEZZRZM4VSKaGOCW3A0UaZxDYwqgbKULIhFbtIxc4wygwT5WeoqCUUlklOMKoSUixGwaKGWRswYi2BjVDKYm2K4iTEuxIEQRAEQRAEQdiArDZ/pU8/QlS3FJyrfZstyg3cra6Wy9cPA21bMnBbEB4UpbK8v32VDfoOdzsUrE/XvyVz/c4n0EvHVEphFcRpylAYUE9guM/d2qhYC3FCJv7SDN2by4O70hV/dLrBU4erJ7OZLSZGQy45d4TSAAJwP/i1KdXbwLsiffQ9Lf7jPSz+4z3tGVpx1i/9OMMve8kaNtwbTXO/mmM52iZ/tfz32lrsKg+CHxa52/3Svxfm74l+uPxB8//63/tdp0iYNrmId93a4a97Klnp+G4lRAAWBEEQhC2EnwO46CEyLwwPKgqnNqHWqKJVwPbt21HKYkgxGKrTVZ544CC3/cGt6GrE5N7tqHSYWrAEoUVZKKuoKZvGVKOQI0MVZssR5SQlRBEliihJKddi4sCSBIpGvcqzjRpn79/GyEQJpRXGJKAMYNAWUpWC1oRKoYEoqGNtSvYCF4OeY1hrtDZoZdHU0Coh1RGzajuzbGc0XWTczFPjCCU7Q2AMQRbsmarS1G3QeikyCrTdmuFlBEEQBEEQBEEQVsJ3ZC1fSKGSWvR2NXAOX6/6nqKv7Sy8zPWbE32tsa0vak3+yI2FbYZ8nk3auXAd2aFRbUHQZvlha0nKWNnQSDSl0BKo/gSnjYa1lnqSOZmVSbKZClAWpXRbBe2yf25enBgWq+uQsLgPSpFelRt1JfKDG9aiL9sXj69cyF1UzT6sqRsOsPd9v3BSryOlmvvl3RyMpTW036IyKbgp/nr6cM/7VdHivDMVVu4/audHL87l20tMLlru1+cP3snnAc6Hh3airi9k9xKpB6GojWvNjdyr/q2ACMCCIAiCsIUoEnj9ByL/4W01D1laa4aHKmhVwtiExNYhUTz6jcf55ke/xbN3H6EURJR0xLaq4fAkhGlIa0ygAWUtAZojwyWULjGc6tYDt1HtUZhRqohSSBoJ1XSJQ8ay+/wRdkxqKlGdUBtKQYpWCYFOCEnRyoBKsvy++HmbDMq6h0HdHulps/wvJapcxFf3rF5zAAAgAElEQVQ5j7tQaoElDCULEQodGKrGcEJZxowlJc3CXK9x9LsgCIIgCIIgCMKZSP49adm75zoKWL1E4343Y5a929kuK68+L+pGxFhYTDLnb5GAZVU2kNsXxCE7nzPVBttHyjQSxVC0+Y6KtVmO41piwaRg06be62eDbQrBtM/8mdIFUOS097XRtQxySB98nPC7X939YGnNeX/wG0zdcIDHfuQXWPzGA8x+6kss3f8wI1detqx4MrdAMFxBhWuLwqbIibpkTVzxt7rPwSqFq54m00Bf0RYK8gb7rlpfQO52T1+tELwa/H2Svrg2p8eDLQiCIAjCaSEv/K53CGhNgNYhDdUgJqF6os6n/vgzfOo/3saxu6YZKQ0RhhEqUExWE0pxFUvnSNh6AA01xNHhiGpUvB2XX7cewkJZM6s1L5xIeOD+WR58xHJscQezySQn6uMcnh/j2OI2jtYmOd4YYTYZw5oSykQEVhEZBanGmvaPMopUGVJtKdmEi+0dXJR8jYgZUlJSLA0FsVJYq7JQ0GjmUKQWQnH+CoIgCIIgCIIgFJIfjLxSqM7VhFZedTjmfB12ZTEh531rh4rexKQW5mKYT/P7pzqnFbgSLnyuUpkLeKEeE6eWRrK6HKmnC2shNZn7F2sxSQw0r9NsyjsKzX1vzT0zws7m96DDQb/GENDmnoexcwsrNEChK2V2/8rPEUxNYJaqPPPr/42kYL3pj9zG9Cc+v/oGtTfZEnzzv9PZR38Xcb7Usu/rnIu233qK7rtFy40xreiBLjex9vKIF4m7eXH4VFB0HFf8W7JJcgCvJ+IAFgRBEIQtRlGo5/z0IHV1kuXFMTXD0996hk/8r1uoPRMzOjqMGoZIBTQwKGA0jhlqQLUckqIJlMIoQxxY6kHEdLlEPYDI+slXmg94KKohzFSgGkaQlsBYjAk5/MIic3NznHfRKJMTFWCI+digGllYZqMMh3VKFKQM65RIW0ZVHRXUUEENrapoNQTJCBU7w9n2G5xt7ycKlrC2BAYaOiFAoS2EVmHIwkAbG2CNQmOy3EyCIAiCIAiCIAhCB/kO+2XhQwepi7XnAe6or0cl7WWdQV2VdW/C2bLNHgLaWFhIYKkw328+GHbze8chyb7M1WJKgUarEAWUws3hkDUG6mnm/G7UamAtgfak36bVNyefNS/ELvGAzyDWKgDbE7Mkd91P9L2vXbHs2KuuZvIHvovjN32MxW/cz4m//xQ7f+rtLZEvOT7DiX/4NNVHnmTkmpdSPmfPqtvVsV+2OZTDFvw+b6CLeJA+PNfn109eXhfq2QmqvjCcpilhGLaWdwuzfLKi4m01AXetiAAsCIIgCFuMbnlD3DxjTF8PhK68/1AXxw2OPH6E+z79be699V4qdojx8ghkA2ZJrEE321DTcN50zOM7LUuRJjQKqxPKNuCJ8RJGDRFZ1Xp1CiykCmJlmStr5qMIS4iOXVsVmBRrLYvz8OgDS+w6O2bnrgqjIxVQ7VGMgS1hEnBjR0+YSVAJSicoHVMKDBXVYHvwPPvCexhSx5rveClGg1UBxkLDQmqgrC0BUA01JkyITUiQT5AkCIIgCIIgCIJwBtOvA6xX3st+1u9wI9Kn3OYn5HTfVVvUVaq3+NuqxrXb23A27Wa4gdUbRyQaBGuhmsBiQcpaFwLZuoLZ3LYRuJklValMKDXGcnS+jlagyiGkikivXUBcb2zrv+z9vpFaksRQq9axxqK1527sMEA3Pb+t+cpbtIF2cAX6dpA2PxVrywFMIyb9wp0EV1+G2jHZOlZn/ew7mfqh7wWgtG83AMHYCGf/1j9n58/9EzCWYGzE2fKxacr0p79E9f5HSOcWOPL//G/O+b1/jR4qr6pZHdelE/m9/Wz7Epqp01a1FQiCoNU3NXgbu/fn9bNuP/foIAhafYLWWpIkaQm/rr8wX09+UA/QKrfafV1vtqpwLAKwIAiCIGwhuuUAXm0IGq01qU1ISFiarnH/l+/nnlvuZeGZRcb1OEGw8sPeSFynHimsyuI9z5VKLEQlGoEisG7dgIbW1APNfAgLJYVVuj3Y2Gt2ayRoAs8/XWNuJmXPXsPOs8YxpkpU0pj8y6xK3B5h0yEWbMJo9AIjap5j+gIW1CST5kXG0mMEqoFWKYoAk6UMJlYWrSBovuwrYzdViCtBEARBEARBEIS1spYOdj/EaLu+TqGwVz7fFduWn1Bdlq+0vlOKrTffVxA3qfAL2W4tpTCXe19e7vKzTQGoOW29cs2kwJmYZkkNHJ6tMTUcMTkcQZRF/9IuXDTe5ynEvx4smevZNEM/z9diphdjQpsyGul80Guc3pu1feWWD5UCto13yW+1zoyNBGsTZ5v4V3N+Wqk1CsCAeegJah/9HJV3/SCUSgCU9uyktGfnsrLR9kmi7ZPL5i/d/whH//eHSJthoWdv+woTB17PxPe+DtWnqcFH4/KlNqPQNX/VVTMKnbL+hdr7XtWaz/JBKr5ztlsY424MUjZPP4Ktv9x3/Lq0cfkogvk2+fmB/en1FF/73eeifdxMAzPWCxGABUEQBGGLURT2ea05gBeOL3HvJx7gi395O+PBMKPBKElax5QsgSn1XHc4iZm1ZQyA1SxEEQtRQKJhyBqUhboOmCuHzJYDEkA5XViBVQaVdj6oWpu9sWodsDCX8vjcNCeOz/OSy87GmHpBK5oV2gC0YrddYL96iCB6ino6SUONMx2ezXAwy7b0aabMUSLVwJK5kq2ymbMZm70c2Gzk81YdYSgIgiAIgiAIgrAS7n3Jd5S5AcTdBJXVbadoZvNTtcv0u7mub3m228Y2BzUD88ngAYxbwiBtF2UWKlmjlMEay/GFBgu1mPFKxPbRElHgCasDHPv1xBeBU2uYr6WcWGiw1EixgFaKMIDRwBO0lML964gX3GMPdkxGTI6dGhlGa0UYrv1otv3s3ZeviUZM+vEvcnR+jh3v+Ul0aTCBfOnBx3j6V/8T1Qceac2LXzjO0T/7O0ZfeRXhtomBm+Q7gDtDyy8P6p4/493EX/+zc1vLV1ht/9GgAms3sdZ9T9N0mejrl1up3UVtKco3vFYGPYanI0/xRkAEYEEQBEHYQhSN1svjHvT8hz0//EtHWZuw8MIs997yLb7y9//IRDiO1gqjUrQOIQWjcyG9mrlUHMPVmKhUZ2FIM5RGzEUjLJUDSqmlpkNqgWK+pFmKmg+nRrfq6Qi55fYRcPl30+ZIbK3KHD2aML/4FOeev4NtO7KQNln4mubgTgsoQ8XW2Vu5l9HSYaJ0gpgYo1JUrKgyzBF1GdP6Isbt80xxmJJdILUhS1aTEjNkQjQp1gZb7sFSEARBEARBEARhJXxBwXedOeEByh1CTPeKct/zrt5+NIamkqNys/wqu1WzbP4mfv1LTJb3t59gra1j0hR6M9dvMxS0tS1XrwZQCqOyc16LDdVGnSMzNcYrIWPDEeVSwGgUEBVYSotcqO57L4qifS//bklTw1LDMFdNmFmKaaSZs1kr2wrrvJDCUKgoO2Hb+/Gd0L3aFIaacAOrMP0IiL4gvF4hvHW9gf3wZ3jq0Sc553d/hXDbcpdvHmsMc5//Gofe+36S49O5hZa5z32V6Y9/jp3v+pHBG9RyNmeCrzUWgk4ncS+ff7/3KmPMMvG1yKix3v1JRee4yPWbJAlJknSUC4KgIxfwSkJqXjjWWq+Y+32t+PXlt5X/2Ups4FuPIAiCIAjrTVEI6PYI6/YDWpIkHDx4kEajQblcbuX5CHNvLdYqXnzmBZ645zHCcyNSnZDauPdDVe4BWgGT5YSRsI4m4JyJGlM6JCBgKYI40CRaY0yWBzirO1eHv61lm7WZyGst1DX6sWeZPFZhdGyI1NQoRar5cJuNOh9SVXaWnqVCiNIRpSBAp6Bse5uGEWb1BHUuZNSeoBLUqEQjBMEeMMNYG9Lfq7MgCIIgCIIgCMLWwr0vOvEhTVOSJGm7zhhpF+5lrnQhWnNisS9QdiwowI/erGiKxl3CTvvLCk3FdgURaINibCb+xj0a3ynYNMWr5tBuRTOks7WYpiCqNRjTFAt1NuA6tbBkYDaGB+cT5uKkY5v5+ovQCsZDmIpgPIIhDZEqXqVYvO/0c7ZdywqtVNZWdJa3OPvColGUmrmNtWpuTPn9EE7M6378NjL9CHEdIYyBYB32VSnF2OQE81/8Oo/+8C+w45+9ndFXvozorB0E4yOoKMIai6nWSE7M0HjmCCc+/Ammb/kcZmGpa73P/c6NjL76air7LxyoPX4IaGMhCLRzCjRLLL8Z2aIvRcfGuxjTNO24B/qGC2ttcxDMySN//80Lv74o7Yu+rmxRfXnBerVhqtcbX/TVqwgLfiYgArAgCIIgbCGKcnUAHY5fNzLvxIkTTE9Pd4xOhM6HN6MVyijUHoWKoGHrBGp5vg+fQFt8U3CqYJwUFTQwWjGp5gANVlNKNUYFWAyoBHSahQej/eC28gg+jdYhOogxqQJbQs0pwqomTbP6MJ0jARPGMJTQukGkKxgCrMmWWWWyUFBWobRFRbsIRsoMD2+jFA1haWBsA0Uw2MkRBEEQBEEQBEHYpPgutiIhIO/AckKHH4EKmo60vP6xsi7YUW4lx243V2+HaFxEF9daa45TEzcZtRSqA49fdufVi8ilVPMQWJRV2WfTUXkigaN1mGlYaqlqieVKeap5H8fOArNJ9hPVMjF4ewm2laAo8rFzI/snKT9+vHVd6kzMzkRrhdbZsthCzcJ4U/xVrT4PbxtnKP6hU97M9bzMt511Fs89eZBnfu0/Uz73bMqXnE+0azvByDA2SUmmZ2k8/TzVh5/oKfw60pl5nv3tP+SCP/odwomxvtvhBitYssEAbctzJvy2/6djahm9I4K37o/5dGxufhBkfUndUrX5gzH8uvL3Xzftot/lxVCX39cP95zv++vm1F3RMZ67QNz9PV93vs5eQnK3Y1BUVinVci27Zfk2bBVEABYEQRCELUa30DLuAQkgDMOOh8/8w9my70OlZYJv/mExLwp3q0+pUkc97TLlrvUVfW/X4R50yxC5ec0cU6XOB+POfSh59RRvs1wuMzIy0nJGZ7mHgzP6BVAQBEEQBEEQBKGIfChTNy8fetMXf9M07Z1j0rl8m1+d47fI+XtS8a3CvRZvshzAqcnE1H5brfzzkXMJOs1MadUMBa2YT+HJRct8rIhTd96yk6esxVonpDWdua6vwm0vt32/nbGFE3HW/ufrcN5w5gwuNGB2zPREYOUcwG39XmuF1u6aza7LpVQxEioi3S6b1bu53b8rUXRdKFyo5PWhXBliYsd2jj33PPVDz1I/9Oya61z4yt2cuPkz7HzXj6D6bKxWzf0qGEiS13RbujDegvzIEq+eZbc1717ZbZCMM2fk76muLCzv0/Pnt/ar6Xz1lyVJ0hKAuwmjRUaLvDjr99H54u0grt+8YN2tTH7bRX9n/OkiAXu9w05vBkQAFgRBEIQtRNEDpnsYzIdDKRJrB/nMP8QNso7/mX+I7Ge9zm2agnWW5+ftJk5ndOY40VpTKpVaQnkvl7QgCIIgCIIgCMKZjv+O2cv1m3f+FnbI+6GWfTHG5uZZr3xRm1iuyfQo3n3fenzPT28mecHaQcVfX+h1Ym3m9NVaYYxFozBkkb6ercKhRUViLMZm8aCVIrMMW4ttisDKs15n9XY3UBbNN2ShpR9ZgN1DsG8IykGP9XznrnPz0nb1Kt2+ZoMsFjRWKWZTxY6w+b6vVOYWLtjCmdgf4GucWmUhvtetbq2Z3L6d+ekZaouL61KnWapx/IMfY+y6VzB08Xl9nRM3EMBn2UAEq5ZfhM0bjX8r843t0N+4kLxQqbVu/c7lQzCvFIrZd//6/X5516+/brd6TwZ5p7LfBr9MUfk8+T48t89AYcq7rYYIwIIgCIKwhSga+ebnHIHuI+fc926f3dy4vQTgfuotEoDz7SpqQ7seU7At3aVsbwHYLQ+CoCNfSr6eXg+ngiAIgiAIgiAIZyIrhXv2HWfdOuOttb3NtkWKbmE9Wdm1dvkXir09K90c74HWQt1AYw1RUd2etiM4Z+d6LlEcXLQcqysMmdtXa4WxFmwmmtZrVRq1pWXC2PD4ZHd7aR9C/+E6HJ+dZap2jIlKme07dxFFbVtwVs4Jvu12K5X/zNqMauYGBhILdaMYCTqFwq326p/1qKwvYSlix57dPPfkk1izPkLd0r0Pc+JvP87eX39PX7+WWrX3q1sUZ5vLId0qa/PlmnS5X3ULq9xNBA7DsOM+mhd4/XDS7eu33e/l8gr7AnC+r+5UC6TdXM390q3f0s3zUwtsZUQAFgRBEIQthFKq9aDnwskMIs6uRgDOl+sl6Hars6id/QvAxW2HfH4Tvzy5ssGy7ebblGerji4UBEEQBEEQBGHrEQRBS2TIixJpmrZCjrroSfkIVF3pJqB4i913v6jqU/wtDO1avMnl63ZYft1am+M90ALVNHPProbWMVKgUDRle47FiscXYSFW0MoBTCakWoU1Fqss93z2Zu762E0dYn9ULvPT/+0mwlJp2fawLFMdTzz/NCZJ2HHuhQAkjQb3ff5j3P3Jv6V+4kVGh0q89OXX8jPv+VdMbd/Rarf7L//er7XnBNaKpv6LUs1lKsuVXLGKsMMturyuzYT7Xe2Ff2UrBRqLsWpdQ0GPTowztXMnJ154cX0qTFOO/sU/MPEDb2D0FS/tWdRamue7W9Dr5qeymQhsVTv3Ne3fhfX89XeCrta6lZrNNyLkBeCifioX7jlJkmXuYf9a3Qj9V/0aKdx++8fAr8MJ5RthnzYCIgALgiAIwhbCDx3jz4Pl4WJ83Lz8iO5uD5mu3rxAm68jv72ieUVt6iZcF+cc0RhjWwKvtSa3vPiFp2j/3DaKclR1a5MgCIIgCIIgCMKZjhMo3PtS3mnm3kODoB2bN//OtKzDvtiC11Vj6RaaeSVWDBG9bJttwbNVPpePciCshYUFaNQHW68fohKMji6L2RsbqK3FHOdE1KZjWynFiQY8vACx8d7LtbsmmqtpMBbGtp/F7otewhPf+CovHHqMl73hzUzs2kMQtl2LTk9ri7ad5+GLf/n/UV2Y4Sf/w59ggYe/ehsf/O33svPcC3nND7+LZx6+l7//4P/hvm/cxf/5yG3o/LWnXLVNIVM1RV8XAhoy969uO4MTFHULoVvzNL32L1UTavF6ClzNc9Q8V9bSdGxbjLUYY0mNIU0thApdCkiNRQfrdwCU1uzYu5fFuXnq1eq61JnOzHHwF36Ty7/0QYLhStdypnmBxrbA/Wtt80T7C3Oluh2GNZ4iP2S+i0Tn3MA+WmuiKOq4//qDbrqlgisKKX26+rK65TP2KWq7m98tX3J+/a2GCMCCIAiCsAUpEoL9ZUUv4t0E3qLcHdBbUC4KRd2rDd1Cw3QTkLvtV3OqL8G3SPTNC7y92i6jDQVBEARBEARB2Cr4QkI+3DMsj6bUV05G2/HRq0jPZSr3vS+Ktm2dE9Lmi2VuQLeOiz/d97YsvPgCzMwM0sL+GBuHCy5YJgBXzeq0KaXaWnfmss5cvcca8MC8IoGWsOq7hDHN70oRWMvLXn+Al77+AB/+3X/FzNHDHPj5X2HfpVexNDvDNz71lxy6/y6277uAV//QTzC+YxdPfPOrfP3jf0NlfIpX/eCP8eKhx/j2HbcRVSo8cucXuPja13HLje/nomtew0/+zh8zftYeTJpyzmVX87H/99/yd3/9p7ziVdfxiY98mJdcfgV3fOGz7L/spbzlbf+Eqe07+OqXv8inP/b3jI1P8u7/65c4+9zzW6Jv9uP6IRR1A8NhJg6745B9njpx6ekjNZ55obaONTrh1/0eu36j9vy0KSRu31bhvHMj4lQRBStUOyA60GzfvYsjTz29buF7G4ee5cX/eRN7/uXPdC2TZimqqSbtbWa/6+2RB52/1blz3S0E9AAUXT/+fdIdDz+0s79ufvCNE4B7baNXv92pppsIXRQtUGvdEeK56O/JVhR7ixABWBAEQRC2EG60tQvP1Sv8svssekDs5XR1o/HyZfIicbfl/nby00Xlu7UjX2f7e9E8uq6bDylT1KaVjpEgCIIgCIIgCMKZjO/49V1nsPx9sJ9ws2t9kzo5UkYuxqv/dRON/01MFv55dSyPc3s8hkcWIG2eONUsY5vBoUGhtGeStpDlArZtsVhpFHDLH76fR+/6Etcc+BEevuM2Dt1zJ2/95/+OW/77+wlKEZe99noWp4+xOHOM2tI8FsPS/DRLsyd48dBjXPN9NzCxc3f2Hh+GXH7d93Drn/wXvvn1O9m9dx//cNOfc/nLruayl17J3/31n/HMU0/ynl/5dX7/t3+ds889l5GREY69cIRzz78AaIq8TVew2/vYZMcwyOUC3sz0ORYDLCxVY7CWegKVqPcxCN74HehLzhuoLVNJQjg7S9KIB1qvF+Xz9vZcHjd10pl6H78YzfDPXQIUrCv5+6YbYKOUakVdUEoVhtovEkTzkfnc/H7DL58qikweRUaVoiiDRWW3MiIAC4IgCMIW4t3vfvfpbsKWwuVbEQRBEARBEARBOJPxc006ilL2DNJBP6iY0k9o6L4q8cIN+47XlSq1g27rNLGYrq2dvtCymMLBqqLuzmvzv5b4m9mEW4dVOWFYWaz1B17D4swx7rrlgwyNjnHovq8zd/wohx//NrNHn6c8Msrzjz7Avv0vY2z7Ti6+9rXc9fG/YfKsvbz8e36INIlRSlFfWsDYhFBneYRri7PYNCUeGmM2ydrwvt/+j1x4yUtQWnPTn/4x7/2VX2dyahuPPPgAO8/axd5zzm27fwGauYGdWm2BqlEMbUVlRSmq1YR6PSEZysJAhz3CQIfXXTPwJiJgaA1NHBRjLUkKibFM103rmu0I9dwZE7r5qZbNOVk4U0Le0evCQbv7b6PR6BlGudvgm14R+E4V3f5e+MK1+ywSuB0rtX+ricNb8TYlCIIgCIIgCIIgCIIgCIIgrBP5CEm9HL9+h3431kv87VrYibwuvadfj1eZ30R/G/nQ0G02trhgbCbarhWlFKmxPF2F+QRQqiMzska1wmJnoZ+z6Uz0damTaCnGWmtKQxV0ELDz3Iu49k0/ikkTUJqLXv5qLrjyWh68/TPc/Ae/RRLXecev/z5BEGaVYhgaHeWaAzdwz+du4co3vonzrryW2sIct//tB2jUq1z9ln/K4dlpEquYPnGMRv08qosLlEoldu7ezX/5oz/h1ls+wn/6rV9jaXGRG//srzvCP7f2O9t5aiZzPDvt88wUldpu7073KLxwdJGpiRKNVBHojeUeHZTUQJxajlRTjLt3KdW6NoHW6A7rzvcpbmO38MZpmrbEYa01QRB0df8WpTbbSHRrU37QUFEKgfy6xpgNu5+nGhGABUEQBEEQBEEQBEEQBEEQhFWjtSaKolY40qLck/kwo91yXhbh0uq6NQb2qPmmPU/89esepJqOeSoTNrOKNrYHuLY+aVUBONqAw3V/jvLOT+YBzhyz7gA3Rd+WtRrcgVdKMTw+yVvf+5t8+W8/wP1f+hQLJ47ysje+ifrSAh/9779NZXSccmWY8R27CcKI8698JXfd8kE++2f/nQM/+694y3t/gw/93q/ygX/5LvZecgVzx46QJglv/eV/y/5Xfif3fPZjGOD33/8bTG3fxqEnnuA9//rfcOzIYf7rb/8mQRRSKpfZe845LeFX+YKfG+TQ3IVqCqPhmSb+dv6GqeYJs61rO5t/9FiVs3eNEE2WKQVsWhHYWkstzs7lkcW0OSIEWjeKLD457dEKy/N/97Wd5qeiOC1ar+gIRaGNtdatH4e7B+fz//pl/O2tdP/tNyz0ioN5eoRwzrcpX68/7e+7m5emadd1+xlotBUQAVgQBEEQBEEQBEEQBEEQBEFYNX5OSj8fcDdho9e84vr7DLFcVCCnYRQKvh0KTX/VtubnbcMbFGuhnxSn/VBL4dHFpue3Jeq6DdFxHJWLo90hAGXrXfe2d3HZa76LHeech9KK69/9HvZd+jKOPv0EQ6PjXHj1qxjfsYs3/vgv8NyjD/CSV72ei19xHeXKMN/30/+Cs/dfzra95xCEIXsvvpx3/Yc/4uB9X+f4s08xNDrOvktfynkvvbZDQHrvb/4O088/w1l79vCa73wDOtC885/9LIeeeIzve/MP8qrrvrMVAhq3Wy2nb3sPqgZGN7jju1+WhTpfYaSFMZbHD81w5aXbiYKQYV1cbiNjLdQTaBh4fiGhmhjvBC8P89z5vb/znr/VdEQR6CF49hI03Y/WumMd9913BzsR14nBK22jiLxQXVS+23S3bfjhnHvtr4/vXtZaY4xBa10oWvfa7lYThEUAFgRB2EJ89DNfPt1NEARBEARBEARBEAThDMQJEM6Z5hxafkjSfIe9o5sQAGuTVvParOpY0G2FLkW6iMPLKx8QpWDHThgfX2UFPYhKEARAFrI4WSft4+AS1A20HLxe+GcUKKuwylmsmy5Bb313qM6/8hWcf+UrmI0tjyzC8Thi8SXXk1zyRhpa8Vio2GFgzzWv4+Jrr0N7otC2Pft43Y/+lNcG2LHvfHbsOx9j0nYo36Yz2eX0Hb/8Ozjwfd/XITC97g3X87o3fPcy4Ul56m9eH0utIrZQOg0a8LaJCN0j9+7A2MyzDWCbYqGxWfJmYyzGZj82Ndm0yZzd1aUGlaGAKopKtPwYbVSshUZiaaRwopby9HyCAbQz+i7bj/YAhl77WCQb53/lurl+88Kpf8/0Bd98uaLw+75I6kdjWCkH+3o4Zns5h/sRnYv2Md++bn9PivIDb3UnsAjAgiAIgiAIgiAIgiAIgiAIwqrJixnODay17nAD50ND5+uAFQTfvMLS1hhbUVp7ORmtv35uQyuYgFsr21z51gq+43UQlIKJicHWWQWJzUTgtTIXw/FGbmZTXM2ERJrRc734yf5JabVwhfkAACAASURBVIbMbhg4Ws/E5BOxWlZfaqEWw/FY8cgSTEVw8QhsK2WiaytNawFBoCEnOe8493yue/u7mVNl5lLNVESuAl/gUx3O31zTyCTvzD1aOg3u17O2lTlrW3nd6msPwACwGOvEtOz32lhIU4M1lrQpCKdpJrSlcYJWEfUE/n/23j1AiurO+/6cU9WXaWaGGS4yCKggIqBRQBNEIiouGhRNFnxNgouvBoxm5VmzwfgkRpOsotn1kpVdfaKvqHl0JcoGHzV4X0HJKponIhouBgFFQC4DDMy9Z7rqvH9UVXd1dXVP98zIbc4nabqn6tSpU7djVX3P7/uLGj7H5MMUW0HKwhV/bT7cnaTdBin9Vs+hKjCQG9XrJ9AV5EbGk9/yOCgGB8XcYDmvLzXcAR7B/tcvAHtRwMH8uUGxNSxSuDOERQp3ZPHsfQcF3Xw5gMPqgWzLa/96tQCs0Wg0Go1Go9FoNBqNRqPRaDQaTYn4xV1PsPBECMMw0nkpvZyNYXQmSist/Kp8om2BBSks5hSqKlitArw0wKqUpMIHCeWKv11NAawU1LV70b8hCBBhxyItEDv/7GuHTc2CnUlHXPQvH/iRpi4Fqw5ATcwRgqsiHbU2u47jRp3OcaNOB5zcxb0jIAmKlSL0Z2YzsiemVIi79RFI9rUn8OK1nemO3C2Ec44L9xhLAZYNba1JlLKRsSjtQmIIMOThtU88JwBbOW1uTSm2NaRYuydJmy184q9bPisXsPOddVWLQN15V5qfYGRqUJQNWjwDOdGtkBE8/fV4dRiGke6HvYE4hXK0HwzConPDygQHDIWJ4H6CojmQJXr3VLQArNFoNBqNRqPRaDQajUaj0Wg0mk6jlMp6Qe9FnfmFDC8iLRgR7BcsQiPPglG/eaIyC77j9ws2dmFxKqyadNSvIkcJTq/3MBYCFdDeDRpIm4K97YWEZOGKwIHoRt/s2jbB6npotsg9tgWFc4UFfNEGB1IwrrcTFRy+WB6LWxzr4gbLzeFrZiKV000JBiOTZwaQsh1RsTvdmA8b3IvKu7b8NtqeHCqEE/GdTLaRarfo1SsKERPbFkgckdgLqj3Yu8h/zdrudaqAFkvx0e4kXzSmnMhfX6C6QLgRzMIzDvc1XKVLFRzjkWdepj0qx7o5n5UzgWWCEbrBaFePYP/r9cH+wTh+cbRg/5tvMwtYPYeV9RMm1gajk/1id1AozyfoBrfB+2+OFoA1Go1Go9EcVRQaVa05eCilsCwr7025RqPpuej+QaPRhKH7Bo1Gc6QT9qI+LBotaA3tlZdSFhR8Vc6PDoTfsDKicDRvh/g8onMigQ9jnSHV1fBfHMvj/UH75zACwpBAoRTsaYOVdX4rblGCMJgp2WQLVtYpzu7jRAKXIrwLBK0WNFqOAOx3qs7ehI4rtd2oaqP41R9ReKe6K006wq8AISRC2OnoewGkUin2708RjZpUlMfBkOnIW38u5YOGa0eucI5Ta0qxua6N9XvasJRPLJQi0z5X7JbSyxvt1pXV/oDCGxR8RWZy9g+vWeH9o//jFznzWRgHz8+g1XLQKtq7t/REYU8EDgrB3U2Y4B1m5+wXgAtZQhezLg9vW/119zQxWAvAGo1Go9EchRTKq6Q5uBiGoY+HRqMJRfcPGo0mDN03aDSaI5l8EVveNCBLBPZyU3r9XsZ61a0v/Q+BiQFEnunB5UrUN9KLFKkZlBpFd7BQdE/+3/1t0Jnh5koJ6lOwpsHblaU2Jld8SyFY0wDjeit6+SJ5c0cQ5K7LAupTcEwMzC4cLxtnv3boRn0EIFw117sEFeDlclYCpFDYCKRQWF6UrFBIAbYTO+tGA6dobW0gEjGIRAxMQzqCajdcFwrY0QRNKUVl1Hc2+PPJuv8oBW2Woqldsa8lxZ6mFClEJopZCIT0idvutgpvDF62+uusX/jPs5zZ6UaWcnbns3sOE2XzlfF+B8XVYFl/RLA3CMez5u+MCFyqmFrI7rkjgTu4HfnaEvzvDWQigXsiWgDWaDQajeYopKKi4lA3QYNz45lKpYhEjobHQY1G053o/kGj0YSh+waNRtMRDQ0Nh7oJoXhCrvc7LL+l99sv/gZtoTNCsFdx4fWmiwWj7EIbWdy25NObFRmBLN86DtfYMkXnhNsge9s7t5yl4PMWR3QFOueVrXKX25+Cra2Ck8v9hzfoN+wL+fZNb7C6nhPZJmMvfBjq/p1HiLSNtyeyqrQldEb4VcITTpWTR9dW2E5h2lMW7e1W2nrZMd+GUMW0SCwFr30OW+ptTqqy3WjkTA7ftGTrqsDCaVy23bDXZnc6rhDsbkimgvSyWTsmu9letK97/IvRQ4ODRPLZPZci7BZaj79v9ovA/oE4wWjgzhAmvAa3Lyy6uaP1BfdNMW0Ia48/ErgnoQVgjUaj0Wg0Go1Go9FoNBqNRqPRdJpSIse8lEWeJXRQiFB+kbGEd/Vpoar4RXKWLzzDryIGRRifyFUwQeihoTuifwEOdFIAbrEdAbhLzQjZpTbwaTOckICyQj7MIcs2pbpnvxzdcpIj9iJBWE6+XMub5gqpUoKynTLSFds962XvmhA4UeCZWklfRsoXqR12hQXdlX1uzaQjd33Rupn8xEEBGIQUriW133I5U48CpBchnGePZLXLF+1biq4YjPoN5vj1pnllO6oHsp0ACy3jCb1BIdgbiOOJwd1FmOVzML+v/ztMoPWLuGEiddD2OWyef1/1JLQArNFoNBqNRqPRaDQajUaj0Wg0mk7jRXbly0sZxMt57hchDMPANE1ozb+efBqL6mB+MXWEFnKVIOX64XpZRT1rak/kyhKsDsNQ0O4QOpMWtHWynq0t0B6yrGVDUxL2NUHfXlAeLz2Sts2NLj65vLTl2pWT07igcFwE3SWuHy54kaxCuOe7cm2P3eMicIU4ZSOlwLbBkBLLth0RWAlsO+MjLdzrxPvOXlkgcrsDlHJEaClASJWO+k0LyniCo3TOI8frOWP77Fo8C5ktDnsW1UKmQ4N9leZaQUNpwr+/rGEY6T7CH5lbrAVyqdMLzQ+Ko/6IYU8Qtm07Szj1R/F2JE576yi0nYXa6Y8UNgyjqGULRUr3tOhf0AKwRqPRaDQajUaj0Wg0Go1Go9FoukixwmdYNJhffAgjf+xtx5QUjxssrIIz8y92ONMdAX1NqY7LhK5bwbaW3GkNLbB1H2yvg5Z2OKYCzjgBYp3IgvB5C5zUyxEGS6E5Bb27mHXhaMwsmhaBnb9QQqWFeamcbRZSIG1HhLUBKSQtrc00NDRg284giURZgngi4Yi/nqbqs5YuFek0J2PN7EXwCgFC0drUiBCQqKjEHx2cFnsRrvjrVCTTfU4mB7Cz/cpXd7bAnNlJnduIYP9XyMK5I4oVNAvlEfbXI4RIRwR7Aq8XcRu0bvbK+6fns3suFNXbHQNmwuo4HAfiHAq0AAz8+923H+omaDQajUaj0Wg0Go1Go9FoNBrNEUspNtDBHMH+/ME59eb5XVLbSl3AJ+4El+2orsPRAro7RMqWTlbSmIJm37K2gk9r4bM90Nia2Z+7G2DrXsXwmtL3XZPliLnlJYq5rd2wY3pCUGFaY0VgSxBOsC/KCwy1QUj4r9df4Te/eZDW1hZA0CvRi+v//h+48KKpPpFQZuUETl9qKnt9+XardCN48QaN4Pzd1trCS7+9n0g0yt/+4KeZ/L4QsIL2C8NOu7PEZBkW/RtCEcc9rEiYkHoo6Ch3MJBjDe3PR5wv129Y5K/m0NHzTK81Go1Go9FoNBqNRqPRaDQajUbTbXRWyAiLhvPnDy3W0jmsfNbfhSpTbg5fz9LZ/zurXMACNlQbyh/FfCjpDpkpzMK5GOpTmX16oBlWfAx/2QYNrcF2Kb440Pn2NVqlL9OJRXI4mvTf7EjRjEjqnNeOUir9lsnub2k43/v27WXNmo8YefJIJkw4m717a5l9zUy2bNmMISVSCCwrhWWlnGhTN/e3AGzbQtmWW59ESoFSNrZtIQQYhkS40wCwLTyPadtKYaXa2LP9M/bt2Oo6CgDKwrZTIGyk4UxTVgqlbJSynWhg739+wZhM9G96ZwQI62uK6bv8EbWHI0FbaM+ePxKJpD+maWa5NgRtm/15fg/X7ewp6AhgjUaj0Wg0Go1Go9FoNBqNRqPRHBT8AoNHd4qmHcoNwQDdIq1c/aKOX9Pwfnfe2PYIoZOb1ubm+d22DzbvgbYcK2lFwrSpSaQY2scCEp1aT7ITwYYpHaDYIc61qdLXjQIkAiQoG2yUcznJTOrcOd+/njPO+CoLH3mYn91yMx99uJqaATW89urLvPLKS8RiMS697G+ZPPlvaG5q5sWX/sCyN14jFotx+eXfYfxZZ/Phh6v4/eKnqdu/j3MnTWb65Vewe/cuXn7oUVp7H8dHB7Yw5Tvf56+r3mHVsqVUVPdlzxdbGHTiKBSKrRvW8PYffsfubVsYMXY8X7/sO0hh8J//fjt9agZjmibf/P6PMCPRrMjg7Py//u8Myvd9+A336Bphls6eCOxN83IC+yOCswbxBITfw3FQTE9BC8AajUaj0Wg0Go1Go9FoNBqNRqM5JJQiDpSkQRZQZzxtQgQ1nixP2uAyqkO1R+HZWh+FgkcnNqklBX/ZqXh/q2B/S65dclTaDO+dZGhlGwMSKdoicRq7p7VFUWrO4J6A35o9Z577T/oMlyJjB03mWl7wr/fRt18/Plz9AeXlFZxyymhee/Vl7rj95/y/V3+PvXv3ctf8XzB06DDeXfk2D/3m35l26bdItbfz3ntvE4/H+OGNf8+wYScy4uSR3H//PdTu2c15501m9bL/Q3u0nIlTZ/Dx//0j//nvt3P2Jf8PINi19VMGnTiK5ob9PP3rn9O7bz/GnDOFFc89RVtrC1+dchlvPPM4x4/8CufPmIXw5x73xN/0tmau4wLdQsE+qSs9QSmW+t1Body9nuDrL+cnGPFbbNu/7O0rdC73FLQArNFoNBqNRqPRaDQajUaj0Wg0moOC3/Y5bHoYXX2Fr3J+uH+WoOgIIVBu3tKsouLwzwPbHTKLWUIlSsGuJnjmY1i7F9oCXssSxdDKNsYd00xl1HbqFrBfxjrdvmgnkl0a3bBjOltFa5tFfWOq0wJVecKkV9mXK+8I99z2ooCVEo4w6tlCoxASlBLYypkCsHbtGlpbW9m9exfP/p8/MGzoiTz26EL27dvLyy+9SEtLM5s3b+L9P7/Hyy+9wNfPOZcf/egmTDNCKtXOww/9Lz7/fAtLnn2BAQMGsm3bVv6/h/8X559/AQDnz76Nc889hz8svJc+NYO44h9+QXNTPTs+3QACGuv2sP5PKzhmyAns3voZu7Z+xqa//JnTJk4mGotxwRVXc+GV12GYkbTVc9rx2euHAoNDSjlKfuHXv1w6H3G+5Q5iRxKWwzdfuaBrg1/gtW07Lf52VFcx6+tu8v33pqegBWCNRqPRaHoQ/xqvBByPIyEVEoHERgjnN4AZGAKb81AurXTZfDdQhmHkjLQL/rZt33Ql3VGCmb8tU6CklwNKonCe5myRsZpRtsBGYQvHdshWYCOd3+63wrGpsVBYXjkUNs5vB2f9NhIlnIcXcOqCTG4n290Gb30eFtn2NrZS6WWerN8buo80Go1Go9FoNBqNRpPBLyp0WfD1Inw7qixftG9YnXlXVkyhI594EQKrraChDd7fCc9ugMZ28EukhlBURiy+VtPM8RXt6QhcBbSIKLYwOt2+ik4oHbFOiMZBOqtj1TelWLOpEcvq3Ekz4vheX5oAnC30pacihEq/L0lfOq5KLG2B+7qGx3/7BCjFtdfO5r33VnLOOedQWVFOZWVvZs26CmlIWlpaOe+883jn7T9SW7uLXbt3Eo/GaWxqpLpPNVIafPLJBgzDoHb3Lo4ZcAzSPWHKqo8hnkgQT5TTdGAfDfv30nRgH82NB6js25doPEZ5VR9Om3gBw04dR2tTIwOHnkSvyt4IaZCo6E0kFksLvhknAOH7EhSr7odFCJcaLRzc7wcbr/8Ns+gPirthOX/9dtDBeoOW0geTnir8emgBWKPRaDSaHoQQCoR7U+beyMsspxub4B2ucy+fuWGS7k0/5H/QcearrGW9st4DhGHItDWWUqDsjLALAiXstCBsCzuzrFufEhJEWqJFKeEK0zaOAZGNRJJSjoArhEDiiMzpe/n0ZtkIdxlsiS0ESoBUNiiJjVsHmRt2oTLCsHSHfVtkbmrV0fzkr9FoNBqNRqPRaDRfEp15knKiFHMjcTt891+k+Bs2M1iuszmAlVIk22xSRQiBsYgkEildteyOSNdEB9psuwUf1cJ/fQbr9wXnKnqZNidXJ/lK31bKTN8AcSCFpNmId7ptZbLj9oXRmWWCdIOGfAThvBXJSpHreD+DzAzgkAJOGzOWSy6ZxoIF/8rUqRfzzW/9LX/603v8538+Q7ysjMGDBzN79hxmz7mWn93yE+becD2tLS18/ZxJfP/71/Hff5zGj370D/Sp7oMQgn/5l3uQ0lmvFAIjEuH0c6aw9t1l3PODGVT26ccXn26g5vgTqepXw/kzZvHBW6+yf88umhvquWzODzGj0fRmePl+g5G/ObbwRVLslV9IkPTbMH/ZFCOMhgnSfjvofKJvKevQfLloAVij0Wg0mh6ENBwhVbr/GCikO9pRekMWvdBcfDedwl+HwhC5jzj5b1AzIwiV91QOKGWDN7pQKDdXkqeyOgKq5YrIAoFSFn7XKEO5Qq8r0ErhjDZOZYnAKj2iWCiFZ9gl3b8VXiSvs4xUEgvb2RfKiTZWXsS0kumSUoFFtggMYLgisMARyvXNrkaj0Wg0Go1Go9FkE4wmK+m5KRhql/8xtChFplCOTt/ja/Ft64QhsFLw2Y4W9h1o77Ds0EFlDOxXulDaHQJw3HBsoFN59qutYN2eMPEXqqIWZw9s4theKczA6wQFNBtlpITZ6XDaIWWl5/M1KC6quSOO5jzC2RGhfjvoYI5ahUBw6bRpnHzyyYwaNZpEWRn/+I8/4hvf+AaDjj2WgQOP5aGHH2HdurWgFCNGnExZPMZXv/pVHn74EdatW0ckGuH008dw7LHH8utf/ysfffQhjY1NnHTSSYwaPZoD9fV8787fkhwwGkNKhp06luvu/A1bPv4LFX36Eo3F6VVZRVmvci77/jzGTJpC3e6dHDPkBIaMOAXTNPnZY89x7Iknh4utIe/AghTdWwULelUfxnlp8+XuTQv7UuZMl24e5TAraM2hRwvAGo1Go9H0ILycOEJ6QrDCEN5vL/GJ/2E8dwSikBaGK8X6bwz95cJu+LJEYBydWbkRtkoplPS9CFBOFLHhlSUFSCzlCMG2ZzkkJMqRbLFRpASYrv0zeJbNXh0KyxWbbQEo51so3yO/sN3Nd8RhSznrdQRp3/27J5i7bbX9+8EVhW1xVLt/aTQajUaj0Wg0Gk2azkSshS3jpATyCvhnZAINsx43fY9z+XSHoMgbHrkb1r5gGdfnyddE5fsUri0/Cki22TS1WB2Wbc+nvnZAKfl78yGFY7Ncl0enjhqKiYMUa/YIdjVnhMH+8RQXn1BPmFuxAhplgpYuRP+aAk5IlL5cwgSjmwTgg+xqe1AJt4MGfwiwwHFRGzLkOAYPOQ7cAffHDjqWY48diDciY8SIkxhx0knpGhSOQDVy5EhGjhyZtd6amhpqamqyplVVVTP8jHPYXK8QMoVpRDh22AgGDT85K5pXSElldV9OPXtyehu8qOWvTJycbruX/ze9NSHH0d8dqbAZwZmB30pll7fdoIt8/V9HfWmYnXKhFGyl9s35BNywaGB/W6SUSClzhODORjMH22HbNlJ66eOKq7vQu8meghaANRqNRqPpQUjX3siJqrUxEOkbYSGUK36KnBtJ79uxjraRAeHX/wkjKP46+Xu9v70bOAEqYwNto7BtG8uNpFUIDKWwFHjOWMp2rJuFq7pGBNjKEYptHK9nw7bdvL7KHfWsELZCCYWRvu/L5BqWgKVsEGA6ptFuVLEj+tquRu6/p5e++0fby39DtjCs0Wg0Go1Go9FoNJpcISHnZX7YY5T7ABb67r6IaV155Z+zbJHRxYcTQniJkrpGdSRcAG6q3c8nL7/HztUb6dt3GLtOvxCk5NhEO5OHNIaKvzaCJhmn2SzrdHsEcEJZ53L5VhhOFHBXcNy/ejbp69bNt+VdHs63b4JPdFVu+exLSfj+zbMuvEAFVyh1J2TeRwl3fmaB4Huq7Ijf7B/KVghfSHdwrEneRuUhrL8KC5oIy5sbNj2srs6IoMG6OxKMvTZ7ArUnxNohDoLefP+8YvBvc742d0a87WmCbxAtAAP/4+afH+omaDQajaYL/Pvdtx/qJhwxSJGJ3JXKtX4Wyon+Fc6NruGOX87cSHq/vRt1Cbblu7nL/nj1+0kH9vpDaMERfQFlk/7bm2ZZjoAqlZO310I4kb+2E+8LEiUcodd2q7SUcIRtIZFKkVICJdybVCCFQroPJaYSaWHYs4y2hcJWAsNtv6UcgVliO1HDrn20Da6ldMYCWqTzBruRxdkbrNFoNBqNRqPRaDSaDujO3Jfd8TSmcn50XO/ByN/ZGQzh2DR3hT4R+AznmVgpSFogW5v5y1P/xa6/bKa5dT+Vn69jUFUN7aNP5WsDWuhl5q7UQtBolNEiOx/5C9DbhOPKShdhJVBpdt0aW3J0W0AXIuw0916BpN8X4b73cZ3mhF/kdYVg79hlRGMyZXzTvfqFAKTI5PD13l2FWDlnxpT4BpcERN902912F3OJuK+VsvFNKFRHMIo10+TMwJhCkcCd6V/CBOWwSOJ89ec6+tnpdgbFY79dtGcNnS86OWx93SXYFiN89wS0AKzRaDQaTQ/CsGz3hsx2R+VlRk46N88W0rbTN21h0b1CKneUrHdDqny/c1G+O+PsGzAv2tcVaW2BrWwQzs0whkjnF7FtMJXCtkD5bpbbTYWBxFYK21ZIYWPZCuVaN0ulUJgoAW3CeWxISRC2Y3+NJRwR2X1ik0Ji+e7avRtzJ9+wjS09W2mwhfftbJeFZxPtCNI2qsujiTUajUaj0Wg0Go3maCMoRgTFB0/kyXp8PFzf2R8hY34FjlVyexfbW2ZAuQn1KahthifXwlf2bqXtk22kUq3UN+6kd3kNFe+/TNVXTKoTx+YIhTZwwCinTUbCVcQiMYFTKhxb6lKricnOLRfEEJ2PAC6PG5w4uKzTonxVxcGVdsIsgMPmOyj3+hWOY1uesP7gVNHBb6E8RzvSoq8Q3noydQoy/4QfY3+f4wtaKHQ+BJTp9J+qtG7AMIx09KxfRPXv12Cu3Zym+N31Qo5HZ/IMdyTEBkVc7xOMAvba7r1H7CgauKN2Bl0Ji4mO7ulRv360AKzRaDQaTQ8iajgj8IT0bFtASO9GyhWCyR2xly0AO9bREP7AHkZwtKD324v8tW0nB7B08wGjJJY7zlPZIISNUgIpvdGDoGwn76+XhElIhVACpPPCwFbKfcB1VyIcedb1AEIoxwYawIt7FspGItI5hEV6eKnvJtOrxb3xdGyhRXoVaVtoXBtqjUaj0Wg0Go1Go9HkJTTiDLLDAQtYOovc2R2ST5LKqccn+ihbOFmA/YKPb+XeE6fz7Hh4KdYCMLvBAzoqnSjg7U3wwCr4vAHWtQ/lpKFn0v/Dl4hGEihls3/XGsqWV8O3L4NEPN2GRNSgurKCAw1Gl8TzuIQzekP/WOeWT7hCtperthDZul/2cZWuANwZvaksbnJcTWnDxg+H6MVCQmFmlvAJqxkRttB+Eq5onBZ7/SHAmULuJedcY94xcURhkV5Y+AXUjBqc1c6sriXfbvVdyipr+wJFggNWChC0UfaLwU7binu/FvzdnXRUryfqdpRj19tWv+hdiOAgg0J21J2hGMvso42eblGv0Wg0Gk2PImKCadqYBpmPVM7HUJiGIGoW/sRMQSSqiEQVZsROf3u//Z+C0w1FJKIwTZuIKdz2ONNN0yJiKExpYxoWEdPGlBamtIgYNhFDETEtotJ5AI0ZAtMQRAxFzICoVMQNgSEVUqSQwsIQFlI40byGSiGxMYSNFLjfyrXDVhjC+Uhsx+pZOYKu4X6kEOlpEoFUZOYhMBGOFdRh9tD/ZfHBCzDwl/Bs7aFuSc9l/59g2M/hvo8PdUsOLj11uztL7ZLrGTbiehbvLK78qrtHM2zEPaz6cpt11FP/+m2MGTODB1cnD3VTNJqDSti57/RD2f1K2LSjhbB+V/cJGk02eQcVe2oquZOLmZaPsGpVnulOw/wrCZrTOqKPCkwrFQGUJwz6VEY6/MSjnXudL4QTAdzVJ1QpnIiy5z9xxF8AKxLl49Ff5y8Tv0PrcafQ3Laf6sohNG7YSMOqtdipFIYQDCiPM6JfBYPKJGdUQf9o6e2RQE0MvlrVefEXpaiJOc/8ocfcdzIo399KZUc+ohSmO9A8GMlZ/Iesj9u8vGJiWLTooaaQqJbHmTlnujs1EICQ/beUzrsY3MAFL9TXs4JOC73hwcZZ07P2Xr4OwT9JZX8HCZuuQj4AlmVhWVaWEGwYRjoAA3ItloMRv91x/LMCPQLW0IXsnYPLhA0ICIra/jr8gSZBgsJvPrvoUkVc/3p7GjoCWKPRaDSaHoQ0vJsp1wLaIB35K6UEoTADN9k5H1MhpN/ixfsOH3cdNjoxaAutFNiWd3PpjIK0fQ9YToSwaxNtO9HASilnxKTtLGfgRP5aNqTctgg7Y8dsC8dqGumu33a+JWAJ08ndi0AK5VhRAwiJgXL+pwS2ckeVpiODnUhjiTNPCUcItlxL7GLH8q58Gs5eA+/MhwlFLnNYkTrUDcjmzlvh1lNBfedQt8Rh52q4dyW8tAPWe5eOhHv/DuaN6J51tB6Kd8i1MGMBPBuYPDQBY/vDjIkwc/SX24RDst0hLFoAVwYGQAxNwOwJcMO5UNVNw243PjmDC+9Yz3m/rzPUVgAAIABJREFUWsFjM/p1T6WHgvrNvLl0Ec888xpvrt9DEojVjOK8adcw99ppnFJ9qBvYvSST9Ye6CZqjmZKvpz0snjOJV6b6+xFn2k9WZJf06pk3dxrDE6U37ZCd++/fw7DvPg5M4f73FnBZR33Kmoc5d/oCtnINv9/wY8Z9yc3TfYLmaKbYCLbgy/9SBY3OSB9hkb1+u1ffI16HywdlQ++ZtrONEwKGDChjUP+OFzbNLlgmC8eyONUF7ajNgte3wDtf5M5rHzqa6q9UUf7XGprfWk17837qP/gzNV8bzeA+VfQui2C6kZn9o1BuQG0bbG6GA0U8U/aJwAlljvAb7+z9tVL0Mpz1Z6a57beguQ2Sbc5vW+WWCRKRXc8j7EcKiBrQKwq9y6Dc186cMRIqfyquQ0FYftnwcuG/iynv13ezFg37I58QXCRenxDclK5or55DgHfs/MJkWG7gYu2RS52Xr4y/D/e/v8tnvexNL5QSznbTzPmXDeY7Lna7O4ogzrddh9N1crDRArBGo9FoND2IiOEJudkW0F6ODinBkJkH8rAcwDJiI2TuaL38N1R+exbvt8BTR5UtfCMEwROAlQ2WJwLbMj1fKS9/iCDVJlHuDbm0XTcrCdK1hzakJIVyrJilcg2CbFDOcrjL2Lbtir3OOqVQ7nwbN1twWtC1XMEXpbAFSCGwvRtepTIi8GE0IvfLZux02DH9ULfi8MQT90cNgNkTYWxfWP8ZfFpLtwrnNefA5nO6Xs9LT8BLQ+GBEuqaPBp+dqrze+dnsGM/vPQZXLkI5vWFl66FseVdb1sY3bXd3UIlLPkGVAH7d8A7G+CBN+CBdfDOD2BoV0Vgaz2vPraZi6ZO4tVnXmPrjJkM6Y52H2SSax7myr9bwKrmCsZ963LmXTWe4Wzi/b+8x+JFN3PposeZ828Pc8ukI1jgDtB/2gJWTzvUrdAcjXT79XTqNdw/bxL9geTOdbzz3ussXngzFy7bxO+fv5FxJUZaHdpzP0Ys8TpPvLyNy2YOLlCugVcfe4itB61dh3q/aDSHB8WKv97ktH1sEXXnxuh2sJz7eFqs+BvECT4UGSvhTugMQgiikS9foDDcx/CuPIasq4P7P4LmQCUSxQVDmhjYqxcMPofeXzmFTx99jOFnn86pJ9QgDSMgHEHChOMMGFIGB9phWyvsTkKL7YjUpnBE4v5RGFzm5uylONEwF+X9n1MqXDts98C2paC2Hhpa/OLeoRSMMmdceRSG94M+ifBBCsUOujjYFBIEu1Sv948volcB6TTD/mnZS3WM8vUfbnxDVnOz3AACi/qmpYMkwoum8YTRoBgcFvXrp1Dkbdj0fDbKYXV3tFxwfWFtC07zRNuOon/ztSdfVHC+/VJo2uEUOX+w0AKwRqPRaDQ9CFP68/86QrCUEiGdbylBCtu5YZW4ZUBKJ3LWyR8MUjrqbV7bFpl90yfskBs06bdQkmBlIntRBillI21XIJYKO/0NSjj5Q5SRwrYkCuWI0pbzRGQZ4OURjggLS0hQtiPqKrCwPOUbZdkYynZkYuVYN9uA7Q4Ht7EwMLBsy2m28LZDOdHBwpnmDUX1RnQKIbNGlGt6IBvhhjUw8wJ46vzM5MlnHromdcQHG2BHiapi1UCYfJr7h/s9z4adq2D6czDuYdj8j90ggB7uxODs06AG4DSYfhHcsBzOfgMe/Qjmj+la9cl3l/BA3UyeunkYyfMf5oU1M7nh1O5o+EFk+xJ+8HcLWDvqRn7/8HWMq/RmTOK8Gdcw77ZtLP7RDH4y52pii5cwb0xnff00mh7Al3E99RnGhInj6Q/AeKee6fdw4VUP88DLV/LYt46kgRlJhg8bxapHXmTtt6/jlHy2LFv+wCNL+3PepAreXJGnjEajKYqOcjbmWyb4Ml8IkSXChLix5m9Dnt+hBf1hhKr4dfjrCLN4PZzlBSkgZkCykwrw9kb40dtwoC17eplhce6gRo4t9yoWmMf0YdT//EeG9K3IEX/9eM691VHn071kDqx3yAfGHCHZVor2FBxoEuxrEERN6JtwhNbecUhEHZH4YOuqlg0t7YKGJOxrhvpW+MtO6FOmOL4aymPKsUF2SQ+OOMyigfPR5Tb6BHontsDNLyyCom9AMA8bGeKfVWyUr8r+6Ym8Xl8VUlUOwehavwAc/PijZ/3lPaTM/5DtPycK2S0XI6SWQqEcvbZtp0Vur6x/W7uyfv9+DGtLvu092jnaX8NoNBqNRqPxYQqbiBDEDEFUuh9DETMkcdMgYhqYETAipPP1RssERpkgUgaRMojFndHJsagkFpXEYwZlcTP9iccMonGDWJlJNO78jpQZRGOSaMxZJhoRROImkViESMQkEpGYpvuRAkNCREBUCiJCYAImCkOBoWykakfaFlIqDDdfcFQqoqaBaQgMQ0BEIEyDSCRCxDSIGJKIUEQERAwDwxBIU2AYkqg0iAmDiBTOR0BMOHXGpcJQFiaWkztYpTCwiAgLQ9hunYqosIiQIoLlfJSFaR9m3siag8rOrfABcMmRJtJ1BxJqzoSXpkFNHdz57qFu0KFh6LkwGyciumskWbVsCcycwrhBF/KtqdtY/Nb6bmjhwaSBF+6+jTerr+GxR/1ilQ9jMFf8+rfMG7aZB+9aclAj8jSaI4uDdz3FzprCRcCbG7Z1ob2HhgmXz2Dc9gU88HJD3jJrl/6WVWOu5vwTj7Q+VaM5cgi+jA9af+YrC4e3mBoMDBTdGDHaatms2dfGy1ub+f2nTbz0eTNr9rWRtIqzPy1EZ62TdzfDLe/BX/cH6jNszjimhSHl2c++QggwI9gFBKovFZWJ+PWOVS8Djitzzr2WJOysE+xvhGN7wyk1cOpAGFLlWC9HjIMv/oLjyFYeg4GVTpu+MhBOqIbGpOAvO+CLA5Cy/QMnMsv2NGEryxogbNM7OH4qGOHbwXLKd/l5y3Vmj4eJn950f95cIURObuAgYZbIX1aO6Hx9eUc4wSaZfsDLgWzbdpboGxYhHCboFrveQqJ3T0ILwBqNRqPR9CAiEUEkIjAjEIkKIlED0zQwTYFpuvOiBmbMwIyamFET6U1zPyJiIuKZDzEj6yPiJjJmIqIGMmYiIwZGxEBEDYyoM0/GTMyowIwJInHprC8WwYhKdz0C05QYhtNWMyIxIyLdTtOUmBGImpKoaRAxJVFTYhoWEVMRMWwipiMOKxOQCozMjacQ7g21spFCIA0bJS2ktBGGjYwohGkjDecTMSyihk00CmVRQTzqCODxiCRqQMSEqPuJmAozIogYYBabBLhYbFj5AlxyO4hbYeDtMPcF2B+852+EZ5+GC9xy4pcw59nccosWgHgaWrfATXc7Ze9clz2PRlj0BIz+uTP/7N/AB43Z9exc7sxbGTbNhvXLM20edhc8+HHItqVgWWDb7vwTfOrWs6g2ZJlS6Gif7IBLboVLXg1f/NH7QPwGvPcd+zfDnb/J7Jdhd8F9H2UvU1XtRIOuKuGt+87VMHcBDLvVV69vf915K8xYDvs/gitv9+2bdSH7yTdt/0cw9z4Y6G3707C+NVN05dNO2VuBZ99w91E37Peqr8FNcXh0bWbfAcWfy3Xw4CNw9i995f4Yvo1ZuMfbW27Y3fDox5nt9J+rpZzrJSOhDNjhex/mHeOSqHudJ57sz9yLxwAVnDdlClsfWcLKfDmQrT2sXHgzl08ay7ARoxk16XruWraN1jzFqV/PC3ffyIXjRzNsxGjGXHEzT65uIKv6LYu4fMRozn04TCRJsvKOsQw7/2HWWnnWseUPPPEyjLv2u0wolEvUGMWsuVNg9RLe3Jy7TVd+YzzDRoxm2JhJXH7zUp+otZq7Rozme0v2kNywhF98dxKj3G1fuNoRf/zTh42fyS+WbCZnF4at55dL2NjsL7SHxXNGM+zu1VC/nsW/nMn4MaMZNmI8F97wOKuC6T3fv4dhI65n8c4C263RlEKXrqd+XLFwXfF5xC3nKjllYLbKnNywlLtumMaYEd65fw8vbAhcUZ0597va1/g5+VKumgqvPvGHcAG8bikPLNjGRVddmj9CuHlzdv/4jRu5a2n+vqOofjfPfql9+3F+eI23T8cy/rvzWRzcpxrNYUxQpAh7Ue+98PeLHP7y/u+O6HTkrScK+sQf5beU7cAKOv96uqAI+VhX18a/rW3gf3/SyItbW3jji1Ze3NbCbz9pZMGaej7cm8SyO78SQ5QuArek4OF18Ob27OkCxajqVkZWJzFC6kxEDarLoockMjV4rAxgSNwRgdtSsGOfwLZg9ADBSf2dyN9DEfHbEeUxOL4avnIsxE3B5n2CLw54+Ym1COwnx/ZdhfcPeYXfrIVDJonc3wUWyZrn/+RLt+Zh2zaWZWW76vnEUT9ehGtYf5p5/5U96KazAnFYjt6waNti8hYHRW/LsrLa7LXbm+9fLriOfPvS/9+annxdaAtojUaj0Wh6EIbp5P01XAsmIRQyLYw6Iimm6Tz0GO5Nl+HkBsZwhVO/gOreoAURhjP+WbgjU4X3hI3PDtry5guEbaMkSEuiTIWwFbYJdspGKbAtsG2BbYBlZXKiiHbl2voIlLSRtkAoBUKBsBAIlHL8rCNKkLLBUjbKFth4OYXBlgJbCDefsMK9vXTW47N8FgLH2hmwhdMOy93GlOEuY4OFM93sTg9oGxb9Bq7cBT8738mt2roD7nsbRu2C9dc6uUcBFj0K81rg1r+Bn5XD/g1wwypYZ8OyyyHur7cObnoJbvh7uDeYp7UZ7nwA6sbCA2Oc9c3/o2vpOw+GFtHsZYthWSvM+xbMa4NnX4O5/wHxG2D2QN+2Pexs2+wz4Y0TcMS4ZXBl1we5A0Xsk4EwexDM+BA+vSiwbVthUR387AJ3H9fC7Mdg/xCYf7kzbeUbcNNiaI3Cz0Y6i8VPc47Plc/C/i9g/jegpsDdt5cvePIQuPcKN5fsZ/BOLTDSV3AjzN4OD94CT3n1FRBq69bAjPdg+iR4qtyp894/weS9mdy0oybCG6Nh0WL41JfTd3TvknZzLhLOHg6sgfXABCj+XK6Huf8KL/WFe6c703aug/m7OlhnK9z5b3BrG8w/F+b3hda98OjT8Gg+W7luONdD2QBLgBle+sl1MPD3ML3EqPDaZUt5ddAM5o5y/q6cOIWLmm/mmWU3MmFqRXZhaxuLb7iUn7w7jMvm3sG8Uf2hbh3PLJjB7GRvYFh2+ebV3HXFTBbWjWfOzQ/xTzUxkjtX8Mh136W22lfu+Eu5aup8fvj0CtZeN4pT/HXUr+CZJ5OM++UleUWU+nWrWcV4/vncQrk43e0bO4kJ3Mbyj/Ywa1g/oIFXfzyFH7w9hnm3/RtzqyG5cwVPLNhELWTlQk5ueJwfPlPP2dffw2PXbuL5Bfdw1xU/pvKJKbxy4xJOue0eHpubZOPSu/nFT2dwILGC+337cNV9k7hyyXjm3HwPc2tiJLcs5a5f3salO2OseGiaa43rUvc6d816l/pv38j9D3pl7+Hy2hhvLT4yczRrjgy6dj2VxtbnHudJxnDLpEzfkXz/Hi797uMw5cfc/vho+lPLqoV38MNpb7H1+aXcMKrk1WToYl+TTQUXXXUNQ77721Db/K0vL+LVxEyemlIB60IWb17NXdNnspAp3HLb45xSDbWrH+LnP5rGm9uX8Np17oaW2u+G8f49jL/m90yYczP3zxlMLLmJ5++ez0+u2Eb8lYe4rKaY7dVoDj3F5HUMvrgvhk6/ui9Cky1WF8i2l87O7qk6YyGd1QbFgTbFsi9aWLajFctX2dkDYkwdHOe/dyb5484kD3/cyLAKg3F9YyRMwd6khSkFxyZMjis3SZgCU+Tft0JAuQmtbaGzc7AVvL4Vntno5OX1tZrjyts485iWUPFXAIMqy4iEzfxSUdnH1P09MK4YGIf2FGytFZgSRg5wbJ8PN9E3iJRQGYczhsDq7fBZnaAsoujbyxHhhcB5r+Kzg4ZusFs+jHG2ORAE7Ps7bMvDrJ7zUYQDdNHLC3z9TJ5D0lHuXCBHGPUvG1Zfui0dCKBf1nlSTC5if9v89tDBfMj+5YOic1hdpeRDPtrRArBGo9H0IL554SSef00nt+rJSKkwDCey1skFrFxbGTcXsClRhkBJ4Qq/rp2y4eQHRgpHoO1gxKLhzwHsCqRS4Q1Tdf5OuaO+bdsRdyUo6do02RJpgXJFVttwy1hgGN4oPuncO1sKpELZEttwb/iEch+EbOx2N0REgCmEk1NYuNY6UmChUO5Dqe2KvUo4OYF8GwTCKWNho2wDWylsBLYlsLAwTLetSmHYbr3dJF4C7HwLrtwBT/0PmDnAnXgaTB4IZy+GRzfCvOHO5KqRsH4KVMlMuXg9XLIaPpgOE/zP4Nth8s0wKij+AmwGZsK9ozP1jLJg2DvwrG99hXgRWHZ1RnSePAA+fRgefA9mfyt72+bPhJ+Nziw7eRzc+evsaM3OUsw+mTwWWJq7bR+8D8skzD8tM+3i6TB7nK+tI2DHfLh1VUYARsLM6yD+H3DDu/Don2HeBLjpglwheP+7MD0kXzCnwfTAtjy7C1bdAjVFvkuZ+xFsvtmXg/c0uHgwDH0W7vsTPHAWVA1xhOeVi6HOn9O3G6jpn/13sefyzg/gQRue+g5M95Wb2YGz+srn4NZWeOoGX/3AxaPhygfznE/dcK5nkYJPN8Cdi+GDBDz6NXe6hIXXwuzji3/ZCNt45ZkVDLn8xozgUX0u35oGP3jlLW6fOg1/XF7tc/P5ybJBzPndIm45w8v5OZ4JU8/iwUtmcF+WEJFk1QM3s3DnJP75xYe4YhDp8udNGsUPp9zMxnTZCi66Yiaxl5fw5prrOMUnpNSvWMoLTOH+qfnFqGRzPTCaIcWIGP36MxzY6kX41b7FM0uTTJh/BzdM89YxnvO+lbvoymeSPPbOHZyXcLd7dIzdk27jJ1dtY87vljDP3ScTzupP/bszuO/1d7l96pTMPhxxK68tn8lwL6py4ngGJ9dx4a+WsHz7NN8+Apa8Bb9bwj97+3nieAZbm7jwjt/ywvqZXRPBNJoCdOl6KsS+zax8+z36A8md61j++uMsfrc/sxY+zKzjvZWv5r6bHid5zeO89tPxeL3MhLPG0P+6C/nJI68z69dTCHOlLo6u9TVBYmd8lzljHueu369gzqmT0u0luZonH1nNuHnzmRCDVTlLuv1j8hqeevHHmUjrieMZ2/96zr31cV797t1cVFlqv5sHYxT/tHQFs0b4lh+cZO20e3hmxTYuu6L4bdZoDjVBcSKf8NDRi3jl++HPrxlaME9eTwH4tVpPNOpovcFIQhEs4Bd/C1fXIW2W4uP9bbyxo5VPDqRy6tvZbAGCy45PMKDM4D82NrGpwWJTQ3NOXVVRwVf7xzirf4yBifx5d6MSogLaimj8hv1w/4dQFzAkGJho5/zBTaHiL0DfRJTe8UjHK+hWcsVfJ++v4sQE2DbsqXdeSwzvB30TGdH0SEBKOPkYWL8bNu5x8hSXRfCdk9nbc6TkBe4uQjc1T/+Qj1KuZ+XrV8L+zqrT64dKWEE+YdRZR7ZFcr7oW2+al0v4cD4flFJYlnPD6gndwXzB3ndHwq8mg7aA1mg0Go2mBxGJGo7tc8SzgzaIRCWm+21EJUbUIBIznXkRAyNt/2w6+XpjJkZZJP0xE9H0Jz09ZhIpixKJR4gkosTKophlEcyyCNGyCNEyAzMm3I+Z/kTihpMXOG641s9gmMq1gwbDdKKYHUtoiEdN4rEosViUeMwkFhXE45JYVBCLSxIxqEoYVCUMqntF6FsRoV9llGMqogyoLGNAZYz+5RGqEpKqhKRPmaQ6Iakuk/RNGOnpFQlJr7ggFhPETYgYFoZUmEK59s+SiCl8H8cO2jC77+bzxf8LjPAJYS7xU+Fi4B2ft+HFF/mETpdxbgjjp3sDFfeFsfne0vaFmaOzJw0dAWOButz3DaHMPT8QcTwEJsfhA9/yyz4CBsENgXURh5nji1tPRxSzT6rGwc8kPOW3crZh2RoYO8YnnPfPFn+9tp7dH6iFLEdHE6ZfDTv+ER4YCE/9EQbOh0e3ZC/+0nuwcxA8eD4dMwzGlnAXP+8cn/jrNXecY8384ObwZbqT/YHUi8Wey1W9HQvtF9cEKiw0hNWGZeuc4zUzUD8DYO7I0KW65Vyn1rXYdm22hy2CZdWw6h98x2ukI/6WxPoXWbh6MFec61cTK5gwZRq8vIjns86lbSx/fgVMvZ65aRHCxRjFZd8LXFDWal5ZuI0h196YLWwC9J/Gt7+dPSl21jRmJYL5h/fwynOvE5s1k4uq+XKo7M+QBKxa9l62iBUWAfjtKa7461IzlvNPBU6dyRX+fWKMYtyFwAebs6xhx33LJ/66DD/tLOA9NgZtbM+6hlmB/Tz8zHMZwjYOHChy2zSaw4k1j/PDa67hymuu4Xs/vYdXDlzDU+8s4ZZJmcjh5HtLWbh9FHO+nRF/ATAGM+HC8bB0tW/gSOfo3r5mMN+8agrJRQ+x2Ndf1r/+OAu3T+GqaXnE2eR7PL9wG6d8b0aOzfaQiVOYwFLe/wRK7nfzMWaaT/x1GTGWCcDKz/YUV4dGc4gp9FK+ULkwspYqJP4Gy5KtsfiMqNw2FVxtIMo3u56wsjnrDvOGLcD+pMXzW5r4j01NbAgRfwE2N6RYtLGJ1XvbOK7cJFrgOeBAm+KNL1r53580sm5/e8F19yoiLGxfK/z4Hfhr4L6mImJx5jEtxPM878ZNyXFVvQ6+2BRojhCu+NvLsb5ubIWmVjiuGo4pP7LEX49EVHBcNaRswaY9niNZZn5P0b+UbyCGCo7YUP6fHR9kvz1zp9sD6b6qs/UUCrTwbJI9a+gwi+fQdh1hJ4RfsM6XK7mjXPKabHQEsEaj0Wg0PYiYARhOFLAw3BF0hmPZbJgSIW2kaCNS1pcD9S2UV5hY8RQtVgv9KyqItLQ6ka3ROJZZRjKWIGUIVPsBylKN9DYTNLYIYkY5bdRyoKwXTVYVlU2tVNv7SMUVzSJORESwzXbKG3rRGpMkK/Zh7NuLmSyjIQkRLAwpSCobkzZMbLAgSRltsXKUbKO1ZR/lETAs6JUCKwJ7KhIkDZOyulb6SMWBmMWQFovKygQNKYu6iMSOlpFoVERaoLHMpNWwiLa0kTBNekUj7Nm/j5QB7YbEjMRoamoh2Wah7Bh2XNEmWlCNELcqUaaiTjXQZkWINbfTEHOsreuqIdYiMFLdd6u1sx6oh7Jb8xTw2+KmYP06WLYB1m+H9S2wLl8u0wEF7G0Hhszr7UxbHxSS8zA0KMIBAytIC6U1wKe1MPnsjIW1n7LuGq5YzD6JwiWjnTzIH3zLFe0+hntbYf6EQNl6WPY+fLAD3tkG+1thWRsQiHZN0xduuA5m74L5j8OcR2D/1ZnI0kL7IEhQOO2IcUFhzyV4HL4s6uqBysw6ij2X46fBo6th9nIY+DbMPQdmT4SafDbOAHthlQ2TT8gzP9/51A3nOpWw5BuZY1g9AMaGHKvWXfDSavjbC4urdu2yJWwdNIPzAtallZOnMYvrWbxiM7NmeQLGHja+C6fcNjo0+i5uBMSF2m1sBM77SrgAEgsKrMYYvnntYBY+spRV149inAFseY3FK2LM+l1ADApiAKxj606YkOecTLOnlo1A/4RbY2w8c341g1U/vY1zz1jAeTNvZO6V0xg3KHeN5404MTClklgfgBhBR/OYAWyvz87laSXZuv513nxjExs3rGDVjiRb1+QZKXHqibk2z9X9OBHYuH0PULrdrkZTFF25ngox6Q7eWziD/kD9+w/zvdn38L07BrPiV5mI3vrabcB6fvGN0fwitJIYG3fCuK78h6UrfU0IlVOuYc6gmSxcup5ZN4wCtvH8E68Tm/V4fjG5rpatwNo7pjHsjvAisc/2wBkl9rsFSG5fz6tvvcYnGzbz5kfbSG5f32UxXaM5FBzMF/LB1WTZrOZ4sJZQb6GZeeoqNSZ4V0uKJz9pYnNDuPDrZ/2BdjbUtyMI2jBnqIwIbh1bxcYD7Ty3pZnfrG/gquG9+Nox8dDyUQkxCckCrlULPoJVgTEoAsXw3klqeuW35RlUWUbUPPhxZwGHagbEFMN7gSnAshQNzRAzJSf2Pfxtn/MhBPTvBbt7wZ5Gwf4WRd+Em1pL5Ia7HrVRwCFh+oVclv17Jtg1dLUNWfXlq7CTXWJY/l5vmmFkHtYOlc1zd+N3kPBE4KAArKN9S0MLwBqNRqPR9CCiERNhAFIiDVCuECxNiYyYIB0745iU9K9KYJkprD5V2L37UR+robr3YJKt+7DqNhOr305Fax1m32NoGzIKq+9Q7D7DsRoM+PA5DFlP75NPp7L3OMp37iS6/c/UNe8imRIYlkKKFPGWCI1AnaWIRCrod+LXiFcNpTwew1SCZGszovUAkZSCJkXjJ5/Qd/92YsKAgSezZ/hXsavLiH3+OXL1X1FN7fQ7ZRQDLjqdSN/+bGo/wK4Nf6TuizpaNn1OJNlG5TE20SqbVLQVQykGmUniwKYG2J0oI3LqaIaNGOuMpJTttLQcoEEJTFnNntpNtFg76HvMyRA7iTrRjFmWRKaqqTzQzi5rH6p2N21/WU3iQD0tFOO3WDwTRmbbEGfhvcDcBXN+A48Cs4fBqJEwfSC0bnDsjnM4TPxgqkp9m1sKJeyTCeNg7BpYthHGjoBlq5zI3BkDM2U+fQsueB1IwPQRcPHXYWg5XPwG3NRBU+IDYP4PgXvhpuUwe3hGMCx6H5R6zAqVTwQitLubNndfjskWWIs6lyVcfDV8ugueehXuWw63Lof538m2Cg8jfiiecmJw9mmFxfSVv4fpq6G6ukgBOPkeix/ZBs0LuHTEgvAyj73O2pnXZeXDrIwVUslziUWLvwBPmXY14xbcw/Pv/gPjJsbYuGIJqwZdzz+NKbxc/5PHMoQFLP+ggSsGVRQsW//BClYyiX/CCioyAAAgAElEQVQemyk3ZOod/GHydaxc8lseeWg+ly+czyk3PM7vbxxTshiUl+bV3Pfda3hwSwXjLryUCWNnMm/mYCq3LOXyXy7prrVoNF2mq9dTMVSecR2P/WoT42+8mZ9Pys6VDVO4ZeHMPHl4YwzuBjeAzvY1ocTGMOvaMSy8ewkr59zKuD//lrtWD2PuP3UsJl9080NcNSq8VOyEzD4ptd/NJsmqBTO58sHNVJ4xhW+eNYZZc2cypPcmnv/ufBZ3oWaN5mDSVeE3yzrap9Yo5RNp8lg450zyls8TwlswoliFizj5ooG9iD+Bk2pIdRCx3Gop1te1sfjTJvYX48HsYnVQtCWl2NVscVqfKAMTJgvWHuCZzc3sSdqc3DuCUiAFxAxBr4ikwhTEpaDNzt/en45TVETgdxsUO1sECEFVzOLk6iRGHj3pxMoIp/eJsDdVWFzudnwnRlQ4OX+HJUCisBW0paClTXBivyNHDMuHEILjqhW7G2FfM1TFwZCuCIxKR736cwIf6dscJKSrAMIE3cz+yBfJX3A9hAvHORUUGHTS2V6xUJ5fLz9wMAI42A+H5c09XCmUI1hKmTPdP7+jenoyWgDWaDQajaYHEYmZbq5f5+FNmU70r2maCNNAxmNYkTKs+t3IXmU09h7M4K+fT6/jh/F5nYV57KlUDzkBmazHWLMc+8MXsfZ+SrvVRvS4kVSdeRm9jV7s3fUKjck4fUaeSe+Tvklqw8fUt++idU8TZSmItzUDirJIlHJh0Eo1vY4dxqBv/hBGfRU72Y60W0A2g2qizexDS4Og9pHb6bP8fVotqDxtOsf/3U/Yf1xf7KZa4p9spLqlCXPIMXDMAJqtGDWW5Njo9zB21mGvXcO+V5+nef1/0xxvwO4riDZYJFt60Xb8SI475zxiEy8kdvypxI2+2M0tELcwo0kG2jZGm0HZc09Qt30VQydOJjV8IlVWEzVmkljieEhFOWDVkdy3HfO6W2je8VeE0dRtxy4eh5W2IzAVEuxWLodHTXjnJpjgK/hpbbc1pfuR8Ox2aCV321paSqyrDeqA6b5I3JL2yQi4odLJ5TvvBHjpY/jZ5b7IXBsWvQFVo+Gdmdnt3flGkW2MOxGqd+51thmc4/vsZth/QXFRwKXwaS25kcltsKoWxp7Z/evzs/JZuNOGp87JTCv2XE6XHwCzr4LZjfDgozD3aZj8y0Auaw/p1LlyGxAiMLe0dW47uoVauHc1nH0+LLmgOHu25Huv82TzKOb8+mbODxNUNi/he3c8xOJ3r+afJsaAGL0Hwcp1m0kyOEfYONAcOBkSlVQCKz/ZDGcFo4CT1IfZXx9/KVdNnc//XLaaW86q5NXH1jPu2gV5hCAfoy5hzpgF/OK+h1g5+cc5lqpprPU8+cDrMPVuvhFU02ODmTDzViZ8+0bWPvFjLv3VNdz39Q+45YwO1l0ktS8/xIPrx/PPyx/KtsQ2VnTPCjSa7qI7rqciqJx6M//y/Ov88O6H+Pa5znpiiUpgE7HB45lQRGrbTtPZviYPQ6bO5KJf3swTr8+k9vVFJKfezaxCebrd/nFTbDATJhba0BL73TB2LuWBB9czYf5rPObP9WvB8sJLajSHFcEclKW+hM/KG0yJkXklWDt3RFj+zmBbwnSetCOtyt/yA202y79o4c0drd0ujrYr+I9NjZw/MM6JlRFOKDdZva+dFz9v4VXZQrsNpoSKiGRAmcEJ5QYnVsboEzfz7uy4KZie2MHurZtYlhrIzgFDOal3kqpYeOPLDMEZ/WKMqJTUtcPnLbC3DQ6WDiyA3iYcVwb9o879tisT0ZwURAxBddlBasyXTEVMUBmHxjZos2ziXsJr94TsORqYc4VmjflQJfYfRazhUBC0QA5O9yg070gSR7sroreQcN4T0QKwRqPRaDQ9CNOUYEikYaAM5STCMSQiIjEMCVhE2+swy9qoqxxIr29cS/mEKbD7I+TGl6jd8hbRXadRftolRCdeTXu/U2h/+xHsPR9QeWA9qLNIqr7EKqCtVZIUVbRHBtNq7KLJkiipKI/HiaKotS2MqKJVNSObGhHtFlQkaDTa2PnJ+1jvLCe2fR3NMkX78V+lz0ln0be9laFlsGcP1O5rofKPz2BZEWJnTkR8ZRzCsEitX8WW/3yKtt1bEdEoFcMm0vess4j87VQSNQnsh/ahvlhDEkkkkiA69m8o+7vZ9B3Si73b1rJt8XyMjzfSr1USr6xifyrJgat/Tv+Tx2IOOIGBDTspL+uLnUjQ8P4qPnz6IfqpKM19h6JGHsOA04+nKtJIoiZOWaT7wmsnjwZWwbO7QnKb+tixF+gFNX5lzYZlYdG/hwkTRgAfh2xbIzz4bml1ta6Bp4CbfHlWS90nk0+HnW/DS8fBfRLe8QuJdbDOdqyts8TLrfDUXrLe8e78E7wzCKYH7TlbYdlnUHNCRnydPg5uegceXNdxdGupPPBnuGFkdg7kT/8L7gPuPTW3/DvFWh4XIgXLnoMr18DMC2Cmb78Uey6TIvtppRwuPhVY7ublLQ9Zpi9MroY5q2Dl5GzBny1w34bOb1KX2QvvALM70AEyNPDqkkVw6q1cMW08w8OKnAlX3LeUxctWc8vE8cQYxYSpMVi4iOevnZQtYtav4Mn71pN1klaO5exJ8MJjS1g5IyAibVjEA4vCVlrx/7P35uGSVfW992etvXftms58Ts9NjwxNI7QEAw03DB1BBWe8Xm8b7hs1vvIkJLzRxJtrSPRGNDcGc/VG3kgESWJAQzQaJYSIooCCICI20GA3dNPzdOY6Ne2911r3j11Vp06dqtPnnD49r8/znK5de1hr7aFW772/6/v7ceXVV1P+8EM8cYXPF/ZczV+8aUmzFRtYwrs/9iG+8u47eP+HF/P1z2xkbWO81NEX+cqf/Caf3X85/+uuN4+HU60GU6gKP04ba6+5mvV//igHD+aAmTkbW7Fr95PARpZOEMrK/PDBpgfCYjmOHMHvaUb08taP/iH/8MZb+fiXruY7N6+j/ZLLeQP3c+c/Pcm7/8fMwzFPn9n2NS3oejM33fx/eMsXfo9XtvnccPfVUx+T9kvY8KYW/eMEZtjvNmP/bp4Abjhj4v6Vf/wQXzncflksJxDTfdE+XYG45sStd/3ORB+YQ9WmTk6oVxVbrNW84rFQ87VXxnh+KGwZxvlIOVDUfPPVAhlPkg9j2VUDQUWBDTUMljWDZc0vh0P6i4bFmTS/e76cnPoD2PrcTv7hcw9Q6B9ldTiGXHIWZ//mG2klr53V6bGqI4EQgi4PMg4cCmBbHspHWUWTwPIMLEzEoa2rwq8x8SkrBpBNQGIaA4m+tfkDR7ex00AIwetXfZpMYl6L5XEo6F3DUI4qqU1q4m9FFD3FheCa8x4x8YoU0x9E0rhe02gCTLOwhr5KtIhY0LItU6zc6OKuisJVB3Bjv3qyh0dutq+tlsPJv79HEysAWywWi8VyOuGJWOh1BEKKOA+wI5GOQHoS0LgmpLPT4VC7S/r8yym1LWHgh/eQ3fkj0sU9sOPrpMo7MFd9ErXsHPw9KwiirUTZNnR2CQX6SGXTJPMZfDeDaxx8qUilI0pBSBglkDJJuq0NVQRXhnRphSfLQI5MdIj5B19EvfojvIGtJHq6caIuZL/P/miQ4UyKgqfB38uhX/yE4nCSvgVdmCV9FHftxPzbt3F/9HWM10/ggHjyJ+x65lLab/sEXHwB3U+tx4yOMqhzpPrm03XBBpLLLoOtzzDyzw+Q3PYYHWYQL+uTCzLki4auoR0UyvPR3RrVm2DMUaSyGRZlEgTDW+jNKkrPv4JiCV3+OXQvg7AtSVLNzKbyzCaYZHjtgg1L4bXXwq0vwXtvh4cvgo2VHKfD++DhX8B7PwrrgdeuBh6Dm+6F3zkPkgE88D0o9RBbY09ANrwBNm6J923zVbChB0oDcNdjcOE5wOapt9//NNyTg4UDcNcmYhdvnVo202OyYj184DG49Ydx6OIJTtOqwPgI3CIrbd0Hn/05rOlpKCgP1/8NrOmCd54Jly6HfVvggefhXzTcc/W4iLzijXDPdnjvvfDMefCBc+Nl+7fAM/Phtl9j1mzIwYV/DbddFQvO25+BW16G9edNPE4AK/pg/ya4fTmsyUHpPLj2MO+th/fBw5vi6f2vwuYD8C+74EXgI9fCbZdOXH+61/L+x2DD83DL+kre3zG4/TFYcBZsaCb+VnjvdXDXP8KlfwVfuBLWZGH41Vhc37ASHmiRzvWosxI+IOFT98PCMfjtxrzSjez4Dv/w77D2Ty5pLv4C+Bfzto0+X7nzXv7jpot5axdc+N8+yZX3fpQ/um4jL//JjVy1wKe8/1G+9PlXWPtfLoa76wvo5W03fYg7330H733nbj5200bWdsGhF7/Bl77Tx/rr4ZkmkY/br97IDekb+fSn++CGT7bOodnY3HU3c8+dAe//vVt5y+Vf5Mq3X89VF13Cal7h8acf5b5vPcoh1vGRf/z8RBHl0Dd4/7sfYvXNG7lqgQ8c4pk7P8MT6Y18+Yq5EX8B1l50PT538/Hf6+WmjefSV6lna9flwENzVo/FMhfM+vc0U1Zez8d+517edfst3HnN/fzOmjfzsT+/n2v+x/u4eMv7+NgNl7PUB8q7eeHRh3h+3a187u1zk/96tn1NK+Kw0rfyzMqb+d+XHE66buOtH/0k37ruT3jvVZv5rY++r9L/lNn14qM8uHkdf/FXb6aPmfa7TVhzCe9O38Gdn7iZedV++Nkv8qlX+rgS+I8j222L5ZgipZzo5J2BoNF8ncpEk7y7UyyasrzpCGKtRCDTmOnXTBR4TLVBE+o0DAWav30xx4783KYIakZZQ7mFvdgB3rg0xcKUw33bxthvynz5pSSP75f8/1fEKWk+9AM4rwd+c1XAv/7DowwdGmWscIgw388FRpD/+yLy2ktILpyPqMtBmnbg9UsyuHI8/LDvwJIUzPNhex72l2On8lxJNQJwhaEvAasycehnqFx3piL+VkTgIBJ0+OBO4xF9sLh1jlo4e5Z2XIorp46X1JaEUMV/2oDUOo7zXZcP2NSEyFMvDPTE4MyTrfumYoieSg2u7z8mrNIws9Z31M2f0L01CQtwpJpkvZhbFXnrhd9qDuBGp3A1PHT9spOR+ty/jYIwNL+mT+b9PVpYAdhisVgsltMI162GgJYYKcAhFoFdB+k66ESWstNBsfQ8yUyKLKP4YYBbyOM6KYrty/CybdBzAZHw8KIDePIAUVozLHz8sqJTDzHshNCWRCQlwinheHm8TJF8pCmUFWHkki4EBFGIkw5wPcFovkBwcBAt0mT2j+KFkjE3Q3gojxh4GqFeJCxKtDqLlBxGvvgjfLLk2lcxkPboTkcUdzzP0PNPohIhItHJ/NBleN5ekltfoGfLAKNrlxP6GZQnGAtzFHEIkttoa9tGp9mLGi5idB87EylKwpAqO6Tyiuw/38fIzx8nV9pNMjK4fRchxzoJB32E085Q+xhKZimWiqgnnkNlPbpoI0s0o/NzU7Mkb+eBeQ+QhD/+PVhzP9z2DPz6U0BFgHznBnhtZfUVV8PjefjIJrhuM6xohz9+O2zYB7fvOMIL6GjRB/f8Plz6dbj9B3HI4PWL4Q/+H7h0G9xyGAGYItz2fdjvwgfWwTfePtGdO+Nj0g7XLoa79sCdTUS6D7wfhr8Gt38fPgVcuwxuuwlevAtur1tvwa/Fjs97NsG9T8GnnoIV6djFuvmNsTBZQ8LGD8GCB+D25+G65+N5GxbCRy6e3mFsxXXvgj94Fm75F3ggittw07XwkUsnh2De+B545u/hpm/Foutdrzt8+Q9vjv+qrG+Hay+Df7sszo08iWley51LYcMmuOVbsJ243e9cD3ddPXXo6OQ58PAH4bMPxH/bJVy7FG79EMf3LXoCbvkAlL4Otz5weAF414/v5xnW8D+nDD0KF157I0vv/Dzferift17fCwvezJcf6uPOv/w8X/rkjdxZaGP11e/ipjs/z/rnbubOhu39dTfznftX8dnPf5EvfPh9jKZ7ufCa9/GxO9+Hf/fdk9aPN7qYd3+wj698/hA3/MnMcvD2Xf6HfOfRN/Ptu+/mn/79Xj5+7x2AT9+aday/6Yvc9O7LWd1oy+s6l6suuZ+vfOZG7hwCulay/k038/XPbOTClq68meNf9od858/hjz7/f/j/3lfGX3A5N3ziXj7X8VW+ff/c1WOxzBWz+j3NGJ8LP/hRbrj7Rj778Xt5w1c3svr6L/Logrv51Bfu5uM33k0ZaF+5hvUbNvLBy+ZG/I2rnn1f05RKWOm+q1vlL25g8fV8+cEl3PlX1f4U6FrJ2ouu4IYPXjLu651hvzsJ/2I+dt8n4eOf57MffohyupcrN97K1/+yna/cbzsfy8nDUXWgTVHUbMM7N8vtOZWYPO166gVhY9gxFnHvK3l2HQPx93Bo4n1c15NgZXsnX3hhhKcPFvjpwXZueRKWZOCHe+FH+w1794+SdhMoEzFWGKCzbSGl0gjDz+/m0K7nWXLd65l/2WWUlMGT8KYzsqTd5hGwEhLOysZi8KEAhkIoKCipmYeHFsQO37QDXV4c6jnjjLsta7lBqYi/GrQxKA2eA85JIIKmvV7O6Xs7CWfqgY5JF7QRaE0seAtBRfetCJYzDqZ+ktE8A3D9QA+DmOjEFROXN+Ybn9QJmPqSZ9Cs6kYtBq5Mu6i6flRKOSnnbzOqgml9ntyTgcb/O5qJv9MtwzKOMCfoFbBt2zZWrjyaCWXG+d2P/ukxqcdisViON2+75nL+9bunXh67v/7Mnx3zOo/l/1MzZe/evSxatKjpsl3XnxHfCEqDcCTGBek6CLcygtD3kCmXwVKR0rxlrHzbTWTOuYTNjz9A6Sd/x4VyG8w/l5HOVeSSBld5JHMBg9EW5JlrWL72LyFy2PPoRigLei/4Lfz56wi2/5D85q+T69+DCaA9LILSlMsK6WXJhgcYCiI6rv8M6VVvoPDIfYw+8jlKIy9jyCBUEj8QJENDkFcUI4lMdJCkyFBXD4vffwvtF25g77/fw6F7/5zk8CBkuhDFHK6WhIUS/qfvpnvNGwj/7W8Z/t7fUnx1N0W/l+73/jZLfuO3GfzJQ+z5iz9A7T9EoR0yJUXk9lFWQ3j5COkIRHua7g3X0Pbem5FnvobMj+9j+C/+iKXpZRzs7SeMBJ6fhVQbxQhyKuLszz2F53nH+Co4ddj+fVj5A/jG78M7Gx22lqnZDOJeuOfmiSGYT2eeuBcufQme+bNxofl4YYwhiqKTtn944fZreMvXr+c73/vQrHNyWiyWyZzsfcNcY/sai2UyUz3vTYdmr4IbhYJqLt/671rrCfOr36ufHR0dk8SKZuVPJz/jY4NTe5bm4mX2jMqoyyVLRWSsRXrVBqU1AtDaMFASvDTs8omLBIHW/NO2PD/rD45bHtFGMq7g8gU+l81P8ouBMn/81DA/PbQAR0gEsYN4cSbgqsVjJMdGGP3Zcxz8wQ9wI0kYlpBO/P/TgpUdfOC2j/GTAyW6k5I3Lc2QcKaXAinUsQBcVDCmIB/F02UNkRkXhQXgiVhATkrIuJB1IO1CyomF4GqYZwCjK6Iv8XmJr894+av9Lmd0wpl9hxeIvvyzy2d4VOeWc3rfweuW3IjnTJ2wuBQafvwqnN2j6EkbpIjFTiEFUlSd2KImdp4K4pjS8PVtsHVUc2ZHVFNy45RmoqbUSlGdFpOF2MaYz41i8DRE25mEd25c7S195UoZh3evtnLBNq4D1Jy/zcIlN/bprcqaann9smq0B61103qn6zhv/D+jVajnevdz/f9F9es1y5Xcqh2jo6MTQmhXPxtDazcru/GzWXtny+jo6BFt3wzrALZYLBaL5TRCSokWgAQjKw8H1RsZIQijMmYsT1vKx9NlSrteJHPG2ay+8AoOJB127nyatuGDBId2UU4Nk3Bd0qYbnUxQ8noISKPdHG46iXRcHD8JCRcSLtJP4qbTcRjq0JBXEAlBWPZwdRon5UN2HqPpHoJ5S0kuuIIs69AadBAg1SF0bg9p8mR9h6IpIR1BIuHi+z4k02QyGUptbXhBCeX7RLqEKIGTSeC3ZUim0yjPwTjgeR5OexupVAoTKowxJDxIdraR6fXIFgaI/F6Uk6ZdCPKuYXcwROQWWFQsYzbtYtePXmBfRxdbF/TRo1fjeSXM2CD0D+GbgDYx0/HMlkZ+vgVIwgor/lqOFA2PbwOWworj3ZaTnfKT3Pel3Vz40eusIGOxWI4etq+xWE4qGsWFRhdX/Yv4w/mRjoZYOusyG0IWN5ZjqLz0nxCvOmbTgODerQ4rO6CFOfaYk48M/7G7xMP7SkTKcHaXy4FiwPZcHGNHYvhPi/JkPIPobqdrwyUkly9mx71fJRv0cnBwK+lUN6vPWsY5nQmWt8WCsCenL3x4EjoktLswj/Fj2iy9cr2GV/urd3JPCME9Mfy4iW3A8bU37dYdXxJOlgsW3nDY8M9VBJV91QYjq9diXfjjU50JJuBmjueGg9H0Amu+9VR9xmzF31q1U/SFrYTHKeuZ5uCaqZzBM3XaturH68tvFGQby2gUVqcSnuu/14e5bta2+s9W5ZwuWAHYYrFYLJbTCF0RfBGV8E9SYKo3RVKA9DCJJG0pB5E/yKGffIdIK7rOv4Kl511GtHY9YtsmxvpfpKheIiruJCoP4zgJoJMIMKk8IpvAIAkcUGgiYYhcgfFdhBCERpCLAjqynTh4yGKKhNeG8dooJ6B37bnIs/oYTXTjR4rE8ACjzz7Onh9+C6//VXoSHsV8nmQ5vpXRWkMYIoTA8zxc10ULgeu6iIRBSomfTZJIJyj5CZyki5PxcTs7yHSkSfgOCd8hnUnQ5jiU2h0S2kV6DiKZQBqDTEtSMomfDqB/L8FwkdJwkbVv+8+IN7ydTLkLCv0MPvEgO578LtHQXpJmZiGgLRMpbYbb9sD6i46/W9Ny8rP9EbitBL/zmjgXsmX2jD50L18pXM3n3rTkeDfFYrGcwti+xmI5eZnqRfvRdiFOJ5xzbcVWzsD6sLBNCjeVf+qLGN/l8S3u2Cx4ZG+KkcBwfm8Z3zkxBAgNlBWAIOU5nN0VsD3n4wi4YvEYXf64uCIch/SZy1l504co/vAXmM0OyUSB17/tSoQQpNzZn0/RKFLOsKiJ+aYrn3Xza25gxsXjExlHJLhs2X8nk5h+OgUBsH0bpjyEESJO9VXZWSFELS919To9IV3AZyyDvpmFrDJmws+0sm91y5oJ4KZ+ZZp2EKaxP2jxk63lVm6y7HB9z1TnoJnjt1V/OlU5jYNx6sXYqcTbuRKb6/MWT0Ur5+7h2tNYdishvepUPl3FX7ACsMVisVgspxXCkXE4JRm7gU0lPBCOACmIvARBIkNel0m7ZXwzQPG577Br17M4C88iu2QVmfnn4J1xPslwO+G+H5HfvxWlCxjp42jwGaGUkIRSEBlNqCO00ChHYFyJVoDUtCdC2mVE2QFfFwlDgxgbQBaL5Ha/SLTjGUplj4yTIhFGeFteJLu3n/aioifTTi6vCROxk9cYgwoCoijCdd1YAHZdHJnEyAilA7RWaB3huAbPc8B3kW71Btjgui6JRAJPhSgvnpYJHxIGB4Mey9GZ0CRDRb5NkDz3LNrd8wj2/hLx8CZ2jrzM/DQU9r1EQvWTaRP4CSszTYuX4LrH4NrVsKbi9N3+LHxqCxR74IFrj2/zLCcX+x+DW7bD+tWVHMQB/PxncNsuWLESbrnkeLfwZOVZvn3HKO1tD/HZzzzElbd+l7d2He82WSyWUw/b11gsJyvNXFqNVF/mV8NDN3OizfRF/VSRXadFg1pj6kWiaWzX6EOrbrYnD9/ZCcoInjmUZix0OL+3RLevONE0uPnpiKyrWZQNWdUeNF3H7+km8Y4rcFd2cfmKDpatOuMYt3IKTO0fqoqvqQ/XfZKIPyu6fp3lnb824+0mit9V17QYF0ibGWNPBVrsV7P8vk03q1uv6RUyxWUz1W94uldb43VZH464cZ1Womh9aORWdTSGUW4so1mbDicEt/pdNaYOmCpMcmOY5en+VlsJy1M5mo9KbvqTBCsAWywWi8VyGmGEiAeDSoF2BNKJR4gKGYeA9lwQXplcuUQ54dGZTZMkIBp+iSjYQ3H4WcZGLyB9zlvJ9lyIMVnKkSCKXoCMAgWUIxKOh3HjmyxHSIzj4ngJjOehI40rHRwcSqUSReXjuAI3IUmnHPxyjsHnnsH90TfoHB6jrF2GhQc6oFMUcLuSDHqaAcejvRQghCCKIiiXUUrVbgajKEIKgycFRgFRCCpCGnAxRJFGlUuoIESQIOH5CDwK+QI5WaatGBBGZcr5EbykJBoL8CQUDyqCvKGrt4NiyvDKd++nxzyDEfsYS/toVSIRFdGOQ9EpHeczfpLQAxuAf3kMHq68b1iThQ/8Onzg12CBvWO1zIDOhdD5PNz1XXiiYsJf3we3vB3ee6F1/x4JW//mRm6nlytv+gZ/827ryLNYLEcH29dYLCcn03F7zcU29Rxuy6pLr3nlTcppFh7WTDkjzv1byQlsqnZL4K6XYKhcLVbwy2GfwZLDr84vsCQbnVAisCMMqzvLrGwPmCqSs5CStteuY4cv+OVoxHk9J+KDmqlzaI9PixPcAtyRXMaaee9AiJnFCq+6ULWJx/XH+yxaOp6nm5v15OIwamx9hPbGxcdBD6zPmTudHL9zKVq2EoGbDeA5GtdJY37d+vrmaj+r5VTfD07nGJ/KnIi9tMVisVgslqOEEAIjwIiJN321v2gMt1hA+52odC+H8DCqQCbr09aeJJQFcru+SzLdQTZzJoiFGL+NvBtgkhHaAaO6kVqCVvFTiDEIAxKBawSBNhglUCKLSaQwiQ5yw0VGRwssL5RJ4tJnXHKeIt8VobVEhSX8QOHLiLA4RlRM0J3uQDouxvPifL6uSzKZxKOIiccAACAASURBVKTTKM+jpAVSggw1rhEkpIMUEqkNJlToIIAgIiyHBIEGXDAOQaCIQvDcFG6yDRUWGRgZQEQSLzKIIUVvIUl73iE/NEL+4G7aMyF5V7AnP4b2PEQ6ixIGE0UsPb6n/OSgDz7yQfjI8W7Hqca5YG493o049iRXw22rj3crTkXW8ZFnN9vfqcViOcrYvsZiOVmZSkxoNr9RhGh0nk1bCqiL+Wwavos6vbY2uy5M7LTLrk4KM56ndoL1WExQmxWCOzY3FiY4VPJ4YEc7F80rcH5vCVdMIVAfQ1wJ53WXyCYOf1AMMFg2FNWJ46QbN23XJN9a/l8w6EoO4CM/1AJX+kdUkjEKZSa6rKXwWNV9DT3pM2fRIhB1ey7qBM8TNuTzHDH+UzcYI6pfJqb7rc5uEIHNNF3R9dGipxxQQkOX0GJ+9Uv9e7iq47feBTsdMfRI1mt03jYOxjmS66YxB3z9/GYi7FTtm2me4kbHdP0xrs9HfzphBWCLxWKxWE4jTGVkskACEozEaIlWEmEkQidw8BlLrSQsj7Au3U85uZC9S64iu3QpYss3mTe0DykKDPshqJB0foTefJKx9m50xqBGFxIF3QyI7fSZQ3Sbcymm2hlKGczICIlyEidqI2XylC/7fTLrLiP/4LdIvXQ3kbeQKN1B2CHRqTI6Z0AuJJnuATPISH4TbYkCGT/LSM6QiwJSoUF4SRKZLrRJsa+gUJHBCxOYNpe2QwV+0RVxIe0QZRj0BSlX4ZSLDAQlQidNezKJcAVjJNnXM8KqMUXpUAL5mbcy8OMDpLY+jSoeoFTaRyo1CIlhTEKSzXSQj2Cfn2EgPcSvhJ3szQ9S8CPID5HUp9eNpcVisVgsFovFYjk9mU5OyPrpRgF4uoLD4USYSesyUYA5onf/ZvLXSWIwsDcPw+VWRQh+ejDD7rEEr+kpsiQbknCOoE1zgBRMS/ytsqrd45xO/yi2aDZMVvvHXdnMift3QXYdFy/9XaSYraRiGCnt5OFtf0r9RdOXWcOZPW9CillcCDV1klru2+Y1n9AG6JkzxeXabF+brW50nTO8yQqTAgLM4gA2E5rrxcjGgTOHy687V4J+szDNsxVIpxrY07iPRxz1YQqBvFnZ1e9a61o+4FN5UEQzrABssVgsFstphjDx38SH4PhpQWJI6DyLcs+TO+O1lN51B+X2FchND1La9RMwkJOaZKlIJkgiwiJRsUy5YHDKWRKUcFP78Es7yQYHyURjECpESWKCJIYUMpnEJBMMOcspFTRdg6/QywFkcQfZ6BCh0AynFiGihXjBAcJlWZw1a3A7egl2Xkz/1pdI9O9BqmG6ChKjFQWdg/IAwfA+UsOHSIdllHQYMAXkPEMhN8QhM4LfYfD8LMMFFzJZfFGm++B+UiN5CoUybpjAGXYZdl16vSzDj2xinpnPwt/+3xRXdTPwr/chXt1HIvMaRiOfSLn8atTOcwcP0uvP46xPf4Ldv9hMevcgy4xhcN8vj9t5tlgsFovFYrFYLJYTlVYix+Feztc7+SaE9W0h9Jkm2x22bc2LmqJR1KmNgldzBn2YrfcVXIbLWZZkA9Z0l1mQjqYMv3yikHEFF81LkvVOkMaOx3umesbMBEW04gScg6rmZ19DT/rIQg1lEwuQwkNXXMCO9HntwveTSfTOqrxm2uX4IIlxN/0JcrbmlPGzLSbsX/WYTNjnJr/9xmgAjV3JFJtOouU2E4MDgIgF4KoYGdc/cXDM5HYe2dlrdOS2CvfcSmxuJdjWl9UqtHQrkbuxjiPN0dvoaG62D/Wht08nrABssVgsFstphDAGDbHYqwxGGKQZHxmNl0KkPLxoH+WxQQ6FCbpTKbpHt8Jz/4wrhin1noFJnUfCdBJG28jpVynrYdJhCkelGAmHGHXmMeoZMl4nvslA2cfNS0S+iF8aJplM0tZ3Bvn2BCbdTXnJxex58SHSXjtJUabDCxhJlxCDB1j4cg725+Hsa0j92vtx334GhSe+zc77bscr7UbgoZNJTNJDak2qGNJmBHnPoywNmUgyv+ThBorOYggH2kgdXEpx0VLyqUFyZoR2F3RfJ357F50HXMpmGD02hvz+V/FXLSE3uIK+M89G73qKfc/upOvCi+g2K9nkO4yGSdwlXSwb+CWP/v2fsviK97DkuvciF3Yx+LWvHd8TbrFYLBaLxWKxWCwnAIfLN1ldpxq1anwhk9SrSe/vzcTpZi7I2egK9eFfD7tihUDBgcJ0ShcUlWDriM+OXILVHWUunFck653YUaTO7/FZ1e6dcCJKE9mMmhRcP2DgCBBTyKjFcIxtwy9RDgt0pfpY3nlO02PUWMbaef+ZhW3rjqxhySTGSWOkiO3cIv4zkrqQyNWJE+u8AeDOTqJqJWwfTvBuNcBjtr880zhxmP6qUThtXNaM2YZEnu56jSGTp1NeK7G6VRnTEXdn269MJUC3OtanC1YAtlgsFovldEIbHCFAj4u/GIPQgDDoICRvDCJ7BroYkv7p35Hx3wnnXcPejsWEY7tIty2ia+GVOMEgoyM/oxi+ipYuBKPoXECo55E5cAAdvUKyayt4a0kk0vgLzsd0LUUpQU5HRCZJbyaD8APQRTK6QDK/H/IjqNQ8xFnXIBdcQKkwSr4syXc49LQrXHeEtNlJb+k5lNeB56VxIgeKmjAyFB2XUCvKoYd228jlC/SYLjr2DhCdcwCuWs3eJR8gKTSZR/+V3Zufpv/n32LtyhX0XHY5Pa95LfudgMJIicwZiwmXz6eQWED/tx+h/Nxmyr0LGdYF0i+/gL9kHqkb3sHCdkFRX0J32zLMgSzPf/FhzrpyDcW9e473GbdYLBaLxWKxWCyWE4pWL/lrL/FnYMFt+k5/Bu/5D7eqmcZ0/byhsmE0nH79IAi0YPNQiu25BOd1l1ndUSbjaZwTJEdwlWVZh6sWpZAnUqPqIz8bU8v9G3+MezqPhrvaGMNYMMIPX/0m3932NUI1ntu3K9nHm868gV9dvIGkm2m6fU/6bM6d9y6EkLNrQEXvZcFCSM4HR9YEYCMlcbEV4VfUJcc9kc7fLKm5d2nh9K10I7WcyE3KmI2zt+mAkBlYrGNTupkguB4rDieAVts1XRG4FVPl+J1pyP+5akNje04nrABssVgsFstphDSgKwFyhAG0QQgDTiwKCwxCSyLl4UY5ys89hM50Ea59C/7Z19Hll0jpPIz1E+76IYXtj6BHFQk3S8r/Je78p+ht70Jl11AIQsqJLH4qQ5RdjL94Ea6XxtBOiMEPC5hSieL+rRzc/BLhWJ7C0AgubaRe8xayi64GFaDaIxKpEM/1cMohIz97itEnf4oUWfJ6kOV6mMToCORGSCUN0bwEpeEyXlGwMt2HcXMcPLifwYe+QQf9pP/TGjrf+CtkdhRJPv495C+fR995J4nLLyO44ALCszawtGspelSSHAX2DJN/4pv0P3sPWbmH9FlrSXe1k0y1c/YZF6F+8/WIbIGxF7bQvmYN5Sgk9+pW8rt+wTNbn+Ti433SLRaLxWKxWCwWi+UkodnL+ca8v0f6+r5ZXs5W6zXqCJOa15BeaSgQ5AJmRTFy+OnBNFuGEyxvC1jaFrIoc2KEhu5OSDauyjI/KRmLoKSPd4vqmGQZr36Y2vf6aOFzhdIRP3j1X3jolX8i1EGlHoHBMFQ6xPe23cfS9tWs6FozaduE08a5fdeTdDtmXX+zCOjjSwzGiFNB621K7XdY91tu+ns9lo2qr3SOohCMb3t48Xa6TMed28wRXB+2urqsms+4lXA805DWs3U4T8WRhpc+2bECsMVisVgspxNCIwGjDVKO3wwbY5BConHR+CTKOdJijGBggAOP3It56kGUU8bJKPa1LyJvDM7IblLliJ70IlwvSfHlnzE68EtGk2nOGHII8y8xOrCPyH8Wk88jS3tIK9AFQRSVwU9RGCuh2lyc/bA8fB7n0b+m/6mvEuVyEIUkSdA+ZkjlAgLXIZ+RjI0NkxoYZJ6TIN/lUdj3Etv/8Q5KHf9BMvcyyfAgbtJBDo+SHAwQMqTYozD7N+HdtRX/vk7C1DkcUCnK4SaSZ3j4uT28+tV7CZ76MaMhLDUp8umQvB6hLTeGF5yBmwoouoqxZ39I8aWtGBcWFNMUAsHA4iFSgWH+QY3pbWeYItk9w9xQ9o7n2bZYLBaLxWKxWCyWk5b69/U1Pa9Vos7GbSufTcO8TlNTaCU6N9MRDKA07MlDQU2v/FaMBC6bBhxeHvHpTkas6SpzRluIO0uj6JHiCtiwKMnijIMEOjxIKBiL4ITQgZvYMk1FmTfVGNBHQQgtqyJP7fl+Tfy9ZMkbWLfgP9Ff2Mt3X7mP1V2vYWHbsibNFSxsu5ClnZcihXNkjWhQtmPJ2yCMmOB8PUV14FoicMPk3+ts9rmZiDxh+RTbUV9nvRO5af7huRM2p1vmVMunispQv7xVruDDiasnQsj4E6ENxwMrAFssFovFchohDCBFHLLJgKMrkYAq92paRmihUEaiZSf4EkeDKQ/jSklYFrTnd9LpCowUCC+BigbRSiClwD84Qh8wJqCNdsyIBvUSUhuM1uSVxiiN0JrkkEEohcmXSWpDWa5F5gzpkQMYrSEMkZGmpDXCFRil8YYM3UqgUxlyBnTeI9Ihvf1bcIdfRQsIozZCAaYnSbGnG3/FOfQcOIgKI/YfGuDMlavI6DJOmCM31oNSncheH39xgG9CulIQhgUIIzr9LrLLl+Nnsozm2tCjo3hC0JZMAlB0CqgoorvUQ9koSot8fKPJ5ELyfopBN+Lc43a2LRaLxWKxWCwWi+Xko6mUYFovnEp6mInnq14sm5DX87CCUPxvaAQ7cnPjNTUI8pFDfsxh15hPlx+xrqfIqs4gjvLLsYvke2aHx+v6/DidFOAAWRfSEoZPNDdwE+LXIGbOBSBtNLnyUO37RYuu4ty+ixBIXrfo9QSqRNJNT9rOkT4XLLyBpNt+xG2QwiDMeGhhjJgwyOFoOJ9PFGo5uo2p5FYW47/hWi7wqTI3Tyyr2XTTDqTaQTQRd5uGhz5KHO0w0s1cwfUCcL2zVgiB1hM7guq6c+lOPl1F3CPBCsAWi8VisZxGCBHng6n/rN2UAcLEo2Sljm+djTAYoRERcfxoIRDSIFTlIUJWynLkeDkCRCVGldAGtKnkGTYYpUFphBYopeJcxErX6tVaY3QsElOZFjoWf7UySG3QOs4forVAoPE0oMFRBklcndYGGWkIFa5yySTa0IQUxRj5kSLKaLxEgp6ueThuAnAYyw0TlYp4rkMiJfGCiEI5YmioTCnQKEfgdHbheR6B46C1Jkql4/13HaTv4KdTJIMS+oCLLhUJxwrH61RbLBaLxWKxWCwWi2WatBSA6nPMtlqnslJZw858c4Ei6cDZnfEz6/acYHiGYaKHyi4/2NvG04cUK9rLLMmGdPmarKePqhCccQVvWJykPTHZfiwldHlQ1pBXEOrj6whulp9VAl5VMJ+1L7Q5rvRY1nE2WwafBeArv7iN9UvfwKqu8+hNL2ReZnHTVr524W/Smz5rTtogGj4bp09VJv1Ga3NFw7ypt40FZJofyGZMd705YjoC6rEIbVzLz143XV9vdfpot+V0DeN8JFgB2GKxWCyW0wgpZSzQVgRgmHgjJwyxcCoERhqEMQhlwDEIR6JFVQeu3NxJgZCysmFFTAZ0pQ5ZyTMsq0Kw0vGoQGMwkQStIaoIwcYgVewURmmIDOhYzDXKVIRgES9TBm3AJZ4WxiB0HGdLVlMaByHloWGGfvY4woAnJGZ4hPzIIYpBmQiN43n4bR0kEllGhgco5HMIo/A8D41LoDSh0qhAIaWM5wtQSqHrbnBDaVBLl7EvKqMLOaLCMCIs4x6fjDMWi8VisVgsFovFcspT1W2aCX8zLWd668T5XVttWIxgX2GyMuQI+PD5ioxXIjLg4LFp0OPhPYL+0szamgsdNg2k2TKs6U5GzE9FLMmGzE9HRyVEdKotxdK21qmNhIjF7YSEQMdu4JI6dkLwpDDhFSSQcMBzYsdyf3Hu6/bdFFev+i/kwxH25LYzUu7nwZfvIeVm6EsvZv3SN3Lp0jfhu8naNo70OLvvLXPWBlFn8W2mSZ7yIaDrmCDvV740DQHf+L3VwWkY+DEhxHQlVLRoEeK5RVEn1XloJfLW5/w1xhwz8dcyO6wAbLFYLBbLaYrWGllJBKy1xlQem6WOxVxkJWGMiG/ojNJIITDOeMxoIwVKVgRkGT9t1m4CK/WIiiO33gmMNmgVgdIYpeKcxLX1YgFYRwqjqQjHYEzsRDaq4vA1BoWqWn7RxqCNIUKgpEChCaIASgU8xwVtSAchCeMjtaIYBqiioTA2yCguJgpxdIgEKMXha4wRceggxyEQgnLZEKqIUCuElAhHEmpFFCqcXyqMiVAiREuFdhRanky39xaLxWKxWCwWi8VyYtIy9+ZclDdH6syuvKDcJP/v5QtheXuBZwcCDJB0yqzpcnjrshTf3+Nxz1ZBMEPFtKQke/Me+/IemweTZD3NWZ0lVnUEZBNzI8QI32Ms0mweDrmoJzHlulKAL+O/rBMLwQUVj+s+lrjEgrTvVsIi6/iVwdEImS2F5Ny+17G4fSWb9v+Yp/Z8n52jWyhGeXaObmFw6wG6U/M4f/6ltUH3kVbkwzE6k/6ctKE+xHOrQ306v5WohYlutgCmVs0bZ1fmV6+j00HvrHf9NptvOfGxArDFYrFYLKcRWuuaA9jUcnTEzl1t4pDNrqze4IHQOhZ8K8MbjRRoE4vDRgqEBgwYGYePjm8CTSwum0quHVPRi3Xs1DU6FoGF1iilamGhtYnLMNU8wVHF9Wti0RctMZGK69QGYyAiqrmHtVbxp3RQWqC0IdQKQonCISyVMQrKaLSUlI2LEhBGhnJYJuEKXNdDG4VSCmUgNAZtJEUgUIpIK5QxICVKglJR7HZOOGQKoxhX4LmSUEBZCYITPRmSxWKxWCwWi8VisZzgTAi9bKYv5NVrPFNqNY0KWoPTb6rCTd33Xw43z7h65ULD80NBzRVbVIaiijhYynFWp8M335Di3pc9frxPsK8gKE/7MTIOalzWgnJZ8sSBLD89qFmcCVnZEbAgHeE7hoRjmPHYZCEwQUS5HPLKMPxKt3dY0ae62BWQlZBxIDRQVHGYaF15RzBXuplgfOy6C/giDvdsKkHFDFDV46WYXi7YGbdBQLvfxRXL387ly9/GgbHd3PfCX/Ni/9OMBSO8cOgpzu17HZ4TC+jaKP7hF3/B//sr/5Okmzri+mVVoGvVPg6bxvqkxVT+qYZxFohK3t8YUTM0iNYqecPBqRd5W/32Z+L4beyvDBOj8J2I1Dt9G9s51XdZMYW0cg1bjg9WALZYLBaL5TRCmdjpKwAEtZvj+LvAkZUcvtrEj5IyXkm4MhaCASWZEEqnei9t6p51lQrRQuBUcgtLJEJUHL4mzu3rMJ6L2CAwlVDQQhukies1GjAyFpcxGCEBXckJrNHEbmRtZJyTtxqeWUCIJjQghIcxDsr1MY4hJI46XY4EWoCWLso1lNCYQBOpWEjGSIx0AIkfSRJaoIlv1JWBKFSEWmEESFcQJuP9DiIDwiEhHDzHOTYn1mKxWCwWi8VisVhOEabSV6bSEWbtEp6uItko+tbNNsDLI5Mb50lYmInYNxh/T0hYmHYYLmtGQsOOvGJnfozzul1e15dg85DL1hGXpw4K8tE021VHZCQ7xnx2jPmkXMX8VMS8VERvStHlKzKenp4YLOP0SwY4VFIUI0Pam5mIIwQkRLzPxsRu4LCS7UlVgoRVg35VxpY3L4c4pLMQ8acjKn+AK8cFjkq2qZqmV6+j14dKniuMMewefYUXDv6Uc/suYkF2GdlEO/MyS3ix/2kAylERYyYq+q8MPs/ju/6dK5a9DUfO/p1B1dVc3bVWZtajEBn8hGJcw51C6m52cTWMDDEtpqfbhmYcqe45nbDK08kTfDRprL+Va9hyfLACsMVisVgspxEqMhgJ0pUIU3HzVsI3CynRIqJsQhwhSUin9pAUCU0kNEoKXOMghVMZbSuQIt62fkSfl8nGYaAjRRRGaK1iJ3BlGy0FgTEIRyBxMWgwDkIBWmMwOGgEEYGKHbnGxMKwMLGlWAsNkcQYQYhGGUGEIcIQookqt+BSlwgUGC3QOnYnx9NxiOdIhkR1IxWNcWrTaI0xikC4KCFr+U0045/KGKjmTTaghRPnCUbbDMAWi8VisVgsFovFcgxo+uw1HeujaTLZwmVsGmoxDRPNBOBlWSiqECpNuXJhkkvn+ewpKL62LU8ujEvdkY9wRURfWrK83eXaM5I8stfl/p2zV5CKkcOrOYdXcwnSribtGrr8OGfwgnREe0I33U+ZcCtpoOLvI4FmONCkvdlLiaLizq0WUckQVRPPY2fkxPMo6iaqAmdVCK5vtjHNBbv6dRq3mQtCHfDYjvt5YveDPLH7QTr8biIdsX9sJxAPhF/cvgpHTsyhrIzi8V0PcGb3+SztWH1EbagXtk/r9w9Nf6+HifBsGmc0p1W06DmKHD9rjqartpn7t/o+TDamfzPxe7bGbWYjTDcLNV0ts1mbLIfHCsAWi8VisZxG6DBCOHHeX+OMi8BSCBxBnLPWcxGuC54HQqAwKAzGlTiOxNE6HnXrSKTrIJxY/NVQkzxLKh7hKhxwpUfCxAl4RBQPyZUIIh2iVEVABRACEcVisw41CSciISUyNJjQoJQhUgatBVqClg5CxeF8NBIlDKEBJQzKCEyl3YjKw2tFNNbCqbQ1bm2koKwmhqqp3sRWv4c4aBMfi9oNrjEYEa+rkFSHUSsTu6gNMIsB2xaLxWKxWCwWi8ViaUJV0GkUCScJOq1UHzFx2kwqoG71w4lCddsZYDAQjIaTK17TZdhXjAVg34HV7R7zUg6uFPT6klw4njQ4MjBQ1gyUAwQB1y33+O21Ke7Y7PJvOyEysxU/BIXIoRBBf8ll60gSgaEnGbGqo8zK9oD2St5gIQVuNk0wnKttPRpqRgLNoswsq2+CnANHbivht1V9c60dKR2ye/QVIh1yML+bg/ndE5av6j6PCxde0dTlu3v0FZ7a8z0WZM+ohYeeDVK0vIQncErqZg2/adMkzHetS5gipPNMqpvJ/FZIKU9od+xU4i8wQeyNjRXjy2TFHFIv2lqOL1YAtlgsFovlNEIpFYd2rg1/FRgRh0+WUsbDcKPY9RqZ+KFWCxBS4roOnnRBxnmEY3GzIvRKiRKVmzsp8KWI3bMqHqFrIlChwgiFIyWOcHBKCqk1Go0Ow1iJDRWO1ngmvqksYHC0xFEgVZwLOIx0HEJJQ1AZg61FLD5rAUqb2rTWBqWicdFWxWGhtNboSu7gcgRl1Vz4rc4r6zhHcU0AFsQCcPUGWBDnlgF0Jex1VDm2FovFYrFYLBaLxWI5MmYkvtQJQ7XxxvXLq+LvDDSYijw67gKu21YI2JmbvI0AFqbj4ccAJQVPHCzhCNiWi9hdUJM3qqvvF4MhmwZDXr80weuXJHh4j8sLQ5IdY4Jy602nuT+C/pJHf8njyQOGjoTizK6QS87y4uSpdfuXjwyjoT4hc5c2CntVN3EjVaF0Lkm6GW686M94cs9DbD70NIUwhzGGpJtiRddarlj+NnpS81tu//iuf+eC+Zeyuuf8WbehGs77xDorx476QSFCTOH6PcZ6a/1YlMaxJ9XfUeO7J5gomGqta/Oa/e4at63Pt9tMYG6W27dV/fXO3mbznbp0Z9V5VUG4Wn5juxv3d6q+pHG7qY7DVNh8xFYAtlgsFovltEK4DjgS40qQsWtVOwLpSLQUSMfFFwmE6yITLsJzEa5TyxWMNoROhHYAKTCOBM9BeG7sBnYdDBWx14CULsbxCAPNcG6M3GiRMNAYAyJI4klJ1nfJdDikpcAjQkYRqDJKS7QCGShkKYRigDYhjtRoJx6+W05oosr9nMbURFnFuDsXKjeatbDPVG5k4+1it7Db0v0LsTZdc/YaUxOcqxiIExBBLKgDSog4R7HFYrFYLBaLxWKxnAZM9XK/mSDR6BKbjivOTBXWuTGnZ/12R0EArNZhDOwem1x6xoO2hCLS4y35+UDIC0MhgZ60esvyXxgO8GXApQtdXtvnMVJO8OP9Dj85OFd7JCgoh7YOiSAEDV57Bh0EqFKAMnCoFA+Kdk6wR9zGS6ZqLG4UgufAcDwJIQQdyR6uWfUeLl/2VnLlYQyGjNdGJtF+2O3z4SjfePEOfvfi/0Xaa5tdG5jefpkWYc1PVpruS52zvy4Q8azKrx6vI9KNq+MoGsoJwxApZe0vrm9yKOVmLtrGPrb6N91cwfV11c9rFIUb34tNRzStF7ar32VdurjGfr5Z2VP9n9DMrNHY9sa2NJYhG9LXnQ5YAdhSY8OHPsY7ViXZ//Sf8qn7jndrLBaLxXI0cNLJOGSzI8GRcdhlp3LT6MRCrkr4FMIyY6UiQdkgPBff83ClgzRgtEEaifRcHMcDGYdHDkNNGAQopRgueRRLIcWwRKGsGRgtsWf/EPsHRimWFGUtODAaYKKAjDQs6sywakEXS3ra6EiAoyJ8E5GVDu2uR5fjkk57+H6E0CEYjUbha5dUVdCtjfA2E8TZhFQYU3cjW10Riam6ehnftlEIrnwZnw81QVzX3Tc6bnxbpTBoIWOReNYhuiwWi8VisVgsFovl1KeZKDAt0aVJuOe67EItNxH1X6ZTzTSFs935ySv1JqE9oThYmljZdMXfesoaXslFOCIi7ZTYeGaCG89NcceLDk8ejIN5HQlL2hXtzz/Czz79TfzOLlb81/fQtvZsnEySaLRAf0mhTG3c80lB/RkRcxACWpuw5bKkmybppg9bhqES0azC9uEX+Y9XvsY7zvngzBtU3acp9utUfiNRHdQx/rtuNnWYMmgRQnuG4u+U6zb0VWEY4jgOjuNMEnEbxdBm4m8z4XQqAAptNgAAIABJREFUJ3HTJjWIovXzp+PSnW75tWiDlW2q4a+rzuL68pqJu1O1u35eMwG7sa3V+k83rAB8irP+/R9l4zlZ0Pt49C//hn8eON4tOr5URe7WlNjynU/z148dsyadoCzk8ve8nTesWUh7qjKrOMbuFx/hzq89yWl+GVksJzcyDtGMA8YB4RgcRyBcieMJBJIwUggcQuFyMJdn3+gAuXKAlh6Ol6CnM0l3h086ncY3AmREGIaUoxCt48DQ/YOHiCJwHR/P81nU4TO/q5v+XAevbB/k1f1j9C5ZQqlUon84x85DBV4s5FgxEnFGIqCtOEgKyKQknX6anqRPR8InCTjS4KcSBCrAFV1oA4Eqo1WIYzQJwBeShDF4xmCkqT1gTbwRjG/8tNEEYnw5mljorojFAjBGjYd+FuMisK57KHCiShlSYKSwArDFYrFYLBaLxWI5rWj1Av5w6zb7nECjlbP+s7qKaT7dWEbjosOKPHXPfFVpulmY4WYO4HbP0OYp9hUPV8nh8SV4jqAQGnKRYfNIGYcyv7XG5zfOTHL3S5JXRiVDwczLTnuGVf0/Y+Cfv0lGpRgb2MOOv7qLjnWvoectl5NavJhRT3KEUaePK84cOMC3DnwXxRLAn3UZr468hDJR3RzDE7se5DXzLmFV13kzcicKDr9f0xVCTzaady8T7b+m8k+zQ2paTR+pU7qxXc3qNoYoGk9V5jjOBDcwMEkgrRXXQhRu2pQWIaFbuYuVUjUHcrOy60M9Ny6fqk1KqZr4Wq3bcZwJfX6z/Z0qj3ArwbixHdV6G53WpxNWAD6luYL1K7PxpFzIWb/eBfcNHd8mVTnzMjZuuJB183I8+Mm/4+FjXb+OCKNmC4qEsxiFd2qxko0f/g3WL3AhGmP//iLg0jGviyUXXsd/b3P56Jd+fLwbabFYZkmIRmiDUWB0nCPXaIk0AgcXKco4yuAnU8zrSNM2r50+tYCCMoTSRUhJUgSkXE0ymcRPJuKbOKNBaDzPw/McnPQqgrKBUKCjEESEETA4qpjvOYjcMD/c9ArnnNfN6rOXsGnbXvr3D5OXEUvXLOSyZSvoyfo40sdDQqlEWCwTFPIEQUCgFMVAkBs9QBiGKBVijMF3JFnXJeN4GCkxRuL4DrVRoGb8QaEqCithamGh49y+YLSozQOJEm68Xt2DhBaVEaeVG8yEdiohouMFBjHBiWyxWCwWi8VisVgspzOtckLO5qV8bfVjpW6NB4eaRFnTVHhdktEoc+SyaZsneOOSFMuyLt/fW+TnA7ETVQE/7S+TdgM+uNajv+Dz91s8toxM/6BI4INnltn9tSdRoUNZFcime1AqZOSZ5zj0s6c58y1vZ+l/vRRXJI54X44lE8YNzIEDuBj18/1tn2HXqMTM4YWXKw/xyKvfYkHmDLJ+x4y2nc4+naoiMFDZsereNdlTMXneVD3NVMfTNH453EGtb1bd96p4GUURURThOA6u6+K67iSHajNnb+NAm5mEga4vo7H/rf9rFpZ5NjRLtVYVgqv7Gqdqa+7+ncoR3Szsc73oW6VaX2Ne49MFKwAfJbq7Orn5xvfT3dU5J+UNDg3z+S9+mcGh4elv9PqzWJKAcGSMqCPLghW/zll8nS1z0qIjZMGZrFvVR6qYOy7VF7d/n4/eYUXMplx0KWsXuJDfxje/8Hc8XLX7nvsuPvHfzqdn1fm8gx/zzePaSIvFMlucyICsCJdO/NAiHBfHd/ESCRzPwXUMoTAETkTSBc8VaCkxWmOMIuFKPNfFmBBMBCoWf6WQONrBiRxKUYZSEEIocB2DKwJcYehp93jtOfNZ2NvO+a8ZRGEolAVdsov+dpd0pGgrl/DLaTKECD2M7/pEYYgolkhJB+17FAqKrJ9kwTwPo1RNrJUIXASuEXhGILQh1Gpi+GYqN5R1IaOhciNoDMoIIgFaGJTRaMbdvlUm3nTGjmFkJUdw1SHMuGBssVgsFovFYrFYLKczMxF/m7nwTN3EhGUzULeaGYnngsGyINCTS3xtr+Fg6cgF4L6kw7qeBN2+w1ioawJwlUJk+PlAwLyk4polbWwZmX6g5utXwofPCfm9Hbv5v+y9fbgcV33n+TnnVFW/3DddXb1cyZJsSbZiJGNsI2yMgw0yoAAm4AQYL4GFSciG5MHZnTwz7EwyS2aYh8zGkyG7j2ezzEOGhF1CWF5is2CIAQO21zEG2RgbC1u25RfJer+67/1SVeec/aOquqv7dvftqxdLls7nea66u+rUqXPqVJeq63u+v58UCukp6mGFYmGIam0STxXQjz3Nhp2X4F00cNJ9Od10k8DkKRCAAZYXYbpmmQ5P3RlksTx+5Me8evUbuPqCG5e0rTzPQkBrm/xJASLNgNxD/gXbGir6pB2+Hehap11YDlrdvUIIjDGpsUEvCA3d3LYZUrk9b28ngbZbzvW8eGyMaRFfewmsnQTmbqJzfh/tfci7jPOO4LxDt/11sTDUvURyaB7v89H9C04APm28fvuVLB9dxne+90Mu2byRizdd1PP9Yrz9rW/m9duv5Nt9lE0Y5X2XrccH9v/i50Svu46NY5vYsR327DqprjnOdTaNMgzMvPBIU/wF2P019hy7nGtXDbH6GuChM9Q+xyuW22/7FAC3fuKTZ7gl5zdlLQAJhiR3rwCBQqGQSIwVzEQCLUFrg44jrADP8whU8lc1htkw/cGpROL6LXiIwAfPwwiL9DWekciiT8n3MfEcYXUGE9YoiIBVQxJ1QYnq/BxYj43Ll/GsV+fgcweoT08h4zLlgQBTmcdGc/jCA6HxlEQpDxvCwECJSn0Gq0BZibQgrETEJnHxpuJtlmME6PiAwVrQJglJ0/hRkP2JxAns61TkTcnffxqR/PoIpQYL2lpMeoidAOxwOBwOh8PhcDjOFzqF4cyLBO2/y7qR/721WETozgsWLm7/adZLBliauVgwVadjRMEtyzQPHj15weFoVfPsdExhVPDDg7Wu5SqxIVAGgeorFtVwEZavhb+cKrPm33yC+Pgs9QOHmfjZw/DccerT+xhduQGFxTtFAurLRbsYeKra7ktYWbbMRcnk8VNFLa7wzaf+hteuuQEl+5dsRC4E9CtoeE6YuoZqDL60zfy9jWMgOojAJ3dUun6PWgwCzYKdrjkLws7nXLtSyoYQq7VGa93iBm4vl22f7Fd0FEE7hXtuL9cu/ObL9xO+v1/xt5s43e4G7hXuuVc+4PZjkXf75rdtL3s+4QTg08y3v/dD3gFcvOminu8X4+1vffPSdjx2A1vWAuYge75xN5ULrmHjRYOsv/wq2PXICfTEcd5QTWJj+4WhthVXJfmAzSyHc+LvTR//JDs3xOy568+4/d6XrZUOh+NECTysJ7EKjC/RyqI9MCJGGouxksgvoAo+0vdQQlCPNbU4JooM9ThClAp4xQJWCpQv8XwfrxAgCwrpJzMVh4p1dB0sSSLxsB6BKaCkRkQeZc+nNDJAbd6jPjtLLAQb1l5K4fqrKEUhQX2W+UhyuCqYnJ1mZHQYGUjiMKLsFTAlH4aWwWAZz1oK1qK0hUhjwgij48aMRl2LEKQ3gDadH9pyE5jkPsZapBD4SDybhG82gEFQ0BYFjWUaixbJqxXJzXOYrtfWNh5SaNlpEBwOh8PhcDgcDofj3KJTnsn2dZ0m5HYSCRY1afVY323ViVRpF7wRSUhZK1q2mKpDqFulp7Vl8FWrU/dEmY0tn396btFya8oB9+zz+hJ/PQlXboCCb6hPzQECb/kw3vJhBi67hGhmhoGfPQG7D7JmfJDVa05NlMuXg4YwmFumRBLu+mQRApYVYbRuOVY9tULS0cpLfGX3/8H7tv4BnvQXbwutOYC7ncPn0mOJuQimQxjwczHZc/G9RUtI6GYOr0yrFyJzv9apRYcJ40mwGilLFPyVFPwVzdkC7Wpy+8yQDqJvnm7LOzl38+GJtdYNcVRK2XAFdxKB89vm6+/Yng7X4E5hlBdjKTne2+tsD1+duYHbj0mvnMLdchpn4m9Ge6jn/P9D5xNOAD7NZI63ft+fKrbs3Mg4EO3fk4TqffxFbrxoE8ObXstOHuHuJde4hutveQ87X7UmEQEBqnPs/+W9/N2XH2J/vugbP8Jt79pE6cgj3Po3e3nfb93E9euKwBxP/OIImy7bRFYFpU3cfNunuBmgupc7/jTLB5ztbyXDpfQ0NTHVY7v5x7/42suUM/g9/MltVzFe3csdf3o3/m/fws4to/gSDj34ST59BzC2iR1vup5rL9vAWMnDT/9HrU4f5Ikf3ckXHjjYUuOO3/tjbt5c5NCuT/LZfe/lozu2sG6kCEA0uZf7v/MN7nh0EtbdwEdvuY6tK4pJnXGNQ08+wBf+r3tbj3WDJYzPYvzTXvZfu4Z1G6/mw1fs5guPTsLY5bzvQ7/GtiGoPv1YS/jnShQDRYZXL2UnDofjTDExIPACj2CggFcuoooeXilAlDyk7+Ep8ERILCyREcTGQiQJYg9M4oIteB5KJeGODTGxrhNVQYSAp/B8hTUabAGhfLRQREphSyVkIDAVqNRj4nAeZWMKZUnRU9iCQKCJaxHWRDw1E/DdvVVe2HeIdeskxULA1LGjDAZFisayclmNTUMxI0pQRFDQBl/HKK3BJpZdJSQlcg5gmjd7+bDQ+RtNTyiEzf1EshJ8g7YWhMVgiTDUhCESmcgrKAs/yeNiDHGaL9g7z2YWOhwOh8PhcDgcjvOX/MP7hWGdO+dePCtdWTmhJ5c9qLmwRQmyTIULHcDv3AB7Z+PT3NAm68qKyWqJe17q7ziuXw6/stqi5yvYcGE7/eFhxm64lvhVk1xU1ixf2W4UOTvJIiK3n2lSJELhqQgBLAWsHbTM1i31DqG/T4YHXvw2W1e8lteM/+qiZZNMVAtO0HMWa+FIDWYi2FBMv4ONvucH1ibpzrrUUwsPs//Y15iaf5RKbR/GRvhqmMHSZlYMX8fq5b+Gp8ptO+/QnhPsR7sICrTkrM3yAwshUEo13Lp5t2x7iOROoZvz9Xe6/nYKldzNuduvaNpJrM23M7/fdndufr/Z8ciLtu0CcbauU17kTi7j9meB5wtOAD7N9BPeuR+W5gC+nB2bR4GY/U/ekyy6/zH2vmkT24bWsO1tcPd3l1Dd2HV87GM3sm3EA1Nj5sgsFUqMrRhk3VXv5I/WruGzn7mzQ25hj5s/9B6uX+s1PvvRFIcOHaXkDzE+VgRTY+LILBFAbYoZALbwgX95C9euSvY3cWiSSJYYWT5IadUaxpfQ9FPF2Ec+xPWXDjYXpJOwdrz3Fm7eXEzE6emjTNTBH1rJ2Mgatr/7nzMs/4zb719Ynz/6Ef7n7Zvwpo9y6FCVkVWjlEY3seP9t0B4kK0fvIpxWWPiyFGi0ijjI0XGL7uRP/zdmE98ri138QmPTxcm7uaOH23go29Zz/Zbfp+NO6qUV41SkjETT97DX3++U+7kmOoS0lM7HI4zx579B1BK4QU+QRBQKBQIgoDA8/E8D6M0oagmN0iewvM8lJ/+KQVSMjNsiQtJTiEhBNJ6ieBqLLYSJjvar7FxBWOaseQbN2XGgrSIkgFRQISDRIenWFeeZ/rQM0TGUhxdga+LSBswW5U8/PQh7MAypisWS0SpWGRu70EuHSqwPJAMqZg1ZY+LVw2ycVmZYVHH1xUCYojKzRtfaxEmvXnMbiKtwdoYZNo+kYTAjoUlxhIjmFU+sZAYbNLPDjMnfSxCSArCZyANOx13eMDhcDgcDofD4XA4HOci7Q/282FGF2OBENxu4ey17VIbCgvMfN3oI7Un03WxQAC+Ya3hn46efP7ffigquGhwgN+/X1Hv4yeoFHDdxZZA14mr9Z5lvVWjPBsInp7VbF0mFwhDZxqRivTtY9IuAquGqbOXNNg/BQUbhg3PTEnsKVRgYxNyz3NfZ8PIrzBaWtmzrDbJWJ5LDt9eGAu/OA6+NI3xhIUm3Xw46Pb19eg4v3j+k1TDA6xcdj2b1vw+gTfCXPVZ9h/9Ks8d/m/UowkuXP0hlCq27L9RX4fz7XSRhYXO8gN7ntdwA0OrsJoXQ9vF1Uz8bXfYtoeCzgvR/dIrbHS+7k4hm/NlsjZmbWhvS75vnQTifD/zx6I95/KJ9PGVjBOATzP95+ztzZIE4O2Xs34ICA/yxPezhY+wa99b2LZ1kI1b38nYd+9iokcVTUa5+UOJuBgdeYwv/c3X2JVtuO4Gbv2dG9kyfjk3v+te/vybk62bljaxvVRjz/3/yJe++Vjr/jKXcP0A933mb1sdvW+7ge2rPJjdy1f/6m+5r7HhKNvfdTXD/R+JU8QqrtjiceiRu/hCu5s2muXQI/e0LR9l+3//ET582ShbXrsT7l/otx7bvIFDu77Ip7+SyrJj13Hrx3eyZWANb/zgSvz6Xu74L3/byMG77f238jvbV1LafDk380DOgXsS49ODyvwk09X1lEpFxsaLQMzE7gf41jcXOpDHh4rAJDPP9V29w+E4g1xx8cXJjZFovfHL3qtigWBkBCtE8ktCySTUscjCIVtUZBDztIWh8YlCTRRFxHFMIfbBWrz8jEaa+5MamIiJwxBPWnwTMFVTxOOX8ujzB/nZQy+ye98vmQuLFAZXMF+pUJ+vMD66nDAMmTxyhKFCgWigzKwP1eoM4fQsRWUYL69mzeAYvvaJK/Nokd34LvwDgfAClCyjDRhriawltpbYCowAjaAUaoTVmNRBbNJ+aWwjLPSMSkLXBMKikCgE5vy6r3Q4HA6Hw+FwOBznKTKdBJt/EN9NFOiUt7Ida+jL2djL0dlTpEmVogVlWs29i9RliS1MR2Da8sGuKUeYl0ElksC2ZUX+06Mes31EnJYC3rYNxoqacKrWl5I1FVq+s6/KhYMeg/7ZJQA3f9u3Laf19FHSYK1Kyp6CLggBwwVYXrRM1Dg1labsnXyCXQd+yI6Nv9EzH3BsQEmLwHYcxnyk4rNr1E6MQxXYPQmrywYpSe3euby/je90U+LPcgQDaF3jqX3/iVp0gIvXfozx5e9I0oEBg8WLWbXsRna/8B94aeIbDJYvZuXIm+h05PoJJ98pcnRfG2ftzomq2fsoilpyBOeFYKBFFM7yCvdyCHf7vKA/i4SXbp+80y1kc7f9tK/PO6DzoZ3z7uD2SUbdnMdn24SVM4ETgM9Bdl69iWGgum93S6jnXQ/s5aatlzO2dgs3XXIXX3i6j8queifb13oQ7uMHeXERYP+9fOnRrfy769awbvPV0B5YeqjIzP23c/sShEcAlhUTg+3swZz4CzDJrm8uPXh1J0qbd3L7bTsXrjjyCLf+xZ1thQdh9518+ssLcyf/4PO3dwhHPcmuBw9y02WjjI2uYQcsLDOxm69+JefJnXiAL/3yKv7d9pX4Xsye7zTFX4AnvvIIz23byZbSKOuuAzIT7smMT0e2cPMfvIcdFw1CPMlzDz3CE2xk++WbGN96Ax/euIWNd3yZrz6ajemNjC8DqpPs7ed8cpzzXLP9SgAe2vWzl2U7x9IpVioAGJncRBklEFIilAQlwYaIeiL8CiXR1qIlhBjqJkYbk95USupxTD2MqYWaMNbEUXLzpYGwMoO0yY2ZkhIlJJ5Icpd4SuFZQaAlZRFTGihRiUEuv4Av/+gRvrt7PzPeMGMjF1KKBJPHjxJWZhkuBSyLqpQLigsvWI4vFVPVYxStz7APQwJEvcbM8Ukmo5ARX1AqDjXypxhj0DbJp2KsQev0gURssNYQY9FWEAlLLAQWmfw6xlKTYSoGW4xI8vxqkQrAmZM4Sm7yYwS+SG9Qz7OZhQ6Hw+FwOBwOh+P8JS/89goF2i3MaGv5/rSSTlWcsO6aF3wXqyS1noYa5qOFjZgKJYOeYC4+vSrwqpLi4aMFnpzuT+jYsjr5i2dr2Lh/h/KzszGPHQ95w+ri4oXPAtoN5AqDtgptkkcfpwIpYGXZMhcJ6qfQ7B2biP/vxW/xurU7WFZa0bVcLYLEf9zZg3yuCL8Ax+vwtb2WkmcZzPL/NkwG6XuRX5qQPwemK79gpvJLVo28mfHlb2+Iv9lxktLjV9b9ET9/7hMcmfoRY8PXIUWw5Lb2DF5wAgOSv5YaY4iiCGMMvp9E8usUdSEv/kJ3IfREBNJOIaYXq3Ox/XRLG9AeIrs9ZHX7RKMT2fe5jhOAzzluYNtaD5hj78NtoXqffoTnJi5nbGyUja/bBE/vXbS2LVtXNsTkb3WwDE/snmTiujWdhc7wIE8sVfwF2DvJzPaVDK99LX9yyxxf/d4D7OnPrtw/JibqlIYj7DRVbpLnHlgo/jYY28SOX72KTeMrWT00xMiyIp7nZVGiOzLx0iMLQjJPHJylykpK1QM8sSBs9G5mKjuhREtcj5Manw7s+N33suOiItHEbu786y+nAvy93P31Nez87Q+x89I1XP/+D+KHt/Ol3cBbNrEugOqzT79MeZkdZzPLR5fxwfff3Pjcr5h7zfYrG9s9/exzHJ908cRPJ3GlkoQ6VgobeAihQIERYIRFGEkcxqjARwUeQblIoeAjAg/jSYyAqel55mfmiS1okdQVCIFfEHiejxQewbpVKJncpEkLQhusNggLXjp7T3mGYVFHVuapxUV+/tIBHtp7mGB0HRctH2fmpZc4tm8/G1aPcu3rr2V8KOCZXz5GvTrLilUrmZ6eYe3yAiuGBxgZLDNUCih4AhPOU6tPI5SPP7wMptIHEVJijCFOQ8AYL8mlorTG0xpkIoyrdBapQScxo4xl3BQI0guwybl+G58FHC8mYbGltgibXK5dAGiHw+FwOBwOh8NxvtCeJueE6znV23VSwto/2+5Fe1E3grkOjxM//YjH71w6QM3UeHY2Pm1u4NXFEl94UvUlQI6W4TXrgShCV3qHfu7EK0kAtrSeD9IatLXERrCYpLdj03/oez/GJhMA4tPw47/kD3RdF2mLNhYlkucPOf1zAa90+Ws2hH98EQ5W4aIhjS/z39L2UM/deztbeYpYz3PBivciUC3rshqVGmDFyBt46eidGBMhVfezJdumPdR0v1/1foXLbvnUtdbJM7dUHM3MD+3b9wrR3G3f/dJNuO3V/qXuMx8aOttfP+kFzsr88mcAJwCfY4y9eysbA4BBtr3/U9z+/i7lNr+Ba9nLg4vUt26gBPRwzPZidnLR+juy6y7uvnQl77l8lPGrdnLrFTcyc2APD953N9969AQE5Q5Un7uHT/zXTrlsOxXu7m7d9u7f58PXrqGUibJxTFSfZeK4z9j4YFcROAoXF99bmSTqcCN3UuPTztg7ed3mIpij7PqHL7e5rw9y9+c/x8QtH+QDV63k2vd9hEP/5Z/Y9Lr1+Eyy+/4+j6XjnOb45BRf/ModfPD9NzcE3cVE4Lz4+8Wv3OHE35cDz0d6ClHwEQUfG3hoJYhkku82NJYo1JhQY+draDlNjCUymsgkIZCl9Qmkh5QCJSQlJfGUwEciYoOQdTyrCPDwpcSzAmEF6GRmpkJigUpN4wtNFEFUWM63frwLPXgBxeIg+375M9YRcsubLuF1Wy9l1BfEs8e5+rWbmZyZ48DxKQobV7OhoPCtToRcZfB8jzoeUxU4NjlDpRoyECc37Iakj4amc9dgkUiE5xFimLeGqtWExiKMwLcCieCQV2+Gm0GQRpVGifS9hSC9TttUALY4AdjhcDgcDofD4XCcH5zJh/EnHNa3i+jbqydtvmZqsWW2gwP4kWOCp34c8N6NPr++MeTBI/PMdTKjnASvXxHwtb0Bz80u3nkp4JJVsHoYouPzJ7S/mfDs/IUrUhXOti0TuXUSi8VQixXlRRTgi0ZvOH2NPUVUw6Rv0ujmudvodPqRpkD5SpXAajF8dz88NmHZMBhT9pKY75npt1PHFvQ3XRDFM1hiysULO9p0k0uUouiPE+mphQX64FTO88gLuO0iaKc8tj1D6p+G628v8XcxugnV3dblJxfl8xv3U//5jhOAzylG2bFxTfI2jom6/J/sBx4MreU12+HBXf3VHE0fZaLao0Btipn2ZTruM89wO5Pc98W/5L511/CBd17NFRtXMrxuKzs/sIVrr7iHz/ztAydY7ynmjR/hw9etoRTP8dxPH+BbP8o7ld/Dn9x2FeMvU1NOaHzaee1aVktg4iB3dxS8J9n15S8yvuJWdm7YxE0fX4s/ANGLj3HH7hNtueNcIxN8+xGB28VfF/755SEOfLzARxYDRDHABIpIQd1qaiYmNgKr/GRGHc2wyQaBQCIFeKFERBqMxuoYg0FIg5SCoifwhaA2aUB5COUhEJgwhlijdHLnLaSiYEpUw2nioMDDxw9zpDrKM7OWiWNPcs0ly3nPluW8Ss1jn/8JNvAYVoqwHjPmFxhcMczxWp2jYZL/RBhDNB2jDPjKQzHEkD9EQSqKA4nDOTYaYzRxHKWCdtK3mvWYNwFzOmQm1szrOAnjrALKXkBBefiijiBECYFnBUokgrdH8h5jmYtDPBLBWNn0RvU8n2nocDgcDofD4XA4zg/6df6ejBDRVejtVlVbSGfRJvrYzkUXJ6eq1TUdHcAA87HgC08LfnCgyO9uDVg/UONILeR4XZ+0ULS2pJisD/CtF/s7jiMluOwCEEZjO7lM+mBVSS1e6AyRk4xIZmTn8sAKAIM0MdZIKiGU/FemM9BaS6RBW5A2fS4jBSLNe9v4y+d8PVONPQlCDUeq8N39lr0zljVlzWAhF+paZD1O+trJ0N8sm3z/fW8QgaJSf5GB4oaO30GLoR4dw1MjLYG1u31fu11Dsktht1D27WJnrxy5ncLpZyJw3hXbKW/wK4lu/cy/zx+3V2IfzwROAD6XuORGtq0FmGTX3/xllxy/o7zvf/oXXL92kC1X3wC77u1Z5Uw9mZoWH/kJn/7cQ6e6xb3Z/xBf+q8P8SXWcO27b+Lm69YzvPVGPvrOB/jzu17epnTi+kvXUgJm9vwjn/n6Y60rrxqk/DK04ZSSgw3+AAAgAElEQVSOT5Z7uadwP8m3/v4eNv7hTrYMFCE+yP1/f8/ZIcg7zhr6EYGd+HvmCGdi6spggxAdKAgksuATFAMGgiKUBPVySFAsUCiWUcUAqzyMFFiRCKliRiPmDHG1TlStEdfqhGFIpDU1a7ECPM8jkAotFAqBlZp6vc6cqTIXVgljg1E1jh+tIAeG+dHzx9hz/Ai65HHNpQNcNaI4PjPDD6zFGIlBY22MFWBFFSFqCCEoWUFBxRQVFKVkwFcM+BBYTVyvICshmwdHwYDRMaGOqdqYWQwVoakLgDm0rXAkDHhuooYqDjJS9KlOTyGLPqGwrFchgwWJVxzCl4qCqVK0IcoaakYyE/v8eGqMPZVD7J09zpCCq8aWs3Vo9EwPucPhcDgcDofD4XCcdvICcLuQkX9I30vo6Fr3Yiu7JUDNbZvtcqlyQXt413bqRjAX9vZY7puHf/dTyatGS1w3HnDFipCJesiByokJwUOeYMQv8b/8tP9ktq+7CEbKYLVAFQN0LVzyfreN9kp4dxYgRJIP12YKff6PJC2V1ITaw1Pgy1fenG1jE3HUWoOJI6SgIf4uOJeEeMX1rxbDC3Pw1FTi+jWk4m9gk142+tQa89oiWgRfcu+zy89g8RKUGuDAxP/LxWv/gJY8iynazDMx8yAjA69GipM/3/PXj7xW2Uuoza6Pmes3E3uFECilWsTQJBqeaqmzvZ72950+n056/X/Q6XO2Tbvo26s/vTiR/3POJZwAfA6x/bpNjAFM7OPBLiGLYZKv7t7HtWvX46/dwk3cy7d61Llr/yQf2DpIafwSruWhEwvpfNIc5MFvfI7S+B9z8+YiY+uuA858yOF1I0nOi0rlsQXrtqW5eU83p3R8Xpqlun0lpWVruHkM7uim6q5e1hS3TUyXSY6O85xOInCGE3/PLNOrfPAUIlDgKawHUkJNajxZR8SS6BgQVYjDaXQ9JK7VkRFIC0pKtA0xAjwh8aTC932U71EoBojAQ3oKHcg0TLJAWYHwFEHgUx4aYIUxRDZiqjrPimgVM4XVPH1sD6bgcWlQYOf4Ki5e7VP0JEYr4jgRbuM4Tly8Ig17IyUlS+q4NUhjUSQ3N8IYpFUYq6hKgxTgC8moKLBMB6w2BqMN2sK01TxfC6kerzBfMczMT/GCCInrEZYpBoYLHAoGGYsUw/EcK4uGZUVLRQgOVSVPTEqenKjzi9lDFKuwQg4xvmIVx2KPO/cd4kNndMQdDofD4XA4HA6H4/TTSwA+ZU6tJT7D7+TIOzWIhqJT13QMAd2OAZ6YFDwz43HPS4pfv6jAG1bV+fnxGnNx/42TwNpywNf3+sz0+VBuRVBj+bOP8Oz3nsUbGGB8x5tQ5SK6Uut7v0WlmAkDfny4701OOzaX6Nemn60FYyzW2PR9+pctJ+SycYWSAuFZPPnKEUmthXoMlcjyxOGQWmSRUiAlSCkQMgn1LQUIaRFSNMJgZ308G/tqLVQ1HK7AoSrMRhZtDMsKhuHA4mXtz4d8bvSne0gA2/gnYWTwNQyWNnNk6nsMlbawatlbEEI2ylob8cyBv6JSe5GLL3hPQwA+oUkjosOyRn9br5PdxMn8eqVUS77fLA9ur+3b63kluGV7OX7z69vLvxL6dqZwAvA5w1VsXz8IwKHn7mFPr6Lf3cP+69ezMVjPtneP8q1v9Mir+/2H2XPterYNbeHmj+8k+vu72ZUXBtddw4fffzWln97OZ+9fQnPvn2L6XVAqjbL+EiAnWG9/13vZePABvrrrYG6DUUYKyelamc2WX8Otf/pOtgxMsutz3RzPp4/90zVYVWR843vZxtd4Il2+7i0f4cOXvUyOr1M5Pg88xt4dm9g2tIY3fvQWJv7uy9y3P7d+bBM73vpOfu2KlZRkzMxkzPDoenZ87INEX/gid+/vWrPjPKWbCOzE3zPL9PPHQUmU7yU3jkrgpeKoFSC8AtoPkFgCIRCxwkQBph5hdQwmxh8QyKKPUon46xcLeOUiqlSAUoDyPSgo0AYbxZgwRoQxNkpelbAICeNjRdYObea7e+aoDZYYIuY3N2/kHWuHCVbU0MrHqxfRthmK2qYOYyuTG0Fbr4E2hGFIrVYnDGPqkSaODcRgY8FcZR4fSYCkIBS+UUgrAYFBUFE+oRVEdc14aTkXqIAhaVjlSWylztjIGI/OvMhjk3O8MGt5aVYzH4UoDzwfNB6hNlygY/yREZ63gn/atxejLBvHzvIZ0g6Hw+FwOBwOh8NxCmh3+cKJu8z6dvzapsiTD+9sT0AozlW5hDYJJmsmJy4vvuO6hmdnBH/5mOKSkTL/4tUFQlvhudmI0NhFxaZlBcmh+SIPHenT/Wstg3fcztPPPYwUCm1CXrrrO2z/y79AlQroar2vaoQN+P7+Vp9pr/Fd7Bw4WVeetbbperW5PKEmm4ggEkE4FX+tEdj0w08OV/joFSUkEplOij8bhdGMTNiuxcnfffsiHtgfY4RCCJsKZSAVqeibqMCyIZgKbBrQWAi5UJw80e9r7otjTSI4t6+31qbzJbrULXIv1jDgw2hBM+AnE/xFqmCLNL9x0h2Ritp5R2haS48uKFni0vX/hp/v/SOeful/Z7byJOPL34GnhpmtPsm+o3/PXPVZ1iy/ibHh60CIvsTfrmX62LhTKOiMzPWbdwC3VJ8+K8vnA+7mpm3fV69yp5rFxNlOzt5ux6U9D3D79lkZFx66iROAzxXe8lq2DAHmIHvu6SHoAnAvj+67jo2bi6y79Ea2fONrPQTjR/js1zfwJx+8ivEN1/Hhf3UN75+eZLoO/tAoYwMeUGNPl3zD3XmM/RNXMT42yvbf+WM2HpnFL0xyz3/8IqzdwvVvvJzrf6PGxLFZIjxGVoxS8oD5vdx3996kirH1jA0Akwd7OJ5PH/c9sJs3bryK8bHL+difbWHi2Cykx6T67F4mNqeO7NPKqRyfXF1jW3nfH36K91TnmJiOGFk+RClILxfxJHvuv4vb71rJR//kRl4zsoWb/vBT7Axj8CbZ9a9v50unsceOVxZ5ETiPE3/PHPuPRSAl0tdIz6PgKwq+RzkIKAcFClhK1PAKAUHRQ5VKyIJCFhQikCjPQ1mJiCGKIqIoohZHVGyduF5Ha4n1JHJO4wmJUgolJF4gkNIkNuLYQByj5yscqM/w+MFDzE5P8IZL1vHqkmAsqnD8+AwVAwO6lIi9UqKA2BqsMcRxjMFirQYksdbEsUZrjRAKvxDg+QV0URPICGFBC8G8FUTWEBpDzcSExjJpBc/VKzxTnycUAVIWKMQhB4VEmwri+BTCGobLZTYPlBhfAbVahTCaoxbFzESGSmQJJNSGYirUWRVYXjc4zNvWX3Cmh9zhcDgcDofD4XA4zgidHtKfsMjQEku1074aWtfSLXttu1hKweEg5MoVhhfmfCZqHkuxKT89Dbc+oHjLBYO8cU2Mp+ocq4VdHcGegAtKZT7zmEe932exRhNuuJLRmRkCJNXaFFMT+zl25z2s/mfvwBqDqfe2Eo8VPC4sS3wZNkLtNvMxpyq8EM1BSD8nQgwd4miLNntmWkikoXytbWiL3cckWduoxiafMhEYazGpUJQ4gkk+G4Mxlgde0Fy9rszKAY8AgRKtTtmzgczVbCzEGiqh5vEjNQ5M11k/KBBCp87fVCQUufeyoZamOXIFFtPx+5fluhV0moDQbRRy4w2JCC9so90iXW9zbvmOpPl7pQAlQYqmqiwa7WeB+Nuc+JHrTx9jF/grueyi/5V9R/6O43O7OHD8W1gb4akhSoUL2LDqt7hgxXtRqrRoXUuZqJInL9hCZ/E3E32z8M7dyub7nwmjnQTRszEMcvv/CYsJ1Pl1vVzU7SG0z3ecAHyOsHPLmiR/66EX+UEfCVl/8PCL3Lh5C8Nj67n2EtjTS0DdfSef/quDfPg3bmDb+CCl0ZWUAOKY6pG9PPrg3XxpyRGZ9/KFbz7A8LuvYctokbHxItHEUWaAmSf3sn/FJlYPJcsBouoch575OXd/I+dwfcNKxoCJfT/p7Xg+Xey+k89+0+OjO7awbiRta3WO/Y/cy19/eQ0fu+3la8cpG5/dd/Lp/7yXm999A9svHGW4NMh4+v9dND/J/uce47677knHYA9//dmYD3/4Rl6zqogfeBC7kNCOhbSLwE78PbPIgQJWCrQwhNJQI0bGNXxTxQ8VJWUpY0CB9ATKl6iCpFDyCAaKBEGAj0LqXCgaTzEYFJClAFkMEL5HMJCEg/aDxBEshMDGGlsLMdUQXakQH5rkGaPZ71UZ9+FdWzZwgakTSUNdDGOlSWapCoERyc1bbDRhFCU5h41mplYHm7iXY5OUEUoivQAhFEZZ5kKNQpHddWsh0FKgVREtJKoeM+oJlpcEB7Vhrlbl0PwERwPD8PAAM3PzPH6wzGwkKHua5UVYPShYNrKcol8krAdMV6AaPY9vYy4VlstGy7xx5Qhbl/Wfk8nhcDgcDofD4XA4HK1Y2yrK9TJ1tYd8XbCOhRqRbXtdKr7SbF9V4+JldfbP+Tw5WeR4XXXYU2e0hbv3C358xOfy5Yo3XxDwqmUhv5isU9WtZbevKPDFpwKenVlCA5XHwa1vxps+xOanfwqAFIrwFy9QveJ5Sts2E0Ua20UsGfQlGwcDBrw2NWuBwJUubwjAuSO64ODbtnHMbduwdXfGtrxLG5E6TW26bSKaCjA2df8m4Z9Ntk7DRDXmgRfmuHRlkS0rChSUTEInZ39pe15uySw7lNYmYcOthdhY9s9E/PxglSPzMVIIChKEsEglGg5mIRI3c2IAtqlYmorw7eOTvScnJra3pZdwu2CQWkcm884ulJQ7OU8b72gIvmSOX9FYk89pLDIVOOtDW/vze2nvVym4gM1rP06l/iL16CjGRnhqkGIwTqmwvqtbebFrRPu1quNElZbyrQUy0Tf7O+EICmeh2NtOr8gAp3IfzgUMwp6lR2Hv3r1s2rTpZdnXrZ/45Cmv8x1vfTNvf+ubT1ndt9/2Kb7zvR/y7e/98JTUdy5w/e/+Me+7JOaJL9/GZx85061xOF4ZvPtt1/ON7953RvZ9zfYrAU6L+Hv7bZ865XUuxsv5/9RSOXDgAGvXru24bvdvXgK+QvgyeVUCpE1mFgpJLCWznocnQFmDshZ0jKc1AoNEgCcwyibOXiGRCvAU+AqrQCiJWVZA+AoZ+OAnMxbjOEbXQkwtxAs1g5Uiu+oen//+Q6xVBT50+RYu9CNmKyH18gqKgSSI5pMZu1i01kRGE0VRkgvYGOr4COVhrU1yBYch2hg0FotGG8O8tQhj8bRFxRZpBNhEmBVCMWEMz4URB+cNR+YNHoLi3Dybl5W58lW/QnW+wk8mDvH4sWmeOlzlaAWGy5JNy4usH4KgXqE6C5OMc+FomQsGYkYHQ5aPCgaKgvd88Xl834WCdjgcrWTXLXd9cDgcedy1weFwLEav33v90OlR8GJhNrNQo/nl2efsdXBwsOfD9qUIEvccD1p0p5Mw9TZYxEDcdx3tGuWuw7McroTJegvzseAXE0V+fqzUcFYuhYKCK5Zbbn11zKFahWdmYgDWDSgmKkP8b4+rE2p/oTLN1d//HPX9jzI0uJqB4ijR+jIbP/7PUQMDRMdnF24jBVeNlSlISXeJrf2Iipa1+fKisa5dEW6tq+EybnhJsy0aiiUNa3GmR1vb+GjSmMm2IQCb9DVbZtJXixSCAU/w2nUlNo0W8BrO2TOPtXC8qnn4pQovTodEhsTlm/1JkeYAFo0wyQ1HMLnvnMiJqjl5tjlSAtsyvr2mSyxUkO2CcyNfnpayLdXkPzQOe1P4zYoJ2axDiOb4iLxCLxpbL9hzr+X9YDsdjvauLTLxJM+7lk0vWNZJ/O3k3G13t+ZdwlrrjuJvXghtdwx3o1e5LCdx1o58LuJOUR9OVSSI7Bhl/+csto/88vY+zM3NtYTWzofbbg+53Z6PuFcfTlZ4n5lZyuye/nAO4NPM29/65jPdhHOUTWxZUYTZPexy4q/D8YrAuX7PFkKkUWBUeherMFISK9AiuXETlTp1a9BGEsaGKLbpK2hrKGgoWEPgSUq+olAUBAWFDCz4yc1m4Wgdkwq3QgikBWUs6Agbx8xqeDIqc/ToMW4sFhkaGuKliSkOAwURUw4PoTyRCLm5hwyxTXIBZzd8ns7HHZBgBVIqpExucaSUjNkQiUGYGGl0o6yREoRPNBsj5jQ1M0csqoz6Aa+/ZJwrV4+hyrNMDkzy7lUjvGFmhJ8fqfDo4QovzoVM1TVCCNaUy4yuMaz26hT0HEPlEhuWjzI+MkipLVyPw+FwOBwOh8PhcJxvdHogv9iD8my17W0ITQuzqNuu17KllLHZ/lKqxibxa9OctIO+5fXjVS4drfPo0RIvzAVUY9G6UQ/qGh46Kvj5vT6/sXGY68ZDQqOZiwL++kl5wuJ1GJR4fnQVFx9fwVB5JTPzR6g89iwrH3yc5W9/I6YYoGuJkC2EYNCT/MpIgaKXTp6mPR+qyCyiucHKViVhnBs2WpuXDDsdh+z42FyJvPezde+2ce6I/GZpROJk0rexiUNWACiJ0DZJSQUIK1qiVc+Ehh88M8dPChXWDQesGlQMFxUFtTBfbicWc1xmQnN2iDpJ5jatR2vLXGg4VtHsn4mYqMQ0wyRnwi+J+Ctk8j4nCIu0rJCycfibrloSNdWSO56yIbmLlha1B4TOH3PR4gxeOKZNIb8jOcevyOXZbRF0s1Y0ROzW9Z3EX+j+3e3HvdtWVTomba7ebpW1zkfoi6xv7SJk0p7uAmd7HZnw2o/4mC/XTSg9Xe7hvIiafW7fb7tY3d7vXrl/82V69fF8wwnAp4kf7/oZ12y/knecIgH4+OQUP3biSY5LGBuBmT272XWmm+JwOByvIPygSGwNcWwJw5C6NlS1phZHxNpSR1CXPnFsqIcxUaSJjAXhoaSPUoqyCCkrS0FBKfAZiH1KkY9fVPgFD+Ep4mKh5YbLpO+11sRxjKfhQuOxuriaWj2mFmvq1ZC4HlK3BluPQEmMkKkDGAw2CQVN8hkEc7pCpBNRV1gDVqPQSJvktvGFxyoxgpLgoZESlBBoAdqAsQYiSzHWjGjLwNAyNoyuYlAFPLP/CNVwkloQgZlC+YOsGRxgeLDIVBhRrUcUfMHKZYOsWDZCWUlqc7P4UY2hgocSEiPPkqnDDofD4XA4HA6Hw/Ey0K940MlV1lxHM89nowDdRV7bdfWS6SgadxKBgNhCVCoSlFKXaawxYYyNYpYVDL+6dp6N8yFPTwU8P1Mgtv3/Pqxp+NIzgm+/WGAkgEPVRBw+4X4pn2jj1fjHDjE9/RJz80cYGVrL/A8fZfRtb0AW/IYAPBooNg0VGPJVI/QumZy3wA2ZEzbzY5Y/YJl41/jY7Th0EJk7vW8bj6ZsnHpRJUjAWom0FmOS0MjWSrTRiXiKwBqDJS0rBPOx5cmJOk8ea4ao7u0c7++Ma7qXs3eixQW7UGbNhTqWsuHebbh+U0dvJgTnHYrZZ2TOEdv8Bzp87jYeIje22edO49v5+9GstbM/WKSifbvgKFqbJ5rHpOWc6yD+nij5S9EC53CX6juZmPu+/qTnX8u4tYmjmZlCtFXaTQBdimjbzySc/oRgk/vrkf4sey6WF/vT99nnbGJNi+iflesg3C7Wtm7O6fNRBHYC8Gni+OQUf/ofP3Omm3EOczd//q/vPtONcDgcOU5VGObTEZbf0WRuto4QihiBsQIhfIqyiO9LbCCwhBgzjQgE3oAC/CRvjgGtY4yJmROKSCishTAy6LCW1msRKg2XohKJNgnFLEEKYgOx0URRTBjHGCNRXgGNRy22RDYJIxMoD2UlXm2ewEQopVC+j/RUMvPVAqkLeJiVKOHhYVBS4wtDIDSBBE8monAlSmbbKmEQ1hBrTV1H1CNLaDQmVqyWAomkVg9RE8c4XI2pTU0RC/BHFFiDpIrnH2GopFg7XKY0OkxQKGKVj4krDCDQMsYoA1GVqcoc8/WQK87oiDscDofD4XA4HA7H2UO/eRkXlGgXQk5Zixanp9ZQDJBRTG3vSwjfw1+7EjtYRFdDvFrIhsGI1aWYS5aF7Dpc4mjNoy9bacpUmPydNEIwPTjCS9EMxbkjLB9Zz0BpObaehJgWaSLZ8ZLH5uEiRZUIOu0+T9uq1ZEVagiWHcLltoxVJu53itFr+zwyC7RM21CghU2dq6krG2MS8ReBMRblJY5cKyxWyCQstEocwdaa9DWVOm1reOMFbbPNTLfNLmRCb/PgNMMZC1pWt/Q5OTCJiJ6FcE77BE1xNxV4ZSryNl3BmfM3ExOTFjWdv4somT3cq11k+OayDgs7eYez9y3iaaLMtwp6LYdJtCxrrfDkxN+u15AO53BjeW7cuhVbjGT80nDPiHSygk3PS5JzVyRuf5ETa7Pvls3KkQjFUgBmYbjoRtkubuJOk3CWmje3H+G5XdzutH1jfYddt4diht4TiE6kHecyTgB2OBwOh+M84ul6HZPmyDVWJA5VKUDJRGAFRBwgEUmOXynxbDI7Mb0HpehBURikAWk8hEluvGJrsCZxvUaVapILxAoiq4mB0FqqUUwYaWrGMCMkka1T13Xmw5hIpzdwJiaK6lhVxHplTBxi46S+pB0Cz/OQUjJQf4ZAaIqeohx4DBQ9hooeg0WfQqAoeoohJZEWhNVIYREYPJvM9MUAOkKhGRkoYoTAGLAjAYVV6xkYGKBQLIIChMaXEb6MEcJgBWhriYVGCx9RqyA8gfB8tDHUhKVA4QyMssPhcDgcDofD4XC8wumiQZxoiNd+yuVTy3akTTvwBKyQ8NyPH2fiqz+AMEaNDDF0w5UMXvdqvGWDxJUaxTDmwqGI1aWInx0ts3uyQGTEwgpPM9XBMeTyDawTZZRKcs0PvO5VCE8hIs2moQIXDRcScTELiQs0rb22KfblXZNNjS5933oQm/JpU+HtqMM0NKCmyNOpXCchFpGIZVYkerBJ7YVCyFQHNkgpsEJhjQYrEMJiZbJOWIu1ieid5BDO2tDYSYcGt7a3VfJtXbegD5mAKNt7ZJEyDbstEgE0y3srRNKfROQll7c0JxAL0RizTEBubVv+KOYUd9HrbGwVuvuhU10NwdQ2z5XG+ZV/Jde0XPua6mv3nXRzbIsOZTpiW99nzvbGqh5RCLpVt+CSIiVWyoYDVmf7Es1jkom52fkMze/Z6Z78spQoDln+307b5kXd8092PXtwArDD4XA4TgnOufvK4KDyiIXG2JDIRMlsVpH8EBJCUFBFlqnRJD6yjlHa4hmLQuALkAjKtRDPRmCSWbKxTnIEV+KYujWERjMwNIiVklgIIhQRULOGqlXU0VTiiOnYEBpDjEKVCyilkAoUhgE5wFzdMlWNQWiwMdIaMOCjCAx4KMqjCl9JPCmQHljPUvNjjAcFoQmFolwIkOmPo6IQFKWHTBRdrFHERqOjGN9aJBCaiLq0WKmQMsK3hqBQSvqiIUYhVYBSPtZawlpEVJ/D9/3kh6a0GAxKQLHYIwyOw+FwOBwOh8PhcJzn9JW38iTqX8q27WGFoYMJsNXcyZq5aR6673scfPFRCsEApfll1P7hKDPf+wmDb3g15Su34K0axUQxRWKuXVNhw1DIo8dKHK54hOZl/M3oBdhVFyNnpkFJChevY+Qd1zIgYE1BsKpQROUcl2kXc587i2+dHaJtTsQOy7rRNK2KnuJaM4Rwto8sELRAiiSSWaNo6jTFJAKrNVmO2vSzpaH2Spu5f0miis1OU52boTw8SnFgiFbbbCIkZ53MBLzMidwUwSzWGurVeXy/gPA8olqNoFhCtIRrboq/ifs3E3KTHMCkLsbsGU5LDuB0fVJNcxzzEnCrEJwdr37HpPWkWCC2CpqzKDo5ORe8WbxMe3jofmk5bzo357TSdploIRN2TerqFZamY53UtZuVBdojx+e/k7JPsfZEaM8tvJgzuD1/b4sY3McALCFCfl/0m2/+XMcJwA6Hw+FwnEeMPzmFUoqCLygWfIqlAsWyTzEoUCgFUJLoUoS1Emt9rI4wsYZYJ6/aEGsfY8uARFuBtpaCFgTaEBqIrGHWM0QWYiwhEAJ1I6kqQ+hJNAVGbAFtk5uxgu+hZBK+ueRLygXJMJoBE+ELSVEoCkLhZ27k9CY5UmDSH31aa8IwpBqF1KOQqB4T1y0vRgoPQSAFReFRlAG+9PFQSOk1bgZVbPBM8sMwshoTRXhCopSkMj+N8BXSC/CVj0Wi40QAV56H8jy0kBhPIhSJWC4hNr1Gw+FwOBwOh8PhcDjOXxbP48gZt461OPg6iBgjAyUuvHAtB3Y9zHz1OJXqJL5folRZRv27M1Qfe5bS5ZsZ/NXX4A2XiedrXDAYM1qcY+90wKNHS8zF6mXrT3V4OaMbVrHm8k2MXLONwsphlknLgOc13c8d7JOZq3apWkonIX1JojypMGQ7LKPNZZgThK1tCsgilYYFyfMDKUhDQhsEiRhnLVhDM+RzKpzu2fVP3POl/5O56UkGly3nmnfewhVveif1aoWj+/ey+sIt+EGBzObYkFSFaLxPXKSSqaOH+cfP/2e2Xfc2xtau5/v/9+382m//S1Zt2NTW48zt2xrKWUiZiMsN8bcZHppMHKb1e9U9v28fx73Xyuwlc4o3VfvO2+XVUJHJ9N3q78Pq2i6Ktp+bnbbttKzDpI/2Vf1ERO6UB7nbZlLKFrHT5o8NyXdN0Vn8bWnfCQqbnQTdE6lLCJXk0s6mEyxw/8o0XLVpTkhYrM7ToNT3l8/43MUJwA6Hw+FwnEfUBwwFBXg+wpdoGVOPDVFNU7F1qPvE04pY2CQ6shBYqzBaNWbL6qhKFM1jTOL8jSJNGGniWBPHBmsts2IALQQGiZFgpEILiVWJoOoJCLw6Skh8pVChoSA1AwpKCIrAsFQMiwIeoiH8CmMxwhJj0cKC1kglkdLDVwVE0Sf2i0TWpBLtU0QAACAASURBVLlwoGoE1gp0mLSvPq+p1arUqyFhGBJFdbTR+Ah8IfGMoWAtvoCCVBQ8n4Ehie8n6wOhCHwf5UuEH0DgJaG0fR8hJdaT4CmsJ7F93uQ6HA6Hw+FwOBwOx/lCX67fJYq/nYrbbh/y6lbToNlVd1qgSeQWeIWAa3/zJp5/7An2/3IPFksYVQijCnPzRxmuTDB8bJL5XU8mbturtxJX65SJ2Lq8zgWDET/cP8iRqt9/Z0+Cldu3sWPrFgpFH+GpVgcrLLDz5rWpzETbSZTtTt8FW8iPh2hv18KPzeFsGCmb/Wpo2iJJbWUMIC0qTQGVWolTB6NpCH5xFPLf/u3vUhoY5tpf/y0ev/9uKjNTSCl56enH+fy//R/4H//qTlZv2Nwj7HNzeVSv8tSu+1mz+VJWX7iZ0uAIhVKp1blL5v7N+pB3+NJwACd6c9MBnI1Vtq3IDsYCFo5Hu24qOpTsJHAu2Di/Xbfvbl41bixqCuUtXuPGP63lu7rzu+6vB7b72bnYOd5yrHoIyd1oFztFevJmy1vGpVM/jE0mAfToQ8/9d7kO54Xhbq7fRl5eKdE253yQIs07nOWzBoNM50R0H4xsP6rDgGXrpJCAwAr98lu6X8E4AdjhcDgcjvOIba/agLUWZQ06ijGxJtIxkalTr4OpSEyosFJghcGmPy6UEHg2uS33C0UoJz9SkrRFCqMEFtlYZtQ8JvdDxQqJQKXrJVprKpWY2II2yQxRT3h4gLIxUmtiEzMlDQqBh0jE59TlG0URkY6Z1wHaqtQBbAkN1K0lFhKtJFpCRBKqua41dWupxZqq1tS1JYwlyhsmCDwCKSkoSUFYtDUE1qKlJRKC2ShEhhplIZCGoqwTeArfi1FKJLl3ih7SUwil8AK/IQI7HA6Hw+FwOBwOh6N/GuFke63vd/mCOLXN18zVm4vSu7Q2pgyMLuOfffJf8eV/fxsHnnqmIVhoEzM5s49KdZLR2nri/+d71J56kWU3XYc3VCKuhowKw7s3zvDTIyV+OVmkrhvq32mhWPQJBjxU9lO1k7qaW5QXVlteO5RtcQ+3uESbpfvV9TtpRT0NoY3xbVXtsrC0mbs3EWoTR6K1WeRd2xgza0UqClrC2XnmJie4cOtVvPYt7+bGD/weQbHM4Ree5v6v/y0zE0d47N5vc+2vf4CHv3sHxlpu/O9+j72PP8zPf3QXN7zvtykNDvPoD+/iqV33M7ZmPVFYQwiB7wcMjo6hPB+sYe9jP+Wnd/8D1mje8K4PcOHWK/D8oCEOZ8OUuX+BNAx01nnRDAcsOohtPdTE9rkRnTZruqo7H/9u7tl+yNzaDel3gfCaLFvKxIyWZaL53RZiCd9z2/PjCU1tsIBIRV4rBJl0KkmHJRc+O1+3aaujsc1SLlpLbWtb3c3zTjZdxBKESV30jbbK5OBkUdcb6xY6cRv7EKAs6A5hm5uXbZuc46aHe7wD57P7F5wA7HA4HA7HeYUWoIGKsWglCIVCK4UmwFqLNJaiirCY9IYqRliDxKJsKgLrAKyHTIyuKJW6bT2FTGefRkGpsU+ROnAxFhMleW9AsHwgYLYeMluLqFuL8gLKhYDBYJCilMQSaiKZAWitTcIzaYOIIlQcE8SaolEYDToyxKGmXo+oRRHzkaEehtjYIMKQWGtqUfz/s/fuQXZc933n55zTfR/zwgwGAwIgQBKgBEmklqRI6EExomRSFqUlHVG2opJlrR+xXXHiKJWovI43qlJS2iiOtVklG21Z8tqr8u56WS7bsdeWX9Su6JAKzUiiKVmRaAUUAT5AvIHBvO6ju885+0ffvtO3p+9jBgABzPw+Kmju7T59+jz6XPa93/7+fjQsNIC2BmfABSYNUp1UQacOY2XSnltvaScW4x2hCwkxnRun9EuW8RB4T4BGAyZpo7xGW43yMdoafLy1bzQFQRAEQRAEQRCuKHlxcu3L9H1hX79vcYMEsMkd2/mR/+Ef82f/6xc5/p2jhOEYWmnipEWjeYFTZ7/HxPhO4q81iF44wdT9h6jfcRAXBtCKuGuuyUzV8s0zdS5El/4ne6Vg7wTctXM13ehoukgmy/ncuHWkr/WpMKm7kY5DdqBtsehJXbu3r9uzE2K4297O+1QtS/uhTRqaFgXK+U4I6E7o4vTnChSKyZkdvPuj/4Bv/Pl/4Av//Y/zmjveylve90GCIOT8yZfxznHmlaMk7RbfePT3sUnMu3/s7/PKc9/hK4/8Knf8wIN849Hf509/49/w5gd+mKPfeZqFMydRSrFw9gSP/85vcNcPvp+zrxzhkU9/nOtuupkgrPK/f+Jn+fFP/nve8LZ3dRy/mYiVdwTnxjULN63yA9FnOHs2+NK365mLjdH7FIHKT+gIjt11nyq/vkc8fpT1sRHxtx82G4vcB5D2OhVPVV5ETUVTBSifGTY20JhLRBriOX2didQ+N71Orf7LtvUcn9/g0tDXxYI+t82ROYWFUREBWBAEQRC2EN/8m+O0rGXFWRp4WihiZUhQJN7T9IYLSQWPBTzaQ0W5NByyT0Mg3xgssiN0hIGmGhpq1YB6JaRaMVQrqTDcjiqARqn0tsw7hXcem3iUUzifkKiIhXbMhWaLpnOEYZWZsTGSCcP2ehWjDWHgu3l7DKRfGJ1HWw/e46ImLrEo6/A2xCZVosjSjGKa7ZjEWSbGt+PRJFoTa03kPS3laHtP7AETpOGarcMnFu8SkqiNjWPazRYuSfCRJfaKxEDLQFMZWmiqKqCmDKExBLTRXqOVwXiDclnWFkEQBEEQBEEQBGEUyhxtRW2oryRVJuSqknID6Cv+FnaWaS5BUGPb2F7aMwqtOhGwnGVybCcXll5haeU0rfYC2+IG7o9atI8cZ/r970BPjsFyg9dOR+yoWZ46Ncax5cqILR6tTz9wPTy0H/ZOps7RgeQdvJ6uQKrICTa+69fsEWh6/q7Zrno3jvB1OXOHllW7ptF+tdr0pcp1JQvx3NnpFcp7nM5K+W5f89U9/POf4K3v+yDP//XX+KPP/2teee67/NSnfpU33vNujj33Xd71d/4uO67fl+mwaK0wOrVXNxbn+a/feJxb3vYuPvJLn+GFZ7/FyaOHU+euXnXxPv3lP2Bqxxwf+oVfZnzbNP/25x7mb77+H3ndm+8hqFbpemMzIVitfZ+ZR4vi6iB393ChuLC746Yuc1Su1ZCLj1JkVtySA8rOq3p3DV2/a5RFepy/60aN/plRZJjL3dGx3yuF7Qi8Nne2LAyy8hpHmp7Nq5xIjEL79EEKjSIAXs3Yc9lntKPz8IRL24hW2O5q6zzzUbBcrwb67n2kJMOp1ZJA9/dAYHWNjdjOre78zRABWBAEQRC2ECfOGZatZd56zjvPgresKEvDeSILLQdNFQEO5S0BngqemlLUFVQxHPEJNQVVo6mHmvGKZqIaMBYY6qEm0Ir6VII2nTw1pE/XOhSxTZ28zoGyFRrO0bCehkuAhKmFiOlKg9lqjcmaplbR6CBAVQKMSb9Am8ShYotKHO0wBuch9ngL2DQUdDtO8/1GScKJpZNorcEEqdirAjwa49OnZBPtaGtPkiTE1hElFpsooiQmihKiKIHEYF3SEY4tbe1xCowxaK0JjGHbWNANeZ3h8Dx8pSZbEARBEARBEAThGqIbhnfNDsoFmaJCVBB8ug7QjbRlHdu9h+WzC/z5Lz9C88IKRged7Z7ERlxYPkGjNQ9AnLQ4O/88zdYC25sNWt9/mZ0//0HCuW3ES01m65b79y7z+CvjvLBUYagqNwAFXDcGP3UrvPm6dR6Y9S0n6vaMZyas59+XKHbF3eulG2p2eMneococx9k2t1oM3xG2ffqgufeqc+35VLDqYJ3j2HPf5YbX/zfc+Ibbef7b3+D73/zPrCzOU6nVUSgq1Ro6CDBhSNxuErVWaCxfALIQzQobRZhKCKS/h6A6ArACpTXV+jjOWrRW1MbGSKIIYwK01milV4VdleU1zruC6QrAq/+XV/A7nbkS81H2vujsXO3Cap25Rq65vopV+gHrvE8jy8zGF2ugLbZ9Tc7efJ9UKgKnqdcUifI477vuVt1pme48sOB0Kox2BWCXXteuIwCHWqGdXX+bcx+Wo+TnLZb1SnXaDV5pHOA6juAsL7XFo0ndzMU6Bj3skyuZE4ov4rMwH1L6MobNvhoRAVgQBEEQthBjpo4iQGlLDcu0UcTa0NYdN6xyVILOjZHzaO/Ae7SzXdet8gbtdSePjmIp8ixFDqV81/G7fNqChgBNxTsCBQGK0KeuYq0cQWURqyDxnhiHxbOsW5wNNC8FIdsUTADKBGhjwATpzaVTuMTinCOoglIerTwGhVEaoxXo9CZRBZqwdj3eO0ynH4FPCJ1HdwRupzRxEGDDIM1lHFRIQp2GxlYaryBwCYtNy4vzMYfnW7y8FDPfioiJCIKYuoF9LYMzhpYPaDtNq5OzWBAEQRAEQRAEYStR9gN72Q/wIzm0fO5vSfFcCsmNu/3gooSxxoVl/vKLf0bzwkrv9tY85xdeIklaBKZKrTpFrTpJozlPs3WBM+cjpuO9nPqfH2Hb++9l7E2vxWpNnYR37FmhesrzXy9U2YjwsXMM3rITHjwA19WHl1832XwUmtZvDi5luNzRK8ipn2p1m1I+5xBedSQWk0HPn3yF/+Nf/EOUNkzO7ODwM3/JXff/EHtufh3NpQWSJOYPP//L/PA/+iRvfs/D/P7n/kc++/ce5sLpEwBMzc5x6D0P8x/+3T/n3//8h2guL7Jw9lTPg+NKwT0P/xjPPvUVfv2XfhprLWFY5Y4f+G9X3b8qazcdEXitmNq7Ib/WBgzPOodzo6Jxv7ryb4bW60ve5tf+Rbbnkhw3QkX5+dBk0e46DwN4VkOTAx7X80CCzh/rO27aEiH11RI4NfncxC5tn8r6kBoujPd4NMq7nmNVH3v22scGVmdXdf63Xra6E1gEYEEQBEHYQnyzPY/1LhUmnQdc98tHoByB0dRNmDptWf1i4TviL8Bp02LBgPWQWIhTAy7Og/MKr2CyqQhc+sRiiE7FXwWBBa08gYawZbq5TKxXWOdwqvOUrHGcxVNVHkhwKJwD5yDpuog9iz5Inzb0ju6tp3Kdp2LBaBgPzxJqqAUwEcB4Jf07FigqWjHhqkz6SpoHCI3XMSZSxMqDd8Q4ztqYM8sxx8+1OH0WzrdgpXNGYxRRCNpbImWJsbTRRA7iDTyFKQiCIAiCIAiCsBXp/lA/ouGrRz7Iq0AdbWHUn/19n9eQ1nN4vsmJRkw7cQRaMVUxTFcDdo2HjBvF0aee5czzx3uOa7YWOX/hRRLbZqy2nW2Tu6hUJtBKM16fZblxlqWV05y9cISpeAX/pa+SnJ5n24NvxxrNOBFv3dUg0J5nz9fwI/amHsDbdsF9++B1MxCsIzZsvu+qbMd65iPPOhW6S+bGzJ1Xkf5WkaUeVoBXHuV1ujG7ZnLJX3fsuYGf/Vf/G9//66+zfOE8dz/0IW5527uYnJnllre+k5/45/8LSdRifGob937wJxmf3s7K/Dmm5nbRbiwzt28/+173RqZ37uLkkefYvnsvcdTiplvvZGJ6Oz/6T3+F7dddT31iip/+9K9x+K+eBKU4eNfbufENt+dy/a4Kvr0S76qI3EO5tnZxY8nG56XHGF7i1F9TMJs333ss5Cu6NO1ab/nSJdB3Rzmh9yhv8d6mTtjOsTbnAgZINHhtwIN26WW6es7UXGEMaQ7gUdrvPfkw3usVRrNjjEmNH5o0TVwWttn7zI6twHabSaIdTq/N2lt0ARvvML5/Gd35jXK91/ZWc/wWEQFYEARBELYQz7aaGKUItCLoOHOreKpaEZqAitYkeIxPw9KY7AZPB92bzRt9Be3Sm7DYeawHZxWJd4DGec+8ibBapTlBvMJ5RcunX7AcChKPaoHWunPTacD77o2o1poVHYFKgPTpRtUJGaO97r6eCl33Zje7GVVBSBBotNaERlFVLUJjqAWGWhAwUUlzFtcCRdUYQuMJlYNOyGqUwjlHbBOSxJF4R9OFTGrDTdtCZqqWcyueMy04FykWEk0jgVOVqCNQp3e6XgHDcisJgiAIgiAIgiAI/Rng+u27bQTxd1RJ4M9euMDXTy4RO98Vr4xSGAUVo5kzoI5dSB+q7hyTJBFnz3+fxEWM12bZPn0jQVDBe8dK8zyLyyeI4xbOW7z3zC+8TGLbuCcikvOL7PipB0mAsVbE265roIDvnK+VD0aOnXX4qVvg9jmomhJhcMBYFAXfNSFsM0acjzUnGJH1SDVFXbrvAwGdN6noSzfXr/Kr7truEwN5wclobr7jzRy47S6stZgg6J6tOj7OvT/y4/gspLNS3PO3fxTnHUr1qu5vuu8h/LscSuuewb7n4Y90G37TG9/EjbfcThYeuut0VPS8huK8qtL5u9SMouGXuehL56ZYcVkl/TaNILbmNPxB1W4IX+xYnj7tykcpUD3b09/AVsOs91agU89G99jMAZyFLwcwDkq01QHtHz4S+QgN2e9z+fdF+oVz7u73rBF2V8/VW24Yw87VW/dqP/LvtxoiAAuCIAjCFuImNY7WQKjwyuGVx2uPDhS6EuIrAYEy3Sf3ks4NUuzSvB0A7VaMance51OdsDNBJ0uJ8xhgKvFY0hy4MY5EmdQxnOU3waGDGGNM+q/zBcmoNIeJ1oowMARGo1EEShMYTagNoQkIjCFQmp1BC+MTYmexiSdxlsRH3acmnTfE7RCVKHQbEmVZUgkrtNOnBzU4Y9FhQqANYcVQDQKqlQq1sEJYqVPVhm1Oo7UhnnbMxxFHFxY4PL/M8mKC9RDpAEsV5yK8tRhvCRX4YMg3E0EQBEEQBEEQhE1Ev3yR6ym7xjG40bZk9bJ+ASiyjv/0yjJPvLK4plLnPTHQspZFgFtej3rtzUy8eJzp779A84XvEPuESjjG9LbrCYIKiY25sHiMpZXTa1rj8Swun8J7h/9Wgv9CxOx/916ohIRRzB1zTZZizYslOYE1MFODd+2DH3kN1EYQg3z2f6pkW36D6hWv8vsumUv3Ehw/kvM4C7lMzgHcObrrDu5U1iMyKY1SGm06eZ0pXrNm9VyA8bkJyJ3fG9MVoFePTQt1p6LnAfK86JsLg5sL/5wXOi9mPH3hWigts576hh3Xs8DXX/8wkbgnn/AG6CvyDulYdz76rA/fLdd7FSlPJ43Zav5fRyd9WqdgPvyzys7l00smDSVd3uO+uXYHhOFfDU+ucqaNsv76NceU7TcelFu7vXicH/DfimK71itkr+e4zYYIwIIgCIKwhbhzokqMo+USGt7RdI6GTWgljqjdpKkUZ50Hm95Q+s5f5boPw6I1mCD9ohmoNMyyIc1bkn1fGXO+e+OKTr9JuSB7YlDjlSJRCmVAdUI2e+/ROt1nDATeUXE2zfGrdXoeY0hNumnenvN2DO/GiJ2llVjiJKEda1pRQuIs1if4Wnqn6V3qUnZekUa0Tt3LofWENg2NpTUEBqoh1MKASiUgNJoZbzAolnCcidu8vBxzrAXnPbgqTFYgXlihAtQ0VDrj3d6CN5eCIAiCIAiCIAiDhN+8I6vsR3ooESTXyUgCYR8i6/jayRX+0/HF4YWzc4QhS6+5kaWb9qJP3Ig6/F0mTy8QtEKSuMX5Cy+y0jxPJRyjVpkEPM32AnHS6rZyaeU0zjn8YUXwp0+x7W+/AyohE8TcNddkoW24EK3+nD8ewNv3pOGeXzO9NhRszxiqAUJ4JsgVC/jCy0s0H+t9THqk0/aqun3Faw8dhdD3CrCZMtt5yL0n12jBcUvhbRbJrLjbZ6cCBkXiVqWvsvpK1Mhc/uCNsGY8N1BPcbiHFijMR/f1Rp7OKDlVHudHG5vsmlaFOSutfBTXcaf8sO4UPxtXQxyv5tRVPn2vlFvjjFU+PaEmE4x7n/rYiEs2365udL2C43eQkJxfA6Vhpl2PArx6zvzA6vJ2K6VGcgeXHVf2eqshArAgCIIgbCF23FChFUW02oZa7GgligmriROIE0cbSEzYicjsc45cjVFpWOWaj6h6i1GaUEGoNIFP8/1qm96VRXUA37kxtWgcxoHCoUjwKJq6jlPp09ORtyTeY51Nw8t4CNGEyqQicaAwgSJ9mNZh8enT0e0muAgNVDq5T5ROn9CNrCNOIGlo8BqLB69xGKxLQ1E7r2ijsJ0bSpU4lPOoxGFaFlQb5T0OaHrFkoMFr1lxAR6NVp565KgliuumK0xUKmwLQ6rKEMUJ51vxFZppQRAEQRAEQRCEa4uN5KXMGCpIraOe/3xyhb94eYFm4oaWX0NgcPtugutvYGFxifjkWdTX/iOt5jnqtWlmpvZRCccAz3LjHOcXXsS5pHv4SvMs/qxDf91QueE6Jv7W7UTzS8zVLXfvbvBnL05ilOKOOXj/zXBgCsbCtX3o17e+glbelal6NJoNMWg+NuomXXcDBtXTtc6WqcSqr+BX4nPsilirQ5u5en3umLTO/kKWz/1//kS5SbkIDetSrY9inZei8Kj1lF26ZccO+wgpHuOLb8qOLz7BMMTlOwhjTI9wCunvYlnVWWqybp2F68Z3HipwHdF5WJrvfoJzP7ROf/vLt7EoFPfb1++8nSxua9zPnlXhuG89G7xoBz1otJUQAVi4CnmYT3zmTnZxhqd+8XM8cqWbIwiCsIl44aWzJB4SC5FTRFYTW431But0Gg66EgHpTWXiDZ1HYLssmPRmVHXCHFew1EJNTUOtYjBaMaNDQqNSkdgojPYY78B5lLMk3rEce5xyeKWwWuO1QgUaQgUGamaMih7r2xelPB6Ltw7rXfemzlpLHMdEkaIdexrtaSLraMYRUexoe0/sNbH3WAeRiolVG5uA9QpUCCogdnXiBCKb8EpgaWHR1hN4Sw1PXcO40YyFhqrRzARpHuNWq80yhthpkqG34oIgCIIgCIIgCFuLYo7J4r+yHJ7dYwfVO8q5O39LxTDveerECn96dH6EmoagNfH0Nhamt8FrbiD81tPMfOcl3MoiZ84/x9TEHmrVKYwOewRggEbrPBfOH6PyF3/F5DvfRDBeI15Y4cbJmEM7I968q8o7r4dQrx2noWNQ0nFffFHcP+J8DDAQD6SouQ09rkQJzIvbqiBgD6xPqd5ze1C6eJBf86rb10wsVqS/d/SEmu4dNNUp15P3NKtH5fL+DqHHcVy2P1d3eS9GZ2T3dckJ/QjzMexBg7Lra+TrakQncOkFWPIwxOqcl59n4IMXuSqznLrZb1jOpUaE7ueiTk0Y1q8+gFLMye0721T2GTBIYB/haY71uH777etXNm1nRzTuDJQvLoJ+7brYB1GyPMsFh/JWQgTgTcJD//CTPHBDAMef5GP/7tE+pWb4yC/8E+7eCc3nH+UXf+3J8mJ3fpRPf/ggU5zhqV/5HI+cO8BHPv5R7t4VsPi9R/nEF/scJwiCIFz1NJqqG/o4dpDgOvl+PQqN9Z7l9mq+X1zqYM3yjSgPzniUTnP9epXuVNagwwDlHGGgWdILaE+ar1drAm3QunNTiQNlqKh65ybWpU8w6lRYXn3aUGGt77kJzfYBnfd0b5izf9ZadJCgTEhQsVRrMbG1tOOEtvW0rSN2nsh5YutxscfFAb4aEhtNU2kW44SlpMmKj4kVBNYz6dMv2BWjqRjTcT+D9oo48RxdbmABm+rcJCiSS/l4rSAIgiAIgiAIwiajLM/kRsTf9dIjeiqIneebp1Z49MULl/AsHYKQ+K638eJr3oB56i/ge69gmueYHN+J955Kvc67fuJHeeGv/wtnXnyZxbPnaLllKm86kI5PGFCrhmwPNf/4+oB6x/GbDVOpVjlIFFqn/jHqfFzM/HQdqsMcmAWh7lJcEz0iYybkFR3BXTdv7jrNdmX7dO8D4P2Gea1Y6EcWf9Pjy8uuW0jvU0f3PGWV9jtZZ1s/8XmjbRhle7+ypfmR8+0utQ8X6hnhpGXTMcit7DrhkPOffUqpNPx75gh2ru8gukL9I6T9HtB21SOMZu7eUUXjjHz5TGz1+ScASo693Pl4i67lMoF7KyAC8Cbhj188wwM37IYdN/AQ8Melpd7Cvh3pq/rO/RziSZ4uKXXwljmmAObP8PS5y9RgQRAE4YqQxCGuezPnUcqjlCPQqZvWaIPRBqUh0KnIWTGawCiMVhgUQaDBaAwKo9M8wIFRBEZTMUG6rTqG0QodGEwlxIQabQwqUGlOYDQuBmst1lqSxOFjR5I4XOzwPrsZjHue2Mv/yygL55I5gZ23GBuDg0A5CBRBmIZ+jr0icZY4MsTtCpGztJOYdhTRTiABwhAqQUDNJWm+YxRad/IYe7CJJ7YJCZ7FSnpb5ZTHAg6FvaivPYIgCIIgCIIgCNcmg0JuFgWH4jHd91l5BgiDo7ZnwEbnPN892+Avji3SthsI+zwKSmGnp7E/+BD6dbfinv0+7ZdewrmYPa95HW9+/3u5/YEf4OyLL3P22CtEXlO/607QUKkYZrePMRMatF5VD4uuwIH4nj8b4nLMR9F9293ZT3T2w087iq60LqFyVentOX710lU5Bbvf8Ws3rbZDbWheyuZjo/NbdtzQ+RjxZJd8Pvoc3x3T9Y5FYX42KkAPEn3zZM5erXTnNybdI75mQnB6ja0dEQ3Y/Dm8L6wjX/o6T1H4zf/t1jkkh+4gEbdne/HaL+QKLm1f/vCLDN9c/O+Mc5fpM/4qRQTgzcKXjnDsnt3srcyx/x3AV0vKvOcGrsseRJqc447XwtPPFQvNcGjXDACLJ57lMABHeOSzn5JQzIIgCJsAbQxpNCOLV44QhUuNt508I5aANA9vaCyVwBCGEAaa0IBRqQCsTP7JVp9+8XEWpRIUiiRRxAqwDm0dtEEZoHOc0h6qAc4bHAaHx+GwOKz2eOuI4ojEJj3O3iRJUmG3s02r1VuZvEsYVoVhbSur4aE1KB10cg+nN37LWrFUdURRQiuOmFhWzgAAIABJREFU8RrGqprtYY1QhyilsL5B4mKsVzjAOov1WV8CNJ5a4lMncycWjxv0rVUQBEEQBEEQBGGTUZbLsezH+6L4sPZB315P2xpH5gA2IoA9v9Dmj49eYCW2wwtfLEGIO3CQ87v3EXzzG6gnXuRdP/GjaGOojY+x95bXcf0bDqY5Pru5ZBWaoH8427zyVBIqdr0M+yZ7sfMxkku1oKb5sl2DnJwjtKNse9+qBrg8e/ZnYmKxfE5kvBQu2TVcovkYeKAqf5ufj8w1PMp1d6n9nwOvpfz8FHf7vrsuK6kQ2Rv1TimFJnUDOzyqoFVmzyEY3/t3VIou2Pxndt6ZPChvcNnnfJk4292fJSvOlevWUainm1u4rN5OPX7EK6fYpux3xMvtPL7aEAF40/B1Xj57D3t31th1823w1W+vKfHAa3YTktBsBtTrM1z3phl4rpjTInMJtzj5/No6BEEQhGubsYnsy7XOfclevQHTKiDA4JUDr4ktxNbiVUwWGNriU3dr56bJ+vTGNA0tnW5rufxNnEJhgOypRgM4PDFKgTEGZTS+I95mN7TKp4Jz/scA53zHHZyGiMYHeKew1uZczav5gBPviezqjV4qykbpl2mVtjHSnnYAOI9WmjAICIMAhya2HeFZORw6Pcal4q5XQGjQmDTHcZzmTtZrvvkJgiAIgiAIgiBsbkYJHdovx2TxuPftTLr7ivXn6ymLBtWPzNFWeu45zcdes2NN/XmyB42TJKHVavV1y2Vpi4qhXbMHmVf7O4l6/0PAQ51jF3pyVWqtcc5Rr9cxxnS/85aNA9B5GLlzvC8Peep9+rB1sf9plK7V8dZaY0wqwlvbK4qXOQPLBKWe8c31qZ878WJyjw7K7TnqNVlWpqx9XYGqkIoqP3ZAd1tZv7TWBEGA1rr7kHtZfwb1N3+NAT3XVz+01tTrdeI4Hjgug/LBFo/LP4CfP/6yrdVCG16dtbo2f+zFrdXV8XB+rQBMJ+qctqthoLt9Lrk2tO99X9bXfBuGrZdsbAa5e0dx4xbXy6By/cr09Cd7wKWkqo2s1a2CCMCbhnmePjnP3TtnmNp9Cwf5dse9m3EPB68LgDMcfj7g9jfOMLvzTuArvdW8YzezGojOcLTMRSwIgiBc04T1GO87uUWsw9lOCKWOoOq8YsVVcHgSl0qlkfMkVhMDznvijrvVKYVHkSiF8x6LwjqXOooDi8qEZadSMReFdhqlNAEqTTeg0zy+zlicgURFeAUWi/aawJuem7bilw3lQ7wH51Taj9wNbSoAO5Y6N/DWWpzyaN0JsdPJSRwSMOVDvEpl6chZLrTaxMqDDtChIXAhphOmx/c8jO6BBJxjrJZu6QrAymHEASwIgiAIgiAIwhagn8hTFDcykaV47LAQo/1EpVHDgvZzrRUFnaxtwwTIsvPmhT1IRcBM4Cu2vZ9wlm/PoP7n/6Yn8x0DsOoRjYrtzUfz8s7h3Wr42LLzlQlCmYhZ1o9+Am/Z+6JIM0h0Kh5Xds68cJi/RvLXW9l4jypQ9hMI83UV29Hvff7vsGu4eI1mfcoLmMYYgiAgjuOeazgb0+IYyVqVtbqV1+pWQgTgTcThZ8+weNsMUzNzHJqFw/n8vXfuZ1cdmD/DE98J2P/GGabm9nEf8Fiu2KGbd1IHOPtSTx7h+/7eP+MDN9c4+fQn+fTvrG7/yC98irt3tjj8pX/FH7gP8mPvOsjebZ1fwJvLHPubx/mN3/4aZamE996Tlr9uskaoAddi8fhhHv2/k8Ed3ftWPvLgW7jjxjnq2RXsEppnX+JbTz3KI0+e6BZ94B98koduClh89vf4xG8WHM13fpRPf/ggU+4Ej/3S5/mDnp338/F/+U72Byd44n/6PL97DmA39374YR54wxxT2YldQvPss/z5v/m9nnEUBEG4WjmzXKPVahFUKjjniJ1FGd25KbL4IGDZJUSJI8KTWE9koJVYEp+6f5esJ0Z3b/iUT128lcCANsRxTKhNGhLaewIUoVIY5zA+DfgcGs1CaDHpLS8hGttKMF5hlKYa1mgry2InBHR2s6qU6oZ7UUqhjaIZtalUK3iliOMYEwR4Da1Wi1q9Qs1EKOexFqoVQ6gNUStCa5U6fZXD6YQw0GgN3jomJ6excUQQasIwpKJVmhM5NIRGo5VHeYdRnkCnDuZl54kjS7vdJokSoighSYb8N00QBEEQBEEQBGETkH33yQsemeCQ50rmXywKCmUijTGmKxjk25p3W0LquMzEt0xIygssefHhaiIvvBTTJw06Ju92hKtXRClzQA5yGPbbnvU1L7omSVL6YPqVJC8Ge+8xxnSv4ay90Hv9ylqVtXo1sNXW6pVCBODNxDPP8vKDB7l1co59bwe+tLrr4C1zTNHJ6/vMJCfff5Cp+k4O3gmPPZOVOsAduycAOHn86+s79/U/yT+68wD1lXlOnlwinJxjdnyCvXc+yMf0PP/ikV4/8q0f+hg/fWiOEKC5zMmFJtQn2bX3Nv7Oz8yz2Oc0s+/8KB9/4CBTAalgfHqJhoOxbXNM7TzA3e//WfZf/9t8+nfS8z36/RM8cNO+Uld0NiboOfa/B/hybuc79rGrApw+wWPnAA7ykV/4MHfvDMC1OHdynljX2bZ9gvrO3exa32gJgiBcMY43GrTbbUKX5tNNnCMIgm4IZ5RmRYMLPVFicUZhvcMHBqUgVIbZxGOjmDhKRVQdGGzSptlqAVAPFTaG2Hq8BWss1iic82DBmNQN7GPfzexUraSu4CAwYBN8K8J4Rwho3QlBpTpPSGZ4Dy6mrqESpjd72gE+wSaeCg7tLOeaFQKt0ydhGwAOY6pA+kUgVgqrHN5G1Ks1xuvj/M2xc9SrhmpYIW4vUAWq2qSCsAkIAk0l0FSCkGqtQhgaxqeqQEitOkYwFnZuttd+iRIEQRAEQRAEQdhs9HMRZhR/jL/SokSZwy37m3c+ljnVimJb92Fl3z/U6OXub7H+MsdnfnvZHJXVNWxe83WO2rZLRb5fxfb0OCmHOFCL12mR/JxeakYVqPqNe3F+i67gLDxxqcNU1qqs1SFtu1RshrV6rSIC8KbiGQ6ffi+3Tta47sb7WQ3vPMOhXTPk8/oePXM/B2+YYNctB+CZI51yt3HdDMA8p75ZzA08iBoH77yBk8/8Hr/y29/uuH1nOPTjP8lPvHGG2VveyUMcXnUUH/ooHzk0R0iLo4//Hp/9k1VZdvaOB/mZD7yVvWWnmX2An3ngIFNBwuL3HufzX3ycY92dMxz6wIf50N272XXoYX7uyGf4wtPAl1/i1H372LvGFX2Au6+fAQfogF377wGe7NaWOaHPnez05z3v5NDOAJaO8Lu/+ps8cS533h96SyokC4IgXAO0Yo31FQJdB2NBO2wn70wURZhWxJhzVHQF7dP8MM1mk2q1io07T4/WAxgLSbwDrUjwxN4R49CBIQxDFpeWqY5VwWjaUUQ7idHVANURYuPYUwsV1np2bJ/m9OkLbN+xjWazycTkBAoI4oS6XptDpyfPjY9xDpSL09DTJr2JT5xFeXBRRF1NE0cxRlUJA0Oz3cZrQyuK0hvLaoXYg3PgWp4kTtB6DKVDjK6AqYKPaStHOwHaDu9t50a1iVKdm1Ob4H1Hl1Zpahbv4Jev3HQLgiAIgiAIgiC8KmQ5YzP6/eB/NVLmLswLRdm2zHVYqVR6xKaimJSJD/1Em+J5LxVlYWEHnTsvGhbrydpd5iIsO0eZgDbMzXe56Sek5Slzvvab0zJhapggdakYJIrlBdvsXzG/bf56lbUqazV/fP7vVlmrWwkRgDcZjx09w0M37yOc3ce9wBMAvIV9O+jJ6/vHL57hgRt2M7vrNmY50hE555gFWDrDt55b33njl57kC13xF2Cep//Pb3Pvv3wn+ytz5PXVD/ytg6kb+Xt/3iP+Apz71p/wGzv38Il370vdwTkO/dDt7A2A43/FZ7/4eCGs9DxP/8Hnmd39SR66aYKDb3knPP048CiHT97D3j0FV/TsbeydhfiFI5y64QB7d+7nEE/yNLDqhJ7n2Nc64vh0LW3P0omc+Ns575ceXd9gCYIgXEFUolHWY1uOVhQDMDZRY2J8EqY0QaAxKKqVCo3GMrWwQuO8ZWxmCpdYjDFEcRNwmLBKlMQ044h6rcLU9DaCMKTRbnF9ZZxms5nWPzONqVVotFs0Wy3UuKZSqeDiiImJCay1XH/jOIuLi8yNT3Zz1zDm0HiCIMB7j7UWgFqtRqVSQWtNK2qRJAmtVguvFbVajaASpjmJraXValExE6ysrGCMYWxinAtLiyitWWqsEIYhE1OTOJ9+aWg1m5w7fY63/q0389LzR4nbCbpWI9ZpqGjvFV51bhxVbwge7UOiKCJKUlEao9GVypWYZkEQBEEQBEEQhFeVYojSMmfjMJHlclN27jJRJCtbFGmKQlMxx2Q+12ReUHm1+tzPKVm2rejwLJubrM/5+ov9G4XL2f9hDsd+gtYgh2R+PosiYdm5X0237DChruiGzYufZblgZa3KWh3WjkvF1bZWtwoiAG82Msfr+AwHXwtPPAe85wau0/Tm9f3LE5x8x2527djNvcAfAPftT0MyL7787Y4QOjqnXvxKSZ7fZzi39E72z9YY255tu4e9HZfx0a8+s+YIgHNfPsO5d+8rhFXORNmEo8/+SWlOYYBH/8tL3H/TAepz+7mXx3kCeOL4Ge7bM9fjip69fx+7SDj6/T/k5co/Ye+eOe54LTz9HDDbcULnhfAj8ywemmNqz1184sPL/O7/+2RvjmVBEIRrhCXXwuOpAG0VY8KQ+vZJZud2MDY2RlCtoIKQ6liVCxcuUKvVcCde4bo91wGeMAwx7QgVp+JxK2rjnGNsbIzpmRmMMTSbTSbRzJ89RxzHTE5vY2xsjEazyUqzwfj4ONu2TRJHber1OqdPn8Z7z4kTJ9ixYwe1sTpjY2PE3mGto1qt4r2n1WrhnCMMw24Yo9ilTtyl5WW01oxPThDWqt3QPisrKygM7XYboxRhGLIwf4G5uTmWl5eJooixegWj0hvGhQtLHDOOfTtnCGyLan2MiYkJYu+IYks7iUmSBOtJBWAdABq0QlfrRFFEsx0TJTEJCmXkVksQBEEQBEEQhK3B1f7D+ihhXstEk6KYpLXGWou1tifPalZvPwdev7a8mpSJLsVtxRyqZWVGGcsrwXrHOS8qlrkIi8Jbv/evBvnrskwIzm/LhLAsFHT2G0k/EfVqQ9aqrNUi19JavZqQXyU3HV/n5bP3sHfnDNe9aQaem+8Kuz15fc99m1Pzd7JrJst/exsHd9bIh4kenRaNC2Xb54lTsxZBPds2x1QdiJY5uS6X8W7qNYAlFo8OKPbVCyz8ENTDsBuW+dxXXubkoTl2ze3jPuAxZrhvzxxEL3P4y/M8NX2Ge/fMdceLt6c5fRdfeXZVCH/6T3j09XM8fNsMu+58gI/dcT+Lxw/z1BOP8sffWk+4bEEQhCtLs5p+MNvQEuHxKuJUY57zpxrpE4MtR3ihzezsLGjP9Ox2GidO0YzBa4/3lshAM45otVrEcUygNBMTE1TPnCUIApIkYXbbGCZUtF3M/Lnj2NOWIAioVqs0l9ucmD9Fo7lIEARcd911HDl6lL1797LQWKbVjjm9co7580tYm4rLxhiiKKLdbDE5OQlAo9HAE1CpVFhqrOCco1KronJfbqIkpj45hTEGlyRErTbt5Qb1qRlaiefM6fMQtzDeYiohYaXKxOQ2Xj51ioWlJVSrTXz6LOOVOs7BSqPFcrNBYj0mqBJUKwRBgHWw4FOBOooty+0mzVaUhskWBEEQBEEQBEHYAmymH9jzYkNeKMqEpCiK1rjNrnQY1VEohsMFevpRFmY1L7Rl/66VHJv9hJ9+4lrmEs3Iu2WvRYrzlIV/vlb7U4as1d5jZK1evXN6JRABeNMxz6MvneHunXPs2vMWYJlb99RYm9f3CN86scztMxNp/tvZ3eyapCdM9GXFxjQ2eGh8fp31d8XunRy8Ex575i0c2AWc7Diiv3mGc4ey8XqUh26cA1qcfC7vUJ7nid/6tzyx96185MG3cMf+Oab23sIDHznI3Xd8hc/+5pN9XcmCIAhXE3WX3hDZRkwFRRBUiOabNJJlKmGNcKzCwhhEus1rX/taKvU6gWvTGhtjbm6OxvIKlQpMBelN5MryMktLS+y64QZaKw2mp6dZWFjAT4S0raXhPWPT04yPj5MkCe12G+s91jmmdu/BWsvJZpMXl9pMBWMwXsMbg6optk/uplKbwCUJS0tLuHabC8un2bPnNSwuLrLSOsvU9DZ27NzJ9kLYlyiKOH36NHv23Eg90N1tY5UxxuZ2E5oKuqqYmpomSRImJ1KReHFlGZPETExuJ6xNUq1WWVxeIgzGAYWqLJMoQ+wsE1OTTGybwjnH4tISe7fvAWBxcZHk+HGWLix1w2ALgiAIgiAIgiBsdoo/4A8K43qlnWijuOKK/ckLTVmKorygVHTfDRJprhT5vpYJLsPalg8rXKyvH1d6zoeddxR3YFl/r8Q8FkMW9yMv/mW/lWSR1MockbJWZa3m65S1unkQAXgTcq4jaM7uuIGH7myyq05pXt+nnz/Nh26ZoL5zP4fePpnm/82Hib6c1GfYNwulqulssCb/LywRJwCTzN4FfLlPve+YZhtAkrDY3XiEJ16e5/aZGXbdcgB2pCGxjz3fyd373LOcXLolHS9uY+9MANEJDpcJ4ce+xiO/9jUeYTd3v/8hPnDPPqZuuZ+fefBJfuVP1tF/QRCEK4S1Dq0VShuU0STe03IJhJrt182wfeccK8S0Wi2Onj+F0ZoobrHSsFw42SZJEhILKkg/qaMowntD++QFtNYcnT9Ou91manwCYwxxDNWWpbLcIooikiShUqmQJI72sWMEQcCZM2eo12c4+sIZgiCg0WgwNjbGWG2cStCi0Whw7PgrzMzMoIMaL504Q6vVAhUSK8srZ050n+is1WqEYUij0aDlIi40ljm93CIMwzRkdBxj/QI6MHjviaKIxcVFcKeYmt6WOprDkBONV7B4vEqfGl1ceJFaLQ0HHSlYaDaIFheon6szPjlBtVqlHbWYn59neXkZH2h27rueJEmu8IwLgiAIgiAIgiBcfq7lEJtleTKLeVPz24wxBEHQ4z4bxWV3pcdnkIBUDCWbURQL87lF84LZ1SQS5hlFUCr+LfY3X3bYeS6Xs3Qjwlx2XWdhoLM5lrUqa/VKcrWs1a2CCMCbkUzQnJzj4NuaTAHN00fX5vX96sucfOAA+ydnuHf/DFAIE31ZyNy4M+x/30H4rcNrStz6vn2pGF047q9feS+3vn6C/bc8yOyXy/MA33fLHuoUwjcDh589w+JtM8zuuo0PTO8mdCc48perdR8+/RC33jzH/vfcwuwkxC8d4dGB/TjBU3/469R3/TM+cHON2b33AE+OOAaCcOX4wy8/caWbIFxhtKl0Xii0MTjlcTYC7bHaMj5R4/qZ62k0GrRbLUITMH79OFiHtZZKpcK5c+eIoojt27cTBAELy0vU63XOzZ9n185ZjDEce/kEQRBSVYqqh8A6lIfxao3JyUkCDcHUeJo/OIqYnt1OUAmZmt7GysoK1lqUBxsnBFXF7Qf3s//mA7zyyissraxw88GbuLC4gKmE3SdYFxYWUB6mxieYHBtnpT5GsxVhxqYhMDjvsHFM4ixeK1CKpOaIE0+z2UaFVRJl2DY9TRzHhNUKiXcEWmPdaZJKHbZvpwLUlsZhpYEPA5iYQNVqXFheoDo5QXVyojtWlUrlis63IAiCIAiCIAjCq0FZuNLi32LOzVebUcS54r4ysckYQ7VaJUkSrLWlbsJifYPyXW50TMrEsFEoiiNa676iUlY+nz92Pe27mPLD+ld0fPZzsY46RtkYZJHF8nObv3Y3Ou79xqOsvkGC7yjjmh2XF3/z/ZO1uvYYWasbL7/Z1upmQgTgTUlH0JyssXdPACScPFomTn6Fo2ffyf49k+yaDVgbJvpycIQnnj/D7YfmmL3lYX7u3f8XX/j/TnT37n33T/ITb5wpPfKprx7mvtfcya49d/Hxv7vM57/4OMe6e2c49IEP896ba5Cc4btffab34Gee5eUHD3LrjoMcagZw9gSP5RTkx549zntvPsDsm3YzCxx78Ss9hx/6oQ+y/8ST/O7TJ3JbZ9hWTZdQY+kEgiAI1wIJnVwosUVbjzIQoklix8q5c7y40uSldhvl06ci65UqY7U6URRh45hqtYqzLVAJp46FJN4RJTFhrcryygqL1Qpaa5aXWtSqVZxzGGNQShHHMVpr6vU63jpcs4kO05zBx48keAVhvYIOgjREUZIQVGqYMEApRbXimdk+Q5wsc+rMS3jg3IkWp8+kuQFWVlaI4xilFO12GwAdGNrVsTQEdJLgOq5epRQW38nZG6OUoXb6NCutJrV6Pb1xVOkYOAUuTro32jgPnZvXUBustVhruy7j7EtGFl5JEARBEARBEARhqzAs7OZ6nYxXwq2YiQv5vJt50cV73/2ea4zpRn7Kf//Lh5nN19WvP4O2l70elWEiWfd7Lv2FyDJxf5BItpG2DgrPO4xhgl6/ffnQyNn+bDwyQSkLoZw/Zj30m9ONjE/ZNVImlJa5frMy/a4nWauyVkdls67VzYoIwJuUx46e4aGb9xFWAnAnONonZPITx89w35456n3CRF8ODv/Oozy198PcvWuCW9/z9/nsPfOcW0oIJ2eYHQ9YfO4IjdceWOsCfu7/4QuPTvPx9x1g6vX380//9T0snl2i4QK27ZihHgBumcOP/haPrOnHMxw+/V5uvXmCqXE4+TeP9zqIMzf07Az0uINTpvYc5N533Ma9P9zi3NklYnLnXDnCE48eubSDJAiCcJloJJZqWMF5SxJF1AJD3WjwDloxPl7ohuGvGkXgPMlKC5zDOE+SNAkVhCYgajaw1jM2XoXIsXt6lvnFBSq1EMarhGG1I8R6wKOUx7mEZnOFKEoIdQ3bdigToOs1Fpsr2JUIbRJMJaQdWXwUUakpGlGbC8+/yOtr48S1Cc5dmGdqehvNyZBTJ88yPz9PO4pRQBgGKG06vVC0WsvpjaLv3CQqBdblboYN2mhiZ9O8xisr1MbqrCw10Ebh8OChWjWEQRXlU4E5bltiD9VAUa1WwBva7QjrLaEJ0VoTx/GrP8mCIAiCIAiCIAivMvkf3DMBoigUXAtkAkNeIMrEhaw/1tpu/zKRzfs012jmNMzECmNMj4CRjUPeyfdqiRX5+SmGAy7OXyaalYVXXQ8X674b5OAru76yecv3L6snozgPxbnJjgvDsLsvSZJu3a+Go7AoJuavwUHCWVH0zdqcjWPWX1mrslaLyFrdnIgAvFn58hGO3buP/RXg7An6BX3t5gumT5joy8JhHvnsr3Psww/zwBt2MzU+w65xiFfO8N2vPs7vfukAP/eZPu19/Df57ML9fODeuzi4a4KpnTWmAJIW5144zGN/9Hs8caz82Mee74jizHNsjdM5c0Ozxh0McOx7Rzi24wDXTdaY3VUDIG4uc/L7f82jf/goT5fFoxYEQbgKCXAEOLRRKBShUlS1QRuD9mC0IwzSG65ArYZUCYMAY0x6E2UBFGElRClPgsajWVpoYX1IEmva1uATS5T41HWsFZYA0HjridF4XUlDTScR26a30aaK1xAlCT6x6LCGdR633MbheeHFEzzz4gm8Tm/iHB7n07ZUKhUIqsRJQoTHmPQpQJdYjFagwBuNQuGdx6ncU7fekSQe7RyB0lg8BkWgFUEQdspYvHW0Gk2U93gPoQHTcVTHrTbWW4IgIFRhjytYEARBEARBEARhs5MXJjLRAoa7DK8msu+ImcCQF1TyAkVeiMv/MyZ9ELmfK61MvNvImJSJGkXhbpDzND83WRuzduZFwnwby9yNwwSxfqLOpWRUF2G2vyig9XudF96yeS1eF/3Os972Dzq+bF+xDVk7i+GBi/3NopTJWpW12u98/dpzKbjW1+q1ivJX6Wo+cuQIBw4ceFXO9bFf/OSrch5BEATh8vC5z3zqVT/nq/nfqfVy/Phx9uzZU7rvzkqIwhF4RQUItMZkN8EGtPLU1dob3uLNsnOO2Hoi0rDSsVLEXhG59AYr8Y7YQ8slNIHI09kHoPFAEgy/8Rp2c3apbmPMJYnUrEu3zq8siRAsCMIavPckSSKfD4Ig9CCfDYIgDGPQ971RKPsOVXSOlf3wXhSOsvfZ36mpqR4BIv9dcpQ2DGtzPsVOPv/jRvs9yPGY9Su/P9+nJEnW9Cv/fTnvRMvEpXyZ7Bz57f2o1Wrdh7GHlS9zAJY5PPPnLxPPMjdksZ3Fces3dmWvh7W5bPyKx5bVN2hei2NSNj5ZX/PCWt5xWJyz4joY1q6yOcsci0DXgTrqmigTvrI+FOcj7/7NnzffB1mrslbL2jGozZthrbbb7R7hOH98/n2xv2XtLuvTRllcXLyo48sQB7AgCIIgbCGeiSQk8atJ9iOuIAiCIAiCIAjCVmCQk6zfD+frFSIuZRuz90WhYNAxZeJHmZgAvQ7D/LmKr9fDoGP6CUpF912Z6FgsN+hcg5x1/YSmSzmfZe3q189hx/Tbn3eP5t21RWGpTOwddW4HXXP9yOrPRN8y12/2unidl9VT1ndZq7JWLxVX41rdSogALAiCIAiCIAiCIAiCIAiCIGyYQa6xvMjUzzV1MT/MjyJaDBO0igJRmXBW1s5iiFZrbXd7EARorUmSpCffaN6lOEjUWA9l7ryyNjvnum3s5zTMXufznhbLZX/LxM6Lnc+NUBzLfiFgi8dk+4vzkie7NoqiYnZc/m9WflTydQ+6fvNOx/y/vLhZvIbz/cy/lrUqazU/Xlt5rW4FRAAWBEEQBEEQBEEQBEEQBEEQLjujiF2vBv3cm6Me008gy+rJhBtIBaYwDLsOw8xleDncdnkXXL49+bBHG81sAAAgAElEQVSpxfLFtpTNzyDRsEyMGfX49ZYpO6Yoio3q9MvavV6nbn6M8qFjB4Vy7nee/FwNIitnjFnj+O2Xu7Y4Flmo4FGRtSprdVDb18vVtFa3EiIAC4IgCIIgCIIgCIIgCIIgCBdFWUjTsn1lQkQ/t996zz/MWZgXkdYjPvRrY9Fpl3+fCUhZqN5MvMvEpVGcb6PSz0lYzNVcVm6YwDWKYFImVpW5Fi+GQW3L+lAUzkZ1sWYCUdl8DBIP88cWx3OU/pZd/2UCVnYN5d2MRYGzKOoVz99PRJW1Kmt1q63VrYQIwIIgCIIgCIIgCIIgCIIgCMKGWY9gMOhH+0vtzsrXN8ihWSxbFFmGtaufUJEJHXmRJROXMqdf3mW43v7n21cmQPYTrcoEwKLg1k8wK567KBiWldko/Y4vum43IhL2295PDM3vy+Y1n0s2Iz+no7Qlf96i8JsP95w/b5lwNmzsNyLuyVqVtbre/pVtv1rX6lZABGDgc5/51JVugiAIgiAIgiAIgiAIgiAIwjXJKE6usrKjChbDhIBR2lXmnluP6LGeY7IymVMtLyzlHaPZ33y+z6yt/YSKvDuwzCEIq3kuhwmFgxxz/cr1m6tBbR1G2fWR/c2PQ9l8ZuM7SnuK58yPYb6tw+rInzefWzb7mxdsy6737Fz9XIxF8befcDZMACsbf1mr5WVlrW6dtbqVEAFYEARBEARBEARBEARBEARB2DDrEWeKOS+LYk/xh/2iMzJfj7W2K84UxYh8vf3Eq0vFqE61MmErCNKf6OM4JkmSUjEl62uevNBYzFWaL1NGP5GvTFTpJxKW9XmQSFUUcAYJgkVnY7G9xbFYj7DTT6gc5CotUjxfsT/GGIIg6IqFefdjNnZ5cTdfb/YvO/cooXL7bS+Kevk5GAVZq7JWN+Na3UqIACwIgiAIgiAIgiAIgiAIgiBcdQxzsPX70X+YaHE1EoYhQRBgrSVJkjUORFgV9PJuxUxguVyC2eVikOCViTb53LpZGN5imN6rkbzzM8srm81ZXuAtCofZMVl/8+La1dxfkLUqa/XaXKubHRGABUEQBGETUnzCTrgyZE87bsUwM4IgDEY+HwRBKEM+GwRBENaGyYW1breysK3ZMdeKoJR3g8Kq6y4Igm7u0byokpWBVVfosFypVwt5ITPfp/x8Fp2MxbCx10pfode1q7XGGNOzPy8UFsPmXmvXcPZX1qqs1WtxrW52RAAWBEEQhE1Io9G40k0QcsRxfKWbIAjCVYp8PgiCUIZ8NgiCsBXIO+XKKIbMLRMgiiLStSIoZeTbmhddimGA82ORd4Zei+RzgEJ5KOF8H4tzfC24CTMhTGu9Jqds3jWZ70u/eb0a+itrVdYqbM61utkRAVgQBEEQNiFhGF7pJgikN/5Jksh8CIKwBvl8EAShDPlsEARhKzJMJCgTxLJtRYFlkNBytYgRZXk8s+1F4STvHM077MpydV4LDBIQy5yExXndTP3Nv+7nhr3a+iprdXW7rNXNtVY3KyIAC4IgCIIgCIIgCIIgCIIgCFcVRddh3lkI9OTUHFbHtUDWVmst3vue3LFQLjpdKwxzkGb0CyFbFN+K26428nMGq07Kovs339fs+i7261rIoyprVdZq8fh8HdfaGGwmJKmMIAiCIAiCIAiCIAiCIAiCcNVzLYdTHZV8aNmicLKZ+17MO7pZKYZH7ucsvdbZTH3ph6zVzb1WNwPiABYEQRAEQRAEQRAEQRAEQRCuKsrCyRZzUBpjevJUXsuOs0xUMcZ0HYX5UKuQhpnNnHcZ12JfoVcILW7XWpeGC77anbAZZdduJpblRbPstVKq6yYtuoGv1f7KWpW1eq32dzMhArAgCIIgCIIgCIIgCIIgCIJw1ZEXkophZfNiWtFt2C8k6eVo3zD6OQGLx+YFwvz+4rZsHMpCr16trsNRBMJ8uUxcK8sxei1QFMHyQm/+es7IC6Rl1/G1IKTJWpW1ei2u1c2OCMDAx37xk1e6CYIgCMJF8LnPfOpKN0EQBEEQBEEQBEEQtjRF0WeU8kWKolG/MLmZqFI8Li+s9MvDOUzk6be/bPvFCB1Fl2e+n957rLU9btEy12hebFlPW4ply8Sp/FheyvC2/ZyB/RyExfkcdu5R5nrU/aOUKRubfvOar6/M7ZsX0vq5Kvu1a71rT9bq6MhaLW/Ttb5WtwIiAAuCIAiCIAiCIAiCIAiCIAg9rMeltp4f74f9CF8UljJXWdFZmIXMLbosy5xoGxVBBrW1KN4V95WNX5loloWQHST6WWu72/IhZ/NhZsv6ul7Bo58wOGj7oPMUBbEiWbvL3KHZnOddlaM4DDfimh2lbL49xfOVOUTzgmBxbvOiYFZvXiws60/+XEVxbT3jL2tV1moZW3WtXuy5rnZEABYEQRAEQRAEQRAEQRAEQRA2zHrF4uIP68NEh+y47Nhi3kmgK7zAqgCXL3cpHGSjUObQy1MMBwz0OCSHkfUzG4e8IDNIcFmv+HG5GTQng5yvZW7DQXUMc4v221d0qubrybeheF0aY/p3unDOfB/KXLKZmFYmGmb78sf3c+Dm2y9rtbwOWav92WxrdSshArAgCIIgCIIgCIIgCIIgCIJwURQdZMN+aB/mOCsKZMOckdm/TEgqii3D2lS2b1D5orBQ1p9MlMuXLzo98y7Qfn0d1ua8KJj1PxOYis7Hfm7H9YiCZdtGFQqz8v2EnH5iUVGIy8rk+1ksW1b3eh2ARUEpf25YFWLz81rsw7CxLV5DxT7k8wMXReeyMcmOL+tP2V9Zq7JWB9Wx2dbqVkIEYEEQBEHYQuy78weZnz9HpWqo1QNs3CIwnnazhVKGwFRQVIgjcN6gdIgyVYIgIKiEYMD5GOcSjIcAj+rcUyn//7P37mFSVHf+/+ucqurqnjswOCqggCgMJgy4gZEN6iwSAuuXLxqyQXHZjDG7Yvx9ZckvUfYxEpZoFmJWvvjECJsYSUiImLDCqgEvMdz8AZIIA8EB5aYyyMBwGWamp7ur6pzfHz0NPT3dMz3InXo9Tz89XVXn8jmXntP1rs/neKcWrFq1HFNIKbFzbIqLi7niyhKQEqRAmvHQOI7yME0TvPgiOorC0R4nIg679u7FQ6AdA4GJpSx01MXwFIZyMD0XZDPIZoSMxd+FR0HoKq7I60UwGEQJj+ZYI46KEbBNcvPyCIVy0QikDCAwAQlaxm3RDhIPjQPCA23g6gBoE42DRoFyQDoI5QAxtHaQaEChPA9DSLSr8TzFb377ynnqbR8fHx8fHx8fHx8fn3NPqtdVe2QSOpJFrHTiQkf5JXtEZiqnPU+y1Lq0J6YlrmnvutQXkFbo6ozolU5ISYhKibzTeStmIx6ls6Mzgkym9JmOpRPl2uunZCGnPfEz9XM29U+XX6a0mUTCM0GyGJoqFibOp4qGHY2ldGPIn6utr/Pn6qU/Vy8nfAHYx8fHx8fnMiIajRIM5tC1WwEFeSEcp5mgbaI8BylNBAZKS2IxhcZAYIBpYVkW0jIRBmg8PM/BUGBoQLUssrRGa4XULQtCABSu6xIIBCjqWkhh18L4AldrpGngKA/XdTFNiVDxpz5jUuNqCDhRToS7oTBQnsTAIqANpCsxlMJQHobngoyiCYOMxkVg4ZJnFdM1pxu2baOFR7g5QNSNYAUleXl5BEO5gMRVIi7sapC6ZVGqTYR2QVhIXJSQGEaI+LLJReOBdgEXoV0ELlp7CK3QykUphSkNvJiD656ZH34+Pj4+Pj4+Pj4+Pj4XOpm8r6B9b8Tk69sTGZL/zuQ1llx+Om+61PI6qmPq+UyCTDq7k0WedHVLFaLa86Bsry6peSQLKanhd9OJdZ9VEMkk2GTrfdhevpnaO523Zmq7ZqpLNqJkpjSpXoaZ+ra9edDRXMgkfCbSpoZKztYbNBl/rvpzNZnLca5eLvgCsI+Pj4+Pz2VEwAgSyrPpUlCA1h4N9UdoMhRCxEMKJRacMUehtUBJA2EamJaFaUmEAR4enudiKIGljZOCL0qfFH5PHqNlUSsUESdGLBZDSIlCI3Q8hJHjuWgtMRGgNcqLewDHYhEikTBKSDwXhDCIKQMiGqnB9ByE8hDEQERBOCgZAxSEmgkZzWih0dojHA0TcyM42kAaBpgGUpp4LijtIrQEBFJr0B4I96TICyBlDJCAQmsPhEJrhWgRfkEh0WivRQQ24gJwzImcl3728fHx8fHx8fHx8fE5FyTfzIfM4Wez8TLL5J3Ymbqkii1a6zZeX+muy1SH9kh47KUT5RLHEvvBptYpk5doOsEv03XpxBzP8/A8r9W+qom6Ju+72lHbt0dHfZtte3bkPdhe36eKhqmiUvL+qu3VL9XbM5t2SIynRNtqrVvt9drRmO1oXKdrj+T9fdPtl5tOSGtv7CS/+3PVn6sd5XupztXLAV8A9vHx8fHxuYyIe9vmIjBoCjdw+PARhPAwLYllmViWhRYQjkbiAY0FyBYB2AhYCEO2CMAelicxkEgNokXwlVq2EoIhLgY7joNpB8jJzY2He5YCaZlorXE9DaZGKZAGRLVHxHWIRJtpamrCURrXiS8ITS0RjodUGlOB8LwWQdYFPLSMC7bCjRCyIigEWno0RyNEnWaEK9BSoAyBFCZKCbQyAInQcQFY4yBQaGIIXCBDaCDdsmjUILVCAFp7KNfDMCVeLOoLwD4+Pj4+Pj4+Pj4+PlnQ3s38dCJFpuszeY+lO54sCqQT0LIlVVQwDKOVIJRp38tMnAlhIlnwSrY3nVifLR15hqZyOu3Zkddm8udUoS6Z1L49UyQLlKfbjtmSTgxLFS2z8ag80/hzlazOZYs/Vy/+uXoh4wvAPj4+Pj4+lxGR5gZ0YS4ChST+gyEQCADgONH4U6UBE1AoAUgBUqOlwJOJhZuBEuAJEErHwzm3CMBKg9D6ZFhoATiuBukSjbk4jofSBlIKDCEAgVIeWhm4roP0NB4KTwk8T6AUaJUcKga00PEte7WOe+JCS50EqPjSRhPEMIOYARukwnQiRD0HTVxwjjoeQoAUFgKJJGmxmViraglIJB7gIBKbHRM/LhCg42nBBK3QSuK6cYFcexrPvfwWlz4+Pj4+Pj4+Pj4+lz7ZemB15IXYEck37jsSYtLlmZwmndCSyUMuG8Eg1fs54UWYvOdlQmxK53WZTvRKDV+arrxsvORShbJkr9FEms8quGTjKdoe2dqcqbx0diZ7CCaX0Z69mc6lGyOJvJVSacdTql0dCYTtzaNM7Zu8H22qV2Sqt2pH86aj8hJ5ZIM/V9uW589VWl1/oc3VdHW91PAFYB8fHx8fn8sI0/IwTBfDBGkILMsiGAzhOA6O4yAQGFqAMIjrswItDBAmQgcR2sKjZeEmYiA8hFBoJRC6xetXEhdLlSCumXrx9JigLcBAa4FWsuXHS0K8bVkUYoLWCDwEAaQQaOnEn87UGiUVQum4PqsEGolSAjRoIUFLXM8kGlEEAmAFDJA20nAR0kMYAQwZiO95LAzQBlJLhIx79QokidDPCJBo0DpuBxK0atkvWIIWxMVfGRfVhUYrt8UlWmDItn3g4+Pj4+Pj4+Pj4+NzsZF6kz7d+eSb7In3TCJNJpEoG6EiG2EtU16J/JLFswTJnmjpys1Ur9S9Q9vzxszk6Zgtqe2ZrbCjlGpTx3RiYbblZ1NmR2Mm+Vx7wlI29UsntCULTAl7U/PoyObUkMSpAla6spNtSG6DdOJfJluysTV5HKfbuzaTff5c9edqR3VtL92lNFfT1e1SE4R9AdjHx8fnMmL86FtZ/saa810Nn/OJEcOjGU9H0CK+gPRcBdrANGykIRBILMsgHIlgWAa4Bo6GgAwQsPJxIx5SC7QOI2QU2wrgRGNo7Z0KU+N5cQEYERdwPVCuQEqTgGnjOA7a1QhhYAgQClxXgSkRwkAg0MojGCgkHI2hPREPSY3ClArlxhAqvj+M1BJPg6cNUBKtBZFmj4aAQyCgiHmKWNRFYGKZAQzDBkxMMwDaQLsC5XporTGlQGsvLlwLjXZdYk4EaXgYQiElSBEXqLWOi7xaey1CsGjxCjaJq9Gglb/U8vHx8fHx8fHx8fG5+OhIhMqUJvGeTlBK0JH3X0d5Z6pjZ2/cZxKXshV+EulS9+9MCBjJgka6fDsShpLrlzjWkeddJk/ERN2SRZJUESz5WDZkOz46O5ayuT6b+qZri2TPysSx5PfkPNPlnW07pfZZNjZlGoPpbEk9lzzekkn2cE2Xvz9X/bmaqQ5n6voLfa52xMUuCPt3JX18fHx8fC4jtBlBySjS8LAsgWlZgMQ0TaQ04wtgz0UKA89xsCwbywpimLlIIwe8ILGmCFYgB9MQLUKoACSu66BFfHHkuYpYxKGooDC+oHZcmhubiDaGsQwTlMayrJbywVNRzJCNlBDTBsQ0niuxzDxktBlTBhBSYxBFRV0MKTFQLQsZgURgaknMg2jURUkTKQyEYSGFAmEhACkNDAyUo3A8FymJ7wGsBVILvJiL8hyEdpHSRQiFJQ0sy8JzY8QiMTw3hiFMAgEb0zQQwkDruIDdHImgHBfTNNFaoDHOW1/7+Pj4+Pj4+Pj4+PicK5JvsqcTT9KJN53JO0GqJ9yZujmfLKwkwsMme94lizEJYSJZTEqkT/Zca8/rrD3BIvVzJtEoU77tHdP61B6oCZuSxarUfkw9nuqhl6nf09mTjtQ0qSJXZ+xMRyKv5LC6yXkne1om+jJ179DPOn4z1Tmd1+npkk4YTBY60/Vrap38uerP1fa4nObqpYQfmNDHx8fHx+cyQmsHjYM2Ti2qDMPCkPbJ/U+kAKFiSBXDjZ4g1nycWKQeL9KIcJoJCrC0JidgYVsmkXATce9fMC1JbsgmNxRECg/LUKCiQAzD8LBtTW5QYAcUUjSjvQaUewLPa8JxTxB1G3C9ZlwVxdMaKQJIEURrA+0IYhGHSFMYqRXKa6a56TDhhkPgnsCSUYJmjJygxjY9tIrgxsIYJgQsgcAD7ZATsigqzMU0FcqLYAqHnIAgYGksSxMKCCzpodwwygljCAWeiyEkwYBNTsjGDhogPBw3TMxtIOY0gGimoNAiGIKArbCDBqGQfb67PDuUyfy5QUqfD1B7KZZ3QWIx54kgd689e89j1q61CT1hszGrq02WzA8SWmqdtfqcCzpn86VL3bKHGThoLlvOd0XOOEdY+q2bGPj01kuknLPHpTsGfC4mGt6eRfnN97Bga/TksXRj81Ier3HbHmZp0oInXbv4+FzsZLrZnth7Mfkm/pkSvM4mSik8z2sjqCWEB8OIPyScECmS7Uz1MjyTIt+ZIlEnz/NOCkzJ9U61N1lkSd1P82IhneCX7B2b6FfDOPUQd7rxezHQnnAG6fvNn6v+XL1QOBdz9WJqj8+K7wHs4+Pj4+NzGaEQKC3wXE3UVTiOixYWhnARUiOFh5Aulg1WIEDMjeK6YYSKYknIDwUJGiaNTcc5cbweYUSwbQtTgjQkeDEikTDK9cgJQSRyHFOCwAUPlHsc5QmUE0UnFnFCIw3wjBjCMjGkwDJtLAeEbFnoxhy0cgkIyM0LETJd3JgXt0gLDNmME2vEiYFh2pgyH7AQwsQOmCgvSlPTcWIxBzvgYgeKcJ1GTGlhGArXjRBrjqC8KCHbwDIVAgflRtGegeueWkxLodF4eMpDK7dlganR2sDzTBwVQSgLISSGzE4A3rg0SEV1ykEJFbmass8pptzs0jv3LP4QcQXn9BbkuS4vEzttQr/LsPAvVuybEqPk3Nbo0mFPgJsXS7oMc1kx2m17vinAtLmS+b0UB78eozD1/NEAlT+V7BjisuGONOnPIfveCFL6Loy/zeXFWzLUJd1YkjCmh+KBMS5jSpKefq8LcPd8yW8fa+5cRRr2smbpz3nhtXfZsvNIfA4V9aH0phFM+vo/MWFIt87ld6FQu4wpX5pFqw0qcrpRevPdPPJv91PuT0Ifn/Zp2MuaP7zE73//Fmtbvhvskv7cMvafePAbYyktSk1whKXf+hJvjn6T+Xd2a3Xs8XWtr0zkM3XKWK7L6XzVotETnU90Jtg8l4FfXwSM5Kk1P+aONm2QwvvPM/ruZ9nPZBZvncbgs1y989YuPj5niOSQn5nCfyZ7Yl2MpHq0JQtniXPJNqbzvrzQbU+uX3seoonPyV6T6a5JzTOV89Umyd6BqccyeTRCW+/VRB7nSzjqjBdl4j3Rr4n06camP1f9uZrK5TRXU9vuUsQXgH18fHx8fC4jAlYOphkEYcUXhJ7EE3GhVeAiRQztNRBurEfICFo72LYgYLooYtQfO4xlFBA0gximB9IjFDKJRcMIBJ5y0NojYAkKckLUHz8aDy2tHTzl4Lr5aA2G4SCMxJOWGm0qYiqMlBZaKrRwUIDrRfFUlMT+wgYK12mivuEYFk0EzSimlCg3hnZcQmYAwwphGRqwQBgYwsC0ogQCMZSIIWUTUlqEQi7a89A6ipSQGwKt4l7ByotiSg8zqABJzJUgJAgBJ9sqisBDiLgALGU8HHROHliWGRe6W57QzA7N3LsUAwCaBFWfCvZ9Kli+3mDeeoMpo13mDjtLQljAYeo0h6lnJ/fzX14HVA71mNgz5aCt24qSPtnTW3OXhJl7JLXQRkiP7BLMB/hEsDkGFYGU858IlgAz+3VmDp0FlMXyKqi8SrOwSrLvFujdzuUnx1JMsGOX4PXdkrt+FmDmP8R4tH/bH6bZsv+NWUydsYzqQB9GfflOpt5bRl/2snn7Jpa+sojH34brzoFocTYpnfwkj4wohmgN1Zs28cYrz3Lf+CqeWv4Md1zCInDD5kXM+r8x7v3l/Rd1//mcH6LvP89933iWLeE8Bo+7i6n3Dj313fDSY0x46VdU/vgnPDIiywdEBk7mqakjKAaitTvYsOmPLF34GONW72HxSw8xuJOBTYrH/piNYztt1hnCxs55m9+8XsMdE3u0c10jb/3y5+w/Z/U63+3i43N2udCFpPZu8GcK6ZoISZoqrLQX+jQ5DOmFSHuhiBPedcnnkgWWjsShjsLBZro+OXzt2SBVXEoWSJPPJTwJkwXT1HQXar9CW2EsnQAM/lxNTnsh96k/Vy/duXqu8AVgHx8fHx+fywgtAiBsDBnEMBRSBhA6vl8KnoOjmjCMMDk5LlbAI+J4BGwIBcMIXMLNmoCpiUYbEcLElQaNjQ0UFxejPYem+khcjNWCE40nyM23MSVEm2OgozjROpyYAqEwpUQSDzutTQgaMTzLxfUsPOGhpYFhehimxos5eK6HSxMh6eLJCEV5BvnBILFoEw0nwgQCYBoOJxob0V4zBYV5mEaUqHMcKRUFhQZCBJBGhKZwLWhJbjAXx/FwI1GMQIBAQNLUcBxTuIRyAtgBg8aGMNoTaGEDColGGi6WGfeWFlIjhIfWAtdVBHNDBCybcFOYSLhzgu2QGx3KW/6uaHmf22Cx8EWDB98wsW3F7LLTF5F80tO7t0NF//Ndi0sM6VLR34BqweYmGJObfFJQtUtAPlQ0CKr2Q0XfNOfRlPc5vzclItslcx3NknGaY/8lWb5LMLVf5jolj6WKITAlajHnJwYz3zSZ2D/Wrnicif3LHmbcjE30nfwMa749guKTv/FHcOudk5k6/Qgb5791GjlfWHS/fhjlw7sBQymvuJPKe4cyZcws5r26kzvuv3QnaPSjTby2uQ/3nu+K+Fx8HFjG1G88S3X/h1j8k/sZnJ84kfhuqGHpo/fw+Lf+BfvXi5k6KAv1tmsfyocPpRiAofF8xs9l3DefZ/4bdzN/3MUUaSBK39792fLCSqq/ej+lRobLPn6NX6wo5tYReaxZl+EaH5/LiGw9v7LxAk6+9kInk6CU/HdyCNJ0QkumvC5U+zPtm5lMunPpbG3PE/xC8rDrSFRMDSOb6jl5IQummehMSOfz3T/Z4M9Vf66eqbl6Ovae73Y5HXwB2MfHx8fH5zLCi2qUo9G6JdSNIfGUh6dcPCeKcmIM6H8V/8+3vkrPniHC0QM4bh2WVUBObnc8nc+O6k/5n1dXs+eTw1hWkL7XFDPtoXs5XPsxf/rTerZs+YDmxnpyLck3Jt1Lr949qK7eztoN71FbdxgCDl/4/A18YfD1XN2zBExNQyxGoKCQ2uNNfLjnBNW7jnL02HHC0QiuAjNgYAQFpmPiNMbo36cHY0aWctOgbuQGC4k0xAgGbY41HObdP7/Lpi0fU1d/CIUgx+7KtT2v4br+3ejZK49QMB+lJaFgIc1Rh+rqD/jrlmqOHjkBKHLzI/S//kpuGlTGNVf14PiJZuobPd7fsYf3t3/I0brjdL+igC8MG8DAz11LTj40R+toblLk5nQFcjh+1OH99z9mR/Wez95p+Q6V92vq55pMf8Pkns/HKJMdJ/PxOb9oyvppqBas2iUZk/zggjLZsAcqBijKqiQrd5lM7Zv8sITBhj1AL82QQGq+5xLJhmoB/T3Kr1Dcc5XkP6pNpvZzss/Cdpj4BcnMtYIdTdA7t+MkrahdwROz19GzciGLvz2ItPKN0Y3yhyZ2MuOLgKv70hdYU39BBIz38bnAaOS1p2expmgyLzx3P4PThWc2ejBhzs+o+/Ae5v1oGRN+PZHUYBfZYA+7nVEsYuGHNcDFJABD+V13Yj85h+femMgzY/PSXlO94tdsGfSPfK/PHNasG3aOa+jjc3GTTkhId3O8s15m55LOCnqJ+huGgRCilbCUKa8LLcRsppC5yZ9TQ+OmCyF7MZEqEmYSfoQQJ/eKTedNeDGQaU6m6+v20l5o/e3PVX+unq25ejG3Vzb4tw99fHx8fHwuI/JNCAoFOkpUNxEVJ4gGGvBCDmagAFtegwzncOCve9m++nWMY39mYMlu+hYfprluGx9U/ZlPa04Qi10B3hU0R/IwIwe4set7jP3cZorNjYQbDpGnooiDzdx0ZT03949QUrSDZq8G1aUEs6AEO3aIfsY+rsvfTXC8wnIAACAASURBVJ5ezaHdy/moah3HPzpC7BgQKUCKbiijCzEjB9eShL0GGhubCalCVH2Yz/dp5nN9qwiGN/DJn9dwYMtqSq8+zEP392bcuKsIFNQhzTAiJojVNXJV6Dg3lHyIHXuHD//8e/Zsf4vdH67nwKEPqY9EaPYKORGNccuXejN6XIiS4gPs3/k2h/a8w1VXnKCwsI6QBCt2NbohF33CZd9f3+XQR2+Rb2/g+l5HyZO1fFK9mYMffkTj/hiq8Qz9eJAulbdoiEpW7Wt9KvJJgDnPByl9IkjoiSAVz9ss/yR1iSfZ8a7Ng3OD9D55XYCNTYnzJkvmBwkttdqkq90WYNpPWtL9MEjlUot9tQHufiLI3WuTniXcaRN6wmZJnaR2m82D/xkvp/ePbKa/m/rMYbryLOYk8jxqMS9h0w+D3PVigH1tnKkF9fta237XLwNUNcXzaWvL6SBZ9VKQ0A9tVsXano1ss+n9RJB5u5J+MBy1mP9Lm4rZ8TqFZge5+5cBNh5v70dFZ8tp6Zf5p2wf8hObJW36/VT+O95t3SfTVljUZ+lMnt0Ya0uwn2YK8OKuFLerfYLfRmHMjR4VvWBVS5jok9RIVkZhfF+VFIZbUL+99Vi8q912/Ww2A9BgsuQDmFbmAh4Vn9dUbZNp+6g9Qi1NFT0NHbN62U9Zw0S+OyWD+NtJoh+u4Ef/OoHyQTcxcNCtjPvXubz2YUrFNs9l4KCHWVoLdeuf5+HxtzJw0E0M+VIlT6yoSclxKz8adBNTlh2B2k0sSOR985eY9OQK9n+WCN7Ha9gP3PG5vh1eCkDtJhY+9gDjbr2JgYNuYuCtE7jvsUVsrMv++oef30pDO0XsX/YwQwYNZ9LzOzvexzy8l9ee/s7J/MvHf4cfrdh7Kl3tMqYMuolbZ6wDFjFpUEs9nt7afr7eETYufIz7Wvol3tbL2B3uqEI+lxQfv8Zv3oDB932N8vb25jX6M2nKSNi6jDV7Ewe7MeGn7yXt/9sBXnzUll6Z3+pwZ79PsubjJUwadBOjn9+Z5mSUjbOHM3DM81Rn8/1ywx3cOxre+s1r6UM8H1/Bc8/WMOreOxiYyUO4o7mcoGVuTvrS8JbvzIf50aoaIunyzNAudesX8d0HEm06nFu/PoelqW3q43OO6OwN8WSRKRGC9WImIaIkQqwmh1lNkDieztZ04UgvZJLtTPaeTLRBok8v9n5N7ouEXQmSbU3uV6UUXsvWThdbGySP42RbE+f8uerP1QuVsz1XT/d/3MWI7wHs4+Pj4+NzGeFFYijHBRVfFCmhEFKjkAjDxDLzOVizl58/9wISuHMCdO3WC2nnsG7dNn61uBZH5ILVD2EaGMEAhXkeXQsOQ/gDrr3S4PreBlY0Qo8+YOr9WASQcj+aKAhJwDbIMU+Qb4KIneDIp39le9UhjOARjjV9wpFwMY2qJ3k5eeTmuRxrOozmGHaoiTxhU+AGiTR9hB2sJxiqoabmIK/+TwPBPLiiTy965hahdANCeZw4eoRQTi5GniQUiBG0DhAJH2Hfno8Q5m6ON4c4HsvFiVyBjuXQ0BjjyuIiCgsOc/DgTnZ/sIPDRyK8+qeVhBWIyPXYRinhhiOs+uPbGMFPueFG+NtgDrk9u/LR7gOsfms7zY1dcN0r4ExokC0U9tWMR7C+5pS3ZGSnzZjfCbhKMfsuTSGCqrWSu38ZYPakKFP7akBQ9VqAm6tgarnHwiuBJsHy9YJ9zVCe0SNRsG+tRcVqQWkPxby/i+e/412Dsb+GQtLvhVq92mL2YZg5xmMigo2rJTPfMAmGFDM/n4X6dtCgcj0MqfB47mao3yWZuk1S8d8WO77mEGy5LLIzwPjfCWqLNTPvUJQEoHaH5O75ss1+s6ePouImRdkHkpXVkopW4bclG7YLaosU41tCAkd22ty1VFAd0kwf6TEzFyJHJQvfkVT8NMDCb8aYeEW6H5WdK4edFr2XC8aXKubeognGBMvfllQusgj+S5Txxa1z37fWYvZ2mD7SY2IAat+XPPoXg81hWDnhVJumI7sxloFcj4qrJPP3CKqAskR9dkmqpGZeb4/eNSasbh0muv6AYBXw3EmvYMG+tQEqVguG9FfM/7u4zStXxdv15f8TZUxrXeIz2Zygdotgoa3Y0GJjYamm8g3J8iqDiqHZKpsGGz4QYCt6d80yyUn2svlPNTDui+0LPFkS3TyXr359EYycxowFAyimji0L/4PvTljH/t8t5YFWUZaj7P7Nw8zbWcaj0/+Te6ljw/xZLHj0q1C0iu8Nby1HRz/8FVOe3cGQb0/nmYlQ996zfG/BY4wzitkwfWinxevoga0snD2LtRUzeOX29F57rW17lkkPPs+eXmOZ+m8LKC2CaO06Xnh6Lvf9cRM/+O9nmHB127bY3//U9Rzfwe/fqyHKIPLTlFG3bg4PzthE3wcW8ML9/du3KbyVH91TyUJG8khL/nVbf86sRyew9sBveeX+/lA0lCkLFjBu3dN8d1EPHlkwkVKA4vYF7y3zvsR9y4ZS+e0fMqXEJvrxCp56chZfrbV585mxFLeb2udSoWHHVrYwlB/c0t7etnHyy0ZQzizW/PUIk/p03oN3/yuL+C2D+O6IPiePde77pJNccwf3jp7Dd3+3jur7+8fnRYKGd/j94iiDHxuTOaRzK/IYde9ken7917z2/kQeGJhi2+tLeCtnIi+MzIPqNMmzmcsAXg1Lp32Vx9/tzR1TZjC1f3H8O+XZe3gwVgj0SZN5CpvncusDL1Ne+W2equyBHd3Dq3Pn8PjkGoKX+F7oPhcXqR5yqZ+TQ5Cm86a7EPZkbM/7L/nvdDYkvAiTve0SXmjJHobpyjvfdmciVRhM15/pvEozeeddiF6kqfXIVK/kkLIdXXsxkK5Pkr0k/bmavrzzbXcm/Ll6ijM1V7Mt72LGF4B9fHx8fHwuI1xXoZUCLZAYGBh4ykULAUiENLBDOeTnX8nxowdxNGgK0BTgqRyEBaFQV1yRi5AuWkc4Vn+Ao8e70T0/wm0Vw+k3+AvkcRy7eS8DbiiioDiAZTWhomDaDoU5FoY8geM1kZubw+duvIGcLtdh5A7kL9ua2FztEDumUaaDaTSgOYzmCEqcIKZsjjcFue5Kk2b3GFEa+dwXruU73w8SzLMpuiJMXeMBPt57mGO1ip7dC2lqqEMjsQI2du5hru0bYvI/3Ur9iWJ27nHZtrOZTz8xCVjdySuKsurNd4g0NfG5a67nzruGE/Vs9tXF+PP2OnZudqlvbKKoIISjckBIojGF6wawrHxc5RCJenhopCnxZCddBdujq2YAsCPxOWYx738Ekf4eq/7hlKBVUWpy5X+ZVK61qOwboxCTlVXA9R6zbz8VurbiCx14cNZZTF8t6F3q8XKSYFZxo2TI0gAV1ekEYMHCo4pV/xKjd0v2Ff0sjv2nwZz3TKZ9Ppbk0Zme5R/SWii9UVLYHGDsB5JVCZGwxfZ9JYpV958qixsF5S1CYWeY+bsgM1OP/UOER/sD/RT32JLpW0z+rSyp/k0my3fB+NtUvB1a6lTdPaVOwJhh8X1gK1+xGHN/hjbIthwAoXnu6w6VvU79cK0oDrDjl5LfbjcZf1uyu7Rg7kGP9VOSRM8bBeVv2JS+a7DwE4cpvTI0TNZjLBMeN98QF3h31EFZMYDJxj1AX0WZhGBfTcVqmRQmWrJ5d1wwHZLQNVrG4s23uLyYZFvFQIvgMwYz15iMueMM2XwSkxVVgrIB6lTI9XyP8b0kd201mDnU62AsCyLHDV5/02TqpzDly95JATx7Gtj/PpT+7x6f3fs3upV5/7aI6OQFvPLdU4Js+bBBFP+fcTz+i7eZNGdkkvC5id/um8ErP72Tni0iS3lZPg0jH2bxsneYOnxkK5F049K9/OC/F5wSWYcvIP94BVMWL2PtQ0MZlU5RTWHNjC8xcMapz6VjZ7D4+6fKb9+259kzbAavzE2+fii3jr6dH91TyeNPr2D0j8fG63z8bb734CL2V7S9vnxshiI2z+W+by2ByoUsfqgjb+woW+Y/xsLoZF7472mnxPvhQykrfpjR//4r3vrak4zK78Hg4T3oWdsd6MHg4UMZ3IGpAFz/KK+snMh1Sfn2iFUz7qllrD4wtpXQ7XPpEg03AAPomY0o2K2Y6yA7j/yje9m4fhPFQLR2B2ve/hVL3y3mnp/+hEnXJArv7PdJZ8lj1ISJ2G8sY83791OaJNo2rPsDrzGSp77csfCdwB7yNSoHLeKpl9dROXDEqfkb3criF7Yy+OHvU27DljYps53LUPfKHB5fdTWVv1zII0MSJQylfPQwFnzlHuZlIwAbA/je0jeZdH1S+h4x3p8wl9+vq+GOCdnb7ONzpkndVzGdCAy02pMx4ZmVOJ8sTFwIwlKCVMEn9T1ZZEh41iULSAlBJiEuJfK8GDwJhRAn+yhhU7KtCXs8z0Mp1caTNFO43NPt27M5LlK9ARP2Jo5JKfE8D8/z2rRBun49H+M32zGVTiRM2Jos/Plz1Z+rl/NcTechnDymLgUv6gS+AOzj4+Pj43MZIaVEChNTWkjhIbQEraHlx7pSCkcYNMWgIQYRlYNnliDtKxF2CcLaBzIPT1l4MYkpguQEe3FVj5uoP7yBla9X89Y7nxBwDlIgGnloym30k7m4kUJC5jGgBLchgMjLJxCwaQ7nsvWDvSx/vZqikmYO1RdwJGzhyng4m4CysbzCuFitczG1R36+ScQ9SiDUFaTHlm2HWPRfBwhH4d5v5jN4+LUMHfY59tcc5sPth7mq6Cq024Xmxlwaj2o+2lvPGyvXkFswgKP1QRqiXcgJXIF2clAqjwN7G/hT/VH+YtTR1RbcVP5FrikbRIN7mIZDR4kch8ZwPY3h4+QWmKAljtOVSDQXtAsiF2mEUC5EImkD/50ezYL6pI+RasnMKDz3tynejNKlvNSAtYIdQDmakgLgY8nGJkF5bsvCX7bvjVtbLViO5sXRqd6SivJbFOOr0wvIlX/rtBI/sRUVPQzmNcEx6FAA5nqV4iWrGHKdhl1Q3wTkAnslz0Vh2t+llIWm9xcVlasN5nRUTnKdh3pMTNkY8cqTIorL+JtMpq8XrGqA8S13tOu3C+ajeXFwizd2S3/MblMnwHaoHCaZuVqw6iiMT+sJml05ANwQozI1eS9NBTCzru2PlCmpY6Slnaa8K1m1x2RKrzbxtVvZ1PEYy0xJi8C7Ya/BxGIPmiQb6mDK36h4nj0UY2zJ3F0Gs8sUKIONe6Ckvz7lMfyeZDmaFcNT6mm7jO1tMOeTeAjpZB3kdG0+yR7J/ONwz5jk6zyGDzThdcnLtVCZRnhp8zCBhKmjXWZn7THclgK77UbIdcsebgkdfIrKX77HI0PS5xHdtIKFB/rzva+meOMaPSi/fSj8exW754xsJUDe848p4mvOYG6+DRYfOUE9tBZ3JkxOER5thgwdCUvqqG9IvTg9pZOf5JERxUCU/Ts3seGtp5kwcgmVc3/GI8MzewHHbevB1KfTiMU5g/jGfSNYOGMFa+rGckcx1K1axmvhkTw1KwtxGYh+uISpDy6CygUsnppFKO7oJl5dWEPp9DvbeG73HD6Scmbx3q4nGZWhrzpi8Li2+z1f97lhwCJ21wK+AOzzWXh/Ed99YNHJj8VDpvHC25Nb7TF8Ot8nncUeNpZ7cpawdO1OHhiYcCc+whuvvI09aQGjijqTWw/G3TuSJx79OUsnjzgpZDe8/SsWHhjJU3+fQZzNei7XsPrVdTD6SR4ckvINYfTnjn8ayrx/z6Kag8YyKfXY9WWUAws/OgL4ArDPmSOdGJBJIGgvD2gtSjU2Np4UJjp6JdKm80xM/dvHx8fHx6e9/YDTibeZXqmhz09H7M0UTvxCxBeAfXx8fHx8LiOkGUAYJiARClBgSAOh46FwXK1odhQKk7wuYORezdHGHLwmxbFGG9PujgjkE21QoECagoaw5vAJk0i0gP2HDrH/QAP5hsNxB4xQCVbOlRiB7qAiHDtWT9BpItwVlJWPGehOIBimsOgwjivIy8vDMUxiDQ6N9UeQHhTaBrGYJhaN0NwcxRKCpvp6wjETl+7UN9fz0UEI5kJR9+vJK7oW0wyACuPGjmIaQexgHkagANMWmHaAiGfTfKQZK3gFtldIQ5Oi8UQjsWgD/zDxKxTmf8DHH+zm2IFaag4e4/phhQhZj6s0Me2itCI3rwuhUIBQbi45Ob0JBa/Ftg8TjZo0nAhjGCHMnDOxa2cLx+Pev2UFceG2/kT88IMvBHkwbQLNvjooL3a5e4xk5e8lFXNtxvRSPDDKY0yP9gWpfYcE5CvK0gk3GZ2HNaUlqTdrPLrkWfCJoJb0YaOTGX9l25s9hQUAgn3HgCug9hDUoim7Js2NIQmhDspIpXdvh4p2wlX2LlOMXy9ZWW0wfpgHmKx8T1Byg8eXE0LtCSBTnYCSK+I27KjLJABnV04cQeSQyevbJPsOw8paQXMzbEybq6b0qjSHczVXAvPTCMYJsh9jGbM4KfBO3y35j6Ee7IoL2gv7JMafx819TWoTYaL3CV5WcHe/U+OztiFu89gfZQrcLNhHsgB8+jYn8qvaLqmyFQv6te7PwjLF1NcNllSZVI5uKyK3epjA0gzp61L4GX5x2Tmwcc8BUm/85w/7Ji8smBz/sGsJ9z31drv5NNTVADt5YvxNPJG+JHbXwuCTjTiC665NvSaP4hJgxV7qgORnJm69vm3Y4vzuxcCKrEXJ7tcPo3x4PDxt+fARTKj8Fl996qvcN+1pbnpzRkYv4rhtIyi9Lv354mv7AC+x6wBQDPv3rIOBjzIgGwFp18+ZOnkde257kl9MHUp+NiFnj9exH6iePYGBs9NfYn90BIZ0PhQvAF6U/TvfZs2f9rDnw3VsPhhj//t7O07nc2lhAOxgfy2UdzS/jtSxGyjOZk0yYgZrfnonxUDD5ud54MG5PDC7B2/NOuXR2/nvk9PAGMS4+3qw8IU/sOWb/RlsAB+/xdJ1Nvf8svNh5fNH/hOVV1eycMVOJj3QH6jhld90ICZnPZePsPtdKJ0+IO2zLkEj+9pGD+zkrbVvsWvXXtZsqyF2YCe7s07t43N26EgYThWC090AT+ctdiF5Fvr4+Pj4XPi0JwAn3lO9d9MJwMnpOvo/dCn8n/IFYB8fHx8fn8uIxOLF8zTaA6klaIFhmgglUQI8beAYQVxyaYzk0Oh0QZrFOKoLR44pZDBCfkE3lG7GdU9ASHKoSeNGc4lIk7A+QSwaJU/C7tpDyAMhDp1oJqLDGIEGjGAOYe3wyZEwTm4DXa+6mq/ccx1GqBuH6wXr1h9k9+p9fPDxfowcA2XGCIUiFHWJEHSLEOE8ruxSxIkGi5pDMQb+zWB++uvb6Nq1K/WNh3n77b/y2msfUfVnlyu6luAYjTQLqGs+Rm3zCfJ7dOWbU+8lEumG51zD1qoTVG3+lLzc7kSjGmGGKLm2Lzd+7nqCZoxwFP5StZWq92s5eEghjS7Ydhcsy6buyG4C+2Mc+ARyLcWBA1GE0Y3cPBtP54I8cx7A+3ZIVqGZ0jfZc1czd7xiQAZBtrQg/h7sF+PF7xhUvWeycL3krhckva8yWHFfrK23ajJncA/js0HoXK1kiz3uuUpy9zaD2cM8CmslL9bBtFFuVnvJntlyJBuXB5i4DboUacb30lTeqijJFSx/STI/Xb7t9HFZsCPviuzGWGY8KgaYsE1SpSTN1QKKFRUnRWNNWT8N1ZLNNVD4iaAKzcx+KR7qIc3CMSrD/s7x8Oit+Cw2x0xe3gYoyc1PZOjhKknVKE6Fh26ho4cJOkdfbrwN+ONWqr89tNV+l/bVg06JPsF16RKnYSSP/HRihn0zbXp0yqPuXGBTPmokLFrEe7tmnLbHbFry7OwEpOIyhvTfxJodm9hRO5aenfCuHfXtZ7i3f/pS7Gs73tc4LeGtzPv6Ayz4JI/Bt/895YMnMrV/Dwo+XsGkJ5edXp4+FyXFN5TRk2dZXdXIhKvbH08NVevYyAh+UNa5cZc/5H4WzNrDrd95jFkj3uSp0cnpz/73SenYf2Tws/+XV9/9FoOH2+xet4wtV3+TxwedRmb2ICbdN4iFc5exsfJRBr/3a57a2ocpj3csJmc7l9NFa8ieKFuereS+BfvIHzKS/zWsjElTJtKzcA+vfn0OSz9Dzj4+Z5psQ4mm2ye4vRvpviDs4+Pj49Me7YVsTrynir+p13cU3vlS/D/kC8A+Pj4+Pj6XE9LA06AVKC++768pJRINEpRUgECLAErksv4vu3l/3060LqG+PkRe4dVYdlfCkQhaSKRRxO69x3j0e6+RazVTcygIVg+k2UzMrefF/95H7h9rOHz0MLV1eRihXFxVRM3BAG+sbqbJ3UrtscNoaRN2BMLM59gJSW2dCw6IaA5ug0VUGTRKm6AIYClNc30DL720hZycg+B2IyCvJhKJcPDwTj497OJ5EMzrgWeE0IEr2X8IjrxeR2DNQdDHMM168vN6IIxDHDvmcOK4wjJcorF6/vBWFYUbj1OQm0eBnQtScvDYIY43RIiFC9FKoBxJIFhIfkFvItEIGzcdZOvm9TQ1CFwnFytQgHYFjtNBmNlsORRg5kYoK1UnPUGDQQBBsKtDRTZRAU2PsmEec4dJpm+yGP+6ZPo7Ji/ekr6OQRM4KtgXg96p9zSjUE8W4ZzPFhJAUP0plKfaHouHmj6zeHz5Cya8IlhZB+VVkpVFirlJ3qEJL+WqjwUV/dreFKs9BKApa7evOi6HOpO522izHy7KYlWGXNN66dYIVgHDr8gshnZ6jKVFU3aDpqRKsGGPQWQPVHyhtZAb7KeZgmDlHpMr9wm4SjE8N6UezVByvUNFlvfXT9dmiIe+nqPg0ds9KtIJ3DWSynclL2+XlH2+/VDqn408brlzIvaKnzPvlTHMv/P0w3/aOfnAHgI9hlKexVaUFxP5xT2AdVTvfpRbB7Y9X/fRXmAkN7bYbRf2gHc3saPhTnp2FJq6aCgPTB9K/T2VPPxgPi/8ehrlHaXJKSAf2BPoQfnwM9vYdW/8nAU7h/KDlc+0DrltZPsQgM8lQ/8xVA56lifm/YyNt01rE6L4JN5OFs9/G0Y/yejT8MjNH/1tnqh4m+8+/TO+OiJezjn7PrnmDu4dPYfvrd7Kd4cV8NavdjL4vh9nEJ07pueXJzLqycf4zdtfo+6PS4iOfpJJ7T2wk/Vctim8Gjbu2EuUtnu214cPA93br1ztCuYv2En5919hfvJevx6sbj+lj89ZIVmw7YyQm25f4NTz7d10T1eWj4+Pj49PJvE3+e9sPX8znW9POE53/GKhPZ8PHx8fHx8fn0sMJQVagEIglEBoEBrQHigHhAumhbBCGHYRx04YfLArSvUHhzlcF0OrIK6rMARoZeLEQri6N0eODaT6wx4cOdGTYH5fcgoHUR/py/YP8/nzZoNP9l+N1n2RoguHDgsOHO7O+7uvZMNmg/Xvxdi2U7D1ry7btjZyoCaM57pYho1qtjGi3bGi12KGS3EaS2ioF2hVxPvVLtv/WsCO97uz9S9dqdnXh4ZjN2IZV2NYVxLxFGElaXTzaXKupebTvrxfXcr29/uxZ08fPthTwId7ohw+EcENaByzAZmj0VYX6sNXUPPplXywqwe79nSlvr47SnfBsrpgBXIxrBzCUQNPFBKNFHD4UICP9kc4chRclYvn2QgRxDByO+yT9hHU7wswbZFkia2Z979O7WtaOEBTCcz//yza9zOW0ErjVZT8jWIMsO9E5lT9+2pKEMxfn/K8oDJYuVZmFBvPBSX9NGNIZ7tkx58M5p2FMoOlikel4OXqAMurYHyZahXOOn4e5v7JYl+qJhi1WPiuoKSXbiVsnk45HBVsAAYUtw7hHdkmWZg2R8GLf0l95lOyaq1kldR8eUDmUODZj7EO6KO4G1j/Z8kqBWP6pTx0kKu4uRiWf2Tw+icw/gbV6uGCsv6KsnRjMSOnbzMYvP7nePjzyuEOFTemeVUoKiUsrDY+W7tkgT38IZ4aC2tmPMzjK2pOO5/8YSMYxU4W/n4T0TNYv7OK18iaP7wEOXdyU7/Ml9lDRzIpp4b585exP7Vrw1v5xQvrsMfeflK4LR35jwxmBfN+tjW7tsgZxCPPPcmoY4u47x/nsiXcwfX5w6gYDdW/WsbGjq49yV5q6jq+an/NJqAPPVsJeVHWvPlStgX5XDL0YMIj93PdgUVMmb6E6oY0lzTsZPGj/8y82hH84Ntjs9mKOw3duGPavzL4wCKeeCE+Z87d90ket94+kujit9m4/g/MPzCSe7/8GfbBLRrLgw/14K3532H+GzaTJoxsv02ynsv9KR9tw5KXePVAyqmGdfz2mZ0d1622ho1A316t7Yuuf5vfdpzax+eckM2N72z3XUz+O92x5M+px/yX//Jf/st/XT6vdP8HOvu/JN3rTPzPu1jwPYB9fHx8fHwuIxQapXXL09QCoTR4LlpotDbQmMScZhrDYQqKTII5xVhYOLE8hFdIQNigNVo1YaBxVQxlmHxt0rf48pdu58c/+U9eWfoi0i4kL5SHFQzhumEibhiTJkK2Jj+3ABmQ7PjgMBEvTPE11xBuPoagGU0zSueDKgClkNQjjOMIM/60uCFsLKOIkG0io4qocwzPrcdzGmg4blFyxdUYsVzCqgHDjOHg4oh6jAITmxgq6hKLKkRuGCvfQrkarQy0BlcppNBoJFKYeFYznuliIEAH0KoIrYMgDJQQCGGiMRDCAhUEJFpaaADTAq1BdG6ptXm7RTNAk6DqU8GOXYKFzdC7WLFhskNZsltJvsOjtwWoWG0wZL5kZrmiJADEBDt2Cqp6eTz3RRcwmPPjAAfLFONb9qfdV2WwEJg5OLMQFvy8x7wNJnevNbnrkOSBgZpgTLBxo6S6u2Y853FBXOIy8/MBbt5mMOZ5wbSbNYUIdrwrMzgnGQAAIABJREFUWV4Q9yZNGwo5A/v2WaxK4whder0Tb1OAgMtdnze4+V3Jwahm2uCUBAGH6RMkq34nqZhnM/2LigG5EDkqWfiOYLmlWXV3rGOv6Y7K6a2olAZzVga4sileRv0eycyjMBbSiMCawo9Nxi6WTC3TBBFUrZVMr4OJt3mMae/ud9ZjrCObFBW9DO7aJUBqZrbZCNql/HoT1sf77bm+KXn2c5lXGqBircnYPZIpw3S8HZsEq6olXW6OMLWVF9dnsLnWYOGnUDFMZd6vOuAytr/BnGrJ6w0w/vRUlSzJY9QPf88z9sM8/Og4Xn16BBPuHErpjQPofnwHm7dvYukr6wAbuz2vuKKxPDJrBeNmPMCtuybzyD0j6GkD0Rqq33mb7YO+z1PjTnNP2jPE4Q/fZeP6YiDK/p2b2PDaS7y202LUk/dn3P8XAHso331uMhu/Potxd29i6jfupLQIorXreOHpRWzsMpnF308SevpM5Eez3mHcjEpu3XmqLaK17/LK9r48+thY2mxrffVYnnkxypSvzGLSPbD4t9MYnMnjkjzu+PYMXvnKLO4bs4PKb0/mthK7xa53eLN6EE/MOVVG8bV9sFnE/J8vo/i2YrbUFfDAuPQxbktvuhObRTzx/xYzZeIAiqljy8Kn2VX0RaD9faCpXcGU8bM4fN8CFj8wqNN7qPpceNiDHuKFn8Z44DtzmPCln3PruDu59aZhXMceNrz3DktfWUcdg5j6i6dae4x3lj538sgDLzFpwb+zcNRSHuh/7r5P8kdOZFLOwzz1VDFMmpF5v94siYeVnsOWPg/xo2EdzYLs5/Lge2dw60uP8fhXKtk9/ZvcVmLHv4Oe3UvphKGwqIOi+g9jQs7zLHzyO1wxZSKlRVC39efM2VPMLcBbn81sH5+0CNHWwzbdsdTjZ/umeKZ6+fj4+Pj4pP4/SHxOfk/9u7OvTGW1d/xC/j/lC8A+Pj4+Pj6XEZ5UaAOQEqQRX+CgARetYwgs7FCAoq75hJvrOd7QiBYCU5uY2iTqRQnYmryQIObGsC1F/xsGUHHblzh8pJlwvUOoSzFdcrtx5FADaA8hTQKBAlzVwMGa/fQaWs7hg82Y+d0YNfx2/n7cKCKx48x+6gnqjx9Bu0G0MpHEQ5UIAwxaFlQanGgjR46GKSjIwTC7YlsCHdQ01oepb4jEBV0rgCFMhBQ4nkt9UwOu9nCViWmaCCsHpU2ENJFaxdtAK7QSaBVAYSCkRkmBQOA5CuFJtI63l4AW+dNEIVAIEAIhBQLQQqGFB3QmbJlg2sunFJySANxcoll4s8vE/umEWk3vWxw2FpnMXi159DWDWqB3CCp6K6bc6J28rvx6zZxtkvl/iTdqRYlm/j87jClpr34u4+/XrHrdZPY2yV07oXdIU3mLy/y+ksrq87nAVZSNj7H5Kot5ayV3vwwlAc1dn/d48cswv7pz8SEXbjJYuCn1qGbhFJiYvFdtqaKsSrLvhlOhuJMJ9o+y8p8tFrxqsOAtgx2qpV5lHtUjHXpnpbh0UE7AYfpkQWS5ZPYbBrUSJvb3ePleWDI7vd0P3udybLnBvy2X7FAwoEgz9y43aYxkrkt2Y6wjPIaXmvCJgL6qzb65AL0HKCrWS1bZiiFtHLwU5Xc5bO5lnuxvgAG5mooBHpVplNrTtXnfXyUrgedubE/Y1pSXKcqqJb/dYjI+Qxj1M4bRg1GzlrLmrmX84pdLWLtkLouPA+Rx3cBSyifP4N6v3sngDsK79rzzGd4sWcSc+b/iiYcXxT35+vSn/LaJfGP4+RV/AaoXPcZ9J0WS/5+9O4+Tq67z/f/6nqX2pau3dCfdCUkgQAKBhESWYFBAQAWBcblcx/k5zm/uD0cHR+cqOs5c9Tqj4+A+uDEKAy6MCw4ioIKQYZnIFgMEwhLI3kk66b2rqqvqLN/v74/T1XSaDumEkIV8nlqPqjpbnTqt6e569+fzyTD33Pfw5X/6X7z9+L3PLY0v+hi33LGUG7/2bW74v1fSOwLxaQs5/y/+lbvfczYdE8LasWtx46+45iM/okic5uOXcfH/etueKwKnX8Y3v7uN9/7V9Xzg/TH+/aYP7zkEnn4Z37ttBjf+67e54Usf4cYRoGE2Jy4+m/f+xRt2D5gXfYib/3YjV37v83zg5gynfuomrtzT+zzzo9zyefg/3/4On7iyRnza2fzPv7+RL+d/zp2/3etlEq9DzWd/jF/+/m3c+cMfcsvdP+OffnY9EKf5+IWc/sF/5YPvPJu5r/qPVOKc+oGP8d4ffYRv/uPPOP+m/8Hcg/XvSXwp7/xAMzd/u5f3fuoA/OHCaFvp5vP2NL94gqn+f3naW/neHc3c+PX6dhnmnns5H/zOlzl97Sf20KFjnPhSPvGjz8A/fZtvfnIFtVQTy9/zWW7+Yo6bfyv/5xaHxr4ExOPXH4jXqh9HWkALIYSAvYeu+xoAv5rXOtIoc5h+N92wYQNz5sw5KK911dWfOSivI4QQh9qlFyzntrsfONSnccBde83nD/prHszvU/tq+/btNDY2TrqudfFp5PMFmnIzqJVttm17DkuVMHigExgTxygLPzTYjsFxQwweuhZH12LEHMWM9jTt7Q3kcnlmHXMsbzr3EpLpdtat7+Kmf/83/rj6IRoamnHjKbxKlWqlRCadJJPUBP4w06a10V8MuPgd76ahoYH+gT4uufRSPv53n6CndycEIyhdQQU2SrtYOoYyNkbbBAxT8wcITEAi2UAu00Im00AmmaNjehtebQTXAScGdgysmIuxYwwXR+gfqOL5FolEjFQ6RuBXcVWAjY/SNQhrGGMw2kERlX0aowANYRVlfIwJQAXjfmi00FqjQ0BplAoxOiTmuChj0Frzw5/8HNd1D9rX/6DYFeOKf7NIvNnnxmVTDQEPEu3yuS/a3HhyyKZL/UN9NkLskTGGIAhef/8+CCFeFfm3YXfPXncJ77z1Mn555/+73/N/hXi96e/vZ/r0V1PaH5nsI+Hxy+qPx9+bsW5Suz+feHul7Sc79iud01TOWwghxJFvf9ozT7UKeOLzyULhyZ5PfM3XMiAeHn6FOW37SSqAhRBCiKOIxoA17occA4YQdIDGRxkX27KwEzE8v8rwcAk3ZjFz2iwWn3QWSxcvoNCg8Gs9vPjiCzRlNctOn8umrgFWPXo7paGtNGWTBP4gvhnCsqAhb6HCfvxKSCbp0LdzI8svuIBZc+KseWINzz63kUsuezvl6jDlWhEr8LFNSAxDzDLYdoA1Wm8779jpXPGnf4XlOvi+g+UkaSpkScQtVj3yKDu2VejvGaRUBIxLPGWjEhrPGyLQZQIDIXEwaWwFNnGc0EGFYLTCwqCIyhMDVSK0yugQLCsVVRYrH6wAw+hfqms1WgEMxvjYBITGxzI+mJBQvz4/nBjapLgN+FL7YRb+AmxQ/A64fPrEQbxCCCGEOKLUHuOX/76NUz92kYS/QrwGXk2V74FqCb0/1b9HciWWEEKI/fNqq4AnPp+s5fPrsTpYAmAhhBDiKKK1xoQaY0IMo/dGg9ZoNAqPwPeplUvEUwnecu55XHTRBcyZeTxbXtzBf/78J2zcsJogGKQhl+SM05fwx0fvp294hEce+h27dgyAiVMqD2LHDG5MoQOLpOuQSiaJOTA0XOTtb3sTt911B1s393Px2y9n4/rnwHg4NigUTuhiWwbb0jgqxOBj8KnUXLZ2vUhg4J5772f6jNm8YekCPG+QH/3kRxQHayTcBkyYQtdiJLIxmmYkSGUtlBVi2QFB4BKEHjEngRXagAvGRhHHQmHsEAhB+WhVIjQWSiVAJzEEoEIs6uGiAgxKWxhj0CZAax9tNEYHaD1Jr9sjXc3lew8qSGretMchqYeIdvjZf1k8aRk+d8JhGE4LIYQQYsqKK37GzSPn8uULXzYbQAhxENTD2Yn39XWw70HwVI61p+NJ5a8QQhwd9jWI3VPF7t4qfMcv29uxjlQSAAshhBBHkbSTwVRCVNbHdQx+UKVaLBHPZojHEyhjYVkWx86dzVe+cg3bt2/nN7+5ky994Yv0bNkGyvDP//JFlixZTOcxnaTSWQYHB0mXynz0f3+aYrGEUjaWZVGrVVi96jEeeughqtUqnkriukne877LqdWS7NhYYnrrTBaecALf/u53yLsOgVKj84nBhAHpZIpqpYzjJPADRaVkGO7zGRgYYsu6HZx39ttozHTw5S//BDc+g0zOx6tpbDeGm0ngm4DQJBkuapSKEZoAy3LIJnLEU3lsK0apNII2Ic3NrXR1dZGMJwAHZTVh2Q14YY3ewRJaD1IdKWK0R0tjgabGRgb7+0nGEiRTLoFnURyuEY8l8Soeyigc50guV3H55rcsBuYazphpSABD3Rb/8ZjiNm34+hXBpLNcDw6H226yeajBcOaxhjxQ7be4bZXixjJ88K0hF73qmYdCCCGEOPjWcOf1w2QzK/jm11ew/LO38/aGQ31OQojx9hTejv+QfPzzyap8J4bAE4+1p9cVQghx9HqlCtw9hbp7C4Nf6divBxIACyGEEEcRr1wjXUhhKwsvqGBZUGhtB2BkZATXdTnttEW8733v45tf+zoPPfQQpXKReDxOtrmB0nCR//zVr7ntzt/wxnPO4Zw3v5muri6uv/56tm3tGvtF3vd9lI4eW5ZFPteA7/uUKhXecuHbuOuuu/CrAdOaWxns7+W5Z9eSSqVIui5haFGtVjFhgDGGeDxOPB6nVDL4lYCgaqhWfBadsohUIs2m9VvYtXOIdBZc10UbK6po1jW01mzcvJlsNkoDa7UanuexddMOlFIcM2c2LS0tKFexqWsD+XwB3/ep1WoUi0V6+/sZKQ1jWRZxN4ZXq5CKJ4glctQ8TTqVQ5mQcrlCWKuQjKeolIpYdvSDZOgfyW2IDad0wvees7jxj7ATmBaDtx6nue/NAac3Hsr3pjnmWJvfrbL41FOwCcCBS9s1t14RctHh2JpaCCGEEFPy4vc/wnU0sfyD/8E33ynVv0IcbBMD3smqgCcLfieGwK903PHL6vtOXDaRVAALIcTR4UDNAp54P5XHk91P9ZwORxIACyGEEEeReDxOIpHAcRy01nieN/aLeiKRoKOjg87OTrq6urjnnnvwfZ90JoXjOARBQC6XY9WqVZx8ykIaGxpIJRKUi0WefPxxGhsaiMfjBEEAOkRZFq5tR8t8jzAImDVrFo35PGvXrGH5G8+mqbGJ//zlLTTm83hhQDyeoFKpRIFrPEUsFmOkXBz7sCCfzzN79mx+fecdfOhDH6I8UmXFihUYY4jFYmitcVwbpRS1WpWBgQFSqRQDPT1j79tWCkVIOpWmONhPcbAfx3HJZDL07drBwMAAlVoV3/fRWmMpQ7VSJvRqJNwYmWwa27aplMvEHBtbGZSKXt9SBq01yVQC245F1+KIFfCmSwPedKhPY1KaU5bV+O6yQ30eQgghhDiwFvI3D6/mbw71aQhxlNjbzN/Jtn2lEHh/X1dm/wohhJiKfZkFPPF+qstezbkcbiQAFkIIIY4ihUKBarVKuVyOKnPzeYwxGGMolUqsXbuW4aEB4vE4X//613nkkUe47/7/oru7m0wmw0ipjPF9TjrpJBYvXoxfq3HHr3+Na9sMDw8TBAGZTIampiZGSmWGh4fJ5/PEHZdpbS0sXXwaIyMjvOtP3kkQBKz64ypWr15NW3s7A8ND2HYU3tbvPc9Da43WmkQiQTabpVar0dDQQHNzM0+uuI/HHnkELJuRqsfxxx9PsVxicHAQHfjkMmlaWloIgoBSqcRIqUgYhmTzOYYG+thVq5FIJGhsbCQZdwgCzeaNG6gWi2DbJFIpCoUC2XSacnmE5ulNTGtpZaCvh4ZcFsuC0POxgVgsRhhUURYEQUAYRmGwEEIIIYQQQhxJJqsCHv94TyHwvlQBy+xfIYQQr2R/ZwGPf7yvgfArHetIJAGwEEIIcRRJpVJUKpWoRbNSaK0Jw5BcLkc2m6Vajapmb7jhBtpaWvnLv/xL3nLB+axYsYJ//8EPaGxqJgxD5h07l5amRh555BEeWvnffPzjH2fp0qU8/vjj3H333Tz99NOUhof59Kc/zfLly0nE4mzatInt27dzwvHHUS4N8/yzz3H8cccyo72NW2/7NUopkskklmUxNDREcWgAHfg0NTYQi8VIpVI0NzdjWRZnn302PT09nHXWWVx22WXM6JzJ5q3b+Na3vsWWLVsYGRog25Bj9qxOdu7cied5lMtlZsyYwTnnnENbWxvf/e53ceIxZnZ20NDQQLVa5ZRTTuL6677DE088QW9vL/F4nKuvvppaaYSrrv4k7/qTy4m7Lvf/1wpW3Pt7Zs+cDSZkqK+XwYE+PK9KLBajVqsQj7vkcrlD/SUXQgghhBBCiD2aShXwnto370/1776+/pH8wbsQQojXxqupBJ7sfm/H3p9tDgcSAAshhBBHkc2bN5PL5cjn8/i+jzEGy7IYGRmhUqmgtca2wHEcfN/nH//xH5kzdzbnn38+X/jSl/jm179BLBajqamJe+65h1/96lecf/75vO1tb2PlypV0dnbyrne9i8Wnnsqll16K67pce+21/PGxVSxdupRPfepTY8FzLBZjzZo1rF27lgULTqSto5OhoSH6+/uxLIuYY1Epl1BKMTQ0RENDA62trRSLRd7xjndw7bXXsuCkhZx66qmk02mOP/54Ghoa+OhHP8qCBSey5onV/MuXvkTnzJkcc8wxLD1tCWeeeSbHzZuL1prOjun84mc/Z+PGjTgK5s+fz4c/eCV/fOwRkskkZyw9jf6eXhYtPJm3XfIOzlz2RmxlePDB+/n5L35KOpnksksvoXt7Fw/cdz89u3wKuTwXvfVCdu7cwdq1T7Ft27ZD/SUXQgghhBBCiH22p2B2X2YET/W4U2kBLYQQQuzp+8veZgJPtmwqVb5HStC7JxIACyGEEEcRpRSu66K1plqN5txmMhksyxprtezYCt/3GRwcZNq0aZRKJW6//XY6Ojp497vfzfr163Fdl8cee4z+/n7+/M//nMcff5zTTjuNtWvX8thjj2GMoVwus379etrb21m+fDkLFiygubmZrq4uuru72bZtGy0tLVx88cV4gc9jjz9BV1cXnueRSCRIJWK7zSmeNm0ac+bMYfPmzViWRUtLCx0dHfT19XH3PffyP//0z/irv/orHnvsMQYHBzlt0WIuu/QyOjo6WLZsGSeeeCKD/QM8/IeHaGlpYelpp/Hs2rW0tbSwdOlSli5dyqYNL9BSaODOO+8kkUiwbNkyZrS3cvayM9m46UVeWLeOwcFBTl+6lEI+C6HmmafXUi4Nc/bZZzHnmFn09/bx9Jqn2LajC8eRH7WEEEIIIYQQh7ephr3Aq279vLfXG08CYSGEOLrtTzXuVFo5TyUEfj2EwvKppBBCCHEUicfjY3MuXNcllUqhtaZSqeB5HmEYokMf13X58Ic/TFtbG/c/cB/PPPMM2WyWk046iS1bttA3MEi5UqWnr5+777mXCy64gFv+81buv/9+XnzxRQr5BuLxJCeffDIKm7XPPEepXOEtF1zEDf9+ExhDtVqlWCwyMDDAju5uduzaCUA+n8d1XZRSxONxfC8KqmOxGNOnT8cYwx//+EdaW1sZGBjg2Wef5Y+PP8FwaYRt27bx4IMP0tbSypvOeSPz5s2jq6uLp556inQyhTGGZ599lm984xt86MorOXn+ArZksmzc8CKuY5FOxnn88cfpaJvGggULaGjIc9qiU9m8aT3pVIZCPs+G9evYvGEjnW3TOfO00zj/vDezbduxbN20mfvvv5/u7duoVCrYti0BsBBCCCGEEOKI9kotmvc0C/iVHk/2XAghhJjMVL9XvJoQ+NW87uFOPpUUQgghjiLGGIIgwPd9tNZjy7TWYzN4zzrzTfzd3/0dG154ka9+9av09O7iggsu4IwzzuCzn/0sJ598MrFYDMdxKJZH+MPDj3DfAw/Su3Mnncccw7wTTmRgYIC77v49d//+HmKui+M4LGlrQyvFDTfdRMx2yGazJJNJbNum6ntkMlkGBwcwxpDJZIi7Nj07u9GhT61WQ2tNc3MzLS0tfOJTn2TXrl0MF8uUy2WcWJz+weGohbVts7O3h5/c/FP6+naB1jS3tHLDDTdQq1QBmDmrg+uu+zdc18G2LKrVERxlcfUnP875557Hfffdx6pVqzjllFN45KGHePBrX+WkU06lODjEC8+vo3NGO//7K18mn81ww/XX8+B9/4VlK2zbJpWIk8vlMEoTBMGh/HILIYQQQgghxJRMJeitPwZe1gZ64ro9hb/7ek5CCCHE3kx1JvC+rpvK6xzOJAAWQgghjiKO44zN4A2CgCAIUErhOA6ZTIZ8Pk8ikeDRRx/l5h/9mGXLlnHKqQvZsWMH3//+9/F9n2eeeYb5Jy2gXKliOzHcWIIgNJx48ikMDQ2xafNWbNsGY0gkEpSqNWZ1tNLS2kb3zh6CQOO4NhoLjYVtOcRi0NvbO9aOeteuXSgTUqvVaCzk0VqTz+dpaWlh3bp1pFIpTjjhBFqnteM4Djt7etm0pYt169Zh2w62baO1JldopjGfp1QqEYvFSSRSlMtldmzfyZy5xxDUPBzb4rTTFnHem97M2rVr+fzn/i+B5/POd76TbDqD1poli09D2RYNM6Zz0fnnccEFF7DhxReY2dlJeXgoqk5ub6NSqQBRK20/9KRlmRBCCCGEEOKIMdUQeOLzyULh+vMj7cNyIYQQR559nQ081edTXXe4kgBYvKbOvfLTXD43QWX9XVx93cpDfTpCCHHUsywL13WJxWKEYQhAGIaEYUilUsEYw8BAVIV76aWXsnXrVq6//nq2bNkyVjkchiG/+93viKVStE6fQbFYJAhCunf1ABBPpsaCZrQBpQk0PPv8C2zYtIV4KkM2lyPuumjAC0LAkM3lGBzoxxhDLpcj5sY4/fTTOWZWJ9lslkWLFhEEAX19fSxatIhyuczQcImuri529vRSLFeYNm0atZpHtVpFh6CwMcohmUxhAM8PUMomk80yODBMx/TpnHHGG5jW2sKvbr+DR/6wknwux9wFxzBz5kw8z2NkZIREKoWyLZqbm5kxYwbl4jBf+ud/5pprvkQ2myUMQwYHB4nFYlSrUftnLINlWYfsay2EEEIIIYQQ+2pfQ2CYPPgd/7xuT8v3l/zBrRBCHNkOdKi6v0Hw3s7lSAx/QQLgw1IymaAy2qJyqi7+689w4UwHtq/kqm/ctYetCrz34x/jzFZeOZBd/D6+cMU8cvTw0L9cy819c3jv376PM9schp+7i7+/QYJcIYQ4UvX391MoFEgmk7u1fnYcB601pVKJJ598khdeeIEdXdtoamoCZQjDENu2UbEY6XSanp4eaoHBTWdJp9ME5TJaKeJuDNu28TyPYnGYXC5HEBq2bt/Bzp5ePM/DDzU1P0CNVuoqpYg5LkpFgWn9hyrbtikUCvT397Njxw6effZZ/GqNbdu20TvQj2VZGKLtle0wMDhMNpvFdhzcWALbiWYeOzGXVC5HeaSIN+xh2TaJRALf93nzeefhWBZ3/ua3rHv+ObLZPIlkgpnHzKLQ1Miu3h4Czyd0a+gAikMDDA8PMqPjDXzjG19jeGCQ8kiJeMzF931s28ayrGjWsi0fSAghhBBCCCGOPPsSAteXwYENfqfyu9SR+oG8EEKIqduff+unGgRP5TWO5O81EgAfZjqmt/GRK/+CX97+Wx5Z9fiU97tjcw8XzmyH5plcDNwx6VZvoLM5epRsnc0SVrJqkq3mzW8hBzDQw6q+fX0Hh59551zGhUvn0zZ0P3//fQmvhRBHt/EzacMwxPd9YrEYiUQCAM/zCAOPWq1GU2vLaChcxrZtmgppbNtm+/btJNNpEqk0noFKzcN2Y9RqNRQBeB5BzSOdjFMpDpNIJPCqVSqlIolEAltBrTKChcG2XUKjCV0HZfwoMA4CqtURYk6G3/zmN8TiDmhDPB4nlUqNhdGWZWE7MbSOAuV8Ps/IyAjJZJJcLsdI1aNULtMybRom9BkZGcELA7KpFJVKmSuuuIL26dNY+cADPP3UGpLJJMlkEq1Djpt3AqlUhgcfXEk6nY6qedF0d2/nd7/bwZonH6c0XCQIfALPw7btsRA9Oh8PXdOEhIfqSy2EEEIIIYQQ+21vITC8PKQd/yH5ZJXCE71SyHskf+AuhBDi4JjK94pXE+4e6d+LJAB+jV17zedfcf1VV39m7HE9/E0mE7zvPZcDTD0Evn0DXcva6Yi1MPuNwIOTbHPBTKbVO1FmWzj1OFj1wsSNCixpKwAwvOMZ1gGwgZu/9nluntqZHHY6TpjPvNYEleKhPhMhhDj0UqkUrutG4alt47pxXDeGUvZoNbCNsmIEYfSLuDGKeCITtYYejlpEu4ksXmggVBBPobUmZinS6SxOGOJXR0DXMKWAnONg1UrEQg/fGFTVoyXhYrCo1UbwdYjtuFgqTiKRQJsA13ZxHIcgCEin05TL5aiqVtkYLEIdEoSGarmM49RIJpPE43FKpRLVkRJ+rUI8lceKJbHdGE8//TSurXBscG1DuVwhmXB40xuX8PjqVfTu3EznjCaMUYCiqbGdQqGJjZu28tvf/Z5jjplFLA5h6KO1xrZtent7Mcbg+9GcX8dxsF07qqpWDtqAQeE4iUP7BRdCCCGEEEKI/fRKIXB9PUwe5O4pDN7TNkIIIcSBciCC3dfD9ygJgA8T48Pfun0LgR9la+8yOloTtM1dCA+uedkWFx7bjktApeKQTBaYtqgALwxM2KpeJVyle/3LjyGEEPur/gcx4//wRRx8Stm73cDCGDV2AwswgIlaK4/+rKO1Hp0ZHP3ibimFBkwYYFsWWmuq5QrGq6KCGnEF6WScTCKGpRTJWAPxeJIQw9BwkfJIFcuy0MolNFCtVLAtxip7Taip1TxqNQ+wcN048Xhf8merAAAgAElEQVSSeDyJ68bJZHLE43EaGxuZNm0ahUJh7MOJRCpJOtdEOtdEPB5naLCPRMwhlXRIJRyUCdi5fSsL5p+A71WY1tJMPB5Hh4aWlmmccPxJ7NzZSzqd4Stf/hqh9imW+oGAMAwpl8v09/fT399PsVhkZGSESqVCteaNXrOopbYxBmXZh+CrLIQQQgghhBAHxt5C4Po2dXsLgycjo3OEEELsiwPZFvpAHf9wJAHwYWCy8Ldu6iHwAKu6BziztUCufT7zWDNavVu3jHnTHKCHdesdTjmpQFPrYuDe3Q/zxnaaLMDrYeNkVcRCCCGOaPWAcrKZTPWZwPW5wPV5vPV1ux3DsjA6RAdVtIIwDAhrVRwdkI45FNJpcqkECcfGsW20DvBqFWpegA7CKPz1A6q+R80P0FqTzaZpaGigqamJxsZG8vk82WyWXC5HPp8nk8mQTCZxXZdKpcLw8DAjIyPUajVGRkbo7e2lXC6jbAsv3EjFi2YKDw/1gw7QYRVbhcRjNum4w+w5s3ho5R94+umnqZZHSKfTfPCDH+Lhhx/m8SefZvPmzdi2Szabxo1BMuWSSqVIp9Mcd8LxtLa24rou3d3dPPfcczz//PPs3LkzqrBWoCwL/fr4eVEIIYQQQghxFJtKCDx+27r92UcIIYQ4UF7roPhwJwHwIfZK4W/dVEPgdc/0MLywQK7QwpImWDd+fu/i2bQlgYEeHnjaYfZJBXItnZwLrBi32ZK5rSQBerfsNkf43Cs/zeVzE3Sv+gxf+PmEF25ayOWXnsOZx7aQHP1flF/uYd2quyaE0FPb78l7bmHrSR/g8rkJKuvv4urrJs7tLbDkkrdz4eI5tKVHdwyqdL/4R+667a6xucX1c65Lzr2Qa6+5EGDCcdtZfsVlXHhiC7n6ieiASu8z/O4rt+x2fYQQ4kg3Wfi7J/Vf1uv3u/3SrzQmiCpiUQYThKjQJx5zySfjFLJpsskElg7xPI/S4BADQ8NUfY9EJktjSwvHtXXQNqODjs6ZTGtrJZ1Okk6nSSaTGGMoFot0d3ezdetWnnrqKbq7uykWi2itgZfmGVuWhTEmagFdrWI5NiM1TdWHxsZGwqCGDjxsy5BNu2TSKQK/wnXf+z7nnXsub3xjgdpIhbPOOpt0OstP/uM6nn1mHcViES8IaW1tJpmwGakM4/s+8XicXC43NjO4o6OD4447jhkzZnDTTTehlMJ13ZcF50IIIYQQQghxpHqlds9722c8+R1JCCHEa+HVBrevp+C3TgLgQ+yd73jbK4a/L233VtasfZZKpbrnjVY/w9a3z2NBtoXOs4DbX1o1b34LOUbn+q7O0n3pPHLJVuYthhWr61vN4dT2DADd2x+d2htoWsZVH7qQeVmi0HRggKGaQ765hQXnvIu2iR2mx+/31xcyL/3y/ZZc+gE6+vawH/N490ffxfLpidH9eqL9Wgu0nbCM989oIfePP2YFMNzbQ3c6gZttoSkNlAfoLkZhQaW3OHa89378Cs5sdUBX6esewLeS5BszJFvbaZvaVRBCiCNGvcJ34i/d4yuD69W/9QCzfttteaixFTiOAq2xHYjHE2SSMVJxB79aYtdADyPlMrM6Z7LsrDM4eeGpnLhwIa3T2tGWxVC5yo6eXrq2bWdb1zaefe5p1q9fz6ZNmyj394NSqHic9vZ2GhoaiMfjABSLRZRShGE4Nn+33nIZog8UCoUC8XSOIAgoDtUASCQS5HJZGvJZdOgxNFRm5R8eZumSxcyddzwPrnyIO+64g/7BIZKJDI3NTTixBChNpVrGYJFMZUgkEoQatm3vZmRkhB3duyiWogriUIMfaCwvGKuoFkIIIYQQQojXi/0JgifbXwghhDgcvJ6/L0kAfIj920038zcf/AtmtO85aqxUq/zr92545fAXgNWs23URC7IJps06j5faOxdY0lZg/FzfjT3nMW9mhrb5c2D1htHtFjKtADDAzsf3lNyOV+DyPzuPeVnw+57hVz/4KQ+MBbftXPgXf8aFJ2T2vF96D/td+QEunjt5KH7mn18Whb/lDdxx/Y3c1TW6omkh7//AZSxpncd5f76YFTeuZtUvv88qXqoErnQ/yhcmVhNfcA5LWh0obuAX37lx3HkUWHLJG8hN4SoIIcSRZLKq1MnCX6XU2Nzfevhr2zbGGMIwJAgCdFhDhT4OhlQiTmM+xfTWFo6ZPp3j5s5m/vHHc0znTIIgYHi4yI6dPaz4/d08/dzzrN+8lZ19gwyWylRrHlprUukkoLEsi0Jb21ioW61WGRgYIJOJwtd8Pk8QBIyMjIxVAbuuG83x1RrbiVHxQwb7B/B9H2VCkvE4lmVFVcIjFdKpBJYxbNq0hWeeeYbqSAXHiVFoaqS5tQ3bdgjDkNJQP2EYEovbxB0HYxQjI1W01jhOjMbGFL4fsmrVanzfx3EcwtDgecFY2C6EEEIIIYQQrzevNggWQgghDqXXc/BbJwHwIVapVPnm927YYwhcD3+7tndP6XgrNvZw8dxO3KZOlgMPAPAGOpvZba7vHZt7uHBmO01tC2liA30AF7TQBFDs4YkXpvBii9/OkukO6B08tFuIC7CDu274FZ1/9z5OKezjftfdMvl+XMjyEzLAAE/+Ylz4C9C3hpvuW8i898wj1zmfJaxm1RTeAg0JXIDijgnnMcCq2++ayhGEEOOcvmQRMJW55QdmP7HvXNfFtu2xH3Im+6W9HvYWi0WSySQAvu/j+z6WZVGr1SgU8szunMesjmm0NjUyd9Yspk9rJWZbVIeG2LVzB48+9DD3/f5eXnzxxah9c6VC1Q+w3ATKiRN3bAq5LH4IRkGogwnzh20gCqw9L6BcrhCGhlgshtZg2y627eI4DrbtAlGFs1+tUqn6eJ6H67q4tovCoDTYMZdkIknMdamUixhjSKez5HNNAFS8GrGEQ6UW/dFVKpMmCHyMCfFCjdIG27axHJcgDCmXymPXNZGO43keoTYEfhCF5BIACyGEEEIIIV7HJn6ALoGwEEKIw9HREPhOJAHwYWBPIfC+hr8A3L2Fned20pEuMO84eOAF4IKZTLPYfa7vH3bQ/cZ22prbWQ7cCpw7uwUXGN66ZkrhadO8qK2037WOX0zasnkdG/qrnFJIHJD9xt7Hro3c+swku63aQd9l88hlC8yDqQXAGwYYXtJCbvpp/P0VJX7x+5W7z04WQkxZY6FhbGY5TD3MPX3JorH9Xli/kf6Bwdfk/EQknU4Tj8d3C4HDMByrVtVa4/tReFpvs1ypVNBa09bWxumnn86JJ57IscfOIZNwGertZv3zz7FixQqG+/vwRsrYWuMoMGFAWPOwLAvbtsmm0yQM+AYCbAJjsIlaSgdmNPhVo1XGgSYM9GhVsoXCwqv56NCgQ/PScqUwGvxxLZc1L7WtDoIAZQyubaG1oVYN8GtFihiMCbFssAMb2w6xXQfLcQiCEEbnHZdrVSyiltfR9TKEOgSiymhGz7fmBdS8AKXUWFWyBMBCCCGEEEKIo834D9glDBZCCHEoHY2h73gSAL/Grrr6M1PabmIIvF/hLwCPsrV3GR2tBaYtKsALA2PB7m5zffvWsHNgMW2FFmZfANy9kHmtCca3id6bU/JRVdjw4MZ9OsP93W+sWrd1MZ+7ZvG+7bsnq+7krhNauGxhgbbFF3LVqecxvH0dDz1wF3c8MZU22EKIuv6BQX7881t533suHwt09xYCjw9/f/zzWyX8PQjqbZ4hCn593x9bVg8rHcchm80SBAENDQ1cfvnlXHLJJUybNo2NGzfy8MMP88Mf/pDn166hONiHMhpXQSaRIJtKko47OK6DjY3lutEv/VoDCg1gIMpSLTSaEI1lQDlOFPyOtp2un69lWQCjlcAevu+PtXyut4kevw9WtI/jOFij7zsMQ3QQhb4YjdYBaINSUUWvG48RT7g4blRRbCyFNppAh5gwBMAe1ya7/lr1ecr1+/q51K+nfOAhhBBCCCGEOFpN9sG7/I4khBDitXC0h72TkQD4MFIPgf+/97+XX/76N/sR/gIMcNeWHs5sbaFt+huAEgumJ3j5XN8NPLGjxCmFDG2zl0FTO21ZdmsTPWXB/gWlvrdh7xtNpjxAdzF4hQ16mHoR7wAP/PjrPNBxOu99+xs4dXYLuY75XPjeeZx56r187caV+3AsIUQ98J1KCDwx/JX2zwdHsVgEwLbt3eb71pdBFGqWSiVc12XTpk3ccMMN3HLLLZTLZXq2bMFKp9Ghj20rYraLCQKqYYDlBcTdkFQihm3FsZSP54egTdTjGYONwlgKB4VWBpvopjGEgQHUWKgLjFXx1kNWpdTonN2QWq0WVfiO+wGvXhEchhplDPWPFgyGaCsLjInuMYRhgNYhmhoaQ9wYQgzKVmOVyRiNUlYUXDN6U1HlcmhAazN602PV1JZlSfWvEEIIIYQQQkwgH9ALIYQQB4cEwK+xa6/5/Cuur1cIT9zukx/90KTbTUXf4z30LWmhqXkmFy+u0JZk0rm+q9bv4j3zMyRbZ7PkrGw0/3d8m+i9CEY/107l5wMrp3x+9f3yhWX7tB+V0dC3uJEvfO1XU99vKroe4ebrHuFm2jnz0ou5fFknufnn8ZdvX8m/3HlgX0qI17uphMAS/h461WqVeDyOMealKtnRCtt6xapt28RiMWq1GolEglqtRm9vLwCZlpbRbVKEYRTOOrEYymiMAk9b1HxDzNE4xsJgYZRGj1bHah1FsRqFMgpbgaMAyyY0UQA81sp5NFCtzySOxWJjIXW9etnzXmoxbVlRKKsxBHo09FX2JFfBAqPBgGPHibJdTRgaakGIY4GlouMpFMa2sLCwR1tOTzbjSj7EEEIIIYQQQgghhBBCHC6svW8ijjgvPEN3EYi1MO+MaN5uZdfGl8/EfXAr3R6QLbB8dgswoU30XjywuQcfSHbO5+KmSTZoOo9TOxMvW/xAd1QxnOycz4WTHXgP+/HcaGVvazvvnuz1DogdPHTb9/nd+irg0NSx7LV6ISFe1x5Z9Tg//vmtQBQEn75k0dg6CX8PrXqYWr+Nb69sxkJaTbVapVqtkkgkSKVSxGKxsW2r1SphlJ8SaoNWDsp20Cj8QOMHhiAcDV9tB23UWJgbBAFB4KEDH0KNRXQ+jmONtnSOoZSNMQqwcN04iUSKRCKF68axLAetGbsZo9AawtCM3aLlZsJ7AqNVdDMm2g8FlgIVBdWB1oRao0evk7IsrNFrFF0rB8tysG0X23bHnluWA1goZY/dxj8XQgghhBBCCCGEEEKIg0kC4NelNazbVQUSdEzPAgHdGyertL2Xjb0AWdqaHF7eJnov7n6GjRUg1snyP3s7S8aHsk0Lef8HljE7Nsl+t69h3eh+5310H/Z74V6e3B6A1c6Zf3kFyzsmrG9ayOVXfoy/fefui1cMRO1Okw3tzJuwy5JL3sW7l7RPWFogH4+K40eKOyY5ESHEVEwMgesk/D20LNtGWRYohTYmCjxHWyVbth3NwHVdLNsmm8thiALfSqUSVfuOzgeGqGLYjrlYjo3Gwgs0XhDiaUNoLMLRYDU0NqG2CEKFF2qCIKq2NcZgFGMBazwex3VdXNclkUiQzWZpbGwkl8thWRYjIyMMDg5SrVYJdIjl2Niug7ItQqPxwwDfRAFudH7ROUazftVY+O3YMVwnTiwWwxhFGIYvtcM2Fo5ysC0HW9nYloUa/XFJjZsBPLESuP54/PJ6+CyEEEIIIYQQQgghhBAHk7SAfp1asbGHi+d24sYc0DvYePfk2z2wvYdzp7eQ3EOb6Fe2kptXHMffvnUOuemn8/5PnMLlvUVGSJJvzpDUPazryjKvY2I17x72c7M05RO4e9xvgFt/dC8df30h85rm8+6PfJ6Lh3oYqgDJLE3ZBK4F3b0Tdnt8R9QSu2khV322k+6yi9u/ks/dsJLc9Hksf+NClv9Jlb7eIj4O+eYCSQcob+CBu/ZzTrEQAti9HfR4Ev4eOjUdYBwL41hoW2Eci3QqjWVZVKtVarUaxhhitoPv+9HcXcBxHJRSY0GpNgHahKgAsOxooq4y+AbKVR9LefiJOLaK4ZkQiKOVZsQbwfd9UqkEjhP9tU/N8/CNJmbpsQA4DEOq1SrFoeGxOb+O45BOp7Ftm5rvRe2hbRtlR+/FDwKMMriOjaNtYgaUISpV1qAJX3Y9bMfGGAsTeFihhYtLnAQuLsooQGOsEEUIBFjKwlKjoa4C2zY4QKiim+cFYEVBcGBCCYCFEEIIIYQQQgghhBAHnVQAv17dvYEub/Rx7w4e2MNmfY+PtlVmD22i96Lv/hv52k9XsnZXFZ8EudYW2pod/O1r+MV3rmVtbR/2y0NlL/vRt5Jrv3ULK57roRJAMt9CW1sLbVmHoLiDJ++5he/9csI+L9zCL+7fQJ8HpAu0NSfAi6qCu57bQNdQFd9K0NTWQltbAccv0f3cSm761o2s6HvZGQgh9tH4SmCQ8PdQm6yK1aiXqlWVUliWheU6OE50G98qGqJt0YZ6DmqMIRyt5gWiVtAGfK3wjcEPwTeKAAttOQQoqkFI1Q+oBSFGWdiugxNzwVL4YUDVq+H7Pkax23mYMGpPXa8Stm17rLV0vZLY931qvv+yNtDGqNHbuGWjbaHBGm07PXotQgMaCC3Q0XLLjm7KMmP39Vt9ne2osZvjWjiu/KglhBBCCCGEEEIIIYQ4uKQC+HXrXr72D/fufbMXfsrnrt77Ziuu+yIr9rCu74m7+N4Td02+cj/3O7f+QAeT7LiGW29Yw60vX7NHa++8kbV3vnz5uvt/yr/cvw8HEkLsl/GBr4S/h5ZS6mWtiU29FbTWGGPGAl8z2jq5HgzXtwWisNcaXUZUaauUwqDQGAId4oUBMWVRCTxMqLEsiwBDgAEdEvpR+2fLsYnFY4RGUw1CapUqnuehjMF2bFzXxVZWdPxQgw+2itpY18Noe3Rmrx4Lpw0oxkJpxhpDj78YmhCDwaAx2Fa0vcYQGo3W0XtVlsG2FAYLbRT1/4CK/mspFBoLC0u/dJ11lKwf+C+iEEIIIYQQQgghhBBCvAIJgMVhaA5zGqP2z33djxzicxFCHCgS/B4+6gFwPfDVWhP6Ab7vj633fR/CaP3EEFOpegAaxap6NGxVlsJCEZooAPbDAKMsAq1RGIzRhEaPC1lDlNY4GiyjsSwHrUDbCmVbKAOW44yF0WEYYqHI5XKUKyN4VS8Kj2NRK2k/DKLj2TaWgVCPP+9JglhjqOfDxjIYy8JYCq0g5KV1arRSWCmDUozdoutIVFWMFUXMlhNdM6UwKgqXhRBCCCGEEEIIIYQQ4mCSAFgcfpacxewCQA9b/3CoT0YIIV5fxto+j4a6Sin0aPWv1npsvdYaNRoOq3H7MvGxMWiimRJKKTSgMHijc3uxHNx4DBNqgiAg0BpjKXBtjNZ4gU/V96iYAMuPEWqiKl8FjmWBFZ2P5do4BmzbxrZtAs/H933ilkVsdD5xrVYjDENisVg0g1dNUvUL7FYNrKLnSlnYjoPlWCg7Cm9feuPWaIyriLJuNZon1yugR4NeZaEsKwqWlRpdLQGwEEIIIYQQQgghhBDi4JIA+DV21dWfOaDbvV68968/RtPW+7n1ttV0jVveseQy/vSSeeSAyvrV3CUzeIU4Ylx7zecPyHGOtn8PD7b6LF3btnd7HPpRYFtfboyBMAqE6xXAE9tGw0sBcghYdlQZHGqN0SFWaOFoa7SCF2qhTzXwcBwbJxGPWk97NWq1Gr7nYRkDthO1c0ZF7ZmDACxDMh4nnohjQs3AwABaaxKxODE3hgoNgQ5QYRRamzCMqnn3mL3WV0TBbz30tqzoXOvP66LnoJS127KXHr90PSzrpfbaxkTXRgghhBBCCCGEEEIIIQ4mCYDFoZEoMG/ZZXzyzIupDA0wVINUvkAuGf1P0u97hjtuWYnkv0IIcWAlEgksKwoyxwe6th3N2h3/HEarhUerg+v7jN+vHprWajUYnR2sjSHwfSwU1agXM8BoJa+Dsi1s1yHQGgILy3HQGBLpFLFYAqUNIyMjVMsjZJIpisUigeehtY5aTIchjrKIuzGMUvh+VA2slILQjGtbrcbNNVYvnYNlR+FzGFKpVEilUiSScTzPQ2uXWCyGMSFBEGCMIQiC0aDcHaue1tqMbmfwPA/btonHo2OEYTh6XWDS2cNCCCGEEEIIIYQQQgjxGpIAWBwSD9z3CLnlC5jTnCFZaCEJoAP8cg8bn36UW3/5yG6VwUKIw59U7h4ZLMt6WYhrRlsWW5YVVfOG4eic390D3/FVv/UZwEEYEoYhOgiw4i6pVArP8xgcGYmCVyeONppqtUoQBGQyGWbNnkWlVmNnzy4qtSqu66IwJBIJqlWPZCxOJpPBr9YwxpBMJqlVKnieRyqRJJVKEYvFKJVKeJ43+saiYDiZTFIsl7Ach1giTrVaRSlFMpklDMPRNtH+2PtNJpO4MYcwDAFIJuNUKmUqlQqO45BKpcbmJDtO9J5rtRrlcplMJjO2vh4SA2PHmlhJLIQQQgghhBBCCCGEEAeDBMDikOhadSffW3XnoT4NIYQ46lSrVWKxGJZl4boujhP9KFAPfqNqWTuqtp2khXI90LRUVPlraY1vDHPnzWPj+hfpKZVJJ5JkkilKw0UKDTl6enrQWlMoFMjlcqxfv57y0BCF9jZyuRylUokZnR34XkCxWiOo1IjHYiRjcQa2byeWzTGjvR20YXh4GIAgCAiNJpFKYts2XuCTTSQojYwQSyQIgoBSqYRSitbWVhoaGujt7aVarZJKpcjlclSrVXp6d2GVLRobG2lsbCSZTJDNZlFKUalUKJfLpNNpbNtmeLgEgOu65PN5PM9jYGCAIAjGqqe11vi+PxYGSwtoIYQQQgghhBBCCCHEwSYBsBBCCHGUqbc/DsMwCnrHzb2tV/xGt93bRO829xZFcWiYRYsW8cUvfpFHHnoYN2Zz370r2LJpMyeddBIXnH8+g4P95PN5fvvb3/Lsuue59NJL2dW7i8bmZkqlEg8/+ghbt27lHRdfwoIFJ/HDm37MY48+ynGz53DZOy7l9ttv5/lnn2VW50wuuugi5h17HC+++CIr7vsvmpubSaSSUSVwELDotMV89atfxXFckukUXrVGe3s7X/nKV1jz1BOsXr2ap59+GoBPfeqTbNq0iVQqxT333MPmzRu56qqrsG2bbdu28Z+33kIYBPyP97yL+fPn07V1OytWrGDdunVUyiUSiUQUliuFURD6HuXAB8D3/bFAePz1E0IIIYQQQgghhBBCiINBAmAhhBDiKOK60RzbIAjwPI8gCMYqgse3h1ZKjc7R3TPHcQg8n00vrqevp4fW1mb6e/tob2/nzNNP5x/+4R/YtW0rH/7oR5k5cybr1q3jBz/4AZ/5zP/BKPjhj3/M2rVrOeOMMzj33HMZ7B9k1owOtjZtJJNKU8jn2bFtG1pr7luxIprZ+6Y389///d/c/+ADBGHAOy6/nLe85S309vdxzVe/QiqdZsmSJRCEvPjc89hKURwaojQ0zPatXfTt6qGzs4N0IslAbx8D9FEaGsZWilqlwvbt23nqqacYKZbo7Owkk0yx8cX1PPHEE2zbuhllQrLpJEopSqUSyWSSeDJOGEYzgy3LwsLGdaMKYAmAhRBCCCGEEEIIIYQQB5sEwEIIIcRRpF71Cy/NqFVKMTrSdyz8jW6MVQXX1710rwk8H1spMpkMzz/7HA25pWTTaXZ1d/PM02v5f973Z5RKwxwzcxarV69mx44dKKV44YUXKJZL9PT0cNzcYzn55JP59a9uo3vbDhadfCo7585laGgIHYT8yWWX07VlK6tWrcK1HbTWaAzxZALleaxbt45kOkUinaJYKlFobmLbju2EXlSNm04mKA4N8uTjT7Bj23ZMqAl8n3KpRHF4kEwmg22BrSzSyRSdM6aTjMfYuWM7w4NDhH5A58wZKDSBX6Orq2tsLnFjIT8Wpmutx65VGIZSASyEEEIIIYQQQgghhDhklDlMP5ncsGEDc+bMOSivddXVnzkoryOEEIfapRcs57a7HzjUp3HAXXvN5w/6ax7M71P7avv27TQ2Nk66rnXhWeTzeZqamgiCgJ07d2JZFoHn4/s+Wmts244qhbVBa43ROgpetR4XAodoHVUB57M5giCgIZtDmwC/5qGDqLo4k8lQLA5hjKHqewwMDjJjxgyqvoftOuTzeVLpNAO9fQz3D9CYzVMsFlEGjjnmGBKJBNWREfr6+gjDEMtxKFdGqHq1qNVyIk4imcRYioGhQRoKBZLJZDS/uOajwwDHcejt7QUgmUySTCYpFPIMDg5SKBTwvCp+zeP/Z+/eo+0q63v/v5/nmZd129fcSLgIIXITEfHCzVIvB/CKHnHQVk6ttp6h/WlrR+1x9HSgp7/+1NGDP09rq6P1VOHU/uRY2tiKVCseqMUqgspFCUHAQEhCQnaSfV2Xueacz/P7Y661shOiaMVEyec1xhx7r7XmmuuZc2WvbPjk+/2uWrUK5xz1ep1er0dRFNRqNZqtOtZa5uer80iShBDCqNXzsJ32sEX2sKoaqhnAn/vb60aBsIjIUAjhgBniIiKgzwYReXL79u1j3bp1R3oZIiIi8hRaWFh4yo+pCmAREZGjiLWWJElwztHr9eh0OqRpSr1WI0kSut0u/X6fEAJZp0uapkTOEUIVBtfrdbIswwdLEcV0S8vi3kVWrlnDoovpLPUwgEtSZvbuZcJasqKqFjbO0li5hh175lm59hjitM5S7lma69OqT7JqZcKO7z9EkiRMT0+zd2b3qLo2hEC/36dfFtjIkfczJqem6Pf7dBYWiNKEuovIFhYpO12C8QQbaDQa7JzZgcMwOTlJrVajLAo6vTZxGtFuL9Lr9QilZ27fPqIoorO0hDPVdfL9nJ2P7sXVqjbZtVqNOI5xg2vS7Xap1WpYa+n1eqP7h3WprJ0AACAASURBVBXBIiIiIiIiIiIiIoebAmAREZGjyLBN8fIGIMOWz8PK32G1bxRFGGOw1uKco9/vs2dmhtbYWFX5GiwEQ5RWLZjT2NFeXCAvcxpxQtKsMb8wizWWNE2x1tLtdkjqKZ3FJYqsIE1TcBHz80ss7t7JWKPJ1NRUFUZnPay1eO/pdrsYY4jjmG63y9jYGN1Op1qnc1gfCD5graXf6+DiGO8Cj+3YwdSgGnphYYH5+XnGx8ao1Wr0exkmQJIkxC4Ca6nX65RlSZIkRFFEWZak9QY2iojThDiOaXd6LCwscMwxxxDFKe12mzzPMcbgg6coPBh/QPtsERERERERERERkcNFAbCIiMhRZFi9aq0dBb/ee8qyHAXD1trqcesARnNtQwhMTE7S6XSIvKf0ntgmTDfHaO99nCVfYK0htSVlp0/DGfqLc1CvE+jjcaRAd3YGX2swvmoVLuQszc0S8j6Gkna7TxzHTE1NkaZVuJplGc458jyn1+vinKuqkAfrHm55nlctnJs1fFHQ6/Sh78k7/aryOUqrVtTtHsYbWo3m4JwNHoP3gV179jI1MUk760PWxzlHkiQUPtBZXCLPc9I0ZcWq1czs3Ue73R6F28PZv0XpMS4AQQGwiIiIiIiIiIiIHHYKgEVERI4ywxbFw69lWdLv9wFG94cQ8Hk1P9cP2i+PjY1x2WWX8fnPf54ocVx4wS9QS1P++pprmF61gre8+U089P0H+Na3vkkZSo5bt47ffufb2Hj937HpO98hSlNOPfVU3va2t7G00Gb37j3ccccdbN3a5VWvfT0nHn8C83v2sWnTJh588EHa3U7VwnnnTl75ylfyghe8gN179/DFL36RRx7dymWXXcZDDz1Et9vl8tdfzgknnMDs3CxfufVf2PXYTk48cT3nnXceWS/ja7d9nS3f/z4bNmzg5S9/ObNzc3zpn/+ZdrtNCIF2p4O1lt/67d+h1+vR7Xb53ve+xwMPPMBJzzie5zznOTQaDfbt28cDDzzA1q1bef7zn8/JJ5+MMYYHH3yQTZs20e12R9d1eK1FREREREREREREDicFwCIiIkeRXq9HkiTVLNyyHFUBD+fVDquD8zwfBcEhBLIsY8WKFbzsZS/j5ptvxjnDic84njNOOx1CTqNR44UvOId+1uE799xJ0hzjt9/xf1Gr1Xj+C85hdt8e1qxZw9ve9jY++tGP8tD3HmJqagUArVaLU0/ZwLYtj7Bj22M8/PDDzM3NUW822LZtG957zjvvPKy13HDDDWzfvp0yeE479TR6vR6f/9zn+Kt9+/jd3/1dvvCFL3DvvfcyMTbO1JnjrBif4tp/+GvuvPNOjjnmGE575mlMTU7zyU9cQ7vdpvAltVqNZrNFvdXkxJNP5sYbb+TRRx9lqd3mGSefzG/+1m/z3977Pnbs2MHFF1/MaWecyf0PPMSKVWuYW1jCOcfUilWc/MxT+c53voPH4rEA+OCP2HstIiIiIiIiIiIiRyd7pBcgIiIih8+wwhfAWksURaNZv8ABYfDw/hDCqFX04uIi3W6XoijYuXMns7OznHPOOaxZs5bt23ewb98scZTSbE3SGJ/g3vu/x/PPO59zL3wRRRl46PsPMzk5zSte/Sr+4A/+gNe85jWjqtlnP/vZrFmzhlarNWr5fNJJJ9FqtfjkJz/J1q1b+b3f+z1e+9rXkqYp3V61DgZzitesXjNqxRwZSxIl1FzM+S94IaesP5kkivjaV7/KF274PH/2px/hec97HieccALWWh7fM0Mvy4jimONOfAbj01PkeGaXFrjv/u/R7nRJ05QoiiiKgqIoqNfrnHzyyZxxxhl0Oh2++tWv7q+eHsxRHlYCi4iIiIiIiIiIiBwuqgAWERE5iphBWOqcG831LYoCE/Y/Npz566hCXwOkaUpZltx0001Vy+giZ/Pm7/HII4+ye2aGoig47VmnsWfPHsamV7N69Wqu+f/+N5s2beLMM89kz+7d7No7z61fv4NzznkBFsN3N9/PdzffT+HhzrvuYeXU9P6Zu0VBZGN27drFmjVreOYzn4kxhrvvvpv77ruPXq/Hgw8+yN69e0nSlDzP+T83/59RhXO/32fn9h3cd9/9ZJ2MZq1JWQZWr1zDcceewN/93Ua2bdvB7PwcZemZGJ/C2ogbv/jP3PHNb9LpdAghsNTu8uWb/w8vftlLKfs5s7OzfO+BB4nihLvuvoev/OutjI2NkSQJzzzlVHbs2EFRejBqAS0iIiIiIiIiIiJHhgJgERGRo8gwkBxW9g5DYBP2t3+21laP+3BAtXC32+Wmm24CoNPtsrT4IM5FBOPIy4K5b91dVckmMXsXH2Fufp6yLLnjru+S5zlF3/PgIzuYW+yyb88ein5OHMdAzHX/+3qOWTlNK63T6XTo9XqYvM/k5CS9Xo/vfve73HXXXfTLAmMM9XqdW265BajC6X6/zz/8wz/QarWq6uB2l9u/8Q0efOABut0upfcEa9i0aZH7H9hMGQL1ZoNOp02z2aTWbLDUXuS7372HQAk2ELwHDJvuu4+77ryHsVaLoijo9XpYa7nj23cyMTHBrpk9VSXyQBHAUFVRK/4VERERERERERGRw00BsIiIyFFoeWWqMQY7qP619odPhxg+bzgX2LmS1vgkvh/I85zSQ9npUhKYnJwkSVMWFxYofAeMZ3ZxkVqtxsTUCh57dCtzc3NMjk+wctUqDJ5GozF6jbReY+vWrZxwwgnUajU6nQ79bh9rLZOTkwCjWcVRFOG9p9PpsLCwQBQMjbhGu9OpwueiIKnX8N7TXlggy3NWxRHNZrOqaO73Wb16NVsefhhrLc2xFpFz5EVBLU1Jx2r4sgRgfHycsbExOp0O3W6XbreLtZZGowEwCtCHIbuIiIiIiIiIiIjI4aQAWERE5Cg2DCqdsaMK4OHM38Eo4EEt64HhL8bTajZxztFZmqcx1sJYR9poEiUx7U6HHTt2QAgQAmk9pdmqM9Fq0mg02LntUSJneMax64gjy/atW+m1O5jCE8cxWZaxd3Yf4+PjPP7440xMTNBqtRh34ywuLrJ3795RK2tjDP1+n6IoaDQaTEyMYYLFZzm9PMM5R73WoAyebtbFe8/qNauoNWr08xzvSxYW5tn5+E6mpqbwAN4TAGuqucn9vEcIhiiKyPoF8zt2UpYl09PTNJpjlGVJOQiIMQFjB/OTNQNYREREREREREREDjMFwCIiIkeRYWA6NJz7a419wv3GHHqGbRiEuoScVhqzamoVE9NTFGVgx+O7WZzPGJuc4JyznsXE1CT9XsZjj+1gbnYvURzh+23Oetap1KKYztIC+3bvZqKRsv6446injdG84bmFedrtNiEEFhYW6PV6TExPcfrpp2MjB8Cjjz7K4uIixxxzDCtXriSKIh5++PvMz84x3myx7ri1bNu2DRsZmvVWFcpaw7p16waBcI/5+XlsbNlwysnUajXKsuTxxx9n3759JPUap51yKnkR2L79saqSOElGVb7DyuMQwqh62jmHc+6n/E6KiIiIiIiIiIiIHNoP7/MoIiIiTyvDcHJY+XvwFkIYVQADB4TCcGAVcN7tsG71NG//jV/juc86lV/95Tdw8YtfxDErxjlmaoJfe+MVON/nGcet4dKX/iLPf/azyNqL/OovX8H649YwXnec99wzuewVL2V25nHOO/cFXHTRRVx66aWce+65pGk6WkOSJJxyyilceumlXHjhhYyPj9PpdHDO8bznPY9f+qVfotlsMj4+zute9zrOu+B81qxbw6/9+q+RNlJe8h9ewoUXXcjkikmaYw1++3d+i7PPPoupqQnKMmftmlVc+cZfJviCC84/l1Urp3nGCcfx5v90JedfcC4hBGbnFuhlOS5KiOKUKE7xweCDAeOqqt+DNuviw/sGi4iIiIiIiIiIyFFPAbCIiMhRZDjnd/ms32H4OzQMeY2tWj2HQ2wAhS8oioI4caxYsYJ6I8UXfSYmJjjttFOIreG7d97JXXfcAT7nlA0nccyKSZ7zrNO47Wu3csPffYZd27dy+skn4SgZa9Z5znPPYv2Gk1hsL7Bp03cJoWRyxSRZkTExPcGxx67ln774BW666SbuvOMOds/MMDU9zZpjjuGfP/c5PrdxI43mGOuOO5at2x7lG3fczute/x/5D5dczL65WTZtvo96vY5xltb4GO12m06nQ5IkTE5O8uY3v5mZmRl2797NY489xte//nUWZuc477zzOPHEEzHG0G636Xa7TwjMoyg6ZKguIiIiIiIiIiIicjipBbSIiMhRpJbUiGyECYAPmAAmQCAc0O7ZWkuZ55RlOZq1672nLHO891hrya2jHdXpJZOka1Jmi4j66uOJ9yyyfc8iL1t5LL/7++9j5dQ09226l1tvuZk8N3z1q7fxzne8ixUTE8zPzvCv//Y1JqencEnEP33hc6xZeywnbTiJK37lCm666SayIiOtJzy89RGOOW4d//cH3s+OHTvYuetxvvCFL/DQI4/wIg8f+Mifs3r1ah555BHu3fQgM3vmufmWr/Inf/In3HvvvWy+//sstfsUpWH1qnXU0hbPPPVZ5KWh8PDo1u38z//5P/n1t/4Gm+67HxclvOgXfgEb1Rgbn6LRaLC0tEQURRx//PHkeU6WZdRqNaIooigKgCdUVIuIiIiIiIiIiIgcTib8jP6fyS1btrB+/frD8lq/9Z73HZbXERE50l57yUV87qZbj/QynnJ/fvUfHfbXPJx/T/24HnvsMaanpw/52LpnX8T4eIvJyUmyLGPHjh2DebaMKlmHVat5keG9xzk3qhguy7yqerWGqFYnSutYE7FixQoaY+ODkLjE4EiiiCRyZL0O83v3ML9vH0W/Q4QnoiSxhka9hgueR7ZuZcNpp7NrZoY8z6mlDYyzzM/PV2tylqLwlCEwNjbB1PQKZmZmWFqq2kCPjY0xPjnNzp07qyDWe0zhieOYZrPJ3OIcaZqSJAmBkqmpKZxzRFFEv9+nKHLq9TqdXpdWq8XS0gLeeyYnJ0nrTXpZwcJCB2strVaLJElYWloijmPq9Tree3q9HnEcj+YEQ3VNb/3HTxHHagUtIgcKIVRdFPT5ICLL6LNBRJ7Mvn37WLdu3ZFehoiIiDyFFhYWnvJjqgJYRETkKJJlGd43RlW9w7B3+dxfqKpYD54VDNUM4RAC3kBkLCZAt9clz3PyXhfnYiJjCcGzuDhPEsVkvQ754H9klrlhYWGJRhrRyXv0+30mJ8ZZecxaZvbto9kaJ8uyKgROUsbGJphfXKCR1EgSaHczer0ejz32GFEUUa/XCSHQ7/d59JFHSJKEepoSxzEWQ5ZltHtdxsbGKMuSXj8DYNfjM6RpFQ4nSYKLIzq9Lt57ZmdnB7OSY5aWOiwsdfHBYG2CtZZut0u73aYsS4qioCxLoijCWkuWZRRFgfdeFcAiIiIiIiIiIiJyRCgAFhEROYoMZ9UmSUIIgSiKRmElgPfVfF/nHMZWjx0cYoYQKL1nYWEBE6dMr1hFlmWkaVo9Vlb7t1otdu96nCLPcARKAr0sp95qQvDgPb2iZH6pS71ep9ftARZjYvK8T9ZfqtaBI+vlwzPAGEu/X2DM/srkEAz1ep00Ten3+ywtLRFCIE1T0nqNfr4/mLXWjs671+tVba5dFdYmSUK/3x9VMltrSWp1QhnIsowsqwLker1Oq9UiyzIWFxeJoog0TcnzXAGwiIiIiIiIiIiIHFEKgEVERI4iy6t5q7C2BKqZvyGEUQCcJAmYav9hoFk9vzpO9TyD9575uX2sXr2a4D0+BHxZEkJgbraLiwy9bkEUR8RpQkHAEZH1Mlq1OmktwZeedl5Sb4xR+oAPYKyj389InKPWbFLkvmpHbaCX5aRpDazFA1k/I+/1qTWblL0+eZ4DliiOKLwn7/XodbtMTE6SpilL7QW8gTRNaDSbhFCFu2VZktRq1BoNLIzOO89zltpd4rgKmL339Pt9FhcXgSo0H27W2lFwvLyiWkRERERERERERORwUQAsIiJyFBkGk977Ufvi4SzcYQA8qn51VUg83KrnL2sJHSD4kizztNvtakZvWY5C5RACzhmMCXS7XXpZl8IHYiz1sXECkGNwSUy/l2G8wWLIg4UopR5V1by9doaNIqIoxgC1RlyFtVFCt9vFe6i3WnQ7HZqtFkktBaqQut/vU6/XaUQtsrxPN+vhnKHRaFRtqwuPsQHnHLVajaWlJZrNJnm/X80yNoZOp0OtVieK0lHAm2UZnU41fziO41G1r7V2tImIiIiIiIiIiIgcCQqARUREjjLLQ97h7N/hNpzxWxQF9qDuxQfPCDamahVtjWN+do44bg9m51abtZbZvfNAFcZ670lrdaK0ClIXFxfx3tNsNUjSJjkQipJev6q8TZIEm9YxxhHFMSFUobUxhmAs7V4P6xy1wfGacUye55hggGpOcX1snBACeZ5T+irsjtOUwgeMs9XrRAkuqQLcVmusagEdAOsoB+uAar7v8BqlgznDy1s9D69lFEU4555wzUREREREREREREQOBwXAIiIiR5GDZ/0CB7R+Hlb6eu8JhAOC4erxclTp6kuPL0psbEnSBABrwBLAlxRFTpxEZFlGMBCnCcEZuv2cIniIEpxzFDbGxjHNpEbwHltvjiqJQ1HiUktelngP2GjUrtrYUFURB6CsglgTJ6M1egPZoB0zscPZ6tzzsiS2ljhOSeuN6lyKnBCq6+OiBIr+qKWztRbrIqLIHnDNrLXVjOLBNV1eBbz8WoqIiIiIiIiIiIgcTgqARUSOIp+76dYjvQQ5wobVqcO2z3EcHzCvdhiuLq8Ohv3hpjGm2ocAVJXE+9tD2wMqgEMImNKBMZSlB2sog6EEgonARpAm2HqNKE4wUYItPZQlpiwxZY4ZhNPDCuKyzCn6eRVOuwOrl4fr9t4QqAJhH3z12gTM4DxKa3EE8rIgL0sSY/AEWHa+w2tijMG6GGMcYJ9QBb386/J22cMqaxEREREREREREZHDTQGwiIjIUSSKoicEtcvn1Q4rfYdzfIf2VwgP2kdz4GzgEKqqXwwYaxgWvxoz+MYaPFAQwFkwMUQRIU7BJZQuplt6KPJRqByMxViwLsJEARsC1scE1x/sUw5fBGMtBghlCXkfcGAGba4HazfGYp3DWIM3Fh+g18/I8xyA2DmsNTgsYTAneXhu1exje0DgfLBhAD0KyZdVVouIiIiIiIiIiIgcLgqARUREjiKjcHVZ1W5VPetHt0dtjQ8KOZdXtnqqVsdJVFUSR1GEZX/7Y3zAEwhF1cq5DIHSAC4B48BFEMXgEnIiQgkOwBi8MQQgUFXXDuuNDQGcI2nUKYqCPM/xvpoJbNwgnLUG54ZzjosqFDYGU/V3JgxPyRisMfT7BSGURNZh0pTERFhjGTZvXl7hvDz8XR4AL6/8HYa/URRVFcgKgEVEREREREREROQwUwAsIiJyFCnLkqIoKIrigHBzGFTuD4TDAfnvaO6uqSqGDQGCxdqIyEW4QYUsxmNsFd+GssSHAmMDxlePBwDrqvbPNsIbAEMeAv08h8H8XmBQoWzAWJwDGwZhqy8pvcc7AziMteDcoNo4UPgqeDXBgHVY6whlgQ8BvAdrMT7gIksePJQBKInKkrIMmGgQ8lqLG8wANsaNKoCXV0wvD9SXh8DDymoFwCIiIiIiIiIiInK4KQAWERE5ivTLPv2yoF8WlKGkxEOA0pdYa7GmCixLSlyowk5rGbVAHtTpUhLI+1V17zA0toO5u8EHvGFULWytxVhLCIYwCJcxfhSmWgsWW7WE9hzQetn7KtQtS7BUYashVNW9ocQYT2TA2YDxHl/mkPcwZYZh/9q8AT+YI4x1mCjFhJjIQHAGE4DBrGFjDM5YnItGs5LLsiRgDwh/w7CqmKpa2Q9aQLsoqtpSD6qMRURERERERERERA4nBcAiIiJHkSiJ8Hiw4MtAv8gZb43R6SxhzGBmrfHUGymhKMmyDOccjUaNOI7ZvXs3K1asgDynk3XJ8hJLnSSq41z1a4UxBgeEKCIOMe1Oj6zoV62YjcMYTxLHmFBQ9HKCsSRpDcqCssgxxlKWJf1eRqPVwlpLURRYa6lFljLv0tnzOM00wpQZRdGhXk945kknMD+3QH3aYV1BsIvU63V6WUF7KcfYGhPjKzG2zj333I8tW9TiJv0ikOWevPC0ai3SqIYvgRLitM7ExBjdXodyWbVvEargfBj+FoEqG48CXe/xvppPbMOh3wcRERERERERERGRnxYFwCIiIkepUftn9rcvHgbAzjmsc1WLY1+Q9aoK2nqthqGq0k3TlFqtqgguioIy90RRRJqmxGmCMYZ+WWBsRNM6ApDlOcE40lqNWmuCKIrodHs8vnMnx687hiQaH6yjWmNZehqNBouLC4SiZGK8wWRrNcetmubU9Sew49GH2L3zUabHG4TeAi970Qt59pmn4s0su3c/QAiBWmMCY2rML2R0uoG9e9vc9rVvcMwxk8RxQi1N8MGCTYiimFqtRpLW8d7Tbrd5eOsjTE1N4pzDG6rW0MEOKoAdIXiiQbVzNZfYV62kTUANoEVERERERERERORwUwAsIiJyFDGD1sTDbbnh/FpYNn93YNgaeXx8nHLQStkPWiZ772k2m0yMVeFtv9+nLEs2bNjAc5//PNqdHrtm9mCd49jjj2f7Y7soysDa408kyzLu23w/Y60mV/zHy8g6bWq1Br1en+3bHuOcc85h586dTExM0BprkHXazOzaQaOesHJqjHvqESdvOJGLLjiXe+68HUNgZm6Jyckak9MnMDs7i/c1nGtQlJ4iQK2RcMIJGzjz2S+g3poiqTVJkyYuTjBY0jQFa5ifn+fhR7fS3tKhXxY4BtfHGgx2EJp7KMtqtrD3GF9iBl9FREREREREREREjgQFwCIiIkeRKth1g9m79glBcFUVHCiKAr+sffEw7E2ShPn5efr9Pt5DktRoNpvUajXKvE+WZVU1cPA8+uij7Jndx+JSh4V2hwA0Wi2CcWT9gsam+xkfH6coPXNzc2zcuJGQ94iihBACS+0u33tgM3meU/TzwYziQJ5nmFCwZsUk+/bupttZ4P777+fxnduopwlxYknTQOwK+v0+1kZ4HHlhKAtHnhsW2p4Hvr8d7E6MTXBRgrWOYA0uqmb/hhDo9jNcmlAGjy9Ddc2CgeBHFdPDEBwYzQu21o4qrEVEREREREREREQOJwXAIiIiR5FDVQAP2z8Pvze2CjrzXkaSJJhBI+M4jkeBpzEGa001D7coaLfbFP0May31eh0XR8zPz/PQw1toNMdod7pQFJRr1zI3twBLHZiYxiYJPsCK6Sn27NlN6PcoC0+/36fby3h812NYE5HnVQBcr9VwzjC7Z4bHJ8bpdRYIFHR6YyzM91g5XWf37DztzizWeGq1GnFcI++XOJeS9z2dbk69Ocn3HnyEKE6xLsIbsC7GxhHBAHjiNGFsrMXExARZNyP4gPdVQD6c7RvwWAPGVtcziiJKa4giR+nDKBgWEREREREREREROVwUAAN/fvUfHekliIiIHBbD1s3DIHdYvVoUxSgQjmKLc47FXq+q7C2qdsZxHLO0tESe54Mq4ghro1HwmUSOoijodrsU7RLnHKtXr2Z+YQlCgDQlyzKSWg3bHMPEtaqKNkA/69Jb2Eco+jjnMMYRRYYkchjn6Pf71XzdsqQsc048eQNzc/uIak0wBUvdApM22bptF0mrQa15DHmesdQtqYUGZenJuyUhRLi4Tq9viOuTWGvBGpyzWOdwcURJ9Rq9IidbnGep1yWNUyLc8CpiGQS+1uCMHVVVO1ftY4zBGlANsIiIiIiIiIiIiBxuCoBFRESOIsM5v8YYGo0Ga9euJYoi0rj6lcBai4uqQDcUJfV6nbLo470nTVOMMSRJgosisiynKPyoBbQvcoqiAMC4qsV0ETwuSgjWEYBOr0c9qWFdjLdxFZy6iKzXZsWqVZBnGGPw3pNlOWOtcfK8pJ7WMMaNQuqyDNTrTXyagglYW53b2OQqvPeD9taOLMuoxzUA+r0csMRxTLebUavXAfAGwnCzARsZXBxjI1OdBwYXLHiDDVVFrzUBZw2RscTOEg1aakdRNLoGvoRCbaBFRERERERERETkMFMALCIichQpioIsy1hcXKTZbDI5OUlRFFiqdsXOOVxUBbATExNV2+cywXtPkiTUajU6nQ4+BGo1MMYRxzFRFGHTZFRdHEwVJts4otkK9PKC0nuaY2N4LKUHm9SJ4xiMJUscaeQxZVXlG0Kg6Q3WOmoNt/8EvKlaUFtLWqsRqKqT/aCNtTGGYA3GOAiWWsthAwTviesefIBgSBsG68z+1tfWYGzA2wDOYmJTfTWmCnaDwwSweEwAZwImBGIzCIMJGAKGAmcYtH62RMvmK4uIiIiIiIiIiIgcDgqARUREjiLWWrrdLp1Opwp7XVVVG8qCsqzCVOvAOUfW6WKtxZc5xhhqtRqNRoPFxUXyoqAswwEB8DD4DCEQDFUoHEeUHnp5QT/PCcZQeCg9uLRBmqZgLP08IzIF+AJfVK2pLUCw2GUhaiip1rlshrGnCn+92T/jGOPAVr/mmBDAB0JRErwneLBUAXBVKWyqKmAbMM4SnMU4C66qZHbGkrikeo4JOBNwwWMB60sIJW5YGUwVnpceQqhiYREREREREREREZHDSQGwiIjIUWTnXV890ks4qoQQRi2hRURERERERERERA4He6QXICIiIiIiIiIiIiIiIiIiTw0FwCIiIiIiIiIiIiIiIiIiTxMKgEVEREREREREREREREREniYUAIuIiIiIiIiIiIiIiIiIPE0oABYREREREREREREREREReZqIjvQCfhb81nved6SXICIiP4E/v/qPjvQSRERERERERERERER+JqgCWERERERERERERERERETkaUIVwCIiIk9DcRwfY6vyuQAAIABJREFU6SXIQJIkR3oJIvIzSp8PInIo+mwQEREREZGflAJgERGRp6FOp3OklyAiIiIiIiIiIiIiR4ACYBERkaehsbGxI70EAUIIFEWhimwReQJ9PojIoeizQUSezOLi4pFegoiIiPwc0AxgEREREREREREREREREZGnCQXAIiIiIiIiIiIiIiIiIiJPEwqARURERERERERERERERESeJhQAi4iIiIiIiIiIiIiIiIg8TSgAFhERERERERERERERERF5mlAALCJyFHntJRcd6SWIiIiIiIiIiIiIiMhPkQJgEREREREREREREREREZGniehIL0BEREQOH2PMD308jmPSNGVpaQlrLdZaiqJgcnKSpaUlQgg45/DeE0IgiqpfJYqiIIRAkiQURUFZlqRpivce7z1xHGOMGd0uigKwTIxN0uv16Pd71Go1yrIkz3Pi2GGtJc9zrKvW1ev1MMbQbNZpt9tESUzWy7E2IY5jyjKnLEustaNzDaEkhABACIEQArVajTzPB48HjDEYYyiKap1ZlhFF0Wh/YHTOSZIQQiDP89E+3nuMMZRlSbPZpN1uY4wZPafdbv/03lARERERERERERGRg6gCWEREREaKoiDPc6anp3HOjQLTpaUlyrIkiiK89zjnqNVqAHjviaIIay3OOcqyBMBaOwqKvff0+32yLBsFwmmakmVdelmHer1Ot9vGOYO1UJYlgZIotnhf0Ot1qdUS4tgxP9/GWktZloNgOZDn2Wh91esWOFcFvGVZBbfGmFGAa2wgUGJsALM/pF4e5tZqNUIIoxDcGEOWZWRZNro2wzVAFVIPr9cwCBcRERERERERERE53FQBLCIiIiNr1qxh/fr13Hvvvbz85S/n9ttv50UvehEhBG677TZOOukkjDEsLi6yd+9eWq0Wl156KQsLC/z1X/811lqMMTzzmc/ktNNOY2Zmhj179nDCCSewYsUKtmzZwtzcHMcffzzf/OY3+cVfuIjbbruNc889lzOffQYPPfQQt99+O6effjqdzhLbtm1jw4YNTE1NsnXrVhYXF1m5ciW9Xg8XRzz88CN0Oxn9fp/jjjuWF77whUxMTHDnnXfy2M7tXHbZZczPz/OZz/w9r33tq1ixYgUPPvgge/bs4cwzz2T16tV861vfYtujO3j+81+IMYb77ruPiYkJzj//fL797W+zadMmzj//fI499lhuv/12xsbGmJiY4J577hldq9e85jWcfPLJ/Omf/ikXXngha9as4dZbb+XRRx890m+piIiIiIiIiIiIHGUUAIuIiMhIFEVMT0+zYcMGTj31VOr1OnfccQfnnHMO1lrGxsZIkgRrLUlStV7eu3cveZ5z/PHHs3v3bkIIPOtZz2Lnzp1s3ryZs846a9QKeXx8nH6/zwUXXECr0eRFv3ABN9/yZeqNlH/9139lenqS8857IatWrWL79u30+32mp6dYu3Ytk1PjPPLII8zPz7N6zSqe85zn8Nm5OZaWthMoKco+c/P7mF4xyckbTmJxaZ5Go8G//du/AXDiiSdy8803c+KJJ2Ktpd1u0+l0WLVqFXGU0mg02L17N7t376ZWq7F58+ZRO+tGo8HDDz/M7t27WbNmDaeffjrr1q0jyzLuuecedu/ezczMzKjF9t69e5mcnGR+fv5Ivp0iIiIiIiIiIiJyFFIALCIiIiO7du3itttu47jjjuPBBx/km9/8Ji9+8Ytpt9vkeU6ns8TExFrm5wP79u2h2WzS6SzR7XbpdtsURR/nDA8++D2e8YxncMopG5iZeZyVK1eSphPMzDzO7Oxetm3byrpjV3PzTV9iemKcub17KPpd7rlrCyeccAK7HtuGc46piRa7HtvO3L7drFu3jrKfsfneTSwct4aJiTHa7UWgJI4tIRTMz+9j586EbreLtYY9e2aYmppkenqMbdseJc/zQdA8zWmnncbc3Bzbtm0j75cce+zxALRaLYwxtFot1qxZw5YtW3DOMTk5SRzH7Ny5kzzP6Xa7nHzyyaPZxnmeUxQFSZKwdu1aZmZmRu2wRURERERERERERA4XE0IIR3oRh7JlyxbWr19/WF7rt97zvsPyOiIiR9prL7mIz91065FexlPuz6/+o8P+mofz76kf12OPPca6desO+diwQvUHGc7xzfMcYDTTt16vj+b3OmcwBMoSoqiqGu71CoyBRiOl3++T54FGIwGg3+/jPRgD1hqcc/R6Bc7A8LeQOIaigDQ1OGdGM3azrAADaWoH+8XUain79i3QbKbkpSeE/edUliX9fslg+VhbbXkOBGg2k8Fxc6ytZgTnZfXY8Po45yiKgkajQZZloxnGURRRr9cpimIQMNvRvsNfpyYnJ1lYWGB8fJw8z8myjE6nM5oTLCIyFEKgKAp9PojIAfTZICJP5of9956IiIj8fFpYWHjKj6kKYBERERnx3uO9P+C2MYZerwdUYWogYADnqgA3zwtslc/S7Waj53Y6fYypgt8QwHsoy0BZFsSu2ieE6nHvqzAZEwgEfAjEcUy90RwcwwDVusoyZ2wsJYRAGlu8sVVIWwaMsThnSFM/OL4ZhLf7q3S9D4Nzq746BwYLVMcJIWCtHZ1zdd4W7z1LS0sAo6rf5dfKGDNq+azWzyIiIiIiIiIiInKkKAAWERGRH4sJ1XbAfQfvQxUWDwuOw7KdrDUYG6qqYKoQ2FqIHKSJI63FoznDw0A2hHJ0AGsNYMGaUcDrvae0Hl8aQoAQql9xQgBfVtXEZQklAT+4P4QqUjaMCoD3r3+w8J/RRikiIiIiIiIiIiIiP5A90gsQERGRny8hVIHp8g1z4Gbs/q/Dbf/9VahqqKp+63UYG4sZn6jRGmtQqyXEsSOKLHHsSFNHrZaMtnS4JTFxbEf7RpHFRQEXVW2kq/scGE+gmsVrrcVaM/oaWYMxT9yGDr4tcN1HwHzmSXby8LE/hvV/AbsOy6rkUO66Adb+IXx25kivRH5+7eH6t57B+qvvPtILOby+/SHWn/J2rtcHmMhPZOHL7+Xssy/nY3fv7xAzs/HtrD/lQ9y5bL9D3fd0UZ3bgZ8nh7ouIiIiIiJPNQXAIiIi8mMbVgGbwKB5crU5U22jKmF/4L7D29ZArQ5jTcv0ZJOV0+OsmJxgvNmgFidYPM5ULZ5rSUyzXqPVqNOsJ9TiiNiaQdWwIY4MSRyRxBFpnJBEjjiyWBMweEJZVq8PEMrBmg3O2EEQvP/XoWHYe6gw+Kdtbgt8+K/ggj8Ec9X+7a3fOGxLeOoU0HvyvQ6bXf9SXcvrflaC0AJu+RK89Y9h7bL3eu0fwV1P8evI08tDf3M56085g1/fuOdIL+WJvv0h1p9yxkHbuVzylvfwiW/8DK5X5OliYQtfue79/OZrL+L0wc/e6Rddzm9efSObZg/1hOofdhz4OTL4xx4H/QwPj/NQ59+3tCx76ueY/UhGn0fv4oZDXoOD3PtxfvGUMw5bCH3ErouIiIiIHFXUAlpERER+bMNcdDjjd//3w8C0qvKt2jXvv21MVYWbJJYVK8eJrSGOY+I4xjk32LPE+xRrzei+iieEahavc44ieMqyJISAcxDHMd57irykKArKsmrunCQJIUBZlnhvKYuq/XQIoapgDmAGJcohBIwxB7R+Pvj2T8PD/wIX3Az1cXjjOXDVibDzAXh4Fnb9PBaHJPDu34d3H+l1/CzqwQf+B1zVgzdugPdvgLUZbN4Lmx94aoPz574edr7+JzvG3P1w1T/Bb7wbnvvULEv+vcrNfOmaLVz6iov40t/exLbL38jxR3pNh3Dpf72WN50CMMND37qbf9m4kQ++6ct8/eovc83rVh7p5Yk8rWT3fpwr/9NHuLMzxjmvewPvftO5bOD7fPu7t3P9de/hNdddy1v/7OP8wUU/4s/emW/hT999EauAbNd9fP32L3P9J97DJbd8n7//3Ls4J/3x1rfq1R/h7lf/2Kf1FElJG1/mU1/czmVvPO6H7LfIl675S7YdtnUd6esiIiIiIkcLBcAiIiLyA4UQBl2dh9WwoarwHTx+YAA83MdXFcEWnKsC1bKsgtYoMqRpQqOZUq/HxEmEc9WMXk9OFEXEcUoURXhfVGGvMXhfUJahuh0ZwBF7Q1EMg2VXhb+FxwaDxVEaT0kgMnYwK9hRFp7C+NGxvPc4aygNhFDunzm87PxD4JCDgo2pzukntgQfvhlOOhNu+WWoDe8/6yk4tvzMueufq/D30++AN67Zf/8rj9ySfqjeTvjYLFx5pBciZN/YyEdn38in37Oe7CUf54Z738g7zjzSq3qi4886l/OfV31//oWv5lff+Wauf9sl/P4ffpo7X/cuzjmyyxN5+tixkd/8Tx9h0+nv4u8//jbOGR8+cBEvvvwtvPu927n+dy/n99/6ZtLrN/Lus3+E9HZ6PedfeC6rADi3Os7rP8Qlb/o4H/3ilT9n/4gjY8P607nzr/6JTb/0Np7lfsBuWz/PX924ihdfNMZXbj2sCxQRERER+alSC2gREREZGY7xdcs2O/w+QBQMFrvscVMFrgGcB+s9dtjmGcCDzwPGQ7NmWL1igmOPWcmq1RNEKdgoYJzHRiW1Rsz4RIPWWI0khSS11Bsxac2SpI4kttRrMc1GTC21OFuSxJZGGlNPHIkDR8BSEBlPZAKRDaSRITIeigLKEhs88eD+NLbUIkMjCjSiQM1WjzkCLgTc4Dyi4fkPvrem2pyxWH7CVtGPwseAV521LPyVp63NW4EV8NI1T7qryDIZd96yEd54Meccewmve8V2rv/XzUd6UT8adxwvecVF0NnMQ5qpK/IUWeSGq9/LV6bewjWfXB7+LuOO44r/8b949/otfOyDG//dFa7peRdzKfCVB7b/BOs9Ms5/w+Wcs+MjfPSLiz9wn003/i/uPPvNvOTkn5PPVBERERGRH5ECYBEREfmxLZ+PO2r9bMKoIjiOq/3yAryHRsOyatUqVq9ezdjYGEmSMDExQbPZpFar0Ww2GRsbG92OoohGo0Gr1aJWqxHHMWma0mw2abVajI2NMTY2Rq2WkKQRUWxwzuKcqbbIjL63rpoXPLwvji1xHBFFjiiKsNaOKn/3n9/+zdoDby/Pep+S1tBTVfXn1x/5Efa9b/8s27nvwDs/PJgh+4fw1s/A5kP1D+7BZz+zf7bw+g/CB75+iFbDS9V+L/ujwUzaP4S3fhbm/JMv6+F/qdbxqn/cf9zrPgLmMwfu94Gr4PJ/AfbCh/8C1l8F5n3wqk/Bw4eYVzu3BT4w3O8qeNVfwV1L1XEOPva/x/D4Z7xv/7X58Hf2P967uzqvq+4+xJP7cNX74JzP7r9r193wzo/sX+8ZH4brth74tGNWVOd/34/a6/ng9+V91XV4ePiag/nGt/Xguk8NXvszBz227HCj9+WgPxdnfBg+tuzcmYHLr4K1N1c3LxjOKn4Krrv8O8x+mU/9zSre+cqzgTFefPHFbPurjdx2cIv4zR/nklPO4A1/s+XA+3fdyK+ffQaXfHxZwFHu4bZPvIc3XPTcwazPN/I7n7idmfKpX36vzIDjWD114P0zX7uW33nLqzn7lDNYf8pzOfdX3s/1Dxx4UjMb3/4D5nIOZpZefeAPaPbAjXzwHZdz7tnVDNOzX/4uPvbtg8KfcpFNN35o2czU53Lur7yHGw76ea3W+HF+8+Xnjq7Rf9u4hQNXeDcfHMxlzh7YyH/7leqYp1/0dj5x9+JgTfvvX3/uoY7B6P24cvBa68++iDf84cZls1e38zdXnMH6l3ycTU9cJtnX3s/pp1zCx+49+FoMr++5XPKOD3HDQde3mpX6dq7fsYfbPvb26rq9dSM/KyPT5QfY+nk+9UU45z//Cuc3fsh+7nR+9Z0Xw90b+croY2ElV3ziPq65/Ees5i2rPzPPWntgyvxj/fn6cf7xx9breMMpZ/CLHz9UIJtx2//z3Orn4Ef5rDr1NbzpFfClT33+0AH47I189CPbufRNr/nBFcKdLdxw9bu45Nz9nykfvPEH/wzv/0x9Ox+8ZfuhRzv8gOvyo3wmioiIiIj8qBQAi4iIyI/F4jEBTAgMJudW20FFsEUBUQQrVjVYe+w6JqYmMREE60nThHq9zuTkOGvWVMFws9kctI02tFotkiRmOMO31WoxPt6iXk9HYfD4RIux8SaNRkKtlhDFYF3AWkMcO2r1iLTm6HYXwZTU6jGNZhUYG1sSQgmmxFgGIbHFWjPYWPbVPiEA/okqfg+2Fq46E77wdXjZdfDw0pM/ZfZeuPwLcPr58OkrYOM5cN+98NJPwsPLA9vBvNnLt8CVl8DNV8D/exp88gvw0n888JjXfRLe8Qi8/j9U+208E/7pTnjlZ3/4XNq5O+HKm+GMs2Hj636EKuadcOXHgOfAJ66AjWfBnQ/ABZ858HV698Err4FP9uH9r6vWdOUYXP5n8E9Pfome3Az8xjVwi4X3v6E6/m/U4feuhw/cX+1SOwt+rwYf+M4Tr0HvXviAh3ecP7jjPlj797BzDXz0Crj5dfDSDK78JHx2WZLy0ovhjcDL/hg+dt+TrPFxuPJquPx+eOkvVGu8+TK4oAdzB+366eug+yLY8n4Iv/wkx/XV+/1p4KrXV2t9vYV3Xg8fGK5pAq66AjaeUd386BWD17/wSY4tPxUzt9zIl469nBefXt0ev/BiLu1cx9/eclCwefqb+eN3rOfOD/8lX5od3pnxlb98L1855l38yVsHByi3c/07LubKj27nnHd9hE9fey1/8faT+f5H38JF/+XLLDyVi+/czd9cczvpr17M+cs70H77Q5z7lr9k5vS38KfXXsun//K/8JLZ6/j9K97FDf/eSuHNH+c1r34vt01dzn//2LV8+tqreedZM9z7yLIApdzO9e+4iNf87t+zcOG7+Itrr+XT136Edz93gW2zyw+W8dCn3s6rPwGveO+f8elrr+atx27mb/7r5Xzw1icGMtkD1/I7V93Nhv/8Ia75y6v+//buPyrK+877/3NmgAFUlABBo8ZI3Hxj4tcF464SGmPoIhs1Ias5dosiRc1Rj97RxOhmrT/ij6a9NUbZjXfMSmSpSreeaEJrTJQtWrJq7BqdehvpSRWbqo2smhjk1wAzc/9xDTAzDDCDqAl5Pc7hpMxcc12fzzXXXFpf835/yIg+xqtTFrPr493MzdpN1NT1bMvfwqrUSrb/82T+yaci8cSGMUzdeoWHn1vPzvx8ti15nMrC5Tz14l53GDuAjOlpcGk3h1rlYjc4tLsQe+KPeNrdFtz+yXqemriEQ0xmdX4+O/OXk1HzDgsnTmZzq9fbObJhMR8OXcsx2xnK8ya7WwDLN1XlGRsnGMWUx9tb29YQlTSGZMo4eOpqp4514b18tpPIlDEJzY8Fd30FaZAR2l74j9LWX3aoLOWX2+2MeG5C24Gtl16kT89hoO3f+dXp1s9e+KCQ/ZGZTE/r5f/lNTZenTSRhSUwZXk+O/PzWf1UJbtenMhTXl+oabqnnmPA9DXuz/Ao/id3MjO3lvvft69bcU8UERERke80rQEsIiIiQTGZTO41gFuqfgFcHtWxDU4IsUJ0dA/69etHVFRPnE4nDQ0NhEeE0bN3D0LCTDidTsxmM9bwUMxmK85GBw0NDTQ2NmA2mwkLCyMsxExISAg4Xdjtduz1tQCEhoYZ6/Y6TUADISFmLBYXzhAX4AKXmdBQCzGx0Ziw4HA4qKurp9Fup7HRgdlsITQsFFxmGhxOnO51gXGBw+HA6WiesFElDK0qhbtK8hQ4EQmTfwcJf4DMRFg7Dgb39L/9/FNQvgQGN32VbziMHwCD98CG38Ebo42Hj74Hy5xw5CVIDm/ZNqk3JByEfX8H493H6PMglKVBH499hlfCBBucnATJfr42WHfGCIgZBu8/G1gL6z1/8Fn/djj0qYHv/wFKqtzjqYcNe+B8Pzgy13ueyQfh0d8EcKAAjJ8EMz0WJE19AL5YC8tOwI8fBMyQOgw47jE2t5JPgDiY0M/9gBnynoOZgzz2FwdlW2HnKZj0ffeD8bBzLvQrgPmFsCEKfjwRZj7kMzgnbHgbCsPhyIse7x+QOrL1XOoehJkJrR/36wyccYfvzfscAYM3GlXf4x+CpDBIGg79rhnbjxgOyW3uUG6ti3z4y1IGPrugJfCIfpxnJsLcD3/L6icn0lKXZ2XEc2uZ9UEmr27NZOySRPjkX1hZ2J9FRS1rYF55by0vl4ziZwe3MKW/+6Upo0hOiGLc9PVsfy6NeUM7N9oLp45xtA7gCmdLSyl6by9nRy/j14tG4bUCqWUoq/aWkvVA06OjSB5g59OJ6/ll6UWentJxsOXrxIEtnCWTnasySXbPNTllIrM8KgU/zZvDyyX9mfWL3Sx9pGVEySljfPZ2jO3laziQN5mBTftKiqLy0Tlsf6+URWPS8KyHPPpLO9uOrGFspHsuD1n5nzHLeXn6RWb9YjeL3MdKHh1H5ceT2VD8Mauf9NjHA8s4cDCTIU3VnCmjGGA/w7if7ubgpYlM6Q9RaZlkReawq6SMeUM93qCvfst7eyH99acYCGC3seGlfOw5+Rz455bznjw6kbjZ43h5azFZr3uO/xgn79/Nb1O/Teu7frfZayqBhxjYN4CNY+MYAlwIpGL2y3KOHj5GHGC/fIaDxfns+jiOrLy3yGr68y3o6ytYvUifkon1g90cOj2bhz3WOq8s3cuvSGPTk4HfH6yP/JBZifm8+k4ps4aNabkP2W1s32pjxKK1JFvx02XAzok3lpBnz2Hn+4tbKq1TRpEUN4fHl+Wz/4frSI9quqf2Z9YvCj3uK6NIfnI0mydMZgMB/AF9C+6JIiIiIvLdpgpgERERCZ7JhcncEv56tUY2QY8eZvrfG8eghEFERffEaXJiCjERFR1Fn7vuIqJHZHNL5969e7vbOYc3V+BarVaioqLo3bs3ERERhIWFYbVaiYiIIDIykh49etCjRwQhIRZCQy1E9rDSK6onUb170atXD8LDw7CEuDCZnVitobhwUN9QR2NjPSEhZiIirYRHhDa3iw4LCyM0NJSQkBAsFkvzj1H9a/L706XMkPQ0lL9sVFwePQEJ64wg0p9Fj3mEom7hI4xq1c1NhSb1sPu0Eewl+ySzg4fBJODkn1seG5/uEf66jRhs/Pf8tdZjqPscZv4HMAz2TQli/eIHPcLfpuM8YPz3erX7gbPwRh28lNZ6noMfh5mBHqs9cd7hLwDh8GgccAWaim2SRhktuvd4tkeuhD2fw8y/geZ/e3/QO/wFYBCk4l0BDEA/eO1l+OJZSHXCrEJIeNOnhfcf4LUaeO3Z1u+fP6n3d7xNsyiYOdznMTNMTgHqoKwiiH3JrVf2Pnm2AUx53DOR7UVy2kT4oJAi37bFkYkseiUH8tax67My8n6cj3XReo9At5wPd5ZCZiYZ/b1fav2bMaRzkU/OdK5SEGD/T3OYmpPD1JwlrMw/x5C1B7DlegSbTRInegQdbg8kkQwc/VPnjh8XNxT4LQf/26cyuik4d9goerOcgQvWe4W/bcn6UUv4C0DkKJ54BqisbN3+9Qdp7vDXrW8STwwDhmUyxfNYlqGMGAecLPdqSTvimdbnaMjw0cCxlrWTraPIyLRy4Z1Sr/a3V0r2elUx2o/tJe/SUGb9wDd0H0DyuFGw18ZZn+GnP9LJxF+6l9P5LMwxPsMz/nk9H36dw84ju1k6puXLAZ25voJlHT2RrEjftc6v8uF7xVizMkmPbvOlfhjV8/bCLezyuF9WFueTdymN6RPbCGftxyjKu8jDMya3arM9MCWNZPbyyR8BLnKwqBSenMN83/uKZShPzxgV2DBvwT1RRERERL7bVAEsIiIiXkwYFb4u/Fe6Op0uLO6/QTgcxhq5YWFmnCYndjuYQ2HAoAH0798fkwVu3LiB0+SiV89eWMPDwQLmUDO9e/fCYjLhcDiw2+00NjY0t3sOCTVSP5PJRIgpFKfTSb3djtkCPcJ6YLFYMJmMds/19lpqa2sxm8FqtRJiCXXvr9HYZ2g4JpMLi8VCRESoe81f47iNDheNjS5cTs/1f90Vv04XJpMJl7Op6tc79DW5U+8urQjuCZP+ESZVwts73Wvw1rdU9DYZ0d//y/v1ojm87Pu1sU5syREwHWnjeBVAU+VpI5SdgZLPoOwSlNXCmbbaUVfAzLehbCDsntI6OG7PpH6tH+vjLhM6fw2Ih8sVxhyS7vOzAzNEBH649lUalbwnv4AjF+F6HZTUg1fv034wNQ6m/h5eexT6AJc/gbfN8BufSty6Cthng/MVsO8y1NZ4r7/rq28i5A2HtSdg6q/godfhxMuQZO7gHPgxOJh+rQNgsJ+Hfd8H+Wb4tGQ3F/pPZuww78ejUieSxRx2lZaTleUdYFhHP8+qzNHMnZKJve8Cfj3LM9yr5MJp4PQchha2cdBzF4HOVYPO+sUZlj4C2Mv51SvPs3DxAob8Yjez/OSL9ktl7P/tAf74WTmHTl3EfqnspoKjgc8sZ2nxj3h1+ih2JU5k/pw5THk8gaimEPfKOc7WwNj/P5By+VEMGej7mJWoSKDUCG89P3ZjH/D9FkYU1ruM1/T23YsFuOQTIjvsXCgr5tBvznH2s1JOfGHnwunWrWNHjJ/DwLwtFNlm8/Aj0FQhbs0sbG6xXXnlIlDGyr9/iJV+52bl7GUY0fwNFn9zlW80C8AZLlyG5Db+TtDs6hXOAnGRHX/pgTFrOOZuAV75yVvMmLmeGWsGUPrTlore4K+vTrAkkvHcAPK27uXEnKGMsACfH2BXqZWsX/gEzwGISsthVv9M8vaWkTVvKHCRop8XY83KbztM/uoKF4BP10wkYY3/Tax/ugqPXOXsx/Dw8of8Vj2HWwIfbVffE0VERETku00BsIiIiHgxmUzgcmHCf5WryQxOp1HxazaD2QIOpxPMEBVtJTY2lvsSBlNXV4Oj0UmfmGhCwixGu2c/2KbrAAAgAElEQVSLiR49I+kV1YNQi5kvr16htraW3r17Exsbi8WM0YYZCGlq/exwUl9fj8UMISE9sFqt2O12vv76a2pqq3A0NDaHsI2N9TQ0OLBYLMTFxWGxhFJdVYvD4aS+vhGn0+mu3jWCW6fT6X6upQW0w/1cU0jsaAqHXcb5cLlcHu2gjaDc5eridYGjYOZsiPhXmPqfMHM0JHk+317gGuldjTvzbyGzjRAxuinkq4BZb8LbGG2Ehz5oBLV1nxktoFvpBSOcUHgFyq7A4FsUFkbcwr+pnv8tfL8YiIRJD8D47xktt8f/Bl7y2Xb83wD7oKQSJkUZayMnJUJqWMs2R9+BSTaIjoZJg2BmKvTtCXt2wOb2BmKGviPh/TB4dBe8/TvvwD/gcxBMX58Otg0Pa/95uY3sx9i19SLU5PLUA7n+t9lWzKeZs1uthxkV3R97TTkMiPUbSgzJWseq1Da+ORAXTEl5G6wJPL12PRdOTubVF94i+X3PMdo5kZvJ1M3lRD2SRsboRLLmZzKw9zmKfriWXZ09ZuRQZuUfY8rpvWz9eSFvzJnIq9FpbNqTy9MeIZk1LJBAxtpSOXyr1djY8MMcNn/eixHjniI5KZNFmQOI+nwvz76y23vbYROYlZjLq/uOseiRUVjLS9llG8D8FYk+O01jaV5mG+ukWhkQ7f37bZurdIm4/y+JgeRy8OQNpvRvY/1at8qTpRxlDD9Lan87X1GPzGbbT88xasESVowpZdOTnq8P5vrqnIcn/ogRuesp+vh5RqRYOVu6mxP957DK91IPhDWRrOcSyVu3m6OzljHi+L/zqi2B+as6DpPTl2xh+lD/W1nvazknUdab+cPzFt0TRUREROQ7TQGwiIiIBMVsBpcTXC4IDTX+29gI0THhDEoYTEzcXYSFhVBjdxERHkHPqB64XC4cDgeRPSPo1asXDfV1fP1VJZHh4dx1112EhoYCYMJJaGgooaGW5kDVbDZaMTc2GMFsQ0MDdXV11NfbCQ8Pp9HcQG1tLSaTifDwSKxWF45GJ/X1DVRX11JXW09VVRU3btRiwoTVGmHsr9FJfUMDDQ1OHA4TTodR6esymT3masaMC4fD6a4ENh53uquj26qS7poTDckPAb+FOp+nzl/Bu/QMoB5OXIGkkUaVKhHQDygLgVTfdr8+jh6Et0N81gpuOo4/kbAoE+pehwlvw5HnIbmN9Yo7xf0WnLkEyb5VafXwVZC7qzWWjWZwjPsBJxT+Bvo8BEcyvQPzy37WF+4zEhbtg52fwKQhUPgVzMv02OAKvGaDR5+A3d/3eNwJJQGOMfwho9V0mXus4e4y5yPlkDwkwJ0Eyl1d7Fucdf5Pxn+H3kzVlnQp+7FittcMZdbrS3jCX6BSvpsZa7aw6+MfsSqlJaCwf/IvvLwZFm1Zxx9fXMLK3aPY1rx+pJXe/eGsI4oRKcFX0gXFMpRZP5tN0ZRcNuye0DKGy3t5Y3MZyWsPeIwLcMBBvzs6x8UrMMLzvue4yNnjwAOtt44aNpFF6yay6MViVv5wAQtX7iY5bzJxkVFEAft/X8bS0d+clsdXPtjC5jKfNZkBLKV+tjba2a5cVsyJJaOI+uDf+TTxR/wfjwpxa2QUcA7rgFEkB7o2uHy7DDW+CLBywxaOpi5u1aK4maOM7W8Uw5Pr+PtO3NujnlzC/y4qZuG6LfzgceM4t+36GvQU059cyz+V2Fg6Oor928oY8VxuG6FzxwY+mUn6K0v4eXEmV4oLsT+5jqz2bgPu+8U56wCSU9qbqHFPPXqmHDsDWt1Tv67x95c2H0HfE0VEREREOqY1gEVERCQoJhNYTMZfIlzuNQijosK477776N/f6O97o6aKmJgYekb1oLq6mvpGO7169ySyVyR1DXXYG+roFdWTnj2N1LCmpgpwEhMTQ1xcHKGhoTgcDlwuF5YQEyGhZsxmM/X19dy4cYPa2trmUDkkJISoqD707h1NWKiVeruDqqo6qqtrqamu4/r1r6mrq8dithAWFo7FHIrTCQ31jdTXN9DY4MThcOB0OnE6nV4tnZv+t9Np/Lhc3j9d4g+w4Yyfx51w9AwQ3Tqoe+M4XHd6P3b+P2EDMLUpBOgJqf2h5AQc9U2QfXxxDegBfT2TUCeU+Kv+bRIOP54JM+vh0X/p+BjB6PuAEYZu/qh1+F12wJhnwJxQUgYMgqFNf/P9Cs44jcplr+V1L8BOP+sdEwbjHzTWAd73CZTEwQTPVtbX4Agw1Offd+tsRlW1p32/gvP1rQ9Rdwb2AUPdIV+fRFhkhtf2w3ln6+1vyhXY7btubB1s/hj6DoJH/YT5X/g7L3KL3WD/7kIYNpkpE0eRnOLnZ8pkpkTa2VVia2knXGNjw4/zYd5aZqVOZNHSMRxatpZdl5o2GMrYZwdAYSFFl/wfuStZE+ewNNPKoVfX8qumtWwvX+QoMOTeAV7b2g8Xs93n9VFxA4BjfFJm99l2L9trfDZ2+PzeN42/Hwecu8r/AESN4ZlMKxfezPU4H3fehYvHgPsZ6HWzt3PoQ/89uqNS0kivKeTDw6UUbb1I+vSn8PyuTNToMaRTRt4vj7Veq1i6iQFMWTqbIZfymfFiIZ9W+tmksoztL/6IDZfH8LMlE/12AuhYLE8vWcyIS/ms3GrcZ27f9dWLsWlp2LcXc/TwXt64lMb0Jwd0/LK2RE9k/oIB7H/jed74wErWlLT2z0nUaFKfhE+37eao773Gy1CSn7T6v6dWlrJ9Q5nfV3kJ4p4oIiIiIhIoVQCLiIhI0MzuNtAAPXuG0X9AP+6OjyUkJARHbTVRvXsSEmahrq6GUGsIfWL6EBERQXV1NfaGenr3iCTMYsHhMNo1R0dHExkZ6d5vI5GRkVgsFmprjfV9HQ4HOF3utX+hoaGempoa91q9ThobG3E0OnG5jArf0JAIY93g+gbq6x2YTY04HC5MWHC5XDQ2OKivr6ehERyNLpyA0+EOds3uBMFlrHHs8BP2Nnd7dreFbqNbdmCc8FIhbHa3In70Aaj7E5ScgberYG1m6/VaU2/AiH+F154wqn3Pn4BlZyF5GMzzqBadNAkyN8OjP4O1j0OyuwL28p/g/S9gw2wjXE4aAnwE8wth3jAIr4d9/wl1MbRfbhsPeXOhdjM8+jocedG7grjT+sHaRBhhg9Q34aUUY55lR2FPb5hHB22VgcKfQ/gQOPLfsOEryJvirowGiIHUaJj1W1hmhtQYqPsCNpyEoTH+95f6t5D0c1hbDTPH+oTyCTDTDD/ZC/2qYGhPuH4Wll2DCXiHwNfPQ8JaGD8Qxg+BoVY4eRY2fwa1/WBmU7V2OKz9RzhSCI+ug2VjjP1SZYTQU/+XT1vwYMTBkXw4nwzj+xn73HwA9gA7n/Y4T0DfeGOur30AfYZD2Vcw7/HOHliC8vmv+fkH8PDy0bRZBG4dRUamle15heyfP4qno+0czV1Cnj2Hnc8lYgUGTl7Cqncm8vLK3SS/NZmBFng4Zx2zfp3JyxMmc2R+Dj9wf3vhyuellLwXxfRdsxnRZROxMnbOGsa+t4R/WlfM2NfTiBo6mimRb5H3ygLunp/Jw9FwxbaFn5yLYyyw32uKE5mXUMjm5zOxL1lAxiArV8oKeeNAHFNG4xWOnNgwilevzmF6xkPEAfbP97LhlzBiURoPN41lST6zPvad+xXOFu+l8pktzOtMe9mb9PDIyVjJZ+XzsczPfIg4rnAibx1/jB4DFLd+QXQa07OszFi3jrvJ5GdpPq19oyey9Kd7GffPOYz6LIelWWMYaAXsF/m0tJjTiWvZ9Ezn1niWbw5r4gJ25tUz4/m1PDVmC2OfmcwTI0czhHMcOV7KrvdKuUIii3bkeleWBythMkvnFfLs5mXkjdvLvKG37/qKSsskK3IOr74aB1lr2l6vN0BGW+m1nEhYwMbRHfU/6MXTS9bw3oTlTH3iDLOW5PBEXytg50JZKR+eSeR/vz6ROGDE9DWMLVzCyxMyObt8Dk/0tWK/XMrW3HM8/INRkN/BoYK4J4qIiIiIBEoBsIiIiLTSVHDYVDDpAjAZOafLBU53KGqNgNi4u4iNi8PhcFBdXc1dd92FNdLKl9evYbKYib6rD+Hh4djtdpy4CA8Pp97RSF1tDfFxdxMTE4PFYsLsAkzGer9V1VXU1Ri9cCOsYYSFheFsdFBVVWWEwYDVajUC5wYHJow1go11fcHe2EBNTS11dfVE94nh+vVKrl+vpLHBjtlsBsyEhIThwomJRhocLaFuU9brW+3rm/Ea27cEwK7OlgQ/COXPwOb/hn2nYIMN+obBhPvgNxOMcNLXhGfhJRss2wP7GmFwJMwfD4se9alojYedC+DRPbD5ICxzAiGQGg8zn2gJMQenwZFqWHQKJpyBwVHw42cg9QvY7Fsp6ise3v5HuPwfMGkT7FnYNSFw0rNw5h7YcAgm7zLOyeRE2D0RNp/u+PVflMNLnxkVtTufg0yfVtIzZ8D1/4DNv4GfAOMHwWvzoeztNsLlITA1HF6qg7UjfZ4Lg2Uzoe4dWLsPLpsh8yF4PwcKX/HeNHMacBB2fwbz3ec2OQ7mjTfWeu7j0Z8n/CHYNwM274fNH0KZ03ivxw9r/aWAoMTDzinwk3dg6kfGeMcPhCPPQrLvP64/BPv+FqYeh+//AcY/ZgTwcutdOLyXEwxlVbutR2HE+DkMzMvlvZKrpMdtYUb+FbLynm9pCWtJYMrS2WyfsrylFXRkIkt37WbYli28sXUJU78CImN5OGk0GXN+6A5Lu1DfiSxdVMi4NUvY8MzHrBoziqW71sDKXDa8WIw9MpaxmWt5Z30U2/fu9X6tNZFF2/MJf2UNW1+Zwy56MSJzCf/n3x/nxPPeFbIDRz9L3IZ8/innKnasxA0dw/TXDzAr1aOqzmPuW3++nKmX7RCdQPLjk1k0qKsnHhhrymJ+/VN4OfdfWJhjx9p3DFmvFLKp9y/41V6/ryD5H+Zw9/Zc/idrOSP85FgDJ2+htG8+P3kjn5Vz8o3KzYShJKdm8lyKwt/uIm7MYn5dOpFf5efzyw8KWVn4FmAlbmgiyfO3MH/KGIZ0rvTXg5URzy0hK38OG1YWkv6LTIbcruvLOoopz8WxPfcKWcsTb75lvbutdFxaW+sX++g/mW0fDiDv9Vy2rplDXg0QncDDIx8n67nRLY2d+05kW3EceeubtuvFkLRnmZ+XS/L/XUBeR8exBnFPFBEREREJkMnV6X+tvLXKy8tJSLg9Cxb9ryUrbstxRETutIxxYyg64G89uW+3f123+rYf83b+ORWsv/zlL9xzzz1+nzOZ/JeqNj1ucnmva2vyiT1NZhehFggJgbAwuPvuuxl0332EWUMwm8307d+XqqoqLly6wKDB9xLeIxyTyURjYz3h4eGEhIXy9ddf43I2Mqh/f+LvjqdXVC/q6mqoq6vD6XRSW1vLl19+iTU0jPjYOEJDQqi5UUVV5Q0qKioIt1q5fu0q1TequOeeewi1GGsEV9fW8sUXX3D1y68wWULp0aMHDQ2NXP7iKr169abe7uCrr76musqO3V5PYwNgNtYVrm80Al2TySjqbV7r12mE3d7nCpwmwGVuPndOXG0GwHa7vXmN45t2BkyFRqib2cFyct2WE5atgLcT4Ytn7/Rgvn0Kc2FqPLj+8U6PRFwuF42NjV13f5DvltNv8fik3UzZc4B5wzreXL49dG/w9unmcTz1zmR+/Z+zO73+r0h3097/3xMREZFvp8pKf+u63BxVAIuIiHyHtKpipaXs1WQyeYW/bXEAFiCqdzTxfe/BEhYKZgvWCCtXr31FY2M9/QcMwGKxEBnZk9raaqzWCEwmMxUVV7Db7dyfcC8xd8XgwoW9zo4JC/a6Bq5+eY2GhgYiIiLoEdmD6vp6ar+6Tm1VNfU1tdjtDdhr6+ndO4YhQx6kwV5HzY0qvrz+NVVVVZgsIcTGxlJda+fPFy/y5bUq7r9/MBZLKDeqrlNTa8fhchIaYsViBqfLRGNjIyZTI6am82MyAS6j6tfURndnV0uZpsvlCui8SRc5a6yVO/kmlgEUEfl2s3P03S1cSFzM0wp/pTuzH2PX1ouMWDJB4a+IiIiISJBMx48f179YioiIiIiIiIiIiIiIiIjcZn/1V3/V5fs0VVdXKwAWEREREREREREREREREbnNGhsbu3yf5o43ERERERERERERERERERGRbwMFwCIiIiIiIiIiIiIiIiIi3YQCYBERERERERERERERERGRbkIBsIiIiIiIiIiIiIiIiIhIN6EAWERERERERERERERERESkm1AALCIiIiIiIiIiIiIiIiLSTSgAFhERERERERERERERERHpJhQAi4iIiIiIiIiIiIiIiIh0EwqARURERERERERERERERES6CQXAIiIiIiIiIiIiIiIiIiLdhAJgEREREREREREREREREZFuQgGwiIiIiIiIiIiIiIiIiEg3oQBYRERERERERERERERERKSbUAAsIiIiIiIiIiIiIiIiItJNKAAWEREREREREREREREREekmFACLiIiIiIiIiIiIiIiIiHQTCoBFRERERERERERERERERLoJBcAiIiIiIiIiIiIiIiIiIt2EAmARERERERERERERERERkW5CAbCIiIiIiIiIiIiIiIiISDehAFhEREREREREREREREREpJtQACwiIiIiIiIiIiIiIiIi0k0oABYRERERERERERERERER6SYUAIuIiIiIiIiIiIiIiIiIdBMKgEVEREREREREREREREREugkFwCIiIiIiIiIiIiIiIiIi3YQCYBERERERERERERERERGRbkIBsIiIiIiIiIiIiIiIiIhIN6EAWERERERERERERERERESkm1AALCIiIiIiIiIiIiIiIiLSTSgAFhERERERERERERERERHpJhQAi4iIiIiIiHi5xp55I5lbdO1OD0REREREREQkaAqARURERES6oatFCxiWONLrZ/3JQF9thF+er/UbhJ3cFOD+T7E+cQF7Kvw97nkcf9vc3Bi9z0Pr/ds2eu9j2MZTNzFPP/trZ37BvkeBbn+1aAHD5hVxtc09+Z73wObd5nXQpKKIuR1t44e/c+Y7r6Dm3uEY3PNv9xwFw30ttrW/iiLmtnNt2za2cf7b4Pca8z12O8f0dy6HJW7C1ryFcX78X4vGXI3nWn8G29pn6zF7Hu9m5th6O+/3vv1r3f+5aDlvHZ4r9xja/Nye3OSxPz9j8RpPG88HdV8UERERERExhNzpAYiIiIiISFc6xfrEGRRkb+O0LdfjcXdYw3IObc4gtr1dnNzOuVnHOb3Z/XtFEXPT01l/73EWJzVts4lhOedZvf84k+Kbfl/A/ftzjd+bX7eGjwBIYbXvcSrOc3/+cU6793m1aAFj0xeA5z5uYoxXixYwduVgdthySWze/yYSbAtJdL+mOGE/p20xXudubsJ+3syICXyeHhJfOM7pFzyOfyDVz/l2v0cpyzlky215rqKIuekjGZa9jdMvDL+J7dvhfk8SPM47nGL9Rs+NrrFnXjorDqe0zNvj8WEH/F9DtsI1kJLCRwf+i6sZHVxjHmNhled7AJzcxNw/X4OkmM7NPSUF2hvDyRIKOhpbME5uZwUpPHa4hNKKjI6v3a7gNW/jfRk7jw4+222cS8C2cQHlFZAY1NhjmLT5OJOa9zGSafi+H+5racg2TttaHrdt3NTx7gOaYwqr27pfBHStAykd3BN9nrdtHMm0RNhhW0hi/PdIS4EVh06xOKn1Z9B2aAdkb/MaX3a+x33U37R9nz+5iWHpI1kRzOdcRERERES+81QBLCIiIiLSbVxjz7wZkH/cT1BghDWnZ51nbEfVhkkLvQOI+AxmZ0PBoabXXWNP3g4eW7WiJdhIWsiO7MOsKPTYZrU73Nu/nMf8HSc+g0kex4nNmEk2hzn3lwCm2uEYT5G/8jDZ+e6wF4jNWMHqlB281VQhGJ/B4gyP4JHh5KxyB5gBzzN4to3uEM43dIrP4E3bNrILZnhVFAa7fXuuflzCR9nbfAKo4Sz2uF6uFq1mxeFp7LD5BmsxTNq8n9Ws8XMNnaK4IIW0FTPJPryG/A7Hc4r17nDuTa/3AEha2PxYp+fe5hiM9zQ7e1pHAwyY7dAOHhu3gtk3eV10XgyTViznscPnudjmNsa9oXzVfk77CTsTXwjgSxedUfFfFB+exg6f+1HiCy2fy8AEMkdvgVzrnZH4wjayOU95hTGuMeNSoKDET0XzKYoLIHvsTYa2SQuNe2gQn3MREREREREFwCIiIiIi3cXJ7RSP2+8OPHzbs7rbliYt5FDC2zcXJFT8F8WHU0gb7R3cDUhIgbPn3eGpETi3Cvdul5MlFDCNNK/wJ4aEIfBR+aXA9hHQPINUUcRbBSmsXtFWxaERQhfkudvdBrt9IPyGVU2M4PyxVVltBHQxTJo1rfU+TpZQkJLKmHj3eA61H4ReLXqbgpTl5LRTCdn5uacyu60xuAPJtLHtDi8I7uB7dAyJmct5rN1zewv95by70r4NJ7ez4vA0Zt+Rz+MOirsiuOxojv7civej4jzlHr8aX1zxM0e/96BOavUFFxERERERkfYpABYRERER6SZsh3AHPKdYn5hutEi2uX/2ZzHAvV3s6FTKgwoSfCrZ/nKejxhMgk/FYOy9gyGICr1W43dXe7YbCgY4xqt/Pg8pg5vn3KT98PYapQcO89i47xmB462YZxv7bHP/wW7fgaYq6GltrStacZ5yWofeXu4ZzGNegZe7Utp93mJHp/JYwdvtrFvqc57bchNzH5Axk2w/Y7AVroE2w+3gGUF2KmPigfjvkeZZYX7bnGJ9zo52QvumVsSpXTbvgMVnsGZVCgU5wa8N7a3jOfrq8FrvFKOzwUfZMz0qpoeT5iec7epzflNfPBERERERke8cBcAiIiIiIt3CNcpxB54nSyjwbX0aH9MStsV/jzQCDRKM1rGdD2bbd7VoQXOV8lsJ/tvT3q4x2jam354qST/BtJd7Bnu3zA52+3YZldmHVsGK9JEM60w4Fj+YBM/ffSul479HWsphij9uP/BLuDeA89zpuQ8nLdt3DKcoLujK99c3yDbaAbe0EL+FCmZ4VPeXkGbruNr+sYT+Xr97fvaGJY5s1RWgIGek1/PGTzorDgc31NiMXE7vXw4r0xmWGEQQHNAcD7uv46Yfz+s5wGv98BrGes5xnk9Fudfzq2FF6xb7iWN9q+KNyvDVma3bP/ue10C7McTeOziwDUVERERERFAALCIiIiIibakoYm5iOiuGbOtkMNux2Izc5irlNaz2CUROsT6xrXCnK8doHGfa2eUcsgW7NmkndFSt69vqNtjtA9B03pvCsaCqM91VwvffY/xqrLXqWREZWBBa/ucAjnkTc0/MXA4rtzeHcleL3qagK6tg3e2kPQPl2NGpPHa4hNIuqzhtQ/Y29+dmG9nsYFpH63rTuvV5y2dvG9n+DpHv0UGg+Wc/q1M6Md74DN60HW8Jgn1DVn8CmmMKq/d7jq/1WsYdXuspyznkOUff+0jz8/tZnXKYFav9jD0p1bsNdHNLdD/T8jmviwP80srVP58PbEMREREREREUAIuIiIiIdBMxJOAOy5JSyS6Y4R10VFxrCS0q/otiBrcflp7cxLD0NSTkt652M6ouz1PuE3K11XY5ULEZuezwaqU6nMW2dsKddsbYVmvgi+WHYYjH3CuKmJs4g/JVfqqPb8U829hnm/sPdvsgxWbkcjp/Gh81BaXxg0mgg+pdr9bMxprB3tWaIxm78jAcXkO+3+rGANdivtm5x2cwO7splLtG6QH8VmR2lq1wDR+xg2meX1JIX8NHHGZF4e1aq3U4i/cv76Dl9jeofXB8Bm/atpHd5rXhT2Bz7Eiraz1oMUza3NbYvdtA2w7t6LjFeZAulgfQNl1ERERERMRNAbCIiIiISDeROBb3+qPDWWzbRoK75aoRTG1vDkOvflxCwth2grCTmxiWc57V+9uoTnOHhOf+4v3wbQ0oOhqj3/DwGuVnPdYyrihirjtA9ts+91bMMz6D2dntBYRGoJo9yx1GB7t9Z3idq+HkrEppJyQz1vttXtv0ZAkFTGNHG5WivuuiNjFa5nYQ6HXB3BMzl1OeV8TVk9tZMWRmq+rQznOvOe2nSvbQqhSfdsC3WNN58leZ6habMTPI0PVW6s/9KQFWgDcJYI4BCeBLBe0zPh8FOZtavb+Jmct5rKAEm7v9c7vraAfr5CamdWn7chERERER6e4UAIuIiIiIdBdJWaQdSHe3UPatnnW3Nj65ibHlM9ttO2o7tIPHVq1oJyzzE4J0IqCwbfQJUU5uYlqBR0Db3ms7GqOfwOhq0WpW0LJOsNG6eFs756Jr5ukr8YVtZBfMaN0G112N7Lt+c7Dbt+dq0aZWoautcA0febSrjc1YweqUHUxL9A25TrE+MZ0VLOeQu+LadsgjDPYSw6RZnuuiGm22m6vSkxY2t+RttQbqyU3N29303OO/RxolLM8736XVv03Bd5qfY8dmzPRuB3wbJL5gVKYub7OV93AW50+jICfIdt83q6KI9b7HO7mdFYeDD0g7nqO3QK71zmj+fPi2pI7/HmkpOyjeWEJBdtd92cC2caT7yy4e7ekripgbxPrBIiIiIiLy3RNypwcgIiIiIiJdxWhRuj5xJMOyt/m0Rb7Gnnnu8G5ze0GYUSX7UUE6w1b6PpfC6v1GG+bYjFwOsYCxiSPdz01jR5Dr5w5IOO/x+qb9Hw8gOAlsjIkvHGfHxpGMTVzjfmo5hzzaPF8sPwwFhxlW0PoI2flGZXFXzLM1I5xP8xxb89iP82ar+Qe7PXB4jc+2xpxyOM+K9JGs8HpiG6e9rokYJm0+zpiiBT7vj4+KIt4qgOz8Nq6npFSymcFbRVm8mdH66diMXE6PLmJu+kiGeT0zjR22pnCwE3P3ElK8pDoAAARiSURBVMOkWYNZkTeYNV1W/dtUBb2tjevAaAc8La+InObr7bD/8970GS2Y4XMdtlzHgTG+rDB25Wr2jM5lkr9NkhZy2pbFnnl+PjfZ2zgd4JcIglW+0vd409hhy+3EZ8jfHP2cV/fnnICudfx+Vh5btd9/VwCg6csNK3JmsH6sZwcCY+3rFSt3kJ2/sM1ZFOSMxPuW431PafV89jZO27rwywsiIiIiIvKdYKqurnbd6UGIiIiIiEjXulq0wFiH1UNTqCnSeadYnzjDHVAFG1J+mxhfmCge114QKCIiIiIiInLzGhsbu3yfqgAWEREREemGYjNyOe2n6lLk5hgVuYvv9DBEREREREREpE1aA1hEREREREREREREREREpJtQACwiIiIiIiIiIiIiIiIi0k1oDWARERERERERERERERERkTvgVqwBrApgEREREREREREREREREZFuQgGwiIiIiIiIiIiIiIiIiEg3oQBYRERERERERERERERERKSbUAAsIiIiIiIiIiIiIiIiItJNKAAWEREREREREREREREREekmFACLiIiIiIiIiIiIiIiIiHQTCoBFRERERERERERERERERLoJBcAiIiIiIiIiIiIiIiIiIt2EAmARERERERERERERERERkW5CAbCIiIiIiIiIiIiIiIiISDehAFhEREREREREREREREREpJsIudMDEBEREREREfHkdDqpra0FICIiArNZ310WERERERGR75bs7OwOtykoKPD7uP5ftIiIiIiIiHyjmEwm/vjHP/Jv//ZvfPjhhzQ0NAT0OqfTye9+9zs2btzIvn37An6diIiIiIiIyDdNW+FuIM+bqqurXV09IBEREREREZGb9dlnn/HBBx8wcOBAJkyYgNVqbXNbh8PBwYMH+f3vf09ycjKjR49W5bCIiIiIiIh84zU2Nrb7vL9K4I7CYQXAIiIiIiIi8o1VXl7O+++/T1xcHBkZGURERLTaxm638/777/P555+TmprK8OHDMZlMd2C0IiIiIiIiIsHpKAAG7xC4o/AXFACLiIiIiIjIN9zly5d57733iIiI4B/+4R+Iiopqfq6yspJ3332XGzduMGHCBAYPHnwHRyoiIiIiIiISnEACYDBC4EDCX1AALCIiIiIiIt8CX375Je+++y5Op5PJkydz1113ceXKFd59913MZjMZGRnExcXd6WGKiIiIiIiIBCXQADgYCoBFRERERETkW6GqqoqioiJu3LjBX//1X3P8+HFiY2N56qmn6Nmz550enoiIiIiIiEjQFACLiIiIiIjId5rdbufAgQNcunSJe++9l7/7u78jLCzsTg9LREREREREpFMUAIuIiIiIiIiIiIiIiIiIdBO3IgA2d/keRURERERERERERERERETkjlAALCIiIiIiIiIiIiIiIiLSTSgAFhERERERERERERERERHpJhQAi4iIiIiIiIiIiIiIiIh0EwqARURERERERERERERERES6if8H4hcbMpRE/LoAAAAASUVORK5CYII=" height="600" width="800" />]]>
  </system-out>
</testsuite> <!-- testcases.MainBookstoreTest -->
